<?xml version="1.0" encoding="UTF-8"?>
<testsuite xmlns:xsi="http://www.w3.org/2001/XMLSchema-instance" xsi:noNamespaceSchemaLocation="https://maven.apache.org/surefire/maven-failsafe-plugin/xsd/failsafe-test-report-3.0.xsd" version="3.0" name="starter.CucumberTestSuite" time="129.721" tests="13" errors="1" skipped="0" failures="0">
  <properties>
    <property name="sun.desktop" value="windows"/>
    <property name="awt.toolkit" value="sun.awt.windows.WToolkit"/>
    <property name="java.specification.version" value="11"/>
    <property name="webdriver.chrome.driver" value="C:\Users\saral\.cache\selenium\chromedriver\win32\101.0.4951.41\chromedriver.exe"/>
    <property name="sun.cpu.isalist" value="amd64"/>
    <property name="sun.jnu.encoding" value="Cp1252"/>
    <property name="java.class.path" value="D:\Intern\MSIB Alterra\alterra-mini-project\serenity-web-ui-test\target\test-classes;C:\Users\saral\.m2\repository\net\serenity-bdd\serenity-core\3.2.1\serenity-core-3.2.1.jar;C:\Users\saral\.m2\repository\net\serenity-bdd\serenity-model\3.2.1\serenity-model-3.2.1.jar;C:\Users\saral\.m2\repository\org\apache\commons\commons-text\1.9\commons-text-1.9.jar;C:\Users\saral\.m2\repository\commons-net\commons-net\3.8.0\commons-net-3.8.0.jar;C:\Users\saral\.m2\repository\com\google\guava\guava\31.1-jre\guava-31.1-jre.jar;C:\Users\saral\.m2\repository\com\google\guava\failureaccess\1.0.1\failureaccess-1.0.1.jar;C:\Users\saral\.m2\repository\com\google\guava\listenablefuture\9999.0-empty-to-avoid-conflict-with-guava\listenablefuture-9999.0-empty-to-avoid-conflict-with-guava.jar;C:\Users\saral\.m2\repository\com\google\code\findbugs\jsr305\3.0.2\jsr305-3.0.2.jar;C:\Users\saral\.m2\repository\org\checkerframework\checker-qual\3.12.0\checker-qual-3.12.0.jar;C:\Users\saral\.m2\repository\com\google\errorprone\error_prone_annotations\2.11.0\error_prone_annotations-2.11.0.jar;C:\Users\saral\.m2\repository\com\google\j2objc\j2objc-annotations\1.3\j2objc-annotations-1.3.jar;C:\Users\saral\.m2\repository\com\google\inject\guice\5.1.0\guice-5.1.0.jar;C:\Users\saral\.m2\repository\javax\inject\javax.inject\1\javax.inject-1.jar;C:\Users\saral\.m2\repository\aopalliance\aopalliance\1.0\aopalliance-1.0.jar;C:\Users\saral\.m2\repository\org\jsoup\jsoup\1.14.3\jsoup-1.14.3.jar;C:\Users\saral\.m2\repository\com\thoughtworks\xstream\xstream\1.4.19\xstream-1.4.19.jar;C:\Users\saral\.m2\repository\io\github\x-stream\mxparser\1.2.2\mxparser-1.2.2.jar;C:\Users\saral\.m2\repository\xmlpull\xmlpull\1.1.3.1\xmlpull-1.1.3.1.jar;C:\Users\saral\.m2\repository\io\cucumber\cucumber-java\7.2.3\cucumber-java-7.2.3.jar;C:\Users\saral\.m2\repository\com\typesafe\config\1.4.2\config-1.4.2.jar;C:\Users\saral\.m2\repository\org\imgscalr\imgscalr-lib\4.2\imgscalr-lib-4.2.jar;C:\Users\saral\.m2\repository\org\awaitility\awaitility\4.2.0\awaitility-4.2.0.jar;C:\Users\saral\.m2\repository\org\freemarker\freemarker\2.3.31\freemarker-2.3.31.jar;C:\Users\saral\.m2\repository\io\github\classgraph\classgraph\4.8.138\classgraph-4.8.138.jar;C:\Users\saral\.m2\repository\net\sourceforge\jexcelapi\jxl\2.6.12\jxl-2.6.12.jar;C:\Users\saral\.m2\repository\net\bytebuddy\byte-buddy\1.12.8\byte-buddy-1.12.8.jar;C:\Users\saral\.m2\repository\net\bytebuddy\byte-buddy-agent\1.12.8\byte-buddy-agent-1.12.8.jar;C:\Users\saral\.m2\repository\org\objenesis\objenesis\3.1\objenesis-3.1.jar;C:\Users\saral\.m2\repository\net\serenity-bdd\serenity-reports\3.2.1\serenity-reports-3.2.1.jar;C:\Users\saral\.m2\repository\net\serenity-bdd\serenity-stats\3.2.1\serenity-stats-3.2.1.jar;C:\Users\saral\.m2\repository\net\serenity-bdd\serenity-reports-configuration\3.2.1\serenity-reports-configuration-3.2.1.jar;C:\Users\saral\.m2\repository\com\vladsch\flexmark\flexmark-all\0.34.30\flexmark-all-0.34.30.jar;C:\Users\saral\.m2\repository\com\vladsch\flexmark\flexmark\0.34.30\flexmark-0.34.30.jar;C:\Users\saral\.m2\repository\com\vladsch\flexmark\flexmark-ext-abbreviation\0.34.30\flexmark-ext-abbreviation-0.34.30.jar;C:\Users\saral\.m2\repository\com\vladsch\flexmark\flexmark-ext-admonition\0.34.30\flexmark-ext-admonition-0.34.30.jar;C:\Users\saral\.m2\repository\com\vladsch\flexmark\flexmark-ext-anchorlink\0.34.30\flexmark-ext-anchorlink-0.34.30.jar;C:\Users\saral\.m2\repository\com\vladsch\flexmark\flexmark-ext-aside\0.34.30\flexmark-ext-aside-0.34.30.jar;C:\Users\saral\.m2\repository\com\vladsch\flexmark\flexmark-ext-attributes\0.34.30\flexmark-ext-attributes-0.34.30.jar;C:\Users\saral\.m2\repository\com\vladsch\flexmark\flexmark-ext-autolink\0.34.30\flexmark-ext-autolink-0.34.30.jar;C:\Users\saral\.m2\repository\org\nibor\autolink\autolink\0.6.0\autolink-0.6.0.jar;C:\Users\saral\.m2\repository\com\vladsch\flexmark\flexmark-ext-definition\0.34.30\flexmark-ext-definition-0.34.30.jar;C:\Users\saral\.m2\repository\com\vladsch\flexmark\flexmark-ext-emoji\0.34.30\flexmark-ext-emoji-0.34.30.jar;C:\Users\saral\.m2\repository\com\vladsch\flexmark\flexmark-ext-enumerated-reference\0.34.30\flexmark-ext-enumerated-reference-0.34.30.jar;C:\Users\saral\.m2\repository\com\vladsch\flexmark\flexmark-ext-escaped-character\0.34.30\flexmark-ext-escaped-character-0.34.30.jar;C:\Users\saral\.m2\repository\com\vladsch\flexmark\flexmark-ext-footnotes\0.34.30\flexmark-ext-footnotes-0.34.30.jar;C:\Users\saral\.m2\repository\com\vladsch\flexmark\flexmark-ext-gfm-issues\0.34.30\flexmark-ext-gfm-issues-0.34.30.jar;C:\Users\saral\.m2\repository\com\vladsch\flexmark\flexmark-ext-gfm-strikethrough\0.34.30\flexmark-ext-gfm-strikethrough-0.34.30.jar;C:\Users\saral\.m2\repository\com\vladsch\flexmark\flexmark-ext-gfm-tables\0.34.30\flexmark-ext-gfm-tables-0.34.30.jar;C:\Users\saral\.m2\repository\com\vladsch\flexmark\flexmark-ext-gfm-tasklist\0.34.30\flexmark-ext-gfm-tasklist-0.34.30.jar;C:\Users\saral\.m2\repository\com\vladsch\flexmark\flexmark-ext-gfm-users\0.34.30\flexmark-ext-gfm-users-0.34.30.jar;C:\Users\saral\.m2\repository\com\vladsch\flexmark\flexmark-ext-gitlab\0.34.30\flexmark-ext-gitlab-0.34.30.jar;C:\Users\saral\.m2\repository\com\vladsch\flexmark\flexmark-ext-jekyll-front-matter\0.34.30\flexmark-ext-jekyll-front-matter-0.34.30.jar;C:\Users\saral\.m2\repository\com\vladsch\flexmark\flexmark-ext-jekyll-tag\0.34.30\flexmark-ext-jekyll-tag-0.34.30.jar;C:\Users\saral\.m2\repository\com\vladsch\flexmark\flexmark-ext-media-tags\0.34.30\flexmark-ext-media-tags-0.34.30.jar;C:\Users\saral\.m2\repository\com\vladsch\flexmark\flexmark-test-util\0.34.30\flexmark-test-util-0.34.30.jar;C:\Users\saral\.m2\repository\com\vladsch\flexmark\flexmark-ext-ins\0.34.30\flexmark-ext-ins-0.34.30.jar;C:\Users\saral\.m2\repository\com\vladsch\flexmark\flexmark-ext-xwiki-macros\0.34.30\flexmark-ext-xwiki-macros-0.34.30.jar;C:\Users\saral\.m2\repository\com\vladsch\flexmark\flexmark-ext-superscript\0.34.30\flexmark-ext-superscript-0.34.30.jar;C:\Users\saral\.m2\repository\com\vladsch\flexmark\flexmark-ext-tables\0.34.30\flexmark-ext-tables-0.34.30.jar;C:\Users\saral\.m2\repository\com\vladsch\flexmark\flexmark-ext-toc\0.34.30\flexmark-ext-toc-0.34.30.jar;C:\Users\saral\.m2\repository\com\vladsch\flexmark\flexmark-ext-typographic\0.34.30\flexmark-ext-typographic-0.34.30.jar;C:\Users\saral\.m2\repository\com\vladsch\flexmark\flexmark-ext-wikilink\0.34.30\flexmark-ext-wikilink-0.34.30.jar;C:\Users\saral\.m2\repository\com\vladsch\flexmark\flexmark-ext-yaml-front-matter\0.34.30\flexmark-ext-yaml-front-matter-0.34.30.jar;C:\Users\saral\.m2\repository\com\vladsch\flexmark\flexmark-ext-youtube-embedded\0.34.30\flexmark-ext-youtube-embedded-0.34.30.jar;C:\Users\saral\.m2\repository\com\vladsch\flexmark\flexmark-formatter\0.34.30\flexmark-formatter-0.34.30.jar;C:\Users\saral\.m2\repository\com\vladsch\flexmark\flexmark-html-parser\0.34.30\flexmark-html-parser-0.34.30.jar;C:\Users\saral\.m2\repository\com\vladsch\flexmark\flexmark-jira-converter\0.34.30\flexmark-jira-converter-0.34.30.jar;C:\Users\saral\.m2\repository\com\vladsch\flexmark\flexmark-pdf-converter\0.34.30\flexmark-pdf-converter-0.34.30.jar;C:\Users\saral\.m2\repository\com\openhtmltopdf\openhtmltopdf-core\0.0.1-RC13\openhtmltopdf-core-0.0.1-RC13.jar;C:\Users\saral\.m2\repository\com\openhtmltopdf\openhtmltopdf-pdfbox\0.0.1-RC13\openhtmltopdf-pdfbox-0.0.1-RC13.jar;C:\Users\saral\.m2\repository\org\apache\pdfbox\pdfbox\2.0.8\pdfbox-2.0.8.jar;C:\Users\saral\.m2\repository\org\apache\pdfbox\fontbox\2.0.8\fontbox-2.0.8.jar;C:\Users\saral\.m2\repository\commons-logging\commons-logging\1.2\commons-logging-1.2.jar;C:\Users\saral\.m2\repository\org\apache\pdfbox\xmpbox\2.0.8\xmpbox-2.0.8.jar;C:\Users\saral\.m2\repository\de\rototor\pdfbox\graphics2d\0.12\graphics2d-0.12.jar;C:\Users\saral\.m2\repository\com\openhtmltopdf\openhtmltopdf-rtl-support\0.0.1-RC13\openhtmltopdf-rtl-support-0.0.1-RC13.jar;C:\Users\saral\.m2\repository\com\ibm\icu\icu4j\59.1\icu4j-59.1.jar;C:\Users\saral\.m2\repository\com\openhtmltopdf\openhtmltopdf-jsoup-dom-converter\0.0.1-RC13\openhtmltopdf-jsoup-dom-converter-0.0.1-RC13.jar;C:\Users\saral\.m2\repository\com\vladsch\flexmark\flexmark-profile-pegdown\0.34.30\flexmark-profile-pegdown-0.34.30.jar;C:\Users\saral\.m2\repository\com\vladsch\flexmark\flexmark-util\0.34.30\flexmark-util-0.34.30.jar;C:\Users\saral\.m2\repository\com\vladsch\flexmark\flexmark-youtrack-converter\0.34.30\flexmark-youtrack-converter-0.34.30.jar;C:\Users\saral\.m2\repository\es\nitaur\markdown\txtmark\0.16\txtmark-0.16.jar;C:\Users\saral\.m2\repository\net\serenity-bdd\serenity-report-resources\3.2.1\serenity-report-resources-3.2.1.jar;C:\Users\saral\.m2\repository\com\google\code\gson\gson\2.9.0\gson-2.9.0.jar;C:\Users\saral\.m2\repository\com\fasterxml\jackson\core\jackson-core\2.13.2\jackson-core-2.13.2.jar;C:\Users\saral\.m2\repository\com\fasterxml\jackson\core\jackson-databind\2.13.2\jackson-databind-2.13.2.jar;C:\Users\saral\.m2\repository\com\fasterxml\jackson\core\jackson-annotations\2.13.2\jackson-annotations-2.13.2.jar;C:\Users\saral\.m2\repository\commons-codec\commons-codec\1.15\commons-codec-1.15.jar;C:\Users\saral\.m2\repository\commons-io\commons-io\2.11.0\commons-io-2.11.0.jar;C:\Users\saral\.m2\repository\org\seleniumhq\selenium\selenium-java\4.1.2\selenium-java-4.1.2.jar;C:\Users\saral\.m2\repository\org\seleniumhq\selenium\selenium-devtools-v85\4.1.2\selenium-devtools-v85-4.1.2.jar;C:\Users\saral\.m2\repository\org\seleniumhq\selenium\selenium-devtools-v95\4.1.2\selenium-devtools-v95-4.1.2.jar;C:\Users\saral\.m2\repository\org\seleniumhq\selenium\selenium-devtools-v96\4.1.2\selenium-devtools-v96-4.1.2.jar;C:\Users\saral\.m2\repository\org\seleniumhq\selenium\selenium-devtools-v97\4.1.2\selenium-devtools-v97-4.1.2.jar;C:\Users\saral\.m2\repository\org\seleniumhq\selenium\selenium-firefox-xpi-driver\4.1.2\selenium-firefox-xpi-driver-4.1.2.jar;C:\Users\saral\.m2\repository\org\seleniumhq\selenium\selenium-opera-driver\4.1.2\selenium-opera-driver-4.1.2.jar;C:\Users\saral\.m2\repository\org\seleniumhq\selenium\selenium-remote-driver\4.1.2\selenium-remote-driver-4.1.2.jar;C:\Users\saral\.m2\repository\com\beust\jcommander\1.82\jcommander-1.82.jar;C:\Users\saral\.m2\repository\io\netty\netty-buffer\4.1.73.Final\netty-buffer-4.1.73.Final.jar;C:\Users\saral\.m2\repository\io\netty\netty-codec-http\4.1.73.Final\netty-codec-http-4.1.73.Final.jar;C:\Users\saral\.m2\repository\io\netty\netty-codec\4.1.73.Final\netty-codec-4.1.73.Final.jar;C:\Users\saral\.m2\repository\io\netty\netty-handler\4.1.73.Final\netty-handler-4.1.73.Final.jar;C:\Users\saral\.m2\repository\io\netty\netty-tcnative-classes\2.0.46.Final\netty-tcnative-classes-2.0.46.Final.jar;C:\Users\saral\.m2\repository\io\netty\netty-common\4.1.73.Final\netty-common-4.1.73.Final.jar;C:\Users\saral\.m2\repository\io\netty\netty-transport-classes-epoll\4.1.73.Final\netty-transport-classes-epoll-4.1.73.Final.jar;C:\Users\saral\.m2\repository\io\netty\netty-transport-classes-kqueue\4.1.73.Final\netty-transport-classes-kqueue-4.1.73.Final.jar;C:\Users\saral\.m2\repository\io\netty\netty-transport-native-epoll\4.1.73.Final\netty-transport-native-epoll-4.1.73.Final.jar;C:\Users\saral\.m2\repository\io\netty\netty-transport-native-kqueue\4.1.73.Final\netty-transport-native-kqueue-4.1.73.Final.jar;C:\Users\saral\.m2\repository\io\netty\netty-transport-native-unix-common\4.1.73.Final\netty-transport-native-unix-common-4.1.73.Final.jar;C:\Users\saral\.m2\repository\io\netty\netty-transport\4.1.73.Final\netty-transport-4.1.73.Final.jar;C:\Users\saral\.m2\repository\io\netty\netty-resolver\4.1.73.Final\netty-resolver-4.1.73.Final.jar;C:\Users\saral\.m2\repository\io\opentelemetry\opentelemetry-api\1.10.1\opentelemetry-api-1.10.1.jar;C:\Users\saral\.m2\repository\io\opentelemetry\opentelemetry-context\1.10.1\opentelemetry-context-1.10.1.jar;C:\Users\saral\.m2\repository\io\opentelemetry\opentelemetry-exporter-logging\1.10.1\opentelemetry-exporter-logging-1.10.1.jar;C:\Users\saral\.m2\repository\io\opentelemetry\opentelemetry-sdk-metrics\1.10.1-alpha\opentelemetry-sdk-metrics-1.10.1-alpha.jar;C:\Users\saral\.m2\repository\io\opentelemetry\opentelemetry-sdk-logs\1.10.1-alpha\opentelemetry-sdk-logs-1.10.1-alpha.jar;C:\Users\saral\.m2\repository\io\opentelemetry\opentelemetry-sdk-common\1.10.1\opentelemetry-sdk-common-1.10.1.jar;C:\Users\saral\.m2\repository\io\opentelemetry\opentelemetry-sdk-extension-autoconfigure-spi\1.10.1\opentelemetry-sdk-extension-autoconfigure-spi-1.10.1.jar;C:\Users\saral\.m2\repository\io\opentelemetry\opentelemetry-sdk-extension-autoconfigure\1.10.1-alpha\opentelemetry-sdk-extension-autoconfigure-1.10.1-alpha.jar;C:\Users\saral\.m2\repository\io\opentelemetry\opentelemetry-sdk-trace\1.10.1\opentelemetry-sdk-trace-1.10.1.jar;C:\Users\saral\.m2\repository\io\opentelemetry\opentelemetry-sdk\1.10.1\opentelemetry-sdk-1.10.1.jar;C:\Users\saral\.m2\repository\io\opentelemetry\opentelemetry-semconv\1.10.1-alpha\opentelemetry-semconv-1.10.1-alpha.jar;C:\Users\saral\.m2\repository\io\ous\jtoml\2.0.0\jtoml-2.0.0.jar;C:\Users\saral\.m2\repository\org\apache\commons\commons-exec\1.3\commons-exec-1.3.jar;C:\Users\saral\.m2\repository\org\asynchttpclient\async-http-client\2.12.3\async-http-client-2.12.3.jar;C:\Users\saral\.m2\repository\org\asynchttpclient\async-http-client-netty-utils\2.12.3\async-http-client-netty-utils-2.12.3.jar;C:\Users\saral\.m2\repository\io\netty\netty-codec-socks\4.1.60.Final\netty-codec-socks-4.1.60.Final.jar;C:\Users\saral\.m2\repository\io\netty\netty-handler-proxy\4.1.60.Final\netty-handler-proxy-4.1.60.Final.jar;C:\Users\saral\.m2\repository\io\netty\netty-transport-native-epoll\4.1.60.Final\netty-transport-native-epoll-4.1.60.Final-linux-x86_64.jar;C:\Users\saral\.m2\repository\io\netty\netty-transport-native-kqueue\4.1.60.Final\netty-transport-native-kqueue-4.1.60.Final-osx-x86_64.jar;C:\Users\saral\.m2\repository\org\reactivestreams\reactive-streams\1.0.3\reactive-streams-1.0.3.jar;C:\Users\saral\.m2\repository\com\typesafe\netty\netty-reactive-streams\2.0.4\netty-reactive-streams-2.0.4.jar;C:\Users\saral\.m2\repository\org\seleniumhq\selenium\selenium-http\4.1.2\selenium-http-4.1.2.jar;C:\Users\saral\.m2\repository\net\jodah\failsafe\2.4.4\failsafe-2.4.4.jar;C:\Users\saral\.m2\repository\org\seleniumhq\selenium\selenium-safari-driver\4.1.2\selenium-safari-driver-4.1.2.jar;C:\Users\saral\.m2\repository\org\seleniumhq\selenium\selenium-api\4.1.2\selenium-api-4.1.2.jar;C:\Users\saral\.m2\repository\org\seleniumhq\selenium\selenium-support\4.1.2\selenium-support-4.1.2.jar;C:\Users\saral\.m2\repository\com\google\auto\service\auto-service-annotations\1.0.1\auto-service-annotations-1.0.1.jar;C:\Users\saral\.m2\repository\com\google\auto\service\auto-service\1.0.1\auto-service-1.0.1.jar;C:\Users\saral\.m2\repository\com\google\auto\auto-common\1.2\auto-common-1.2.jar;C:\Users\saral\.m2\repository\org\seleniumhq\selenium\selenium-json\4.1.2\selenium-json-4.1.2.jar;C:\Users\saral\.m2\repository\org\seleniumhq\selenium\selenium-chrome-driver\4.1.2\selenium-chrome-driver-4.1.2.jar;C:\Users\saral\.m2\repository\org\seleniumhq\selenium\selenium-chromium-driver\4.1.2\selenium-chromium-driver-4.1.2.jar;C:\Users\saral\.m2\repository\org\seleniumhq\selenium\selenium-firefox-driver\4.1.2\selenium-firefox-driver-4.1.2.jar;C:\Users\saral\.m2\repository\org\seleniumhq\selenium\selenium-edge-driver\4.1.2\selenium-edge-driver-4.1.2.jar;C:\Users\saral\.m2\repository\org\seleniumhq\selenium\selenium-ie-driver\4.1.2\selenium-ie-driver-4.1.2.jar;C:\Users\saral\.m2\repository\org\projectlombok\lombok\1.18.20\lombok-1.18.20.jar;C:\Users\saral\.m2\repository\io\appium\java-client\8.0.0\java-client-8.0.0.jar;C:\Users\saral\.m2\repository\commons-validator\commons-validator\1.7\commons-validator-1.7.jar;C:\Users\saral\.m2\repository\commons-digester\commons-digester\2.1\commons-digester-2.1.jar;C:\Users\saral\.m2\repository\org\aspectj\aspectjweaver\1.9.8\aspectjweaver-1.9.8.jar;C:\Users\saral\.m2\repository\org\codehaus\groovy\groovy\3.0.10\groovy-3.0.10.jar;C:\Users\saral\.m2\repository\net\sf\opencsv\opencsv\2.0\opencsv-2.0.jar;C:\Users\saral\.m2\repository\commons-beanutils\commons-beanutils\1.9.4\commons-beanutils-1.9.4.jar;C:\Users\saral\.m2\repository\org\apache\commons\commons-lang3\3.12.0\commons-lang3-3.12.0.jar;C:\Users\saral\.m2\repository\commons-collections\commons-collections\3.2.2\commons-collections-3.2.2.jar;C:\Users\saral\.m2\repository\org\fluentlenium\fluentlenium-core\0.10.2\fluentlenium-core-0.10.2.jar;C:\Users\saral\.m2\repository\io\github\bonigarcia\webdrivermanager\5.1.0\webdrivermanager-5.1.0.jar;C:\Users\saral\.m2\repository\com\github\docker-java\docker-java\3.2.13\docker-java-3.2.13.jar;C:\Users\saral\.m2\repository\com\github\docker-java\docker-java-core\3.2.13\docker-java-core-3.2.13.jar;C:\Users\saral\.m2\repository\com\github\docker-java\docker-java-api\3.2.13\docker-java-api-3.2.13.jar;C:\Users\saral\.m2\repository\org\apache\commons\commons-compress\1.21\commons-compress-1.21.jar;C:\Users\saral\.m2\repository\org\bouncycastle\bcpkix-jdk15on\1.64\bcpkix-jdk15on-1.64.jar;C:\Users\saral\.m2\repository\org\bouncycastle\bcprov-jdk15on\1.64\bcprov-jdk15on-1.64.jar;C:\Users\saral\.m2\repository\org\slf4j\jcl-over-slf4j\1.7.30\jcl-over-slf4j-1.7.30.jar;C:\Users\saral\.m2\repository\com\github\docker-java\docker-java-transport-httpclient5\3.2.13\docker-java-transport-httpclient5-3.2.13.jar;C:\Users\saral\.m2\repository\com\github\docker-java\docker-java-transport\3.2.13\docker-java-transport-3.2.13.jar;C:\Users\saral\.m2\repository\org\apache\httpcomponents\client5\httpclient5\5.0.3\httpclient5-5.0.3.jar;C:\Users\saral\.m2\repository\org\apache\httpcomponents\core5\httpcore5\5.0.2\httpcore5-5.0.2.jar;C:\Users\saral\.m2\repository\net\java\dev\jna\jna\5.8.0\jna-5.8.0.jar;C:\Users\saral\.m2\repository\org\brotli\dec\0.1.2\dec-0.1.2.jar;C:\Users\saral\.m2\repository\com\jhlabs\filters\2.0.235\filters-2.0.235.jar;C:\Users\saral\.m2\repository\com\paulhammant\ngwebdriver\1.1.6\ngwebdriver-1.1.6.jar;C:\Users\saral\.m2\repository\joda-time\joda-time\2.8.2\joda-time-2.8.2.jar;C:\Users\saral\.m2\repository\org\hamcrest\hamcrest\2.2\hamcrest-2.2.jar;C:\Users\saral\.m2\repository\com\google\jimfs\jimfs\1.2\jimfs-1.2.jar;C:\Users\saral\.m2\repository\org\mockito\mockito-core\3.3.3\mockito-core-3.3.3.jar;C:\Users\saral\.m2\repository\javax\xml\bind\jaxb-api\2.3.1\jaxb-api-2.3.1.jar;C:\Users\saral\.m2\repository\javax\activation\javax.activation-api\1.2.0\javax.activation-api-1.2.0.jar;C:\Users\saral\.m2\repository\com\sun\xml\bind\jaxb-core\2.3.0.1\jaxb-core-2.3.0.1.jar;C:\Users\saral\.m2\repository\com\sun\xml\bind\jaxb-impl\2.3.3\jaxb-impl-2.3.3.jar;C:\Users\saral\.m2\repository\jakarta\xml\bind\jakarta.xml.bind-api\2.3.3\jakarta.xml.bind-api-2.3.3.jar;C:\Users\saral\.m2\repository\com\sun\activation\jakarta.activation\1.2.2\jakarta.activation-1.2.2.jar;C:\Users\saral\.m2\repository\javax\activation\activation\1.1.1\activation-1.1.1.jar;C:\Users\saral\.m2\repository\net\serenity-bdd\serenity-cucumber\3.2.1\serenity-cucumber-3.2.1.jar;C:\Users\saral\.m2\repository\io\cucumber\cucumber-core\7.2.3\cucumber-core-7.2.3.jar;C:\Users\saral\.m2\repository\io\cucumber\cucumber-gherkin\7.2.3\cucumber-gherkin-7.2.3.jar;C:\Users\saral\.m2\repository\io\cucumber\cucumber-gherkin-messages\7.2.3\cucumber-gherkin-messages-7.2.3.jar;C:\Users\saral\.m2\repository\io\cucumber\messages\17.1.1\messages-17.1.1.jar;C:\Users\saral\.m2\repository\io\cucumber\tag-expressions\4.1.0\tag-expressions-4.1.0.jar;C:\Users\saral\.m2\repository\io\cucumber\cucumber-expressions\15.0.1\cucumber-expressions-15.0.1.jar;C:\Users\saral\.m2\repository\io\cucumber\datatable\7.2.3\datatable-7.2.3.jar;C:\Users\saral\.m2\repository\io\cucumber\cucumber-plugin\7.2.3\cucumber-plugin-7.2.3.jar;C:\Users\saral\.m2\repository\io\cucumber\docstring\7.2.3\docstring-7.2.3.jar;C:\Users\saral\.m2\repository\io\cucumber\html-formatter\17.0.0\html-formatter-17.0.0.jar;C:\Users\saral\.m2\repository\io\cucumber\ci-environment\8.1.0\ci-environment-8.1.0.jar;C:\Users\saral\.m2\repository\io\cucumber\cucumber-junit\7.2.3\cucumber-junit-7.2.3.jar;C:\Users\saral\.m2\repository\org\apache\commons\commons-csv\1.5\commons-csv-1.5.jar;C:\Users\saral\.m2\repository\net\serenity-bdd\serenity-screenplay\3.2.1\serenity-screenplay-3.2.1.jar;C:\Users\saral\.m2\repository\net\serenity-bdd\serenity-screenplay-webdriver\3.2.1\serenity-screenplay-webdriver-3.2.1.jar;C:\Users\saral\.m2\repository\net\serenity-bdd\serenity-ensure\3.2.1\serenity-ensure-3.2.1.jar;C:\Users\saral\.m2\repository\net\serenity-bdd\serenity-junit\3.2.1\serenity-junit-3.2.1.jar;C:\Users\saral\.m2\repository\org\jetbrains\kotlin\kotlin-stdlib\1.6.0\kotlin-stdlib-1.6.0.jar;C:\Users\saral\.m2\repository\org\jetbrains\annotations\13.0\annotations-13.0.jar;C:\Users\saral\.m2\repository\org\jetbrains\kotlin\kotlin-stdlib-common\1.6.0\kotlin-stdlib-common-1.6.0.jar;C:\Users\saral\.m2\repository\org\junit\platform\junit-platform-launcher\1.8.1\junit-platform-launcher-1.8.1.jar;C:\Users\saral\.m2\repository\org\junit\platform\junit-platform-engine\1.8.1\junit-platform-engine-1.8.1.jar;C:\Users\saral\.m2\repository\org\opentest4j\opentest4j\1.2.0\opentest4j-1.2.0.jar;C:\Users\saral\.m2\repository\org\junit\platform\junit-platform-commons\1.8.1\junit-platform-commons-1.8.1.jar;C:\Users\saral\.m2\repository\org\apiguardian\apiguardian-api\1.1.2\apiguardian-api-1.1.2.jar;C:\Users\saral\.m2\repository\org\junit\jupiter\junit-jupiter-engine\5.8.2\junit-jupiter-engine-5.8.2.jar;C:\Users\saral\.m2\repository\org\junit\jupiter\junit-jupiter-api\5.8.2\junit-jupiter-api-5.8.2.jar;C:\Users\saral\.m2\repository\org\junit\vintage\junit-vintage-engine\5.8.2\junit-vintage-engine-5.8.2.jar;C:\Users\saral\.m2\repository\junit\junit\4.13.2\junit-4.13.2.jar;C:\Users\saral\.m2\repository\org\hamcrest\hamcrest-core\1.3\hamcrest-core-1.3.jar;C:\Users\saral\.m2\repository\ch\qos\logback\logback-classic\1.2.10\logback-classic-1.2.10.jar;C:\Users\saral\.m2\repository\ch\qos\logback\logback-core\1.2.10\logback-core-1.2.10.jar;C:\Users\saral\.m2\repository\org\slf4j\slf4j-api\1.7.32\slf4j-api-1.7.32.jar;C:\Users\saral\.m2\repository\org\assertj\assertj-core\3.6.2\assertj-core-3.6.2.jar;C:\Users\saral\.m2\repository\com\github\javafaker\javafaker\1.0.2\javafaker-1.0.2.jar;C:\Users\saral\.m2\repository\org\yaml\snakeyaml\1.23\snakeyaml-1.23-android.jar;C:\Users\saral\.m2\repository\com\github\mifmif\generex\1.0.2\generex-1.0.2.jar;C:\Users\saral\.m2\repository\dk\brics\automaton\automaton\1.11-8\automaton-1.11-8.jar;"/>
    <property name="java.vm.vendor" value="Oracle Corporation"/>
    <property name="sun.arch.data.model" value="64"/>
    <property name="user.variant" value=""/>
    <property name="java.vendor.url" value="https://openjdk.java.net/"/>
    <property name="user.timezone" value="Asia/Bangkok"/>
    <property name="log4j2.formatMsgNoLookups" value="true"/>
    <property name="java.vm.specification.version" value="11"/>
    <property name="os.name" value="Windows 10"/>
    <property name="sun.java.launcher" value="SUN_STANDARD"/>
    <property name="user.country" value="ID"/>
    <property name="sun.boot.library.path" value="C:\Program Files\Java\jdk-11.0.13\bin"/>
    <property name="sun.java.command" value="org.apache.maven.surefire.booter.ForkedBooter C:\Users\saral\AppData\Local\Temp\surefire14195080235743972324 2022-05-18T19-00-30_148-jvmRun1 surefire3716371439822208547tmp surefire_015626559763483564849tmp"/>
    <property name="jdk.debug" value="release"/>
    <property name="surefire.test.class.path" value="D:\Intern\MSIB Alterra\alterra-mini-project\serenity-web-ui-test\target\test-classes;C:\Users\saral\.m2\repository\net\serenity-bdd\serenity-core\3.2.1\serenity-core-3.2.1.jar;C:\Users\saral\.m2\repository\net\serenity-bdd\serenity-model\3.2.1\serenity-model-3.2.1.jar;C:\Users\saral\.m2\repository\org\apache\commons\commons-text\1.9\commons-text-1.9.jar;C:\Users\saral\.m2\repository\commons-net\commons-net\3.8.0\commons-net-3.8.0.jar;C:\Users\saral\.m2\repository\com\google\guava\guava\31.1-jre\guava-31.1-jre.jar;C:\Users\saral\.m2\repository\com\google\guava\failureaccess\1.0.1\failureaccess-1.0.1.jar;C:\Users\saral\.m2\repository\com\google\guava\listenablefuture\9999.0-empty-to-avoid-conflict-with-guava\listenablefuture-9999.0-empty-to-avoid-conflict-with-guava.jar;C:\Users\saral\.m2\repository\com\google\code\findbugs\jsr305\3.0.2\jsr305-3.0.2.jar;C:\Users\saral\.m2\repository\org\checkerframework\checker-qual\3.12.0\checker-qual-3.12.0.jar;C:\Users\saral\.m2\repository\com\google\errorprone\error_prone_annotations\2.11.0\error_prone_annotations-2.11.0.jar;C:\Users\saral\.m2\repository\com\google\j2objc\j2objc-annotations\1.3\j2objc-annotations-1.3.jar;C:\Users\saral\.m2\repository\com\google\inject\guice\5.1.0\guice-5.1.0.jar;C:\Users\saral\.m2\repository\javax\inject\javax.inject\1\javax.inject-1.jar;C:\Users\saral\.m2\repository\aopalliance\aopalliance\1.0\aopalliance-1.0.jar;C:\Users\saral\.m2\repository\org\jsoup\jsoup\1.14.3\jsoup-1.14.3.jar;C:\Users\saral\.m2\repository\com\thoughtworks\xstream\xstream\1.4.19\xstream-1.4.19.jar;C:\Users\saral\.m2\repository\io\github\x-stream\mxparser\1.2.2\mxparser-1.2.2.jar;C:\Users\saral\.m2\repository\xmlpull\xmlpull\1.1.3.1\xmlpull-1.1.3.1.jar;C:\Users\saral\.m2\repository\io\cucumber\cucumber-java\7.2.3\cucumber-java-7.2.3.jar;C:\Users\saral\.m2\repository\com\typesafe\config\1.4.2\config-1.4.2.jar;C:\Users\saral\.m2\repository\org\imgscalr\imgscalr-lib\4.2\imgscalr-lib-4.2.jar;C:\Users\saral\.m2\repository\org\awaitility\awaitility\4.2.0\awaitility-4.2.0.jar;C:\Users\saral\.m2\repository\org\freemarker\freemarker\2.3.31\freemarker-2.3.31.jar;C:\Users\saral\.m2\repository\io\github\classgraph\classgraph\4.8.138\classgraph-4.8.138.jar;C:\Users\saral\.m2\repository\net\sourceforge\jexcelapi\jxl\2.6.12\jxl-2.6.12.jar;C:\Users\saral\.m2\repository\net\bytebuddy\byte-buddy\1.12.8\byte-buddy-1.12.8.jar;C:\Users\saral\.m2\repository\net\bytebuddy\byte-buddy-agent\1.12.8\byte-buddy-agent-1.12.8.jar;C:\Users\saral\.m2\repository\org\objenesis\objenesis\3.1\objenesis-3.1.jar;C:\Users\saral\.m2\repository\net\serenity-bdd\serenity-reports\3.2.1\serenity-reports-3.2.1.jar;C:\Users\saral\.m2\repository\net\serenity-bdd\serenity-stats\3.2.1\serenity-stats-3.2.1.jar;C:\Users\saral\.m2\repository\net\serenity-bdd\serenity-reports-configuration\3.2.1\serenity-reports-configuration-3.2.1.jar;C:\Users\saral\.m2\repository\com\vladsch\flexmark\flexmark-all\0.34.30\flexmark-all-0.34.30.jar;C:\Users\saral\.m2\repository\com\vladsch\flexmark\flexmark\0.34.30\flexmark-0.34.30.jar;C:\Users\saral\.m2\repository\com\vladsch\flexmark\flexmark-ext-abbreviation\0.34.30\flexmark-ext-abbreviation-0.34.30.jar;C:\Users\saral\.m2\repository\com\vladsch\flexmark\flexmark-ext-admonition\0.34.30\flexmark-ext-admonition-0.34.30.jar;C:\Users\saral\.m2\repository\com\vladsch\flexmark\flexmark-ext-anchorlink\0.34.30\flexmark-ext-anchorlink-0.34.30.jar;C:\Users\saral\.m2\repository\com\vladsch\flexmark\flexmark-ext-aside\0.34.30\flexmark-ext-aside-0.34.30.jar;C:\Users\saral\.m2\repository\com\vladsch\flexmark\flexmark-ext-attributes\0.34.30\flexmark-ext-attributes-0.34.30.jar;C:\Users\saral\.m2\repository\com\vladsch\flexmark\flexmark-ext-autolink\0.34.30\flexmark-ext-autolink-0.34.30.jar;C:\Users\saral\.m2\repository\org\nibor\autolink\autolink\0.6.0\autolink-0.6.0.jar;C:\Users\saral\.m2\repository\com\vladsch\flexmark\flexmark-ext-definition\0.34.30\flexmark-ext-definition-0.34.30.jar;C:\Users\saral\.m2\repository\com\vladsch\flexmark\flexmark-ext-emoji\0.34.30\flexmark-ext-emoji-0.34.30.jar;C:\Users\saral\.m2\repository\com\vladsch\flexmark\flexmark-ext-enumerated-reference\0.34.30\flexmark-ext-enumerated-reference-0.34.30.jar;C:\Users\saral\.m2\repository\com\vladsch\flexmark\flexmark-ext-escaped-character\0.34.30\flexmark-ext-escaped-character-0.34.30.jar;C:\Users\saral\.m2\repository\com\vladsch\flexmark\flexmark-ext-footnotes\0.34.30\flexmark-ext-footnotes-0.34.30.jar;C:\Users\saral\.m2\repository\com\vladsch\flexmark\flexmark-ext-gfm-issues\0.34.30\flexmark-ext-gfm-issues-0.34.30.jar;C:\Users\saral\.m2\repository\com\vladsch\flexmark\flexmark-ext-gfm-strikethrough\0.34.30\flexmark-ext-gfm-strikethrough-0.34.30.jar;C:\Users\saral\.m2\repository\com\vladsch\flexmark\flexmark-ext-gfm-tables\0.34.30\flexmark-ext-gfm-tables-0.34.30.jar;C:\Users\saral\.m2\repository\com\vladsch\flexmark\flexmark-ext-gfm-tasklist\0.34.30\flexmark-ext-gfm-tasklist-0.34.30.jar;C:\Users\saral\.m2\repository\com\vladsch\flexmark\flexmark-ext-gfm-users\0.34.30\flexmark-ext-gfm-users-0.34.30.jar;C:\Users\saral\.m2\repository\com\vladsch\flexmark\flexmark-ext-gitlab\0.34.30\flexmark-ext-gitlab-0.34.30.jar;C:\Users\saral\.m2\repository\com\vladsch\flexmark\flexmark-ext-jekyll-front-matter\0.34.30\flexmark-ext-jekyll-front-matter-0.34.30.jar;C:\Users\saral\.m2\repository\com\vladsch\flexmark\flexmark-ext-jekyll-tag\0.34.30\flexmark-ext-jekyll-tag-0.34.30.jar;C:\Users\saral\.m2\repository\com\vladsch\flexmark\flexmark-ext-media-tags\0.34.30\flexmark-ext-media-tags-0.34.30.jar;C:\Users\saral\.m2\repository\com\vladsch\flexmark\flexmark-test-util\0.34.30\flexmark-test-util-0.34.30.jar;C:\Users\saral\.m2\repository\com\vladsch\flexmark\flexmark-ext-ins\0.34.30\flexmark-ext-ins-0.34.30.jar;C:\Users\saral\.m2\repository\com\vladsch\flexmark\flexmark-ext-xwiki-macros\0.34.30\flexmark-ext-xwiki-macros-0.34.30.jar;C:\Users\saral\.m2\repository\com\vladsch\flexmark\flexmark-ext-superscript\0.34.30\flexmark-ext-superscript-0.34.30.jar;C:\Users\saral\.m2\repository\com\vladsch\flexmark\flexmark-ext-tables\0.34.30\flexmark-ext-tables-0.34.30.jar;C:\Users\saral\.m2\repository\com\vladsch\flexmark\flexmark-ext-toc\0.34.30\flexmark-ext-toc-0.34.30.jar;C:\Users\saral\.m2\repository\com\vladsch\flexmark\flexmark-ext-typographic\0.34.30\flexmark-ext-typographic-0.34.30.jar;C:\Users\saral\.m2\repository\com\vladsch\flexmark\flexmark-ext-wikilink\0.34.30\flexmark-ext-wikilink-0.34.30.jar;C:\Users\saral\.m2\repository\com\vladsch\flexmark\flexmark-ext-yaml-front-matter\0.34.30\flexmark-ext-yaml-front-matter-0.34.30.jar;C:\Users\saral\.m2\repository\com\vladsch\flexmark\flexmark-ext-youtube-embedded\0.34.30\flexmark-ext-youtube-embedded-0.34.30.jar;C:\Users\saral\.m2\repository\com\vladsch\flexmark\flexmark-formatter\0.34.30\flexmark-formatter-0.34.30.jar;C:\Users\saral\.m2\repository\com\vladsch\flexmark\flexmark-html-parser\0.34.30\flexmark-html-parser-0.34.30.jar;C:\Users\saral\.m2\repository\com\vladsch\flexmark\flexmark-jira-converter\0.34.30\flexmark-jira-converter-0.34.30.jar;C:\Users\saral\.m2\repository\com\vladsch\flexmark\flexmark-pdf-converter\0.34.30\flexmark-pdf-converter-0.34.30.jar;C:\Users\saral\.m2\repository\com\openhtmltopdf\openhtmltopdf-core\0.0.1-RC13\openhtmltopdf-core-0.0.1-RC13.jar;C:\Users\saral\.m2\repository\com\openhtmltopdf\openhtmltopdf-pdfbox\0.0.1-RC13\openhtmltopdf-pdfbox-0.0.1-RC13.jar;C:\Users\saral\.m2\repository\org\apache\pdfbox\pdfbox\2.0.8\pdfbox-2.0.8.jar;C:\Users\saral\.m2\repository\org\apache\pdfbox\fontbox\2.0.8\fontbox-2.0.8.jar;C:\Users\saral\.m2\repository\commons-logging\commons-logging\1.2\commons-logging-1.2.jar;C:\Users\saral\.m2\repository\org\apache\pdfbox\xmpbox\2.0.8\xmpbox-2.0.8.jar;C:\Users\saral\.m2\repository\de\rototor\pdfbox\graphics2d\0.12\graphics2d-0.12.jar;C:\Users\saral\.m2\repository\com\openhtmltopdf\openhtmltopdf-rtl-support\0.0.1-RC13\openhtmltopdf-rtl-support-0.0.1-RC13.jar;C:\Users\saral\.m2\repository\com\ibm\icu\icu4j\59.1\icu4j-59.1.jar;C:\Users\saral\.m2\repository\com\openhtmltopdf\openhtmltopdf-jsoup-dom-converter\0.0.1-RC13\openhtmltopdf-jsoup-dom-converter-0.0.1-RC13.jar;C:\Users\saral\.m2\repository\com\vladsch\flexmark\flexmark-profile-pegdown\0.34.30\flexmark-profile-pegdown-0.34.30.jar;C:\Users\saral\.m2\repository\com\vladsch\flexmark\flexmark-util\0.34.30\flexmark-util-0.34.30.jar;C:\Users\saral\.m2\repository\com\vladsch\flexmark\flexmark-youtrack-converter\0.34.30\flexmark-youtrack-converter-0.34.30.jar;C:\Users\saral\.m2\repository\es\nitaur\markdown\txtmark\0.16\txtmark-0.16.jar;C:\Users\saral\.m2\repository\net\serenity-bdd\serenity-report-resources\3.2.1\serenity-report-resources-3.2.1.jar;C:\Users\saral\.m2\repository\com\google\code\gson\gson\2.9.0\gson-2.9.0.jar;C:\Users\saral\.m2\repository\com\fasterxml\jackson\core\jackson-core\2.13.2\jackson-core-2.13.2.jar;C:\Users\saral\.m2\repository\com\fasterxml\jackson\core\jackson-databind\2.13.2\jackson-databind-2.13.2.jar;C:\Users\saral\.m2\repository\com\fasterxml\jackson\core\jackson-annotations\2.13.2\jackson-annotations-2.13.2.jar;C:\Users\saral\.m2\repository\commons-codec\commons-codec\1.15\commons-codec-1.15.jar;C:\Users\saral\.m2\repository\commons-io\commons-io\2.11.0\commons-io-2.11.0.jar;C:\Users\saral\.m2\repository\org\seleniumhq\selenium\selenium-java\4.1.2\selenium-java-4.1.2.jar;C:\Users\saral\.m2\repository\org\seleniumhq\selenium\selenium-devtools-v85\4.1.2\selenium-devtools-v85-4.1.2.jar;C:\Users\saral\.m2\repository\org\seleniumhq\selenium\selenium-devtools-v95\4.1.2\selenium-devtools-v95-4.1.2.jar;C:\Users\saral\.m2\repository\org\seleniumhq\selenium\selenium-devtools-v96\4.1.2\selenium-devtools-v96-4.1.2.jar;C:\Users\saral\.m2\repository\org\seleniumhq\selenium\selenium-devtools-v97\4.1.2\selenium-devtools-v97-4.1.2.jar;C:\Users\saral\.m2\repository\org\seleniumhq\selenium\selenium-firefox-xpi-driver\4.1.2\selenium-firefox-xpi-driver-4.1.2.jar;C:\Users\saral\.m2\repository\org\seleniumhq\selenium\selenium-opera-driver\4.1.2\selenium-opera-driver-4.1.2.jar;C:\Users\saral\.m2\repository\org\seleniumhq\selenium\selenium-remote-driver\4.1.2\selenium-remote-driver-4.1.2.jar;C:\Users\saral\.m2\repository\com\beust\jcommander\1.82\jcommander-1.82.jar;C:\Users\saral\.m2\repository\io\netty\netty-buffer\4.1.73.Final\netty-buffer-4.1.73.Final.jar;C:\Users\saral\.m2\repository\io\netty\netty-codec-http\4.1.73.Final\netty-codec-http-4.1.73.Final.jar;C:\Users\saral\.m2\repository\io\netty\netty-codec\4.1.73.Final\netty-codec-4.1.73.Final.jar;C:\Users\saral\.m2\repository\io\netty\netty-handler\4.1.73.Final\netty-handler-4.1.73.Final.jar;C:\Users\saral\.m2\repository\io\netty\netty-tcnative-classes\2.0.46.Final\netty-tcnative-classes-2.0.46.Final.jar;C:\Users\saral\.m2\repository\io\netty\netty-common\4.1.73.Final\netty-common-4.1.73.Final.jar;C:\Users\saral\.m2\repository\io\netty\netty-transport-classes-epoll\4.1.73.Final\netty-transport-classes-epoll-4.1.73.Final.jar;C:\Users\saral\.m2\repository\io\netty\netty-transport-classes-kqueue\4.1.73.Final\netty-transport-classes-kqueue-4.1.73.Final.jar;C:\Users\saral\.m2\repository\io\netty\netty-transport-native-epoll\4.1.73.Final\netty-transport-native-epoll-4.1.73.Final.jar;C:\Users\saral\.m2\repository\io\netty\netty-transport-native-kqueue\4.1.73.Final\netty-transport-native-kqueue-4.1.73.Final.jar;C:\Users\saral\.m2\repository\io\netty\netty-transport-native-unix-common\4.1.73.Final\netty-transport-native-unix-common-4.1.73.Final.jar;C:\Users\saral\.m2\repository\io\netty\netty-transport\4.1.73.Final\netty-transport-4.1.73.Final.jar;C:\Users\saral\.m2\repository\io\netty\netty-resolver\4.1.73.Final\netty-resolver-4.1.73.Final.jar;C:\Users\saral\.m2\repository\io\opentelemetry\opentelemetry-api\1.10.1\opentelemetry-api-1.10.1.jar;C:\Users\saral\.m2\repository\io\opentelemetry\opentelemetry-context\1.10.1\opentelemetry-context-1.10.1.jar;C:\Users\saral\.m2\repository\io\opentelemetry\opentelemetry-exporter-logging\1.10.1\opentelemetry-exporter-logging-1.10.1.jar;C:\Users\saral\.m2\repository\io\opentelemetry\opentelemetry-sdk-metrics\1.10.1-alpha\opentelemetry-sdk-metrics-1.10.1-alpha.jar;C:\Users\saral\.m2\repository\io\opentelemetry\opentelemetry-sdk-logs\1.10.1-alpha\opentelemetry-sdk-logs-1.10.1-alpha.jar;C:\Users\saral\.m2\repository\io\opentelemetry\opentelemetry-sdk-common\1.10.1\opentelemetry-sdk-common-1.10.1.jar;C:\Users\saral\.m2\repository\io\opentelemetry\opentelemetry-sdk-extension-autoconfigure-spi\1.10.1\opentelemetry-sdk-extension-autoconfigure-spi-1.10.1.jar;C:\Users\saral\.m2\repository\io\opentelemetry\opentelemetry-sdk-extension-autoconfigure\1.10.1-alpha\opentelemetry-sdk-extension-autoconfigure-1.10.1-alpha.jar;C:\Users\saral\.m2\repository\io\opentelemetry\opentelemetry-sdk-trace\1.10.1\opentelemetry-sdk-trace-1.10.1.jar;C:\Users\saral\.m2\repository\io\opentelemetry\opentelemetry-sdk\1.10.1\opentelemetry-sdk-1.10.1.jar;C:\Users\saral\.m2\repository\io\opentelemetry\opentelemetry-semconv\1.10.1-alpha\opentelemetry-semconv-1.10.1-alpha.jar;C:\Users\saral\.m2\repository\io\ous\jtoml\2.0.0\jtoml-2.0.0.jar;C:\Users\saral\.m2\repository\org\apache\commons\commons-exec\1.3\commons-exec-1.3.jar;C:\Users\saral\.m2\repository\org\asynchttpclient\async-http-client\2.12.3\async-http-client-2.12.3.jar;C:\Users\saral\.m2\repository\org\asynchttpclient\async-http-client-netty-utils\2.12.3\async-http-client-netty-utils-2.12.3.jar;C:\Users\saral\.m2\repository\io\netty\netty-codec-socks\4.1.60.Final\netty-codec-socks-4.1.60.Final.jar;C:\Users\saral\.m2\repository\io\netty\netty-handler-proxy\4.1.60.Final\netty-handler-proxy-4.1.60.Final.jar;C:\Users\saral\.m2\repository\io\netty\netty-transport-native-epoll\4.1.60.Final\netty-transport-native-epoll-4.1.60.Final-linux-x86_64.jar;C:\Users\saral\.m2\repository\io\netty\netty-transport-native-kqueue\4.1.60.Final\netty-transport-native-kqueue-4.1.60.Final-osx-x86_64.jar;C:\Users\saral\.m2\repository\org\reactivestreams\reactive-streams\1.0.3\reactive-streams-1.0.3.jar;C:\Users\saral\.m2\repository\com\typesafe\netty\netty-reactive-streams\2.0.4\netty-reactive-streams-2.0.4.jar;C:\Users\saral\.m2\repository\org\seleniumhq\selenium\selenium-http\4.1.2\selenium-http-4.1.2.jar;C:\Users\saral\.m2\repository\net\jodah\failsafe\2.4.4\failsafe-2.4.4.jar;C:\Users\saral\.m2\repository\org\seleniumhq\selenium\selenium-safari-driver\4.1.2\selenium-safari-driver-4.1.2.jar;C:\Users\saral\.m2\repository\org\seleniumhq\selenium\selenium-api\4.1.2\selenium-api-4.1.2.jar;C:\Users\saral\.m2\repository\org\seleniumhq\selenium\selenium-support\4.1.2\selenium-support-4.1.2.jar;C:\Users\saral\.m2\repository\com\google\auto\service\auto-service-annotations\1.0.1\auto-service-annotations-1.0.1.jar;C:\Users\saral\.m2\repository\com\google\auto\service\auto-service\1.0.1\auto-service-1.0.1.jar;C:\Users\saral\.m2\repository\com\google\auto\auto-common\1.2\auto-common-1.2.jar;C:\Users\saral\.m2\repository\org\seleniumhq\selenium\selenium-json\4.1.2\selenium-json-4.1.2.jar;C:\Users\saral\.m2\repository\org\seleniumhq\selenium\selenium-chrome-driver\4.1.2\selenium-chrome-driver-4.1.2.jar;C:\Users\saral\.m2\repository\org\seleniumhq\selenium\selenium-chromium-driver\4.1.2\selenium-chromium-driver-4.1.2.jar;C:\Users\saral\.m2\repository\org\seleniumhq\selenium\selenium-firefox-driver\4.1.2\selenium-firefox-driver-4.1.2.jar;C:\Users\saral\.m2\repository\org\seleniumhq\selenium\selenium-edge-driver\4.1.2\selenium-edge-driver-4.1.2.jar;C:\Users\saral\.m2\repository\org\seleniumhq\selenium\selenium-ie-driver\4.1.2\selenium-ie-driver-4.1.2.jar;C:\Users\saral\.m2\repository\org\projectlombok\lombok\1.18.20\lombok-1.18.20.jar;C:\Users\saral\.m2\repository\io\appium\java-client\8.0.0\java-client-8.0.0.jar;C:\Users\saral\.m2\repository\commons-validator\commons-validator\1.7\commons-validator-1.7.jar;C:\Users\saral\.m2\repository\commons-digester\commons-digester\2.1\commons-digester-2.1.jar;C:\Users\saral\.m2\repository\org\aspectj\aspectjweaver\1.9.8\aspectjweaver-1.9.8.jar;C:\Users\saral\.m2\repository\org\codehaus\groovy\groovy\3.0.10\groovy-3.0.10.jar;C:\Users\saral\.m2\repository\net\sf\opencsv\opencsv\2.0\opencsv-2.0.jar;C:\Users\saral\.m2\repository\commons-beanutils\commons-beanutils\1.9.4\commons-beanutils-1.9.4.jar;C:\Users\saral\.m2\repository\org\apache\commons\commons-lang3\3.12.0\commons-lang3-3.12.0.jar;C:\Users\saral\.m2\repository\commons-collections\commons-collections\3.2.2\commons-collections-3.2.2.jar;C:\Users\saral\.m2\repository\org\fluentlenium\fluentlenium-core\0.10.2\fluentlenium-core-0.10.2.jar;C:\Users\saral\.m2\repository\io\github\bonigarcia\webdrivermanager\5.1.0\webdrivermanager-5.1.0.jar;C:\Users\saral\.m2\repository\com\github\docker-java\docker-java\3.2.13\docker-java-3.2.13.jar;C:\Users\saral\.m2\repository\com\github\docker-java\docker-java-core\3.2.13\docker-java-core-3.2.13.jar;C:\Users\saral\.m2\repository\com\github\docker-java\docker-java-api\3.2.13\docker-java-api-3.2.13.jar;C:\Users\saral\.m2\repository\org\apache\commons\commons-compress\1.21\commons-compress-1.21.jar;C:\Users\saral\.m2\repository\org\bouncycastle\bcpkix-jdk15on\1.64\bcpkix-jdk15on-1.64.jar;C:\Users\saral\.m2\repository\org\bouncycastle\bcprov-jdk15on\1.64\bcprov-jdk15on-1.64.jar;C:\Users\saral\.m2\repository\org\slf4j\jcl-over-slf4j\1.7.30\jcl-over-slf4j-1.7.30.jar;C:\Users\saral\.m2\repository\com\github\docker-java\docker-java-transport-httpclient5\3.2.13\docker-java-transport-httpclient5-3.2.13.jar;C:\Users\saral\.m2\repository\com\github\docker-java\docker-java-transport\3.2.13\docker-java-transport-3.2.13.jar;C:\Users\saral\.m2\repository\org\apache\httpcomponents\client5\httpclient5\5.0.3\httpclient5-5.0.3.jar;C:\Users\saral\.m2\repository\org\apache\httpcomponents\core5\httpcore5\5.0.2\httpcore5-5.0.2.jar;C:\Users\saral\.m2\repository\net\java\dev\jna\jna\5.8.0\jna-5.8.0.jar;C:\Users\saral\.m2\repository\org\brotli\dec\0.1.2\dec-0.1.2.jar;C:\Users\saral\.m2\repository\com\jhlabs\filters\2.0.235\filters-2.0.235.jar;C:\Users\saral\.m2\repository\com\paulhammant\ngwebdriver\1.1.6\ngwebdriver-1.1.6.jar;C:\Users\saral\.m2\repository\joda-time\joda-time\2.8.2\joda-time-2.8.2.jar;C:\Users\saral\.m2\repository\org\hamcrest\hamcrest\2.2\hamcrest-2.2.jar;C:\Users\saral\.m2\repository\com\google\jimfs\jimfs\1.2\jimfs-1.2.jar;C:\Users\saral\.m2\repository\org\mockito\mockito-core\3.3.3\mockito-core-3.3.3.jar;C:\Users\saral\.m2\repository\javax\xml\bind\jaxb-api\2.3.1\jaxb-api-2.3.1.jar;C:\Users\saral\.m2\repository\javax\activation\javax.activation-api\1.2.0\javax.activation-api-1.2.0.jar;C:\Users\saral\.m2\repository\com\sun\xml\bind\jaxb-core\2.3.0.1\jaxb-core-2.3.0.1.jar;C:\Users\saral\.m2\repository\com\sun\xml\bind\jaxb-impl\2.3.3\jaxb-impl-2.3.3.jar;C:\Users\saral\.m2\repository\jakarta\xml\bind\jakarta.xml.bind-api\2.3.3\jakarta.xml.bind-api-2.3.3.jar;C:\Users\saral\.m2\repository\com\sun\activation\jakarta.activation\1.2.2\jakarta.activation-1.2.2.jar;C:\Users\saral\.m2\repository\javax\activation\activation\1.1.1\activation-1.1.1.jar;C:\Users\saral\.m2\repository\net\serenity-bdd\serenity-cucumber\3.2.1\serenity-cucumber-3.2.1.jar;C:\Users\saral\.m2\repository\io\cucumber\cucumber-core\7.2.3\cucumber-core-7.2.3.jar;C:\Users\saral\.m2\repository\io\cucumber\cucumber-gherkin\7.2.3\cucumber-gherkin-7.2.3.jar;C:\Users\saral\.m2\repository\io\cucumber\cucumber-gherkin-messages\7.2.3\cucumber-gherkin-messages-7.2.3.jar;C:\Users\saral\.m2\repository\io\cucumber\messages\17.1.1\messages-17.1.1.jar;C:\Users\saral\.m2\repository\io\cucumber\tag-expressions\4.1.0\tag-expressions-4.1.0.jar;C:\Users\saral\.m2\repository\io\cucumber\cucumber-expressions\15.0.1\cucumber-expressions-15.0.1.jar;C:\Users\saral\.m2\repository\io\cucumber\datatable\7.2.3\datatable-7.2.3.jar;C:\Users\saral\.m2\repository\io\cucumber\cucumber-plugin\7.2.3\cucumber-plugin-7.2.3.jar;C:\Users\saral\.m2\repository\io\cucumber\docstring\7.2.3\docstring-7.2.3.jar;C:\Users\saral\.m2\repository\io\cucumber\html-formatter\17.0.0\html-formatter-17.0.0.jar;C:\Users\saral\.m2\repository\io\cucumber\ci-environment\8.1.0\ci-environment-8.1.0.jar;C:\Users\saral\.m2\repository\io\cucumber\cucumber-junit\7.2.3\cucumber-junit-7.2.3.jar;C:\Users\saral\.m2\repository\org\apache\commons\commons-csv\1.5\commons-csv-1.5.jar;C:\Users\saral\.m2\repository\net\serenity-bdd\serenity-screenplay\3.2.1\serenity-screenplay-3.2.1.jar;C:\Users\saral\.m2\repository\net\serenity-bdd\serenity-screenplay-webdriver\3.2.1\serenity-screenplay-webdriver-3.2.1.jar;C:\Users\saral\.m2\repository\net\serenity-bdd\serenity-ensure\3.2.1\serenity-ensure-3.2.1.jar;C:\Users\saral\.m2\repository\net\serenity-bdd\serenity-junit\3.2.1\serenity-junit-3.2.1.jar;C:\Users\saral\.m2\repository\org\jetbrains\kotlin\kotlin-stdlib\1.6.0\kotlin-stdlib-1.6.0.jar;C:\Users\saral\.m2\repository\org\jetbrains\annotations\13.0\annotations-13.0.jar;C:\Users\saral\.m2\repository\org\jetbrains\kotlin\kotlin-stdlib-common\1.6.0\kotlin-stdlib-common-1.6.0.jar;C:\Users\saral\.m2\repository\org\junit\platform\junit-platform-launcher\1.8.1\junit-platform-launcher-1.8.1.jar;C:\Users\saral\.m2\repository\org\junit\platform\junit-platform-engine\1.8.1\junit-platform-engine-1.8.1.jar;C:\Users\saral\.m2\repository\org\opentest4j\opentest4j\1.2.0\opentest4j-1.2.0.jar;C:\Users\saral\.m2\repository\org\junit\platform\junit-platform-commons\1.8.1\junit-platform-commons-1.8.1.jar;C:\Users\saral\.m2\repository\org\apiguardian\apiguardian-api\1.1.2\apiguardian-api-1.1.2.jar;C:\Users\saral\.m2\repository\org\junit\jupiter\junit-jupiter-engine\5.8.2\junit-jupiter-engine-5.8.2.jar;C:\Users\saral\.m2\repository\org\junit\jupiter\junit-jupiter-api\5.8.2\junit-jupiter-api-5.8.2.jar;C:\Users\saral\.m2\repository\org\junit\vintage\junit-vintage-engine\5.8.2\junit-vintage-engine-5.8.2.jar;C:\Users\saral\.m2\repository\junit\junit\4.13.2\junit-4.13.2.jar;C:\Users\saral\.m2\repository\org\hamcrest\hamcrest-core\1.3\hamcrest-core-1.3.jar;C:\Users\saral\.m2\repository\ch\qos\logback\logback-classic\1.2.10\logback-classic-1.2.10.jar;C:\Users\saral\.m2\repository\ch\qos\logback\logback-core\1.2.10\logback-core-1.2.10.jar;C:\Users\saral\.m2\repository\org\slf4j\slf4j-api\1.7.32\slf4j-api-1.7.32.jar;C:\Users\saral\.m2\repository\org\assertj\assertj-core\3.6.2\assertj-core-3.6.2.jar;C:\Users\saral\.m2\repository\com\github\javafaker\javafaker\1.0.2\javafaker-1.0.2.jar;C:\Users\saral\.m2\repository\org\yaml\snakeyaml\1.23\snakeyaml-1.23-android.jar;C:\Users\saral\.m2\repository\com\github\mifmif\generex\1.0.2\generex-1.0.2.jar;C:\Users\saral\.m2\repository\dk\brics\automaton\automaton\1.11-8\automaton-1.11-8.jar;"/>
    <property name="sun.cpu.endian" value="little"/>
    <property name="user.home" value="C:\Users\saral"/>
    <property name="user.language" value="en"/>
    <property name="java.specification.vendor" value="Oracle Corporation"/>
    <property name="jdk.module.path" value="D:\Intern\MSIB Alterra\alterra-mini-project\serenity-web-ui-test\target\MiniProject-1.0-SNAPSHOT.jar"/>
    <property name="java.version.date" value="2021-10-19"/>
    <property name="java.home" value="C:\Program Files\Java\jdk-11.0.13"/>
    <property name="file.separator" value="\"/>
    <property name="basedir" value="D:\Intern\MSIB Alterra\alterra-mini-project\serenity-web-ui-test"/>
    <property name="java.vm.compressedOopsMode" value="Zero based"/>
    <property name="line.separator" value="&#10;"/>
    <property name="java.specification.name" value="Java Platform API Specification"/>
    <property name="java.vm.specification.vendor" value="Oracle Corporation"/>
    <property name="java.awt.graphicsenv" value="sun.awt.Win32GraphicsEnvironment"/>
    <property name="surefire.real.class.path" value="C:\Users\saral\.m2\repository\org\apache\maven\surefire\surefire-booter\3.0.0-M5\surefire-booter-3.0.0-M5.jar;C:\Users\saral\.m2\repository\org\apache\maven\surefire\surefire-api\3.0.0-M5\surefire-api-3.0.0-M5.jar;C:\Users\saral\.m2\repository\org\apache\maven\surefire\surefire-logger-api\3.0.0-M5\surefire-logger-api-3.0.0-M5.jar;C:\Users\saral\.m2\repository\org\apache\maven\surefire\surefire-shared-utils\3.0.0-M4\surefire-shared-utils-3.0.0-M4.jar;C:\Users\saral\.m2\repository\org\apache\maven\surefire\surefire-extensions-spi\3.0.0-M5\surefire-extensions-spi-3.0.0-M5.jar;D:\Intern\MSIB Alterra\alterra-mini-project\serenity-web-ui-test\target\test-classes;C:\Users\saral\.m2\repository\net\serenity-bdd\serenity-core\3.2.1\serenity-core-3.2.1.jar;C:\Users\saral\.m2\repository\net\serenity-bdd\serenity-model\3.2.1\serenity-model-3.2.1.jar;C:\Users\saral\.m2\repository\org\apache\commons\commons-text\1.9\commons-text-1.9.jar;C:\Users\saral\.m2\repository\commons-net\commons-net\3.8.0\commons-net-3.8.0.jar;C:\Users\saral\.m2\repository\com\google\guava\guava\31.1-jre\guava-31.1-jre.jar;C:\Users\saral\.m2\repository\com\google\guava\failureaccess\1.0.1\failureaccess-1.0.1.jar;C:\Users\saral\.m2\repository\com\google\guava\listenablefuture\9999.0-empty-to-avoid-conflict-with-guava\listenablefuture-9999.0-empty-to-avoid-conflict-with-guava.jar;C:\Users\saral\.m2\repository\com\google\code\findbugs\jsr305\3.0.2\jsr305-3.0.2.jar;C:\Users\saral\.m2\repository\org\checkerframework\checker-qual\3.12.0\checker-qual-3.12.0.jar;C:\Users\saral\.m2\repository\com\google\errorprone\error_prone_annotations\2.11.0\error_prone_annotations-2.11.0.jar;C:\Users\saral\.m2\repository\com\google\j2objc\j2objc-annotations\1.3\j2objc-annotations-1.3.jar;C:\Users\saral\.m2\repository\com\google\inject\guice\5.1.0\guice-5.1.0.jar;C:\Users\saral\.m2\repository\javax\inject\javax.inject\1\javax.inject-1.jar;C:\Users\saral\.m2\repository\aopalliance\aopalliance\1.0\aopalliance-1.0.jar;C:\Users\saral\.m2\repository\org\jsoup\jsoup\1.14.3\jsoup-1.14.3.jar;C:\Users\saral\.m2\repository\com\thoughtworks\xstream\xstream\1.4.19\xstream-1.4.19.jar;C:\Users\saral\.m2\repository\io\github\x-stream\mxparser\1.2.2\mxparser-1.2.2.jar;C:\Users\saral\.m2\repository\xmlpull\xmlpull\1.1.3.1\xmlpull-1.1.3.1.jar;C:\Users\saral\.m2\repository\io\cucumber\cucumber-java\7.2.3\cucumber-java-7.2.3.jar;C:\Users\saral\.m2\repository\com\typesafe\config\1.4.2\config-1.4.2.jar;C:\Users\saral\.m2\repository\org\imgscalr\imgscalr-lib\4.2\imgscalr-lib-4.2.jar;C:\Users\saral\.m2\repository\org\awaitility\awaitility\4.2.0\awaitility-4.2.0.jar;C:\Users\saral\.m2\repository\org\freemarker\freemarker\2.3.31\freemarker-2.3.31.jar;C:\Users\saral\.m2\repository\io\github\classgraph\classgraph\4.8.138\classgraph-4.8.138.jar;C:\Users\saral\.m2\repository\net\sourceforge\jexcelapi\jxl\2.6.12\jxl-2.6.12.jar;C:\Users\saral\.m2\repository\net\bytebuddy\byte-buddy\1.12.8\byte-buddy-1.12.8.jar;C:\Users\saral\.m2\repository\net\bytebuddy\byte-buddy-agent\1.12.8\byte-buddy-agent-1.12.8.jar;C:\Users\saral\.m2\repository\org\objenesis\objenesis\3.1\objenesis-3.1.jar;C:\Users\saral\.m2\repository\net\serenity-bdd\serenity-reports\3.2.1\serenity-reports-3.2.1.jar;C:\Users\saral\.m2\repository\net\serenity-bdd\serenity-stats\3.2.1\serenity-stats-3.2.1.jar;C:\Users\saral\.m2\repository\net\serenity-bdd\serenity-reports-configuration\3.2.1\serenity-reports-configuration-3.2.1.jar;C:\Users\saral\.m2\repository\com\vladsch\flexmark\flexmark-all\0.34.30\flexmark-all-0.34.30.jar;C:\Users\saral\.m2\repository\com\vladsch\flexmark\flexmark\0.34.30\flexmark-0.34.30.jar;C:\Users\saral\.m2\repository\com\vladsch\flexmark\flexmark-ext-abbreviation\0.34.30\flexmark-ext-abbreviation-0.34.30.jar;C:\Users\saral\.m2\repository\com\vladsch\flexmark\flexmark-ext-admonition\0.34.30\flexmark-ext-admonition-0.34.30.jar;C:\Users\saral\.m2\repository\com\vladsch\flexmark\flexmark-ext-anchorlink\0.34.30\flexmark-ext-anchorlink-0.34.30.jar;C:\Users\saral\.m2\repository\com\vladsch\flexmark\flexmark-ext-aside\0.34.30\flexmark-ext-aside-0.34.30.jar;C:\Users\saral\.m2\repository\com\vladsch\flexmark\flexmark-ext-attributes\0.34.30\flexmark-ext-attributes-0.34.30.jar;C:\Users\saral\.m2\repository\com\vladsch\flexmark\flexmark-ext-autolink\0.34.30\flexmark-ext-autolink-0.34.30.jar;C:\Users\saral\.m2\repository\org\nibor\autolink\autolink\0.6.0\autolink-0.6.0.jar;C:\Users\saral\.m2\repository\com\vladsch\flexmark\flexmark-ext-definition\0.34.30\flexmark-ext-definition-0.34.30.jar;C:\Users\saral\.m2\repository\com\vladsch\flexmark\flexmark-ext-emoji\0.34.30\flexmark-ext-emoji-0.34.30.jar;C:\Users\saral\.m2\repository\com\vladsch\flexmark\flexmark-ext-enumerated-reference\0.34.30\flexmark-ext-enumerated-reference-0.34.30.jar;C:\Users\saral\.m2\repository\com\vladsch\flexmark\flexmark-ext-escaped-character\0.34.30\flexmark-ext-escaped-character-0.34.30.jar;C:\Users\saral\.m2\repository\com\vladsch\flexmark\flexmark-ext-footnotes\0.34.30\flexmark-ext-footnotes-0.34.30.jar;C:\Users\saral\.m2\repository\com\vladsch\flexmark\flexmark-ext-gfm-issues\0.34.30\flexmark-ext-gfm-issues-0.34.30.jar;C:\Users\saral\.m2\repository\com\vladsch\flexmark\flexmark-ext-gfm-strikethrough\0.34.30\flexmark-ext-gfm-strikethrough-0.34.30.jar;C:\Users\saral\.m2\repository\com\vladsch\flexmark\flexmark-ext-gfm-tables\0.34.30\flexmark-ext-gfm-tables-0.34.30.jar;C:\Users\saral\.m2\repository\com\vladsch\flexmark\flexmark-ext-gfm-tasklist\0.34.30\flexmark-ext-gfm-tasklist-0.34.30.jar;C:\Users\saral\.m2\repository\com\vladsch\flexmark\flexmark-ext-gfm-users\0.34.30\flexmark-ext-gfm-users-0.34.30.jar;C:\Users\saral\.m2\repository\com\vladsch\flexmark\flexmark-ext-gitlab\0.34.30\flexmark-ext-gitlab-0.34.30.jar;C:\Users\saral\.m2\repository\com\vladsch\flexmark\flexmark-ext-jekyll-front-matter\0.34.30\flexmark-ext-jekyll-front-matter-0.34.30.jar;C:\Users\saral\.m2\repository\com\vladsch\flexmark\flexmark-ext-jekyll-tag\0.34.30\flexmark-ext-jekyll-tag-0.34.30.jar;C:\Users\saral\.m2\repository\com\vladsch\flexmark\flexmark-ext-media-tags\0.34.30\flexmark-ext-media-tags-0.34.30.jar;C:\Users\saral\.m2\repository\com\vladsch\flexmark\flexmark-test-util\0.34.30\flexmark-test-util-0.34.30.jar;C:\Users\saral\.m2\repository\com\vladsch\flexmark\flexmark-ext-ins\0.34.30\flexmark-ext-ins-0.34.30.jar;C:\Users\saral\.m2\repository\com\vladsch\flexmark\flexmark-ext-xwiki-macros\0.34.30\flexmark-ext-xwiki-macros-0.34.30.jar;C:\Users\saral\.m2\repository\com\vladsch\flexmark\flexmark-ext-superscript\0.34.30\flexmark-ext-superscript-0.34.30.jar;C:\Users\saral\.m2\repository\com\vladsch\flexmark\flexmark-ext-tables\0.34.30\flexmark-ext-tables-0.34.30.jar;C:\Users\saral\.m2\repository\com\vladsch\flexmark\flexmark-ext-toc\0.34.30\flexmark-ext-toc-0.34.30.jar;C:\Users\saral\.m2\repository\com\vladsch\flexmark\flexmark-ext-typographic\0.34.30\flexmark-ext-typographic-0.34.30.jar;C:\Users\saral\.m2\repository\com\vladsch\flexmark\flexmark-ext-wikilink\0.34.30\flexmark-ext-wikilink-0.34.30.jar;C:\Users\saral\.m2\repository\com\vladsch\flexmark\flexmark-ext-yaml-front-matter\0.34.30\flexmark-ext-yaml-front-matter-0.34.30.jar;C:\Users\saral\.m2\repository\com\vladsch\flexmark\flexmark-ext-youtube-embedded\0.34.30\flexmark-ext-youtube-embedded-0.34.30.jar;C:\Users\saral\.m2\repository\com\vladsch\flexmark\flexmark-formatter\0.34.30\flexmark-formatter-0.34.30.jar;C:\Users\saral\.m2\repository\com\vladsch\flexmark\flexmark-html-parser\0.34.30\flexmark-html-parser-0.34.30.jar;C:\Users\saral\.m2\repository\com\vladsch\flexmark\flexmark-jira-converter\0.34.30\flexmark-jira-converter-0.34.30.jar;C:\Users\saral\.m2\repository\com\vladsch\flexmark\flexmark-pdf-converter\0.34.30\flexmark-pdf-converter-0.34.30.jar;C:\Users\saral\.m2\repository\com\openhtmltopdf\openhtmltopdf-core\0.0.1-RC13\openhtmltopdf-core-0.0.1-RC13.jar;C:\Users\saral\.m2\repository\com\openhtmltopdf\openhtmltopdf-pdfbox\0.0.1-RC13\openhtmltopdf-pdfbox-0.0.1-RC13.jar;C:\Users\saral\.m2\repository\org\apache\pdfbox\pdfbox\2.0.8\pdfbox-2.0.8.jar;C:\Users\saral\.m2\repository\org\apache\pdfbox\fontbox\2.0.8\fontbox-2.0.8.jar;C:\Users\saral\.m2\repository\commons-logging\commons-logging\1.2\commons-logging-1.2.jar;C:\Users\saral\.m2\repository\org\apache\pdfbox\xmpbox\2.0.8\xmpbox-2.0.8.jar;C:\Users\saral\.m2\repository\de\rototor\pdfbox\graphics2d\0.12\graphics2d-0.12.jar;C:\Users\saral\.m2\repository\com\openhtmltopdf\openhtmltopdf-rtl-support\0.0.1-RC13\openhtmltopdf-rtl-support-0.0.1-RC13.jar;C:\Users\saral\.m2\repository\com\ibm\icu\icu4j\59.1\icu4j-59.1.jar;C:\Users\saral\.m2\repository\com\openhtmltopdf\openhtmltopdf-jsoup-dom-converter\0.0.1-RC13\openhtmltopdf-jsoup-dom-converter-0.0.1-RC13.jar;C:\Users\saral\.m2\repository\com\vladsch\flexmark\flexmark-profile-pegdown\0.34.30\flexmark-profile-pegdown-0.34.30.jar;C:\Users\saral\.m2\repository\com\vladsch\flexmark\flexmark-util\0.34.30\flexmark-util-0.34.30.jar;C:\Users\saral\.m2\repository\com\vladsch\flexmark\flexmark-youtrack-converter\0.34.30\flexmark-youtrack-converter-0.34.30.jar;C:\Users\saral\.m2\repository\es\nitaur\markdown\txtmark\0.16\txtmark-0.16.jar;C:\Users\saral\.m2\repository\net\serenity-bdd\serenity-report-resources\3.2.1\serenity-report-resources-3.2.1.jar;C:\Users\saral\.m2\repository\com\google\code\gson\gson\2.9.0\gson-2.9.0.jar;C:\Users\saral\.m2\repository\com\fasterxml\jackson\core\jackson-core\2.13.2\jackson-core-2.13.2.jar;C:\Users\saral\.m2\repository\com\fasterxml\jackson\core\jackson-databind\2.13.2\jackson-databind-2.13.2.jar;C:\Users\saral\.m2\repository\com\fasterxml\jackson\core\jackson-annotations\2.13.2\jackson-annotations-2.13.2.jar;C:\Users\saral\.m2\repository\commons-codec\commons-codec\1.15\commons-codec-1.15.jar;C:\Users\saral\.m2\repository\commons-io\commons-io\2.11.0\commons-io-2.11.0.jar;C:\Users\saral\.m2\repository\org\seleniumhq\selenium\selenium-java\4.1.2\selenium-java-4.1.2.jar;C:\Users\saral\.m2\repository\org\seleniumhq\selenium\selenium-devtools-v85\4.1.2\selenium-devtools-v85-4.1.2.jar;C:\Users\saral\.m2\repository\org\seleniumhq\selenium\selenium-devtools-v95\4.1.2\selenium-devtools-v95-4.1.2.jar;C:\Users\saral\.m2\repository\org\seleniumhq\selenium\selenium-devtools-v96\4.1.2\selenium-devtools-v96-4.1.2.jar;C:\Users\saral\.m2\repository\org\seleniumhq\selenium\selenium-devtools-v97\4.1.2\selenium-devtools-v97-4.1.2.jar;C:\Users\saral\.m2\repository\org\seleniumhq\selenium\selenium-firefox-xpi-driver\4.1.2\selenium-firefox-xpi-driver-4.1.2.jar;C:\Users\saral\.m2\repository\org\seleniumhq\selenium\selenium-opera-driver\4.1.2\selenium-opera-driver-4.1.2.jar;C:\Users\saral\.m2\repository\org\seleniumhq\selenium\selenium-remote-driver\4.1.2\selenium-remote-driver-4.1.2.jar;C:\Users\saral\.m2\repository\com\beust\jcommander\1.82\jcommander-1.82.jar;C:\Users\saral\.m2\repository\io\netty\netty-buffer\4.1.73.Final\netty-buffer-4.1.73.Final.jar;C:\Users\saral\.m2\repository\io\netty\netty-codec-http\4.1.73.Final\netty-codec-http-4.1.73.Final.jar;C:\Users\saral\.m2\repository\io\netty\netty-codec\4.1.73.Final\netty-codec-4.1.73.Final.jar;C:\Users\saral\.m2\repository\io\netty\netty-handler\4.1.73.Final\netty-handler-4.1.73.Final.jar;C:\Users\saral\.m2\repository\io\netty\netty-tcnative-classes\2.0.46.Final\netty-tcnative-classes-2.0.46.Final.jar;C:\Users\saral\.m2\repository\io\netty\netty-common\4.1.73.Final\netty-common-4.1.73.Final.jar;C:\Users\saral\.m2\repository\io\netty\netty-transport-classes-epoll\4.1.73.Final\netty-transport-classes-epoll-4.1.73.Final.jar;C:\Users\saral\.m2\repository\io\netty\netty-transport-classes-kqueue\4.1.73.Final\netty-transport-classes-kqueue-4.1.73.Final.jar;C:\Users\saral\.m2\repository\io\netty\netty-transport-native-epoll\4.1.73.Final\netty-transport-native-epoll-4.1.73.Final.jar;C:\Users\saral\.m2\repository\io\netty\netty-transport-native-kqueue\4.1.73.Final\netty-transport-native-kqueue-4.1.73.Final.jar;C:\Users\saral\.m2\repository\io\netty\netty-transport-native-unix-common\4.1.73.Final\netty-transport-native-unix-common-4.1.73.Final.jar;C:\Users\saral\.m2\repository\io\netty\netty-transport\4.1.73.Final\netty-transport-4.1.73.Final.jar;C:\Users\saral\.m2\repository\io\netty\netty-resolver\4.1.73.Final\netty-resolver-4.1.73.Final.jar;C:\Users\saral\.m2\repository\io\opentelemetry\opentelemetry-api\1.10.1\opentelemetry-api-1.10.1.jar;C:\Users\saral\.m2\repository\io\opentelemetry\opentelemetry-context\1.10.1\opentelemetry-context-1.10.1.jar;C:\Users\saral\.m2\repository\io\opentelemetry\opentelemetry-exporter-logging\1.10.1\opentelemetry-exporter-logging-1.10.1.jar;C:\Users\saral\.m2\repository\io\opentelemetry\opentelemetry-sdk-metrics\1.10.1-alpha\opentelemetry-sdk-metrics-1.10.1-alpha.jar;C:\Users\saral\.m2\repository\io\opentelemetry\opentelemetry-sdk-logs\1.10.1-alpha\opentelemetry-sdk-logs-1.10.1-alpha.jar;C:\Users\saral\.m2\repository\io\opentelemetry\opentelemetry-sdk-common\1.10.1\opentelemetry-sdk-common-1.10.1.jar;C:\Users\saral\.m2\repository\io\opentelemetry\opentelemetry-sdk-extension-autoconfigure-spi\1.10.1\opentelemetry-sdk-extension-autoconfigure-spi-1.10.1.jar;C:\Users\saral\.m2\repository\io\opentelemetry\opentelemetry-sdk-extension-autoconfigure\1.10.1-alpha\opentelemetry-sdk-extension-autoconfigure-1.10.1-alpha.jar;C:\Users\saral\.m2\repository\io\opentelemetry\opentelemetry-sdk-trace\1.10.1\opentelemetry-sdk-trace-1.10.1.jar;C:\Users\saral\.m2\repository\io\opentelemetry\opentelemetry-sdk\1.10.1\opentelemetry-sdk-1.10.1.jar;C:\Users\saral\.m2\repository\io\opentelemetry\opentelemetry-semconv\1.10.1-alpha\opentelemetry-semconv-1.10.1-alpha.jar;C:\Users\saral\.m2\repository\io\ous\jtoml\2.0.0\jtoml-2.0.0.jar;C:\Users\saral\.m2\repository\org\apache\commons\commons-exec\1.3\commons-exec-1.3.jar;C:\Users\saral\.m2\repository\org\asynchttpclient\async-http-client\2.12.3\async-http-client-2.12.3.jar;C:\Users\saral\.m2\repository\org\asynchttpclient\async-http-client-netty-utils\2.12.3\async-http-client-netty-utils-2.12.3.jar;C:\Users\saral\.m2\repository\io\netty\netty-codec-socks\4.1.60.Final\netty-codec-socks-4.1.60.Final.jar;C:\Users\saral\.m2\repository\io\netty\netty-handler-proxy\4.1.60.Final\netty-handler-proxy-4.1.60.Final.jar;C:\Users\saral\.m2\repository\io\netty\netty-transport-native-epoll\4.1.60.Final\netty-transport-native-epoll-4.1.60.Final-linux-x86_64.jar;C:\Users\saral\.m2\repository\io\netty\netty-transport-native-kqueue\4.1.60.Final\netty-transport-native-kqueue-4.1.60.Final-osx-x86_64.jar;C:\Users\saral\.m2\repository\org\reactivestreams\reactive-streams\1.0.3\reactive-streams-1.0.3.jar;C:\Users\saral\.m2\repository\com\typesafe\netty\netty-reactive-streams\2.0.4\netty-reactive-streams-2.0.4.jar;C:\Users\saral\.m2\repository\org\seleniumhq\selenium\selenium-http\4.1.2\selenium-http-4.1.2.jar;C:\Users\saral\.m2\repository\net\jodah\failsafe\2.4.4\failsafe-2.4.4.jar;C:\Users\saral\.m2\repository\org\seleniumhq\selenium\selenium-safari-driver\4.1.2\selenium-safari-driver-4.1.2.jar;C:\Users\saral\.m2\repository\org\seleniumhq\selenium\selenium-api\4.1.2\selenium-api-4.1.2.jar;C:\Users\saral\.m2\repository\org\seleniumhq\selenium\selenium-support\4.1.2\selenium-support-4.1.2.jar;C:\Users\saral\.m2\repository\com\google\auto\service\auto-service-annotations\1.0.1\auto-service-annotations-1.0.1.jar;C:\Users\saral\.m2\repository\com\google\auto\service\auto-service\1.0.1\auto-service-1.0.1.jar;C:\Users\saral\.m2\repository\com\google\auto\auto-common\1.2\auto-common-1.2.jar;C:\Users\saral\.m2\repository\org\seleniumhq\selenium\selenium-json\4.1.2\selenium-json-4.1.2.jar;C:\Users\saral\.m2\repository\org\seleniumhq\selenium\selenium-chrome-driver\4.1.2\selenium-chrome-driver-4.1.2.jar;C:\Users\saral\.m2\repository\org\seleniumhq\selenium\selenium-chromium-driver\4.1.2\selenium-chromium-driver-4.1.2.jar;C:\Users\saral\.m2\repository\org\seleniumhq\selenium\selenium-firefox-driver\4.1.2\selenium-firefox-driver-4.1.2.jar;C:\Users\saral\.m2\repository\org\seleniumhq\selenium\selenium-edge-driver\4.1.2\selenium-edge-driver-4.1.2.jar;C:\Users\saral\.m2\repository\org\seleniumhq\selenium\selenium-ie-driver\4.1.2\selenium-ie-driver-4.1.2.jar;C:\Users\saral\.m2\repository\org\projectlombok\lombok\1.18.20\lombok-1.18.20.jar;C:\Users\saral\.m2\repository\io\appium\java-client\8.0.0\java-client-8.0.0.jar;C:\Users\saral\.m2\repository\commons-validator\commons-validator\1.7\commons-validator-1.7.jar;C:\Users\saral\.m2\repository\commons-digester\commons-digester\2.1\commons-digester-2.1.jar;C:\Users\saral\.m2\repository\org\aspectj\aspectjweaver\1.9.8\aspectjweaver-1.9.8.jar;C:\Users\saral\.m2\repository\org\codehaus\groovy\groovy\3.0.10\groovy-3.0.10.jar;C:\Users\saral\.m2\repository\net\sf\opencsv\opencsv\2.0\opencsv-2.0.jar;C:\Users\saral\.m2\repository\commons-beanutils\commons-beanutils\1.9.4\commons-beanutils-1.9.4.jar;C:\Users\saral\.m2\repository\org\apache\commons\commons-lang3\3.12.0\commons-lang3-3.12.0.jar;C:\Users\saral\.m2\repository\commons-collections\commons-collections\3.2.2\commons-collections-3.2.2.jar;C:\Users\saral\.m2\repository\org\fluentlenium\fluentlenium-core\0.10.2\fluentlenium-core-0.10.2.jar;C:\Users\saral\.m2\repository\io\github\bonigarcia\webdrivermanager\5.1.0\webdrivermanager-5.1.0.jar;C:\Users\saral\.m2\repository\com\github\docker-java\docker-java\3.2.13\docker-java-3.2.13.jar;C:\Users\saral\.m2\repository\com\github\docker-java\docker-java-core\3.2.13\docker-java-core-3.2.13.jar;C:\Users\saral\.m2\repository\com\github\docker-java\docker-java-api\3.2.13\docker-java-api-3.2.13.jar;C:\Users\saral\.m2\repository\org\apache\commons\commons-compress\1.21\commons-compress-1.21.jar;C:\Users\saral\.m2\repository\org\bouncycastle\bcpkix-jdk15on\1.64\bcpkix-jdk15on-1.64.jar;C:\Users\saral\.m2\repository\org\bouncycastle\bcprov-jdk15on\1.64\bcprov-jdk15on-1.64.jar;C:\Users\saral\.m2\repository\org\slf4j\jcl-over-slf4j\1.7.30\jcl-over-slf4j-1.7.30.jar;C:\Users\saral\.m2\repository\com\github\docker-java\docker-java-transport-httpclient5\3.2.13\docker-java-transport-httpclient5-3.2.13.jar;C:\Users\saral\.m2\repository\com\github\docker-java\docker-java-transport\3.2.13\docker-java-transport-3.2.13.jar;C:\Users\saral\.m2\repository\org\apache\httpcomponents\client5\httpclient5\5.0.3\httpclient5-5.0.3.jar;C:\Users\saral\.m2\repository\org\apache\httpcomponents\core5\httpcore5\5.0.2\httpcore5-5.0.2.jar;C:\Users\saral\.m2\repository\net\java\dev\jna\jna\5.8.0\jna-5.8.0.jar;C:\Users\saral\.m2\repository\org\brotli\dec\0.1.2\dec-0.1.2.jar;C:\Users\saral\.m2\repository\com\jhlabs\filters\2.0.235\filters-2.0.235.jar;C:\Users\saral\.m2\repository\com\paulhammant\ngwebdriver\1.1.6\ngwebdriver-1.1.6.jar;C:\Users\saral\.m2\repository\joda-time\joda-time\2.8.2\joda-time-2.8.2.jar;C:\Users\saral\.m2\repository\org\hamcrest\hamcrest\2.2\hamcrest-2.2.jar;C:\Users\saral\.m2\repository\com\google\jimfs\jimfs\1.2\jimfs-1.2.jar;C:\Users\saral\.m2\repository\org\mockito\mockito-core\3.3.3\mockito-core-3.3.3.jar;C:\Users\saral\.m2\repository\javax\xml\bind\jaxb-api\2.3.1\jaxb-api-2.3.1.jar;C:\Users\saral\.m2\repository\javax\activation\javax.activation-api\1.2.0\javax.activation-api-1.2.0.jar;C:\Users\saral\.m2\repository\com\sun\xml\bind\jaxb-core\2.3.0.1\jaxb-core-2.3.0.1.jar;C:\Users\saral\.m2\repository\com\sun\xml\bind\jaxb-impl\2.3.3\jaxb-impl-2.3.3.jar;C:\Users\saral\.m2\repository\jakarta\xml\bind\jakarta.xml.bind-api\2.3.3\jakarta.xml.bind-api-2.3.3.jar;C:\Users\saral\.m2\repository\com\sun\activation\jakarta.activation\1.2.2\jakarta.activation-1.2.2.jar;C:\Users\saral\.m2\repository\javax\activation\activation\1.1.1\activation-1.1.1.jar;C:\Users\saral\.m2\repository\net\serenity-bdd\serenity-cucumber\3.2.1\serenity-cucumber-3.2.1.jar;C:\Users\saral\.m2\repository\io\cucumber\cucumber-core\7.2.3\cucumber-core-7.2.3.jar;C:\Users\saral\.m2\repository\io\cucumber\cucumber-gherkin\7.2.3\cucumber-gherkin-7.2.3.jar;C:\Users\saral\.m2\repository\io\cucumber\cucumber-gherkin-messages\7.2.3\cucumber-gherkin-messages-7.2.3.jar;C:\Users\saral\.m2\repository\io\cucumber\messages\17.1.1\messages-17.1.1.jar;C:\Users\saral\.m2\repository\io\cucumber\tag-expressions\4.1.0\tag-expressions-4.1.0.jar;C:\Users\saral\.m2\repository\io\cucumber\cucumber-expressions\15.0.1\cucumber-expressions-15.0.1.jar;C:\Users\saral\.m2\repository\io\cucumber\datatable\7.2.3\datatable-7.2.3.jar;C:\Users\saral\.m2\repository\io\cucumber\cucumber-plugin\7.2.3\cucumber-plugin-7.2.3.jar;C:\Users\saral\.m2\repository\io\cucumber\docstring\7.2.3\docstring-7.2.3.jar;C:\Users\saral\.m2\repository\io\cucumber\html-formatter\17.0.0\html-formatter-17.0.0.jar;C:\Users\saral\.m2\repository\io\cucumber\ci-environment\8.1.0\ci-environment-8.1.0.jar;C:\Users\saral\.m2\repository\io\cucumber\cucumber-junit\7.2.3\cucumber-junit-7.2.3.jar;C:\Users\saral\.m2\repository\org\apache\commons\commons-csv\1.5\commons-csv-1.5.jar;C:\Users\saral\.m2\repository\net\serenity-bdd\serenity-screenplay\3.2.1\serenity-screenplay-3.2.1.jar;C:\Users\saral\.m2\repository\net\serenity-bdd\serenity-screenplay-webdriver\3.2.1\serenity-screenplay-webdriver-3.2.1.jar;C:\Users\saral\.m2\repository\net\serenity-bdd\serenity-ensure\3.2.1\serenity-ensure-3.2.1.jar;C:\Users\saral\.m2\repository\net\serenity-bdd\serenity-junit\3.2.1\serenity-junit-3.2.1.jar;C:\Users\saral\.m2\repository\org\jetbrains\kotlin\kotlin-stdlib\1.6.0\kotlin-stdlib-1.6.0.jar;C:\Users\saral\.m2\repository\org\jetbrains\annotations\13.0\annotations-13.0.jar;C:\Users\saral\.m2\repository\org\jetbrains\kotlin\kotlin-stdlib-common\1.6.0\kotlin-stdlib-common-1.6.0.jar;C:\Users\saral\.m2\repository\org\junit\platform\junit-platform-launcher\1.8.1\junit-platform-launcher-1.8.1.jar;C:\Users\saral\.m2\repository\org\junit\platform\junit-platform-engine\1.8.1\junit-platform-engine-1.8.1.jar;C:\Users\saral\.m2\repository\org\opentest4j\opentest4j\1.2.0\opentest4j-1.2.0.jar;C:\Users\saral\.m2\repository\org\junit\platform\junit-platform-commons\1.8.1\junit-platform-commons-1.8.1.jar;C:\Users\saral\.m2\repository\org\apiguardian\apiguardian-api\1.1.2\apiguardian-api-1.1.2.jar;C:\Users\saral\.m2\repository\org\junit\jupiter\junit-jupiter-engine\5.8.2\junit-jupiter-engine-5.8.2.jar;C:\Users\saral\.m2\repository\org\junit\jupiter\junit-jupiter-api\5.8.2\junit-jupiter-api-5.8.2.jar;C:\Users\saral\.m2\repository\org\junit\vintage\junit-vintage-engine\5.8.2\junit-vintage-engine-5.8.2.jar;C:\Users\saral\.m2\repository\junit\junit\4.13.2\junit-4.13.2.jar;C:\Users\saral\.m2\repository\org\hamcrest\hamcrest-core\1.3\hamcrest-core-1.3.jar;C:\Users\saral\.m2\repository\ch\qos\logback\logback-classic\1.2.10\logback-classic-1.2.10.jar;C:\Users\saral\.m2\repository\ch\qos\logback\logback-core\1.2.10\logback-core-1.2.10.jar;C:\Users\saral\.m2\repository\org\slf4j\slf4j-api\1.7.32\slf4j-api-1.7.32.jar;C:\Users\saral\.m2\repository\org\assertj\assertj-core\3.6.2\assertj-core-3.6.2.jar;C:\Users\saral\.m2\repository\com\github\javafaker\javafaker\1.0.2\javafaker-1.0.2.jar;C:\Users\saral\.m2\repository\org\yaml\snakeyaml\1.23\snakeyaml-1.23-android.jar;C:\Users\saral\.m2\repository\com\github\mifmif\generex\1.0.2\generex-1.0.2.jar;C:\Users\saral\.m2\repository\dk\brics\automaton\automaton\1.11-8\automaton-1.11-8.jar;C:\Users\saral\.m2\repository\org\apache\maven\surefire\surefire-junit-platform\3.0.0-M5\surefire-junit-platform-3.0.0-M5.jar;C:\Users\saral\.m2\repository\org\apache\maven\surefire\common-java5\3.0.0-M5\common-java5-3.0.0-M5.jar"/>
    <property name="user.script" value=""/>
    <property name="java.protocol.handler.pkgs" value="com.google.common"/>
    <property name="sun.management.compiler" value="HotSpot 64-Bit Tiered Compilers"/>
    <property name="java.runtime.version" value="11.0.13+10-LTS-370"/>
    <property name="user.name" value="saral"/>
    <property name="path.separator" value=";"/>
    <property name="os.version" value="10.0"/>
    <property name="java.runtime.name" value="Java(TM) SE Runtime Environment"/>
    <property name="file.encoding" value="Cp1252"/>
    <property name="webdriver.base.url" value=""/>
    <property name="java.vm.name" value="Java HotSpot(TM) 64-Bit Server VM"/>
    <property name="java.vendor.version" value="18.9"/>
    <property name="localRepository" value="C:\Users\saral\.m2\repository"/>
    <property name="java.vendor.url.bug" value="https://bugreport.java.com/bugreport/"/>
    <property name="java.io.tmpdir" value="C:\Users\saral\AppData\Local\Temp\"/>
    <property name="java.version" value="11.0.13"/>
    <property name="user.dir" value="D:\Intern\MSIB Alterra\alterra-mini-project\serenity-web-ui-test"/>
    <property name="os.arch" value="amd64"/>
    <property name="java.vm.specification.name" value="Java Virtual Machine Specification"/>
    <property name="java.awt.printerjob" value="sun.awt.windows.WPrinterJob"/>
    <property name="sun.os.patch.level" value=""/>
    <property name="java.library.path" value="C:\Program Files\Java\jdk-11.0.13\bin;C:\Windows\Sun\Java\bin;C:\Windows\system32;C:\Windows;C:\Program Files\Common Files\Oracle\Java\javapath;C:\Windows\system32;C:\Windows;C:\Windows\System32\Wbem;C:\Windows\System32\WindowsPowerShell\v1.0\;C:\Windows\System32\OpenSSH\;C:\Program Files (x86)\NVIDIA Corporation\PhysX\Common;C:\Program Files\NVIDIA Corporation\NVIDIA NvDLISR;D:\xampp\php;C:\ProgramData\ComposerSetup\bin;C:\Program Files\dotnet\;C:\Program Files\Git\cmd;C:\Program Files\apache-maven-3.8.5\bin;C:\Program Files\Java\jdk-11.0.13\bin;C:\Program Files\Cloudflare\Cloudflare WARP\;C:\Program Files\nodejs\;C:\Program Files (x86)\ZeroTier\One\;C:\Users\saral\AppData\Local\Microsoft\WindowsApps;C:\Users\saral\AppData\Local\Programs\Microsoft VS Code\bin;C:\Users\saral\AppData\Local\GitHubDesktop\bin;C:\Users\saral\AppData\Roaming\Composer\vendor\bin;C:\Users\saral\.dotnet\tools;C:\Users\saral\AppData\Roaming\npm;D:\Android\sdk\platform-tools;D:\Android\sdk\emulator;;."/>
    <property name="java.vendor" value="Oracle Corporation"/>
    <property name="java.vm.info" value="mixed mode"/>
    <property name="java.vm.version" value="11.0.13+10-LTS-370"/>
    <property name="sun.io.unicode.encoding" value="UnicodeLittle"/>
    <property name="java.class.version" value="55.0"/>
  </properties>
  <testcase name="Login with valid email and password" classname="Login" time="22.359">
    <system-out><![CDATA[19:00:35.175 [main] INFO io.cucumber.core.plugin.SerenityReporter - Running feature from file:///D:/Intern/MSIB%20Alterra/alterra-mini-project/serenity-web-ui-test/src/test/resources/features/Login.feature
19:00:35.479 [main] INFO  - 

-------------------------------------------------------------------------------------
     _______. _______ .______       _______ .__   __.  __  .___________.____    ____ 
    /       ||   ____||   _  \     |   ____||  \ |  | |  | |           |\   \  /   / 
   |   (----`|  |__   |  |_)  |    |  |__   |   \|  | |  | `---|  |----` \   \/   /  
    \   \    |   __|  |      /     |   __|  |  . `  | |  |     |  |       \_    _/   
.----)   |   |  |____ |  |\  \----.|  |____ |  |\   | |  |     |  |         |  |     
|_______/    |_______|| _| `._____||_______||__| \__| |__|     |__|         |__|    
                                                                                     
 News and tutorials at http://www.serenity-bdd.info                                  
 Documentation at https://wakaleo.gitbooks.io/the-serenity-book/content/             
 Join the Serenity Community on Gitter: https://gitter.im/serenity-bdd/serenity-core 
 Serenity BDD Support and Training at http://serenity-bdd.info/#/trainingandsupport  
-------------------------------------------------------------------------------------

19:00:35.484 [main] DEBUG net.thucydides.core.steps.StepEventBus - Test suite started for story net.thucydides.core.model.Story@23282f08
19:00:35.492 [main] INFO  - Test Suite Started: Login
19:00:35.515 [main] INFO io.cucumber.core.plugin.SerenityReporter - Running feature from file:///D:/Intern/MSIB%20Alterra/alterra-mini-project/serenity-web-ui-test/src/test/resources/features/Logout.feature
19:00:35.523 [main] DEBUG net.thucydides.core.steps.StepEventBus - Test suite started for story net.thucydides.core.model.Story@7960de68
19:00:35.523 [main] INFO  - Test Suite Started: Logout
19:00:35.524 [main] INFO io.cucumber.core.plugin.SerenityReporter - Running feature from file:///D:/Intern/MSIB%20Alterra/alterra-mini-project/serenity-web-ui-test/src/test/resources/features/Order.feature
19:00:35.531 [main] DEBUG net.thucydides.core.steps.StepEventBus - Test suite started for story net.thucydides.core.model.Story@cc4b76a8
19:00:35.532 [main] INFO  - Test Suite Started: Order
19:00:35.533 [main] INFO io.cucumber.core.plugin.SerenityReporter - Running feature from file:///D:/Intern/MSIB%20Alterra/alterra-mini-project/serenity-web-ui-test/src/test/resources/features/Rating.feature
19:00:35.541 [main] DEBUG net.thucydides.core.steps.StepEventBus - Test suite started for story net.thucydides.core.model.Story@6f9be80f
19:00:35.541 [main] INFO  - Test Suite Started: Ratings
19:00:35.542 [main] INFO io.cucumber.core.plugin.SerenityReporter - Running feature from file:///D:/Intern/MSIB%20Alterra/alterra-mini-project/serenity-web-ui-test/src/test/resources/features/Register.feature
19:00:35.552 [main] DEBUG net.thucydides.core.steps.StepEventBus - Test suite started for story net.thucydides.core.model.Story@30e75088
19:00:35.554 [main] INFO  - Test Suite Started: Register
19:00:35.555 [main] INFO io.cucumber.core.plugin.SerenityReporter - Running feature from file:///D:/Intern/MSIB%20Alterra/alterra-mini-project/serenity-web-ui-test/src/test/resources/features/Login.feature
19:00:35.562 [main] DEBUG net.thucydides.core.steps.StepEventBus - Test suite started for story net.thucydides.core.model.Story@23282f08
19:00:35.563 [main] INFO  - Test Suite Started: Login

Scenario: Login with valid email and password &amp#27;[90m# src/test/resources/features/Login.feature:4&amp#27;[0m
19:00:35.698 [main] INFO io.cucumber.core.plugin.SerenityReporter - Running feature from file:///D:/Intern/MSIB%20Alterra/alterra-mini-project/serenity-web-ui-test/src/test/resources/features/Login.feature
19:00:35.868 [main] INFO  - 
  _____   ___   ___   _____     ___   _____     _     ___   _____   ___   ___  
 |_   _| | __| / __| |_   _|   / __| |_   _|   /_\   | _ \ |_   _| | __| |   \ 
   | |   | _|  \__ \   | |     \__ \   | |    / _ \  |   /   | |   | _|  | |) |
   |_|   |___| |___/   |_|     |___/   |_|   /_/ \_\ |_|_\   |_|   |___| |___/ 

Login with valid email and password(login;login-with-valid-email-and-password)
--------------------------------------------------------------------------------
19:00:37.206 [main] DEBUG net.thucydides.core.steps.StepInterceptor - STARTING STEP: LoginSteps.onTheLoginPage - loginPage
19:00:37.262 [main] INFO net.serenitybdd.core.webdriver.driverproviders.ChromeDriverProvider - Using automatically driver download
19:00:38.282 [main] DEBUG io.github.bonigarcia.wdm.cache.ResolutionCache - Removing resolution chrome=101 from cache (expired on Sun May 15 02:58:38 ICT 2022)
19:00:38.318 [main] DEBUG org.apache.hc.client5.http.impl.classic.InternalHttpClient - ex-00000001: preparing request execution
19:00:38.326 [main] DEBUG org.apache.hc.client5.http.protocol.RequestAddCookies - Cookie spec selected: strict
19:00:38.336 [main] DEBUG org.apache.hc.client5.http.protocol.RequestAuthCache - Auth cache not set in the context
19:00:38.336 [main] DEBUG org.apache.hc.client5.http.impl.classic.ProtocolExec - ex-00000001: target auth state: UNCHALLENGED
19:00:38.338 [main] DEBUG org.apache.hc.client5.http.impl.classic.ProtocolExec - ex-00000001: proxy auth state: UNCHALLENGED
19:00:38.338 [main] DEBUG org.apache.hc.client5.http.impl.classic.ConnectExec - ex-00000001: acquiring connection with route {s}->https://raw.githubusercontent.com:443
19:00:38.338 [main] DEBUG org.apache.hc.client5.http.impl.classic.InternalHttpClient - ex-00000001: acquiring endpoint (3 MINUTES)
19:00:38.339 [main] DEBUG org.apache.hc.client5.http.impl.io.PoolingHttpClientConnectionManager - ex-00000001: endpoint lease request (3 MINUTES) [route: {s}->https://raw.githubusercontent.com:443][total available: 0; route allocated: 0 of 5; total allocated: 0 of 25]
19:00:38.345 [main] DEBUG org.apache.hc.client5.http.impl.io.PoolingHttpClientConnectionManager - ex-00000001: endpoint leased [route: {s}->https://raw.githubusercontent.com:443][total available: 0; route allocated: 1 of 5; total allocated: 1 of 25]
19:00:38.362 [main] DEBUG org.apache.hc.client5.http.impl.io.PoolingHttpClientConnectionManager - ex-00000001: acquired ep-00000000
19:00:38.362 [main] DEBUG org.apache.hc.client5.http.impl.classic.InternalHttpClient - ex-00000001: acquired endpoint ep-00000000
19:00:38.362 [main] DEBUG org.apache.hc.client5.http.impl.classic.ConnectExec - ex-00000001: opening connection {s}->https://raw.githubusercontent.com:443
19:00:38.364 [main] DEBUG org.apache.hc.client5.http.impl.classic.InternalHttpClient - ep-00000000: connecting endpoint (30 SECONDS)
19:00:38.364 [main] DEBUG org.apache.hc.client5.http.impl.io.PoolingHttpClientConnectionManager - ep-00000000: connecting endpoint to https://raw.githubusercontent.com:443 (30 SECONDS)
19:00:38.399 [main] DEBUG org.apache.hc.client5.http.impl.io.DefaultHttpClientConnectionOperator - http-outgoing-0: connecting to raw.githubusercontent.com/185.199.108.133:443
19:00:38.399 [main] DEBUG org.apache.hc.client5.http.ssl.SSLConnectionSocketFactory - Connecting socket to raw.githubusercontent.com/185.199.108.133:443 with timeout 30 SECONDS
19:00:38.443 [main] DEBUG org.apache.hc.client5.http.ssl.SSLConnectionSocketFactory - Enabled protocols: [TLSv1.3, TLSv1.2]
19:00:38.443 [main] DEBUG org.apache.hc.client5.http.ssl.SSLConnectionSocketFactory - Enabled cipher suites: [TLS_AES_256_GCM_SHA384, TLS_AES_128_GCM_SHA256, TLS_ECDHE_ECDSA_WITH_AES_256_GCM_SHA384, TLS_ECDHE_ECDSA_WITH_AES_128_GCM_SHA256, TLS_ECDHE_RSA_WITH_AES_256_GCM_SHA384, TLS_ECDHE_RSA_WITH_AES_128_GCM_SHA256, TLS_DHE_RSA_WITH_AES_256_GCM_SHA384, TLS_DHE_DSS_WITH_AES_256_GCM_SHA384, TLS_DHE_RSA_WITH_AES_128_GCM_SHA256, TLS_DHE_DSS_WITH_AES_128_GCM_SHA256, TLS_ECDHE_ECDSA_WITH_AES_256_CBC_SHA384, TLS_ECDHE_RSA_WITH_AES_256_CBC_SHA384, TLS_ECDHE_ECDSA_WITH_AES_128_CBC_SHA256, TLS_ECDHE_RSA_WITH_AES_128_CBC_SHA256, TLS_DHE_RSA_WITH_AES_256_CBC_SHA256, TLS_DHE_DSS_WITH_AES_256_CBC_SHA256, TLS_DHE_RSA_WITH_AES_128_CBC_SHA256, TLS_DHE_DSS_WITH_AES_128_CBC_SHA256, TLS_ECDH_ECDSA_WITH_AES_256_GCM_SHA384, TLS_ECDH_RSA_WITH_AES_256_GCM_SHA384, TLS_ECDH_ECDSA_WITH_AES_128_GCM_SHA256, TLS_ECDH_RSA_WITH_AES_128_GCM_SHA256, TLS_ECDH_ECDSA_WITH_AES_256_CBC_SHA384, TLS_ECDH_RSA_WITH_AES_256_CBC_SHA384, TLS_ECDH_ECDSA_WITH_AES_128_CBC_SHA256, TLS_ECDH_RSA_WITH_AES_128_CBC_SHA256, TLS_ECDHE_ECDSA_WITH_AES_256_CBC_SHA, TLS_ECDHE_RSA_WITH_AES_256_CBC_SHA, TLS_ECDHE_ECDSA_WITH_AES_128_CBC_SHA, TLS_ECDHE_RSA_WITH_AES_128_CBC_SHA, TLS_DHE_RSA_WITH_AES_256_CBC_SHA, TLS_DHE_DSS_WITH_AES_256_CBC_SHA, TLS_DHE_RSA_WITH_AES_128_CBC_SHA, TLS_DHE_DSS_WITH_AES_128_CBC_SHA, TLS_ECDH_ECDSA_WITH_AES_256_CBC_SHA, TLS_ECDH_RSA_WITH_AES_256_CBC_SHA, TLS_ECDH_ECDSA_WITH_AES_128_CBC_SHA, TLS_ECDH_RSA_WITH_AES_128_CBC_SHA, TLS_RSA_WITH_AES_256_GCM_SHA384, TLS_RSA_WITH_AES_128_GCM_SHA256, TLS_RSA_WITH_AES_256_CBC_SHA256, TLS_RSA_WITH_AES_128_CBC_SHA256, TLS_RSA_WITH_AES_256_CBC_SHA, TLS_RSA_WITH_AES_128_CBC_SHA, TLS_EMPTY_RENEGOTIATION_INFO_SCSV]
19:00:38.444 [main] DEBUG org.apache.hc.client5.http.ssl.SSLConnectionSocketFactory - Starting handshake
19:00:38.599 [main] DEBUG org.apache.hc.client5.http.ssl.SSLConnectionSocketFactory - Secure session established
19:00:38.600 [main] DEBUG org.apache.hc.client5.http.ssl.SSLConnectionSocketFactory -  negotiated protocol: TLSv1.3
19:00:38.601 [main] DEBUG org.apache.hc.client5.http.ssl.SSLConnectionSocketFactory -  negotiated cipher suite: TLS_AES_256_GCM_SHA384
19:00:38.601 [main] DEBUG org.apache.hc.client5.http.ssl.SSLConnectionSocketFactory -  peer principal: CN=*.github.io, O="GitHub, Inc.", L=San Francisco, ST=California, C=US
19:00:38.606 [main] DEBUG org.apache.hc.client5.http.ssl.SSLConnectionSocketFactory -  peer alternative names: [*.github.io, github.com, *.github.com, www.github.com, github.io, githubusercontent.com, *.githubusercontent.com]
19:00:38.606 [main] DEBUG org.apache.hc.client5.http.ssl.SSLConnectionSocketFactory -  issuer principal: CN=DigiCert TLS RSA SHA256 2020 CA1, O=DigiCert Inc, C=US
19:00:38.607 [main] DEBUG org.apache.hc.client5.http.impl.io.DefaultHttpClientConnectionOperator - http-outgoing-0: connection established 192.168.0.101:52298<->185.199.108.133:443
19:00:38.609 [main] DEBUG org.apache.hc.client5.http.impl.io.PoolingHttpClientConnectionManager - ep-00000000: connected http-outgoing-0
19:00:38.609 [main] DEBUG org.apache.hc.client5.http.impl.classic.InternalHttpClient - ep-00000000: endpoint connected
19:00:38.610 [main] DEBUG org.apache.hc.client5.http.impl.classic.MainClientExec - ex-00000001: executing GET /bonigarcia/webdrivermanager/master/src/main/resources/commands.properties HTTP/1.1
19:00:38.611 [main] DEBUG org.apache.hc.client5.http.impl.classic.InternalHttpClient - ep-00000000: start execution ex-00000001
19:00:38.611 [main] DEBUG org.apache.hc.client5.http.impl.io.PoolingHttpClientConnectionManager - ep-00000000: executing exchange ex-00000001 over http-outgoing-0
19:00:38.611 [main] DEBUG org.apache.hc.client5.http.headers - http-outgoing-0 >> GET /bonigarcia/webdrivermanager/master/src/main/resources/commands.properties HTTP/1.1
19:00:38.611 [main] DEBUG org.apache.hc.client5.http.headers - http-outgoing-0 >> user-agent: Apache-HttpClient/5.0
19:00:38.611 [main] DEBUG org.apache.hc.client5.http.headers - http-outgoing-0 >> accept-encoding: gzip, deflate, br
19:00:38.612 [main] DEBUG org.apache.hc.client5.http.headers - http-outgoing-0 >> cache-control: max-age=0
19:00:38.613 [main] DEBUG org.apache.hc.client5.http.headers - http-outgoing-0 >> connection: keep-alive
19:00:38.613 [main] DEBUG org.apache.hc.client5.http.headers - http-outgoing-0 >> Host: raw.githubusercontent.com
19:00:38.613 [main] DEBUG org.apache.hc.client5.http.wire - http-outgoing-0 >> "GET /bonigarcia/webdrivermanager/master/src/main/resources/commands.properties HTTP/1.1[\r][\n]"
19:00:38.613 [main] DEBUG org.apache.hc.client5.http.wire - http-outgoing-0 >> "user-agent: Apache-HttpClient/5.0[\r][\n]"
19:00:38.613 [main] DEBUG org.apache.hc.client5.http.wire - http-outgoing-0 >> "accept-encoding: gzip, deflate, br[\r][\n]"
19:00:38.613 [main] DEBUG org.apache.hc.client5.http.wire - http-outgoing-0 >> "cache-control: max-age=0[\r][\n]"
19:00:38.613 [main] DEBUG org.apache.hc.client5.http.wire - http-outgoing-0 >> "connection: keep-alive[\r][\n]"
19:00:38.613 [main] DEBUG org.apache.hc.client5.http.wire - http-outgoing-0 >> "Host: raw.githubusercontent.com[\r][\n]"
19:00:38.613 [main] DEBUG org.apache.hc.client5.http.wire - http-outgoing-0 >> "[\r][\n]"
19:00:38.631 [main] DEBUG org.apache.hc.client5.http.wire - http-outgoing-0 << "HTTP/1.1 200 OK[\r][\n]"
19:00:38.631 [main] DEBUG org.apache.hc.client5.http.wire - http-outgoing-0 << "Connection: keep-alive[\r][\n]"
19:00:38.631 [main] DEBUG org.apache.hc.client5.http.wire - http-outgoing-0 << "Content-Length: 723[\r][\n]"
19:00:38.631 [main] DEBUG org.apache.hc.client5.http.wire - http-outgoing-0 << "Cache-Control: max-age=300[\r][\n]"
19:00:38.631 [main] DEBUG org.apache.hc.client5.http.wire - http-outgoing-0 << "Content-Security-Policy: default-src 'none'; style-src 'unsafe-inline'; sandbox[\r][\n]"
19:00:38.631 [main] DEBUG org.apache.hc.client5.http.wire - http-outgoing-0 << "Content-Type: text/plain; charset=utf-8[\r][\n]"
19:00:38.632 [main] DEBUG org.apache.hc.client5.http.wire - http-outgoing-0 << "ETag: W/"e82b438271e9e8680c688b0b680efd0bdd22faa6d6f0a32fc1fd8accc486b67e"[\r][\n]"
19:00:38.632 [main] DEBUG org.apache.hc.client5.http.wire - http-outgoing-0 << "Strict-Transport-Security: max-age=31536000[\r][\n]"
19:00:38.632 [main] DEBUG org.apache.hc.client5.http.wire - http-outgoing-0 << "X-Content-Type-Options: nosniff[\r][\n]"
19:00:38.632 [main] DEBUG org.apache.hc.client5.http.wire - http-outgoing-0 << "X-Frame-Options: deny[\r][\n]"
19:00:38.632 [main] DEBUG org.apache.hc.client5.http.wire - http-outgoing-0 << "X-XSS-Protection: 1; mode=block[\r][\n]"
19:00:38.632 [main] DEBUG org.apache.hc.client5.http.wire - http-outgoing-0 << "X-GitHub-Request-Id: 3374:5D11:E3835:12A035:6284182F[\r][\n]"
19:00:38.632 [main] DEBUG org.apache.hc.client5.http.wire - http-outgoing-0 << "Content-Encoding: gzip[\r][\n]"
19:00:38.632 [main] DEBUG org.apache.hc.client5.http.wire - http-outgoing-0 << "Accept-Ranges: bytes[\r][\n]"
19:00:38.632 [main] DEBUG org.apache.hc.client5.http.wire - http-outgoing-0 << "Date: Wed, 18 May 2022 12:00:39 GMT[\r][\n]"
19:00:38.632 [main] DEBUG org.apache.hc.client5.http.wire - http-outgoing-0 << "Via: 1.1 varnish[\r][\n]"
19:00:38.632 [main] DEBUG org.apache.hc.client5.http.wire - http-outgoing-0 << "X-Served-By: cache-qpg1235-QPG[\r][\n]"
19:00:38.632 [main] DEBUG org.apache.hc.client5.http.wire - http-outgoing-0 << "X-Cache: HIT[\r][\n]"
19:00:38.632 [main] DEBUG org.apache.hc.client5.http.wire - http-outgoing-0 << "X-Cache-Hits: 2[\r][\n]"
19:00:38.632 [main] DEBUG org.apache.hc.client5.http.wire - http-outgoing-0 << "X-Timer: S1652875240.576349,VS0,VE0[\r][\n]"
19:00:38.633 [main] DEBUG org.apache.hc.client5.http.wire - http-outgoing-0 << "Vary: Authorization,Accept-Encoding,Origin[\r][\n]"
19:00:38.633 [main] DEBUG org.apache.hc.client5.http.wire - http-outgoing-0 << "Access-Control-Allow-Origin: *[\r][\n]"
19:00:38.633 [main] DEBUG org.apache.hc.client5.http.wire - http-outgoing-0 << "X-Fastly-Request-ID: b9a035e6a75689c01e69f72f7d03aa8332cf72bb[\r][\n]"
19:00:38.633 [main] DEBUG org.apache.hc.client5.http.wire - http-outgoing-0 << "Expires: Wed, 18 May 2022 12:05:39 GMT[\r][\n]"
19:00:38.633 [main] DEBUG org.apache.hc.client5.http.wire - http-outgoing-0 << "Source-Age: 249[\r][\n]"
19:00:38.633 [main] DEBUG org.apache.hc.client5.http.wire - http-outgoing-0 << "[\r][\n]"
19:00:38.637 [main] DEBUG org.apache.hc.client5.http.headers - http-outgoing-0 << HTTP/1.1 200 OK
19:00:38.637 [main] DEBUG org.apache.hc.client5.http.headers - http-outgoing-0 << Connection: keep-alive
19:00:38.637 [main] DEBUG org.apache.hc.client5.http.headers - http-outgoing-0 << Content-Length: 723
19:00:38.637 [main] DEBUG org.apache.hc.client5.http.headers - http-outgoing-0 << Cache-Control: max-age=300
19:00:38.637 [main] DEBUG org.apache.hc.client5.http.headers - http-outgoing-0 << Content-Security-Policy: default-src 'none'; style-src 'unsafe-inline'; sandbox
19:00:38.637 [main] DEBUG org.apache.hc.client5.http.headers - http-outgoing-0 << Content-Type: text/plain; charset=utf-8
19:00:38.637 [main] DEBUG org.apache.hc.client5.http.headers - http-outgoing-0 << ETag: W/"e82b438271e9e8680c688b0b680efd0bdd22faa6d6f0a32fc1fd8accc486b67e"
19:00:38.637 [main] DEBUG org.apache.hc.client5.http.headers - http-outgoing-0 << Strict-Transport-Security: max-age=31536000
19:00:38.637 [main] DEBUG org.apache.hc.client5.http.headers - http-outgoing-0 << X-Content-Type-Options: nosniff
19:00:38.637 [main] DEBUG org.apache.hc.client5.http.headers - http-outgoing-0 << X-Frame-Options: deny
19:00:38.637 [main] DEBUG org.apache.hc.client5.http.headers - http-outgoing-0 << X-XSS-Protection: 1; mode=block
19:00:38.637 [main] DEBUG org.apache.hc.client5.http.headers - http-outgoing-0 << X-GitHub-Request-Id: 3374:5D11:E3835:12A035:6284182F
19:00:38.637 [main] DEBUG org.apache.hc.client5.http.headers - http-outgoing-0 << Content-Encoding: gzip
19:00:38.637 [main] DEBUG org.apache.hc.client5.http.headers - http-outgoing-0 << Accept-Ranges: bytes
19:00:38.637 [main] DEBUG org.apache.hc.client5.http.headers - http-outgoing-0 << Date: Wed, 18 May 2022 12:00:39 GMT
19:00:38.637 [main] DEBUG org.apache.hc.client5.http.headers - http-outgoing-0 << Via: 1.1 varnish
19:00:38.637 [main] DEBUG org.apache.hc.client5.http.headers - http-outgoing-0 << X-Served-By: cache-qpg1235-QPG
19:00:38.637 [main] DEBUG org.apache.hc.client5.http.headers - http-outgoing-0 << X-Cache: HIT
19:00:38.637 [main] DEBUG org.apache.hc.client5.http.headers - http-outgoing-0 << X-Cache-Hits: 2
19:00:38.637 [main] DEBUG org.apache.hc.client5.http.headers - http-outgoing-0 << X-Timer: S1652875240.576349,VS0,VE0
19:00:38.637 [main] DEBUG org.apache.hc.client5.http.headers - http-outgoing-0 << Vary: Authorization,Accept-Encoding,Origin
19:00:38.637 [main] DEBUG org.apache.hc.client5.http.headers - http-outgoing-0 << Access-Control-Allow-Origin: *
19:00:38.637 [main] DEBUG org.apache.hc.client5.http.headers - http-outgoing-0 << X-Fastly-Request-ID: b9a035e6a75689c01e69f72f7d03aa8332cf72bb
19:00:38.637 [main] DEBUG org.apache.hc.client5.http.headers - http-outgoing-0 << Expires: Wed, 18 May 2022 12:05:39 GMT
19:00:38.637 [main] DEBUG org.apache.hc.client5.http.headers - http-outgoing-0 << Source-Age: 249
19:00:38.641 [main] DEBUG org.apache.hc.client5.http.impl.classic.MainClientExec - ex-00000001: connection can be kept alive for 3 MINUTES
19:00:38.650 [main] DEBUG org.apache.hc.client5.http.wire - http-outgoing-0 << "[0x1f][0xffffff8b][0x8][0x0][0x0][0x0][0x0][0x0][0x0][0x3][0xffffffb5]V]o[0xffffffda]0[0x14]}[0xffffffe7]W\[0xffffff81]*[0xffffffb5][0x12][0x1f][[M[0xffffffd3]$[0x1e]hF[0xffffffbb]i [0x18][0xffffffb4][0xffffffdd]&[0xfffffff9][0xffffffc5]$7[0xffffffc1]R[0x12]#;[0xffffff94]v[0xffffffbf]~[0xffffffb6][0xfffffff3]1[0xffffff92][0xffffff9a][0xffffffc1][0x1a]x[0xffffffcb][0xffffffb5][0xffffffaf][0xffffffcf]9[0xffffffbe][0xfffffff7]8v[0xb][0x1c][0x1e]E4[0xfffffff6]$x4[0xffffffa1][0xb]*[0xffffffb1][0xffffffd1][0xffffff82][0xfffffffb]%[0xffffff93][0xffffffe0][0xffffffb3][0x10][0xffffffc1][0xffffffe5]qBY,!Y[0xffffffea] KM8,[0x10][0xfffffff0][0x19][0xffffffdd]u[0xffffff82][0x1e][0xffffffb0][0xffffffd8]L[0xffffffcb]%[0xffffff86][0xffffffa1][0xe][0xffffffb8][0xfffffff0]P[0xffffffe8]$[0xf][0x13]t[0x13]3[0xfffffff9][0xffffff84]B2[0xffffffae][0xffffffe6]|@[0xfffffff5][0x1d][0x8][0xffffffc4][0x18][0x16][0xffffff82]o[0xffffffa4][0xffffff9a]P[0xffffff94][0xffffffe7][0xffffffce]R[0xfffffff0][0x8][0xffffffdb]p[0xffffffcb][0x4][0xfffffffa][0xfffffffc][0xffffffb9][\r][0xffffff93][0x15][\n]"
19:00:38.651 [main] DEBUG org.apache.hc.client5.http.wire - http-outgoing-0 << "[0xffffffda][0xffffff86][0xffffffa1][0x17][0xffffffa8]Q3[0xffffffcb][0xffffffd6][0xffffffd1][0xffffff85][0xffffffc6][0xfffffff7][0xffffff98][0xffffffef][0xffffffa3][0xffffffc0]8[0x1][0xffffffae]s[0x12][0x16][0x7] _d[0xffffff82][0xffffff91][0xffffff84][0xfffffff3][0x1f],[0xfffffff6][0x14]j[0x1b]F,^+[0xffffff98]1ua2[0xffffffbf]h([0xffffff8e][0xffffff94][0xffffffa2][0xffffff91]m[0xffffffa3][0xffffffeb][0xffffff9a][0xffffffb0][0xffffffbb]I[0x17]t[0xffffffdf][0xffffffbd][0xffffffef][0xffffffbb][0xffffff91][0xffffffd7]U[0xffffffbb][0xffffff82][0xffffff9e][0x3][0xffffff9b][0xffffff88][0xffffffb9][0xffffffa6]$[0xffffffa6][0xc][0xffffff9b][0xffffffa5][0xffffffe2][0xffffff83][0xffffff98]F[0xffffffd8]o[0xffffff9e]Mg[0xffffff93][0xffffffbb][0xffffffd9]`|[0xfffffffb]u4[0xffffff9c][0x7f]"}B[0xffffffce][0x8][0xffffffb9][0xffffffe3]<[0x8][0xffffff91][0xffffff90][0xffffff94][0xffffff82][0xffffff90][0xffffffc1]j[0x15]2WI[0xffffffe3]1![0x19][0xffffff91]BnB[0xffffff80][0x9]<f[0xffffffb5][0xffffffe8]=[0xffffffd1]p[0xffffffbd][[0xffffffcf][0xffffffe5][0x1b][0xfffffff4][0xffffff9c][0xffffffff][0xfffffffc][0xfffffff8][0xffffffe1][0xffffffe2][0xffffff94][0xffffffa2][0xffffffae][0xe][0x14]5[0xffffff9a]8[0xffffff83][0xffffffd1]`:[0xfffffffd]<[0xffffffb8][0x1f][0xffffff9c]R[0xffffffcf]u[0x7f]6[0xffffffbc][0xffffff83][0xffffffef][0xf][0xffffffc3][0xffffffd9]/[0xfffffff8][0xfffffff2][0xffffffcd]y s[0xffffffee]'[0x1b]*0g[0xffffffcb][0xffffffc8]nF7H][0xffffff83][0xffffff97]{[0xffffffb1]Q[0x5][\r][0xffffffb5]c[0xffffffb4][0xf][0x2][0xffffffb3][0xffffffb4][0xffffff93][0xe]C[0xffffffa7][0xffffffb3]kAD][0xffffff9d][0xffffffde][0xffffffdb][0xffffffda][0xffffff88][0xffffffec][0xffffffa5][0xffffffbc][0xffffff99][0xffffffd9][0xffffffba]t[0xffffffb5][0xffffffea]9[0xffffffea][0x10])[0xffffffb7][0xffffffca][0xffffff9e][0xfffffff2][0xffffffe2]d^N[0xffffffd8]FW[0x16][0xffffffcd][0xffffffdc]_[0x10][0xfffffff9]i|[0x1c][0xffffff93][0xffffff8e][0xfffffff9]o[0x16][0xffffff86]4'!$G[0xffffffdf]W[0xfffffff4]W*j[[0xfffffff3]xR[0xffffffae][0xffffffb6][0xc][0xffffffd0],; #[0xffffffa9][0xffffff92]5[0xffffffb5][0x7][0xffffff9c][0xffffffb5][0xffffffd0][0x7f][0xffffff90][0xffffffc7]jgs[0xfffffffc][0xffffffc2][0xb][0xffffffd9][0x0]t[0xffffff9e]^'Y[0xfffffffb][0xffffff9f][0xffffffb1][0xffffffd8]:[0xffffffbf][0xffffff8d][0xffffffa5][0xffffff9a][0xffffffad][0x7f]m[0x5]&[0xffffffaa][0xffffffa0]^[0xffffff9b][0xffffffcb][0x5]f[0xffffffae][0xffffffe0]RU[0xffffff82][0x10]MS9l[0xffffff91]4t[0xfffffffb][0xffffff8a]][0xffffffd6][0xfffffff4][0xffffff96][0xffffffa6][0xffffff9f]P[0xffffffce][0xffffffd5][0xffffffce][0xffffff93][0xffffffff][0xffffff97][0xffffffcc]p[0xfffffffd][0xfffffff3][0xffffffe8][0x1b][0xffffffcc][0xffffffa2][0xffffffd9]Q[0xffffffbe][0xffffffb2][0xffffffa3][0xffffffc7]m'[0xffffffdf][0xffffffe4][[0xfffffffb]^[0xffffffb0][0xffffff9a][0xffffffbe][0xffffffda][0xffffffda]_[0xffffffce][0xffffff80][0xffffffd2][0xffffffc1]7[0xffffffb7]][0xffffffc1]b[0xffffffee][0xffffffb5][0xffffffff]w[0xffffff83][0xffffffed][0xffffffa7];[0x15]<[0x10]4[0xffffff92][0xffffff84][0x18][\n]"
19:00:38.651 [main] DEBUG org.apache.hc.client5.http.wire - http-outgoing-0 << "BB[0xffffffba][0xffffff8e]][0xffffffb5]jo[0xffffffb9]+"[0xffffffea][0xffffffb4][0xffffffff]h"[0xffffffea]\?5[0xffffffa9][0xffffffaf]k[0xffffffec][0xffffffff]P[0xffffffea][\n]"
19:00:38.651 [main] DEBUG org.apache.hc.client5.http.wire - http-outgoing-0 << "w[0xffffffe1]K[0x13][0xffffffda][0xffffffec][0xffffff98][0xffffffe6]Y[0xfffffffd]h8m6[0xffffff9c]T[0xffffffc1][0xfffffff2][0xffffffa7][0xffffff91]z_[0xffffff95]o85p[0x1c][0x13][0xffffffe6][0xfffffff0]5[0xffffffee][0xfffffffc][0xffffff92][0xffffff96][0xffffffda][0xfffffff7][0xffffffcf][0xffffffb1][0x5][0x1d][0xffffffea]K[0xffffff9b]9[0xffffff8e][0xffffffad]e[0xfffffff7][0xffffff93][0xffffffa8]`[0xffffffda][0xffffffff][0x1a][0xffffffd2][0xffffff88][0xffffff85][0xfffffffd][0xfffffff2][0xffffff91]N[0xfffffff6]`[0xffffffdf]2[0xffffffcf][0xffffffae]E[0xffffff97][0xffffffc5][0xffffffa2][0xffffff9d][0xffffffef]'[0xffffff9d]mun.[0xffffffd3]f^[0xffffffc7][0xffffff82][0xffffffda][0xffffff82]9[0xfffffff5][0xffffffa9]`[0x5][0xffffffbc]4[0xffffffa1][0x1d]<M[0xffffffb5]A[0xffffffa7]3[[0xffffffc0][0x7f][0x0][0xffffffc1][0xffffffd0]$[0xffffff85][0x1d][\r][0x0][0x0]"
19:00:38.652 [main] DEBUG org.apache.hc.client5.http.impl.classic.InternalHttpClient - ep-00000000: releasing valid endpoint
19:00:38.652 [main] DEBUG org.apache.hc.client5.http.impl.io.PoolingHttpClientConnectionManager - ep-00000000: releasing endpoint
19:00:38.653 [main] DEBUG org.apache.hc.client5.http.impl.io.PoolingHttpClientConnectionManager - ep-00000000: connection http-outgoing-0 can be kept alive for 3 MINUTES
19:00:38.654 [main] DEBUG org.apache.hc.client5.http.impl.io.PoolingHttpClientConnectionManager - ep-00000000: connection released [route: {s}->https://raw.githubusercontent.com:443][total available: 1; route allocated: 1 of 5; total allocated: 1 of 25]
19:00:38.654 [main] DEBUG io.github.bonigarcia.wdm.versions.VersionDetector - Detecting chrome version using online commands.properties
19:00:38.657 [main] DEBUG io.github.bonigarcia.wdm.versions.Shell - Running command on the shell: [cmd.exe, /C, wmic, datafile, where, name="%PROGRAMFILES:\=\\%\\Google\\Chrome\\Application\\chrome.exe", get, Version, /value]
19:00:38.933 [main] DEBUG io.github.bonigarcia.wdm.versions.Shell - Result: Version=101.0.4951.67
19:00:38.940 [main] DEBUG io.github.bonigarcia.wdm.cache.ResolutionCache - Removing resolution chrome101=101.0.4951.41 from cache (expired on Sun May 15 14:15:13 ICT 2022)
19:00:38.946 [main] DEBUG org.apache.hc.client5.http.impl.classic.InternalHttpClient - ex-00000002: preparing request execution
19:00:38.946 [main] DEBUG org.apache.hc.client5.http.protocol.RequestAddCookies - Cookie spec selected: strict
19:00:38.946 [main] DEBUG org.apache.hc.client5.http.protocol.RequestAuthCache - Auth cache not set in the context
19:00:38.946 [main] DEBUG org.apache.hc.client5.http.impl.classic.ProtocolExec - ex-00000002: target auth state: UNCHALLENGED
19:00:38.947 [main] DEBUG org.apache.hc.client5.http.impl.classic.ProtocolExec - ex-00000002: proxy auth state: UNCHALLENGED
19:00:38.947 [main] DEBUG org.apache.hc.client5.http.impl.classic.ConnectExec - ex-00000002: acquiring connection with route {s}->https://chromedriver.storage.googleapis.com:443
19:00:38.947 [main] DEBUG org.apache.hc.client5.http.impl.classic.InternalHttpClient - ex-00000002: acquiring endpoint (3 MINUTES)
19:00:38.947 [main] DEBUG org.apache.hc.client5.http.impl.io.PoolingHttpClientConnectionManager - ex-00000002: endpoint lease request (3 MINUTES) [route: {s}->https://chromedriver.storage.googleapis.com:443][total available: 1; route allocated: 0 of 5; total allocated: 1 of 25]
19:00:38.947 [main] DEBUG org.apache.hc.client5.http.impl.io.PoolingHttpClientConnectionManager - ex-00000002: endpoint leased [route: {s}->https://chromedriver.storage.googleapis.com:443][total available: 1; route allocated: 1 of 5; total allocated: 2 of 25]
19:00:38.947 [main] DEBUG org.apache.hc.client5.http.impl.io.PoolingHttpClientConnectionManager - ex-00000002: acquired ep-00000001
19:00:38.947 [main] DEBUG org.apache.hc.client5.http.impl.classic.InternalHttpClient - ex-00000002: acquired endpoint ep-00000001
19:00:38.947 [main] DEBUG org.apache.hc.client5.http.impl.classic.ConnectExec - ex-00000002: opening connection {s}->https://chromedriver.storage.googleapis.com:443
19:00:38.947 [main] DEBUG org.apache.hc.client5.http.impl.classic.InternalHttpClient - ep-00000001: connecting endpoint (30 SECONDS)
19:00:38.947 [main] DEBUG org.apache.hc.client5.http.impl.io.PoolingHttpClientConnectionManager - ep-00000001: connecting endpoint to https://chromedriver.storage.googleapis.com:443 (30 SECONDS)
19:00:38.971 [main] DEBUG org.apache.hc.client5.http.impl.io.DefaultHttpClientConnectionOperator - http-outgoing-1: connecting to chromedriver.storage.googleapis.com/34.101.5.80:443
19:00:38.971 [main] DEBUG org.apache.hc.client5.http.ssl.SSLConnectionSocketFactory - Connecting socket to chromedriver.storage.googleapis.com/34.101.5.80:443 with timeout 30 SECONDS
19:00:38.991 [main] DEBUG org.apache.hc.client5.http.ssl.SSLConnectionSocketFactory - Enabled protocols: [TLSv1.3, TLSv1.2]
19:00:38.991 [main] DEBUG org.apache.hc.client5.http.ssl.SSLConnectionSocketFactory - Enabled cipher suites: [TLS_AES_256_GCM_SHA384, TLS_AES_128_GCM_SHA256, TLS_ECDHE_ECDSA_WITH_AES_256_GCM_SHA384, TLS_ECDHE_ECDSA_WITH_AES_128_GCM_SHA256, TLS_ECDHE_RSA_WITH_AES_256_GCM_SHA384, TLS_ECDHE_RSA_WITH_AES_128_GCM_SHA256, TLS_DHE_RSA_WITH_AES_256_GCM_SHA384, TLS_DHE_DSS_WITH_AES_256_GCM_SHA384, TLS_DHE_RSA_WITH_AES_128_GCM_SHA256, TLS_DHE_DSS_WITH_AES_128_GCM_SHA256, TLS_ECDHE_ECDSA_WITH_AES_256_CBC_SHA384, TLS_ECDHE_RSA_WITH_AES_256_CBC_SHA384, TLS_ECDHE_ECDSA_WITH_AES_128_CBC_SHA256, TLS_ECDHE_RSA_WITH_AES_128_CBC_SHA256, TLS_DHE_RSA_WITH_AES_256_CBC_SHA256, TLS_DHE_DSS_WITH_AES_256_CBC_SHA256, TLS_DHE_RSA_WITH_AES_128_CBC_SHA256, TLS_DHE_DSS_WITH_AES_128_CBC_SHA256, TLS_ECDH_ECDSA_WITH_AES_256_GCM_SHA384, TLS_ECDH_RSA_WITH_AES_256_GCM_SHA384, TLS_ECDH_ECDSA_WITH_AES_128_GCM_SHA256, TLS_ECDH_RSA_WITH_AES_128_GCM_SHA256, TLS_ECDH_ECDSA_WITH_AES_256_CBC_SHA384, TLS_ECDH_RSA_WITH_AES_256_CBC_SHA384, TLS_ECDH_ECDSA_WITH_AES_128_CBC_SHA256, TLS_ECDH_RSA_WITH_AES_128_CBC_SHA256, TLS_ECDHE_ECDSA_WITH_AES_256_CBC_SHA, TLS_ECDHE_RSA_WITH_AES_256_CBC_SHA, TLS_ECDHE_ECDSA_WITH_AES_128_CBC_SHA, TLS_ECDHE_RSA_WITH_AES_128_CBC_SHA, TLS_DHE_RSA_WITH_AES_256_CBC_SHA, TLS_DHE_DSS_WITH_AES_256_CBC_SHA, TLS_DHE_RSA_WITH_AES_128_CBC_SHA, TLS_DHE_DSS_WITH_AES_128_CBC_SHA, TLS_ECDH_ECDSA_WITH_AES_256_CBC_SHA, TLS_ECDH_RSA_WITH_AES_256_CBC_SHA, TLS_ECDH_ECDSA_WITH_AES_128_CBC_SHA, TLS_ECDH_RSA_WITH_AES_128_CBC_SHA, TLS_RSA_WITH_AES_256_GCM_SHA384, TLS_RSA_WITH_AES_128_GCM_SHA256, TLS_RSA_WITH_AES_256_CBC_SHA256, TLS_RSA_WITH_AES_128_CBC_SHA256, TLS_RSA_WITH_AES_256_CBC_SHA, TLS_RSA_WITH_AES_128_CBC_SHA, TLS_EMPTY_RENEGOTIATION_INFO_SCSV]
19:00:38.991 [main] DEBUG org.apache.hc.client5.http.ssl.SSLConnectionSocketFactory - Starting handshake
19:00:39.057 [main] DEBUG org.apache.hc.client5.http.ssl.SSLConnectionSocketFactory - Secure session established
19:00:39.057 [main] DEBUG org.apache.hc.client5.http.ssl.SSLConnectionSocketFactory -  negotiated protocol: TLSv1.3
19:00:39.057 [main] DEBUG org.apache.hc.client5.http.ssl.SSLConnectionSocketFactory -  negotiated cipher suite: TLS_AES_256_GCM_SHA384
19:00:39.057 [main] DEBUG org.apache.hc.client5.http.ssl.SSLConnectionSocketFactory -  peer principal: CN=*.storage.googleapis.com
19:00:39.058 [main] DEBUG org.apache.hc.client5.http.ssl.SSLConnectionSocketFactory -  peer alternative names: [*.storage.googleapis.com, *.googleapis.com, commondatastorage.googleapis.com, *.commondatastorage.googleapis.com, storage.googleapis.com, storage.mtls.googleapis.com, *.appspot.com.storage.googleapis.com, *.content-storage.googleapis.com, *.content-storage-p2.googleapis.com, *.content-storage-upload.googleapis.com, *.content-storage-download.googleapis.com, *.storage-upload.googleapis.com, *.storage-download.googleapis.com]
19:00:39.058 [main] DEBUG org.apache.hc.client5.http.ssl.SSLConnectionSocketFactory -  issuer principal: CN=GTS CA 1C3, O=Google Trust Services LLC, C=US
19:00:39.058 [main] DEBUG org.apache.hc.client5.http.impl.io.DefaultHttpClientConnectionOperator - http-outgoing-1: connection established 192.168.0.101:52300<->34.101.5.80:443
19:00:39.059 [main] DEBUG org.apache.hc.client5.http.impl.io.PoolingHttpClientConnectionManager - ep-00000001: connected http-outgoing-1
19:00:39.059 [main] DEBUG org.apache.hc.client5.http.impl.classic.InternalHttpClient - ep-00000001: endpoint connected
19:00:39.059 [main] DEBUG org.apache.hc.client5.http.impl.classic.MainClientExec - ex-00000002: executing GET /LATEST_RELEASE_101 HTTP/1.1
19:00:39.059 [main] DEBUG org.apache.hc.client5.http.impl.classic.InternalHttpClient - ep-00000001: start execution ex-00000002
19:00:39.059 [main] DEBUG org.apache.hc.client5.http.impl.io.PoolingHttpClientConnectionManager - ep-00000001: executing exchange ex-00000002 over http-outgoing-1
19:00:39.060 [main] DEBUG org.apache.hc.client5.http.headers - http-outgoing-1 >> GET /LATEST_RELEASE_101 HTTP/1.1
19:00:39.060 [main] DEBUG org.apache.hc.client5.http.headers - http-outgoing-1 >> user-agent: Apache-HttpClient/5.0
19:00:39.060 [main] DEBUG org.apache.hc.client5.http.headers - http-outgoing-1 >> accept-encoding: gzip, deflate, br
19:00:39.060 [main] DEBUG org.apache.hc.client5.http.headers - http-outgoing-1 >> cache-control: max-age=0
19:00:39.060 [main] DEBUG org.apache.hc.client5.http.headers - http-outgoing-1 >> connection: keep-alive
19:00:39.060 [main] DEBUG org.apache.hc.client5.http.headers - http-outgoing-1 >> Host: chromedriver.storage.googleapis.com
19:00:39.060 [main] DEBUG org.apache.hc.client5.http.wire - http-outgoing-1 >> "GET /LATEST_RELEASE_101 HTTP/1.1[\r][\n]"
19:00:39.060 [main] DEBUG org.apache.hc.client5.http.wire - http-outgoing-1 >> "user-agent: Apache-HttpClient/5.0[\r][\n]"
19:00:39.060 [main] DEBUG org.apache.hc.client5.http.wire - http-outgoing-1 >> "accept-encoding: gzip, deflate, br[\r][\n]"
19:00:39.060 [main] DEBUG org.apache.hc.client5.http.wire - http-outgoing-1 >> "cache-control: max-age=0[\r][\n]"
19:00:39.060 [main] DEBUG org.apache.hc.client5.http.wire - http-outgoing-1 >> "connection: keep-alive[\r][\n]"
19:00:39.060 [main] DEBUG org.apache.hc.client5.http.wire - http-outgoing-1 >> "Host: chromedriver.storage.googleapis.com[\r][\n]"
19:00:39.060 [main] DEBUG org.apache.hc.client5.http.wire - http-outgoing-1 >> "[\r][\n]"
19:00:39.082 [main] DEBUG org.apache.hc.client5.http.wire - http-outgoing-1 << "HTTP/1.1 200 OK[\r][\n]"
19:00:39.082 [main] DEBUG org.apache.hc.client5.http.wire - http-outgoing-1 << "X-GUploader-UploadID: ADPycdsMUc26x_To77XIq53Lwe5O7djqtpyUlaTo0FMrZ1odmykoVACWd1Qnjgf6K2PZo4bJmoxIhCvDC5GkB7I_iQdOaA[\r][\n]"
19:00:39.082 [main] DEBUG org.apache.hc.client5.http.wire - http-outgoing-1 << "x-goog-generation: 1651042960642521[\r][\n]"
19:00:39.082 [main] DEBUG org.apache.hc.client5.http.wire - http-outgoing-1 << "x-goog-metageneration: 1[\r][\n]"
19:00:39.082 [main] DEBUG org.apache.hc.client5.http.wire - http-outgoing-1 << "x-goog-stored-content-encoding: identity[\r][\n]"
19:00:39.082 [main] DEBUG org.apache.hc.client5.http.wire - http-outgoing-1 << "x-goog-stored-content-length: 13[\r][\n]"
19:00:39.082 [main] DEBUG org.apache.hc.client5.http.wire - http-outgoing-1 << "x-goog-hash: crc32c=/STjMw==[\r][\n]"
19:00:39.082 [main] DEBUG org.apache.hc.client5.http.wire - http-outgoing-1 << "x-goog-hash: md5=TI/RrWwfmTd7fF5pgl1BgQ==[\r][\n]"
19:00:39.082 [main] DEBUG org.apache.hc.client5.http.wire - http-outgoing-1 << "x-goog-storage-class: STANDARD[\r][\n]"
19:00:39.082 [main] DEBUG org.apache.hc.client5.http.wire - http-outgoing-1 << "Accept-Ranges: bytes[\r][\n]"
19:00:39.082 [main] DEBUG org.apache.hc.client5.http.wire - http-outgoing-1 << "Content-Length: 13[\r][\n]"
19:00:39.082 [main] DEBUG org.apache.hc.client5.http.wire - http-outgoing-1 << "Server: UploadServer[\r][\n]"
19:00:39.082 [main] DEBUG org.apache.hc.client5.http.wire - http-outgoing-1 << "Date: Wed, 18 May 2022 11:04:14 GMT[\r][\n]"
19:00:39.082 [main] DEBUG org.apache.hc.client5.http.wire - http-outgoing-1 << "Expires: Wed, 18 May 2022 12:04:14 GMT[\r][\n]"
19:00:39.082 [main] DEBUG org.apache.hc.client5.http.wire - http-outgoing-1 << "Cache-Control: public, max-age=3600[\r][\n]"
19:00:39.082 [main] DEBUG org.apache.hc.client5.http.wire - http-outgoing-1 << "Age: 3386[\r][\n]"
19:00:39.082 [main] DEBUG org.apache.hc.client5.http.wire - http-outgoing-1 << "Last-Modified: Wed, 27 Apr 2022 07:02:40 GMT[\r][\n]"
19:00:39.082 [main] DEBUG org.apache.hc.client5.http.wire - http-outgoing-1 << "ETag: "4c8fd1ad6c1f99377b7c5e69825d4181"[\r][\n]"
19:00:39.082 [main] DEBUG org.apache.hc.client5.http.wire - http-outgoing-1 << "Content-Type: text/plain[\r][\n]"
19:00:39.082 [main] DEBUG org.apache.hc.client5.http.wire - http-outgoing-1 << "Alt-Svc: h3=":443"; ma=2592000,h3-29=":443"; ma=2592000,h3-Q050=":443"; ma=2592000,h3-Q046=":443"; ma=2592000,h3-Q043=":443"; ma=2592000,quic=":443"; ma=2592000; v="46,43"[\r][\n]"
19:00:39.082 [main] DEBUG org.apache.hc.client5.http.wire - http-outgoing-1 << "[\r][\n]"
19:00:39.082 [main] DEBUG org.apache.hc.client5.http.wire - http-outgoing-1 << "101.0.4951.41"
19:00:39.083 [main] DEBUG org.apache.hc.client5.http.headers - http-outgoing-1 << HTTP/1.1 200 OK
19:00:39.083 [main] DEBUG org.apache.hc.client5.http.headers - http-outgoing-1 << X-GUploader-UploadID: ADPycdsMUc26x_To77XIq53Lwe5O7djqtpyUlaTo0FMrZ1odmykoVACWd1Qnjgf6K2PZo4bJmoxIhCvDC5GkB7I_iQdOaA
19:00:39.083 [main] DEBUG org.apache.hc.client5.http.headers - http-outgoing-1 << x-goog-generation: 1651042960642521
19:00:39.083 [main] DEBUG org.apache.hc.client5.http.headers - http-outgoing-1 << x-goog-metageneration: 1
19:00:39.083 [main] DEBUG org.apache.hc.client5.http.headers - http-outgoing-1 << x-goog-stored-content-encoding: identity
19:00:39.083 [main] DEBUG org.apache.hc.client5.http.headers - http-outgoing-1 << x-goog-stored-content-length: 13
19:00:39.083 [main] DEBUG org.apache.hc.client5.http.headers - http-outgoing-1 << x-goog-hash: crc32c=/STjMw==
19:00:39.083 [main] DEBUG org.apache.hc.client5.http.headers - http-outgoing-1 << x-goog-hash: md5=TI/RrWwfmTd7fF5pgl1BgQ==
19:00:39.083 [main] DEBUG org.apache.hc.client5.http.headers - http-outgoing-1 << x-goog-storage-class: STANDARD
19:00:39.083 [main] DEBUG org.apache.hc.client5.http.headers - http-outgoing-1 << Accept-Ranges: bytes
19:00:39.083 [main] DEBUG org.apache.hc.client5.http.headers - http-outgoing-1 << Content-Length: 13
19:00:39.083 [main] DEBUG org.apache.hc.client5.http.headers - http-outgoing-1 << Server: UploadServer
19:00:39.083 [main] DEBUG org.apache.hc.client5.http.headers - http-outgoing-1 << Date: Wed, 18 May 2022 11:04:14 GMT
19:00:39.083 [main] DEBUG org.apache.hc.client5.http.headers - http-outgoing-1 << Expires: Wed, 18 May 2022 12:04:14 GMT
19:00:39.083 [main] DEBUG org.apache.hc.client5.http.headers - http-outgoing-1 << Cache-Control: public, max-age=3600
19:00:39.084 [main] DEBUG org.apache.hc.client5.http.headers - http-outgoing-1 << Age: 3386
19:00:39.084 [main] DEBUG org.apache.hc.client5.http.headers - http-outgoing-1 << Last-Modified: Wed, 27 Apr 2022 07:02:40 GMT
19:00:39.084 [main] DEBUG org.apache.hc.client5.http.headers - http-outgoing-1 << ETag: "4c8fd1ad6c1f99377b7c5e69825d4181"
19:00:39.084 [main] DEBUG org.apache.hc.client5.http.headers - http-outgoing-1 << Content-Type: text/plain
19:00:39.084 [main] DEBUG org.apache.hc.client5.http.headers - http-outgoing-1 << Alt-Svc: h3=":443"; ma=2592000,h3-29=":443"; ma=2592000,h3-Q050=":443"; ma=2592000,h3-Q046=":443"; ma=2592000,h3-Q043=":443"; ma=2592000,quic=":443"; ma=2592000; v="46,43"
19:00:39.084 [main] DEBUG org.apache.hc.client5.http.impl.classic.MainClientExec - ex-00000002: connection can be kept alive for 3 MINUTES
19:00:39.084 [main] DEBUG org.apache.hc.client5.http.impl.classic.InternalHttpClient - ep-00000001: releasing valid endpoint
19:00:39.084 [main] DEBUG org.apache.hc.client5.http.impl.io.PoolingHttpClientConnectionManager - ep-00000001: releasing endpoint
19:00:39.084 [main] DEBUG org.apache.hc.client5.http.impl.io.PoolingHttpClientConnectionManager - ep-00000001: connection http-outgoing-1 can be kept alive for 3 MINUTES
19:00:39.084 [main] DEBUG org.apache.hc.client5.http.impl.io.PoolingHttpClientConnectionManager - ep-00000001: connection released [route: {s}->https://chromedriver.storage.googleapis.com:443][total available: 2; route allocated: 1 of 5; total allocated: 2 of 25]
19:00:39.084 [main] DEBUG io.github.bonigarcia.wdm.versions.VersionDetector - Latest version of chromedriver according to https://chromedriver.storage.googleapis.com/LATEST_RELEASE_101 is 101.0.4951.41
19:00:39.084 [main] INFO io.github.bonigarcia.wdm.WebDriverManager - Using chromedriver 101.0.4951.41 (resolved driver for Chrome 101)
19:00:39.092 [main] DEBUG io.github.bonigarcia.wdm.cache.ResolutionCache - Storing resolution chrome=101 in cache (valid until 20:00:39 18/05/2022 ICT)
19:00:39.097 [main] DEBUG io.github.bonigarcia.wdm.cache.ResolutionCache - Storing resolution chrome101=101.0.4951.41 in cache (valid until 19:00:39 19/05/2022 ICT)
19:00:39.111 [main] DEBUG io.github.bonigarcia.wdm.WebDriverManager - Driver chromedriver 101.0.4951.41 found in cache
19:00:39.112 [main] INFO io.github.bonigarcia.wdm.WebDriverManager - Exporting webdriver.chrome.driver as C:\Users\saral\.cache\selenium\chromedriver\win32\101.0.4951.41\chromedriver.exe
19:00:39.869 [main] DEBUG net.thucydides.core.reflection.ClassFinder - Could not load class .starter.CucumberTestSuite
19:00:39.869 [main] DEBUG net.thucydides.core.reflection.ClassFinder - Could not load class .starter.pages.HomePage
19:00:39.869 [main] DEBUG net.thucydides.core.reflection.ClassFinder - Could not load class .starter.pages.LoginPage
19:00:39.869 [main] DEBUG net.thucydides.core.reflection.ClassFinder - Could not load class .starter.pages.LogoutPage
19:00:39.869 [main] DEBUG net.thucydides.core.reflection.ClassFinder - Could not load class .starter.pages.OrderPage
19:00:39.869 [main] DEBUG net.thucydides.core.reflection.ClassFinder - Could not load class .starter.pages.RatingPage
19:00:39.869 [main] DEBUG net.thucydides.core.reflection.ClassFinder - Could not load class .starter.pages.RegisterPage
19:00:39.869 [main] DEBUG net.thucydides.core.reflection.ClassFinder - Could not load class .starter.stepdefinitions.LoginSteps
19:00:39.869 [main] DEBUG net.thucydides.core.reflection.ClassFinder - Could not load class .starter.stepdefinitions.LogoutSteps
19:00:39.869 [main] DEBUG net.thucydides.core.reflection.ClassFinder - Could not load class .starter.stepdefinitions.OrderSteps
19:00:39.869 [main] DEBUG net.thucydides.core.reflection.ClassFinder - Could not load class .starter.stepdefinitions.RatingSteps
19:00:39.869 [main] DEBUG net.thucydides.core.reflection.ClassFinder - Could not load class .starter.stepdefinitions.RegisterSteps
19:00:39.870 [main] DEBUG net.thucydides.core.reflection.ClassFinder - Could not load class META-INF.versions.9.com.sun.istack.logging.StackHelper
19:00:39.871 [main] DEBUG net.thucydides.core.reflection.ClassFinder - Could not load class META-INF.versions.9.com.sun.xml.bind.v2.runtime.reflect.opt.AccessorInjector
19:00:39.871 [main] DEBUG net.thucydides.core.reflection.ClassFinder - Could not load class META-INF.versions.9.com.sun.xml.bind.v2.runtime.reflect.opt.Injector
19:00:39.872 [main] DEBUG net.thucydides.core.reflection.ClassFinder - Could not load class META-INF.versions.9.com.sun.xml.bind.v2.runtime.reflect.opt.OptimizedAccessorFactory
19:00:39.874 [main] DEBUG net.thucydides.core.reflection.ClassFinder - Could not load class META-INF.versions.9.com.sun.xml.bind.v2.runtime.reflect.opt.OptimizedTransducedAccessorFactory
19:00:39.880 [main] DEBUG net.thucydides.core.reflection.ClassFinder - Could not load class META-INF.versions.9.io.opentelemetry.sdk.internal.CurrentJavaVersionSpecific
19:00:39.894 [main] DEBUG net.thucydides.core.reflection.ClassFinder - Could not load class META-INF.versions.9.io.opentelemetry.sdk.internal.Java9VersionSpecific
19:00:39.896 [main] DEBUG net.thucydides.core.reflection.ClassFinder - Could not load class META-INF.versions.9.javax.xml.bind.ModuleUtil
19:00:39.897 [main] DEBUG net.thucydides.core.reflection.ClassFinder - Could not load class META-INF.versions.9.module-info
19:00:39.898 [main] DEBUG net.thucydides.core.reflection.ClassFinder - Could not load class META-INF.versions.9.org.junit.platform.commons.util.ModuleUtils
19:00:40.399 [main] DEBUG net.thucydides.core.reflection.ClassFinder - Could not load class com.google.gson.internal.
19:00:40.676 [main] DEBUG net.thucydides.core.reflection.ClassFinder - Could not load class com.sun.xml.bind.v2.runtime.output.FastInfosetStreamWriterOutput
19:00:41.340 [main] DEBUG net.thucydides.core.reflection.ClassFinder - Could not load class module-info
19:00:45.078 [main] DEBUG io.netty.util.internal.logging.InternalLoggerFactory - Using SLF4J as the default logging framework
19:00:45.086 [main] DEBUG io.netty.util.ResourceLeakDetector - -Dio.netty.leakDetection.level: simple
19:00:45.087 [main] DEBUG io.netty.util.ResourceLeakDetector - -Dio.netty.leakDetection.targetRecords: 4
19:00:45.093 [main] DEBUG io.netty.util.ResourceLeakDetectorFactory - Loaded default ResourceLeakDetector: io.netty.util.ResourceLeakDetector@35dc4303
19:00:45.124 [main] DEBUG io.netty.util.internal.PlatformDependent0 - -Dio.netty.noUnsafe: false
19:00:45.124 [main] DEBUG io.netty.util.internal.PlatformDependent0 - Java version: 11
19:00:45.126 [main] DEBUG io.netty.util.internal.PlatformDependent0 - sun.misc.Unsafe.theUnsafe: available
19:00:45.127 [main] DEBUG io.netty.util.internal.PlatformDependent0 - sun.misc.Unsafe.copyMemory: available
19:00:45.127 [main] DEBUG io.netty.util.internal.PlatformDependent0 - java.nio.Buffer.address: available
19:00:45.128 [main] DEBUG io.netty.util.internal.PlatformDependent0 - direct buffer constructor: unavailable: Reflective setAccessible(true) disabled
19:00:45.129 [main] DEBUG io.netty.util.internal.PlatformDependent0 - java.nio.Bits.unaligned: available, true
19:00:45.129 [main] DEBUG io.netty.util.internal.PlatformDependent0 - jdk.internal.misc.Unsafe.allocateUninitializedArray(int): unavailable: class io.netty.util.internal.PlatformDependent0$6 cannot access class jdk.internal.misc.Unsafe (in module java.base) because module java.base does not export jdk.internal.misc to unnamed module @35038141
19:00:45.132 [main] DEBUG io.netty.util.internal.PlatformDependent0 - java.nio.DirectByteBuffer.<init>(long, int): unavailable
19:00:45.133 [main] DEBUG io.netty.util.internal.PlatformDependent - sun.misc.Unsafe: available
19:00:45.133 [main] DEBUG io.netty.util.internal.PlatformDependent - maxDirectMemory: 4211081216 bytes (maybe)
19:00:45.134 [main] DEBUG io.netty.util.internal.PlatformDependent - -Dio.netty.tmpdir: C:\Users\saral\AppData\Local\Temp (java.io.tmpdir)
19:00:45.134 [main] DEBUG io.netty.util.internal.PlatformDependent - -Dio.netty.bitMode: 64 (sun.arch.data.model)
19:00:45.134 [main] DEBUG io.netty.util.internal.PlatformDependent - Platform: Windows
19:00:45.134 [main] DEBUG io.netty.util.internal.PlatformDependent - -Dio.netty.maxDirectMemory: -1 bytes
19:00:45.134 [main] DEBUG io.netty.util.internal.PlatformDependent - -Dio.netty.uninitializedArrayAllocationThreshold: -1
19:00:45.135 [main] DEBUG io.netty.util.internal.CleanerJava9 - java.nio.ByteBuffer.cleaner(): available
19:00:45.135 [main] DEBUG io.netty.util.internal.PlatformDependent - -Dio.netty.noPreferDirect: false
19:00:45.148 [main] DEBUG io.netty.util.internal.PlatformDependent - org.jctools-core.MpscChunkedArrayQueue: available
19:00:45.180 [main] DEBUG io.netty.util.internal.InternalThreadLocalMap - -Dio.netty.threadLocalMap.stringBuilder.initialSize: 1024
19:00:45.180 [main] DEBUG io.netty.util.internal.InternalThreadLocalMap - -Dio.netty.threadLocalMap.stringBuilder.maxSize: 4096
19:00:45.211 [main] DEBUG io.netty.handler.ssl.JdkSslContext - Default protocols (JDK): [TLSv1.3, TLSv1.2] 
19:00:45.211 [main] DEBUG io.netty.handler.ssl.JdkSslContext - Default cipher suites (JDK): [TLS_ECDHE_ECDSA_WITH_AES_256_GCM_SHA384, TLS_ECDHE_ECDSA_WITH_AES_128_GCM_SHA256, TLS_ECDHE_RSA_WITH_AES_128_GCM_SHA256, TLS_ECDHE_RSA_WITH_AES_256_GCM_SHA384, TLS_ECDHE_RSA_WITH_AES_128_CBC_SHA, TLS_ECDHE_RSA_WITH_AES_256_CBC_SHA, TLS_RSA_WITH_AES_128_GCM_SHA256, TLS_RSA_WITH_AES_128_CBC_SHA, TLS_RSA_WITH_AES_256_CBC_SHA, TLS_AES_128_GCM_SHA256, TLS_AES_256_GCM_SHA384]
19:00:45.257 [main] DEBUG io.netty.channel.MultithreadEventLoopGroup - -Dio.netty.eventLoopThreads: 16
19:00:45.274 [main] DEBUG io.netty.channel.nio.NioEventLoop - -Dio.netty.noKeySetOptimization: false
19:00:45.274 [main] DEBUG io.netty.channel.nio.NioEventLoop - -Dio.netty.selectorAutoRebuildThreshold: 512
19:00:45.332 [main] DEBUG io.netty.buffer.PooledByteBufAllocator - -Dio.netty.allocator.numHeapArenas: 16
19:00:45.333 [main] DEBUG io.netty.buffer.PooledByteBufAllocator - -Dio.netty.allocator.numDirectArenas: 16
19:00:45.333 [main] DEBUG io.netty.buffer.PooledByteBufAllocator - -Dio.netty.allocator.pageSize: 8192
19:00:45.333 [main] DEBUG io.netty.buffer.PooledByteBufAllocator - -Dio.netty.allocator.maxOrder: 11
19:00:45.333 [main] DEBUG io.netty.buffer.PooledByteBufAllocator - -Dio.netty.allocator.chunkSize: 16777216
19:00:45.333 [main] DEBUG io.netty.buffer.PooledByteBufAllocator - -Dio.netty.allocator.smallCacheSize: 256
19:00:45.333 [main] DEBUG io.netty.buffer.PooledByteBufAllocator - -Dio.netty.allocator.normalCacheSize: 64
19:00:45.333 [main] DEBUG io.netty.buffer.PooledByteBufAllocator - -Dio.netty.allocator.maxCachedBufferCapacity: 32768
19:00:45.333 [main] DEBUG io.netty.buffer.PooledByteBufAllocator - -Dio.netty.allocator.cacheTrimInterval: 8192
19:00:45.333 [main] DEBUG io.netty.buffer.PooledByteBufAllocator - -Dio.netty.allocator.cacheTrimIntervalMillis: 0
19:00:45.334 [main] DEBUG io.netty.buffer.PooledByteBufAllocator - -Dio.netty.allocator.useCacheForAllThreads: true
19:00:45.334 [main] DEBUG io.netty.buffer.PooledByteBufAllocator - -Dio.netty.allocator.maxCachedByteBuffersPerChunk: 1023
19:00:45.352 [main] DEBUG io.netty.buffer.ByteBufUtil - -Dio.netty.allocator.type: pooled
19:00:45.353 [main] DEBUG io.netty.buffer.ByteBufUtil - -Dio.netty.threadLocalDirectBufferSize: 0
19:00:45.353 [main] DEBUG io.netty.buffer.ByteBufUtil - -Dio.netty.maxThreadLocalCharBufferSize: 16384
19:00:45.634 [main] DEBUG net.serenitybdd.core.webdriver.driverproviders.ProvideNewDriver - Instantiating driver
19:00:45.635 [main] DEBUG net.serenitybdd.core.webdriver.driverproviders.ProvideNewDriver - Driver capabilities: Capabilities {acceptInsecureCerts: false, base.url: https://qa.alta.id/, browserName: chrome, chrome.driver: src/main/resources/webdrive..., driver: chrome, goog:chromeOptions: {args: [], extensions: []}}
19:00:47.561 [Forwarding newSession on session null to remote] DEBUG io.netty.channel.DefaultChannelId - -Dio.netty.processId: 22432 (auto-detected)
19:00:47.564 [Forwarding newSession on session null to remote] DEBUG io.netty.util.NetUtil - -Djava.net.preferIPv4Stack: false
19:00:47.564 [Forwarding newSession on session null to remote] DEBUG io.netty.util.NetUtil - -Djava.net.preferIPv6Addresses: false
19:00:47.774 [Forwarding newSession on session null to remote] DEBUG io.netty.util.NetUtilInitializations - Loopback interface: lo (Software Loopback Interface 1, 127.0.0.1)
19:00:47.777 [Forwarding newSession on session null to remote] DEBUG io.netty.util.NetUtil - Failed to get SOMAXCONN from sysctl and file \proc\sys\net\core\somaxconn. Default: 200
19:00:47.992 [Forwarding newSession on session null to remote] DEBUG io.netty.channel.DefaultChannelId - -Dio.netty.machineId: 04:42:1a:ff:fe:88:54:7b (auto-detected)
19:00:48.073 [AsyncHttpClient-1-2] DEBUG io.netty.buffer.AbstractByteBuf - -Dio.netty.buffer.checkAccessible: true
19:00:48.074 [AsyncHttpClient-1-2] DEBUG io.netty.buffer.AbstractByteBuf - -Dio.netty.buffer.checkBounds: true
19:00:48.074 [AsyncHttpClient-1-2] DEBUG io.netty.util.ResourceLeakDetectorFactory - Loaded default ResourceLeakDetector: io.netty.util.ResourceLeakDetector@12b3d1b0
19:00:48.097 [AsyncHttpClient-1-2] DEBUG org.asynchttpclient.netty.channel.NettyConnectListener - Using new Channel '[id: 0x899e8994, L:/127.0.0.1:52344 - R:localhost/127.0.0.1:64107]' for 'POST' to '/session'
19:00:48.123 [AsyncHttpClient-1-2] DEBUG io.netty.util.Recycler - -Dio.netty.recycler.maxCapacityPerThread: 4096
19:00:48.123 [AsyncHttpClient-1-2] DEBUG io.netty.util.Recycler - -Dio.netty.recycler.ratio: 8
19:00:48.123 [AsyncHttpClient-1-2] DEBUG io.netty.util.Recycler - -Dio.netty.recycler.chunkSize: 32
19:00:48.123 [AsyncHttpClient-1-2] DEBUG io.netty.util.Recycler - -Dio.netty.recycler.blocking: false
19:00:49.144 [AsyncHttpClient-1-2] DEBUG io.netty.handler.codec.compression.Brotli - brotli4j not in the classpath; Brotli support will be unavailable.
19:00:49.145 [AsyncHttpClient-1-2] DEBUG org.asynchttpclient.netty.handler.HttpHandler - 

Request DefaultHttpRequest(decodeResult: success, version: HTTP/1.1)
POST /session HTTP/1.1
User-Agent: selenium/4.1.2 (java windows)
Content-Length: 605
Content-Type: application/json; charset=utf-8
host: localhost:64107
accept: */*

Response DefaultHttpResponse(decodeResult: success, version: HTTP/1.1)
HTTP/1.1 200 OK
Content-Type: application/json; charset=utf-8
cache-control: no-cache
content-length: 789

19:00:49.161 [AsyncHttpClient-1-2] DEBUG org.asynchttpclient.netty.channel.ChannelManager - Adding key: http://localhost:64107 for channel [id: 0x899e8994, L:/127.0.0.1:52344 - R:localhost/127.0.0.1:64107]
19:00:49.300 [AsyncHttpClient-1-3] DEBUG org.asynchttpclient.netty.channel.NettyConnectListener - Using new Channel '[id: 0x8a133e70, L:/127.0.0.1:52355 - R:localhost/127.0.0.1:52345]' for 'GET' to '/json/version'
19:00:49.308 [AsyncHttpClient-1-3] DEBUG org.asynchttpclient.netty.handler.HttpHandler - 

Request DefaultFullHttpRequest(decodeResult: success, version: HTTP/1.1, content: EmptyByteBufBE)
GET /json/version HTTP/1.1
User-Agent: selenium/4.1.2 (java windows)
host: localhost:52345
accept: */*

Response DefaultHttpResponse(decodeResult: success, version: HTTP/1.1)
HTTP/1.1 200 OK
Content-Type: application/json; charset=UTF-8
content-length: 427

19:00:49.308 [AsyncHttpClient-1-3] DEBUG org.asynchttpclient.netty.channel.ChannelManager - Adding key: http://localhost:52345 for channel [id: 0x8a133e70, L:/127.0.0.1:52355 - R:localhost/127.0.0.1:52345]
19:00:49.323 [main] DEBUG io.netty.util.internal.ThreadLocalRandom - -Dio.netty.initialSeedUniquifier: 0x7af81ea635681b08
19:00:49.333 [AsyncHttpClient-1-4] DEBUG org.asynchttpclient.netty.channel.NettyConnectListener - Using new Channel '[id: 0xa73697f9, L:/127.0.0.1:52356 - R:localhost/127.0.0.1:52345]' for 'GET' to '/devtools/browser/669ad58e-6f4e-4c45-95e9-1918745aa518'
19:00:49.344 [AsyncHttpClient-1-4] DEBUG org.asynchttpclient.netty.handler.WebSocketHandler - 

Request DefaultFullHttpRequest(decodeResult: success, version: HTTP/1.1, content: EmptyByteBufBE)
GET /devtools/browser/669ad58e-6f4e-4c45-95e9-1918745aa518 HTTP/1.1
upgrade: websocket
connection: upgrade
sec-websocket-key: qM94OWTXi98kDpWMP1J/Ug==
sec-websocket-version: 13
origin: http://localhost:52345
host: localhost:52345
accept: */*
user-agent: AHC/2.1

Response DefaultHttpResponse(decodeResult: success, version: HTTP/1.1)
HTTP/1.1 101 WebSocket Protocol Handshake
Upgrade: WebSocket
Connection: Upgrade
Sec-WebSocket-Accept: lJcauNLt0wmtnCzyKwo1/TUW/Bs=

19:00:49.558 [AsyncHttpClient-1-1] DEBUG org.asynchttpclient.netty.channel.DefaultChannelPool - Entry count for : http://localhost:64107 : 1
19:00:49.558 [AsyncHttpClient-1-1] DEBUG org.asynchttpclient.netty.channel.DefaultChannelPool - Entry count for : http://localhost:52345 : 1
19:00:50.311 [main] DEBUG net.thucydides.core.reflection.ClassFinder - Could not load class .starter.CucumberTestSuite
19:00:50.311 [main] DEBUG net.thucydides.core.reflection.ClassFinder - Could not load class .starter.pages.HomePage
19:00:50.311 [main] DEBUG net.thucydides.core.reflection.ClassFinder - Could not load class .starter.pages.LoginPage
19:00:50.311 [main] DEBUG net.thucydides.core.reflection.ClassFinder - Could not load class .starter.pages.LogoutPage
19:00:50.312 [main] DEBUG net.thucydides.core.reflection.ClassFinder - Could not load class .starter.pages.OrderPage
19:00:50.312 [main] DEBUG net.thucydides.core.reflection.ClassFinder - Could not load class .starter.pages.RatingPage
19:00:50.312 [main] DEBUG net.thucydides.core.reflection.ClassFinder - Could not load class .starter.pages.RegisterPage
19:00:50.312 [main] DEBUG net.thucydides.core.reflection.ClassFinder - Could not load class .starter.stepdefinitions.LoginSteps
19:00:50.312 [main] DEBUG net.thucydides.core.reflection.ClassFinder - Could not load class .starter.stepdefinitions.LogoutSteps
19:00:50.312 [main] DEBUG net.thucydides.core.reflection.ClassFinder - Could not load class .starter.stepdefinitions.OrderSteps
19:00:50.312 [main] DEBUG net.thucydides.core.reflection.ClassFinder - Could not load class .starter.stepdefinitions.RatingSteps
19:00:50.312 [main] DEBUG net.thucydides.core.reflection.ClassFinder - Could not load class .starter.stepdefinitions.RegisterSteps
19:00:50.312 [main] DEBUG net.thucydides.core.reflection.ClassFinder - Could not load class META-INF.versions.9.com.sun.istack.logging.StackHelper
19:00:50.313 [main] DEBUG net.thucydides.core.reflection.ClassFinder - Could not load class META-INF.versions.9.com.sun.xml.bind.v2.runtime.reflect.opt.AccessorInjector
19:00:50.314 [main] DEBUG net.thucydides.core.reflection.ClassFinder - Could not load class META-INF.versions.9.com.sun.xml.bind.v2.runtime.reflect.opt.Injector
19:00:50.314 [main] DEBUG net.thucydides.core.reflection.ClassFinder - Could not load class META-INF.versions.9.com.sun.xml.bind.v2.runtime.reflect.opt.OptimizedAccessorFactory
19:00:50.315 [main] DEBUG net.thucydides.core.reflection.ClassFinder - Could not load class META-INF.versions.9.com.sun.xml.bind.v2.runtime.reflect.opt.OptimizedTransducedAccessorFactory
19:00:50.315 [main] DEBUG net.thucydides.core.reflection.ClassFinder - Could not load class META-INF.versions.9.io.opentelemetry.sdk.internal.CurrentJavaVersionSpecific
19:00:50.315 [main] DEBUG net.thucydides.core.reflection.ClassFinder - Could not load class META-INF.versions.9.io.opentelemetry.sdk.internal.Java9VersionSpecific
19:00:50.315 [main] DEBUG net.thucydides.core.reflection.ClassFinder - Could not load class META-INF.versions.9.javax.xml.bind.ModuleUtil
19:00:50.317 [main] DEBUG net.thucydides.core.reflection.ClassFinder - Could not load class META-INF.versions.9.module-info
19:00:50.318 [main] DEBUG net.thucydides.core.reflection.ClassFinder - Could not load class META-INF.versions.9.org.junit.platform.commons.util.ModuleUtils
19:00:50.320 [main] DEBUG net.thucydides.core.reflection.ClassFinder - Could not load class com.google.gson.internal.
19:00:50.324 [main] DEBUG net.thucydides.core.reflection.ClassFinder - Could not load class com.sun.xml.bind.v2.runtime.output.FastInfosetStreamWriterOutput
19:00:50.326 [main] DEBUG net.thucydides.core.reflection.ClassFinder - Could not load class module-info
19:00:50.364 [Forwarding get on session 473ca761e178dfc1f73420fb4e44f4d0 to remote] DEBUG org.asynchttpclient.netty.request.NettyRequestSender - Using pooled Channel '[id: 0x899e8994, L:/127.0.0.1:52344 - R:localhost/127.0.0.1:64107]' for 'POST' to 'http://localhost:64107/session/473ca761e178dfc1f73420fb4e44f4d0/url'
19:00:50.364 [Forwarding get on session 473ca761e178dfc1f73420fb4e44f4d0 to remote] DEBUG org.asynchttpclient.netty.request.NettyRequestSender - Using open Channel [id: 0x899e8994, L:/127.0.0.1:52344 - R:localhost/127.0.0.1:64107] for POST '/session/473ca761e178dfc1f73420fb4e44f4d0/url'
19:00:50.656 [AsyncHttpClient-1-1] DEBUG org.asynchttpclient.netty.channel.DefaultChannelPool - Entry count for : http://localhost:52345 : 1
19:00:51.699 [AsyncHttpClient-1-2] DEBUG org.asynchttpclient.netty.handler.HttpHandler - 

Request DefaultHttpRequest(decodeResult: success, version: HTTP/1.1)
POST /session/473ca761e178dfc1f73420fb4e44f4d0/url HTTP/1.1
User-Agent: selenium/4.1.2 (java windows)
Content-Length: 64
Content-Type: application/json; charset=utf-8
host: localhost:64107
accept: */*

Response DefaultHttpResponse(decodeResult: success, version: HTTP/1.1)
HTTP/1.1 200 OK
Content-Type: application/json; charset=utf-8
cache-control: no-cache
content-length: 14

19:00:51.700 [AsyncHttpClient-1-2] DEBUG org.asynchttpclient.netty.channel.ChannelManager - Adding key: http://localhost:64107 for channel [id: 0x899e8994, L:/127.0.0.1:52344 - R:localhost/127.0.0.1:64107]
19:00:51.707 [Forwarding setTimeout on session 473ca761e178dfc1f73420fb4e44f4d0 to remote] DEBUG org.asynchttpclient.netty.request.NettyRequestSender - Using pooled Channel '[id: 0x899e8994, L:/127.0.0.1:52344 - R:localhost/127.0.0.1:64107]' for 'POST' to 'http://localhost:64107/session/473ca761e178dfc1f73420fb4e44f4d0/timeouts'
19:00:51.707 [Forwarding setTimeout on session 473ca761e178dfc1f73420fb4e44f4d0 to remote] DEBUG org.asynchttpclient.netty.request.NettyRequestSender - Using open Channel [id: 0x899e8994, L:/127.0.0.1:52344 - R:localhost/127.0.0.1:64107] for POST '/session/473ca761e178dfc1f73420fb4e44f4d0/timeouts'
19:00:51.709 [AsyncHttpClient-1-2] DEBUG org.asynchttpclient.netty.handler.HttpHandler - 

Request DefaultHttpRequest(decodeResult: success, version: HTTP/1.1)
POST /session/473ca761e178dfc1f73420fb4e44f4d0/timeouts HTTP/1.1
User-Agent: selenium/4.1.2 (java windows)
Content-Length: 22
Content-Type: application/json; charset=utf-8
host: localhost:64107
accept: */*

Response DefaultHttpResponse(decodeResult: success, version: HTTP/1.1)
HTTP/1.1 200 OK
Content-Type: application/json; charset=utf-8
cache-control: no-cache
content-length: 14

19:00:51.712 [AsyncHttpClient-1-2] DEBUG org.asynchttpclient.netty.channel.ChannelManager - Adding key: http://localhost:64107 for channel [id: 0x899e8994, L:/127.0.0.1:52344 - R:localhost/127.0.0.1:64107]
19:00:51.721 [Forwarding getCurrentUrl on session 473ca761e178dfc1f73420fb4e44f4d0 to remote] DEBUG org.asynchttpclient.netty.request.NettyRequestSender - Using pooled Channel '[id: 0x899e8994, L:/127.0.0.1:52344 - R:localhost/127.0.0.1:64107]' for 'GET' to 'http://localhost:64107/session/473ca761e178dfc1f73420fb4e44f4d0/url'
19:00:51.721 [Forwarding getCurrentUrl on session 473ca761e178dfc1f73420fb4e44f4d0 to remote] DEBUG org.asynchttpclient.netty.request.NettyRequestSender - Using open Channel [id: 0x899e8994, L:/127.0.0.1:52344 - R:localhost/127.0.0.1:64107] for GET '/session/473ca761e178dfc1f73420fb4e44f4d0/url'
19:00:51.726 [AsyncHttpClient-1-2] DEBUG org.asynchttpclient.netty.handler.HttpHandler - 

Request DefaultFullHttpRequest(decodeResult: success, version: HTTP/1.1, content: EmptyByteBufBE)
GET /session/473ca761e178dfc1f73420fb4e44f4d0/url HTTP/1.1
User-Agent: selenium/4.1.2 (java windows)
Cache-Control: no-cache
Content-Type: application/json; charset=utf-8
host: localhost:64107
accept: */*

Response DefaultHttpResponse(decodeResult: success, version: HTTP/1.1)
HTTP/1.1 200 OK
Content-Type: application/json; charset=utf-8
cache-control: no-cache
content-length: 41

19:00:51.727 [AsyncHttpClient-1-2] DEBUG org.asynchttpclient.netty.channel.ChannelManager - Adding key: http://localhost:64107 for channel [id: 0x899e8994, L:/127.0.0.1:52344 - R:localhost/127.0.0.1:64107]
19:00:51.757 [AsyncHttpClient-1-1] DEBUG org.asynchttpclient.netty.channel.DefaultChannelPool - Entry count for : http://localhost:64107 : 1
19:00:51.757 [AsyncHttpClient-1-1] DEBUG org.asynchttpclient.netty.channel.DefaultChannelPool - Entry count for : http://localhost:52345 : 1
19:00:51.759 [main] DEBUG net.serenitybdd.core.photography.Darkroom - Opening darkroom
19:00:51.759 [Darkroom Processing Line] DEBUG net.serenitybdd.core.photography.DarkroomProcessingLine - Darkroom processing line starting up
19:00:51.760 [Forwarding screenshot on session 473ca761e178dfc1f73420fb4e44f4d0 to remote] DEBUG org.asynchttpclient.netty.request.NettyRequestSender - Using pooled Channel '[id: 0x899e8994, L:/127.0.0.1:52344 - R:localhost/127.0.0.1:64107]' for 'GET' to 'http://localhost:64107/session/473ca761e178dfc1f73420fb4e44f4d0/screenshot'
19:00:51.761 [Forwarding screenshot on session 473ca761e178dfc1f73420fb4e44f4d0 to remote] DEBUG org.asynchttpclient.netty.request.NettyRequestSender - Using open Channel [id: 0x899e8994, L:/127.0.0.1:52344 - R:localhost/127.0.0.1:64107] for GET '/session/473ca761e178dfc1f73420fb4e44f4d0/screenshot'
19:00:51.960 [AsyncHttpClient-1-2] DEBUG org.asynchttpclient.netty.handler.HttpHandler - 

Request DefaultFullHttpRequest(decodeResult: success, version: HTTP/1.1, content: EmptyByteBufBE)
GET /session/473ca761e178dfc1f73420fb4e44f4d0/screenshot HTTP/1.1
User-Agent: selenium/4.1.2 (java windows)
Cache-Control: no-cache
Content-Type: application/json; charset=utf-8
host: localhost:64107
accept: */*

Response DefaultHttpResponse(decodeResult: success, version: HTTP/1.1)
HTTP/1.1 200 OK
Content-Type: application/json; charset=utf-8
cache-control: no-cache
content-length: 32192

19:00:51.961 [AsyncHttpClient-1-2] DEBUG org.asynchttpclient.netty.channel.ChannelManager - Adding key: http://localhost:64107 for channel [id: 0x899e8994, L:/127.0.0.1:52344 - R:localhost/127.0.0.1:64107]
19:00:52.081 [main] DEBUG net.serenitybdd.core.photography.Darkroom - Send negative for processing for target\site\serenity\4d98329a65403fb35239499910819cdb6d3d71d823e551da367b9fc52c2ec142.png
19:00:52.081 [Darkroom Processing Line] DEBUG net.serenitybdd.core.photography.DarkroomProcessingLine - Processing screenshot image in /var/screenshots/screenshot-4507346723930243105
19:00:52.081 [Darkroom Processing Line] DEBUG net.serenitybdd.core.photography.DarkroomProcessingLine - Saving screenshot to target\site\serenity\4d98329a65403fb35239499910819cdb6d3d71d823e551da367b9fc52c2ec142.png
19:00:52.087 [main] DEBUG net.thucydides.core.steps.StepInterceptor - STEP DONE: loginPage
19:00:52.098 [main] DEBUG net.thucydides.core.steps.StepInterceptor - STARTING STEP: LoginSteps.onTheLoginPage - validateOnLoginPage
19:00:52.106 [Forwarding findElement on session 473ca761e178dfc1f73420fb4e44f4d0 to remote] DEBUG org.asynchttpclient.netty.request.NettyRequestSender - Using pooled Channel '[id: 0x899e8994, L:/127.0.0.1:52344 - R:localhost/127.0.0.1:64107]' for 'POST' to 'http://localhost:64107/session/473ca761e178dfc1f73420fb4e44f4d0/element'
19:00:52.106 [Forwarding findElement on session 473ca761e178dfc1f73420fb4e44f4d0 to remote] DEBUG org.asynchttpclient.netty.request.NettyRequestSender - Using open Channel [id: 0x899e8994, L:/127.0.0.1:52344 - R:localhost/127.0.0.1:64107] for POST '/session/473ca761e178dfc1f73420fb4e44f4d0/element'
19:00:52.122 [AsyncHttpClient-1-2] DEBUG org.asynchttpclient.netty.handler.HttpHandler - 

Request DefaultHttpRequest(decodeResult: success, version: HTTP/1.1)
POST /session/473ca761e178dfc1f73420fb4e44f4d0/element HTTP/1.1
User-Agent: selenium/4.1.2 (java windows)
Content-Length: 155
Content-Type: application/json; charset=utf-8
host: localhost:64107
accept: */*

Response DefaultHttpResponse(decodeResult: success, version: HTTP/1.1)
HTTP/1.1 200 OK
Content-Type: application/json; charset=utf-8
cache-control: no-cache
content-length: 88

19:00:52.122 [AsyncHttpClient-1-2] DEBUG org.asynchttpclient.netty.channel.ChannelManager - Adding key: http://localhost:64107 for channel [id: 0x899e8994, L:/127.0.0.1:52344 - R:localhost/127.0.0.1:64107]
19:00:52.134 [Forwarding isElementDisplayed on session 473ca761e178dfc1f73420fb4e44f4d0 to remote] DEBUG org.asynchttpclient.netty.request.NettyRequestSender - Using pooled Channel '[id: 0x899e8994, L:/127.0.0.1:52344 - R:localhost/127.0.0.1:64107]' for 'POST' to 'http://localhost:64107/session/473ca761e178dfc1f73420fb4e44f4d0/execute/sync'
19:00:52.135 [Forwarding isElementDisplayed on session 473ca761e178dfc1f73420fb4e44f4d0 to remote] DEBUG org.asynchttpclient.netty.request.NettyRequestSender - Using open Channel [id: 0x899e8994, L:/127.0.0.1:52344 - R:localhost/127.0.0.1:64107] for POST '/session/473ca761e178dfc1f73420fb4e44f4d0/execute/sync'
19:00:52.155 [AsyncHttpClient-1-2] DEBUG org.asynchttpclient.netty.handler.HttpHandler - 

Request DefaultHttpRequest(decodeResult: success, version: HTTP/1.1)
POST /session/473ca761e178dfc1f73420fb4e44f4d0/execute/sync HTTP/1.1
User-Agent: selenium/4.1.2 (java windows)
Content-Length: 48780
Content-Type: application/json; charset=utf-8
host: localhost:64107
accept: */*

Response DefaultHttpResponse(decodeResult: success, version: HTTP/1.1)
HTTP/1.1 200 OK
Content-Type: application/json; charset=utf-8
cache-control: no-cache
content-length: 14

19:00:52.156 [AsyncHttpClient-1-2] DEBUG org.asynchttpclient.netty.channel.ChannelManager - Adding key: http://localhost:64107 for channel [id: 0x899e8994, L:/127.0.0.1:52344 - R:localhost/127.0.0.1:64107]
19:00:52.165 [Forwarding screenshot on session 473ca761e178dfc1f73420fb4e44f4d0 to remote] DEBUG org.asynchttpclient.netty.request.NettyRequestSender - Using pooled Channel '[id: 0x899e8994, L:/127.0.0.1:52344 - R:localhost/127.0.0.1:64107]' for 'GET' to 'http://localhost:64107/session/473ca761e178dfc1f73420fb4e44f4d0/screenshot'
19:00:52.165 [Forwarding screenshot on session 473ca761e178dfc1f73420fb4e44f4d0 to remote] DEBUG org.asynchttpclient.netty.request.NettyRequestSender - Using open Channel [id: 0x899e8994, L:/127.0.0.1:52344 - R:localhost/127.0.0.1:64107] for GET '/session/473ca761e178dfc1f73420fb4e44f4d0/screenshot'
19:00:52.253 [AsyncHttpClient-1-2] DEBUG org.asynchttpclient.netty.handler.HttpHandler - 

Request DefaultFullHttpRequest(decodeResult: success, version: HTTP/1.1, content: EmptyByteBufBE)
GET /session/473ca761e178dfc1f73420fb4e44f4d0/screenshot HTTP/1.1
User-Agent: selenium/4.1.2 (java windows)
Cache-Control: no-cache
Content-Type: application/json; charset=utf-8
host: localhost:64107
accept: */*

Response DefaultHttpResponse(decodeResult: success, version: HTTP/1.1)
HTTP/1.1 200 OK
Content-Type: application/json; charset=utf-8
cache-control: no-cache
content-length: 32192

19:00:52.256 [AsyncHttpClient-1-2] DEBUG org.asynchttpclient.netty.channel.ChannelManager - Adding key: http://localhost:64107 for channel [id: 0x899e8994, L:/127.0.0.1:52344 - R:localhost/127.0.0.1:64107]
19:00:52.258 [main] DEBUG net.serenitybdd.core.photography.Darkroom - Send negative for processing for target\site\serenity\4d98329a65403fb35239499910819cdb6d3d71d823e551da367b9fc52c2ec142.png
19:00:52.258 [main] DEBUG net.thucydides.core.steps.StepInterceptor - STEP DONE: validateOnLoginPage
  &amp#27;[32mGiven &amp#27;[0m&amp#27;[32mI am on the login page&amp#27;[0m                &amp#27;[90m# starter.stepdefinitions.LoginSteps.onTheLoginPage()&amp#27;[0m
19:00:52.316 [Forwarding screenshot on session 473ca761e178dfc1f73420fb4e44f4d0 to remote] DEBUG org.asynchttpclient.netty.request.NettyRequestSender - Using pooled Channel '[id: 0x899e8994, L:/127.0.0.1:52344 - R:localhost/127.0.0.1:64107]' for 'GET' to 'http://localhost:64107/session/473ca761e178dfc1f73420fb4e44f4d0/screenshot'
19:00:52.316 [Forwarding screenshot on session 473ca761e178dfc1f73420fb4e44f4d0 to remote] DEBUG org.asynchttpclient.netty.request.NettyRequestSender - Using open Channel [id: 0x899e8994, L:/127.0.0.1:52344 - R:localhost/127.0.0.1:64107] for GET '/session/473ca761e178dfc1f73420fb4e44f4d0/screenshot'
19:00:52.444 [AsyncHttpClient-1-2] DEBUG org.asynchttpclient.netty.handler.HttpHandler - 

Request DefaultFullHttpRequest(decodeResult: success, version: HTTP/1.1, content: EmptyByteBufBE)
GET /session/473ca761e178dfc1f73420fb4e44f4d0/screenshot HTTP/1.1
User-Agent: selenium/4.1.2 (java windows)
Cache-Control: no-cache
Content-Type: application/json; charset=utf-8
host: localhost:64107
accept: */*

Response DefaultHttpResponse(decodeResult: success, version: HTTP/1.1)
HTTP/1.1 200 OK
Content-Type: application/json; charset=utf-8
cache-control: no-cache
content-length: 32192

19:00:52.445 [AsyncHttpClient-1-2] DEBUG org.asynchttpclient.netty.channel.ChannelManager - Adding key: http://localhost:64107 for channel [id: 0x899e8994, L:/127.0.0.1:52344 - R:localhost/127.0.0.1:64107]
19:00:52.448 [main] DEBUG net.serenitybdd.core.photography.Darkroom - Send negative for processing for target\site\serenity\4d98329a65403fb35239499910819cdb6d3d71d823e551da367b9fc52c2ec142.png
19:00:52.448 [main] DEBUG net.thucydides.core.steps.StepInterceptor - STARTING STEP: LoginSteps.inputValidEmail - inputEmail
19:00:52.456 [Forwarding findElement on session 473ca761e178dfc1f73420fb4e44f4d0 to remote] DEBUG org.asynchttpclient.netty.request.NettyRequestSender - Using pooled Channel '[id: 0x899e8994, L:/127.0.0.1:52344 - R:localhost/127.0.0.1:64107]' for 'POST' to 'http://localhost:64107/session/473ca761e178dfc1f73420fb4e44f4d0/element'
19:00:52.456 [Forwarding findElement on session 473ca761e178dfc1f73420fb4e44f4d0 to remote] DEBUG org.asynchttpclient.netty.request.NettyRequestSender - Using open Channel [id: 0x899e8994, L:/127.0.0.1:52344 - R:localhost/127.0.0.1:64107] for POST '/session/473ca761e178dfc1f73420fb4e44f4d0/element'
19:00:52.474 [AsyncHttpClient-1-2] DEBUG org.asynchttpclient.netty.handler.HttpHandler - 

Request DefaultHttpRequest(decodeResult: success, version: HTTP/1.1)
POST /session/473ca761e178dfc1f73420fb4e44f4d0/element HTTP/1.1
User-Agent: selenium/4.1.2 (java windows)
Content-Length: 84
Content-Type: application/json; charset=utf-8
host: localhost:64107
accept: */*

Response DefaultHttpResponse(decodeResult: success, version: HTTP/1.1)
HTTP/1.1 200 OK
Content-Type: application/json; charset=utf-8
cache-control: no-cache
content-length: 88

19:00:52.474 [AsyncHttpClient-1-2] DEBUG org.asynchttpclient.netty.channel.ChannelManager - Adding key: http://localhost:64107 for channel [id: 0x899e8994, L:/127.0.0.1:52344 - R:localhost/127.0.0.1:64107]
19:00:52.479 [Forwarding clearElement on session 473ca761e178dfc1f73420fb4e44f4d0 to remote] DEBUG org.asynchttpclient.netty.request.NettyRequestSender - Using pooled Channel '[id: 0x899e8994, L:/127.0.0.1:52344 - R:localhost/127.0.0.1:64107]' for 'POST' to 'http://localhost:64107/session/473ca761e178dfc1f73420fb4e44f4d0/element/0ed7d195-ed6e-4926-9911-b264dcc9e9f6/clear'
19:00:52.479 [Forwarding clearElement on session 473ca761e178dfc1f73420fb4e44f4d0 to remote] DEBUG org.asynchttpclient.netty.request.NettyRequestSender - Using open Channel [id: 0x899e8994, L:/127.0.0.1:52344 - R:localhost/127.0.0.1:64107] for POST '/session/473ca761e178dfc1f73420fb4e44f4d0/element/0ed7d195-ed6e-4926-9911-b264dcc9e9f6/clear'
19:00:52.539 [AsyncHttpClient-1-2] DEBUG org.asynchttpclient.netty.handler.HttpHandler - 

Request DefaultHttpRequest(decodeResult: success, version: HTTP/1.1)
POST /session/473ca761e178dfc1f73420fb4e44f4d0/element/0ed7d195-ed6e-4926-9911-b264dcc9e9f6/clear HTTP/1.1
User-Agent: selenium/4.1.2 (java windows)
Content-Length: 50
Content-Type: application/json; charset=utf-8
host: localhost:64107
accept: */*

Response DefaultHttpResponse(decodeResult: success, version: HTTP/1.1)
HTTP/1.1 200 OK
Content-Type: application/json; charset=utf-8
cache-control: no-cache
content-length: 14

19:00:52.540 [AsyncHttpClient-1-2] DEBUG org.asynchttpclient.netty.channel.ChannelManager - Adding key: http://localhost:64107 for channel [id: 0x899e8994, L:/127.0.0.1:52344 - R:localhost/127.0.0.1:64107]
19:00:52.548 [Forwarding sendKeysToElement on session 473ca761e178dfc1f73420fb4e44f4d0 to remote] DEBUG org.asynchttpclient.netty.request.NettyRequestSender - Using pooled Channel '[id: 0x899e8994, L:/127.0.0.1:52344 - R:localhost/127.0.0.1:64107]' for 'POST' to 'http://localhost:64107/session/473ca761e178dfc1f73420fb4e44f4d0/element/0ed7d195-ed6e-4926-9911-b264dcc9e9f6/value'
19:00:52.548 [Forwarding sendKeysToElement on session 473ca761e178dfc1f73420fb4e44f4d0 to remote] DEBUG org.asynchttpclient.netty.request.NettyRequestSender - Using open Channel [id: 0x899e8994, L:/127.0.0.1:52344 - R:localhost/127.0.0.1:64107] for POST '/session/473ca761e178dfc1f73420fb4e44f4d0/element/0ed7d195-ed6e-4926-9911-b264dcc9e9f6/value'
19:00:52.768 [AsyncHttpClient-1-2] DEBUG org.asynchttpclient.netty.handler.HttpHandler - 

Request DefaultHttpRequest(decodeResult: success, version: HTTP/1.1)
POST /session/473ca761e178dfc1f73420fb4e44f4d0/element/0ed7d195-ed6e-4926-9911-b264dcc9e9f6/value HTTP/1.1
User-Agent: selenium/4.1.2 (java windows)
Content-Length: 231
Content-Type: application/json; charset=utf-8
host: localhost:64107
accept: */*

Response DefaultHttpResponse(decodeResult: success, version: HTTP/1.1)
HTTP/1.1 200 OK
Content-Type: application/json; charset=utf-8
cache-control: no-cache
content-length: 14

19:00:52.768 [AsyncHttpClient-1-2] DEBUG org.asynchttpclient.netty.channel.ChannelManager - Adding key: http://localhost:64107 for channel [id: 0x899e8994, L:/127.0.0.1:52344 - R:localhost/127.0.0.1:64107]
19:00:52.783 [Forwarding screenshot on session 473ca761e178dfc1f73420fb4e44f4d0 to remote] DEBUG org.asynchttpclient.netty.request.NettyRequestSender - Using pooled Channel '[id: 0x899e8994, L:/127.0.0.1:52344 - R:localhost/127.0.0.1:64107]' for 'GET' to 'http://localhost:64107/session/473ca761e178dfc1f73420fb4e44f4d0/screenshot'
19:00:52.783 [Forwarding screenshot on session 473ca761e178dfc1f73420fb4e44f4d0 to remote] DEBUG org.asynchttpclient.netty.request.NettyRequestSender - Using open Channel [id: 0x899e8994, L:/127.0.0.1:52344 - R:localhost/127.0.0.1:64107] for GET '/session/473ca761e178dfc1f73420fb4e44f4d0/screenshot'
19:00:52.862 [AsyncHttpClient-1-1] DEBUG org.asynchttpclient.netty.channel.DefaultChannelPool - Entry count for : http://localhost:52345 : 1
19:00:52.930 [AsyncHttpClient-1-2] DEBUG org.asynchttpclient.netty.handler.HttpHandler - 

Request DefaultFullHttpRequest(decodeResult: success, version: HTTP/1.1, content: EmptyByteBufBE)
GET /session/473ca761e178dfc1f73420fb4e44f4d0/screenshot HTTP/1.1
User-Agent: selenium/4.1.2 (java windows)
Cache-Control: no-cache
Content-Type: application/json; charset=utf-8
host: localhost:64107
accept: */*

Response DefaultHttpResponse(decodeResult: success, version: HTTP/1.1)
HTTP/1.1 200 OK
Content-Type: application/json; charset=utf-8
cache-control: no-cache
content-length: 37764

19:00:52.931 [AsyncHttpClient-1-2] DEBUG org.asynchttpclient.netty.channel.ChannelManager - Adding key: http://localhost:64107 for channel [id: 0x899e8994, L:/127.0.0.1:52344 - R:localhost/127.0.0.1:64107]
19:00:52.936 [main] DEBUG net.serenitybdd.core.photography.Darkroom - Send negative for processing for target\site\serenity\43ec88b5fe7ff50c53ead3c66f2ae78ec016f46bb26e1db64f713a949ce4fae3.png
19:00:52.936 [main] DEBUG net.thucydides.core.steps.StepInterceptor - STEP DONE: inputEmail
19:00:52.936 [Darkroom Processing Line] DEBUG net.serenitybdd.core.photography.DarkroomProcessingLine - Processing screenshot image in /var/screenshots/screenshot-4424589881585690438
19:00:52.936 [Darkroom Processing Line] DEBUG net.serenitybdd.core.photography.DarkroomProcessingLine - Saving screenshot to target\site\serenity\43ec88b5fe7ff50c53ead3c66f2ae78ec016f46bb26e1db64f713a949ce4fae3.png
  &amp#27;[32mWhen &amp#27;[0m&amp#27;[32mI input valid email&amp#27;[0m                    &amp#27;[90m# starter.stepdefinitions.LoginSteps.inputValidEmail()&amp#27;[0m
19:00:52.984 [main] DEBUG net.thucydides.core.steps.StepInterceptor - STARTING STEP: LoginSteps.inputValidPassword - inputPassword
19:00:52.991 [Forwarding findElement on session 473ca761e178dfc1f73420fb4e44f4d0 to remote] DEBUG org.asynchttpclient.netty.request.NettyRequestSender - Using pooled Channel '[id: 0x899e8994, L:/127.0.0.1:52344 - R:localhost/127.0.0.1:64107]' for 'POST' to 'http://localhost:64107/session/473ca761e178dfc1f73420fb4e44f4d0/element'
19:00:52.992 [Forwarding findElement on session 473ca761e178dfc1f73420fb4e44f4d0 to remote] DEBUG org.asynchttpclient.netty.request.NettyRequestSender - Using open Channel [id: 0x899e8994, L:/127.0.0.1:52344 - R:localhost/127.0.0.1:64107] for POST '/session/473ca761e178dfc1f73420fb4e44f4d0/element'
19:00:53.010 [AsyncHttpClient-1-2] DEBUG org.asynchttpclient.netty.handler.HttpHandler - 

Request DefaultHttpRequest(decodeResult: success, version: HTTP/1.1)
POST /session/473ca761e178dfc1f73420fb4e44f4d0/element HTTP/1.1
User-Agent: selenium/4.1.2 (java windows)
Content-Length: 87
Content-Type: application/json; charset=utf-8
host: localhost:64107
accept: */*

Response DefaultHttpResponse(decodeResult: success, version: HTTP/1.1)
HTTP/1.1 200 OK
Content-Type: application/json; charset=utf-8
cache-control: no-cache
content-length: 88

19:00:53.011 [AsyncHttpClient-1-2] DEBUG org.asynchttpclient.netty.channel.ChannelManager - Adding key: http://localhost:64107 for channel [id: 0x899e8994, L:/127.0.0.1:52344 - R:localhost/127.0.0.1:64107]
19:00:53.016 [Forwarding clearElement on session 473ca761e178dfc1f73420fb4e44f4d0 to remote] DEBUG org.asynchttpclient.netty.request.NettyRequestSender - Using pooled Channel '[id: 0x899e8994, L:/127.0.0.1:52344 - R:localhost/127.0.0.1:64107]' for 'POST' to 'http://localhost:64107/session/473ca761e178dfc1f73420fb4e44f4d0/element/7d0979fc-821a-42ab-8ce9-42f501f16a9a/clear'
19:00:53.016 [Forwarding clearElement on session 473ca761e178dfc1f73420fb4e44f4d0 to remote] DEBUG org.asynchttpclient.netty.request.NettyRequestSender - Using open Channel [id: 0x899e8994, L:/127.0.0.1:52344 - R:localhost/127.0.0.1:64107] for POST '/session/473ca761e178dfc1f73420fb4e44f4d0/element/7d0979fc-821a-42ab-8ce9-42f501f16a9a/clear'
19:00:53.055 [AsyncHttpClient-1-2] DEBUG org.asynchttpclient.netty.handler.HttpHandler - 

Request DefaultHttpRequest(decodeResult: success, version: HTTP/1.1)
POST /session/473ca761e178dfc1f73420fb4e44f4d0/element/7d0979fc-821a-42ab-8ce9-42f501f16a9a/clear HTTP/1.1
User-Agent: selenium/4.1.2 (java windows)
Content-Length: 50
Content-Type: application/json; charset=utf-8
host: localhost:64107
accept: */*

Response DefaultHttpResponse(decodeResult: success, version: HTTP/1.1)
HTTP/1.1 200 OK
Content-Type: application/json; charset=utf-8
cache-control: no-cache
content-length: 14

19:00:53.055 [AsyncHttpClient-1-2] DEBUG org.asynchttpclient.netty.channel.ChannelManager - Adding key: http://localhost:64107 for channel [id: 0x899e8994, L:/127.0.0.1:52344 - R:localhost/127.0.0.1:64107]
19:00:53.058 [Forwarding sendKeysToElement on session 473ca761e178dfc1f73420fb4e44f4d0 to remote] DEBUG org.asynchttpclient.netty.request.NettyRequestSender - Using pooled Channel '[id: 0x899e8994, L:/127.0.0.1:52344 - R:localhost/127.0.0.1:64107]' for 'POST' to 'http://localhost:64107/session/473ca761e178dfc1f73420fb4e44f4d0/element/7d0979fc-821a-42ab-8ce9-42f501f16a9a/value'
19:00:53.058 [Forwarding sendKeysToElement on session 473ca761e178dfc1f73420fb4e44f4d0 to remote] DEBUG org.asynchttpclient.netty.request.NettyRequestSender - Using open Channel [id: 0x899e8994, L:/127.0.0.1:52344 - R:localhost/127.0.0.1:64107] for POST '/session/473ca761e178dfc1f73420fb4e44f4d0/element/7d0979fc-821a-42ab-8ce9-42f501f16a9a/value'
19:00:53.169 [AsyncHttpClient-1-2] DEBUG org.asynchttpclient.netty.handler.HttpHandler - 

Request DefaultHttpRequest(decodeResult: success, version: HTTP/1.1)
POST /session/473ca761e178dfc1f73420fb4e44f4d0/element/7d0979fc-821a-42ab-8ce9-42f501f16a9a/value HTTP/1.1
User-Agent: selenium/4.1.2 (java windows)
Content-Length: 151
Content-Type: application/json; charset=utf-8
host: localhost:64107
accept: */*

Response DefaultHttpResponse(decodeResult: success, version: HTTP/1.1)
HTTP/1.1 200 OK
Content-Type: application/json; charset=utf-8
cache-control: no-cache
content-length: 14

19:00:53.169 [AsyncHttpClient-1-2] DEBUG org.asynchttpclient.netty.channel.ChannelManager - Adding key: http://localhost:64107 for channel [id: 0x899e8994, L:/127.0.0.1:52344 - R:localhost/127.0.0.1:64107]
19:00:53.178 [Forwarding screenshot on session 473ca761e178dfc1f73420fb4e44f4d0 to remote] DEBUG org.asynchttpclient.netty.request.NettyRequestSender - Using pooled Channel '[id: 0x899e8994, L:/127.0.0.1:52344 - R:localhost/127.0.0.1:64107]' for 'GET' to 'http://localhost:64107/session/473ca761e178dfc1f73420fb4e44f4d0/screenshot'
19:00:53.178 [Forwarding screenshot on session 473ca761e178dfc1f73420fb4e44f4d0 to remote] DEBUG org.asynchttpclient.netty.request.NettyRequestSender - Using open Channel [id: 0x899e8994, L:/127.0.0.1:52344 - R:localhost/127.0.0.1:64107] for GET '/session/473ca761e178dfc1f73420fb4e44f4d0/screenshot'
19:00:53.344 [AsyncHttpClient-1-2] DEBUG org.asynchttpclient.netty.handler.HttpHandler - 

Request DefaultFullHttpRequest(decodeResult: success, version: HTTP/1.1, content: EmptyByteBufBE)
GET /session/473ca761e178dfc1f73420fb4e44f4d0/screenshot HTTP/1.1
User-Agent: selenium/4.1.2 (java windows)
Cache-Control: no-cache
Content-Type: application/json; charset=utf-8
host: localhost:64107
accept: */*

Response DefaultHttpResponse(decodeResult: success, version: HTTP/1.1)
HTTP/1.1 200 OK
Content-Type: application/json; charset=utf-8
cache-control: no-cache
content-length: 39952

19:00:53.344 [AsyncHttpClient-1-2] DEBUG org.asynchttpclient.netty.channel.ChannelManager - Adding key: http://localhost:64107 for channel [id: 0x899e8994, L:/127.0.0.1:52344 - R:localhost/127.0.0.1:64107]
19:00:53.349 [main] DEBUG net.serenitybdd.core.photography.Darkroom - Send negative for processing for target\site\serenity\a99fee87ab011d3d3589de86297672e64fe31ba68ef9fcabf1762dd759cd9d11.png
19:00:53.350 [main] DEBUG net.thucydides.core.steps.StepInterceptor - STEP DONE: inputPassword
  &amp#27;[32mAnd &amp#27;[0m&amp#27;[32mI input valid password&amp#27;[0m                  &amp#27;[90m# starter.stepdefinitions.LoginSteps.inputValidPassword()&amp#27;[0m
19:00:53.350 [Darkroom Processing Line] DEBUG net.serenitybdd.core.photography.DarkroomProcessingLine - Processing screenshot image in /var/screenshots/screenshot-5853607824973565480
19:00:53.350 [Darkroom Processing Line] DEBUG net.serenitybdd.core.photography.DarkroomProcessingLine - Saving screenshot to target\site\serenity\a99fee87ab011d3d3589de86297672e64fe31ba68ef9fcabf1762dd759cd9d11.png
19:00:53.376 [main] DEBUG net.thucydides.core.steps.StepInterceptor - STARTING STEP: LoginSteps.clickLoginButton - clickLoginButton
19:00:53.387 [Forwarding findElement on session 473ca761e178dfc1f73420fb4e44f4d0 to remote] DEBUG org.asynchttpclient.netty.request.NettyRequestSender - Using pooled Channel '[id: 0x899e8994, L:/127.0.0.1:52344 - R:localhost/127.0.0.1:64107]' for 'POST' to 'http://localhost:64107/session/473ca761e178dfc1f73420fb4e44f4d0/element'
19:00:53.387 [Forwarding findElement on session 473ca761e178dfc1f73420fb4e44f4d0 to remote] DEBUG org.asynchttpclient.netty.request.NettyRequestSender - Using open Channel [id: 0x899e8994, L:/127.0.0.1:52344 - R:localhost/127.0.0.1:64107] for POST '/session/473ca761e178dfc1f73420fb4e44f4d0/element'
19:00:53.399 [AsyncHttpClient-1-2] DEBUG org.asynchttpclient.netty.handler.HttpHandler - 

Request DefaultHttpRequest(decodeResult: success, version: HTTP/1.1)
POST /session/473ca761e178dfc1f73420fb4e44f4d0/element HTTP/1.1
User-Agent: selenium/4.1.2 (java windows)
Content-Length: 155
Content-Type: application/json; charset=utf-8
host: localhost:64107
accept: */*

Response DefaultHttpResponse(decodeResult: success, version: HTTP/1.1)
HTTP/1.1 200 OK
Content-Type: application/json; charset=utf-8
cache-control: no-cache
content-length: 88

19:00:53.399 [AsyncHttpClient-1-2] DEBUG org.asynchttpclient.netty.channel.ChannelManager - Adding key: http://localhost:64107 for channel [id: 0x899e8994, L:/127.0.0.1:52344 - R:localhost/127.0.0.1:64107]
19:00:53.402 [Forwarding getElementTagName on session 473ca761e178dfc1f73420fb4e44f4d0 to remote] DEBUG org.asynchttpclient.netty.request.NettyRequestSender - Using pooled Channel '[id: 0x899e8994, L:/127.0.0.1:52344 - R:localhost/127.0.0.1:64107]' for 'GET' to 'http://localhost:64107/session/473ca761e178dfc1f73420fb4e44f4d0/element/280a5c4a-2b70-498f-86e6-14039fba6dfc/name'
19:00:53.402 [Forwarding getElementTagName on session 473ca761e178dfc1f73420fb4e44f4d0 to remote] DEBUG org.asynchttpclient.netty.request.NettyRequestSender - Using open Channel [id: 0x899e8994, L:/127.0.0.1:52344 - R:localhost/127.0.0.1:64107] for GET '/session/473ca761e178dfc1f73420fb4e44f4d0/element/280a5c4a-2b70-498f-86e6-14039fba6dfc/name'
19:00:53.410 [AsyncHttpClient-1-2] DEBUG org.asynchttpclient.netty.handler.HttpHandler - 

Request DefaultFullHttpRequest(decodeResult: success, version: HTTP/1.1, content: EmptyByteBufBE)
GET /session/473ca761e178dfc1f73420fb4e44f4d0/element/280a5c4a-2b70-498f-86e6-14039fba6dfc/name HTTP/1.1
User-Agent: selenium/4.1.2 (java windows)
Cache-Control: no-cache
Content-Type: application/json; charset=utf-8
host: localhost:64107
accept: */*

Response DefaultHttpResponse(decodeResult: success, version: HTTP/1.1)
HTTP/1.1 200 OK
Content-Type: application/json; charset=utf-8
cache-control: no-cache
content-length: 18

19:00:53.410 [AsyncHttpClient-1-2] DEBUG org.asynchttpclient.netty.channel.ChannelManager - Adding key: http://localhost:64107 for channel [id: 0x899e8994, L:/127.0.0.1:52344 - R:localhost/127.0.0.1:64107]
19:00:53.414 [Forwarding getElementTagName on session 473ca761e178dfc1f73420fb4e44f4d0 to remote] DEBUG org.asynchttpclient.netty.request.NettyRequestSender - Using pooled Channel '[id: 0x899e8994, L:/127.0.0.1:52344 - R:localhost/127.0.0.1:64107]' for 'GET' to 'http://localhost:64107/session/473ca761e178dfc1f73420fb4e44f4d0/element/280a5c4a-2b70-498f-86e6-14039fba6dfc/name'
19:00:53.414 [Forwarding getElementTagName on session 473ca761e178dfc1f73420fb4e44f4d0 to remote] DEBUG org.asynchttpclient.netty.request.NettyRequestSender - Using open Channel [id: 0x899e8994, L:/127.0.0.1:52344 - R:localhost/127.0.0.1:64107] for GET '/session/473ca761e178dfc1f73420fb4e44f4d0/element/280a5c4a-2b70-498f-86e6-14039fba6dfc/name'
19:00:53.423 [AsyncHttpClient-1-2] DEBUG org.asynchttpclient.netty.handler.HttpHandler - 

Request DefaultFullHttpRequest(decodeResult: success, version: HTTP/1.1, content: EmptyByteBufBE)
GET /session/473ca761e178dfc1f73420fb4e44f4d0/element/280a5c4a-2b70-498f-86e6-14039fba6dfc/name HTTP/1.1
User-Agent: selenium/4.1.2 (java windows)
Cache-Control: no-cache
Content-Type: application/json; charset=utf-8
host: localhost:64107
accept: */*

Response DefaultHttpResponse(decodeResult: success, version: HTTP/1.1)
HTTP/1.1 200 OK
Content-Type: application/json; charset=utf-8
cache-control: no-cache
content-length: 18

19:00:53.423 [AsyncHttpClient-1-2] DEBUG org.asynchttpclient.netty.channel.ChannelManager - Adding key: http://localhost:64107 for channel [id: 0x899e8994, L:/127.0.0.1:52344 - R:localhost/127.0.0.1:64107]
19:00:53.433 [Forwarding isElementEnabled on session 473ca761e178dfc1f73420fb4e44f4d0 to remote] DEBUG org.asynchttpclient.netty.request.NettyRequestSender - Using pooled Channel '[id: 0x899e8994, L:/127.0.0.1:52344 - R:localhost/127.0.0.1:64107]' for 'GET' to 'http://localhost:64107/session/473ca761e178dfc1f73420fb4e44f4d0/element/280a5c4a-2b70-498f-86e6-14039fba6dfc/enabled'
19:00:53.433 [Forwarding isElementEnabled on session 473ca761e178dfc1f73420fb4e44f4d0 to remote] DEBUG org.asynchttpclient.netty.request.NettyRequestSender - Using open Channel [id: 0x899e8994, L:/127.0.0.1:52344 - R:localhost/127.0.0.1:64107] for GET '/session/473ca761e178dfc1f73420fb4e44f4d0/element/280a5c4a-2b70-498f-86e6-14039fba6dfc/enabled'
19:00:53.449 [AsyncHttpClient-1-2] DEBUG org.asynchttpclient.netty.handler.HttpHandler - 

Request DefaultFullHttpRequest(decodeResult: success, version: HTTP/1.1, content: EmptyByteBufBE)
GET /session/473ca761e178dfc1f73420fb4e44f4d0/element/280a5c4a-2b70-498f-86e6-14039fba6dfc/enabled HTTP/1.1
User-Agent: selenium/4.1.2 (java windows)
Cache-Control: no-cache
Content-Type: application/json; charset=utf-8
host: localhost:64107
accept: */*

Response DefaultHttpResponse(decodeResult: success, version: HTTP/1.1)
HTTP/1.1 200 OK
Content-Type: application/json; charset=utf-8
cache-control: no-cache
content-length: 14

19:00:53.450 [AsyncHttpClient-1-2] DEBUG org.asynchttpclient.netty.channel.ChannelManager - Adding key: http://localhost:64107 for channel [id: 0x899e8994, L:/127.0.0.1:52344 - R:localhost/127.0.0.1:64107]
19:00:53.453 [Forwarding isElementEnabled on session 473ca761e178dfc1f73420fb4e44f4d0 to remote] DEBUG org.asynchttpclient.netty.request.NettyRequestSender - Using pooled Channel '[id: 0x899e8994, L:/127.0.0.1:52344 - R:localhost/127.0.0.1:64107]' for 'GET' to 'http://localhost:64107/session/473ca761e178dfc1f73420fb4e44f4d0/element/280a5c4a-2b70-498f-86e6-14039fba6dfc/enabled'
19:00:53.454 [Forwarding isElementEnabled on session 473ca761e178dfc1f73420fb4e44f4d0 to remote] DEBUG org.asynchttpclient.netty.request.NettyRequestSender - Using open Channel [id: 0x899e8994, L:/127.0.0.1:52344 - R:localhost/127.0.0.1:64107] for GET '/session/473ca761e178dfc1f73420fb4e44f4d0/element/280a5c4a-2b70-498f-86e6-14039fba6dfc/enabled'
19:00:53.465 [AsyncHttpClient-1-2] DEBUG org.asynchttpclient.netty.handler.HttpHandler - 

Request DefaultFullHttpRequest(decodeResult: success, version: HTTP/1.1, content: EmptyByteBufBE)
GET /session/473ca761e178dfc1f73420fb4e44f4d0/element/280a5c4a-2b70-498f-86e6-14039fba6dfc/enabled HTTP/1.1
User-Agent: selenium/4.1.2 (java windows)
Cache-Control: no-cache
Content-Type: application/json; charset=utf-8
host: localhost:64107
accept: */*

Response DefaultHttpResponse(decodeResult: success, version: HTTP/1.1)
HTTP/1.1 200 OK
Content-Type: application/json; charset=utf-8
cache-control: no-cache
content-length: 14

19:00:53.466 [AsyncHttpClient-1-2] DEBUG org.asynchttpclient.netty.channel.ChannelManager - Adding key: http://localhost:64107 for channel [id: 0x899e8994, L:/127.0.0.1:52344 - R:localhost/127.0.0.1:64107]
19:00:53.469 [Forwarding findElement on session 473ca761e178dfc1f73420fb4e44f4d0 to remote] DEBUG org.asynchttpclient.netty.request.NettyRequestSender - Using pooled Channel '[id: 0x899e8994, L:/127.0.0.1:52344 - R:localhost/127.0.0.1:64107]' for 'POST' to 'http://localhost:64107/session/473ca761e178dfc1f73420fb4e44f4d0/element'
19:00:53.469 [Forwarding findElement on session 473ca761e178dfc1f73420fb4e44f4d0 to remote] DEBUG org.asynchttpclient.netty.request.NettyRequestSender - Using open Channel [id: 0x899e8994, L:/127.0.0.1:52344 - R:localhost/127.0.0.1:64107] for POST '/session/473ca761e178dfc1f73420fb4e44f4d0/element'
19:00:53.480 [AsyncHttpClient-1-2] DEBUG org.asynchttpclient.netty.handler.HttpHandler - 

Request DefaultHttpRequest(decodeResult: success, version: HTTP/1.1)
POST /session/473ca761e178dfc1f73420fb4e44f4d0/element HTTP/1.1
User-Agent: selenium/4.1.2 (java windows)
Content-Length: 155
Content-Type: application/json; charset=utf-8
host: localhost:64107
accept: */*

Response DefaultHttpResponse(decodeResult: success, version: HTTP/1.1)
HTTP/1.1 200 OK
Content-Type: application/json; charset=utf-8
cache-control: no-cache
content-length: 88

19:00:53.481 [AsyncHttpClient-1-2] DEBUG org.asynchttpclient.netty.channel.ChannelManager - Adding key: http://localhost:64107 for channel [id: 0x899e8994, L:/127.0.0.1:52344 - R:localhost/127.0.0.1:64107]
19:00:53.484 [Forwarding clickElement on session 473ca761e178dfc1f73420fb4e44f4d0 to remote] DEBUG org.asynchttpclient.netty.request.NettyRequestSender - Using pooled Channel '[id: 0x899e8994, L:/127.0.0.1:52344 - R:localhost/127.0.0.1:64107]' for 'POST' to 'http://localhost:64107/session/473ca761e178dfc1f73420fb4e44f4d0/element/280a5c4a-2b70-498f-86e6-14039fba6dfc/click'
19:00:53.485 [Forwarding clickElement on session 473ca761e178dfc1f73420fb4e44f4d0 to remote] DEBUG org.asynchttpclient.netty.request.NettyRequestSender - Using open Channel [id: 0x899e8994, L:/127.0.0.1:52344 - R:localhost/127.0.0.1:64107] for POST '/session/473ca761e178dfc1f73420fb4e44f4d0/element/280a5c4a-2b70-498f-86e6-14039fba6dfc/click'
19:00:53.551 [AsyncHttpClient-1-2] DEBUG org.asynchttpclient.netty.handler.HttpHandler - 

Request DefaultHttpRequest(decodeResult: success, version: HTTP/1.1)
POST /session/473ca761e178dfc1f73420fb4e44f4d0/element/280a5c4a-2b70-498f-86e6-14039fba6dfc/click HTTP/1.1
User-Agent: selenium/4.1.2 (java windows)
Content-Length: 50
Content-Type: application/json; charset=utf-8
host: localhost:64107
accept: */*

Response DefaultHttpResponse(decodeResult: success, version: HTTP/1.1)
HTTP/1.1 200 OK
Content-Type: application/json; charset=utf-8
cache-control: no-cache
content-length: 14

19:00:53.553 [AsyncHttpClient-1-2] DEBUG org.asynchttpclient.netty.channel.ChannelManager - Adding key: http://localhost:64107 for channel [id: 0x899e8994, L:/127.0.0.1:52344 - R:localhost/127.0.0.1:64107]
19:00:53.566 [Forwarding screenshot on session 473ca761e178dfc1f73420fb4e44f4d0 to remote] DEBUG org.asynchttpclient.netty.request.NettyRequestSender - Using pooled Channel '[id: 0x899e8994, L:/127.0.0.1:52344 - R:localhost/127.0.0.1:64107]' for 'GET' to 'http://localhost:64107/session/473ca761e178dfc1f73420fb4e44f4d0/screenshot'
19:00:53.567 [Forwarding screenshot on session 473ca761e178dfc1f73420fb4e44f4d0 to remote] DEBUG org.asynchttpclient.netty.request.NettyRequestSender - Using open Channel [id: 0x899e8994, L:/127.0.0.1:52344 - R:localhost/127.0.0.1:64107] for GET '/session/473ca761e178dfc1f73420fb4e44f4d0/screenshot'
19:00:53.753 [AsyncHttpClient-1-2] DEBUG org.asynchttpclient.netty.handler.HttpHandler - 

Request DefaultFullHttpRequest(decodeResult: success, version: HTTP/1.1, content: EmptyByteBufBE)
GET /session/473ca761e178dfc1f73420fb4e44f4d0/screenshot HTTP/1.1
User-Agent: selenium/4.1.2 (java windows)
Cache-Control: no-cache
Content-Type: application/json; charset=utf-8
host: localhost:64107
accept: */*

Response DefaultHttpResponse(decodeResult: success, version: HTTP/1.1)
HTTP/1.1 200 OK
Content-Type: application/json; charset=utf-8
cache-control: no-cache
content-length: 39780

19:00:53.754 [AsyncHttpClient-1-2] DEBUG org.asynchttpclient.netty.channel.ChannelManager - Adding key: http://localhost:64107 for channel [id: 0x899e8994, L:/127.0.0.1:52344 - R:localhost/127.0.0.1:64107]
19:00:53.757 [main] DEBUG net.serenitybdd.core.photography.Darkroom - Send negative for processing for target\site\serenity\611c9f82e5585ab12ede8e838efb6204eaba550a306b2c0aec7edc8ce1ad9bb9.png
19:00:53.757 [main] DEBUG net.thucydides.core.steps.StepInterceptor - STEP DONE: clickLoginButton
  &amp#27;[32mAnd &amp#27;[0m&amp#27;[32mI click on login button&amp#27;[0m                 &amp#27;[90m# starter.stepdefinitions.LoginSteps.clickLoginButton()&amp#27;[0m
19:00:53.758 [Darkroom Processing Line] DEBUG net.serenitybdd.core.photography.DarkroomProcessingLine - Processing screenshot image in /var/screenshots/screenshot-14068062595974420355
19:00:53.758 [Darkroom Processing Line] DEBUG net.serenitybdd.core.photography.DarkroomProcessingLine - Saving screenshot to target\site\serenity\611c9f82e5585ab12ede8e838efb6204eaba550a306b2c0aec7edc8ce1ad9bb9.png
19:00:53.790 [main] DEBUG net.thucydides.core.steps.StepInterceptor - STARTING STEP: LoginSteps.onTheHomePage - validateOnHomePage
19:00:53.793 [Forwarding findElement on session 473ca761e178dfc1f73420fb4e44f4d0 to remote] DEBUG org.asynchttpclient.netty.request.NettyRequestSender - Using pooled Channel '[id: 0x899e8994, L:/127.0.0.1:52344 - R:localhost/127.0.0.1:64107]' for 'POST' to 'http://localhost:64107/session/473ca761e178dfc1f73420fb4e44f4d0/element'
19:00:53.793 [Forwarding findElement on session 473ca761e178dfc1f73420fb4e44f4d0 to remote] DEBUG org.asynchttpclient.netty.request.NettyRequestSender - Using open Channel [id: 0x899e8994, L:/127.0.0.1:52344 - R:localhost/127.0.0.1:64107] for POST '/session/473ca761e178dfc1f73420fb4e44f4d0/element'
19:00:53.967 [AsyncHttpClient-1-1] DEBUG org.asynchttpclient.netty.channel.DefaultChannelPool - Entry count for : http://localhost:52345 : 1
19:00:55.056 [AsyncHttpClient-1-1] DEBUG org.asynchttpclient.netty.channel.DefaultChannelPool - Entry count for : http://localhost:52345 : 1
19:00:56.165 [AsyncHttpClient-1-1] DEBUG org.asynchttpclient.netty.channel.DefaultChannelPool - Entry count for : http://localhost:52345 : 1
19:00:56.735 [AsyncHttpClient-1-2] DEBUG org.asynchttpclient.netty.handler.HttpHandler - 

Request DefaultHttpRequest(decodeResult: success, version: HTTP/1.1)
POST /session/473ca761e178dfc1f73420fb4e44f4d0/element HTTP/1.1
User-Agent: selenium/4.1.2 (java windows)
Content-Length: 140
Content-Type: application/json; charset=utf-8
host: localhost:64107
accept: */*

Response DefaultHttpResponse(decodeResult: success, version: HTTP/1.1)
HTTP/1.1 200 OK
Content-Type: application/json; charset=utf-8
cache-control: no-cache
content-length: 88

19:00:56.735 [AsyncHttpClient-1-2] DEBUG org.asynchttpclient.netty.channel.ChannelManager - Adding key: http://localhost:64107 for channel [id: 0x899e8994, L:/127.0.0.1:52344 - R:localhost/127.0.0.1:64107]
19:00:56.742 [Forwarding isElementDisplayed on session 473ca761e178dfc1f73420fb4e44f4d0 to remote] DEBUG org.asynchttpclient.netty.request.NettyRequestSender - Using pooled Channel '[id: 0x899e8994, L:/127.0.0.1:52344 - R:localhost/127.0.0.1:64107]' for 'POST' to 'http://localhost:64107/session/473ca761e178dfc1f73420fb4e44f4d0/execute/sync'
19:00:56.742 [Forwarding isElementDisplayed on session 473ca761e178dfc1f73420fb4e44f4d0 to remote] DEBUG org.asynchttpclient.netty.request.NettyRequestSender - Using open Channel [id: 0x899e8994, L:/127.0.0.1:52344 - R:localhost/127.0.0.1:64107] for POST '/session/473ca761e178dfc1f73420fb4e44f4d0/execute/sync'
19:00:56.761 [AsyncHttpClient-1-2] DEBUG org.asynchttpclient.netty.handler.HttpHandler - 

Request DefaultHttpRequest(decodeResult: success, version: HTTP/1.1)
POST /session/473ca761e178dfc1f73420fb4e44f4d0/execute/sync HTTP/1.1
User-Agent: selenium/4.1.2 (java windows)
Content-Length: 48780
Content-Type: application/json; charset=utf-8
host: localhost:64107
accept: */*

Response DefaultHttpResponse(decodeResult: success, version: HTTP/1.1)
HTTP/1.1 200 OK
Content-Type: application/json; charset=utf-8
cache-control: no-cache
content-length: 14

19:00:56.762 [AsyncHttpClient-1-2] DEBUG org.asynchttpclient.netty.channel.ChannelManager - Adding key: http://localhost:64107 for channel [id: 0x899e8994, L:/127.0.0.1:52344 - R:localhost/127.0.0.1:64107]
19:00:56.769 [Forwarding screenshot on session 473ca761e178dfc1f73420fb4e44f4d0 to remote] DEBUG org.asynchttpclient.netty.request.NettyRequestSender - Using pooled Channel '[id: 0x899e8994, L:/127.0.0.1:52344 - R:localhost/127.0.0.1:64107]' for 'GET' to 'http://localhost:64107/session/473ca761e178dfc1f73420fb4e44f4d0/screenshot'
19:00:56.770 [Forwarding screenshot on session 473ca761e178dfc1f73420fb4e44f4d0 to remote] DEBUG org.asynchttpclient.netty.request.NettyRequestSender - Using open Channel [id: 0x899e8994, L:/127.0.0.1:52344 - R:localhost/127.0.0.1:64107] for GET '/session/473ca761e178dfc1f73420fb4e44f4d0/screenshot'
19:00:56.868 [AsyncHttpClient-1-2] DEBUG org.asynchttpclient.netty.handler.HttpHandler - 

Request DefaultFullHttpRequest(decodeResult: success, version: HTTP/1.1, content: EmptyByteBufBE)
GET /session/473ca761e178dfc1f73420fb4e44f4d0/screenshot HTTP/1.1
User-Agent: selenium/4.1.2 (java windows)
Cache-Control: no-cache
Content-Type: application/json; charset=utf-8
host: localhost:64107
accept: */*

Response DefaultHttpResponse(decodeResult: success, version: HTTP/1.1)
HTTP/1.1 200 OK
Content-Type: application/json; charset=utf-8
cache-control: no-cache
content-length: 77824

19:00:56.869 [AsyncHttpClient-1-2] DEBUG org.asynchttpclient.netty.channel.ChannelManager - Adding key: http://localhost:64107 for channel [id: 0x899e8994, L:/127.0.0.1:52344 - R:localhost/127.0.0.1:64107]
19:00:56.876 [main] DEBUG net.serenitybdd.core.photography.Darkroom - Send negative for processing for target\site\serenity\4180a5aa39dc0904d1248cac44a295951a10da52d56363e86b77352c6ebf5ef1.png
19:00:56.877 [main] DEBUG net.thucydides.core.steps.StepInterceptor - STEP DONE: validateOnHomePage
  &amp#27;[32mThen &amp#27;[0m&amp#27;[32mI am on the home page&amp#27;[0m                  &amp#27;[90m# starter.stepdefinitions.LoginSteps.onTheHomePage()&amp#27;[0m
19:00:56.877 [Darkroom Processing Line] DEBUG net.serenitybdd.core.photography.DarkroomProcessingLine - Processing screenshot image in /var/screenshots/screenshot-17391694134778442591
19:00:56.877 [Darkroom Processing Line] DEBUG net.serenitybdd.core.photography.DarkroomProcessingLine - Saving screenshot to target\site\serenity\4180a5aa39dc0904d1248cac44a295951a10da52d56363e86b77352c6ebf5ef1.png
19:00:56.890 [main] INFO  - 
  _____   ___   ___   _____     ___     _     ___   ___   ___   ___  
 |_   _| | __| / __| |_   _|   | _ \   /_\   / __| / __| | __| |   \ 
   | |   | _|  \__ \   | |     |  _/  / _ \  \__ \ \__ \ | _|  | |) |
   |_|   |___| |___/   |_|     |_|   /_/ \_\ |___/ |___/ |___| |___/ 

Login with valid email and password
----------------------------------------------------------------------
19:00:57.022 [Driver Command Executor] DEBUG org.asynchttpclient.netty.request.NettyRequestSender - Using pooled Channel '[id: 0x899e8994, L:/127.0.0.1:52344 - R:localhost/127.0.0.1:64107]' for 'DELETE' to 'http://localhost:64107/session/473ca761e178dfc1f73420fb4e44f4d0'
19:00:57.022 [Driver Command Executor] DEBUG org.asynchttpclient.netty.request.NettyRequestSender - Using open Channel [id: 0x899e8994, L:/127.0.0.1:52344 - R:localhost/127.0.0.1:64107] for DELETE '/session/473ca761e178dfc1f73420fb4e44f4d0'
19:00:57.023 [AsyncHttpClient-1-4] DEBUG org.asynchttpclient.netty.handler.WebSocketHandler - Channel Closed: [id: 0xa73697f9, L:/127.0.0.1:52356 ! R:localhost/127.0.0.1:52345] with attribute NettyResponseFuture{currentRetry=5,
	isDone=1,
	isCancelled=0,
	asyncHandler=org.asynchttpclient.ws.WebSocketUpgradeHandler@788f6c04,
	nettyRequest=org.asynchttpclient.netty.request.NettyRequest@2606370f,
	future=java.util.concurrent.CompletableFuture@7805ba24[Completed normally],
	uri=ws://localhost:52345/devtools/browser/669ad58e-6f4e-4c45-95e9-1918745aa518,
	keepAlive=true,
	redirectCount=0,
	timeoutsHolder=null,
	inAuth=0,
	touch=1652875249365}
19:00:57.024 [AsyncHttpClient-1-4] DEBUG org.asynchttpclient.netty.channel.ChannelManager - Closing Channel [id: 0xa73697f9, L:/127.0.0.1:52356 ! R:localhost/127.0.0.1:52345] 
19:00:57.185 [AsyncHttpClient-1-3] DEBUG org.asynchttpclient.netty.handler.HttpHandler - Unexpected I/O exception on channel [id: 0x8a133e70, L:/127.0.0.1:52355 - R:localhost/127.0.0.1:52345]
java.io.IOException: An existing connection was forcibly closed by the remote host
	at java.base/sun.nio.ch.SocketDispatcher.read0(Native Method)
	at java.base/sun.nio.ch.SocketDispatcher.read(SocketDispatcher.java:43)
	at java.base/sun.nio.ch.IOUtil.readIntoNativeBuffer(IOUtil.java:276)
	at java.base/sun.nio.ch.IOUtil.read(IOUtil.java:233)
	at java.base/sun.nio.ch.IOUtil.read(IOUtil.java:223)
	at java.base/sun.nio.ch.SocketChannelImpl.read(SocketChannelImpl.java:358)
	at io.netty.buffer.PooledByteBuf.setBytes(PooledByteBuf.java:258)
	at io.netty.buffer.AbstractByteBuf.writeBytes(AbstractByteBuf.java:1132)
	at io.netty.channel.socket.nio.NioSocketChannel.doReadBytes(NioSocketChannel.java:350)
	at io.netty.channel.nio.AbstractNioByteChannel$NioByteUnsafe.read(AbstractNioByteChannel.java:151)
	at io.netty.channel.nio.NioEventLoop.processSelectedKey(NioEventLoop.java:722)
	at io.netty.channel.nio.NioEventLoop.processSelectedKeysOptimized(NioEventLoop.java:658)
	at io.netty.channel.nio.NioEventLoop.processSelectedKeys(NioEventLoop.java:584)
	at io.netty.channel.nio.NioEventLoop.run(NioEventLoop.java:496)
	at io.netty.util.concurrent.SingleThreadEventExecutor$4.run(SingleThreadEventExecutor.java:986)
	at io.netty.util.internal.ThreadExecutorMap$2.run(ThreadExecutorMap.java:74)
	at io.netty.util.concurrent.FastThreadLocalRunnable.run(FastThreadLocalRunnable.java:30)
	at java.base/java.lang.Thread.run(Thread.java:834)
19:00:57.185 [AsyncHttpClient-1-3] DEBUG org.asynchttpclient.netty.channel.ChannelManager - Closing Channel [id: 0x8a133e70, L:/127.0.0.1:52355 - R:localhost/127.0.0.1:52345] 
19:00:57.186 [AsyncHttpClient-1-3] DEBUG org.asynchttpclient.netty.handler.HttpHandler - Channel Closed: [id: 0x8a133e70, L:/127.0.0.1:52355 ! R:localhost/127.0.0.1:52345] with attribute DISCARD
19:00:57.200 [AsyncHttpClient-1-2] DEBUG org.asynchttpclient.netty.handler.HttpHandler - 

Request DefaultFullHttpRequest(decodeResult: success, version: HTTP/1.1, content: EmptyByteBufBE)
DELETE /session/473ca761e178dfc1f73420fb4e44f4d0 HTTP/1.1
User-Agent: selenium/4.1.2 (java windows)
Content-Type: application/json; charset=utf-8
host: localhost:64107
accept: */*

Response DefaultHttpResponse(decodeResult: success, version: HTTP/1.1)
HTTP/1.1 200 OK
Content-Type: application/json; charset=utf-8
cache-control: no-cache
content-length: 14

19:00:57.202 [AsyncHttpClient-1-2] DEBUG org.asynchttpclient.netty.channel.ChannelManager - Adding key: http://localhost:64107 for channel [id: 0x899e8994, L:/127.0.0.1:52344 - R:localhost/127.0.0.1:64107]
19:00:57.262 [AsyncHttpClient-1-1] DEBUG org.asynchttpclient.netty.channel.DefaultChannelPool - Entry count for : http://localhost:64107 : 1
19:00:57.262 [AsyncHttpClient-1-1] DEBUG org.asynchttpclient.netty.channel.DefaultChannelPool - Entry count for : http://localhost:52345 : 1
19:00:57.262 [AsyncHttpClient-1-1] DEBUG org.asynchttpclient.netty.channel.DefaultChannelPool - Adding Candidate expired Channel [id: 0x8a133e70, L:/127.0.0.1:52355 ! R:localhost/127.0.0.1:52345] isIdleTimeoutExpired=false isRemotelyClosed=true isTtlExpired=false
19:00:57.262 [AsyncHttpClient-1-1] DEBUG org.asynchttpclient.netty.channel.DefaultChannelPool - Closing Idle Channel [id: 0x8a133e70, L:/127.0.0.1:52355 ! R:localhost/127.0.0.1:52345]
19:00:57.263 [AsyncHttpClient-1-1] DEBUG org.asynchttpclient.netty.channel.DefaultChannelPool - Closed 1 connections out of 2 in 1 ms
19:00:57.402 [AsyncHttpClient-1-2] DEBUG org.asynchttpclient.netty.handler.HttpHandler - Channel Closed: [id: 0x899e8994, L:/127.0.0.1:52344 ! R:localhost/127.0.0.1:64107] with attribute DISCARD
]]></system-out>
    <system-err><![CDATA[Starting ChromeDriver 101.0.4951.41 (93c720db8323b3ec10d056025ab95c23a31997c9-refs/branch-heads/4951@{#904}) on port 64107
Only local connections are allowed.
Please see https://chromedriver.chromium.org/security-considerations for suggestions on keeping ChromeDriver safe.
ChromeDriver was started successfully.
May 18, 2022 7:00:49 PM org.openqa.selenium.remote.ProtocolHandshake createSession
INFO: Detected dialect: W3C
May 18, 2022 7:00:49 PM org.openqa.selenium.devtools.CdpVersionFinder findNearestMatch
WARNING: Unable to find an exact match for CDP version 101, so returning the closest version found: 97
May 18, 2022 7:00:49 PM org.openqa.selenium.devtools.CdpVersionFinder findNearestMatch
INFO: Found CDP implementation for version 101 of 97
]]></system-err>
  </testcase>
  <testcase name="Login with valid email and invalid password" classname="Login" time="6.119">
    <system-out><![CDATA[
Scenario: Login with valid email and invalid password &amp#27;[90m# src/test/resources/features/Login.feature:11&amp#27;[0m
19:00:57.954 [main] INFO io.cucumber.core.plugin.SerenityReporter - Running feature from file:///D:/Intern/MSIB%20Alterra/alterra-mini-project/serenity-web-ui-test/src/test/resources/features/Login.feature
19:00:57.957 [main] INFO  - 
  _____   ___   ___   _____     ___   _____     _     ___   _____   ___   ___  
 |_   _| | __| / __| |_   _|   / __| |_   _|   /_\   | _ \ |_   _| | __| |   \ 
   | |   | _|  \__ \   | |     \__ \   | |    / _ \  |   /   | |   | _|  | |) |
   |_|   |___| |___/   |_|     |___/   |_|   /_/ \_\ |_|_\   |_|   |___| |___/ 

Login with valid email and invalid password(login;login-with-valid-email-and-invalid-password)
--------------------------------------------------------------------------------
19:00:58.020 [main] DEBUG net.thucydides.core.steps.StepInterceptor - STARTING STEP: LoginSteps.onTheLoginPage - loginPage
19:00:58.023 [main] INFO net.serenitybdd.core.webdriver.driverproviders.ChromeDriverProvider - Using automatically driver download
19:00:58.288 [main] DEBUG io.github.bonigarcia.wdm.cache.ResolutionCache - Resolution chrome=101 in cache (valid until 20:00:39 18/05/2022 ICT)
19:00:58.303 [main] DEBUG io.github.bonigarcia.wdm.cache.ResolutionCache - Resolution chrome101=101.0.4951.41 in cache (valid until 19:00:39 19/05/2022 ICT)
19:00:58.306 [main] INFO io.github.bonigarcia.wdm.WebDriverManager - Using chromedriver 101.0.4951.41 (resolved driver for Chrome 101)
19:00:58.347 [main] DEBUG io.github.bonigarcia.wdm.WebDriverManager - Driver chromedriver 101.0.4951.41 found in cache
19:00:58.352 [main] INFO io.github.bonigarcia.wdm.WebDriverManager - Exporting webdriver.chrome.driver as C:\Users\saral\.cache\selenium\chromedriver\win32\101.0.4951.41\chromedriver.exe
19:00:58.366 [AsyncHttpClient-1-1] DEBUG org.asynchttpclient.netty.channel.DefaultChannelPool - Entry count for : http://localhost:64107 : 1
19:00:58.367 [AsyncHttpClient-1-1] DEBUG org.asynchttpclient.netty.channel.DefaultChannelPool - Adding Candidate expired Channel [id: 0x899e8994, L:/127.0.0.1:52344 ! R:localhost/127.0.0.1:64107] isIdleTimeoutExpired=false isRemotelyClosed=true isTtlExpired=false
19:00:58.367 [AsyncHttpClient-1-1] DEBUG org.asynchttpclient.netty.channel.DefaultChannelPool - Closing Idle Channel [id: 0x899e8994, L:/127.0.0.1:52344 ! R:localhost/127.0.0.1:64107]
19:00:58.367 [AsyncHttpClient-1-1] DEBUG org.asynchttpclient.netty.channel.DefaultChannelPool - Closed 1 connections out of 1 in 1 ms
19:00:58.527 [main] DEBUG net.serenitybdd.core.webdriver.driverproviders.ProvideNewDriver - Instantiating driver
19:00:58.527 [main] DEBUG net.serenitybdd.core.webdriver.driverproviders.ProvideNewDriver - Driver capabilities: Capabilities {acceptInsecureCerts: false, base.url: https://qa.alta.id/, browserName: chrome, chrome.driver: src/main/resources/webdrive..., driver: chrome, goog:chromeOptions: {args: [], extensions: []}}
19:00:59.071 [AsyncHttpClient-1-5] DEBUG org.asynchttpclient.netty.channel.NettyConnectListener - Using new Channel '[id: 0x177859e2, L:/127.0.0.1:52380 - R:localhost/127.0.0.1:64171]' for 'POST' to '/session'
19:00:59.854 [AsyncHttpClient-1-5] DEBUG org.asynchttpclient.netty.handler.HttpHandler - 

Request DefaultHttpRequest(decodeResult: success, version: HTTP/1.1)
POST /session HTTP/1.1
User-Agent: selenium/4.1.2 (java windows)
Content-Length: 605
Content-Type: application/json; charset=utf-8
host: localhost:64171
accept: */*

Response DefaultHttpResponse(decodeResult: success, version: HTTP/1.1)
HTTP/1.1 200 OK
Content-Type: application/json; charset=utf-8
cache-control: no-cache
content-length: 789

19:00:59.854 [AsyncHttpClient-1-5] DEBUG org.asynchttpclient.netty.channel.ChannelManager - Adding key: http://localhost:64171 for channel [id: 0x177859e2, L:/127.0.0.1:52380 - R:localhost/127.0.0.1:64171]
19:00:59.868 [AsyncHttpClient-1-6] DEBUG org.asynchttpclient.netty.channel.NettyConnectListener - Using new Channel '[id: 0x5388ab80, L:/127.0.0.1:52390 - R:localhost/127.0.0.1:52383]' for 'GET' to '/json/version'
19:00:59.875 [AsyncHttpClient-1-6] DEBUG org.asynchttpclient.netty.handler.HttpHandler - 

Request DefaultFullHttpRequest(decodeResult: success, version: HTTP/1.1, content: EmptyByteBufBE)
GET /json/version HTTP/1.1
User-Agent: selenium/4.1.2 (java windows)
host: localhost:52383
accept: */*

Response DefaultHttpResponse(decodeResult: success, version: HTTP/1.1)
HTTP/1.1 200 OK
Content-Type: application/json; charset=UTF-8
content-length: 427

19:00:59.876 [AsyncHttpClient-1-6] DEBUG org.asynchttpclient.netty.channel.ChannelManager - Adding key: http://localhost:52383 for channel [id: 0x5388ab80, L:/127.0.0.1:52390 - R:localhost/127.0.0.1:52383]
19:00:59.881 [AsyncHttpClient-1-7] DEBUG org.asynchttpclient.netty.channel.NettyConnectListener - Using new Channel '[id: 0x0932e77c, L:/127.0.0.1:52391 - R:localhost/127.0.0.1:52383]' for 'GET' to '/devtools/browser/b34ff2f6-8c71-4400-b32f-ae58402e110e'
19:00:59.888 [AsyncHttpClient-1-7] DEBUG org.asynchttpclient.netty.handler.WebSocketHandler - 

Request DefaultFullHttpRequest(decodeResult: success, version: HTTP/1.1, content: EmptyByteBufBE)
GET /devtools/browser/b34ff2f6-8c71-4400-b32f-ae58402e110e HTTP/1.1
upgrade: websocket
connection: upgrade
sec-websocket-key: bOoP97jJ/0qQNlsC9m8iqg==
sec-websocket-version: 13
origin: http://localhost:52383
host: localhost:52383
accept: */*
user-agent: AHC/2.1

Response DefaultHttpResponse(decodeResult: success, version: HTTP/1.1)
HTTP/1.1 101 WebSocket Protocol Handshake
Upgrade: WebSocket
Connection: Upgrade
Sec-WebSocket-Accept: R/ZvGxEh1vxnf/lIV7HAav+OoLg=

19:00:59.895 [Forwarding get on session e2cafc858b51325138492c63d66dbc60 to remote] DEBUG org.asynchttpclient.netty.request.NettyRequestSender - Using pooled Channel '[id: 0x177859e2, L:/127.0.0.1:52380 - R:localhost/127.0.0.1:64171]' for 'POST' to 'http://localhost:64171/session/e2cafc858b51325138492c63d66dbc60/url'
19:00:59.895 [Forwarding get on session e2cafc858b51325138492c63d66dbc60 to remote] DEBUG org.asynchttpclient.netty.request.NettyRequestSender - Using open Channel [id: 0x177859e2, L:/127.0.0.1:52380 - R:localhost/127.0.0.1:64171] for POST '/session/e2cafc858b51325138492c63d66dbc60/url'
19:01:00.563 [AsyncHttpClient-1-1] DEBUG org.asynchttpclient.netty.channel.DefaultChannelPool - Entry count for : http://localhost:52383 : 1
19:01:01.150 [AsyncHttpClient-1-5] DEBUG org.asynchttpclient.netty.handler.HttpHandler - 

Request DefaultHttpRequest(decodeResult: success, version: HTTP/1.1)
POST /session/e2cafc858b51325138492c63d66dbc60/url HTTP/1.1
User-Agent: selenium/4.1.2 (java windows)
Content-Length: 64
Content-Type: application/json; charset=utf-8
host: localhost:64171
accept: */*

Response DefaultHttpResponse(decodeResult: success, version: HTTP/1.1)
HTTP/1.1 200 OK
Content-Type: application/json; charset=utf-8
cache-control: no-cache
content-length: 14

19:01:01.151 [AsyncHttpClient-1-5] DEBUG org.asynchttpclient.netty.channel.ChannelManager - Adding key: http://localhost:64171 for channel [id: 0x177859e2, L:/127.0.0.1:52380 - R:localhost/127.0.0.1:64171]
19:01:01.154 [Forwarding setTimeout on session e2cafc858b51325138492c63d66dbc60 to remote] DEBUG org.asynchttpclient.netty.request.NettyRequestSender - Using pooled Channel '[id: 0x177859e2, L:/127.0.0.1:52380 - R:localhost/127.0.0.1:64171]' for 'POST' to 'http://localhost:64171/session/e2cafc858b51325138492c63d66dbc60/timeouts'
19:01:01.154 [Forwarding setTimeout on session e2cafc858b51325138492c63d66dbc60 to remote] DEBUG org.asynchttpclient.netty.request.NettyRequestSender - Using open Channel [id: 0x177859e2, L:/127.0.0.1:52380 - R:localhost/127.0.0.1:64171] for POST '/session/e2cafc858b51325138492c63d66dbc60/timeouts'
19:01:01.156 [AsyncHttpClient-1-5] DEBUG org.asynchttpclient.netty.handler.HttpHandler - 

Request DefaultHttpRequest(decodeResult: success, version: HTTP/1.1)
POST /session/e2cafc858b51325138492c63d66dbc60/timeouts HTTP/1.1
User-Agent: selenium/4.1.2 (java windows)
Content-Length: 22
Content-Type: application/json; charset=utf-8
host: localhost:64171
accept: */*

Response DefaultHttpResponse(decodeResult: success, version: HTTP/1.1)
HTTP/1.1 200 OK
Content-Type: application/json; charset=utf-8
cache-control: no-cache
content-length: 14

19:01:01.156 [AsyncHttpClient-1-5] DEBUG org.asynchttpclient.netty.channel.ChannelManager - Adding key: http://localhost:64171 for channel [id: 0x177859e2, L:/127.0.0.1:52380 - R:localhost/127.0.0.1:64171]
19:01:01.161 [Forwarding getCurrentUrl on session e2cafc858b51325138492c63d66dbc60 to remote] DEBUG org.asynchttpclient.netty.request.NettyRequestSender - Using pooled Channel '[id: 0x177859e2, L:/127.0.0.1:52380 - R:localhost/127.0.0.1:64171]' for 'GET' to 'http://localhost:64171/session/e2cafc858b51325138492c63d66dbc60/url'
19:01:01.161 [Forwarding getCurrentUrl on session e2cafc858b51325138492c63d66dbc60 to remote] DEBUG org.asynchttpclient.netty.request.NettyRequestSender - Using open Channel [id: 0x177859e2, L:/127.0.0.1:52380 - R:localhost/127.0.0.1:64171] for GET '/session/e2cafc858b51325138492c63d66dbc60/url'
19:01:01.166 [AsyncHttpClient-1-5] DEBUG org.asynchttpclient.netty.handler.HttpHandler - 

Request DefaultFullHttpRequest(decodeResult: success, version: HTTP/1.1, content: EmptyByteBufBE)
GET /session/e2cafc858b51325138492c63d66dbc60/url HTTP/1.1
User-Agent: selenium/4.1.2 (java windows)
Cache-Control: no-cache
Content-Type: application/json; charset=utf-8
host: localhost:64171
accept: */*

Response DefaultHttpResponse(decodeResult: success, version: HTTP/1.1)
HTTP/1.1 200 OK
Content-Type: application/json; charset=utf-8
cache-control: no-cache
content-length: 41

19:01:01.167 [AsyncHttpClient-1-5] DEBUG org.asynchttpclient.netty.channel.ChannelManager - Adding key: http://localhost:64171 for channel [id: 0x177859e2, L:/127.0.0.1:52380 - R:localhost/127.0.0.1:64171]
19:01:01.174 [Forwarding screenshot on session e2cafc858b51325138492c63d66dbc60 to remote] DEBUG org.asynchttpclient.netty.request.NettyRequestSender - Using pooled Channel '[id: 0x177859e2, L:/127.0.0.1:52380 - R:localhost/127.0.0.1:64171]' for 'GET' to 'http://localhost:64171/session/e2cafc858b51325138492c63d66dbc60/screenshot'
19:01:01.174 [Forwarding screenshot on session e2cafc858b51325138492c63d66dbc60 to remote] DEBUG org.asynchttpclient.netty.request.NettyRequestSender - Using open Channel [id: 0x177859e2, L:/127.0.0.1:52380 - R:localhost/127.0.0.1:64171] for GET '/session/e2cafc858b51325138492c63d66dbc60/screenshot'
19:01:01.339 [AsyncHttpClient-1-5] DEBUG org.asynchttpclient.netty.handler.HttpHandler - 

Request DefaultFullHttpRequest(decodeResult: success, version: HTTP/1.1, content: EmptyByteBufBE)
GET /session/e2cafc858b51325138492c63d66dbc60/screenshot HTTP/1.1
User-Agent: selenium/4.1.2 (java windows)
Cache-Control: no-cache
Content-Type: application/json; charset=utf-8
host: localhost:64171
accept: */*

Response DefaultHttpResponse(decodeResult: success, version: HTTP/1.1)
HTTP/1.1 200 OK
Content-Type: application/json; charset=utf-8
cache-control: no-cache
content-length: 32192

19:01:01.340 [AsyncHttpClient-1-5] DEBUG org.asynchttpclient.netty.channel.ChannelManager - Adding key: http://localhost:64171 for channel [id: 0x177859e2, L:/127.0.0.1:52380 - R:localhost/127.0.0.1:64171]
19:01:01.342 [main] DEBUG net.serenitybdd.core.photography.Darkroom - Send negative for processing for target\site\serenity\4d98329a65403fb35239499910819cdb6d3d71d823e551da367b9fc52c2ec142.png
19:01:01.342 [main] DEBUG net.thucydides.core.steps.StepInterceptor - STEP DONE: loginPage
19:01:01.350 [main] DEBUG net.thucydides.core.steps.StepInterceptor - STARTING STEP: LoginSteps.onTheLoginPage - validateOnLoginPage
19:01:01.353 [Forwarding findElement on session e2cafc858b51325138492c63d66dbc60 to remote] DEBUG org.asynchttpclient.netty.request.NettyRequestSender - Using pooled Channel '[id: 0x177859e2, L:/127.0.0.1:52380 - R:localhost/127.0.0.1:64171]' for 'POST' to 'http://localhost:64171/session/e2cafc858b51325138492c63d66dbc60/element'
19:01:01.353 [Forwarding findElement on session e2cafc858b51325138492c63d66dbc60 to remote] DEBUG org.asynchttpclient.netty.request.NettyRequestSender - Using open Channel [id: 0x177859e2, L:/127.0.0.1:52380 - R:localhost/127.0.0.1:64171] for POST '/session/e2cafc858b51325138492c63d66dbc60/element'
19:01:01.373 [AsyncHttpClient-1-5] DEBUG org.asynchttpclient.netty.handler.HttpHandler - 

Request DefaultHttpRequest(decodeResult: success, version: HTTP/1.1)
POST /session/e2cafc858b51325138492c63d66dbc60/element HTTP/1.1
User-Agent: selenium/4.1.2 (java windows)
Content-Length: 155
Content-Type: application/json; charset=utf-8
host: localhost:64171
accept: */*

Response DefaultHttpResponse(decodeResult: success, version: HTTP/1.1)
HTTP/1.1 200 OK
Content-Type: application/json; charset=utf-8
cache-control: no-cache
content-length: 88

19:01:01.374 [AsyncHttpClient-1-5] DEBUG org.asynchttpclient.netty.channel.ChannelManager - Adding key: http://localhost:64171 for channel [id: 0x177859e2, L:/127.0.0.1:52380 - R:localhost/127.0.0.1:64171]
19:01:01.379 [Forwarding isElementDisplayed on session e2cafc858b51325138492c63d66dbc60 to remote] DEBUG org.asynchttpclient.netty.request.NettyRequestSender - Using pooled Channel '[id: 0x177859e2, L:/127.0.0.1:52380 - R:localhost/127.0.0.1:64171]' for 'POST' to 'http://localhost:64171/session/e2cafc858b51325138492c63d66dbc60/execute/sync'
19:01:01.379 [Forwarding isElementDisplayed on session e2cafc858b51325138492c63d66dbc60 to remote] DEBUG org.asynchttpclient.netty.request.NettyRequestSender - Using open Channel [id: 0x177859e2, L:/127.0.0.1:52380 - R:localhost/127.0.0.1:64171] for POST '/session/e2cafc858b51325138492c63d66dbc60/execute/sync'
19:01:01.396 [AsyncHttpClient-1-5] DEBUG org.asynchttpclient.netty.handler.HttpHandler - 

Request DefaultHttpRequest(decodeResult: success, version: HTTP/1.1)
POST /session/e2cafc858b51325138492c63d66dbc60/execute/sync HTTP/1.1
User-Agent: selenium/4.1.2 (java windows)
Content-Length: 48780
Content-Type: application/json; charset=utf-8
host: localhost:64171
accept: */*

Response DefaultHttpResponse(decodeResult: success, version: HTTP/1.1)
HTTP/1.1 200 OK
Content-Type: application/json; charset=utf-8
cache-control: no-cache
content-length: 14

19:01:01.397 [AsyncHttpClient-1-5] DEBUG org.asynchttpclient.netty.channel.ChannelManager - Adding key: http://localhost:64171 for channel [id: 0x177859e2, L:/127.0.0.1:52380 - R:localhost/127.0.0.1:64171]
19:01:01.406 [Forwarding screenshot on session e2cafc858b51325138492c63d66dbc60 to remote] DEBUG org.asynchttpclient.netty.request.NettyRequestSender - Using pooled Channel '[id: 0x177859e2, L:/127.0.0.1:52380 - R:localhost/127.0.0.1:64171]' for 'GET' to 'http://localhost:64171/session/e2cafc858b51325138492c63d66dbc60/screenshot'
19:01:01.406 [Forwarding screenshot on session e2cafc858b51325138492c63d66dbc60 to remote] DEBUG org.asynchttpclient.netty.request.NettyRequestSender - Using open Channel [id: 0x177859e2, L:/127.0.0.1:52380 - R:localhost/127.0.0.1:64171] for GET '/session/e2cafc858b51325138492c63d66dbc60/screenshot'
19:01:01.527 [AsyncHttpClient-1-5] DEBUG org.asynchttpclient.netty.handler.HttpHandler - 

Request DefaultFullHttpRequest(decodeResult: success, version: HTTP/1.1, content: EmptyByteBufBE)
GET /session/e2cafc858b51325138492c63d66dbc60/screenshot HTTP/1.1
User-Agent: selenium/4.1.2 (java windows)
Cache-Control: no-cache
Content-Type: application/json; charset=utf-8
host: localhost:64171
accept: */*

Response DefaultHttpResponse(decodeResult: success, version: HTTP/1.1)
HTTP/1.1 200 OK
Content-Type: application/json; charset=utf-8
cache-control: no-cache
content-length: 32192

19:01:01.528 [AsyncHttpClient-1-5] DEBUG org.asynchttpclient.netty.channel.ChannelManager - Adding key: http://localhost:64171 for channel [id: 0x177859e2, L:/127.0.0.1:52380 - R:localhost/127.0.0.1:64171]
19:01:01.529 [main] DEBUG net.serenitybdd.core.photography.Darkroom - Send negative for processing for target\site\serenity\4d98329a65403fb35239499910819cdb6d3d71d823e551da367b9fc52c2ec142.png
19:01:01.530 [main] DEBUG net.thucydides.core.steps.StepInterceptor - STEP DONE: validateOnLoginPage
  &amp#27;[32mGiven &amp#27;[0m&amp#27;[32mI am on the login page&amp#27;[0m                        &amp#27;[90m# starter.stepdefinitions.LoginSteps.onTheLoginPage()&amp#27;[0m
19:01:01.550 [main] DEBUG net.thucydides.core.steps.StepInterceptor - STARTING STEP: LoginSteps.inputValidEmail - inputEmail
19:01:01.553 [Forwarding findElement on session e2cafc858b51325138492c63d66dbc60 to remote] DEBUG org.asynchttpclient.netty.request.NettyRequestSender - Using pooled Channel '[id: 0x177859e2, L:/127.0.0.1:52380 - R:localhost/127.0.0.1:64171]' for 'POST' to 'http://localhost:64171/session/e2cafc858b51325138492c63d66dbc60/element'
19:01:01.553 [Forwarding findElement on session e2cafc858b51325138492c63d66dbc60 to remote] DEBUG org.asynchttpclient.netty.request.NettyRequestSender - Using open Channel [id: 0x177859e2, L:/127.0.0.1:52380 - R:localhost/127.0.0.1:64171] for POST '/session/e2cafc858b51325138492c63d66dbc60/element'
19:01:01.567 [AsyncHttpClient-1-5] DEBUG org.asynchttpclient.netty.handler.HttpHandler - 

Request DefaultHttpRequest(decodeResult: success, version: HTTP/1.1)
POST /session/e2cafc858b51325138492c63d66dbc60/element HTTP/1.1
User-Agent: selenium/4.1.2 (java windows)
Content-Length: 84
Content-Type: application/json; charset=utf-8
host: localhost:64171
accept: */*

Response DefaultHttpResponse(decodeResult: success, version: HTTP/1.1)
HTTP/1.1 200 OK
Content-Type: application/json; charset=utf-8
cache-control: no-cache
content-length: 88

19:01:01.567 [AsyncHttpClient-1-5] DEBUG org.asynchttpclient.netty.channel.ChannelManager - Adding key: http://localhost:64171 for channel [id: 0x177859e2, L:/127.0.0.1:52380 - R:localhost/127.0.0.1:64171]
19:01:01.569 [Forwarding clearElement on session e2cafc858b51325138492c63d66dbc60 to remote] DEBUG org.asynchttpclient.netty.request.NettyRequestSender - Using pooled Channel '[id: 0x177859e2, L:/127.0.0.1:52380 - R:localhost/127.0.0.1:64171]' for 'POST' to 'http://localhost:64171/session/e2cafc858b51325138492c63d66dbc60/element/137da0f5-8179-412c-a30e-122d441be479/clear'
19:01:01.569 [Forwarding clearElement on session e2cafc858b51325138492c63d66dbc60 to remote] DEBUG org.asynchttpclient.netty.request.NettyRequestSender - Using open Channel [id: 0x177859e2, L:/127.0.0.1:52380 - R:localhost/127.0.0.1:64171] for POST '/session/e2cafc858b51325138492c63d66dbc60/element/137da0f5-8179-412c-a30e-122d441be479/clear'
19:01:01.607 [AsyncHttpClient-1-5] DEBUG org.asynchttpclient.netty.handler.HttpHandler - 

Request DefaultHttpRequest(decodeResult: success, version: HTTP/1.1)
POST /session/e2cafc858b51325138492c63d66dbc60/element/137da0f5-8179-412c-a30e-122d441be479/clear HTTP/1.1
User-Agent: selenium/4.1.2 (java windows)
Content-Length: 50
Content-Type: application/json; charset=utf-8
host: localhost:64171
accept: */*

Response DefaultHttpResponse(decodeResult: success, version: HTTP/1.1)
HTTP/1.1 200 OK
Content-Type: application/json; charset=utf-8
cache-control: no-cache
content-length: 14

19:01:01.608 [AsyncHttpClient-1-5] DEBUG org.asynchttpclient.netty.channel.ChannelManager - Adding key: http://localhost:64171 for channel [id: 0x177859e2, L:/127.0.0.1:52380 - R:localhost/127.0.0.1:64171]
19:01:01.613 [Forwarding sendKeysToElement on session e2cafc858b51325138492c63d66dbc60 to remote] DEBUG org.asynchttpclient.netty.request.NettyRequestSender - Using pooled Channel '[id: 0x177859e2, L:/127.0.0.1:52380 - R:localhost/127.0.0.1:64171]' for 'POST' to 'http://localhost:64171/session/e2cafc858b51325138492c63d66dbc60/element/137da0f5-8179-412c-a30e-122d441be479/value'
19:01:01.613 [Forwarding sendKeysToElement on session e2cafc858b51325138492c63d66dbc60 to remote] DEBUG org.asynchttpclient.netty.request.NettyRequestSender - Using open Channel [id: 0x177859e2, L:/127.0.0.1:52380 - R:localhost/127.0.0.1:64171] for POST '/session/e2cafc858b51325138492c63d66dbc60/element/137da0f5-8179-412c-a30e-122d441be479/value'
19:01:01.666 [AsyncHttpClient-1-1] DEBUG org.asynchttpclient.netty.channel.DefaultChannelPool - Entry count for : http://localhost:52383 : 1
19:01:01.777 [AsyncHttpClient-1-5] DEBUG org.asynchttpclient.netty.handler.HttpHandler - 

Request DefaultHttpRequest(decodeResult: success, version: HTTP/1.1)
POST /session/e2cafc858b51325138492c63d66dbc60/element/137da0f5-8179-412c-a30e-122d441be479/value HTTP/1.1
User-Agent: selenium/4.1.2 (java windows)
Content-Length: 231
Content-Type: application/json; charset=utf-8
host: localhost:64171
accept: */*

Response DefaultHttpResponse(decodeResult: success, version: HTTP/1.1)
HTTP/1.1 200 OK
Content-Type: application/json; charset=utf-8
cache-control: no-cache
content-length: 14

19:01:01.780 [AsyncHttpClient-1-5] DEBUG org.asynchttpclient.netty.channel.ChannelManager - Adding key: http://localhost:64171 for channel [id: 0x177859e2, L:/127.0.0.1:52380 - R:localhost/127.0.0.1:64171]
19:01:01.789 [Forwarding screenshot on session e2cafc858b51325138492c63d66dbc60 to remote] DEBUG org.asynchttpclient.netty.request.NettyRequestSender - Using pooled Channel '[id: 0x177859e2, L:/127.0.0.1:52380 - R:localhost/127.0.0.1:64171]' for 'GET' to 'http://localhost:64171/session/e2cafc858b51325138492c63d66dbc60/screenshot'
19:01:01.790 [Forwarding screenshot on session e2cafc858b51325138492c63d66dbc60 to remote] DEBUG org.asynchttpclient.netty.request.NettyRequestSender - Using open Channel [id: 0x177859e2, L:/127.0.0.1:52380 - R:localhost/127.0.0.1:64171] for GET '/session/e2cafc858b51325138492c63d66dbc60/screenshot'
19:01:01.913 [AsyncHttpClient-1-5] DEBUG org.asynchttpclient.netty.handler.HttpHandler - 

Request DefaultFullHttpRequest(decodeResult: success, version: HTTP/1.1, content: EmptyByteBufBE)
GET /session/e2cafc858b51325138492c63d66dbc60/screenshot HTTP/1.1
User-Agent: selenium/4.1.2 (java windows)
Cache-Control: no-cache
Content-Type: application/json; charset=utf-8
host: localhost:64171
accept: */*

Response DefaultHttpResponse(decodeResult: success, version: HTTP/1.1)
HTTP/1.1 200 OK
Content-Type: application/json; charset=utf-8
cache-control: no-cache
content-length: 37676

19:01:01.913 [AsyncHttpClient-1-5] DEBUG org.asynchttpclient.netty.channel.ChannelManager - Adding key: http://localhost:64171 for channel [id: 0x177859e2, L:/127.0.0.1:52380 - R:localhost/127.0.0.1:64171]
19:01:01.915 [main] DEBUG net.serenitybdd.core.photography.Darkroom - Send negative for processing for target\site\serenity\f4362f24818145b1b6459f3051ef336520a54770ac1328ca55996c3efcab785f.png
19:01:01.915 [main] DEBUG net.thucydides.core.steps.StepInterceptor - STEP DONE: inputEmail
  &amp#27;[32mWhen &amp#27;[0m&amp#27;[32mI input valid email&amp#27;[0m                            &amp#27;[90m# starter.stepdefinitions.LoginSteps.inputValidEmail()&amp#27;[0m
19:01:01.916 [Darkroom Processing Line] DEBUG net.serenitybdd.core.photography.DarkroomProcessingLine - Processing screenshot image in /var/screenshots/screenshot-5781836920632828972
19:01:01.916 [Darkroom Processing Line] DEBUG net.serenitybdd.core.photography.DarkroomProcessingLine - Saving screenshot to target\site\serenity\f4362f24818145b1b6459f3051ef336520a54770ac1328ca55996c3efcab785f.png
19:01:01.943 [main] DEBUG net.thucydides.core.steps.StepInterceptor - STARTING STEP: LoginSteps.inputInvalidPassword - inputPassword
19:01:01.946 [Forwarding findElement on session e2cafc858b51325138492c63d66dbc60 to remote] DEBUG org.asynchttpclient.netty.request.NettyRequestSender - Using pooled Channel '[id: 0x177859e2, L:/127.0.0.1:52380 - R:localhost/127.0.0.1:64171]' for 'POST' to 'http://localhost:64171/session/e2cafc858b51325138492c63d66dbc60/element'
19:01:01.947 [Forwarding findElement on session e2cafc858b51325138492c63d66dbc60 to remote] DEBUG org.asynchttpclient.netty.request.NettyRequestSender - Using open Channel [id: 0x177859e2, L:/127.0.0.1:52380 - R:localhost/127.0.0.1:64171] for POST '/session/e2cafc858b51325138492c63d66dbc60/element'
19:01:01.963 [AsyncHttpClient-1-5] DEBUG org.asynchttpclient.netty.handler.HttpHandler - 

Request DefaultHttpRequest(decodeResult: success, version: HTTP/1.1)
POST /session/e2cafc858b51325138492c63d66dbc60/element HTTP/1.1
User-Agent: selenium/4.1.2 (java windows)
Content-Length: 87
Content-Type: application/json; charset=utf-8
host: localhost:64171
accept: */*

Response DefaultHttpResponse(decodeResult: success, version: HTTP/1.1)
HTTP/1.1 200 OK
Content-Type: application/json; charset=utf-8
cache-control: no-cache
content-length: 88

19:01:01.963 [AsyncHttpClient-1-5] DEBUG org.asynchttpclient.netty.channel.ChannelManager - Adding key: http://localhost:64171 for channel [id: 0x177859e2, L:/127.0.0.1:52380 - R:localhost/127.0.0.1:64171]
19:01:01.968 [Forwarding clearElement on session e2cafc858b51325138492c63d66dbc60 to remote] DEBUG org.asynchttpclient.netty.request.NettyRequestSender - Using pooled Channel '[id: 0x177859e2, L:/127.0.0.1:52380 - R:localhost/127.0.0.1:64171]' for 'POST' to 'http://localhost:64171/session/e2cafc858b51325138492c63d66dbc60/element/0e60a1ca-e9b5-4a6d-b8a4-f5c04b4e4b8d/clear'
19:01:01.968 [Forwarding clearElement on session e2cafc858b51325138492c63d66dbc60 to remote] DEBUG org.asynchttpclient.netty.request.NettyRequestSender - Using open Channel [id: 0x177859e2, L:/127.0.0.1:52380 - R:localhost/127.0.0.1:64171] for POST '/session/e2cafc858b51325138492c63d66dbc60/element/0e60a1ca-e9b5-4a6d-b8a4-f5c04b4e4b8d/clear'
19:01:02.017 [AsyncHttpClient-1-5] DEBUG org.asynchttpclient.netty.handler.HttpHandler - 

Request DefaultHttpRequest(decodeResult: success, version: HTTP/1.1)
POST /session/e2cafc858b51325138492c63d66dbc60/element/0e60a1ca-e9b5-4a6d-b8a4-f5c04b4e4b8d/clear HTTP/1.1
User-Agent: selenium/4.1.2 (java windows)
Content-Length: 50
Content-Type: application/json; charset=utf-8
host: localhost:64171
accept: */*

Response DefaultHttpResponse(decodeResult: success, version: HTTP/1.1)
HTTP/1.1 200 OK
Content-Type: application/json; charset=utf-8
cache-control: no-cache
content-length: 14

19:01:02.017 [AsyncHttpClient-1-5] DEBUG org.asynchttpclient.netty.channel.ChannelManager - Adding key: http://localhost:64171 for channel [id: 0x177859e2, L:/127.0.0.1:52380 - R:localhost/127.0.0.1:64171]
19:01:02.021 [Forwarding sendKeysToElement on session e2cafc858b51325138492c63d66dbc60 to remote] DEBUG org.asynchttpclient.netty.request.NettyRequestSender - Using pooled Channel '[id: 0x177859e2, L:/127.0.0.1:52380 - R:localhost/127.0.0.1:64171]' for 'POST' to 'http://localhost:64171/session/e2cafc858b51325138492c63d66dbc60/element/0e60a1ca-e9b5-4a6d-b8a4-f5c04b4e4b8d/value'
19:01:02.022 [Forwarding sendKeysToElement on session e2cafc858b51325138492c63d66dbc60 to remote] DEBUG org.asynchttpclient.netty.request.NettyRequestSender - Using open Channel [id: 0x177859e2, L:/127.0.0.1:52380 - R:localhost/127.0.0.1:64171] for POST '/session/e2cafc858b51325138492c63d66dbc60/element/0e60a1ca-e9b5-4a6d-b8a4-f5c04b4e4b8d/value'
19:01:02.139 [AsyncHttpClient-1-5] DEBUG org.asynchttpclient.netty.handler.HttpHandler - 

Request DefaultHttpRequest(decodeResult: success, version: HTTP/1.1)
POST /session/e2cafc858b51325138492c63d66dbc60/element/0e60a1ca-e9b5-4a6d-b8a4-f5c04b4e4b8d/value HTTP/1.1
User-Agent: selenium/4.1.2 (java windows)
Content-Length: 161
Content-Type: application/json; charset=utf-8
host: localhost:64171
accept: */*

Response DefaultHttpResponse(decodeResult: success, version: HTTP/1.1)
HTTP/1.1 200 OK
Content-Type: application/json; charset=utf-8
cache-control: no-cache
content-length: 14

19:01:02.140 [AsyncHttpClient-1-5] DEBUG org.asynchttpclient.netty.channel.ChannelManager - Adding key: http://localhost:64171 for channel [id: 0x177859e2, L:/127.0.0.1:52380 - R:localhost/127.0.0.1:64171]
19:01:02.149 [Forwarding screenshot on session e2cafc858b51325138492c63d66dbc60 to remote] DEBUG org.asynchttpclient.netty.request.NettyRequestSender - Using pooled Channel '[id: 0x177859e2, L:/127.0.0.1:52380 - R:localhost/127.0.0.1:64171]' for 'GET' to 'http://localhost:64171/session/e2cafc858b51325138492c63d66dbc60/screenshot'
19:01:02.151 [Forwarding screenshot on session e2cafc858b51325138492c63d66dbc60 to remote] DEBUG org.asynchttpclient.netty.request.NettyRequestSender - Using open Channel [id: 0x177859e2, L:/127.0.0.1:52380 - R:localhost/127.0.0.1:64171] for GET '/session/e2cafc858b51325138492c63d66dbc60/screenshot'
19:01:02.304 [AsyncHttpClient-1-5] DEBUG org.asynchttpclient.netty.handler.HttpHandler - 

Request DefaultFullHttpRequest(decodeResult: success, version: HTTP/1.1, content: EmptyByteBufBE)
GET /session/e2cafc858b51325138492c63d66dbc60/screenshot HTTP/1.1
User-Agent: selenium/4.1.2 (java windows)
Cache-Control: no-cache
Content-Type: application/json; charset=utf-8
host: localhost:64171
accept: */*

Response DefaultHttpResponse(decodeResult: success, version: HTTP/1.1)
HTTP/1.1 200 OK
Content-Type: application/json; charset=utf-8
cache-control: no-cache
content-length: 40716

19:01:02.305 [AsyncHttpClient-1-5] DEBUG org.asynchttpclient.netty.channel.ChannelManager - Adding key: http://localhost:64171 for channel [id: 0x177859e2, L:/127.0.0.1:52380 - R:localhost/127.0.0.1:64171]
19:01:02.309 [main] DEBUG net.serenitybdd.core.photography.Darkroom - Send negative for processing for target\site\serenity\e00b57a2543261f61077a18d4478371bc65fd14dad8c2e503f101cbc37746a25.png
19:01:02.311 [main] DEBUG net.thucydides.core.steps.StepInterceptor - STEP DONE: inputPassword
  &amp#27;[32mAnd &amp#27;[0m&amp#27;[32mI input invalid password&amp#27;[0m                        &amp#27;[90m# starter.stepdefinitions.LoginSteps.inputInvalidPassword()&amp#27;[0m
19:01:02.312 [Darkroom Processing Line] DEBUG net.serenitybdd.core.photography.DarkroomProcessingLine - Processing screenshot image in /var/screenshots/screenshot-14735329079000348908
19:01:02.312 [Darkroom Processing Line] DEBUG net.serenitybdd.core.photography.DarkroomProcessingLine - Saving screenshot to target\site\serenity\e00b57a2543261f61077a18d4478371bc65fd14dad8c2e503f101cbc37746a25.png
19:01:02.348 [main] DEBUG net.thucydides.core.steps.StepInterceptor - STARTING STEP: LoginSteps.clickLoginButton - clickLoginButton
19:01:02.358 [Forwarding findElement on session e2cafc858b51325138492c63d66dbc60 to remote] DEBUG org.asynchttpclient.netty.request.NettyRequestSender - Using pooled Channel '[id: 0x177859e2, L:/127.0.0.1:52380 - R:localhost/127.0.0.1:64171]' for 'POST' to 'http://localhost:64171/session/e2cafc858b51325138492c63d66dbc60/element'
19:01:02.358 [Forwarding findElement on session e2cafc858b51325138492c63d66dbc60 to remote] DEBUG org.asynchttpclient.netty.request.NettyRequestSender - Using open Channel [id: 0x177859e2, L:/127.0.0.1:52380 - R:localhost/127.0.0.1:64171] for POST '/session/e2cafc858b51325138492c63d66dbc60/element'
19:01:02.387 [AsyncHttpClient-1-5] DEBUG org.asynchttpclient.netty.handler.HttpHandler - 

Request DefaultHttpRequest(decodeResult: success, version: HTTP/1.1)
POST /session/e2cafc858b51325138492c63d66dbc60/element HTTP/1.1
User-Agent: selenium/4.1.2 (java windows)
Content-Length: 155
Content-Type: application/json; charset=utf-8
host: localhost:64171
accept: */*

Response DefaultHttpResponse(decodeResult: success, version: HTTP/1.1)
HTTP/1.1 200 OK
Content-Type: application/json; charset=utf-8
cache-control: no-cache
content-length: 88

19:01:02.388 [AsyncHttpClient-1-5] DEBUG org.asynchttpclient.netty.channel.ChannelManager - Adding key: http://localhost:64171 for channel [id: 0x177859e2, L:/127.0.0.1:52380 - R:localhost/127.0.0.1:64171]
19:01:02.393 [Forwarding getElementTagName on session e2cafc858b51325138492c63d66dbc60 to remote] DEBUG org.asynchttpclient.netty.request.NettyRequestSender - Using pooled Channel '[id: 0x177859e2, L:/127.0.0.1:52380 - R:localhost/127.0.0.1:64171]' for 'GET' to 'http://localhost:64171/session/e2cafc858b51325138492c63d66dbc60/element/2b89966b-6790-438d-a891-71d6e86d95c3/name'
19:01:02.393 [Forwarding getElementTagName on session e2cafc858b51325138492c63d66dbc60 to remote] DEBUG org.asynchttpclient.netty.request.NettyRequestSender - Using open Channel [id: 0x177859e2, L:/127.0.0.1:52380 - R:localhost/127.0.0.1:64171] for GET '/session/e2cafc858b51325138492c63d66dbc60/element/2b89966b-6790-438d-a891-71d6e86d95c3/name'
19:01:02.418 [AsyncHttpClient-1-5] DEBUG org.asynchttpclient.netty.handler.HttpHandler - 

Request DefaultFullHttpRequest(decodeResult: success, version: HTTP/1.1, content: EmptyByteBufBE)
GET /session/e2cafc858b51325138492c63d66dbc60/element/2b89966b-6790-438d-a891-71d6e86d95c3/name HTTP/1.1
User-Agent: selenium/4.1.2 (java windows)
Cache-Control: no-cache
Content-Type: application/json; charset=utf-8
host: localhost:64171
accept: */*

Response DefaultHttpResponse(decodeResult: success, version: HTTP/1.1)
HTTP/1.1 200 OK
Content-Type: application/json; charset=utf-8
cache-control: no-cache
content-length: 18

19:01:02.419 [AsyncHttpClient-1-5] DEBUG org.asynchttpclient.netty.channel.ChannelManager - Adding key: http://localhost:64171 for channel [id: 0x177859e2, L:/127.0.0.1:52380 - R:localhost/127.0.0.1:64171]
19:01:02.420 [Forwarding getElementTagName on session e2cafc858b51325138492c63d66dbc60 to remote] DEBUG org.asynchttpclient.netty.request.NettyRequestSender - Using pooled Channel '[id: 0x177859e2, L:/127.0.0.1:52380 - R:localhost/127.0.0.1:64171]' for 'GET' to 'http://localhost:64171/session/e2cafc858b51325138492c63d66dbc60/element/2b89966b-6790-438d-a891-71d6e86d95c3/name'
19:01:02.420 [Forwarding getElementTagName on session e2cafc858b51325138492c63d66dbc60 to remote] DEBUG org.asynchttpclient.netty.request.NettyRequestSender - Using open Channel [id: 0x177859e2, L:/127.0.0.1:52380 - R:localhost/127.0.0.1:64171] for GET '/session/e2cafc858b51325138492c63d66dbc60/element/2b89966b-6790-438d-a891-71d6e86d95c3/name'
19:01:02.423 [AsyncHttpClient-1-5] DEBUG org.asynchttpclient.netty.handler.HttpHandler - 

Request DefaultFullHttpRequest(decodeResult: success, version: HTTP/1.1, content: EmptyByteBufBE)
GET /session/e2cafc858b51325138492c63d66dbc60/element/2b89966b-6790-438d-a891-71d6e86d95c3/name HTTP/1.1
User-Agent: selenium/4.1.2 (java windows)
Cache-Control: no-cache
Content-Type: application/json; charset=utf-8
host: localhost:64171
accept: */*

Response DefaultHttpResponse(decodeResult: success, version: HTTP/1.1)
HTTP/1.1 200 OK
Content-Type: application/json; charset=utf-8
cache-control: no-cache
content-length: 18

19:01:02.424 [AsyncHttpClient-1-5] DEBUG org.asynchttpclient.netty.channel.ChannelManager - Adding key: http://localhost:64171 for channel [id: 0x177859e2, L:/127.0.0.1:52380 - R:localhost/127.0.0.1:64171]
19:01:02.429 [Forwarding isElementEnabled on session e2cafc858b51325138492c63d66dbc60 to remote] DEBUG org.asynchttpclient.netty.request.NettyRequestSender - Using pooled Channel '[id: 0x177859e2, L:/127.0.0.1:52380 - R:localhost/127.0.0.1:64171]' for 'GET' to 'http://localhost:64171/session/e2cafc858b51325138492c63d66dbc60/element/2b89966b-6790-438d-a891-71d6e86d95c3/enabled'
19:01:02.429 [Forwarding isElementEnabled on session e2cafc858b51325138492c63d66dbc60 to remote] DEBUG org.asynchttpclient.netty.request.NettyRequestSender - Using open Channel [id: 0x177859e2, L:/127.0.0.1:52380 - R:localhost/127.0.0.1:64171] for GET '/session/e2cafc858b51325138492c63d66dbc60/element/2b89966b-6790-438d-a891-71d6e86d95c3/enabled'
19:01:02.444 [AsyncHttpClient-1-5] DEBUG org.asynchttpclient.netty.handler.HttpHandler - 

Request DefaultFullHttpRequest(decodeResult: success, version: HTTP/1.1, content: EmptyByteBufBE)
GET /session/e2cafc858b51325138492c63d66dbc60/element/2b89966b-6790-438d-a891-71d6e86d95c3/enabled HTTP/1.1
User-Agent: selenium/4.1.2 (java windows)
Cache-Control: no-cache
Content-Type: application/json; charset=utf-8
host: localhost:64171
accept: */*

Response DefaultHttpResponse(decodeResult: success, version: HTTP/1.1)
HTTP/1.1 200 OK
Content-Type: application/json; charset=utf-8
cache-control: no-cache
content-length: 14

19:01:02.444 [AsyncHttpClient-1-5] DEBUG org.asynchttpclient.netty.channel.ChannelManager - Adding key: http://localhost:64171 for channel [id: 0x177859e2, L:/127.0.0.1:52380 - R:localhost/127.0.0.1:64171]
19:01:02.447 [Forwarding isElementEnabled on session e2cafc858b51325138492c63d66dbc60 to remote] DEBUG org.asynchttpclient.netty.request.NettyRequestSender - Using pooled Channel '[id: 0x177859e2, L:/127.0.0.1:52380 - R:localhost/127.0.0.1:64171]' for 'GET' to 'http://localhost:64171/session/e2cafc858b51325138492c63d66dbc60/element/2b89966b-6790-438d-a891-71d6e86d95c3/enabled'
19:01:02.447 [Forwarding isElementEnabled on session e2cafc858b51325138492c63d66dbc60 to remote] DEBUG org.asynchttpclient.netty.request.NettyRequestSender - Using open Channel [id: 0x177859e2, L:/127.0.0.1:52380 - R:localhost/127.0.0.1:64171] for GET '/session/e2cafc858b51325138492c63d66dbc60/element/2b89966b-6790-438d-a891-71d6e86d95c3/enabled'
19:01:02.456 [AsyncHttpClient-1-5] DEBUG org.asynchttpclient.netty.handler.HttpHandler - 

Request DefaultFullHttpRequest(decodeResult: success, version: HTTP/1.1, content: EmptyByteBufBE)
GET /session/e2cafc858b51325138492c63d66dbc60/element/2b89966b-6790-438d-a891-71d6e86d95c3/enabled HTTP/1.1
User-Agent: selenium/4.1.2 (java windows)
Cache-Control: no-cache
Content-Type: application/json; charset=utf-8
host: localhost:64171
accept: */*

Response DefaultHttpResponse(decodeResult: success, version: HTTP/1.1)
HTTP/1.1 200 OK
Content-Type: application/json; charset=utf-8
cache-control: no-cache
content-length: 14

19:01:02.456 [AsyncHttpClient-1-5] DEBUG org.asynchttpclient.netty.channel.ChannelManager - Adding key: http://localhost:64171 for channel [id: 0x177859e2, L:/127.0.0.1:52380 - R:localhost/127.0.0.1:64171]
19:01:02.458 [Forwarding findElement on session e2cafc858b51325138492c63d66dbc60 to remote] DEBUG org.asynchttpclient.netty.request.NettyRequestSender - Using pooled Channel '[id: 0x177859e2, L:/127.0.0.1:52380 - R:localhost/127.0.0.1:64171]' for 'POST' to 'http://localhost:64171/session/e2cafc858b51325138492c63d66dbc60/element'
19:01:02.458 [Forwarding findElement on session e2cafc858b51325138492c63d66dbc60 to remote] DEBUG org.asynchttpclient.netty.request.NettyRequestSender - Using open Channel [id: 0x177859e2, L:/127.0.0.1:52380 - R:localhost/127.0.0.1:64171] for POST '/session/e2cafc858b51325138492c63d66dbc60/element'
19:01:02.470 [AsyncHttpClient-1-5] DEBUG org.asynchttpclient.netty.handler.HttpHandler - 

Request DefaultHttpRequest(decodeResult: success, version: HTTP/1.1)
POST /session/e2cafc858b51325138492c63d66dbc60/element HTTP/1.1
User-Agent: selenium/4.1.2 (java windows)
Content-Length: 155
Content-Type: application/json; charset=utf-8
host: localhost:64171
accept: */*

Response DefaultHttpResponse(decodeResult: success, version: HTTP/1.1)
HTTP/1.1 200 OK
Content-Type: application/json; charset=utf-8
cache-control: no-cache
content-length: 88

19:01:02.470 [AsyncHttpClient-1-5] DEBUG org.asynchttpclient.netty.channel.ChannelManager - Adding key: http://localhost:64171 for channel [id: 0x177859e2, L:/127.0.0.1:52380 - R:localhost/127.0.0.1:64171]
19:01:02.473 [Forwarding clickElement on session e2cafc858b51325138492c63d66dbc60 to remote] DEBUG org.asynchttpclient.netty.request.NettyRequestSender - Using pooled Channel '[id: 0x177859e2, L:/127.0.0.1:52380 - R:localhost/127.0.0.1:64171]' for 'POST' to 'http://localhost:64171/session/e2cafc858b51325138492c63d66dbc60/element/2b89966b-6790-438d-a891-71d6e86d95c3/click'
19:01:02.473 [Forwarding clickElement on session e2cafc858b51325138492c63d66dbc60 to remote] DEBUG org.asynchttpclient.netty.request.NettyRequestSender - Using open Channel [id: 0x177859e2, L:/127.0.0.1:52380 - R:localhost/127.0.0.1:64171] for POST '/session/e2cafc858b51325138492c63d66dbc60/element/2b89966b-6790-438d-a891-71d6e86d95c3/click'
19:01:02.561 [AsyncHttpClient-1-5] DEBUG org.asynchttpclient.netty.handler.HttpHandler - 

Request DefaultHttpRequest(decodeResult: success, version: HTTP/1.1)
POST /session/e2cafc858b51325138492c63d66dbc60/element/2b89966b-6790-438d-a891-71d6e86d95c3/click HTTP/1.1
User-Agent: selenium/4.1.2 (java windows)
Content-Length: 50
Content-Type: application/json; charset=utf-8
host: localhost:64171
accept: */*

Response DefaultHttpResponse(decodeResult: success, version: HTTP/1.1)
HTTP/1.1 200 OK
Content-Type: application/json; charset=utf-8
cache-control: no-cache
content-length: 14

19:01:02.561 [AsyncHttpClient-1-5] DEBUG org.asynchttpclient.netty.channel.ChannelManager - Adding key: http://localhost:64171 for channel [id: 0x177859e2, L:/127.0.0.1:52380 - R:localhost/127.0.0.1:64171]
19:01:02.575 [Forwarding screenshot on session e2cafc858b51325138492c63d66dbc60 to remote] DEBUG org.asynchttpclient.netty.request.NettyRequestSender - Using pooled Channel '[id: 0x177859e2, L:/127.0.0.1:52380 - R:localhost/127.0.0.1:64171]' for 'GET' to 'http://localhost:64171/session/e2cafc858b51325138492c63d66dbc60/screenshot'
19:01:02.575 [Forwarding screenshot on session e2cafc858b51325138492c63d66dbc60 to remote] DEBUG org.asynchttpclient.netty.request.NettyRequestSender - Using open Channel [id: 0x177859e2, L:/127.0.0.1:52380 - R:localhost/127.0.0.1:64171] for GET '/session/e2cafc858b51325138492c63d66dbc60/screenshot'
19:01:02.707 [AsyncHttpClient-1-5] DEBUG org.asynchttpclient.netty.handler.HttpHandler - 

Request DefaultFullHttpRequest(decodeResult: success, version: HTTP/1.1, content: EmptyByteBufBE)
GET /session/e2cafc858b51325138492c63d66dbc60/screenshot HTTP/1.1
User-Agent: selenium/4.1.2 (java windows)
Cache-Control: no-cache
Content-Type: application/json; charset=utf-8
host: localhost:64171
accept: */*

Response DefaultHttpResponse(decodeResult: success, version: HTTP/1.1)
HTTP/1.1 200 OK
Content-Type: application/json; charset=utf-8
cache-control: no-cache
content-length: 40184

19:01:02.708 [AsyncHttpClient-1-5] DEBUG org.asynchttpclient.netty.channel.ChannelManager - Adding key: http://localhost:64171 for channel [id: 0x177859e2, L:/127.0.0.1:52380 - R:localhost/127.0.0.1:64171]
19:01:02.711 [main] DEBUG net.serenitybdd.core.photography.Darkroom - Send negative for processing for target\site\serenity\4b00497c6296cefcecd0c10ebf8ba0d81ac5a50109e18a74f31c9404fd2a8537.png
19:01:02.713 [main] DEBUG net.thucydides.core.steps.StepInterceptor - STEP DONE: clickLoginButton
  &amp#27;[32mAnd &amp#27;[0m&amp#27;[32mI click on login button&amp#27;[0m                         &amp#27;[90m# starter.stepdefinitions.LoginSteps.clickLoginButton()&amp#27;[0m
19:01:02.714 [Darkroom Processing Line] DEBUG net.serenitybdd.core.photography.DarkroomProcessingLine - Processing screenshot image in /var/screenshots/screenshot-5542038621044850602
19:01:02.714 [Darkroom Processing Line] DEBUG net.serenitybdd.core.photography.DarkroomProcessingLine - Saving screenshot to target\site\serenity\4b00497c6296cefcecd0c10ebf8ba0d81ac5a50109e18a74f31c9404fd2a8537.png
19:01:02.746 [main] DEBUG net.thucydides.core.steps.StepInterceptor - STARTING STEP: LoginSteps.stillOnTheLoginPage - loginPage
19:01:02.749 [Forwarding get on session e2cafc858b51325138492c63d66dbc60 to remote] DEBUG org.asynchttpclient.netty.request.NettyRequestSender - Using pooled Channel '[id: 0x177859e2, L:/127.0.0.1:52380 - R:localhost/127.0.0.1:64171]' for 'POST' to 'http://localhost:64171/session/e2cafc858b51325138492c63d66dbc60/url'
19:01:02.751 [Forwarding get on session e2cafc858b51325138492c63d66dbc60 to remote] DEBUG org.asynchttpclient.netty.request.NettyRequestSender - Using open Channel [id: 0x177859e2, L:/127.0.0.1:52380 - R:localhost/127.0.0.1:64171] for POST '/session/e2cafc858b51325138492c63d66dbc60/url'
19:01:02.757 [AsyncHttpClient-1-1] DEBUG org.asynchttpclient.netty.channel.DefaultChannelPool - Entry count for : http://localhost:52383 : 1
19:01:02.973 [AsyncHttpClient-1-5] DEBUG org.asynchttpclient.netty.handler.HttpHandler - 

Request DefaultHttpRequest(decodeResult: success, version: HTTP/1.1)
POST /session/e2cafc858b51325138492c63d66dbc60/url HTTP/1.1
User-Agent: selenium/4.1.2 (java windows)
Content-Length: 64
Content-Type: application/json; charset=utf-8
host: localhost:64171
accept: */*

Response DefaultHttpResponse(decodeResult: success, version: HTTP/1.1)
HTTP/1.1 200 OK
Content-Type: application/json; charset=utf-8
cache-control: no-cache
content-length: 14

19:01:02.973 [AsyncHttpClient-1-5] DEBUG org.asynchttpclient.netty.channel.ChannelManager - Adding key: http://localhost:64171 for channel [id: 0x177859e2, L:/127.0.0.1:52380 - R:localhost/127.0.0.1:64171]
19:01:02.983 [Forwarding getCurrentUrl on session e2cafc858b51325138492c63d66dbc60 to remote] DEBUG org.asynchttpclient.netty.request.NettyRequestSender - Using pooled Channel '[id: 0x177859e2, L:/127.0.0.1:52380 - R:localhost/127.0.0.1:64171]' for 'GET' to 'http://localhost:64171/session/e2cafc858b51325138492c63d66dbc60/url'
19:01:02.983 [Forwarding getCurrentUrl on session e2cafc858b51325138492c63d66dbc60 to remote] DEBUG org.asynchttpclient.netty.request.NettyRequestSender - Using open Channel [id: 0x177859e2, L:/127.0.0.1:52380 - R:localhost/127.0.0.1:64171] for GET '/session/e2cafc858b51325138492c63d66dbc60/url'
19:01:02.986 [AsyncHttpClient-1-5] DEBUG org.asynchttpclient.netty.handler.HttpHandler - 

Request DefaultFullHttpRequest(decodeResult: success, version: HTTP/1.1, content: EmptyByteBufBE)
GET /session/e2cafc858b51325138492c63d66dbc60/url HTTP/1.1
User-Agent: selenium/4.1.2 (java windows)
Cache-Control: no-cache
Content-Type: application/json; charset=utf-8
host: localhost:64171
accept: */*

Response DefaultHttpResponse(decodeResult: success, version: HTTP/1.1)
HTTP/1.1 200 OK
Content-Type: application/json; charset=utf-8
cache-control: no-cache
content-length: 41

19:01:02.986 [AsyncHttpClient-1-5] DEBUG org.asynchttpclient.netty.channel.ChannelManager - Adding key: http://localhost:64171 for channel [id: 0x177859e2, L:/127.0.0.1:52380 - R:localhost/127.0.0.1:64171]
19:01:02.995 [Forwarding screenshot on session e2cafc858b51325138492c63d66dbc60 to remote] DEBUG org.asynchttpclient.netty.request.NettyRequestSender - Using pooled Channel '[id: 0x177859e2, L:/127.0.0.1:52380 - R:localhost/127.0.0.1:64171]' for 'GET' to 'http://localhost:64171/session/e2cafc858b51325138492c63d66dbc60/screenshot'
19:01:02.995 [Forwarding screenshot on session e2cafc858b51325138492c63d66dbc60 to remote] DEBUG org.asynchttpclient.netty.request.NettyRequestSender - Using open Channel [id: 0x177859e2, L:/127.0.0.1:52380 - R:localhost/127.0.0.1:64171] for GET '/session/e2cafc858b51325138492c63d66dbc60/screenshot'
19:01:03.109 [AsyncHttpClient-1-5] DEBUG org.asynchttpclient.netty.handler.HttpHandler - 

Request DefaultFullHttpRequest(decodeResult: success, version: HTTP/1.1, content: EmptyByteBufBE)
GET /session/e2cafc858b51325138492c63d66dbc60/screenshot HTTP/1.1
User-Agent: selenium/4.1.2 (java windows)
Cache-Control: no-cache
Content-Type: application/json; charset=utf-8
host: localhost:64171
accept: */*

Response DefaultHttpResponse(decodeResult: success, version: HTTP/1.1)
HTTP/1.1 200 OK
Content-Type: application/json; charset=utf-8
cache-control: no-cache
content-length: 32192

19:01:03.111 [AsyncHttpClient-1-5] DEBUG org.asynchttpclient.netty.channel.ChannelManager - Adding key: http://localhost:64171 for channel [id: 0x177859e2, L:/127.0.0.1:52380 - R:localhost/127.0.0.1:64171]
19:01:03.114 [main] DEBUG net.serenitybdd.core.photography.Darkroom - Send negative for processing for target\site\serenity\4d98329a65403fb35239499910819cdb6d3d71d823e551da367b9fc52c2ec142.png
19:01:03.114 [main] DEBUG net.thucydides.core.steps.StepInterceptor - STEP DONE: loginPage
19:01:03.121 [main] DEBUG net.thucydides.core.steps.StepInterceptor - STARTING STEP: LoginSteps.stillOnTheLoginPage - validateStillOnLoginPage
19:01:03.124 [Forwarding findElement on session e2cafc858b51325138492c63d66dbc60 to remote] DEBUG org.asynchttpclient.netty.request.NettyRequestSender - Using pooled Channel '[id: 0x177859e2, L:/127.0.0.1:52380 - R:localhost/127.0.0.1:64171]' for 'POST' to 'http://localhost:64171/session/e2cafc858b51325138492c63d66dbc60/element'
19:01:03.125 [Forwarding findElement on session e2cafc858b51325138492c63d66dbc60 to remote] DEBUG org.asynchttpclient.netty.request.NettyRequestSender - Using open Channel [id: 0x177859e2, L:/127.0.0.1:52380 - R:localhost/127.0.0.1:64171] for POST '/session/e2cafc858b51325138492c63d66dbc60/element'
19:01:03.134 [AsyncHttpClient-1-5] DEBUG org.asynchttpclient.netty.handler.HttpHandler - 

Request DefaultHttpRequest(decodeResult: success, version: HTTP/1.1)
POST /session/e2cafc858b51325138492c63d66dbc60/element HTTP/1.1
User-Agent: selenium/4.1.2 (java windows)
Content-Length: 155
Content-Type: application/json; charset=utf-8
host: localhost:64171
accept: */*

Response DefaultHttpResponse(decodeResult: success, version: HTTP/1.1)
HTTP/1.1 200 OK
Content-Type: application/json; charset=utf-8
cache-control: no-cache
content-length: 88

19:01:03.134 [AsyncHttpClient-1-5] DEBUG org.asynchttpclient.netty.channel.ChannelManager - Adding key: http://localhost:64171 for channel [id: 0x177859e2, L:/127.0.0.1:52380 - R:localhost/127.0.0.1:64171]
19:01:03.143 [Forwarding isElementDisplayed on session e2cafc858b51325138492c63d66dbc60 to remote] DEBUG org.asynchttpclient.netty.request.NettyRequestSender - Using pooled Channel '[id: 0x177859e2, L:/127.0.0.1:52380 - R:localhost/127.0.0.1:64171]' for 'POST' to 'http://localhost:64171/session/e2cafc858b51325138492c63d66dbc60/execute/sync'
19:01:03.143 [Forwarding isElementDisplayed on session e2cafc858b51325138492c63d66dbc60 to remote] DEBUG org.asynchttpclient.netty.request.NettyRequestSender - Using open Channel [id: 0x177859e2, L:/127.0.0.1:52380 - R:localhost/127.0.0.1:64171] for POST '/session/e2cafc858b51325138492c63d66dbc60/execute/sync'
19:01:03.163 [AsyncHttpClient-1-5] DEBUG org.asynchttpclient.netty.handler.HttpHandler - 

Request DefaultHttpRequest(decodeResult: success, version: HTTP/1.1)
POST /session/e2cafc858b51325138492c63d66dbc60/execute/sync HTTP/1.1
User-Agent: selenium/4.1.2 (java windows)
Content-Length: 48780
Content-Type: application/json; charset=utf-8
host: localhost:64171
accept: */*

Response DefaultHttpResponse(decodeResult: success, version: HTTP/1.1)
HTTP/1.1 200 OK
Content-Type: application/json; charset=utf-8
cache-control: no-cache
content-length: 14

19:01:03.164 [AsyncHttpClient-1-5] DEBUG org.asynchttpclient.netty.channel.ChannelManager - Adding key: http://localhost:64171 for channel [id: 0x177859e2, L:/127.0.0.1:52380 - R:localhost/127.0.0.1:64171]
19:01:03.169 [Forwarding screenshot on session e2cafc858b51325138492c63d66dbc60 to remote] DEBUG org.asynchttpclient.netty.request.NettyRequestSender - Using pooled Channel '[id: 0x177859e2, L:/127.0.0.1:52380 - R:localhost/127.0.0.1:64171]' for 'GET' to 'http://localhost:64171/session/e2cafc858b51325138492c63d66dbc60/screenshot'
19:01:03.169 [Forwarding screenshot on session e2cafc858b51325138492c63d66dbc60 to remote] DEBUG org.asynchttpclient.netty.request.NettyRequestSender - Using open Channel [id: 0x177859e2, L:/127.0.0.1:52380 - R:localhost/127.0.0.1:64171] for GET '/session/e2cafc858b51325138492c63d66dbc60/screenshot'
19:01:03.264 [AsyncHttpClient-1-5] DEBUG org.asynchttpclient.netty.handler.HttpHandler - 

Request DefaultFullHttpRequest(decodeResult: success, version: HTTP/1.1, content: EmptyByteBufBE)
GET /session/e2cafc858b51325138492c63d66dbc60/screenshot HTTP/1.1
User-Agent: selenium/4.1.2 (java windows)
Cache-Control: no-cache
Content-Type: application/json; charset=utf-8
host: localhost:64171
accept: */*

Response DefaultHttpResponse(decodeResult: success, version: HTTP/1.1)
HTTP/1.1 200 OK
Content-Type: application/json; charset=utf-8
cache-control: no-cache
content-length: 32192

19:01:03.265 [AsyncHttpClient-1-5] DEBUG org.asynchttpclient.netty.channel.ChannelManager - Adding key: http://localhost:64171 for channel [id: 0x177859e2, L:/127.0.0.1:52380 - R:localhost/127.0.0.1:64171]
19:01:03.268 [main] DEBUG net.serenitybdd.core.photography.Darkroom - Send negative for processing for target\site\serenity\4d98329a65403fb35239499910819cdb6d3d71d823e551da367b9fc52c2ec142.png
19:01:03.269 [main] DEBUG net.thucydides.core.steps.StepInterceptor - STEP DONE: validateStillOnLoginPage
  &amp#27;[32mThen &amp#27;[0m&amp#27;[32mI am still on the login page&amp#27;[0m                   &amp#27;[90m# starter.stepdefinitions.LoginSteps.stillOnTheLoginPage()&amp#27;[0m
19:01:03.277 [main] INFO  - 
  _____   ___   ___   _____     ___     _     ___   ___   ___   ___  
 |_   _| | __| / __| |_   _|   | _ \   /_\   / __| / __| | __| |   \ 
   | |   | _|  \__ \   | |     |  _/  / _ \  \__ \ \__ \ | _|  | |) |
   |_|   |___| |___/   |_|     |_|   /_/ \_\ |___/ |___/ |___| |___/ 

Login with valid email and invalid password
----------------------------------------------------------------------
19:01:03.282 [AsyncHttpClient-1-7] DEBUG org.asynchttpclient.netty.handler.WebSocketHandler - Channel Closed: [id: 0x0932e77c, L:/127.0.0.1:52391 ! R:localhost/127.0.0.1:52383] with attribute NettyResponseFuture{currentRetry=5,
	isDone=1,
	isCancelled=0,
	asyncHandler=org.asynchttpclient.ws.WebSocketUpgradeHandler@294c5c,
	nettyRequest=org.asynchttpclient.netty.request.NettyRequest@452bd23d,
	future=java.util.concurrent.CompletableFuture@464065f3[Completed normally],
	uri=ws://localhost:52383/devtools/browser/b34ff2f6-8c71-4400-b32f-ae58402e110e,
	keepAlive=true,
	redirectCount=0,
	timeoutsHolder=null,
	inAuth=0,
	touch=1652875259888}
19:01:03.282 [AsyncHttpClient-1-7] DEBUG org.asynchttpclient.netty.channel.ChannelManager - Closing Channel [id: 0x0932e77c, L:/127.0.0.1:52391 ! R:localhost/127.0.0.1:52383] 
19:01:03.282 [Driver Command Executor] DEBUG org.asynchttpclient.netty.request.NettyRequestSender - Using pooled Channel '[id: 0x177859e2, L:/127.0.0.1:52380 - R:localhost/127.0.0.1:64171]' for 'DELETE' to 'http://localhost:64171/session/e2cafc858b51325138492c63d66dbc60'
19:01:03.282 [Driver Command Executor] DEBUG org.asynchttpclient.netty.request.NettyRequestSender - Using open Channel [id: 0x177859e2, L:/127.0.0.1:52380 - R:localhost/127.0.0.1:64171] for DELETE '/session/e2cafc858b51325138492c63d66dbc60'
19:01:03.326 [AsyncHttpClient-1-6] DEBUG org.asynchttpclient.netty.handler.HttpHandler - Unexpected I/O exception on channel [id: 0x5388ab80, L:/127.0.0.1:52390 - R:localhost/127.0.0.1:52383]
java.io.IOException: An existing connection was forcibly closed by the remote host
	at java.base/sun.nio.ch.SocketDispatcher.read0(Native Method)
	at java.base/sun.nio.ch.SocketDispatcher.read(SocketDispatcher.java:43)
	at java.base/sun.nio.ch.IOUtil.readIntoNativeBuffer(IOUtil.java:276)
	at java.base/sun.nio.ch.IOUtil.read(IOUtil.java:233)
	at java.base/sun.nio.ch.IOUtil.read(IOUtil.java:223)
	at java.base/sun.nio.ch.SocketChannelImpl.read(SocketChannelImpl.java:358)
	at io.netty.buffer.PooledByteBuf.setBytes(PooledByteBuf.java:258)
	at io.netty.buffer.AbstractByteBuf.writeBytes(AbstractByteBuf.java:1132)
	at io.netty.channel.socket.nio.NioSocketChannel.doReadBytes(NioSocketChannel.java:350)
	at io.netty.channel.nio.AbstractNioByteChannel$NioByteUnsafe.read(AbstractNioByteChannel.java:151)
	at io.netty.channel.nio.NioEventLoop.processSelectedKey(NioEventLoop.java:722)
	at io.netty.channel.nio.NioEventLoop.processSelectedKeysOptimized(NioEventLoop.java:658)
	at io.netty.channel.nio.NioEventLoop.processSelectedKeys(NioEventLoop.java:584)
	at io.netty.channel.nio.NioEventLoop.run(NioEventLoop.java:496)
	at io.netty.util.concurrent.SingleThreadEventExecutor$4.run(SingleThreadEventExecutor.java:986)
	at io.netty.util.internal.ThreadExecutorMap$2.run(ThreadExecutorMap.java:74)
	at io.netty.util.concurrent.FastThreadLocalRunnable.run(FastThreadLocalRunnable.java:30)
	at java.base/java.lang.Thread.run(Thread.java:834)
19:01:03.326 [AsyncHttpClient-1-6] DEBUG org.asynchttpclient.netty.channel.ChannelManager - Closing Channel [id: 0x5388ab80, L:/127.0.0.1:52390 - R:localhost/127.0.0.1:52383] 
19:01:03.327 [AsyncHttpClient-1-6] DEBUG org.asynchttpclient.netty.handler.HttpHandler - Channel Closed: [id: 0x5388ab80, L:/127.0.0.1:52390 ! R:localhost/127.0.0.1:52383] with attribute DISCARD
19:01:03.345 [AsyncHttpClient-1-5] DEBUG org.asynchttpclient.netty.handler.HttpHandler - 

Request DefaultFullHttpRequest(decodeResult: success, version: HTTP/1.1, content: EmptyByteBufBE)
DELETE /session/e2cafc858b51325138492c63d66dbc60 HTTP/1.1
User-Agent: selenium/4.1.2 (java windows)
Content-Type: application/json; charset=utf-8
host: localhost:64171
accept: */*

Response DefaultHttpResponse(decodeResult: success, version: HTTP/1.1)
HTTP/1.1 200 OK
Content-Type: application/json; charset=utf-8
cache-control: no-cache
content-length: 14

19:01:03.345 [AsyncHttpClient-1-5] DEBUG org.asynchttpclient.netty.channel.ChannelManager - Adding key: http://localhost:64171 for channel [id: 0x177859e2, L:/127.0.0.1:52380 - R:localhost/127.0.0.1:64171]
19:01:03.526 [AsyncHttpClient-1-5] DEBUG org.asynchttpclient.netty.handler.HttpHandler - Channel Closed: [id: 0x177859e2, L:/127.0.0.1:52380 ! R:localhost/127.0.0.1:64171] with attribute DISCARD
19:01:03.861 [AsyncHttpClient-1-1] DEBUG org.asynchttpclient.netty.channel.DefaultChannelPool - Entry count for : http://localhost:64171 : 1
19:01:03.861 [AsyncHttpClient-1-1] DEBUG org.asynchttpclient.netty.channel.DefaultChannelPool - Entry count for : http://localhost:52383 : 1
19:01:03.861 [AsyncHttpClient-1-1] DEBUG org.asynchttpclient.netty.channel.DefaultChannelPool - Adding Candidate expired Channel [id: 0x177859e2, L:/127.0.0.1:52380 ! R:localhost/127.0.0.1:64171] isIdleTimeoutExpired=false isRemotelyClosed=true isTtlExpired=false
19:01:03.862 [AsyncHttpClient-1-1] DEBUG org.asynchttpclient.netty.channel.DefaultChannelPool - Closing Idle Channel [id: 0x177859e2, L:/127.0.0.1:52380 ! R:localhost/127.0.0.1:64171]
19:01:03.862 [AsyncHttpClient-1-1] DEBUG org.asynchttpclient.netty.channel.DefaultChannelPool - Adding Candidate expired Channel [id: 0x5388ab80, L:/127.0.0.1:52390 ! R:localhost/127.0.0.1:52383] isIdleTimeoutExpired=false isRemotelyClosed=true isTtlExpired=false
19:01:03.862 [AsyncHttpClient-1-1] DEBUG org.asynchttpclient.netty.channel.DefaultChannelPool - Closing Idle Channel [id: 0x5388ab80, L:/127.0.0.1:52390 ! R:localhost/127.0.0.1:52383]
19:01:03.862 [AsyncHttpClient-1-1] DEBUG org.asynchttpclient.netty.channel.DefaultChannelPool - Closed 2 connections out of 2 in 1 ms
]]></system-out>
    <system-err><![CDATA[Starting ChromeDriver 101.0.4951.41 (93c720db8323b3ec10d056025ab95c23a31997c9-refs/branch-heads/4951@{#904}) on port 64171
Only local connections are allowed.
Please see https://chromedriver.chromium.org/security-considerations for suggestions on keeping ChromeDriver safe.
ChromeDriver was started successfully.
May 18, 2022 7:00:59 PM org.openqa.selenium.remote.ProtocolHandshake createSession
INFO: Detected dialect: W3C
May 18, 2022 7:00:59 PM org.openqa.selenium.devtools.CdpVersionFinder findNearestMatch
WARNING: Unable to find an exact match for CDP version 101, so returning the closest version found: 97
May 18, 2022 7:00:59 PM org.openqa.selenium.devtools.CdpVersionFinder findNearestMatch
INFO: Found CDP implementation for version 101 of 97
]]></system-err>
  </testcase>
  <testcase name="Login with invalid email and valid password" classname="Login" time="5.89">
    <system-out><![CDATA[
Scenario: Login with invalid email and valid password &amp#27;[90m# src/test/resources/features/Login.feature:18&amp#27;[0m
19:01:04.056 [main] INFO io.cucumber.core.plugin.SerenityReporter - Running feature from file:///D:/Intern/MSIB%20Alterra/alterra-mini-project/serenity-web-ui-test/src/test/resources/features/Login.feature
19:01:04.058 [main] INFO  - 
  _____   ___   ___   _____     ___   _____     _     ___   _____   ___   ___  
 |_   _| | __| / __| |_   _|   / __| |_   _|   /_\   | _ \ |_   _| | __| |   \ 
   | |   | _|  \__ \   | |     \__ \   | |    / _ \  |   /   | |   | _|  | |) |
   |_|   |___| |___/   |_|     |___/   |_|   /_/ \_\ |_|_\   |_|   |___| |___/ 

Login with invalid email and valid password(login;login-with-invalid-email-and-valid-password)
--------------------------------------------------------------------------------
19:01:04.091 [main] DEBUG net.thucydides.core.steps.StepInterceptor - STARTING STEP: LoginSteps.onTheLoginPage - loginPage
19:01:04.093 [main] INFO net.serenitybdd.core.webdriver.driverproviders.ChromeDriverProvider - Using automatically driver download
19:01:04.194 [main] DEBUG io.github.bonigarcia.wdm.cache.ResolutionCache - Resolution chrome=101 in cache (valid until 20:00:39 18/05/2022 ICT)
19:01:04.199 [main] DEBUG io.github.bonigarcia.wdm.cache.ResolutionCache - Resolution chrome101=101.0.4951.41 in cache (valid until 19:00:39 19/05/2022 ICT)
19:01:04.202 [main] INFO io.github.bonigarcia.wdm.WebDriverManager - Using chromedriver 101.0.4951.41 (resolved driver for Chrome 101)
19:01:04.218 [main] DEBUG io.github.bonigarcia.wdm.WebDriverManager - Driver chromedriver 101.0.4951.41 found in cache
19:01:04.219 [main] INFO io.github.bonigarcia.wdm.WebDriverManager - Exporting webdriver.chrome.driver as C:\Users\saral\.cache\selenium\chromedriver\win32\101.0.4951.41\chromedriver.exe
19:01:04.330 [main] DEBUG net.serenitybdd.core.webdriver.driverproviders.ProvideNewDriver - Instantiating driver
19:01:04.330 [main] DEBUG net.serenitybdd.core.webdriver.driverproviders.ProvideNewDriver - Driver capabilities: Capabilities {acceptInsecureCerts: false, base.url: https://qa.alta.id/, browserName: chrome, chrome.driver: src/main/resources/webdrive..., driver: chrome, goog:chromeOptions: {args: [], extensions: []}}
19:01:04.880 [AsyncHttpClient-1-8] DEBUG org.asynchttpclient.netty.channel.NettyConnectListener - Using new Channel '[id: 0x693d2668, L:/127.0.0.1:52412 - R:localhost/127.0.0.1:54166]' for 'POST' to '/session'
19:01:05.711 [AsyncHttpClient-1-8] DEBUG org.asynchttpclient.netty.handler.HttpHandler - 

Request DefaultHttpRequest(decodeResult: success, version: HTTP/1.1)
POST /session HTTP/1.1
User-Agent: selenium/4.1.2 (java windows)
Content-Length: 605
Content-Type: application/json; charset=utf-8
host: localhost:54166
accept: */*

Response DefaultHttpResponse(decodeResult: success, version: HTTP/1.1)
HTTP/1.1 200 OK
Content-Type: application/json; charset=utf-8
cache-control: no-cache
content-length: 790

19:01:05.711 [AsyncHttpClient-1-8] DEBUG org.asynchttpclient.netty.channel.ChannelManager - Adding key: http://localhost:54166 for channel [id: 0x693d2668, L:/127.0.0.1:52412 - R:localhost/127.0.0.1:54166]
19:01:05.729 [AsyncHttpClient-1-9] DEBUG org.asynchttpclient.netty.channel.NettyConnectListener - Using new Channel '[id: 0xc8ee207d, L:/127.0.0.1:52419 - R:localhost/127.0.0.1:52413]' for 'GET' to '/json/version'
19:01:05.737 [AsyncHttpClient-1-9] DEBUG org.asynchttpclient.netty.handler.HttpHandler - 

Request DefaultFullHttpRequest(decodeResult: success, version: HTTP/1.1, content: EmptyByteBufBE)
GET /json/version HTTP/1.1
User-Agent: selenium/4.1.2 (java windows)
host: localhost:52413
accept: */*

Response DefaultHttpResponse(decodeResult: success, version: HTTP/1.1)
HTTP/1.1 200 OK
Content-Type: application/json; charset=UTF-8
content-length: 427

19:01:05.737 [AsyncHttpClient-1-9] DEBUG org.asynchttpclient.netty.channel.ChannelManager - Adding key: http://localhost:52413 for channel [id: 0xc8ee207d, L:/127.0.0.1:52419 - R:localhost/127.0.0.1:52413]
19:01:05.749 [AsyncHttpClient-1-10] DEBUG org.asynchttpclient.netty.channel.NettyConnectListener - Using new Channel '[id: 0x77f29ba4, L:/127.0.0.1:52420 - R:localhost/127.0.0.1:52413]' for 'GET' to '/devtools/browser/3b18a340-e395-438c-865f-51717d486483'
19:01:05.759 [AsyncHttpClient-1-10] DEBUG org.asynchttpclient.netty.handler.WebSocketHandler - 

Request DefaultFullHttpRequest(decodeResult: success, version: HTTP/1.1, content: EmptyByteBufBE)
GET /devtools/browser/3b18a340-e395-438c-865f-51717d486483 HTTP/1.1
upgrade: websocket
connection: upgrade
sec-websocket-key: MmSA9VhBGLcoI/y2vLQYng==
sec-websocket-version: 13
origin: http://localhost:52413
host: localhost:52413
accept: */*
user-agent: AHC/2.1

Response DefaultHttpResponse(decodeResult: success, version: HTTP/1.1)
HTTP/1.1 101 WebSocket Protocol Handshake
Upgrade: WebSocket
Connection: Upgrade
Sec-WebSocket-Accept: L28OGNN095fysKNPVoLCWocTyXc=

19:01:05.769 [Forwarding get on session 692b0949472ca6af6cbf6898837d828b to remote] DEBUG org.asynchttpclient.netty.request.NettyRequestSender - Using pooled Channel '[id: 0x693d2668, L:/127.0.0.1:52412 - R:localhost/127.0.0.1:54166]' for 'POST' to 'http://localhost:54166/session/692b0949472ca6af6cbf6898837d828b/url'
19:01:05.769 [Forwarding get on session 692b0949472ca6af6cbf6898837d828b to remote] DEBUG org.asynchttpclient.netty.request.NettyRequestSender - Using open Channel [id: 0x693d2668, L:/127.0.0.1:52412 - R:localhost/127.0.0.1:54166] for POST '/session/692b0949472ca6af6cbf6898837d828b/url'
19:01:06.072 [AsyncHttpClient-1-1] DEBUG org.asynchttpclient.netty.channel.DefaultChannelPool - Entry count for : http://localhost:52413 : 1
19:01:07.001 [AsyncHttpClient-1-8] DEBUG org.asynchttpclient.netty.handler.HttpHandler - 

Request DefaultHttpRequest(decodeResult: success, version: HTTP/1.1)
POST /session/692b0949472ca6af6cbf6898837d828b/url HTTP/1.1
User-Agent: selenium/4.1.2 (java windows)
Content-Length: 64
Content-Type: application/json; charset=utf-8
host: localhost:54166
accept: */*

Response DefaultHttpResponse(decodeResult: success, version: HTTP/1.1)
HTTP/1.1 200 OK
Content-Type: application/json; charset=utf-8
cache-control: no-cache
content-length: 14

19:01:07.002 [AsyncHttpClient-1-8] DEBUG org.asynchttpclient.netty.channel.ChannelManager - Adding key: http://localhost:54166 for channel [id: 0x693d2668, L:/127.0.0.1:52412 - R:localhost/127.0.0.1:54166]
19:01:07.002 [Forwarding setTimeout on session 692b0949472ca6af6cbf6898837d828b to remote] DEBUG org.asynchttpclient.netty.request.NettyRequestSender - Using pooled Channel '[id: 0x693d2668, L:/127.0.0.1:52412 - R:localhost/127.0.0.1:54166]' for 'POST' to 'http://localhost:54166/session/692b0949472ca6af6cbf6898837d828b/timeouts'
19:01:07.002 [Forwarding setTimeout on session 692b0949472ca6af6cbf6898837d828b to remote] DEBUG org.asynchttpclient.netty.request.NettyRequestSender - Using open Channel [id: 0x693d2668, L:/127.0.0.1:52412 - R:localhost/127.0.0.1:54166] for POST '/session/692b0949472ca6af6cbf6898837d828b/timeouts'
19:01:07.003 [AsyncHttpClient-1-8] DEBUG org.asynchttpclient.netty.handler.HttpHandler - 

Request DefaultHttpRequest(decodeResult: success, version: HTTP/1.1)
POST /session/692b0949472ca6af6cbf6898837d828b/timeouts HTTP/1.1
User-Agent: selenium/4.1.2 (java windows)
Content-Length: 22
Content-Type: application/json; charset=utf-8
host: localhost:54166
accept: */*

Response DefaultHttpResponse(decodeResult: success, version: HTTP/1.1)
HTTP/1.1 200 OK
Content-Type: application/json; charset=utf-8
cache-control: no-cache
content-length: 14

19:01:07.004 [AsyncHttpClient-1-8] DEBUG org.asynchttpclient.netty.channel.ChannelManager - Adding key: http://localhost:54166 for channel [id: 0x693d2668, L:/127.0.0.1:52412 - R:localhost/127.0.0.1:54166]
19:01:07.005 [Forwarding getCurrentUrl on session 692b0949472ca6af6cbf6898837d828b to remote] DEBUG org.asynchttpclient.netty.request.NettyRequestSender - Using pooled Channel '[id: 0x693d2668, L:/127.0.0.1:52412 - R:localhost/127.0.0.1:54166]' for 'GET' to 'http://localhost:54166/session/692b0949472ca6af6cbf6898837d828b/url'
19:01:07.005 [Forwarding getCurrentUrl on session 692b0949472ca6af6cbf6898837d828b to remote] DEBUG org.asynchttpclient.netty.request.NettyRequestSender - Using open Channel [id: 0x693d2668, L:/127.0.0.1:52412 - R:localhost/127.0.0.1:54166] for GET '/session/692b0949472ca6af6cbf6898837d828b/url'
19:01:07.011 [AsyncHttpClient-1-8] DEBUG org.asynchttpclient.netty.handler.HttpHandler - 

Request DefaultFullHttpRequest(decodeResult: success, version: HTTP/1.1, content: EmptyByteBufBE)
GET /session/692b0949472ca6af6cbf6898837d828b/url HTTP/1.1
User-Agent: selenium/4.1.2 (java windows)
Cache-Control: no-cache
Content-Type: application/json; charset=utf-8
host: localhost:54166
accept: */*

Response DefaultHttpResponse(decodeResult: success, version: HTTP/1.1)
HTTP/1.1 200 OK
Content-Type: application/json; charset=utf-8
cache-control: no-cache
content-length: 41

19:01:07.012 [AsyncHttpClient-1-8] DEBUG org.asynchttpclient.netty.channel.ChannelManager - Adding key: http://localhost:54166 for channel [id: 0x693d2668, L:/127.0.0.1:52412 - R:localhost/127.0.0.1:54166]
19:01:07.018 [Forwarding screenshot on session 692b0949472ca6af6cbf6898837d828b to remote] DEBUG org.asynchttpclient.netty.request.NettyRequestSender - Using pooled Channel '[id: 0x693d2668, L:/127.0.0.1:52412 - R:localhost/127.0.0.1:54166]' for 'GET' to 'http://localhost:54166/session/692b0949472ca6af6cbf6898837d828b/screenshot'
19:01:07.018 [Forwarding screenshot on session 692b0949472ca6af6cbf6898837d828b to remote] DEBUG org.asynchttpclient.netty.request.NettyRequestSender - Using open Channel [id: 0x693d2668, L:/127.0.0.1:52412 - R:localhost/127.0.0.1:54166] for GET '/session/692b0949472ca6af6cbf6898837d828b/screenshot'
19:01:07.162 [AsyncHttpClient-1-1] DEBUG org.asynchttpclient.netty.channel.DefaultChannelPool - Entry count for : http://localhost:52413 : 1
19:01:07.261 [AsyncHttpClient-1-8] DEBUG org.asynchttpclient.netty.handler.HttpHandler - 

Request DefaultFullHttpRequest(decodeResult: success, version: HTTP/1.1, content: EmptyByteBufBE)
GET /session/692b0949472ca6af6cbf6898837d828b/screenshot HTTP/1.1
User-Agent: selenium/4.1.2 (java windows)
Cache-Control: no-cache
Content-Type: application/json; charset=utf-8
host: localhost:54166
accept: */*

Response DefaultHttpResponse(decodeResult: success, version: HTTP/1.1)
HTTP/1.1 200 OK
Content-Type: application/json; charset=utf-8
cache-control: no-cache
content-length: 32192

19:01:07.262 [AsyncHttpClient-1-8] DEBUG org.asynchttpclient.netty.channel.ChannelManager - Adding key: http://localhost:54166 for channel [id: 0x693d2668, L:/127.0.0.1:52412 - R:localhost/127.0.0.1:54166]
19:01:07.265 [main] DEBUG net.serenitybdd.core.photography.Darkroom - Send negative for processing for target\site\serenity\4d98329a65403fb35239499910819cdb6d3d71d823e551da367b9fc52c2ec142.png
19:01:07.265 [main] DEBUG net.thucydides.core.steps.StepInterceptor - STEP DONE: loginPage
19:01:07.271 [main] DEBUG net.thucydides.core.steps.StepInterceptor - STARTING STEP: LoginSteps.onTheLoginPage - validateOnLoginPage
19:01:07.273 [Forwarding findElement on session 692b0949472ca6af6cbf6898837d828b to remote] DEBUG org.asynchttpclient.netty.request.NettyRequestSender - Using pooled Channel '[id: 0x693d2668, L:/127.0.0.1:52412 - R:localhost/127.0.0.1:54166]' for 'POST' to 'http://localhost:54166/session/692b0949472ca6af6cbf6898837d828b/element'
19:01:07.273 [Forwarding findElement on session 692b0949472ca6af6cbf6898837d828b to remote] DEBUG org.asynchttpclient.netty.request.NettyRequestSender - Using open Channel [id: 0x693d2668, L:/127.0.0.1:52412 - R:localhost/127.0.0.1:54166] for POST '/session/692b0949472ca6af6cbf6898837d828b/element'
19:01:07.287 [AsyncHttpClient-1-8] DEBUG org.asynchttpclient.netty.handler.HttpHandler - 

Request DefaultHttpRequest(decodeResult: success, version: HTTP/1.1)
POST /session/692b0949472ca6af6cbf6898837d828b/element HTTP/1.1
User-Agent: selenium/4.1.2 (java windows)
Content-Length: 155
Content-Type: application/json; charset=utf-8
host: localhost:54166
accept: */*

Response DefaultHttpResponse(decodeResult: success, version: HTTP/1.1)
HTTP/1.1 200 OK
Content-Type: application/json; charset=utf-8
cache-control: no-cache
content-length: 88

19:01:07.287 [AsyncHttpClient-1-8] DEBUG org.asynchttpclient.netty.channel.ChannelManager - Adding key: http://localhost:54166 for channel [id: 0x693d2668, L:/127.0.0.1:52412 - R:localhost/127.0.0.1:54166]
19:01:07.290 [Forwarding isElementDisplayed on session 692b0949472ca6af6cbf6898837d828b to remote] DEBUG org.asynchttpclient.netty.request.NettyRequestSender - Using pooled Channel '[id: 0x693d2668, L:/127.0.0.1:52412 - R:localhost/127.0.0.1:54166]' for 'POST' to 'http://localhost:54166/session/692b0949472ca6af6cbf6898837d828b/execute/sync'
19:01:07.290 [Forwarding isElementDisplayed on session 692b0949472ca6af6cbf6898837d828b to remote] DEBUG org.asynchttpclient.netty.request.NettyRequestSender - Using open Channel [id: 0x693d2668, L:/127.0.0.1:52412 - R:localhost/127.0.0.1:54166] for POST '/session/692b0949472ca6af6cbf6898837d828b/execute/sync'
19:01:07.305 [AsyncHttpClient-1-8] DEBUG org.asynchttpclient.netty.handler.HttpHandler - 

Request DefaultHttpRequest(decodeResult: success, version: HTTP/1.1)
POST /session/692b0949472ca6af6cbf6898837d828b/execute/sync HTTP/1.1
User-Agent: selenium/4.1.2 (java windows)
Content-Length: 48780
Content-Type: application/json; charset=utf-8
host: localhost:54166
accept: */*

Response DefaultHttpResponse(decodeResult: success, version: HTTP/1.1)
HTTP/1.1 200 OK
Content-Type: application/json; charset=utf-8
cache-control: no-cache
content-length: 14

19:01:07.305 [AsyncHttpClient-1-8] DEBUG org.asynchttpclient.netty.channel.ChannelManager - Adding key: http://localhost:54166 for channel [id: 0x693d2668, L:/127.0.0.1:52412 - R:localhost/127.0.0.1:54166]
19:01:07.309 [main] DEBUG net.thucydides.core.steps.StepInterceptor - STEP DONE: validateOnLoginPage
  &amp#27;[32mGiven &amp#27;[0m&amp#27;[32mI am on the login page&amp#27;[0m                        &amp#27;[90m# starter.stepdefinitions.LoginSteps.onTheLoginPage()&amp#27;[0m
19:01:07.319 [Forwarding screenshot on session 692b0949472ca6af6cbf6898837d828b to remote] DEBUG org.asynchttpclient.netty.request.NettyRequestSender - Using pooled Channel '[id: 0x693d2668, L:/127.0.0.1:52412 - R:localhost/127.0.0.1:54166]' for 'GET' to 'http://localhost:54166/session/692b0949472ca6af6cbf6898837d828b/screenshot'
19:01:07.319 [Forwarding screenshot on session 692b0949472ca6af6cbf6898837d828b to remote] DEBUG org.asynchttpclient.netty.request.NettyRequestSender - Using open Channel [id: 0x693d2668, L:/127.0.0.1:52412 - R:localhost/127.0.0.1:54166] for GET '/session/692b0949472ca6af6cbf6898837d828b/screenshot'
19:01:07.404 [AsyncHttpClient-1-8] DEBUG org.asynchttpclient.netty.handler.HttpHandler - 

Request DefaultFullHttpRequest(decodeResult: success, version: HTTP/1.1, content: EmptyByteBufBE)
GET /session/692b0949472ca6af6cbf6898837d828b/screenshot HTTP/1.1
User-Agent: selenium/4.1.2 (java windows)
Cache-Control: no-cache
Content-Type: application/json; charset=utf-8
host: localhost:54166
accept: */*

Response DefaultHttpResponse(decodeResult: success, version: HTTP/1.1)
HTTP/1.1 200 OK
Content-Type: application/json; charset=utf-8
cache-control: no-cache
content-length: 32192

19:01:07.405 [AsyncHttpClient-1-8] DEBUG org.asynchttpclient.netty.channel.ChannelManager - Adding key: http://localhost:54166 for channel [id: 0x693d2668, L:/127.0.0.1:52412 - R:localhost/127.0.0.1:54166]
19:01:07.407 [main] DEBUG net.serenitybdd.core.photography.Darkroom - Send negative for processing for target\site\serenity\4d98329a65403fb35239499910819cdb6d3d71d823e551da367b9fc52c2ec142.png
19:01:07.413 [main] DEBUG net.thucydides.core.steps.StepInterceptor - STARTING STEP: LoginSteps.inputInvalidEmail - inputEmail
19:01:07.417 [Forwarding findElement on session 692b0949472ca6af6cbf6898837d828b to remote] DEBUG org.asynchttpclient.netty.request.NettyRequestSender - Using pooled Channel '[id: 0x693d2668, L:/127.0.0.1:52412 - R:localhost/127.0.0.1:54166]' for 'POST' to 'http://localhost:54166/session/692b0949472ca6af6cbf6898837d828b/element'
19:01:07.418 [Forwarding findElement on session 692b0949472ca6af6cbf6898837d828b to remote] DEBUG org.asynchttpclient.netty.request.NettyRequestSender - Using open Channel [id: 0x693d2668, L:/127.0.0.1:52412 - R:localhost/127.0.0.1:54166] for POST '/session/692b0949472ca6af6cbf6898837d828b/element'
19:01:07.429 [AsyncHttpClient-1-8] DEBUG org.asynchttpclient.netty.handler.HttpHandler - 

Request DefaultHttpRequest(decodeResult: success, version: HTTP/1.1)
POST /session/692b0949472ca6af6cbf6898837d828b/element HTTP/1.1
User-Agent: selenium/4.1.2 (java windows)
Content-Length: 84
Content-Type: application/json; charset=utf-8
host: localhost:54166
accept: */*

Response DefaultHttpResponse(decodeResult: success, version: HTTP/1.1)
HTTP/1.1 200 OK
Content-Type: application/json; charset=utf-8
cache-control: no-cache
content-length: 88

19:01:07.429 [AsyncHttpClient-1-8] DEBUG org.asynchttpclient.netty.channel.ChannelManager - Adding key: http://localhost:54166 for channel [id: 0x693d2668, L:/127.0.0.1:52412 - R:localhost/127.0.0.1:54166]
19:01:07.430 [Forwarding clearElement on session 692b0949472ca6af6cbf6898837d828b to remote] DEBUG org.asynchttpclient.netty.request.NettyRequestSender - Using pooled Channel '[id: 0x693d2668, L:/127.0.0.1:52412 - R:localhost/127.0.0.1:54166]' for 'POST' to 'http://localhost:54166/session/692b0949472ca6af6cbf6898837d828b/element/fa1e10a2-301b-411a-a839-996c47d56375/clear'
19:01:07.431 [Forwarding clearElement on session 692b0949472ca6af6cbf6898837d828b to remote] DEBUG org.asynchttpclient.netty.request.NettyRequestSender - Using open Channel [id: 0x693d2668, L:/127.0.0.1:52412 - R:localhost/127.0.0.1:54166] for POST '/session/692b0949472ca6af6cbf6898837d828b/element/fa1e10a2-301b-411a-a839-996c47d56375/clear'
19:01:07.462 [AsyncHttpClient-1-8] DEBUG org.asynchttpclient.netty.handler.HttpHandler - 

Request DefaultHttpRequest(decodeResult: success, version: HTTP/1.1)
POST /session/692b0949472ca6af6cbf6898837d828b/element/fa1e10a2-301b-411a-a839-996c47d56375/clear HTTP/1.1
User-Agent: selenium/4.1.2 (java windows)
Content-Length: 50
Content-Type: application/json; charset=utf-8
host: localhost:54166
accept: */*

Response DefaultHttpResponse(decodeResult: success, version: HTTP/1.1)
HTTP/1.1 200 OK
Content-Type: application/json; charset=utf-8
cache-control: no-cache
content-length: 14

19:01:07.462 [AsyncHttpClient-1-8] DEBUG org.asynchttpclient.netty.channel.ChannelManager - Adding key: http://localhost:54166 for channel [id: 0x693d2668, L:/127.0.0.1:52412 - R:localhost/127.0.0.1:54166]
19:01:07.465 [Forwarding sendKeysToElement on session 692b0949472ca6af6cbf6898837d828b to remote] DEBUG org.asynchttpclient.netty.request.NettyRequestSender - Using pooled Channel '[id: 0x693d2668, L:/127.0.0.1:52412 - R:localhost/127.0.0.1:54166]' for 'POST' to 'http://localhost:54166/session/692b0949472ca6af6cbf6898837d828b/element/fa1e10a2-301b-411a-a839-996c47d56375/value'
19:01:07.465 [Forwarding sendKeysToElement on session 692b0949472ca6af6cbf6898837d828b to remote] DEBUG org.asynchttpclient.netty.request.NettyRequestSender - Using open Channel [id: 0x693d2668, L:/127.0.0.1:52412 - R:localhost/127.0.0.1:54166] for POST '/session/692b0949472ca6af6cbf6898837d828b/element/fa1e10a2-301b-411a-a839-996c47d56375/value'
19:01:07.612 [AsyncHttpClient-1-8] DEBUG org.asynchttpclient.netty.handler.HttpHandler - 

Request DefaultHttpRequest(decodeResult: success, version: HTTP/1.1)
POST /session/692b0949472ca6af6cbf6898837d828b/element/fa1e10a2-301b-411a-a839-996c47d56375/value HTTP/1.1
User-Agent: selenium/4.1.2 (java windows)
Content-Length: 231
Content-Type: application/json; charset=utf-8
host: localhost:54166
accept: */*

Response DefaultHttpResponse(decodeResult: success, version: HTTP/1.1)
HTTP/1.1 200 OK
Content-Type: application/json; charset=utf-8
cache-control: no-cache
content-length: 14

19:01:07.612 [AsyncHttpClient-1-8] DEBUG org.asynchttpclient.netty.channel.ChannelManager - Adding key: http://localhost:54166 for channel [id: 0x693d2668, L:/127.0.0.1:52412 - R:localhost/127.0.0.1:54166]
19:01:07.619 [Forwarding screenshot on session 692b0949472ca6af6cbf6898837d828b to remote] DEBUG org.asynchttpclient.netty.request.NettyRequestSender - Using pooled Channel '[id: 0x693d2668, L:/127.0.0.1:52412 - R:localhost/127.0.0.1:54166]' for 'GET' to 'http://localhost:54166/session/692b0949472ca6af6cbf6898837d828b/screenshot'
19:01:07.620 [Forwarding screenshot on session 692b0949472ca6af6cbf6898837d828b to remote] DEBUG org.asynchttpclient.netty.request.NettyRequestSender - Using open Channel [id: 0x693d2668, L:/127.0.0.1:52412 - R:localhost/127.0.0.1:54166] for GET '/session/692b0949472ca6af6cbf6898837d828b/screenshot'
19:01:07.784 [AsyncHttpClient-1-8] DEBUG org.asynchttpclient.netty.handler.HttpHandler - 

Request DefaultFullHttpRequest(decodeResult: success, version: HTTP/1.1, content: EmptyByteBufBE)
GET /session/692b0949472ca6af6cbf6898837d828b/screenshot HTTP/1.1
User-Agent: selenium/4.1.2 (java windows)
Cache-Control: no-cache
Content-Type: application/json; charset=utf-8
host: localhost:54166
accept: */*

Response DefaultHttpResponse(decodeResult: success, version: HTTP/1.1)
HTTP/1.1 200 OK
Content-Type: application/json; charset=utf-8
cache-control: no-cache
content-length: 37752

19:01:07.785 [AsyncHttpClient-1-8] DEBUG org.asynchttpclient.netty.channel.ChannelManager - Adding key: http://localhost:54166 for channel [id: 0x693d2668, L:/127.0.0.1:52412 - R:localhost/127.0.0.1:54166]
19:01:07.790 [main] DEBUG net.serenitybdd.core.photography.Darkroom - Send negative for processing for target\site\serenity\45052d4547e380fb528676beb5d97c8fb232fb0721a1b429706c5b9e6388d356.png
19:01:07.790 [main] DEBUG net.thucydides.core.steps.StepInterceptor - STEP DONE: inputEmail
  &amp#27;[32mWhen &amp#27;[0m&amp#27;[32mI input invalid email&amp#27;[0m                          &amp#27;[90m# starter.stepdefinitions.LoginSteps.inputInvalidEmail()&amp#27;[0m
19:01:07.790 [Darkroom Processing Line] DEBUG net.serenitybdd.core.photography.DarkroomProcessingLine - Processing screenshot image in /var/screenshots/screenshot-18430111508687254207
19:01:07.791 [Darkroom Processing Line] DEBUG net.serenitybdd.core.photography.DarkroomProcessingLine - Saving screenshot to target\site\serenity\45052d4547e380fb528676beb5d97c8fb232fb0721a1b429706c5b9e6388d356.png
19:01:07.806 [main] DEBUG net.thucydides.core.steps.StepInterceptor - STARTING STEP: LoginSteps.inputValidPassword - inputPassword
19:01:07.809 [Forwarding findElement on session 692b0949472ca6af6cbf6898837d828b to remote] DEBUG org.asynchttpclient.netty.request.NettyRequestSender - Using pooled Channel '[id: 0x693d2668, L:/127.0.0.1:52412 - R:localhost/127.0.0.1:54166]' for 'POST' to 'http://localhost:54166/session/692b0949472ca6af6cbf6898837d828b/element'
19:01:07.809 [Forwarding findElement on session 692b0949472ca6af6cbf6898837d828b to remote] DEBUG org.asynchttpclient.netty.request.NettyRequestSender - Using open Channel [id: 0x693d2668, L:/127.0.0.1:52412 - R:localhost/127.0.0.1:54166] for POST '/session/692b0949472ca6af6cbf6898837d828b/element'
19:01:07.830 [AsyncHttpClient-1-8] DEBUG org.asynchttpclient.netty.handler.HttpHandler - 

Request DefaultHttpRequest(decodeResult: success, version: HTTP/1.1)
POST /session/692b0949472ca6af6cbf6898837d828b/element HTTP/1.1
User-Agent: selenium/4.1.2 (java windows)
Content-Length: 87
Content-Type: application/json; charset=utf-8
host: localhost:54166
accept: */*

Response DefaultHttpResponse(decodeResult: success, version: HTTP/1.1)
HTTP/1.1 200 OK
Content-Type: application/json; charset=utf-8
cache-control: no-cache
content-length: 88

19:01:07.831 [AsyncHttpClient-1-8] DEBUG org.asynchttpclient.netty.channel.ChannelManager - Adding key: http://localhost:54166 for channel [id: 0x693d2668, L:/127.0.0.1:52412 - R:localhost/127.0.0.1:54166]
19:01:07.832 [Forwarding clearElement on session 692b0949472ca6af6cbf6898837d828b to remote] DEBUG org.asynchttpclient.netty.request.NettyRequestSender - Using pooled Channel '[id: 0x693d2668, L:/127.0.0.1:52412 - R:localhost/127.0.0.1:54166]' for 'POST' to 'http://localhost:54166/session/692b0949472ca6af6cbf6898837d828b/element/05c6f1aa-bd98-4a6b-a16c-82ec691d04e4/clear'
19:01:07.833 [Forwarding clearElement on session 692b0949472ca6af6cbf6898837d828b to remote] DEBUG org.asynchttpclient.netty.request.NettyRequestSender - Using open Channel [id: 0x693d2668, L:/127.0.0.1:52412 - R:localhost/127.0.0.1:54166] for POST '/session/692b0949472ca6af6cbf6898837d828b/element/05c6f1aa-bd98-4a6b-a16c-82ec691d04e4/clear'
19:01:07.873 [AsyncHttpClient-1-8] DEBUG org.asynchttpclient.netty.handler.HttpHandler - 

Request DefaultHttpRequest(decodeResult: success, version: HTTP/1.1)
POST /session/692b0949472ca6af6cbf6898837d828b/element/05c6f1aa-bd98-4a6b-a16c-82ec691d04e4/clear HTTP/1.1
User-Agent: selenium/4.1.2 (java windows)
Content-Length: 50
Content-Type: application/json; charset=utf-8
host: localhost:54166
accept: */*

Response DefaultHttpResponse(decodeResult: success, version: HTTP/1.1)
HTTP/1.1 200 OK
Content-Type: application/json; charset=utf-8
cache-control: no-cache
content-length: 14

19:01:07.873 [AsyncHttpClient-1-8] DEBUG org.asynchttpclient.netty.channel.ChannelManager - Adding key: http://localhost:54166 for channel [id: 0x693d2668, L:/127.0.0.1:52412 - R:localhost/127.0.0.1:54166]
19:01:07.877 [Forwarding sendKeysToElement on session 692b0949472ca6af6cbf6898837d828b to remote] DEBUG org.asynchttpclient.netty.request.NettyRequestSender - Using pooled Channel '[id: 0x693d2668, L:/127.0.0.1:52412 - R:localhost/127.0.0.1:54166]' for 'POST' to 'http://localhost:54166/session/692b0949472ca6af6cbf6898837d828b/element/05c6f1aa-bd98-4a6b-a16c-82ec691d04e4/value'
19:01:07.877 [Forwarding sendKeysToElement on session 692b0949472ca6af6cbf6898837d828b to remote] DEBUG org.asynchttpclient.netty.request.NettyRequestSender - Using open Channel [id: 0x693d2668, L:/127.0.0.1:52412 - R:localhost/127.0.0.1:54166] for POST '/session/692b0949472ca6af6cbf6898837d828b/element/05c6f1aa-bd98-4a6b-a16c-82ec691d04e4/value'
19:01:07.972 [AsyncHttpClient-1-8] DEBUG org.asynchttpclient.netty.handler.HttpHandler - 

Request DefaultHttpRequest(decodeResult: success, version: HTTP/1.1)
POST /session/692b0949472ca6af6cbf6898837d828b/element/05c6f1aa-bd98-4a6b-a16c-82ec691d04e4/value HTTP/1.1
User-Agent: selenium/4.1.2 (java windows)
Content-Length: 151
Content-Type: application/json; charset=utf-8
host: localhost:54166
accept: */*

Response DefaultHttpResponse(decodeResult: success, version: HTTP/1.1)
HTTP/1.1 200 OK
Content-Type: application/json; charset=utf-8
cache-control: no-cache
content-length: 14

19:01:07.973 [AsyncHttpClient-1-8] DEBUG org.asynchttpclient.netty.channel.ChannelManager - Adding key: http://localhost:54166 for channel [id: 0x693d2668, L:/127.0.0.1:52412 - R:localhost/127.0.0.1:54166]
19:01:07.984 [Forwarding screenshot on session 692b0949472ca6af6cbf6898837d828b to remote] DEBUG org.asynchttpclient.netty.request.NettyRequestSender - Using pooled Channel '[id: 0x693d2668, L:/127.0.0.1:52412 - R:localhost/127.0.0.1:54166]' for 'GET' to 'http://localhost:54166/session/692b0949472ca6af6cbf6898837d828b/screenshot'
19:01:07.984 [Forwarding screenshot on session 692b0949472ca6af6cbf6898837d828b to remote] DEBUG org.asynchttpclient.netty.request.NettyRequestSender - Using open Channel [id: 0x693d2668, L:/127.0.0.1:52412 - R:localhost/127.0.0.1:54166] for GET '/session/692b0949472ca6af6cbf6898837d828b/screenshot'
19:01:08.144 [AsyncHttpClient-1-8] DEBUG org.asynchttpclient.netty.handler.HttpHandler - 

Request DefaultFullHttpRequest(decodeResult: success, version: HTTP/1.1, content: EmptyByteBufBE)
GET /session/692b0949472ca6af6cbf6898837d828b/screenshot HTTP/1.1
User-Agent: selenium/4.1.2 (java windows)
Cache-Control: no-cache
Content-Type: application/json; charset=utf-8
host: localhost:54166
accept: */*

Response DefaultHttpResponse(decodeResult: success, version: HTTP/1.1)
HTTP/1.1 200 OK
Content-Type: application/json; charset=utf-8
cache-control: no-cache
content-length: 40356

19:01:08.144 [AsyncHttpClient-1-8] DEBUG org.asynchttpclient.netty.channel.ChannelManager - Adding key: http://localhost:54166 for channel [id: 0x693d2668, L:/127.0.0.1:52412 - R:localhost/127.0.0.1:54166]
19:01:08.147 [main] DEBUG net.serenitybdd.core.photography.Darkroom - Send negative for processing for target\site\serenity\d4e926b63283ec7146ff750fd6226406e81f79c3ba4b5536e1b2b542038fdb1d.png
19:01:08.148 [main] DEBUG net.thucydides.core.steps.StepInterceptor - STEP DONE: inputPassword
  &amp#27;[32mAnd &amp#27;[0m&amp#27;[32mI input valid password&amp#27;[0m                          &amp#27;[90m# starter.stepdefinitions.LoginSteps.inputValidPassword()&amp#27;[0m
19:01:08.148 [Darkroom Processing Line] DEBUG net.serenitybdd.core.photography.DarkroomProcessingLine - Processing screenshot image in /var/screenshots/screenshot-14012976382254983378
19:01:08.148 [Darkroom Processing Line] DEBUG net.serenitybdd.core.photography.DarkroomProcessingLine - Saving screenshot to target\site\serenity\d4e926b63283ec7146ff750fd6226406e81f79c3ba4b5536e1b2b542038fdb1d.png
19:01:08.172 [main] DEBUG net.thucydides.core.steps.StepInterceptor - STARTING STEP: LoginSteps.clickLoginButton - clickLoginButton
19:01:08.178 [Forwarding findElement on session 692b0949472ca6af6cbf6898837d828b to remote] DEBUG org.asynchttpclient.netty.request.NettyRequestSender - Using pooled Channel '[id: 0x693d2668, L:/127.0.0.1:52412 - R:localhost/127.0.0.1:54166]' for 'POST' to 'http://localhost:54166/session/692b0949472ca6af6cbf6898837d828b/element'
19:01:08.178 [Forwarding findElement on session 692b0949472ca6af6cbf6898837d828b to remote] DEBUG org.asynchttpclient.netty.request.NettyRequestSender - Using open Channel [id: 0x693d2668, L:/127.0.0.1:52412 - R:localhost/127.0.0.1:54166] for POST '/session/692b0949472ca6af6cbf6898837d828b/element'
19:01:08.189 [AsyncHttpClient-1-8] DEBUG org.asynchttpclient.netty.handler.HttpHandler - 

Request DefaultHttpRequest(decodeResult: success, version: HTTP/1.1)
POST /session/692b0949472ca6af6cbf6898837d828b/element HTTP/1.1
User-Agent: selenium/4.1.2 (java windows)
Content-Length: 155
Content-Type: application/json; charset=utf-8
host: localhost:54166
accept: */*

Response DefaultHttpResponse(decodeResult: success, version: HTTP/1.1)
HTTP/1.1 200 OK
Content-Type: application/json; charset=utf-8
cache-control: no-cache
content-length: 88

19:01:08.189 [AsyncHttpClient-1-8] DEBUG org.asynchttpclient.netty.channel.ChannelManager - Adding key: http://localhost:54166 for channel [id: 0x693d2668, L:/127.0.0.1:52412 - R:localhost/127.0.0.1:54166]
19:01:08.194 [Forwarding getElementTagName on session 692b0949472ca6af6cbf6898837d828b to remote] DEBUG org.asynchttpclient.netty.request.NettyRequestSender - Using pooled Channel '[id: 0x693d2668, L:/127.0.0.1:52412 - R:localhost/127.0.0.1:54166]' for 'GET' to 'http://localhost:54166/session/692b0949472ca6af6cbf6898837d828b/element/6225c88a-c646-4340-9baa-9a8e2c23a883/name'
19:01:08.194 [Forwarding getElementTagName on session 692b0949472ca6af6cbf6898837d828b to remote] DEBUG org.asynchttpclient.netty.request.NettyRequestSender - Using open Channel [id: 0x693d2668, L:/127.0.0.1:52412 - R:localhost/127.0.0.1:54166] for GET '/session/692b0949472ca6af6cbf6898837d828b/element/6225c88a-c646-4340-9baa-9a8e2c23a883/name'
19:01:08.205 [AsyncHttpClient-1-8] DEBUG org.asynchttpclient.netty.handler.HttpHandler - 

Request DefaultFullHttpRequest(decodeResult: success, version: HTTP/1.1, content: EmptyByteBufBE)
GET /session/692b0949472ca6af6cbf6898837d828b/element/6225c88a-c646-4340-9baa-9a8e2c23a883/name HTTP/1.1
User-Agent: selenium/4.1.2 (java windows)
Cache-Control: no-cache
Content-Type: application/json; charset=utf-8
host: localhost:54166
accept: */*

Response DefaultHttpResponse(decodeResult: success, version: HTTP/1.1)
HTTP/1.1 200 OK
Content-Type: application/json; charset=utf-8
cache-control: no-cache
content-length: 18

19:01:08.205 [AsyncHttpClient-1-8] DEBUG org.asynchttpclient.netty.channel.ChannelManager - Adding key: http://localhost:54166 for channel [id: 0x693d2668, L:/127.0.0.1:52412 - R:localhost/127.0.0.1:54166]
19:01:08.217 [Forwarding getElementTagName on session 692b0949472ca6af6cbf6898837d828b to remote] DEBUG org.asynchttpclient.netty.request.NettyRequestSender - Using pooled Channel '[id: 0x693d2668, L:/127.0.0.1:52412 - R:localhost/127.0.0.1:54166]' for 'GET' to 'http://localhost:54166/session/692b0949472ca6af6cbf6898837d828b/element/6225c88a-c646-4340-9baa-9a8e2c23a883/name'
19:01:08.218 [Forwarding getElementTagName on session 692b0949472ca6af6cbf6898837d828b to remote] DEBUG org.asynchttpclient.netty.request.NettyRequestSender - Using open Channel [id: 0x693d2668, L:/127.0.0.1:52412 - R:localhost/127.0.0.1:54166] for GET '/session/692b0949472ca6af6cbf6898837d828b/element/6225c88a-c646-4340-9baa-9a8e2c23a883/name'
19:01:08.231 [AsyncHttpClient-1-8] DEBUG org.asynchttpclient.netty.handler.HttpHandler - 

Request DefaultFullHttpRequest(decodeResult: success, version: HTTP/1.1, content: EmptyByteBufBE)
GET /session/692b0949472ca6af6cbf6898837d828b/element/6225c88a-c646-4340-9baa-9a8e2c23a883/name HTTP/1.1
User-Agent: selenium/4.1.2 (java windows)
Cache-Control: no-cache
Content-Type: application/json; charset=utf-8
host: localhost:54166
accept: */*

Response DefaultHttpResponse(decodeResult: success, version: HTTP/1.1)
HTTP/1.1 200 OK
Content-Type: application/json; charset=utf-8
cache-control: no-cache
content-length: 18

19:01:08.231 [AsyncHttpClient-1-8] DEBUG org.asynchttpclient.netty.channel.ChannelManager - Adding key: http://localhost:54166 for channel [id: 0x693d2668, L:/127.0.0.1:52412 - R:localhost/127.0.0.1:54166]
19:01:08.234 [Forwarding isElementEnabled on session 692b0949472ca6af6cbf6898837d828b to remote] DEBUG org.asynchttpclient.netty.request.NettyRequestSender - Using pooled Channel '[id: 0x693d2668, L:/127.0.0.1:52412 - R:localhost/127.0.0.1:54166]' for 'GET' to 'http://localhost:54166/session/692b0949472ca6af6cbf6898837d828b/element/6225c88a-c646-4340-9baa-9a8e2c23a883/enabled'
19:01:08.234 [Forwarding isElementEnabled on session 692b0949472ca6af6cbf6898837d828b to remote] DEBUG org.asynchttpclient.netty.request.NettyRequestSender - Using open Channel [id: 0x693d2668, L:/127.0.0.1:52412 - R:localhost/127.0.0.1:54166] for GET '/session/692b0949472ca6af6cbf6898837d828b/element/6225c88a-c646-4340-9baa-9a8e2c23a883/enabled'
19:01:08.249 [AsyncHttpClient-1-8] DEBUG org.asynchttpclient.netty.handler.HttpHandler - 

Request DefaultFullHttpRequest(decodeResult: success, version: HTTP/1.1, content: EmptyByteBufBE)
GET /session/692b0949472ca6af6cbf6898837d828b/element/6225c88a-c646-4340-9baa-9a8e2c23a883/enabled HTTP/1.1
User-Agent: selenium/4.1.2 (java windows)
Cache-Control: no-cache
Content-Type: application/json; charset=utf-8
host: localhost:54166
accept: */*

Response DefaultHttpResponse(decodeResult: success, version: HTTP/1.1)
HTTP/1.1 200 OK
Content-Type: application/json; charset=utf-8
cache-control: no-cache
content-length: 14

19:01:08.249 [AsyncHttpClient-1-8] DEBUG org.asynchttpclient.netty.channel.ChannelManager - Adding key: http://localhost:54166 for channel [id: 0x693d2668, L:/127.0.0.1:52412 - R:localhost/127.0.0.1:54166]
19:01:08.253 [Forwarding isElementEnabled on session 692b0949472ca6af6cbf6898837d828b to remote] DEBUG org.asynchttpclient.netty.request.NettyRequestSender - Using pooled Channel '[id: 0x693d2668, L:/127.0.0.1:52412 - R:localhost/127.0.0.1:54166]' for 'GET' to 'http://localhost:54166/session/692b0949472ca6af6cbf6898837d828b/element/6225c88a-c646-4340-9baa-9a8e2c23a883/enabled'
19:01:08.253 [Forwarding isElementEnabled on session 692b0949472ca6af6cbf6898837d828b to remote] DEBUG org.asynchttpclient.netty.request.NettyRequestSender - Using open Channel [id: 0x693d2668, L:/127.0.0.1:52412 - R:localhost/127.0.0.1:54166] for GET '/session/692b0949472ca6af6cbf6898837d828b/element/6225c88a-c646-4340-9baa-9a8e2c23a883/enabled'
19:01:08.258 [AsyncHttpClient-1-1] DEBUG org.asynchttpclient.netty.channel.DefaultChannelPool - Entry count for : http://localhost:52413 : 1
19:01:08.261 [AsyncHttpClient-1-8] DEBUG org.asynchttpclient.netty.handler.HttpHandler - 

Request DefaultFullHttpRequest(decodeResult: success, version: HTTP/1.1, content: EmptyByteBufBE)
GET /session/692b0949472ca6af6cbf6898837d828b/element/6225c88a-c646-4340-9baa-9a8e2c23a883/enabled HTTP/1.1
User-Agent: selenium/4.1.2 (java windows)
Cache-Control: no-cache
Content-Type: application/json; charset=utf-8
host: localhost:54166
accept: */*

Response DefaultHttpResponse(decodeResult: success, version: HTTP/1.1)
HTTP/1.1 200 OK
Content-Type: application/json; charset=utf-8
cache-control: no-cache
content-length: 14

19:01:08.261 [AsyncHttpClient-1-8] DEBUG org.asynchttpclient.netty.channel.ChannelManager - Adding key: http://localhost:54166 for channel [id: 0x693d2668, L:/127.0.0.1:52412 - R:localhost/127.0.0.1:54166]
19:01:08.264 [Forwarding findElement on session 692b0949472ca6af6cbf6898837d828b to remote] DEBUG org.asynchttpclient.netty.request.NettyRequestSender - Using pooled Channel '[id: 0x693d2668, L:/127.0.0.1:52412 - R:localhost/127.0.0.1:54166]' for 'POST' to 'http://localhost:54166/session/692b0949472ca6af6cbf6898837d828b/element'
19:01:08.264 [Forwarding findElement on session 692b0949472ca6af6cbf6898837d828b to remote] DEBUG org.asynchttpclient.netty.request.NettyRequestSender - Using open Channel [id: 0x693d2668, L:/127.0.0.1:52412 - R:localhost/127.0.0.1:54166] for POST '/session/692b0949472ca6af6cbf6898837d828b/element'
19:01:08.274 [AsyncHttpClient-1-8] DEBUG org.asynchttpclient.netty.handler.HttpHandler - 

Request DefaultHttpRequest(decodeResult: success, version: HTTP/1.1)
POST /session/692b0949472ca6af6cbf6898837d828b/element HTTP/1.1
User-Agent: selenium/4.1.2 (java windows)
Content-Length: 155
Content-Type: application/json; charset=utf-8
host: localhost:54166
accept: */*

Response DefaultHttpResponse(decodeResult: success, version: HTTP/1.1)
HTTP/1.1 200 OK
Content-Type: application/json; charset=utf-8
cache-control: no-cache
content-length: 88

19:01:08.274 [AsyncHttpClient-1-8] DEBUG org.asynchttpclient.netty.channel.ChannelManager - Adding key: http://localhost:54166 for channel [id: 0x693d2668, L:/127.0.0.1:52412 - R:localhost/127.0.0.1:54166]
19:01:08.276 [Forwarding clickElement on session 692b0949472ca6af6cbf6898837d828b to remote] DEBUG org.asynchttpclient.netty.request.NettyRequestSender - Using pooled Channel '[id: 0x693d2668, L:/127.0.0.1:52412 - R:localhost/127.0.0.1:54166]' for 'POST' to 'http://localhost:54166/session/692b0949472ca6af6cbf6898837d828b/element/6225c88a-c646-4340-9baa-9a8e2c23a883/click'
19:01:08.276 [Forwarding clickElement on session 692b0949472ca6af6cbf6898837d828b to remote] DEBUG org.asynchttpclient.netty.request.NettyRequestSender - Using open Channel [id: 0x693d2668, L:/127.0.0.1:52412 - R:localhost/127.0.0.1:54166] for POST '/session/692b0949472ca6af6cbf6898837d828b/element/6225c88a-c646-4340-9baa-9a8e2c23a883/click'
19:01:08.346 [AsyncHttpClient-1-8] DEBUG org.asynchttpclient.netty.handler.HttpHandler - 

Request DefaultHttpRequest(decodeResult: success, version: HTTP/1.1)
POST /session/692b0949472ca6af6cbf6898837d828b/element/6225c88a-c646-4340-9baa-9a8e2c23a883/click HTTP/1.1
User-Agent: selenium/4.1.2 (java windows)
Content-Length: 50
Content-Type: application/json; charset=utf-8
host: localhost:54166
accept: */*

Response DefaultHttpResponse(decodeResult: success, version: HTTP/1.1)
HTTP/1.1 200 OK
Content-Type: application/json; charset=utf-8
cache-control: no-cache
content-length: 14

19:01:08.347 [AsyncHttpClient-1-8] DEBUG org.asynchttpclient.netty.channel.ChannelManager - Adding key: http://localhost:54166 for channel [id: 0x693d2668, L:/127.0.0.1:52412 - R:localhost/127.0.0.1:54166]
19:01:08.356 [Forwarding screenshot on session 692b0949472ca6af6cbf6898837d828b to remote] DEBUG org.asynchttpclient.netty.request.NettyRequestSender - Using pooled Channel '[id: 0x693d2668, L:/127.0.0.1:52412 - R:localhost/127.0.0.1:54166]' for 'GET' to 'http://localhost:54166/session/692b0949472ca6af6cbf6898837d828b/screenshot'
19:01:08.356 [Forwarding screenshot on session 692b0949472ca6af6cbf6898837d828b to remote] DEBUG org.asynchttpclient.netty.request.NettyRequestSender - Using open Channel [id: 0x693d2668, L:/127.0.0.1:52412 - R:localhost/127.0.0.1:54166] for GET '/session/692b0949472ca6af6cbf6898837d828b/screenshot'
19:01:08.545 [AsyncHttpClient-1-8] DEBUG org.asynchttpclient.netty.handler.HttpHandler - 

Request DefaultFullHttpRequest(decodeResult: success, version: HTTP/1.1, content: EmptyByteBufBE)
GET /session/692b0949472ca6af6cbf6898837d828b/screenshot HTTP/1.1
User-Agent: selenium/4.1.2 (java windows)
Cache-Control: no-cache
Content-Type: application/json; charset=utf-8
host: localhost:54166
accept: */*

Response DefaultHttpResponse(decodeResult: success, version: HTTP/1.1)
HTTP/1.1 200 OK
Content-Type: application/json; charset=utf-8
cache-control: no-cache
content-length: 39852

19:01:08.545 [AsyncHttpClient-1-8] DEBUG org.asynchttpclient.netty.channel.ChannelManager - Adding key: http://localhost:54166 for channel [id: 0x693d2668, L:/127.0.0.1:52412 - R:localhost/127.0.0.1:54166]
19:01:08.547 [main] DEBUG net.serenitybdd.core.photography.Darkroom - Send negative for processing for target\site\serenity\dcf99a44592f02450f2b34fc10554a953296a311d7729902c451f9e75d15dbf8.png
19:01:08.548 [main] DEBUG net.thucydides.core.steps.StepInterceptor - STEP DONE: clickLoginButton
  &amp#27;[32mAnd &amp#27;[0m&amp#27;[32mI click on login button&amp#27;[0m                         &amp#27;[90m# starter.stepdefinitions.LoginSteps.clickLoginButton()&amp#27;[0m
19:01:08.548 [Darkroom Processing Line] DEBUG net.serenitybdd.core.photography.DarkroomProcessingLine - Processing screenshot image in /var/screenshots/screenshot-77490085046893909
19:01:08.548 [Darkroom Processing Line] DEBUG net.serenitybdd.core.photography.DarkroomProcessingLine - Saving screenshot to target\site\serenity\dcf99a44592f02450f2b34fc10554a953296a311d7729902c451f9e75d15dbf8.png
19:01:08.582 [main] DEBUG net.thucydides.core.steps.StepInterceptor - STARTING STEP: LoginSteps.stillOnTheLoginPage - loginPage
19:01:08.584 [Forwarding get on session 692b0949472ca6af6cbf6898837d828b to remote] DEBUG org.asynchttpclient.netty.request.NettyRequestSender - Using pooled Channel '[id: 0x693d2668, L:/127.0.0.1:52412 - R:localhost/127.0.0.1:54166]' for 'POST' to 'http://localhost:54166/session/692b0949472ca6af6cbf6898837d828b/url'
19:01:08.584 [Forwarding get on session 692b0949472ca6af6cbf6898837d828b to remote] DEBUG org.asynchttpclient.netty.request.NettyRequestSender - Using open Channel [id: 0x693d2668, L:/127.0.0.1:52412 - R:localhost/127.0.0.1:54166] for POST '/session/692b0949472ca6af6cbf6898837d828b/url'
19:01:08.884 [AsyncHttpClient-1-8] DEBUG org.asynchttpclient.netty.handler.HttpHandler - 

Request DefaultHttpRequest(decodeResult: success, version: HTTP/1.1)
POST /session/692b0949472ca6af6cbf6898837d828b/url HTTP/1.1
User-Agent: selenium/4.1.2 (java windows)
Content-Length: 64
Content-Type: application/json; charset=utf-8
host: localhost:54166
accept: */*

Response DefaultHttpResponse(decodeResult: success, version: HTTP/1.1)
HTTP/1.1 200 OK
Content-Type: application/json; charset=utf-8
cache-control: no-cache
content-length: 14

19:01:08.884 [AsyncHttpClient-1-8] DEBUG org.asynchttpclient.netty.channel.ChannelManager - Adding key: http://localhost:54166 for channel [id: 0x693d2668, L:/127.0.0.1:52412 - R:localhost/127.0.0.1:54166]
19:01:08.891 [Forwarding getCurrentUrl on session 692b0949472ca6af6cbf6898837d828b to remote] DEBUG org.asynchttpclient.netty.request.NettyRequestSender - Using pooled Channel '[id: 0x693d2668, L:/127.0.0.1:52412 - R:localhost/127.0.0.1:54166]' for 'GET' to 'http://localhost:54166/session/692b0949472ca6af6cbf6898837d828b/url'
19:01:08.891 [Forwarding getCurrentUrl on session 692b0949472ca6af6cbf6898837d828b to remote] DEBUG org.asynchttpclient.netty.request.NettyRequestSender - Using open Channel [id: 0x693d2668, L:/127.0.0.1:52412 - R:localhost/127.0.0.1:54166] for GET '/session/692b0949472ca6af6cbf6898837d828b/url'
19:01:08.893 [AsyncHttpClient-1-8] DEBUG org.asynchttpclient.netty.handler.HttpHandler - 

Request DefaultFullHttpRequest(decodeResult: success, version: HTTP/1.1, content: EmptyByteBufBE)
GET /session/692b0949472ca6af6cbf6898837d828b/url HTTP/1.1
User-Agent: selenium/4.1.2 (java windows)
Cache-Control: no-cache
Content-Type: application/json; charset=utf-8
host: localhost:54166
accept: */*

Response DefaultHttpResponse(decodeResult: success, version: HTTP/1.1)
HTTP/1.1 200 OK
Content-Type: application/json; charset=utf-8
cache-control: no-cache
content-length: 41

19:01:08.894 [AsyncHttpClient-1-8] DEBUG org.asynchttpclient.netty.channel.ChannelManager - Adding key: http://localhost:54166 for channel [id: 0x693d2668, L:/127.0.0.1:52412 - R:localhost/127.0.0.1:54166]
19:01:08.902 [Forwarding screenshot on session 692b0949472ca6af6cbf6898837d828b to remote] DEBUG org.asynchttpclient.netty.request.NettyRequestSender - Using pooled Channel '[id: 0x693d2668, L:/127.0.0.1:52412 - R:localhost/127.0.0.1:54166]' for 'GET' to 'http://localhost:54166/session/692b0949472ca6af6cbf6898837d828b/screenshot'
19:01:08.902 [Forwarding screenshot on session 692b0949472ca6af6cbf6898837d828b to remote] DEBUG org.asynchttpclient.netty.request.NettyRequestSender - Using open Channel [id: 0x693d2668, L:/127.0.0.1:52412 - R:localhost/127.0.0.1:54166] for GET '/session/692b0949472ca6af6cbf6898837d828b/screenshot'
19:01:09.022 [AsyncHttpClient-1-8] DEBUG org.asynchttpclient.netty.handler.HttpHandler - 

Request DefaultFullHttpRequest(decodeResult: success, version: HTTP/1.1, content: EmptyByteBufBE)
GET /session/692b0949472ca6af6cbf6898837d828b/screenshot HTTP/1.1
User-Agent: selenium/4.1.2 (java windows)
Cache-Control: no-cache
Content-Type: application/json; charset=utf-8
host: localhost:54166
accept: */*

Response DefaultHttpResponse(decodeResult: success, version: HTTP/1.1)
HTTP/1.1 200 OK
Content-Type: application/json; charset=utf-8
cache-control: no-cache
content-length: 32164

19:01:09.023 [AsyncHttpClient-1-8] DEBUG org.asynchttpclient.netty.channel.ChannelManager - Adding key: http://localhost:54166 for channel [id: 0x693d2668, L:/127.0.0.1:52412 - R:localhost/127.0.0.1:54166]
19:01:09.024 [main] DEBUG net.serenitybdd.core.photography.Darkroom - Send negative for processing for target\site\serenity\82e28b7fdb8d224e1fb8059922aa83f4511b7c3f8f27260736b3f72e18c817f9.png
19:01:09.025 [main] DEBUG net.thucydides.core.steps.StepInterceptor - STEP DONE: loginPage
19:01:09.025 [Darkroom Processing Line] DEBUG net.serenitybdd.core.photography.DarkroomProcessingLine - Processing screenshot image in /var/screenshots/screenshot-1074801850931005241
19:01:09.025 [Darkroom Processing Line] DEBUG net.serenitybdd.core.photography.DarkroomProcessingLine - Saving screenshot to target\site\serenity\82e28b7fdb8d224e1fb8059922aa83f4511b7c3f8f27260736b3f72e18c817f9.png
19:01:09.032 [main] DEBUG net.thucydides.core.steps.StepInterceptor - STARTING STEP: LoginSteps.stillOnTheLoginPage - validateStillOnLoginPage
19:01:09.034 [Forwarding findElement on session 692b0949472ca6af6cbf6898837d828b to remote] DEBUG org.asynchttpclient.netty.request.NettyRequestSender - Using pooled Channel '[id: 0x693d2668, L:/127.0.0.1:52412 - R:localhost/127.0.0.1:54166]' for 'POST' to 'http://localhost:54166/session/692b0949472ca6af6cbf6898837d828b/element'
19:01:09.034 [Forwarding findElement on session 692b0949472ca6af6cbf6898837d828b to remote] DEBUG org.asynchttpclient.netty.request.NettyRequestSender - Using open Channel [id: 0x693d2668, L:/127.0.0.1:52412 - R:localhost/127.0.0.1:54166] for POST '/session/692b0949472ca6af6cbf6898837d828b/element'
19:01:09.043 [AsyncHttpClient-1-8] DEBUG org.asynchttpclient.netty.handler.HttpHandler - 

Request DefaultHttpRequest(decodeResult: success, version: HTTP/1.1)
POST /session/692b0949472ca6af6cbf6898837d828b/element HTTP/1.1
User-Agent: selenium/4.1.2 (java windows)
Content-Length: 155
Content-Type: application/json; charset=utf-8
host: localhost:54166
accept: */*

Response DefaultHttpResponse(decodeResult: success, version: HTTP/1.1)
HTTP/1.1 200 OK
Content-Type: application/json; charset=utf-8
cache-control: no-cache
content-length: 88

19:01:09.044 [AsyncHttpClient-1-8] DEBUG org.asynchttpclient.netty.channel.ChannelManager - Adding key: http://localhost:54166 for channel [id: 0x693d2668, L:/127.0.0.1:52412 - R:localhost/127.0.0.1:54166]
19:01:09.049 [Forwarding isElementDisplayed on session 692b0949472ca6af6cbf6898837d828b to remote] DEBUG org.asynchttpclient.netty.request.NettyRequestSender - Using pooled Channel '[id: 0x693d2668, L:/127.0.0.1:52412 - R:localhost/127.0.0.1:54166]' for 'POST' to 'http://localhost:54166/session/692b0949472ca6af6cbf6898837d828b/execute/sync'
19:01:09.049 [Forwarding isElementDisplayed on session 692b0949472ca6af6cbf6898837d828b to remote] DEBUG org.asynchttpclient.netty.request.NettyRequestSender - Using open Channel [id: 0x693d2668, L:/127.0.0.1:52412 - R:localhost/127.0.0.1:54166] for POST '/session/692b0949472ca6af6cbf6898837d828b/execute/sync'
19:01:09.066 [AsyncHttpClient-1-8] DEBUG org.asynchttpclient.netty.handler.HttpHandler - 

Request DefaultHttpRequest(decodeResult: success, version: HTTP/1.1)
POST /session/692b0949472ca6af6cbf6898837d828b/execute/sync HTTP/1.1
User-Agent: selenium/4.1.2 (java windows)
Content-Length: 48780
Content-Type: application/json; charset=utf-8
host: localhost:54166
accept: */*

Response DefaultHttpResponse(decodeResult: success, version: HTTP/1.1)
HTTP/1.1 200 OK
Content-Type: application/json; charset=utf-8
cache-control: no-cache
content-length: 14

19:01:09.066 [AsyncHttpClient-1-8] DEBUG org.asynchttpclient.netty.channel.ChannelManager - Adding key: http://localhost:54166 for channel [id: 0x693d2668, L:/127.0.0.1:52412 - R:localhost/127.0.0.1:54166]
19:01:09.073 [main] DEBUG net.thucydides.core.steps.StepInterceptor - STEP DONE: validateStillOnLoginPage
  &amp#27;[32mThen &amp#27;[0m&amp#27;[32mI am still on the login page&amp#27;[0m                   &amp#27;[90m# starter.stepdefinitions.LoginSteps.stillOnTheLoginPage()&amp#27;[0m
19:01:09.079 [Forwarding screenshot on session 692b0949472ca6af6cbf6898837d828b to remote] DEBUG org.asynchttpclient.netty.request.NettyRequestSender - Using pooled Channel '[id: 0x693d2668, L:/127.0.0.1:52412 - R:localhost/127.0.0.1:54166]' for 'GET' to 'http://localhost:54166/session/692b0949472ca6af6cbf6898837d828b/screenshot'
19:01:09.079 [Forwarding screenshot on session 692b0949472ca6af6cbf6898837d828b to remote] DEBUG org.asynchttpclient.netty.request.NettyRequestSender - Using open Channel [id: 0x693d2668, L:/127.0.0.1:52412 - R:localhost/127.0.0.1:54166] for GET '/session/692b0949472ca6af6cbf6898837d828b/screenshot'
19:01:09.167 [AsyncHttpClient-1-8] DEBUG org.asynchttpclient.netty.handler.HttpHandler - 

Request DefaultFullHttpRequest(decodeResult: success, version: HTTP/1.1, content: EmptyByteBufBE)
GET /session/692b0949472ca6af6cbf6898837d828b/screenshot HTTP/1.1
User-Agent: selenium/4.1.2 (java windows)
Cache-Control: no-cache
Content-Type: application/json; charset=utf-8
host: localhost:54166
accept: */*

Response DefaultHttpResponse(decodeResult: success, version: HTTP/1.1)
HTTP/1.1 200 OK
Content-Type: application/json; charset=utf-8
cache-control: no-cache
content-length: 32164

19:01:09.168 [AsyncHttpClient-1-8] DEBUG org.asynchttpclient.netty.channel.ChannelManager - Adding key: http://localhost:54166 for channel [id: 0x693d2668, L:/127.0.0.1:52412 - R:localhost/127.0.0.1:54166]
19:01:09.186 [main] DEBUG net.serenitybdd.core.photography.Darkroom - Send negative for processing for target\site\serenity\82e28b7fdb8d224e1fb8059922aa83f4511b7c3f8f27260736b3f72e18c817f9.png
19:01:09.189 [main] INFO  - 
  _____   ___   ___   _____     ___     _     ___   ___   ___   ___  
 |_   _| | __| / __| |_   _|   | _ \   /_\   / __| / __| | __| |   \ 
   | |   | _|  \__ \   | |     |  _/  / _ \  \__ \ \__ \ | _|  | |) |
   |_|   |___| |___/   |_|     |_|   /_/ \_\ |___/ |___/ |___| |___/ 

Login with invalid email and valid password
----------------------------------------------------------------------
19:01:09.191 [AsyncHttpClient-1-10] DEBUG org.asynchttpclient.netty.handler.WebSocketHandler - Channel Closed: [id: 0x77f29ba4, L:/127.0.0.1:52420 ! R:localhost/127.0.0.1:52413] with attribute NettyResponseFuture{currentRetry=5,
	isDone=1,
	isCancelled=0,
	asyncHandler=org.asynchttpclient.ws.WebSocketUpgradeHandler@48197c6,
	nettyRequest=org.asynchttpclient.netty.request.NettyRequest@41831932,
	future=java.util.concurrent.CompletableFuture@5ec1f8[Completed normally],
	uri=ws://localhost:52413/devtools/browser/3b18a340-e395-438c-865f-51717d486483,
	keepAlive=true,
	redirectCount=0,
	timeoutsHolder=null,
	inAuth=0,
	touch=1652875265760}
19:01:09.191 [AsyncHttpClient-1-10] DEBUG org.asynchttpclient.netty.channel.ChannelManager - Closing Channel [id: 0x77f29ba4, L:/127.0.0.1:52420 ! R:localhost/127.0.0.1:52413] 
19:01:09.191 [Driver Command Executor] DEBUG org.asynchttpclient.netty.request.NettyRequestSender - Using pooled Channel '[id: 0x693d2668, L:/127.0.0.1:52412 - R:localhost/127.0.0.1:54166]' for 'DELETE' to 'http://localhost:54166/session/692b0949472ca6af6cbf6898837d828b'
19:01:09.191 [Driver Command Executor] DEBUG org.asynchttpclient.netty.request.NettyRequestSender - Using open Channel [id: 0x693d2668, L:/127.0.0.1:52412 - R:localhost/127.0.0.1:54166] for DELETE '/session/692b0949472ca6af6cbf6898837d828b'
19:01:09.253 [AsyncHttpClient-1-9] DEBUG org.asynchttpclient.netty.handler.HttpHandler - Unexpected I/O exception on channel [id: 0xc8ee207d, L:/127.0.0.1:52419 - R:localhost/127.0.0.1:52413]
java.io.IOException: An existing connection was forcibly closed by the remote host
	at java.base/sun.nio.ch.SocketDispatcher.read0(Native Method)
	at java.base/sun.nio.ch.SocketDispatcher.read(SocketDispatcher.java:43)
	at java.base/sun.nio.ch.IOUtil.readIntoNativeBuffer(IOUtil.java:276)
	at java.base/sun.nio.ch.IOUtil.read(IOUtil.java:233)
	at java.base/sun.nio.ch.IOUtil.read(IOUtil.java:223)
	at java.base/sun.nio.ch.SocketChannelImpl.read(SocketChannelImpl.java:358)
	at io.netty.buffer.PooledByteBuf.setBytes(PooledByteBuf.java:258)
	at io.netty.buffer.AbstractByteBuf.writeBytes(AbstractByteBuf.java:1132)
	at io.netty.channel.socket.nio.NioSocketChannel.doReadBytes(NioSocketChannel.java:350)
	at io.netty.channel.nio.AbstractNioByteChannel$NioByteUnsafe.read(AbstractNioByteChannel.java:151)
	at io.netty.channel.nio.NioEventLoop.processSelectedKey(NioEventLoop.java:722)
	at io.netty.channel.nio.NioEventLoop.processSelectedKeysOptimized(NioEventLoop.java:658)
	at io.netty.channel.nio.NioEventLoop.processSelectedKeys(NioEventLoop.java:584)
	at io.netty.channel.nio.NioEventLoop.run(NioEventLoop.java:496)
	at io.netty.util.concurrent.SingleThreadEventExecutor$4.run(SingleThreadEventExecutor.java:986)
	at io.netty.util.internal.ThreadExecutorMap$2.run(ThreadExecutorMap.java:74)
	at io.netty.util.concurrent.FastThreadLocalRunnable.run(FastThreadLocalRunnable.java:30)
	at java.base/java.lang.Thread.run(Thread.java:834)
19:01:09.253 [AsyncHttpClient-1-9] DEBUG org.asynchttpclient.netty.channel.ChannelManager - Closing Channel [id: 0xc8ee207d, L:/127.0.0.1:52419 - R:localhost/127.0.0.1:52413] 
19:01:09.253 [AsyncHttpClient-1-9] DEBUG org.asynchttpclient.netty.handler.HttpHandler - Channel Closed: [id: 0xc8ee207d, L:/127.0.0.1:52419 ! R:localhost/127.0.0.1:52413] with attribute DISCARD
19:01:09.299 [AsyncHttpClient-1-8] DEBUG org.asynchttpclient.netty.handler.HttpHandler - 

Request DefaultFullHttpRequest(decodeResult: success, version: HTTP/1.1, content: EmptyByteBufBE)
DELETE /session/692b0949472ca6af6cbf6898837d828b HTTP/1.1
User-Agent: selenium/4.1.2 (java windows)
Content-Type: application/json; charset=utf-8
host: localhost:54166
accept: */*

Response DefaultHttpResponse(decodeResult: success, version: HTTP/1.1)
HTTP/1.1 200 OK
Content-Type: application/json; charset=utf-8
cache-control: no-cache
content-length: 14

19:01:09.300 [AsyncHttpClient-1-8] DEBUG org.asynchttpclient.netty.channel.ChannelManager - Adding key: http://localhost:54166 for channel [id: 0x693d2668, L:/127.0.0.1:52412 - R:localhost/127.0.0.1:54166]
19:01:09.358 [AsyncHttpClient-1-1] DEBUG org.asynchttpclient.netty.channel.DefaultChannelPool - Entry count for : http://localhost:52413 : 1
19:01:09.358 [AsyncHttpClient-1-1] DEBUG org.asynchttpclient.netty.channel.DefaultChannelPool - Entry count for : http://localhost:54166 : 1
19:01:09.358 [AsyncHttpClient-1-1] DEBUG org.asynchttpclient.netty.channel.DefaultChannelPool - Adding Candidate expired Channel [id: 0xc8ee207d, L:/127.0.0.1:52419 ! R:localhost/127.0.0.1:52413] isIdleTimeoutExpired=false isRemotelyClosed=true isTtlExpired=false
19:01:09.358 [AsyncHttpClient-1-1] DEBUG org.asynchttpclient.netty.channel.DefaultChannelPool - Closing Idle Channel [id: 0xc8ee207d, L:/127.0.0.1:52419 ! R:localhost/127.0.0.1:52413]
19:01:09.358 [AsyncHttpClient-1-1] DEBUG org.asynchttpclient.netty.channel.DefaultChannelPool - Closed 1 connections out of 2 in 0 ms
19:01:09.414 [AsyncHttpClient-1-8] DEBUG org.asynchttpclient.netty.handler.HttpHandler - Channel Closed: [id: 0x693d2668, L:/127.0.0.1:52412 ! R:localhost/127.0.0.1:54166] with attribute DISCARD
]]></system-out>
    <system-err><![CDATA[Starting ChromeDriver 101.0.4951.41 (93c720db8323b3ec10d056025ab95c23a31997c9-refs/branch-heads/4951@{#904}) on port 54166
Only local connections are allowed.
Please see https://chromedriver.chromium.org/security-considerations for suggestions on keeping ChromeDriver safe.
ChromeDriver was started successfully.
May 18, 2022 7:01:05 PM org.openqa.selenium.remote.ProtocolHandshake createSession
INFO: Detected dialect: W3C
May 18, 2022 7:01:05 PM org.openqa.selenium.devtools.CdpVersionFinder findNearestMatch
WARNING: Unable to find an exact match for CDP version 101, so returning the closest version found: 97
May 18, 2022 7:01:05 PM org.openqa.selenium.devtools.CdpVersionFinder findNearestMatch
INFO: Found CDP implementation for version 101 of 97
]]></system-err>
  </testcase>
  <testcase name="Login with invalid email and password" classname="Login" time="6.245">
    <system-out><![CDATA[
Scenario: Login with invalid email and password &amp#27;[90m# src/test/resources/features/Login.feature:25&amp#27;[0m
19:01:09.956 [main] INFO io.cucumber.core.plugin.SerenityReporter - Running feature from file:///D:/Intern/MSIB%20Alterra/alterra-mini-project/serenity-web-ui-test/src/test/resources/features/Login.feature
19:01:09.958 [main] INFO  - 
  _____   ___   ___   _____     ___   _____     _     ___   _____   ___   ___  
 |_   _| | __| / __| |_   _|   / __| |_   _|   /_\   | _ \ |_   _| | __| |   \ 
   | |   | _|  \__ \   | |     \__ \   | |    / _ \  |   /   | |   | _|  | |) |
   |_|   |___| |___/   |_|     |___/   |_|   /_/ \_\ |_|_\   |_|   |___| |___/ 

Login with invalid email and password(login;login-with-invalid-email-and-password)
--------------------------------------------------------------------------------
19:01:09.981 [main] DEBUG net.thucydides.core.steps.StepInterceptor - STARTING STEP: LoginSteps.onTheLoginPage - loginPage
19:01:09.984 [main] INFO net.serenitybdd.core.webdriver.driverproviders.ChromeDriverProvider - Using automatically driver download
19:01:10.100 [main] DEBUG io.github.bonigarcia.wdm.cache.ResolutionCache - Resolution chrome=101 in cache (valid until 20:00:39 18/05/2022 ICT)
19:01:10.105 [main] DEBUG io.github.bonigarcia.wdm.cache.ResolutionCache - Resolution chrome101=101.0.4951.41 in cache (valid until 19:00:39 19/05/2022 ICT)
19:01:10.107 [main] INFO io.github.bonigarcia.wdm.WebDriverManager - Using chromedriver 101.0.4951.41 (resolved driver for Chrome 101)
19:01:10.117 [main] DEBUG io.github.bonigarcia.wdm.WebDriverManager - Driver chromedriver 101.0.4951.41 found in cache
19:01:10.119 [main] INFO io.github.bonigarcia.wdm.WebDriverManager - Exporting webdriver.chrome.driver as C:\Users\saral\.cache\selenium\chromedriver\win32\101.0.4951.41\chromedriver.exe
19:01:10.249 [main] DEBUG net.serenitybdd.core.webdriver.driverproviders.ProvideNewDriver - Instantiating driver
19:01:10.249 [main] DEBUG net.serenitybdd.core.webdriver.driverproviders.ProvideNewDriver - Driver capabilities: Capabilities {acceptInsecureCerts: false, base.url: https://qa.alta.id/, browserName: chrome, chrome.driver: src/main/resources/webdrive..., driver: chrome, goog:chromeOptions: {args: [], extensions: []}}
19:01:10.462 [AsyncHttpClient-1-1] DEBUG org.asynchttpclient.netty.channel.DefaultChannelPool - Entry count for : http://localhost:54166 : 1
19:01:10.462 [AsyncHttpClient-1-1] DEBUG org.asynchttpclient.netty.channel.DefaultChannelPool - Adding Candidate expired Channel [id: 0x693d2668, L:/127.0.0.1:52412 ! R:localhost/127.0.0.1:54166] isIdleTimeoutExpired=false isRemotelyClosed=true isTtlExpired=false
19:01:10.462 [AsyncHttpClient-1-1] DEBUG org.asynchttpclient.netty.channel.DefaultChannelPool - Closing Idle Channel [id: 0x693d2668, L:/127.0.0.1:52412 ! R:localhost/127.0.0.1:54166]
19:01:10.462 [AsyncHttpClient-1-1] DEBUG org.asynchttpclient.netty.channel.DefaultChannelPool - Closed 1 connections out of 1 in 0 ms
19:01:10.783 [AsyncHttpClient-1-11] DEBUG org.asynchttpclient.netty.channel.NettyConnectListener - Using new Channel '[id: 0x997b299d, L:/127.0.0.1:52443 - R:localhost/127.0.0.1:64149]' for 'POST' to '/session'
19:01:11.749 [AsyncHttpClient-1-11] DEBUG org.asynchttpclient.netty.handler.HttpHandler - 

Request DefaultHttpRequest(decodeResult: success, version: HTTP/1.1)
POST /session HTTP/1.1
User-Agent: selenium/4.1.2 (java windows)
Content-Length: 605
Content-Type: application/json; charset=utf-8
host: localhost:64149
accept: */*

Response DefaultHttpResponse(decodeResult: success, version: HTTP/1.1)
HTTP/1.1 200 OK
Content-Type: application/json; charset=utf-8
cache-control: no-cache
content-length: 789

19:01:11.751 [AsyncHttpClient-1-11] DEBUG org.asynchttpclient.netty.channel.ChannelManager - Adding key: http://localhost:64149 for channel [id: 0x997b299d, L:/127.0.0.1:52443 - R:localhost/127.0.0.1:64149]
19:01:11.767 [AsyncHttpClient-1-12] DEBUG org.asynchttpclient.netty.channel.NettyConnectListener - Using new Channel '[id: 0xad0b46c8, L:/127.0.0.1:52451 - R:localhost/127.0.0.1:52444]' for 'GET' to '/json/version'
19:01:11.777 [AsyncHttpClient-1-12] DEBUG org.asynchttpclient.netty.handler.HttpHandler - 

Request DefaultFullHttpRequest(decodeResult: success, version: HTTP/1.1, content: EmptyByteBufBE)
GET /json/version HTTP/1.1
User-Agent: selenium/4.1.2 (java windows)
host: localhost:52444
accept: */*

Response DefaultHttpResponse(decodeResult: success, version: HTTP/1.1)
HTTP/1.1 200 OK
Content-Type: application/json; charset=UTF-8
content-length: 427

19:01:11.777 [AsyncHttpClient-1-12] DEBUG org.asynchttpclient.netty.channel.ChannelManager - Adding key: http://localhost:52444 for channel [id: 0xad0b46c8, L:/127.0.0.1:52451 - R:localhost/127.0.0.1:52444]
19:01:11.784 [AsyncHttpClient-1-13] DEBUG org.asynchttpclient.netty.channel.NettyConnectListener - Using new Channel '[id: 0x9f93f3df, L:/127.0.0.1:52452 - R:localhost/127.0.0.1:52444]' for 'GET' to '/devtools/browser/b9849b50-f56e-4a9e-9c28-d14f55a7ccde'
19:01:11.793 [AsyncHttpClient-1-13] DEBUG org.asynchttpclient.netty.handler.WebSocketHandler - 

Request DefaultFullHttpRequest(decodeResult: success, version: HTTP/1.1, content: EmptyByteBufBE)
GET /devtools/browser/b9849b50-f56e-4a9e-9c28-d14f55a7ccde HTTP/1.1
upgrade: websocket
connection: upgrade
sec-websocket-key: 2Z2hGDXkhQMJBUy2vCr2fQ==
sec-websocket-version: 13
origin: http://localhost:52444
host: localhost:52444
accept: */*
user-agent: AHC/2.1

Response DefaultHttpResponse(decodeResult: success, version: HTTP/1.1)
HTTP/1.1 101 WebSocket Protocol Handshake
Upgrade: WebSocket
Connection: Upgrade
Sec-WebSocket-Accept: 9WcJWw8AQT5tdrKm0XN1egPIUXs=

19:01:11.799 [Forwarding get on session 7446ed5878e97e725f2a0efa2abee1e1 to remote] DEBUG org.asynchttpclient.netty.request.NettyRequestSender - Using pooled Channel '[id: 0x997b299d, L:/127.0.0.1:52443 - R:localhost/127.0.0.1:64149]' for 'POST' to 'http://localhost:64149/session/7446ed5878e97e725f2a0efa2abee1e1/url'
19:01:11.799 [Forwarding get on session 7446ed5878e97e725f2a0efa2abee1e1 to remote] DEBUG org.asynchttpclient.netty.request.NettyRequestSender - Using open Channel [id: 0x997b299d, L:/127.0.0.1:52443 - R:localhost/127.0.0.1:64149] for POST '/session/7446ed5878e97e725f2a0efa2abee1e1/url'
19:01:12.657 [AsyncHttpClient-1-1] DEBUG org.asynchttpclient.netty.channel.DefaultChannelPool - Entry count for : http://localhost:52444 : 1
19:01:13.325 [AsyncHttpClient-1-11] DEBUG org.asynchttpclient.netty.handler.HttpHandler - 

Request DefaultHttpRequest(decodeResult: success, version: HTTP/1.1)
POST /session/7446ed5878e97e725f2a0efa2abee1e1/url HTTP/1.1
User-Agent: selenium/4.1.2 (java windows)
Content-Length: 64
Content-Type: application/json; charset=utf-8
host: localhost:64149
accept: */*

Response DefaultHttpResponse(decodeResult: success, version: HTTP/1.1)
HTTP/1.1 200 OK
Content-Type: application/json; charset=utf-8
cache-control: no-cache
content-length: 14

19:01:13.325 [AsyncHttpClient-1-11] DEBUG org.asynchttpclient.netty.channel.ChannelManager - Adding key: http://localhost:64149 for channel [id: 0x997b299d, L:/127.0.0.1:52443 - R:localhost/127.0.0.1:64149]
19:01:13.328 [Forwarding setTimeout on session 7446ed5878e97e725f2a0efa2abee1e1 to remote] DEBUG org.asynchttpclient.netty.request.NettyRequestSender - Using pooled Channel '[id: 0x997b299d, L:/127.0.0.1:52443 - R:localhost/127.0.0.1:64149]' for 'POST' to 'http://localhost:64149/session/7446ed5878e97e725f2a0efa2abee1e1/timeouts'
19:01:13.328 [Forwarding setTimeout on session 7446ed5878e97e725f2a0efa2abee1e1 to remote] DEBUG org.asynchttpclient.netty.request.NettyRequestSender - Using open Channel [id: 0x997b299d, L:/127.0.0.1:52443 - R:localhost/127.0.0.1:64149] for POST '/session/7446ed5878e97e725f2a0efa2abee1e1/timeouts'
19:01:13.329 [AsyncHttpClient-1-11] DEBUG org.asynchttpclient.netty.handler.HttpHandler - 

Request DefaultHttpRequest(decodeResult: success, version: HTTP/1.1)
POST /session/7446ed5878e97e725f2a0efa2abee1e1/timeouts HTTP/1.1
User-Agent: selenium/4.1.2 (java windows)
Content-Length: 22
Content-Type: application/json; charset=utf-8
host: localhost:64149
accept: */*

Response DefaultHttpResponse(decodeResult: success, version: HTTP/1.1)
HTTP/1.1 200 OK
Content-Type: application/json; charset=utf-8
cache-control: no-cache
content-length: 14

19:01:13.329 [AsyncHttpClient-1-11] DEBUG org.asynchttpclient.netty.channel.ChannelManager - Adding key: http://localhost:64149 for channel [id: 0x997b299d, L:/127.0.0.1:52443 - R:localhost/127.0.0.1:64149]
19:01:13.338 [Forwarding getCurrentUrl on session 7446ed5878e97e725f2a0efa2abee1e1 to remote] DEBUG org.asynchttpclient.netty.request.NettyRequestSender - Using pooled Channel '[id: 0x997b299d, L:/127.0.0.1:52443 - R:localhost/127.0.0.1:64149]' for 'GET' to 'http://localhost:64149/session/7446ed5878e97e725f2a0efa2abee1e1/url'
19:01:13.338 [Forwarding getCurrentUrl on session 7446ed5878e97e725f2a0efa2abee1e1 to remote] DEBUG org.asynchttpclient.netty.request.NettyRequestSender - Using open Channel [id: 0x997b299d, L:/127.0.0.1:52443 - R:localhost/127.0.0.1:64149] for GET '/session/7446ed5878e97e725f2a0efa2abee1e1/url'
19:01:13.343 [AsyncHttpClient-1-11] DEBUG org.asynchttpclient.netty.handler.HttpHandler - 

Request DefaultFullHttpRequest(decodeResult: success, version: HTTP/1.1, content: EmptyByteBufBE)
GET /session/7446ed5878e97e725f2a0efa2abee1e1/url HTTP/1.1
User-Agent: selenium/4.1.2 (java windows)
Cache-Control: no-cache
Content-Type: application/json; charset=utf-8
host: localhost:64149
accept: */*

Response DefaultHttpResponse(decodeResult: success, version: HTTP/1.1)
HTTP/1.1 200 OK
Content-Type: application/json; charset=utf-8
cache-control: no-cache
content-length: 41

19:01:13.345 [AsyncHttpClient-1-11] DEBUG org.asynchttpclient.netty.channel.ChannelManager - Adding key: http://localhost:64149 for channel [id: 0x997b299d, L:/127.0.0.1:52443 - R:localhost/127.0.0.1:64149]
19:01:13.356 [Forwarding screenshot on session 7446ed5878e97e725f2a0efa2abee1e1 to remote] DEBUG org.asynchttpclient.netty.request.NettyRequestSender - Using pooled Channel '[id: 0x997b299d, L:/127.0.0.1:52443 - R:localhost/127.0.0.1:64149]' for 'GET' to 'http://localhost:64149/session/7446ed5878e97e725f2a0efa2abee1e1/screenshot'
19:01:13.356 [Forwarding screenshot on session 7446ed5878e97e725f2a0efa2abee1e1 to remote] DEBUG org.asynchttpclient.netty.request.NettyRequestSender - Using open Channel [id: 0x997b299d, L:/127.0.0.1:52443 - R:localhost/127.0.0.1:64149] for GET '/session/7446ed5878e97e725f2a0efa2abee1e1/screenshot'
19:01:13.485 [AsyncHttpClient-1-11] DEBUG org.asynchttpclient.netty.handler.HttpHandler - 

Request DefaultFullHttpRequest(decodeResult: success, version: HTTP/1.1, content: EmptyByteBufBE)
GET /session/7446ed5878e97e725f2a0efa2abee1e1/screenshot HTTP/1.1
User-Agent: selenium/4.1.2 (java windows)
Cache-Control: no-cache
Content-Type: application/json; charset=utf-8
host: localhost:64149
accept: */*

Response DefaultHttpResponse(decodeResult: success, version: HTTP/1.1)
HTTP/1.1 200 OK
Content-Type: application/json; charset=utf-8
cache-control: no-cache
content-length: 32192

19:01:13.485 [AsyncHttpClient-1-11] DEBUG org.asynchttpclient.netty.channel.ChannelManager - Adding key: http://localhost:64149 for channel [id: 0x997b299d, L:/127.0.0.1:52443 - R:localhost/127.0.0.1:64149]
19:01:13.488 [main] DEBUG net.serenitybdd.core.photography.Darkroom - Send negative for processing for target\site\serenity\4d98329a65403fb35239499910819cdb6d3d71d823e551da367b9fc52c2ec142.png
19:01:13.489 [main] DEBUG net.thucydides.core.steps.StepInterceptor - STEP DONE: loginPage
19:01:13.498 [main] DEBUG net.thucydides.core.steps.StepInterceptor - STARTING STEP: LoginSteps.onTheLoginPage - validateOnLoginPage
19:01:13.501 [Forwarding findElement on session 7446ed5878e97e725f2a0efa2abee1e1 to remote] DEBUG org.asynchttpclient.netty.request.NettyRequestSender - Using pooled Channel '[id: 0x997b299d, L:/127.0.0.1:52443 - R:localhost/127.0.0.1:64149]' for 'POST' to 'http://localhost:64149/session/7446ed5878e97e725f2a0efa2abee1e1/element'
19:01:13.501 [Forwarding findElement on session 7446ed5878e97e725f2a0efa2abee1e1 to remote] DEBUG org.asynchttpclient.netty.request.NettyRequestSender - Using open Channel [id: 0x997b299d, L:/127.0.0.1:52443 - R:localhost/127.0.0.1:64149] for POST '/session/7446ed5878e97e725f2a0efa2abee1e1/element'
19:01:13.514 [AsyncHttpClient-1-11] DEBUG org.asynchttpclient.netty.handler.HttpHandler - 

Request DefaultHttpRequest(decodeResult: success, version: HTTP/1.1)
POST /session/7446ed5878e97e725f2a0efa2abee1e1/element HTTP/1.1
User-Agent: selenium/4.1.2 (java windows)
Content-Length: 155
Content-Type: application/json; charset=utf-8
host: localhost:64149
accept: */*

Response DefaultHttpResponse(decodeResult: success, version: HTTP/1.1)
HTTP/1.1 200 OK
Content-Type: application/json; charset=utf-8
cache-control: no-cache
content-length: 88

19:01:13.514 [AsyncHttpClient-1-11] DEBUG org.asynchttpclient.netty.channel.ChannelManager - Adding key: http://localhost:64149 for channel [id: 0x997b299d, L:/127.0.0.1:52443 - R:localhost/127.0.0.1:64149]
19:01:13.520 [Forwarding isElementDisplayed on session 7446ed5878e97e725f2a0efa2abee1e1 to remote] DEBUG org.asynchttpclient.netty.request.NettyRequestSender - Using pooled Channel '[id: 0x997b299d, L:/127.0.0.1:52443 - R:localhost/127.0.0.1:64149]' for 'POST' to 'http://localhost:64149/session/7446ed5878e97e725f2a0efa2abee1e1/execute/sync'
19:01:13.520 [Forwarding isElementDisplayed on session 7446ed5878e97e725f2a0efa2abee1e1 to remote] DEBUG org.asynchttpclient.netty.request.NettyRequestSender - Using open Channel [id: 0x997b299d, L:/127.0.0.1:52443 - R:localhost/127.0.0.1:64149] for POST '/session/7446ed5878e97e725f2a0efa2abee1e1/execute/sync'
19:01:13.537 [AsyncHttpClient-1-11] DEBUG org.asynchttpclient.netty.handler.HttpHandler - 

Request DefaultHttpRequest(decodeResult: success, version: HTTP/1.1)
POST /session/7446ed5878e97e725f2a0efa2abee1e1/execute/sync HTTP/1.1
User-Agent: selenium/4.1.2 (java windows)
Content-Length: 48780
Content-Type: application/json; charset=utf-8
host: localhost:64149
accept: */*

Response DefaultHttpResponse(decodeResult: success, version: HTTP/1.1)
HTTP/1.1 200 OK
Content-Type: application/json; charset=utf-8
cache-control: no-cache
content-length: 14

19:01:13.537 [AsyncHttpClient-1-11] DEBUG org.asynchttpclient.netty.channel.ChannelManager - Adding key: http://localhost:64149 for channel [id: 0x997b299d, L:/127.0.0.1:52443 - R:localhost/127.0.0.1:64149]
19:01:13.542 [Forwarding screenshot on session 7446ed5878e97e725f2a0efa2abee1e1 to remote] DEBUG org.asynchttpclient.netty.request.NettyRequestSender - Using pooled Channel '[id: 0x997b299d, L:/127.0.0.1:52443 - R:localhost/127.0.0.1:64149]' for 'GET' to 'http://localhost:64149/session/7446ed5878e97e725f2a0efa2abee1e1/screenshot'
19:01:13.542 [Forwarding screenshot on session 7446ed5878e97e725f2a0efa2abee1e1 to remote] DEBUG org.asynchttpclient.netty.request.NettyRequestSender - Using open Channel [id: 0x997b299d, L:/127.0.0.1:52443 - R:localhost/127.0.0.1:64149] for GET '/session/7446ed5878e97e725f2a0efa2abee1e1/screenshot'
19:01:13.641 [AsyncHttpClient-1-11] DEBUG org.asynchttpclient.netty.handler.HttpHandler - 

Request DefaultFullHttpRequest(decodeResult: success, version: HTTP/1.1, content: EmptyByteBufBE)
GET /session/7446ed5878e97e725f2a0efa2abee1e1/screenshot HTTP/1.1
User-Agent: selenium/4.1.2 (java windows)
Cache-Control: no-cache
Content-Type: application/json; charset=utf-8
host: localhost:64149
accept: */*

Response DefaultHttpResponse(decodeResult: success, version: HTTP/1.1)
HTTP/1.1 200 OK
Content-Type: application/json; charset=utf-8
cache-control: no-cache
content-length: 32192

19:01:13.642 [AsyncHttpClient-1-11] DEBUG org.asynchttpclient.netty.channel.ChannelManager - Adding key: http://localhost:64149 for channel [id: 0x997b299d, L:/127.0.0.1:52443 - R:localhost/127.0.0.1:64149]
19:01:13.642 [main] DEBUG net.serenitybdd.core.photography.Darkroom - Send negative for processing for target\site\serenity\4d98329a65403fb35239499910819cdb6d3d71d823e551da367b9fc52c2ec142.png
19:01:13.644 [main] DEBUG net.thucydides.core.steps.StepInterceptor - STEP DONE: validateOnLoginPage
  &amp#27;[32mGiven &amp#27;[0m&amp#27;[32mI am on the login page&amp#27;[0m                  &amp#27;[90m# starter.stepdefinitions.LoginSteps.onTheLoginPage()&amp#27;[0m
19:01:13.663 [main] DEBUG net.thucydides.core.steps.StepInterceptor - STARTING STEP: LoginSteps.inputInvalidEmail - inputEmail
19:01:13.668 [Forwarding findElement on session 7446ed5878e97e725f2a0efa2abee1e1 to remote] DEBUG org.asynchttpclient.netty.request.NettyRequestSender - Using pooled Channel '[id: 0x997b299d, L:/127.0.0.1:52443 - R:localhost/127.0.0.1:64149]' for 'POST' to 'http://localhost:64149/session/7446ed5878e97e725f2a0efa2abee1e1/element'
19:01:13.668 [Forwarding findElement on session 7446ed5878e97e725f2a0efa2abee1e1 to remote] DEBUG org.asynchttpclient.netty.request.NettyRequestSender - Using open Channel [id: 0x997b299d, L:/127.0.0.1:52443 - R:localhost/127.0.0.1:64149] for POST '/session/7446ed5878e97e725f2a0efa2abee1e1/element'
19:01:13.681 [AsyncHttpClient-1-11] DEBUG org.asynchttpclient.netty.handler.HttpHandler - 

Request DefaultHttpRequest(decodeResult: success, version: HTTP/1.1)
POST /session/7446ed5878e97e725f2a0efa2abee1e1/element HTTP/1.1
User-Agent: selenium/4.1.2 (java windows)
Content-Length: 84
Content-Type: application/json; charset=utf-8
host: localhost:64149
accept: */*

Response DefaultHttpResponse(decodeResult: success, version: HTTP/1.1)
HTTP/1.1 200 OK
Content-Type: application/json; charset=utf-8
cache-control: no-cache
content-length: 88

19:01:13.681 [AsyncHttpClient-1-11] DEBUG org.asynchttpclient.netty.channel.ChannelManager - Adding key: http://localhost:64149 for channel [id: 0x997b299d, L:/127.0.0.1:52443 - R:localhost/127.0.0.1:64149]
19:01:13.683 [Forwarding clearElement on session 7446ed5878e97e725f2a0efa2abee1e1 to remote] DEBUG org.asynchttpclient.netty.request.NettyRequestSender - Using pooled Channel '[id: 0x997b299d, L:/127.0.0.1:52443 - R:localhost/127.0.0.1:64149]' for 'POST' to 'http://localhost:64149/session/7446ed5878e97e725f2a0efa2abee1e1/element/a88b6150-254e-4f84-8ae5-d3b32a9b1518/clear'
19:01:13.683 [Forwarding clearElement on session 7446ed5878e97e725f2a0efa2abee1e1 to remote] DEBUG org.asynchttpclient.netty.request.NettyRequestSender - Using open Channel [id: 0x997b299d, L:/127.0.0.1:52443 - R:localhost/127.0.0.1:64149] for POST '/session/7446ed5878e97e725f2a0efa2abee1e1/element/a88b6150-254e-4f84-8ae5-d3b32a9b1518/clear'
19:01:13.717 [AsyncHttpClient-1-11] DEBUG org.asynchttpclient.netty.handler.HttpHandler - 

Request DefaultHttpRequest(decodeResult: success, version: HTTP/1.1)
POST /session/7446ed5878e97e725f2a0efa2abee1e1/element/a88b6150-254e-4f84-8ae5-d3b32a9b1518/clear HTTP/1.1
User-Agent: selenium/4.1.2 (java windows)
Content-Length: 50
Content-Type: application/json; charset=utf-8
host: localhost:64149
accept: */*

Response DefaultHttpResponse(decodeResult: success, version: HTTP/1.1)
HTTP/1.1 200 OK
Content-Type: application/json; charset=utf-8
cache-control: no-cache
content-length: 14

19:01:13.718 [AsyncHttpClient-1-11] DEBUG org.asynchttpclient.netty.channel.ChannelManager - Adding key: http://localhost:64149 for channel [id: 0x997b299d, L:/127.0.0.1:52443 - R:localhost/127.0.0.1:64149]
19:01:13.721 [Forwarding sendKeysToElement on session 7446ed5878e97e725f2a0efa2abee1e1 to remote] DEBUG org.asynchttpclient.netty.request.NettyRequestSender - Using pooled Channel '[id: 0x997b299d, L:/127.0.0.1:52443 - R:localhost/127.0.0.1:64149]' for 'POST' to 'http://localhost:64149/session/7446ed5878e97e725f2a0efa2abee1e1/element/a88b6150-254e-4f84-8ae5-d3b32a9b1518/value'
19:01:13.721 [Forwarding sendKeysToElement on session 7446ed5878e97e725f2a0efa2abee1e1 to remote] DEBUG org.asynchttpclient.netty.request.NettyRequestSender - Using open Channel [id: 0x997b299d, L:/127.0.0.1:52443 - R:localhost/127.0.0.1:64149] for POST '/session/7446ed5878e97e725f2a0efa2abee1e1/element/a88b6150-254e-4f84-8ae5-d3b32a9b1518/value'
19:01:13.756 [AsyncHttpClient-1-1] DEBUG org.asynchttpclient.netty.channel.DefaultChannelPool - Entry count for : http://localhost:52444 : 1
19:01:13.896 [AsyncHttpClient-1-11] DEBUG org.asynchttpclient.netty.handler.HttpHandler - 

Request DefaultHttpRequest(decodeResult: success, version: HTTP/1.1)
POST /session/7446ed5878e97e725f2a0efa2abee1e1/element/a88b6150-254e-4f84-8ae5-d3b32a9b1518/value HTTP/1.1
User-Agent: selenium/4.1.2 (java windows)
Content-Length: 231
Content-Type: application/json; charset=utf-8
host: localhost:64149
accept: */*

Response DefaultHttpResponse(decodeResult: success, version: HTTP/1.1)
HTTP/1.1 200 OK
Content-Type: application/json; charset=utf-8
cache-control: no-cache
content-length: 14

19:01:13.896 [AsyncHttpClient-1-11] DEBUG org.asynchttpclient.netty.channel.ChannelManager - Adding key: http://localhost:64149 for channel [id: 0x997b299d, L:/127.0.0.1:52443 - R:localhost/127.0.0.1:64149]
19:01:13.904 [Forwarding screenshot on session 7446ed5878e97e725f2a0efa2abee1e1 to remote] DEBUG org.asynchttpclient.netty.request.NettyRequestSender - Using pooled Channel '[id: 0x997b299d, L:/127.0.0.1:52443 - R:localhost/127.0.0.1:64149]' for 'GET' to 'http://localhost:64149/session/7446ed5878e97e725f2a0efa2abee1e1/screenshot'
19:01:13.904 [Forwarding screenshot on session 7446ed5878e97e725f2a0efa2abee1e1 to remote] DEBUG org.asynchttpclient.netty.request.NettyRequestSender - Using open Channel [id: 0x997b299d, L:/127.0.0.1:52443 - R:localhost/127.0.0.1:64149] for GET '/session/7446ed5878e97e725f2a0efa2abee1e1/screenshot'
19:01:14.049 [AsyncHttpClient-1-11] DEBUG org.asynchttpclient.netty.handler.HttpHandler - 

Request DefaultFullHttpRequest(decodeResult: success, version: HTTP/1.1, content: EmptyByteBufBE)
GET /session/7446ed5878e97e725f2a0efa2abee1e1/screenshot HTTP/1.1
User-Agent: selenium/4.1.2 (java windows)
Cache-Control: no-cache
Content-Type: application/json; charset=utf-8
host: localhost:64149
accept: */*

Response DefaultHttpResponse(decodeResult: success, version: HTTP/1.1)
HTTP/1.1 200 OK
Content-Type: application/json; charset=utf-8
cache-control: no-cache
content-length: 37736

19:01:14.051 [AsyncHttpClient-1-11] DEBUG org.asynchttpclient.netty.channel.ChannelManager - Adding key: http://localhost:64149 for channel [id: 0x997b299d, L:/127.0.0.1:52443 - R:localhost/127.0.0.1:64149]
19:01:14.053 [main] DEBUG net.serenitybdd.core.photography.Darkroom - Send negative for processing for target\site\serenity\95685110e7e520824dc0faedc8226e7d22e2355a1a2361350244e2a9cdf08706.png
19:01:14.053 [main] DEBUG net.thucydides.core.steps.StepInterceptor - STEP DONE: inputEmail
  &amp#27;[32mWhen &amp#27;[0m&amp#27;[32mI input invalid email&amp#27;[0m                    &amp#27;[90m# starter.stepdefinitions.LoginSteps.inputInvalidEmail()&amp#27;[0m
19:01:14.054 [Darkroom Processing Line] DEBUG net.serenitybdd.core.photography.DarkroomProcessingLine - Processing screenshot image in /var/screenshots/screenshot-3359506541484766029
19:01:14.054 [Darkroom Processing Line] DEBUG net.serenitybdd.core.photography.DarkroomProcessingLine - Saving screenshot to target\site\serenity\95685110e7e520824dc0faedc8226e7d22e2355a1a2361350244e2a9cdf08706.png
19:01:14.074 [main] DEBUG net.thucydides.core.steps.StepInterceptor - STARTING STEP: LoginSteps.inputInvalidPassword - inputPassword
19:01:14.080 [Forwarding findElement on session 7446ed5878e97e725f2a0efa2abee1e1 to remote] DEBUG org.asynchttpclient.netty.request.NettyRequestSender - Using pooled Channel '[id: 0x997b299d, L:/127.0.0.1:52443 - R:localhost/127.0.0.1:64149]' for 'POST' to 'http://localhost:64149/session/7446ed5878e97e725f2a0efa2abee1e1/element'
19:01:14.080 [Forwarding findElement on session 7446ed5878e97e725f2a0efa2abee1e1 to remote] DEBUG org.asynchttpclient.netty.request.NettyRequestSender - Using open Channel [id: 0x997b299d, L:/127.0.0.1:52443 - R:localhost/127.0.0.1:64149] for POST '/session/7446ed5878e97e725f2a0efa2abee1e1/element'
19:01:14.099 [AsyncHttpClient-1-11] DEBUG org.asynchttpclient.netty.handler.HttpHandler - 

Request DefaultHttpRequest(decodeResult: success, version: HTTP/1.1)
POST /session/7446ed5878e97e725f2a0efa2abee1e1/element HTTP/1.1
User-Agent: selenium/4.1.2 (java windows)
Content-Length: 87
Content-Type: application/json; charset=utf-8
host: localhost:64149
accept: */*

Response DefaultHttpResponse(decodeResult: success, version: HTTP/1.1)
HTTP/1.1 200 OK
Content-Type: application/json; charset=utf-8
cache-control: no-cache
content-length: 88

19:01:14.099 [AsyncHttpClient-1-11] DEBUG org.asynchttpclient.netty.channel.ChannelManager - Adding key: http://localhost:64149 for channel [id: 0x997b299d, L:/127.0.0.1:52443 - R:localhost/127.0.0.1:64149]
19:01:14.102 [Forwarding clearElement on session 7446ed5878e97e725f2a0efa2abee1e1 to remote] DEBUG org.asynchttpclient.netty.request.NettyRequestSender - Using pooled Channel '[id: 0x997b299d, L:/127.0.0.1:52443 - R:localhost/127.0.0.1:64149]' for 'POST' to 'http://localhost:64149/session/7446ed5878e97e725f2a0efa2abee1e1/element/880b2219-a82e-4331-9306-3025153a4f8d/clear'
19:01:14.103 [Forwarding clearElement on session 7446ed5878e97e725f2a0efa2abee1e1 to remote] DEBUG org.asynchttpclient.netty.request.NettyRequestSender - Using open Channel [id: 0x997b299d, L:/127.0.0.1:52443 - R:localhost/127.0.0.1:64149] for POST '/session/7446ed5878e97e725f2a0efa2abee1e1/element/880b2219-a82e-4331-9306-3025153a4f8d/clear'
19:01:14.147 [AsyncHttpClient-1-11] DEBUG org.asynchttpclient.netty.handler.HttpHandler - 

Request DefaultHttpRequest(decodeResult: success, version: HTTP/1.1)
POST /session/7446ed5878e97e725f2a0efa2abee1e1/element/880b2219-a82e-4331-9306-3025153a4f8d/clear HTTP/1.1
User-Agent: selenium/4.1.2 (java windows)
Content-Length: 50
Content-Type: application/json; charset=utf-8
host: localhost:64149
accept: */*

Response DefaultHttpResponse(decodeResult: success, version: HTTP/1.1)
HTTP/1.1 200 OK
Content-Type: application/json; charset=utf-8
cache-control: no-cache
content-length: 14

19:01:14.147 [AsyncHttpClient-1-11] DEBUG org.asynchttpclient.netty.channel.ChannelManager - Adding key: http://localhost:64149 for channel [id: 0x997b299d, L:/127.0.0.1:52443 - R:localhost/127.0.0.1:64149]
19:01:14.149 [Forwarding sendKeysToElement on session 7446ed5878e97e725f2a0efa2abee1e1 to remote] DEBUG org.asynchttpclient.netty.request.NettyRequestSender - Using pooled Channel '[id: 0x997b299d, L:/127.0.0.1:52443 - R:localhost/127.0.0.1:64149]' for 'POST' to 'http://localhost:64149/session/7446ed5878e97e725f2a0efa2abee1e1/element/880b2219-a82e-4331-9306-3025153a4f8d/value'
19:01:14.149 [Forwarding sendKeysToElement on session 7446ed5878e97e725f2a0efa2abee1e1 to remote] DEBUG org.asynchttpclient.netty.request.NettyRequestSender - Using open Channel [id: 0x997b299d, L:/127.0.0.1:52443 - R:localhost/127.0.0.1:64149] for POST '/session/7446ed5878e97e725f2a0efa2abee1e1/element/880b2219-a82e-4331-9306-3025153a4f8d/value'
19:01:14.263 [AsyncHttpClient-1-11] DEBUG org.asynchttpclient.netty.handler.HttpHandler - 

Request DefaultHttpRequest(decodeResult: success, version: HTTP/1.1)
POST /session/7446ed5878e97e725f2a0efa2abee1e1/element/880b2219-a82e-4331-9306-3025153a4f8d/value HTTP/1.1
User-Agent: selenium/4.1.2 (java windows)
Content-Length: 161
Content-Type: application/json; charset=utf-8
host: localhost:64149
accept: */*

Response DefaultHttpResponse(decodeResult: success, version: HTTP/1.1)
HTTP/1.1 200 OK
Content-Type: application/json; charset=utf-8
cache-control: no-cache
content-length: 14

19:01:14.263 [AsyncHttpClient-1-11] DEBUG org.asynchttpclient.netty.channel.ChannelManager - Adding key: http://localhost:64149 for channel [id: 0x997b299d, L:/127.0.0.1:52443 - R:localhost/127.0.0.1:64149]
19:01:14.273 [Forwarding screenshot on session 7446ed5878e97e725f2a0efa2abee1e1 to remote] DEBUG org.asynchttpclient.netty.request.NettyRequestSender - Using pooled Channel '[id: 0x997b299d, L:/127.0.0.1:52443 - R:localhost/127.0.0.1:64149]' for 'GET' to 'http://localhost:64149/session/7446ed5878e97e725f2a0efa2abee1e1/screenshot'
19:01:14.274 [Forwarding screenshot on session 7446ed5878e97e725f2a0efa2abee1e1 to remote] DEBUG org.asynchttpclient.netty.request.NettyRequestSender - Using open Channel [id: 0x997b299d, L:/127.0.0.1:52443 - R:localhost/127.0.0.1:64149] for GET '/session/7446ed5878e97e725f2a0efa2abee1e1/screenshot'
19:01:14.419 [AsyncHttpClient-1-11] DEBUG org.asynchttpclient.netty.handler.HttpHandler - 

Request DefaultFullHttpRequest(decodeResult: success, version: HTTP/1.1, content: EmptyByteBufBE)
GET /session/7446ed5878e97e725f2a0efa2abee1e1/screenshot HTTP/1.1
User-Agent: selenium/4.1.2 (java windows)
Cache-Control: no-cache
Content-Type: application/json; charset=utf-8
host: localhost:64149
accept: */*

Response DefaultHttpResponse(decodeResult: success, version: HTTP/1.1)
HTTP/1.1 200 OK
Content-Type: application/json; charset=utf-8
cache-control: no-cache
content-length: 40600

19:01:14.420 [AsyncHttpClient-1-11] DEBUG org.asynchttpclient.netty.channel.ChannelManager - Adding key: http://localhost:64149 for channel [id: 0x997b299d, L:/127.0.0.1:52443 - R:localhost/127.0.0.1:64149]
19:01:14.422 [main] DEBUG net.serenitybdd.core.photography.Darkroom - Send negative for processing for target\site\serenity\4267534edc7a533fd84205afce105722b04c792c34048569a1cc97303b5a3cd2.png
19:01:14.422 [main] DEBUG net.thucydides.core.steps.StepInterceptor - STEP DONE: inputPassword
  &amp#27;[32mAnd &amp#27;[0m&amp#27;[32mI input invalid password&amp#27;[0m                  &amp#27;[90m# starter.stepdefinitions.LoginSteps.inputInvalidPassword()&amp#27;[0m
19:01:14.424 [Darkroom Processing Line] DEBUG net.serenitybdd.core.photography.DarkroomProcessingLine - Processing screenshot image in /var/screenshots/screenshot-345447238649205782
19:01:14.424 [Darkroom Processing Line] DEBUG net.serenitybdd.core.photography.DarkroomProcessingLine - Saving screenshot to target\site\serenity\4267534edc7a533fd84205afce105722b04c792c34048569a1cc97303b5a3cd2.png
19:01:14.454 [main] DEBUG net.thucydides.core.steps.StepInterceptor - STARTING STEP: LoginSteps.clickLoginButton - clickLoginButton
19:01:14.458 [Forwarding findElement on session 7446ed5878e97e725f2a0efa2abee1e1 to remote] DEBUG org.asynchttpclient.netty.request.NettyRequestSender - Using pooled Channel '[id: 0x997b299d, L:/127.0.0.1:52443 - R:localhost/127.0.0.1:64149]' for 'POST' to 'http://localhost:64149/session/7446ed5878e97e725f2a0efa2abee1e1/element'
19:01:14.458 [Forwarding findElement on session 7446ed5878e97e725f2a0efa2abee1e1 to remote] DEBUG org.asynchttpclient.netty.request.NettyRequestSender - Using open Channel [id: 0x997b299d, L:/127.0.0.1:52443 - R:localhost/127.0.0.1:64149] for POST '/session/7446ed5878e97e725f2a0efa2abee1e1/element'
19:01:14.488 [AsyncHttpClient-1-11] DEBUG org.asynchttpclient.netty.handler.HttpHandler - 

Request DefaultHttpRequest(decodeResult: success, version: HTTP/1.1)
POST /session/7446ed5878e97e725f2a0efa2abee1e1/element HTTP/1.1
User-Agent: selenium/4.1.2 (java windows)
Content-Length: 155
Content-Type: application/json; charset=utf-8
host: localhost:64149
accept: */*

Response DefaultHttpResponse(decodeResult: success, version: HTTP/1.1)
HTTP/1.1 200 OK
Content-Type: application/json; charset=utf-8
cache-control: no-cache
content-length: 88

19:01:14.489 [AsyncHttpClient-1-11] DEBUG org.asynchttpclient.netty.channel.ChannelManager - Adding key: http://localhost:64149 for channel [id: 0x997b299d, L:/127.0.0.1:52443 - R:localhost/127.0.0.1:64149]
19:01:14.505 [Forwarding getElementTagName on session 7446ed5878e97e725f2a0efa2abee1e1 to remote] DEBUG org.asynchttpclient.netty.request.NettyRequestSender - Using pooled Channel '[id: 0x997b299d, L:/127.0.0.1:52443 - R:localhost/127.0.0.1:64149]' for 'GET' to 'http://localhost:64149/session/7446ed5878e97e725f2a0efa2abee1e1/element/e5569a15-ee9c-4859-8571-12cb0c9e5187/name'
19:01:14.506 [Forwarding getElementTagName on session 7446ed5878e97e725f2a0efa2abee1e1 to remote] DEBUG org.asynchttpclient.netty.request.NettyRequestSender - Using open Channel [id: 0x997b299d, L:/127.0.0.1:52443 - R:localhost/127.0.0.1:64149] for GET '/session/7446ed5878e97e725f2a0efa2abee1e1/element/e5569a15-ee9c-4859-8571-12cb0c9e5187/name'
19:01:14.521 [AsyncHttpClient-1-11] DEBUG org.asynchttpclient.netty.handler.HttpHandler - 

Request DefaultFullHttpRequest(decodeResult: success, version: HTTP/1.1, content: EmptyByteBufBE)
GET /session/7446ed5878e97e725f2a0efa2abee1e1/element/e5569a15-ee9c-4859-8571-12cb0c9e5187/name HTTP/1.1
User-Agent: selenium/4.1.2 (java windows)
Cache-Control: no-cache
Content-Type: application/json; charset=utf-8
host: localhost:64149
accept: */*

Response DefaultHttpResponse(decodeResult: success, version: HTTP/1.1)
HTTP/1.1 200 OK
Content-Type: application/json; charset=utf-8
cache-control: no-cache
content-length: 18

19:01:14.522 [AsyncHttpClient-1-11] DEBUG org.asynchttpclient.netty.channel.ChannelManager - Adding key: http://localhost:64149 for channel [id: 0x997b299d, L:/127.0.0.1:52443 - R:localhost/127.0.0.1:64149]
19:01:14.525 [Forwarding getElementTagName on session 7446ed5878e97e725f2a0efa2abee1e1 to remote] DEBUG org.asynchttpclient.netty.request.NettyRequestSender - Using pooled Channel '[id: 0x997b299d, L:/127.0.0.1:52443 - R:localhost/127.0.0.1:64149]' for 'GET' to 'http://localhost:64149/session/7446ed5878e97e725f2a0efa2abee1e1/element/e5569a15-ee9c-4859-8571-12cb0c9e5187/name'
19:01:14.525 [Forwarding getElementTagName on session 7446ed5878e97e725f2a0efa2abee1e1 to remote] DEBUG org.asynchttpclient.netty.request.NettyRequestSender - Using open Channel [id: 0x997b299d, L:/127.0.0.1:52443 - R:localhost/127.0.0.1:64149] for GET '/session/7446ed5878e97e725f2a0efa2abee1e1/element/e5569a15-ee9c-4859-8571-12cb0c9e5187/name'
19:01:14.531 [AsyncHttpClient-1-11] DEBUG org.asynchttpclient.netty.handler.HttpHandler - 

Request DefaultFullHttpRequest(decodeResult: success, version: HTTP/1.1, content: EmptyByteBufBE)
GET /session/7446ed5878e97e725f2a0efa2abee1e1/element/e5569a15-ee9c-4859-8571-12cb0c9e5187/name HTTP/1.1
User-Agent: selenium/4.1.2 (java windows)
Cache-Control: no-cache
Content-Type: application/json; charset=utf-8
host: localhost:64149
accept: */*

Response DefaultHttpResponse(decodeResult: success, version: HTTP/1.1)
HTTP/1.1 200 OK
Content-Type: application/json; charset=utf-8
cache-control: no-cache
content-length: 18

19:01:14.531 [AsyncHttpClient-1-11] DEBUG org.asynchttpclient.netty.channel.ChannelManager - Adding key: http://localhost:64149 for channel [id: 0x997b299d, L:/127.0.0.1:52443 - R:localhost/127.0.0.1:64149]
19:01:14.539 [Forwarding isElementEnabled on session 7446ed5878e97e725f2a0efa2abee1e1 to remote] DEBUG org.asynchttpclient.netty.request.NettyRequestSender - Using pooled Channel '[id: 0x997b299d, L:/127.0.0.1:52443 - R:localhost/127.0.0.1:64149]' for 'GET' to 'http://localhost:64149/session/7446ed5878e97e725f2a0efa2abee1e1/element/e5569a15-ee9c-4859-8571-12cb0c9e5187/enabled'
19:01:14.539 [Forwarding isElementEnabled on session 7446ed5878e97e725f2a0efa2abee1e1 to remote] DEBUG org.asynchttpclient.netty.request.NettyRequestSender - Using open Channel [id: 0x997b299d, L:/127.0.0.1:52443 - R:localhost/127.0.0.1:64149] for GET '/session/7446ed5878e97e725f2a0efa2abee1e1/element/e5569a15-ee9c-4859-8571-12cb0c9e5187/enabled'
19:01:14.569 [AsyncHttpClient-1-11] DEBUG org.asynchttpclient.netty.handler.HttpHandler - 

Request DefaultFullHttpRequest(decodeResult: success, version: HTTP/1.1, content: EmptyByteBufBE)
GET /session/7446ed5878e97e725f2a0efa2abee1e1/element/e5569a15-ee9c-4859-8571-12cb0c9e5187/enabled HTTP/1.1
User-Agent: selenium/4.1.2 (java windows)
Cache-Control: no-cache
Content-Type: application/json; charset=utf-8
host: localhost:64149
accept: */*

Response DefaultHttpResponse(decodeResult: success, version: HTTP/1.1)
HTTP/1.1 200 OK
Content-Type: application/json; charset=utf-8
cache-control: no-cache
content-length: 14

19:01:14.571 [AsyncHttpClient-1-11] DEBUG org.asynchttpclient.netty.channel.ChannelManager - Adding key: http://localhost:64149 for channel [id: 0x997b299d, L:/127.0.0.1:52443 - R:localhost/127.0.0.1:64149]
19:01:14.573 [Forwarding isElementEnabled on session 7446ed5878e97e725f2a0efa2abee1e1 to remote] DEBUG org.asynchttpclient.netty.request.NettyRequestSender - Using pooled Channel '[id: 0x997b299d, L:/127.0.0.1:52443 - R:localhost/127.0.0.1:64149]' for 'GET' to 'http://localhost:64149/session/7446ed5878e97e725f2a0efa2abee1e1/element/e5569a15-ee9c-4859-8571-12cb0c9e5187/enabled'
19:01:14.573 [Forwarding isElementEnabled on session 7446ed5878e97e725f2a0efa2abee1e1 to remote] DEBUG org.asynchttpclient.netty.request.NettyRequestSender - Using open Channel [id: 0x997b299d, L:/127.0.0.1:52443 - R:localhost/127.0.0.1:64149] for GET '/session/7446ed5878e97e725f2a0efa2abee1e1/element/e5569a15-ee9c-4859-8571-12cb0c9e5187/enabled'
19:01:14.582 [AsyncHttpClient-1-11] DEBUG org.asynchttpclient.netty.handler.HttpHandler - 

Request DefaultFullHttpRequest(decodeResult: success, version: HTTP/1.1, content: EmptyByteBufBE)
GET /session/7446ed5878e97e725f2a0efa2abee1e1/element/e5569a15-ee9c-4859-8571-12cb0c9e5187/enabled HTTP/1.1
User-Agent: selenium/4.1.2 (java windows)
Cache-Control: no-cache
Content-Type: application/json; charset=utf-8
host: localhost:64149
accept: */*

Response DefaultHttpResponse(decodeResult: success, version: HTTP/1.1)
HTTP/1.1 200 OK
Content-Type: application/json; charset=utf-8
cache-control: no-cache
content-length: 14

19:01:14.582 [AsyncHttpClient-1-11] DEBUG org.asynchttpclient.netty.channel.ChannelManager - Adding key: http://localhost:64149 for channel [id: 0x997b299d, L:/127.0.0.1:52443 - R:localhost/127.0.0.1:64149]
19:01:14.587 [Forwarding findElement on session 7446ed5878e97e725f2a0efa2abee1e1 to remote] DEBUG org.asynchttpclient.netty.request.NettyRequestSender - Using pooled Channel '[id: 0x997b299d, L:/127.0.0.1:52443 - R:localhost/127.0.0.1:64149]' for 'POST' to 'http://localhost:64149/session/7446ed5878e97e725f2a0efa2abee1e1/element'
19:01:14.587 [Forwarding findElement on session 7446ed5878e97e725f2a0efa2abee1e1 to remote] DEBUG org.asynchttpclient.netty.request.NettyRequestSender - Using open Channel [id: 0x997b299d, L:/127.0.0.1:52443 - R:localhost/127.0.0.1:64149] for POST '/session/7446ed5878e97e725f2a0efa2abee1e1/element'
19:01:14.600 [AsyncHttpClient-1-11] DEBUG org.asynchttpclient.netty.handler.HttpHandler - 

Request DefaultHttpRequest(decodeResult: success, version: HTTP/1.1)
POST /session/7446ed5878e97e725f2a0efa2abee1e1/element HTTP/1.1
User-Agent: selenium/4.1.2 (java windows)
Content-Length: 155
Content-Type: application/json; charset=utf-8
host: localhost:64149
accept: */*

Response DefaultHttpResponse(decodeResult: success, version: HTTP/1.1)
HTTP/1.1 200 OK
Content-Type: application/json; charset=utf-8
cache-control: no-cache
content-length: 88

19:01:14.600 [AsyncHttpClient-1-11] DEBUG org.asynchttpclient.netty.channel.ChannelManager - Adding key: http://localhost:64149 for channel [id: 0x997b299d, L:/127.0.0.1:52443 - R:localhost/127.0.0.1:64149]
19:01:14.602 [Forwarding clickElement on session 7446ed5878e97e725f2a0efa2abee1e1 to remote] DEBUG org.asynchttpclient.netty.request.NettyRequestSender - Using pooled Channel '[id: 0x997b299d, L:/127.0.0.1:52443 - R:localhost/127.0.0.1:64149]' for 'POST' to 'http://localhost:64149/session/7446ed5878e97e725f2a0efa2abee1e1/element/e5569a15-ee9c-4859-8571-12cb0c9e5187/click'
19:01:14.602 [Forwarding clickElement on session 7446ed5878e97e725f2a0efa2abee1e1 to remote] DEBUG org.asynchttpclient.netty.request.NettyRequestSender - Using open Channel [id: 0x997b299d, L:/127.0.0.1:52443 - R:localhost/127.0.0.1:64149] for POST '/session/7446ed5878e97e725f2a0efa2abee1e1/element/e5569a15-ee9c-4859-8571-12cb0c9e5187/click'
19:01:14.661 [AsyncHttpClient-1-11] DEBUG org.asynchttpclient.netty.handler.HttpHandler - 

Request DefaultHttpRequest(decodeResult: success, version: HTTP/1.1)
POST /session/7446ed5878e97e725f2a0efa2abee1e1/element/e5569a15-ee9c-4859-8571-12cb0c9e5187/click HTTP/1.1
User-Agent: selenium/4.1.2 (java windows)
Content-Length: 50
Content-Type: application/json; charset=utf-8
host: localhost:64149
accept: */*

Response DefaultHttpResponse(decodeResult: success, version: HTTP/1.1)
HTTP/1.1 200 OK
Content-Type: application/json; charset=utf-8
cache-control: no-cache
content-length: 14

19:01:14.662 [AsyncHttpClient-1-11] DEBUG org.asynchttpclient.netty.channel.ChannelManager - Adding key: http://localhost:64149 for channel [id: 0x997b299d, L:/127.0.0.1:52443 - R:localhost/127.0.0.1:64149]
19:01:14.670 [Forwarding screenshot on session 7446ed5878e97e725f2a0efa2abee1e1 to remote] DEBUG org.asynchttpclient.netty.request.NettyRequestSender - Using pooled Channel '[id: 0x997b299d, L:/127.0.0.1:52443 - R:localhost/127.0.0.1:64149]' for 'GET' to 'http://localhost:64149/session/7446ed5878e97e725f2a0efa2abee1e1/screenshot'
19:01:14.670 [Forwarding screenshot on session 7446ed5878e97e725f2a0efa2abee1e1 to remote] DEBUG org.asynchttpclient.netty.request.NettyRequestSender - Using open Channel [id: 0x997b299d, L:/127.0.0.1:52443 - R:localhost/127.0.0.1:64149] for GET '/session/7446ed5878e97e725f2a0efa2abee1e1/screenshot'
19:01:14.797 [AsyncHttpClient-1-11] DEBUG org.asynchttpclient.netty.handler.HttpHandler - 

Request DefaultFullHttpRequest(decodeResult: success, version: HTTP/1.1, content: EmptyByteBufBE)
GET /session/7446ed5878e97e725f2a0efa2abee1e1/screenshot HTTP/1.1
User-Agent: selenium/4.1.2 (java windows)
Cache-Control: no-cache
Content-Type: application/json; charset=utf-8
host: localhost:64149
accept: */*

Response DefaultHttpResponse(decodeResult: success, version: HTTP/1.1)
HTTP/1.1 200 OK
Content-Type: application/json; charset=utf-8
cache-control: no-cache
content-length: 40148

19:01:14.799 [AsyncHttpClient-1-11] DEBUG org.asynchttpclient.netty.channel.ChannelManager - Adding key: http://localhost:64149 for channel [id: 0x997b299d, L:/127.0.0.1:52443 - R:localhost/127.0.0.1:64149]
19:01:14.803 [main] DEBUG net.serenitybdd.core.photography.Darkroom - Send negative for processing for target\site\serenity\e03ff422384124310c911e7ce29e1f44e24b1bff1b842c35c4c3dda916eb4818.png
19:01:14.804 [main] DEBUG net.thucydides.core.steps.StepInterceptor - STEP DONE: clickLoginButton
  &amp#27;[32mAnd &amp#27;[0m&amp#27;[32mI click on login button&amp#27;[0m                   &amp#27;[90m# starter.stepdefinitions.LoginSteps.clickLoginButton()&amp#27;[0m
19:01:14.804 [Darkroom Processing Line] DEBUG net.serenitybdd.core.photography.DarkroomProcessingLine - Processing screenshot image in /var/screenshots/screenshot-3395482911536873352
19:01:14.804 [Darkroom Processing Line] DEBUG net.serenitybdd.core.photography.DarkroomProcessingLine - Saving screenshot to target\site\serenity\e03ff422384124310c911e7ce29e1f44e24b1bff1b842c35c4c3dda916eb4818.png
19:01:14.824 [main] DEBUG net.thucydides.core.steps.StepInterceptor - STARTING STEP: LoginSteps.stillOnTheLoginPage - loginPage
19:01:14.827 [Forwarding get on session 7446ed5878e97e725f2a0efa2abee1e1 to remote] DEBUG org.asynchttpclient.netty.request.NettyRequestSender - Using pooled Channel '[id: 0x997b299d, L:/127.0.0.1:52443 - R:localhost/127.0.0.1:64149]' for 'POST' to 'http://localhost:64149/session/7446ed5878e97e725f2a0efa2abee1e1/url'
19:01:14.827 [Forwarding get on session 7446ed5878e97e725f2a0efa2abee1e1 to remote] DEBUG org.asynchttpclient.netty.request.NettyRequestSender - Using open Channel [id: 0x997b299d, L:/127.0.0.1:52443 - R:localhost/127.0.0.1:64149] for POST '/session/7446ed5878e97e725f2a0efa2abee1e1/url'
19:01:14.858 [AsyncHttpClient-1-1] DEBUG org.asynchttpclient.netty.channel.DefaultChannelPool - Entry count for : http://localhost:52444 : 1
19:01:15.053 [AsyncHttpClient-1-11] DEBUG org.asynchttpclient.netty.handler.HttpHandler - 

Request DefaultHttpRequest(decodeResult: success, version: HTTP/1.1)
POST /session/7446ed5878e97e725f2a0efa2abee1e1/url HTTP/1.1
User-Agent: selenium/4.1.2 (java windows)
Content-Length: 64
Content-Type: application/json; charset=utf-8
host: localhost:64149
accept: */*

Response DefaultHttpResponse(decodeResult: success, version: HTTP/1.1)
HTTP/1.1 200 OK
Content-Type: application/json; charset=utf-8
cache-control: no-cache
content-length: 14

19:01:15.053 [AsyncHttpClient-1-11] DEBUG org.asynchttpclient.netty.channel.ChannelManager - Adding key: http://localhost:64149 for channel [id: 0x997b299d, L:/127.0.0.1:52443 - R:localhost/127.0.0.1:64149]
19:01:15.058 [Forwarding getCurrentUrl on session 7446ed5878e97e725f2a0efa2abee1e1 to remote] DEBUG org.asynchttpclient.netty.request.NettyRequestSender - Using pooled Channel '[id: 0x997b299d, L:/127.0.0.1:52443 - R:localhost/127.0.0.1:64149]' for 'GET' to 'http://localhost:64149/session/7446ed5878e97e725f2a0efa2abee1e1/url'
19:01:15.058 [Forwarding getCurrentUrl on session 7446ed5878e97e725f2a0efa2abee1e1 to remote] DEBUG org.asynchttpclient.netty.request.NettyRequestSender - Using open Channel [id: 0x997b299d, L:/127.0.0.1:52443 - R:localhost/127.0.0.1:64149] for GET '/session/7446ed5878e97e725f2a0efa2abee1e1/url'
19:01:15.062 [AsyncHttpClient-1-11] DEBUG org.asynchttpclient.netty.handler.HttpHandler - 

Request DefaultFullHttpRequest(decodeResult: success, version: HTTP/1.1, content: EmptyByteBufBE)
GET /session/7446ed5878e97e725f2a0efa2abee1e1/url HTTP/1.1
User-Agent: selenium/4.1.2 (java windows)
Cache-Control: no-cache
Content-Type: application/json; charset=utf-8
host: localhost:64149
accept: */*

Response DefaultHttpResponse(decodeResult: success, version: HTTP/1.1)
HTTP/1.1 200 OK
Content-Type: application/json; charset=utf-8
cache-control: no-cache
content-length: 41

19:01:15.062 [AsyncHttpClient-1-11] DEBUG org.asynchttpclient.netty.channel.ChannelManager - Adding key: http://localhost:64149 for channel [id: 0x997b299d, L:/127.0.0.1:52443 - R:localhost/127.0.0.1:64149]
19:01:15.068 [Forwarding screenshot on session 7446ed5878e97e725f2a0efa2abee1e1 to remote] DEBUG org.asynchttpclient.netty.request.NettyRequestSender - Using pooled Channel '[id: 0x997b299d, L:/127.0.0.1:52443 - R:localhost/127.0.0.1:64149]' for 'GET' to 'http://localhost:64149/session/7446ed5878e97e725f2a0efa2abee1e1/screenshot'
19:01:15.068 [Forwarding screenshot on session 7446ed5878e97e725f2a0efa2abee1e1 to remote] DEBUG org.asynchttpclient.netty.request.NettyRequestSender - Using open Channel [id: 0x997b299d, L:/127.0.0.1:52443 - R:localhost/127.0.0.1:64149] for GET '/session/7446ed5878e97e725f2a0efa2abee1e1/screenshot'
19:01:15.205 [AsyncHttpClient-1-11] DEBUG org.asynchttpclient.netty.handler.HttpHandler - 

Request DefaultFullHttpRequest(decodeResult: success, version: HTTP/1.1, content: EmptyByteBufBE)
GET /session/7446ed5878e97e725f2a0efa2abee1e1/screenshot HTTP/1.1
User-Agent: selenium/4.1.2 (java windows)
Cache-Control: no-cache
Content-Type: application/json; charset=utf-8
host: localhost:64149
accept: */*

Response DefaultHttpResponse(decodeResult: success, version: HTTP/1.1)
HTTP/1.1 200 OK
Content-Type: application/json; charset=utf-8
cache-control: no-cache
content-length: 32192

19:01:15.206 [AsyncHttpClient-1-11] DEBUG org.asynchttpclient.netty.channel.ChannelManager - Adding key: http://localhost:64149 for channel [id: 0x997b299d, L:/127.0.0.1:52443 - R:localhost/127.0.0.1:64149]
19:01:15.207 [main] DEBUG net.serenitybdd.core.photography.Darkroom - Send negative for processing for target\site\serenity\4d98329a65403fb35239499910819cdb6d3d71d823e551da367b9fc52c2ec142.png
19:01:15.207 [main] DEBUG net.thucydides.core.steps.StepInterceptor - STEP DONE: loginPage
19:01:15.221 [main] DEBUG net.thucydides.core.steps.StepInterceptor - STARTING STEP: LoginSteps.stillOnTheLoginPage - validateStillOnLoginPage
19:01:15.226 [Forwarding findElement on session 7446ed5878e97e725f2a0efa2abee1e1 to remote] DEBUG org.asynchttpclient.netty.request.NettyRequestSender - Using pooled Channel '[id: 0x997b299d, L:/127.0.0.1:52443 - R:localhost/127.0.0.1:64149]' for 'POST' to 'http://localhost:64149/session/7446ed5878e97e725f2a0efa2abee1e1/element'
19:01:15.227 [Forwarding findElement on session 7446ed5878e97e725f2a0efa2abee1e1 to remote] DEBUG org.asynchttpclient.netty.request.NettyRequestSender - Using open Channel [id: 0x997b299d, L:/127.0.0.1:52443 - R:localhost/127.0.0.1:64149] for POST '/session/7446ed5878e97e725f2a0efa2abee1e1/element'
19:01:15.239 [AsyncHttpClient-1-11] DEBUG org.asynchttpclient.netty.handler.HttpHandler - 

Request DefaultHttpRequest(decodeResult: success, version: HTTP/1.1)
POST /session/7446ed5878e97e725f2a0efa2abee1e1/element HTTP/1.1
User-Agent: selenium/4.1.2 (java windows)
Content-Length: 155
Content-Type: application/json; charset=utf-8
host: localhost:64149
accept: */*

Response DefaultHttpResponse(decodeResult: success, version: HTTP/1.1)
HTTP/1.1 200 OK
Content-Type: application/json; charset=utf-8
cache-control: no-cache
content-length: 88

19:01:15.239 [AsyncHttpClient-1-11] DEBUG org.asynchttpclient.netty.channel.ChannelManager - Adding key: http://localhost:64149 for channel [id: 0x997b299d, L:/127.0.0.1:52443 - R:localhost/127.0.0.1:64149]
19:01:15.247 [Forwarding isElementDisplayed on session 7446ed5878e97e725f2a0efa2abee1e1 to remote] DEBUG org.asynchttpclient.netty.request.NettyRequestSender - Using pooled Channel '[id: 0x997b299d, L:/127.0.0.1:52443 - R:localhost/127.0.0.1:64149]' for 'POST' to 'http://localhost:64149/session/7446ed5878e97e725f2a0efa2abee1e1/execute/sync'
19:01:15.247 [Forwarding isElementDisplayed on session 7446ed5878e97e725f2a0efa2abee1e1 to remote] DEBUG org.asynchttpclient.netty.request.NettyRequestSender - Using open Channel [id: 0x997b299d, L:/127.0.0.1:52443 - R:localhost/127.0.0.1:64149] for POST '/session/7446ed5878e97e725f2a0efa2abee1e1/execute/sync'
19:01:15.269 [AsyncHttpClient-1-11] DEBUG org.asynchttpclient.netty.handler.HttpHandler - 

Request DefaultHttpRequest(decodeResult: success, version: HTTP/1.1)
POST /session/7446ed5878e97e725f2a0efa2abee1e1/execute/sync HTTP/1.1
User-Agent: selenium/4.1.2 (java windows)
Content-Length: 48780
Content-Type: application/json; charset=utf-8
host: localhost:64149
accept: */*

Response DefaultHttpResponse(decodeResult: success, version: HTTP/1.1)
HTTP/1.1 200 OK
Content-Type: application/json; charset=utf-8
cache-control: no-cache
content-length: 14

19:01:15.270 [AsyncHttpClient-1-11] DEBUG org.asynchttpclient.netty.channel.ChannelManager - Adding key: http://localhost:64149 for channel [id: 0x997b299d, L:/127.0.0.1:52443 - R:localhost/127.0.0.1:64149]
19:01:15.274 [Forwarding screenshot on session 7446ed5878e97e725f2a0efa2abee1e1 to remote] DEBUG org.asynchttpclient.netty.request.NettyRequestSender - Using pooled Channel '[id: 0x997b299d, L:/127.0.0.1:52443 - R:localhost/127.0.0.1:64149]' for 'GET' to 'http://localhost:64149/session/7446ed5878e97e725f2a0efa2abee1e1/screenshot'
19:01:15.276 [Forwarding screenshot on session 7446ed5878e97e725f2a0efa2abee1e1 to remote] DEBUG org.asynchttpclient.netty.request.NettyRequestSender - Using open Channel [id: 0x997b299d, L:/127.0.0.1:52443 - R:localhost/127.0.0.1:64149] for GET '/session/7446ed5878e97e725f2a0efa2abee1e1/screenshot'
19:01:15.404 [AsyncHttpClient-1-11] DEBUG org.asynchttpclient.netty.handler.HttpHandler - 

Request DefaultFullHttpRequest(decodeResult: success, version: HTTP/1.1, content: EmptyByteBufBE)
GET /session/7446ed5878e97e725f2a0efa2abee1e1/screenshot HTTP/1.1
User-Agent: selenium/4.1.2 (java windows)
Cache-Control: no-cache
Content-Type: application/json; charset=utf-8
host: localhost:64149
accept: */*

Response DefaultHttpResponse(decodeResult: success, version: HTTP/1.1)
HTTP/1.1 200 OK
Content-Type: application/json; charset=utf-8
cache-control: no-cache
content-length: 32192

19:01:15.404 [AsyncHttpClient-1-11] DEBUG org.asynchttpclient.netty.channel.ChannelManager - Adding key: http://localhost:64149 for channel [id: 0x997b299d, L:/127.0.0.1:52443 - R:localhost/127.0.0.1:64149]
19:01:15.406 [main] DEBUG net.serenitybdd.core.photography.Darkroom - Send negative for processing for target\site\serenity\4d98329a65403fb35239499910819cdb6d3d71d823e551da367b9fc52c2ec142.png
19:01:15.407 [main] DEBUG net.thucydides.core.steps.StepInterceptor - STEP DONE: validateStillOnLoginPage
  &amp#27;[32mThen &amp#27;[0m&amp#27;[32mI am still on the login page&amp#27;[0m             &amp#27;[90m# starter.stepdefinitions.LoginSteps.stillOnTheLoginPage()&amp#27;[0m
19:01:15.415 [main] INFO  - 
  _____   ___   ___   _____     ___     _     ___   ___   ___   ___  
 |_   _| | __| / __| |_   _|   | _ \   /_\   / __| / __| | __| |   \ 
   | |   | _|  \__ \   | |     |  _/  / _ \  \__ \ \__ \ | _|  | |) |
   |_|   |___| |___/   |_|     |_|   /_/ \_\ |___/ |___/ |___| |___/ 

Login with invalid email and password
----------------------------------------------------------------------
19:01:15.417 [AsyncHttpClient-1-13] DEBUG org.asynchttpclient.netty.handler.WebSocketHandler - Channel Closed: [id: 0x9f93f3df, L:/127.0.0.1:52452 ! R:localhost/127.0.0.1:52444] with attribute NettyResponseFuture{currentRetry=5,
	isDone=1,
	isCancelled=0,
	asyncHandler=org.asynchttpclient.ws.WebSocketUpgradeHandler@8494047,
	nettyRequest=org.asynchttpclient.netty.request.NettyRequest@4d4bdf2a,
	future=java.util.concurrent.CompletableFuture@4628bd27[Completed normally],
	uri=ws://localhost:52444/devtools/browser/b9849b50-f56e-4a9e-9c28-d14f55a7ccde,
	keepAlive=true,
	redirectCount=0,
	timeoutsHolder=null,
	inAuth=0,
	touch=1652875271793}
19:01:15.418 [AsyncHttpClient-1-13] DEBUG org.asynchttpclient.netty.channel.ChannelManager - Closing Channel [id: 0x9f93f3df, L:/127.0.0.1:52452 ! R:localhost/127.0.0.1:52444] 
19:01:15.418 [Driver Command Executor] DEBUG org.asynchttpclient.netty.request.NettyRequestSender - Using pooled Channel '[id: 0x997b299d, L:/127.0.0.1:52443 - R:localhost/127.0.0.1:64149]' for 'DELETE' to 'http://localhost:64149/session/7446ed5878e97e725f2a0efa2abee1e1'
19:01:15.418 [Driver Command Executor] DEBUG org.asynchttpclient.netty.request.NettyRequestSender - Using open Channel [id: 0x997b299d, L:/127.0.0.1:52443 - R:localhost/127.0.0.1:64149] for DELETE '/session/7446ed5878e97e725f2a0efa2abee1e1'
19:01:15.541 [AsyncHttpClient-1-12] DEBUG org.asynchttpclient.netty.handler.HttpHandler - Unexpected I/O exception on channel [id: 0xad0b46c8, L:/127.0.0.1:52451 - R:localhost/127.0.0.1:52444]
java.io.IOException: An existing connection was forcibly closed by the remote host
	at java.base/sun.nio.ch.SocketDispatcher.read0(Native Method)
	at java.base/sun.nio.ch.SocketDispatcher.read(SocketDispatcher.java:43)
	at java.base/sun.nio.ch.IOUtil.readIntoNativeBuffer(IOUtil.java:276)
	at java.base/sun.nio.ch.IOUtil.read(IOUtil.java:233)
	at java.base/sun.nio.ch.IOUtil.read(IOUtil.java:223)
	at java.base/sun.nio.ch.SocketChannelImpl.read(SocketChannelImpl.java:358)
	at io.netty.buffer.PooledByteBuf.setBytes(PooledByteBuf.java:258)
	at io.netty.buffer.AbstractByteBuf.writeBytes(AbstractByteBuf.java:1132)
	at io.netty.channel.socket.nio.NioSocketChannel.doReadBytes(NioSocketChannel.java:350)
	at io.netty.channel.nio.AbstractNioByteChannel$NioByteUnsafe.read(AbstractNioByteChannel.java:151)
	at io.netty.channel.nio.NioEventLoop.processSelectedKey(NioEventLoop.java:722)
	at io.netty.channel.nio.NioEventLoop.processSelectedKeysOptimized(NioEventLoop.java:658)
	at io.netty.channel.nio.NioEventLoop.processSelectedKeys(NioEventLoop.java:584)
	at io.netty.channel.nio.NioEventLoop.run(NioEventLoop.java:496)
	at io.netty.util.concurrent.SingleThreadEventExecutor$4.run(SingleThreadEventExecutor.java:986)
	at io.netty.util.internal.ThreadExecutorMap$2.run(ThreadExecutorMap.java:74)
	at io.netty.util.concurrent.FastThreadLocalRunnable.run(FastThreadLocalRunnable.java:30)
	at java.base/java.lang.Thread.run(Thread.java:834)
19:01:15.541 [AsyncHttpClient-1-12] DEBUG org.asynchttpclient.netty.channel.ChannelManager - Closing Channel [id: 0xad0b46c8, L:/127.0.0.1:52451 - R:localhost/127.0.0.1:52444] 
19:01:15.542 [AsyncHttpClient-1-12] DEBUG org.asynchttpclient.netty.handler.HttpHandler - Channel Closed: [id: 0xad0b46c8, L:/127.0.0.1:52451 ! R:localhost/127.0.0.1:52444] with attribute DISCARD
19:01:15.565 [AsyncHttpClient-1-11] DEBUG org.asynchttpclient.netty.handler.HttpHandler - 

Request DefaultFullHttpRequest(decodeResult: success, version: HTTP/1.1, content: EmptyByteBufBE)
DELETE /session/7446ed5878e97e725f2a0efa2abee1e1 HTTP/1.1
User-Agent: selenium/4.1.2 (java windows)
Content-Type: application/json; charset=utf-8
host: localhost:64149
accept: */*

Response DefaultHttpResponse(decodeResult: success, version: HTTP/1.1)
HTTP/1.1 200 OK
Content-Type: application/json; charset=utf-8
cache-control: no-cache
content-length: 14

19:01:15.565 [AsyncHttpClient-1-11] DEBUG org.asynchttpclient.netty.channel.ChannelManager - Adding key: http://localhost:64149 for channel [id: 0x997b299d, L:/127.0.0.1:52443 - R:localhost/127.0.0.1:64149]
19:01:15.645 [AsyncHttpClient-1-11] DEBUG org.asynchttpclient.netty.handler.HttpHandler - Channel Closed: [id: 0x997b299d, L:/127.0.0.1:52443 ! R:localhost/127.0.0.1:64149] with attribute DISCARD
19:01:15.965 [AsyncHttpClient-1-1] DEBUG org.asynchttpclient.netty.channel.DefaultChannelPool - Entry count for : http://localhost:64149 : 1
19:01:15.965 [AsyncHttpClient-1-1] DEBUG org.asynchttpclient.netty.channel.DefaultChannelPool - Entry count for : http://localhost:52444 : 1
19:01:15.965 [AsyncHttpClient-1-1] DEBUG org.asynchttpclient.netty.channel.DefaultChannelPool - Adding Candidate expired Channel [id: 0x997b299d, L:/127.0.0.1:52443 ! R:localhost/127.0.0.1:64149] isIdleTimeoutExpired=false isRemotelyClosed=true isTtlExpired=false
19:01:15.965 [AsyncHttpClient-1-1] DEBUG org.asynchttpclient.netty.channel.DefaultChannelPool - Closing Idle Channel [id: 0x997b299d, L:/127.0.0.1:52443 ! R:localhost/127.0.0.1:64149]
19:01:15.965 [AsyncHttpClient-1-1] DEBUG org.asynchttpclient.netty.channel.DefaultChannelPool - Adding Candidate expired Channel [id: 0xad0b46c8, L:/127.0.0.1:52451 ! R:localhost/127.0.0.1:52444] isIdleTimeoutExpired=false isRemotelyClosed=true isTtlExpired=false
19:01:15.966 [AsyncHttpClient-1-1] DEBUG org.asynchttpclient.netty.channel.DefaultChannelPool - Closing Idle Channel [id: 0xad0b46c8, L:/127.0.0.1:52451 ! R:localhost/127.0.0.1:52444]
19:01:15.966 [AsyncHttpClient-1-1] DEBUG org.asynchttpclient.netty.channel.DefaultChannelPool - Closed 2 connections out of 2 in 1 ms
]]></system-out>
    <system-err><![CDATA[Starting ChromeDriver 101.0.4951.41 (93c720db8323b3ec10d056025ab95c23a31997c9-refs/branch-heads/4951@{#904}) on port 64149
Only local connections are allowed.
Please see https://chromedriver.chromium.org/security-considerations for suggestions on keeping ChromeDriver safe.
ChromeDriver was started successfully.
May 18, 2022 7:01:11 PM org.openqa.selenium.remote.ProtocolHandshake createSession
INFO: Detected dialect: W3C
May 18, 2022 7:01:11 PM org.openqa.selenium.devtools.CdpVersionFinder findNearestMatch
WARNING: Unable to find an exact match for CDP version 101, so returning the closest version found: 97
May 18, 2022 7:01:11 PM org.openqa.selenium.devtools.CdpVersionFinder findNearestMatch
INFO: Found CDP implementation for version 101 of 97
]]></system-err>
  </testcase>
  <testcase name="Logout an account" classname="Logout" time="10.972">
    <system-out><![CDATA[19:01:16.187 [main] INFO io.cucumber.core.plugin.SerenityReporter - Running feature from file:///D:/Intern/MSIB%20Alterra/alterra-mini-project/serenity-web-ui-test/src/test/resources/features/Logout.feature
19:01:16.194 [main] DEBUG net.thucydides.core.steps.StepEventBus - Test suite started for story net.thucydides.core.model.Story@7960de68
19:01:16.196 [main] INFO  - Test Suite Started: Logout

Scenario: Logout an account               &amp#27;[90m# src/test/resources/features/Logout.feature:3&amp#27;[0m
19:01:16.253 [main] INFO io.cucumber.core.plugin.SerenityReporter - Running feature from file:///D:/Intern/MSIB%20Alterra/alterra-mini-project/serenity-web-ui-test/src/test/resources/features/Logout.feature
19:01:16.259 [main] INFO  - 
  _____   ___   ___   _____     ___   _____     _     ___   _____   ___   ___  
 |_   _| | __| / __| |_   _|   / __| |_   _|   /_\   | _ \ |_   _| | __| |   \ 
   | |   | _|  \__ \   | |     \__ \   | |    / _ \  |   /   | |   | _|  | |) |
   |_|   |___| |___/   |_|     |___/   |_|   /_/ \_\ |_|_\   |_|   |___| |___/ 

Logout an account(logout;logout-an-account)
--------------------------------------------------------------------------------
19:01:16.705 [main] DEBUG net.thucydides.core.steps.StepInterceptor - STARTING STEP: LogoutSteps.onTheLoginPage - loginPage
19:01:16.707 [main] INFO net.serenitybdd.core.webdriver.driverproviders.ChromeDriverProvider - Using automatically driver download
19:01:16.921 [main] DEBUG io.github.bonigarcia.wdm.cache.ResolutionCache - Resolution chrome=101 in cache (valid until 20:00:39 18/05/2022 ICT)
19:01:16.926 [main] DEBUG io.github.bonigarcia.wdm.cache.ResolutionCache - Resolution chrome101=101.0.4951.41 in cache (valid until 19:00:39 19/05/2022 ICT)
19:01:16.927 [main] INFO io.github.bonigarcia.wdm.WebDriverManager - Using chromedriver 101.0.4951.41 (resolved driver for Chrome 101)
19:01:16.952 [main] DEBUG io.github.bonigarcia.wdm.WebDriverManager - Driver chromedriver 101.0.4951.41 found in cache
19:01:16.953 [main] INFO io.github.bonigarcia.wdm.WebDriverManager - Exporting webdriver.chrome.driver as C:\Users\saral\.cache\selenium\chromedriver\win32\101.0.4951.41\chromedriver.exe
19:01:17.122 [main] DEBUG net.serenitybdd.core.webdriver.driverproviders.ProvideNewDriver - Instantiating driver
19:01:17.122 [main] DEBUG net.serenitybdd.core.webdriver.driverproviders.ProvideNewDriver - Driver capabilities: Capabilities {acceptInsecureCerts: false, base.url: https://qa.alta.id/, browserName: chrome, chrome.driver: src/main/resources/webdrive..., driver: chrome, goog:chromeOptions: {args: [], extensions: []}}
19:01:17.670 [AsyncHttpClient-1-14] DEBUG org.asynchttpclient.netty.channel.NettyConnectListener - Using new Channel '[id: 0x1c760803, L:/127.0.0.1:52475 - R:localhost/127.0.0.1:59031]' for 'POST' to '/session'
19:01:18.623 [AsyncHttpClient-1-14] DEBUG org.asynchttpclient.netty.handler.HttpHandler - 

Request DefaultHttpRequest(decodeResult: success, version: HTTP/1.1)
POST /session HTTP/1.1
User-Agent: selenium/4.1.2 (java windows)
Content-Length: 605
Content-Type: application/json; charset=utf-8
host: localhost:59031
accept: */*

Response DefaultHttpResponse(decodeResult: success, version: HTTP/1.1)
HTTP/1.1 200 OK
Content-Type: application/json; charset=utf-8
cache-control: no-cache
content-length: 789

19:01:18.624 [AsyncHttpClient-1-14] DEBUG org.asynchttpclient.netty.channel.ChannelManager - Adding key: http://localhost:59031 for channel [id: 0x1c760803, L:/127.0.0.1:52475 - R:localhost/127.0.0.1:59031]
19:01:18.638 [AsyncHttpClient-1-15] DEBUG org.asynchttpclient.netty.channel.NettyConnectListener - Using new Channel '[id: 0x942b61a4, L:/127.0.0.1:52482 - R:localhost/127.0.0.1:52476]' for 'GET' to '/json/version'
19:01:18.650 [AsyncHttpClient-1-15] DEBUG org.asynchttpclient.netty.handler.HttpHandler - 

Request DefaultFullHttpRequest(decodeResult: success, version: HTTP/1.1, content: EmptyByteBufBE)
GET /json/version HTTP/1.1
User-Agent: selenium/4.1.2 (java windows)
host: localhost:52476
accept: */*

Response DefaultHttpResponse(decodeResult: success, version: HTTP/1.1)
HTTP/1.1 200 OK
Content-Type: application/json; charset=UTF-8
content-length: 427

19:01:18.651 [AsyncHttpClient-1-15] DEBUG org.asynchttpclient.netty.channel.ChannelManager - Adding key: http://localhost:52476 for channel [id: 0x942b61a4, L:/127.0.0.1:52482 - R:localhost/127.0.0.1:52476]
19:01:18.664 [AsyncHttpClient-1-16] DEBUG org.asynchttpclient.netty.channel.NettyConnectListener - Using new Channel '[id: 0xcb132844, L:/127.0.0.1:52483 - R:localhost/127.0.0.1:52476]' for 'GET' to '/devtools/browser/f89cb669-99fe-4d48-b41b-777417b933a4'
19:01:18.672 [AsyncHttpClient-1-16] DEBUG org.asynchttpclient.netty.handler.WebSocketHandler - 

Request DefaultFullHttpRequest(decodeResult: success, version: HTTP/1.1, content: EmptyByteBufBE)
GET /devtools/browser/f89cb669-99fe-4d48-b41b-777417b933a4 HTTP/1.1
upgrade: websocket
connection: upgrade
sec-websocket-key: 8dt7YkjCGj/ebWMu+Biq3g==
sec-websocket-version: 13
origin: http://localhost:52476
host: localhost:52476
accept: */*
user-agent: AHC/2.1

Response DefaultHttpResponse(decodeResult: success, version: HTTP/1.1)
HTTP/1.1 101 WebSocket Protocol Handshake
Upgrade: WebSocket
Connection: Upgrade
Sec-WebSocket-Accept: TPl4WnHx0NJQG3YXAp4EZn3jtEk=

19:01:18.680 [Forwarding get on session 6e22d47391f777f805a743dd60914b56 to remote] DEBUG org.asynchttpclient.netty.request.NettyRequestSender - Using pooled Channel '[id: 0x1c760803, L:/127.0.0.1:52475 - R:localhost/127.0.0.1:59031]' for 'POST' to 'http://localhost:59031/session/6e22d47391f777f805a743dd60914b56/url'
19:01:18.680 [Forwarding get on session 6e22d47391f777f805a743dd60914b56 to remote] DEBUG org.asynchttpclient.netty.request.NettyRequestSender - Using open Channel [id: 0x1c760803, L:/127.0.0.1:52475 - R:localhost/127.0.0.1:59031] for POST '/session/6e22d47391f777f805a743dd60914b56/url'
19:01:19.257 [AsyncHttpClient-1-1] DEBUG org.asynchttpclient.netty.channel.DefaultChannelPool - Entry count for : http://localhost:52476 : 1
19:01:20.005 [AsyncHttpClient-1-14] DEBUG org.asynchttpclient.netty.handler.HttpHandler - 

Request DefaultHttpRequest(decodeResult: success, version: HTTP/1.1)
POST /session/6e22d47391f777f805a743dd60914b56/url HTTP/1.1
User-Agent: selenium/4.1.2 (java windows)
Content-Length: 64
Content-Type: application/json; charset=utf-8
host: localhost:59031
accept: */*

Response DefaultHttpResponse(decodeResult: success, version: HTTP/1.1)
HTTP/1.1 200 OK
Content-Type: application/json; charset=utf-8
cache-control: no-cache
content-length: 14

19:01:20.006 [AsyncHttpClient-1-14] DEBUG org.asynchttpclient.netty.channel.ChannelManager - Adding key: http://localhost:59031 for channel [id: 0x1c760803, L:/127.0.0.1:52475 - R:localhost/127.0.0.1:59031]
19:01:20.008 [Forwarding setTimeout on session 6e22d47391f777f805a743dd60914b56 to remote] DEBUG org.asynchttpclient.netty.request.NettyRequestSender - Using pooled Channel '[id: 0x1c760803, L:/127.0.0.1:52475 - R:localhost/127.0.0.1:59031]' for 'POST' to 'http://localhost:59031/session/6e22d47391f777f805a743dd60914b56/timeouts'
19:01:20.009 [Forwarding setTimeout on session 6e22d47391f777f805a743dd60914b56 to remote] DEBUG org.asynchttpclient.netty.request.NettyRequestSender - Using open Channel [id: 0x1c760803, L:/127.0.0.1:52475 - R:localhost/127.0.0.1:59031] for POST '/session/6e22d47391f777f805a743dd60914b56/timeouts'
19:01:20.010 [AsyncHttpClient-1-14] DEBUG org.asynchttpclient.netty.handler.HttpHandler - 

Request DefaultHttpRequest(decodeResult: success, version: HTTP/1.1)
POST /session/6e22d47391f777f805a743dd60914b56/timeouts HTTP/1.1
User-Agent: selenium/4.1.2 (java windows)
Content-Length: 22
Content-Type: application/json; charset=utf-8
host: localhost:59031
accept: */*

Response DefaultHttpResponse(decodeResult: success, version: HTTP/1.1)
HTTP/1.1 200 OK
Content-Type: application/json; charset=utf-8
cache-control: no-cache
content-length: 14

19:01:20.010 [AsyncHttpClient-1-14] DEBUG org.asynchttpclient.netty.channel.ChannelManager - Adding key: http://localhost:59031 for channel [id: 0x1c760803, L:/127.0.0.1:52475 - R:localhost/127.0.0.1:59031]
19:01:20.016 [Forwarding getCurrentUrl on session 6e22d47391f777f805a743dd60914b56 to remote] DEBUG org.asynchttpclient.netty.request.NettyRequestSender - Using pooled Channel '[id: 0x1c760803, L:/127.0.0.1:52475 - R:localhost/127.0.0.1:59031]' for 'GET' to 'http://localhost:59031/session/6e22d47391f777f805a743dd60914b56/url'
19:01:20.016 [Forwarding getCurrentUrl on session 6e22d47391f777f805a743dd60914b56 to remote] DEBUG org.asynchttpclient.netty.request.NettyRequestSender - Using open Channel [id: 0x1c760803, L:/127.0.0.1:52475 - R:localhost/127.0.0.1:59031] for GET '/session/6e22d47391f777f805a743dd60914b56/url'
19:01:20.023 [AsyncHttpClient-1-14] DEBUG org.asynchttpclient.netty.handler.HttpHandler - 

Request DefaultFullHttpRequest(decodeResult: success, version: HTTP/1.1, content: EmptyByteBufBE)
GET /session/6e22d47391f777f805a743dd60914b56/url HTTP/1.1
User-Agent: selenium/4.1.2 (java windows)
Cache-Control: no-cache
Content-Type: application/json; charset=utf-8
host: localhost:59031
accept: */*

Response DefaultHttpResponse(decodeResult: success, version: HTTP/1.1)
HTTP/1.1 200 OK
Content-Type: application/json; charset=utf-8
cache-control: no-cache
content-length: 41

19:01:20.023 [AsyncHttpClient-1-14] DEBUG org.asynchttpclient.netty.channel.ChannelManager - Adding key: http://localhost:59031 for channel [id: 0x1c760803, L:/127.0.0.1:52475 - R:localhost/127.0.0.1:59031]
19:01:20.029 [main] DEBUG net.serenitybdd.core.photography.Darkroom - Opening darkroom
19:01:20.030 [Darkroom Processing Line] DEBUG net.serenitybdd.core.photography.DarkroomProcessingLine - Darkroom processing line starting up
19:01:20.031 [Forwarding screenshot on session 6e22d47391f777f805a743dd60914b56 to remote] DEBUG org.asynchttpclient.netty.request.NettyRequestSender - Using pooled Channel '[id: 0x1c760803, L:/127.0.0.1:52475 - R:localhost/127.0.0.1:59031]' for 'GET' to 'http://localhost:59031/session/6e22d47391f777f805a743dd60914b56/screenshot'
19:01:20.031 [Forwarding screenshot on session 6e22d47391f777f805a743dd60914b56 to remote] DEBUG org.asynchttpclient.netty.request.NettyRequestSender - Using open Channel [id: 0x1c760803, L:/127.0.0.1:52475 - R:localhost/127.0.0.1:59031] for GET '/session/6e22d47391f777f805a743dd60914b56/screenshot'
19:01:20.176 [AsyncHttpClient-1-14] DEBUG org.asynchttpclient.netty.handler.HttpHandler - 

Request DefaultFullHttpRequest(decodeResult: success, version: HTTP/1.1, content: EmptyByteBufBE)
GET /session/6e22d47391f777f805a743dd60914b56/screenshot HTTP/1.1
User-Agent: selenium/4.1.2 (java windows)
Cache-Control: no-cache
Content-Type: application/json; charset=utf-8
host: localhost:59031
accept: */*

Response DefaultHttpResponse(decodeResult: success, version: HTTP/1.1)
HTTP/1.1 200 OK
Content-Type: application/json; charset=utf-8
cache-control: no-cache
content-length: 32192

19:01:20.177 [AsyncHttpClient-1-14] DEBUG org.asynchttpclient.netty.channel.ChannelManager - Adding key: http://localhost:59031 for channel [id: 0x1c760803, L:/127.0.0.1:52475 - R:localhost/127.0.0.1:59031]
19:01:20.178 [main] DEBUG net.serenitybdd.core.photography.Darkroom - Send negative for processing for target\site\serenity\4d98329a65403fb35239499910819cdb6d3d71d823e551da367b9fc52c2ec142.png
19:01:20.178 [main] DEBUG net.thucydides.core.steps.StepInterceptor - STEP DONE: loginPage
19:01:20.185 [main] DEBUG net.thucydides.core.steps.StepInterceptor - STARTING STEP: LogoutSteps.onTheLoginPage - validateOnLoginPage
19:01:20.189 [Forwarding findElement on session 6e22d47391f777f805a743dd60914b56 to remote] DEBUG org.asynchttpclient.netty.request.NettyRequestSender - Using pooled Channel '[id: 0x1c760803, L:/127.0.0.1:52475 - R:localhost/127.0.0.1:59031]' for 'POST' to 'http://localhost:59031/session/6e22d47391f777f805a743dd60914b56/element'
19:01:20.189 [Forwarding findElement on session 6e22d47391f777f805a743dd60914b56 to remote] DEBUG org.asynchttpclient.netty.request.NettyRequestSender - Using open Channel [id: 0x1c760803, L:/127.0.0.1:52475 - R:localhost/127.0.0.1:59031] for POST '/session/6e22d47391f777f805a743dd60914b56/element'
19:01:20.200 [AsyncHttpClient-1-14] DEBUG org.asynchttpclient.netty.handler.HttpHandler - 

Request DefaultHttpRequest(decodeResult: success, version: HTTP/1.1)
POST /session/6e22d47391f777f805a743dd60914b56/element HTTP/1.1
User-Agent: selenium/4.1.2 (java windows)
Content-Length: 155
Content-Type: application/json; charset=utf-8
host: localhost:59031
accept: */*

Response DefaultHttpResponse(decodeResult: success, version: HTTP/1.1)
HTTP/1.1 200 OK
Content-Type: application/json; charset=utf-8
cache-control: no-cache
content-length: 88

19:01:20.200 [AsyncHttpClient-1-14] DEBUG org.asynchttpclient.netty.channel.ChannelManager - Adding key: http://localhost:59031 for channel [id: 0x1c760803, L:/127.0.0.1:52475 - R:localhost/127.0.0.1:59031]
19:01:20.206 [Forwarding isElementDisplayed on session 6e22d47391f777f805a743dd60914b56 to remote] DEBUG org.asynchttpclient.netty.request.NettyRequestSender - Using pooled Channel '[id: 0x1c760803, L:/127.0.0.1:52475 - R:localhost/127.0.0.1:59031]' for 'POST' to 'http://localhost:59031/session/6e22d47391f777f805a743dd60914b56/execute/sync'
19:01:20.207 [Forwarding isElementDisplayed on session 6e22d47391f777f805a743dd60914b56 to remote] DEBUG org.asynchttpclient.netty.request.NettyRequestSender - Using open Channel [id: 0x1c760803, L:/127.0.0.1:52475 - R:localhost/127.0.0.1:59031] for POST '/session/6e22d47391f777f805a743dd60914b56/execute/sync'
19:01:20.226 [AsyncHttpClient-1-14] DEBUG org.asynchttpclient.netty.handler.HttpHandler - 

Request DefaultHttpRequest(decodeResult: success, version: HTTP/1.1)
POST /session/6e22d47391f777f805a743dd60914b56/execute/sync HTTP/1.1
User-Agent: selenium/4.1.2 (java windows)
Content-Length: 48780
Content-Type: application/json; charset=utf-8
host: localhost:59031
accept: */*

Response DefaultHttpResponse(decodeResult: success, version: HTTP/1.1)
HTTP/1.1 200 OK
Content-Type: application/json; charset=utf-8
cache-control: no-cache
content-length: 14

19:01:20.226 [AsyncHttpClient-1-14] DEBUG org.asynchttpclient.netty.channel.ChannelManager - Adding key: http://localhost:59031 for channel [id: 0x1c760803, L:/127.0.0.1:52475 - R:localhost/127.0.0.1:59031]
19:01:20.232 [Forwarding screenshot on session 6e22d47391f777f805a743dd60914b56 to remote] DEBUG org.asynchttpclient.netty.request.NettyRequestSender - Using pooled Channel '[id: 0x1c760803, L:/127.0.0.1:52475 - R:localhost/127.0.0.1:59031]' for 'GET' to 'http://localhost:59031/session/6e22d47391f777f805a743dd60914b56/screenshot'
19:01:20.232 [Forwarding screenshot on session 6e22d47391f777f805a743dd60914b56 to remote] DEBUG org.asynchttpclient.netty.request.NettyRequestSender - Using open Channel [id: 0x1c760803, L:/127.0.0.1:52475 - R:localhost/127.0.0.1:59031] for GET '/session/6e22d47391f777f805a743dd60914b56/screenshot'
19:01:20.329 [AsyncHttpClient-1-14] DEBUG org.asynchttpclient.netty.handler.HttpHandler - 

Request DefaultFullHttpRequest(decodeResult: success, version: HTTP/1.1, content: EmptyByteBufBE)
GET /session/6e22d47391f777f805a743dd60914b56/screenshot HTTP/1.1
User-Agent: selenium/4.1.2 (java windows)
Cache-Control: no-cache
Content-Type: application/json; charset=utf-8
host: localhost:59031
accept: */*

Response DefaultHttpResponse(decodeResult: success, version: HTTP/1.1)
HTTP/1.1 200 OK
Content-Type: application/json; charset=utf-8
cache-control: no-cache
content-length: 32192

19:01:20.331 [AsyncHttpClient-1-14] DEBUG org.asynchttpclient.netty.channel.ChannelManager - Adding key: http://localhost:59031 for channel [id: 0x1c760803, L:/127.0.0.1:52475 - R:localhost/127.0.0.1:59031]
19:01:20.333 [main] DEBUG net.serenitybdd.core.photography.Darkroom - Send negative for processing for target\site\serenity\4d98329a65403fb35239499910819cdb6d3d71d823e551da367b9fc52c2ec142.png
19:01:20.334 [main] DEBUG net.thucydides.core.steps.StepInterceptor - STEP DONE: validateOnLoginPage
  &amp#27;[32mGiven &amp#27;[0m&amp#27;[32mI am on the login page for logout&amp#27;[0m &amp#27;[90m# starter.stepdefinitions.LogoutSteps.onTheLoginPage()&amp#27;[0m
19:01:20.352 [main] DEBUG net.thucydides.core.steps.StepInterceptor - STARTING STEP: LogoutSteps.inputValidEmail - inputEmail
19:01:20.354 [Forwarding findElement on session 6e22d47391f777f805a743dd60914b56 to remote] DEBUG org.asynchttpclient.netty.request.NettyRequestSender - Using pooled Channel '[id: 0x1c760803, L:/127.0.0.1:52475 - R:localhost/127.0.0.1:59031]' for 'POST' to 'http://localhost:59031/session/6e22d47391f777f805a743dd60914b56/element'
19:01:20.354 [Forwarding findElement on session 6e22d47391f777f805a743dd60914b56 to remote] DEBUG org.asynchttpclient.netty.request.NettyRequestSender - Using open Channel [id: 0x1c760803, L:/127.0.0.1:52475 - R:localhost/127.0.0.1:59031] for POST '/session/6e22d47391f777f805a743dd60914b56/element'
19:01:20.357 [AsyncHttpClient-1-1] DEBUG org.asynchttpclient.netty.channel.DefaultChannelPool - Entry count for : http://localhost:52476 : 1
19:01:20.370 [AsyncHttpClient-1-14] DEBUG org.asynchttpclient.netty.handler.HttpHandler - 

Request DefaultHttpRequest(decodeResult: success, version: HTTP/1.1)
POST /session/6e22d47391f777f805a743dd60914b56/element HTTP/1.1
User-Agent: selenium/4.1.2 (java windows)
Content-Length: 84
Content-Type: application/json; charset=utf-8
host: localhost:59031
accept: */*

Response DefaultHttpResponse(decodeResult: success, version: HTTP/1.1)
HTTP/1.1 200 OK
Content-Type: application/json; charset=utf-8
cache-control: no-cache
content-length: 88

19:01:20.371 [AsyncHttpClient-1-14] DEBUG org.asynchttpclient.netty.channel.ChannelManager - Adding key: http://localhost:59031 for channel [id: 0x1c760803, L:/127.0.0.1:52475 - R:localhost/127.0.0.1:59031]
19:01:20.373 [Forwarding clearElement on session 6e22d47391f777f805a743dd60914b56 to remote] DEBUG org.asynchttpclient.netty.request.NettyRequestSender - Using pooled Channel '[id: 0x1c760803, L:/127.0.0.1:52475 - R:localhost/127.0.0.1:59031]' for 'POST' to 'http://localhost:59031/session/6e22d47391f777f805a743dd60914b56/element/1a8135b8-e7da-4365-bd18-d247ee89e843/clear'
19:01:20.373 [Forwarding clearElement on session 6e22d47391f777f805a743dd60914b56 to remote] DEBUG org.asynchttpclient.netty.request.NettyRequestSender - Using open Channel [id: 0x1c760803, L:/127.0.0.1:52475 - R:localhost/127.0.0.1:59031] for POST '/session/6e22d47391f777f805a743dd60914b56/element/1a8135b8-e7da-4365-bd18-d247ee89e843/clear'
19:01:20.415 [AsyncHttpClient-1-14] DEBUG org.asynchttpclient.netty.handler.HttpHandler - 

Request DefaultHttpRequest(decodeResult: success, version: HTTP/1.1)
POST /session/6e22d47391f777f805a743dd60914b56/element/1a8135b8-e7da-4365-bd18-d247ee89e843/clear HTTP/1.1
User-Agent: selenium/4.1.2 (java windows)
Content-Length: 50
Content-Type: application/json; charset=utf-8
host: localhost:59031
accept: */*

Response DefaultHttpResponse(decodeResult: success, version: HTTP/1.1)
HTTP/1.1 200 OK
Content-Type: application/json; charset=utf-8
cache-control: no-cache
content-length: 14

19:01:20.415 [AsyncHttpClient-1-14] DEBUG org.asynchttpclient.netty.channel.ChannelManager - Adding key: http://localhost:59031 for channel [id: 0x1c760803, L:/127.0.0.1:52475 - R:localhost/127.0.0.1:59031]
19:01:20.419 [Forwarding sendKeysToElement on session 6e22d47391f777f805a743dd60914b56 to remote] DEBUG org.asynchttpclient.netty.request.NettyRequestSender - Using pooled Channel '[id: 0x1c760803, L:/127.0.0.1:52475 - R:localhost/127.0.0.1:59031]' for 'POST' to 'http://localhost:59031/session/6e22d47391f777f805a743dd60914b56/element/1a8135b8-e7da-4365-bd18-d247ee89e843/value'
19:01:20.419 [Forwarding sendKeysToElement on session 6e22d47391f777f805a743dd60914b56 to remote] DEBUG org.asynchttpclient.netty.request.NettyRequestSender - Using open Channel [id: 0x1c760803, L:/127.0.0.1:52475 - R:localhost/127.0.0.1:59031] for POST '/session/6e22d47391f777f805a743dd60914b56/element/1a8135b8-e7da-4365-bd18-d247ee89e843/value'
19:01:20.553 [AsyncHttpClient-1-14] DEBUG org.asynchttpclient.netty.handler.HttpHandler - 

Request DefaultHttpRequest(decodeResult: success, version: HTTP/1.1)
POST /session/6e22d47391f777f805a743dd60914b56/element/1a8135b8-e7da-4365-bd18-d247ee89e843/value HTTP/1.1
User-Agent: selenium/4.1.2 (java windows)
Content-Length: 231
Content-Type: application/json; charset=utf-8
host: localhost:59031
accept: */*

Response DefaultHttpResponse(decodeResult: success, version: HTTP/1.1)
HTTP/1.1 200 OK
Content-Type: application/json; charset=utf-8
cache-control: no-cache
content-length: 14

19:01:20.553 [AsyncHttpClient-1-14] DEBUG org.asynchttpclient.netty.channel.ChannelManager - Adding key: http://localhost:59031 for channel [id: 0x1c760803, L:/127.0.0.1:52475 - R:localhost/127.0.0.1:59031]
19:01:20.569 [Forwarding screenshot on session 6e22d47391f777f805a743dd60914b56 to remote] DEBUG org.asynchttpclient.netty.request.NettyRequestSender - Using pooled Channel '[id: 0x1c760803, L:/127.0.0.1:52475 - R:localhost/127.0.0.1:59031]' for 'GET' to 'http://localhost:59031/session/6e22d47391f777f805a743dd60914b56/screenshot'
19:01:20.569 [Forwarding screenshot on session 6e22d47391f777f805a743dd60914b56 to remote] DEBUG org.asynchttpclient.netty.request.NettyRequestSender - Using open Channel [id: 0x1c760803, L:/127.0.0.1:52475 - R:localhost/127.0.0.1:59031] for GET '/session/6e22d47391f777f805a743dd60914b56/screenshot'
19:01:20.689 [AsyncHttpClient-1-14] DEBUG org.asynchttpclient.netty.handler.HttpHandler - 

Request DefaultFullHttpRequest(decodeResult: success, version: HTTP/1.1, content: EmptyByteBufBE)
GET /session/6e22d47391f777f805a743dd60914b56/screenshot HTTP/1.1
User-Agent: selenium/4.1.2 (java windows)
Cache-Control: no-cache
Content-Type: application/json; charset=utf-8
host: localhost:59031
accept: */*

Response DefaultHttpResponse(decodeResult: success, version: HTTP/1.1)
HTTP/1.1 200 OK
Content-Type: application/json; charset=utf-8
cache-control: no-cache
content-length: 38048

19:01:20.691 [AsyncHttpClient-1-14] DEBUG org.asynchttpclient.netty.channel.ChannelManager - Adding key: http://localhost:59031 for channel [id: 0x1c760803, L:/127.0.0.1:52475 - R:localhost/127.0.0.1:59031]
19:01:20.693 [main] DEBUG net.serenitybdd.core.photography.Darkroom - Send negative for processing for target\site\serenity\802b29c1e4c73a2b38c45f723f18f5d6aa003c6df8ac267b52c037d1d513b6fe.png
19:01:20.693 [main] DEBUG net.thucydides.core.steps.StepInterceptor - STEP DONE: inputEmail
  &amp#27;[32mWhen &amp#27;[0m&amp#27;[32mI input valid email for logout&amp#27;[0m     &amp#27;[90m# starter.stepdefinitions.LogoutSteps.inputValidEmail()&amp#27;[0m
19:01:20.694 [Darkroom Processing Line] DEBUG net.serenitybdd.core.photography.DarkroomProcessingLine - Processing screenshot image in /var/screenshots/screenshot-17875553498214562110
19:01:20.694 [Darkroom Processing Line] DEBUG net.serenitybdd.core.photography.DarkroomProcessingLine - Saving screenshot to target\site\serenity\802b29c1e4c73a2b38c45f723f18f5d6aa003c6df8ac267b52c037d1d513b6fe.png
19:01:20.718 [main] DEBUG net.thucydides.core.steps.StepInterceptor - STARTING STEP: LogoutSteps.inputValidPassword - inputPassword
19:01:20.720 [Forwarding findElement on session 6e22d47391f777f805a743dd60914b56 to remote] DEBUG org.asynchttpclient.netty.request.NettyRequestSender - Using pooled Channel '[id: 0x1c760803, L:/127.0.0.1:52475 - R:localhost/127.0.0.1:59031]' for 'POST' to 'http://localhost:59031/session/6e22d47391f777f805a743dd60914b56/element'
19:01:20.720 [Forwarding findElement on session 6e22d47391f777f805a743dd60914b56 to remote] DEBUG org.asynchttpclient.netty.request.NettyRequestSender - Using open Channel [id: 0x1c760803, L:/127.0.0.1:52475 - R:localhost/127.0.0.1:59031] for POST '/session/6e22d47391f777f805a743dd60914b56/element'
19:01:20.737 [AsyncHttpClient-1-14] DEBUG org.asynchttpclient.netty.handler.HttpHandler - 

Request DefaultHttpRequest(decodeResult: success, version: HTTP/1.1)
POST /session/6e22d47391f777f805a743dd60914b56/element HTTP/1.1
User-Agent: selenium/4.1.2 (java windows)
Content-Length: 87
Content-Type: application/json; charset=utf-8
host: localhost:59031
accept: */*

Response DefaultHttpResponse(decodeResult: success, version: HTTP/1.1)
HTTP/1.1 200 OK
Content-Type: application/json; charset=utf-8
cache-control: no-cache
content-length: 88

19:01:20.737 [AsyncHttpClient-1-14] DEBUG org.asynchttpclient.netty.channel.ChannelManager - Adding key: http://localhost:59031 for channel [id: 0x1c760803, L:/127.0.0.1:52475 - R:localhost/127.0.0.1:59031]
19:01:20.740 [Forwarding clearElement on session 6e22d47391f777f805a743dd60914b56 to remote] DEBUG org.asynchttpclient.netty.request.NettyRequestSender - Using pooled Channel '[id: 0x1c760803, L:/127.0.0.1:52475 - R:localhost/127.0.0.1:59031]' for 'POST' to 'http://localhost:59031/session/6e22d47391f777f805a743dd60914b56/element/82561ae7-4dff-48da-b7e3-d05da5581c4f/clear'
19:01:20.740 [Forwarding clearElement on session 6e22d47391f777f805a743dd60914b56 to remote] DEBUG org.asynchttpclient.netty.request.NettyRequestSender - Using open Channel [id: 0x1c760803, L:/127.0.0.1:52475 - R:localhost/127.0.0.1:59031] for POST '/session/6e22d47391f777f805a743dd60914b56/element/82561ae7-4dff-48da-b7e3-d05da5581c4f/clear'
19:01:20.797 [AsyncHttpClient-1-14] DEBUG org.asynchttpclient.netty.handler.HttpHandler - 

Request DefaultHttpRequest(decodeResult: success, version: HTTP/1.1)
POST /session/6e22d47391f777f805a743dd60914b56/element/82561ae7-4dff-48da-b7e3-d05da5581c4f/clear HTTP/1.1
User-Agent: selenium/4.1.2 (java windows)
Content-Length: 50
Content-Type: application/json; charset=utf-8
host: localhost:59031
accept: */*

Response DefaultHttpResponse(decodeResult: success, version: HTTP/1.1)
HTTP/1.1 200 OK
Content-Type: application/json; charset=utf-8
cache-control: no-cache
content-length: 14

19:01:20.798 [AsyncHttpClient-1-14] DEBUG org.asynchttpclient.netty.channel.ChannelManager - Adding key: http://localhost:59031 for channel [id: 0x1c760803, L:/127.0.0.1:52475 - R:localhost/127.0.0.1:59031]
19:01:20.801 [Forwarding sendKeysToElement on session 6e22d47391f777f805a743dd60914b56 to remote] DEBUG org.asynchttpclient.netty.request.NettyRequestSender - Using pooled Channel '[id: 0x1c760803, L:/127.0.0.1:52475 - R:localhost/127.0.0.1:59031]' for 'POST' to 'http://localhost:59031/session/6e22d47391f777f805a743dd60914b56/element/82561ae7-4dff-48da-b7e3-d05da5581c4f/value'
19:01:20.801 [Forwarding sendKeysToElement on session 6e22d47391f777f805a743dd60914b56 to remote] DEBUG org.asynchttpclient.netty.request.NettyRequestSender - Using open Channel [id: 0x1c760803, L:/127.0.0.1:52475 - R:localhost/127.0.0.1:59031] for POST '/session/6e22d47391f777f805a743dd60914b56/element/82561ae7-4dff-48da-b7e3-d05da5581c4f/value'
19:01:20.908 [AsyncHttpClient-1-14] DEBUG org.asynchttpclient.netty.handler.HttpHandler - 

Request DefaultHttpRequest(decodeResult: success, version: HTTP/1.1)
POST /session/6e22d47391f777f805a743dd60914b56/element/82561ae7-4dff-48da-b7e3-d05da5581c4f/value HTTP/1.1
User-Agent: selenium/4.1.2 (java windows)
Content-Length: 151
Content-Type: application/json; charset=utf-8
host: localhost:59031
accept: */*

Response DefaultHttpResponse(decodeResult: success, version: HTTP/1.1)
HTTP/1.1 200 OK
Content-Type: application/json; charset=utf-8
cache-control: no-cache
content-length: 14

19:01:20.909 [AsyncHttpClient-1-14] DEBUG org.asynchttpclient.netty.channel.ChannelManager - Adding key: http://localhost:59031 for channel [id: 0x1c760803, L:/127.0.0.1:52475 - R:localhost/127.0.0.1:59031]
19:01:20.919 [Forwarding screenshot on session 6e22d47391f777f805a743dd60914b56 to remote] DEBUG org.asynchttpclient.netty.request.NettyRequestSender - Using pooled Channel '[id: 0x1c760803, L:/127.0.0.1:52475 - R:localhost/127.0.0.1:59031]' for 'GET' to 'http://localhost:59031/session/6e22d47391f777f805a743dd60914b56/screenshot'
19:01:20.920 [Forwarding screenshot on session 6e22d47391f777f805a743dd60914b56 to remote] DEBUG org.asynchttpclient.netty.request.NettyRequestSender - Using open Channel [id: 0x1c760803, L:/127.0.0.1:52475 - R:localhost/127.0.0.1:59031] for GET '/session/6e22d47391f777f805a743dd60914b56/screenshot'
19:01:21.071 [AsyncHttpClient-1-14] DEBUG org.asynchttpclient.netty.handler.HttpHandler - 

Request DefaultFullHttpRequest(decodeResult: success, version: HTTP/1.1, content: EmptyByteBufBE)
GET /session/6e22d47391f777f805a743dd60914b56/screenshot HTTP/1.1
User-Agent: selenium/4.1.2 (java windows)
Cache-Control: no-cache
Content-Type: application/json; charset=utf-8
host: localhost:59031
accept: */*

Response DefaultHttpResponse(decodeResult: success, version: HTTP/1.1)
HTTP/1.1 200 OK
Content-Type: application/json; charset=utf-8
cache-control: no-cache
content-length: 40412

19:01:21.072 [AsyncHttpClient-1-14] DEBUG org.asynchttpclient.netty.channel.ChannelManager - Adding key: http://localhost:59031 for channel [id: 0x1c760803, L:/127.0.0.1:52475 - R:localhost/127.0.0.1:59031]
19:01:21.074 [main] DEBUG net.serenitybdd.core.photography.Darkroom - Send negative for processing for target\site\serenity\d2d8a03fab67372b7803cc9a2b60017ffcd4f97b27bdf419d082968494919a11.png
19:01:21.074 [main] DEBUG net.thucydides.core.steps.StepInterceptor - STEP DONE: inputPassword
  &amp#27;[32mAnd &amp#27;[0m&amp#27;[32mI input valid password for logout&amp#27;[0m   &amp#27;[90m# starter.stepdefinitions.LogoutSteps.inputValidPassword()&amp#27;[0m
19:01:21.076 [Darkroom Processing Line] DEBUG net.serenitybdd.core.photography.DarkroomProcessingLine - Processing screenshot image in /var/screenshots/screenshot-5963563611066809271
19:01:21.076 [Darkroom Processing Line] DEBUG net.serenitybdd.core.photography.DarkroomProcessingLine - Saving screenshot to target\site\serenity\d2d8a03fab67372b7803cc9a2b60017ffcd4f97b27bdf419d082968494919a11.png
19:01:21.128 [Forwarding screenshot on session 6e22d47391f777f805a743dd60914b56 to remote] DEBUG org.asynchttpclient.netty.request.NettyRequestSender - Using pooled Channel '[id: 0x1c760803, L:/127.0.0.1:52475 - R:localhost/127.0.0.1:59031]' for 'GET' to 'http://localhost:59031/session/6e22d47391f777f805a743dd60914b56/screenshot'
19:01:21.128 [Forwarding screenshot on session 6e22d47391f777f805a743dd60914b56 to remote] DEBUG org.asynchttpclient.netty.request.NettyRequestSender - Using open Channel [id: 0x1c760803, L:/127.0.0.1:52475 - R:localhost/127.0.0.1:59031] for GET '/session/6e22d47391f777f805a743dd60914b56/screenshot'
19:01:21.277 [AsyncHttpClient-1-14] DEBUG org.asynchttpclient.netty.handler.HttpHandler - 

Request DefaultFullHttpRequest(decodeResult: success, version: HTTP/1.1, content: EmptyByteBufBE)
GET /session/6e22d47391f777f805a743dd60914b56/screenshot HTTP/1.1
User-Agent: selenium/4.1.2 (java windows)
Cache-Control: no-cache
Content-Type: application/json; charset=utf-8
host: localhost:59031
accept: */*

Response DefaultHttpResponse(decodeResult: success, version: HTTP/1.1)
HTTP/1.1 200 OK
Content-Type: application/json; charset=utf-8
cache-control: no-cache
content-length: 39076

19:01:21.279 [AsyncHttpClient-1-14] DEBUG org.asynchttpclient.netty.channel.ChannelManager - Adding key: http://localhost:59031 for channel [id: 0x1c760803, L:/127.0.0.1:52475 - R:localhost/127.0.0.1:59031]
19:01:21.281 [main] DEBUG net.serenitybdd.core.photography.Darkroom - Send negative for processing for target\site\serenity\3c60f3a5612cca77e7d62cd068172e3867c6ce00a7acda2292d5ea5d73c84695.png
19:01:21.282 [main] DEBUG net.thucydides.core.steps.StepInterceptor - STARTING STEP: LogoutSteps.clickLoginButton - clickLoginButton
19:01:21.282 [Darkroom Processing Line] DEBUG net.serenitybdd.core.photography.DarkroomProcessingLine - Processing screenshot image in /var/screenshots/screenshot-11745219672408903793
19:01:21.282 [Darkroom Processing Line] DEBUG net.serenitybdd.core.photography.DarkroomProcessingLine - Saving screenshot to target\site\serenity\3c60f3a5612cca77e7d62cd068172e3867c6ce00a7acda2292d5ea5d73c84695.png
19:01:21.284 [Forwarding findElement on session 6e22d47391f777f805a743dd60914b56 to remote] DEBUG org.asynchttpclient.netty.request.NettyRequestSender - Using pooled Channel '[id: 0x1c760803, L:/127.0.0.1:52475 - R:localhost/127.0.0.1:59031]' for 'POST' to 'http://localhost:59031/session/6e22d47391f777f805a743dd60914b56/element'
19:01:21.284 [Forwarding findElement on session 6e22d47391f777f805a743dd60914b56 to remote] DEBUG org.asynchttpclient.netty.request.NettyRequestSender - Using open Channel [id: 0x1c760803, L:/127.0.0.1:52475 - R:localhost/127.0.0.1:59031] for POST '/session/6e22d47391f777f805a743dd60914b56/element'
19:01:21.292 [AsyncHttpClient-1-14] DEBUG org.asynchttpclient.netty.handler.HttpHandler - 

Request DefaultHttpRequest(decodeResult: success, version: HTTP/1.1)
POST /session/6e22d47391f777f805a743dd60914b56/element HTTP/1.1
User-Agent: selenium/4.1.2 (java windows)
Content-Length: 155
Content-Type: application/json; charset=utf-8
host: localhost:59031
accept: */*

Response DefaultHttpResponse(decodeResult: success, version: HTTP/1.1)
HTTP/1.1 200 OK
Content-Type: application/json; charset=utf-8
cache-control: no-cache
content-length: 88

19:01:21.292 [AsyncHttpClient-1-14] DEBUG org.asynchttpclient.netty.channel.ChannelManager - Adding key: http://localhost:59031 for channel [id: 0x1c760803, L:/127.0.0.1:52475 - R:localhost/127.0.0.1:59031]
19:01:21.295 [Forwarding getElementTagName on session 6e22d47391f777f805a743dd60914b56 to remote] DEBUG org.asynchttpclient.netty.request.NettyRequestSender - Using pooled Channel '[id: 0x1c760803, L:/127.0.0.1:52475 - R:localhost/127.0.0.1:59031]' for 'GET' to 'http://localhost:59031/session/6e22d47391f777f805a743dd60914b56/element/dbc92443-7469-4e56-b678-d63415a7490b/name'
19:01:21.295 [Forwarding getElementTagName on session 6e22d47391f777f805a743dd60914b56 to remote] DEBUG org.asynchttpclient.netty.request.NettyRequestSender - Using open Channel [id: 0x1c760803, L:/127.0.0.1:52475 - R:localhost/127.0.0.1:59031] for GET '/session/6e22d47391f777f805a743dd60914b56/element/dbc92443-7469-4e56-b678-d63415a7490b/name'
19:01:21.303 [AsyncHttpClient-1-14] DEBUG org.asynchttpclient.netty.handler.HttpHandler - 

Request DefaultFullHttpRequest(decodeResult: success, version: HTTP/1.1, content: EmptyByteBufBE)
GET /session/6e22d47391f777f805a743dd60914b56/element/dbc92443-7469-4e56-b678-d63415a7490b/name HTTP/1.1
User-Agent: selenium/4.1.2 (java windows)
Cache-Control: no-cache
Content-Type: application/json; charset=utf-8
host: localhost:59031
accept: */*

Response DefaultHttpResponse(decodeResult: success, version: HTTP/1.1)
HTTP/1.1 200 OK
Content-Type: application/json; charset=utf-8
cache-control: no-cache
content-length: 18

19:01:21.303 [AsyncHttpClient-1-14] DEBUG org.asynchttpclient.netty.channel.ChannelManager - Adding key: http://localhost:59031 for channel [id: 0x1c760803, L:/127.0.0.1:52475 - R:localhost/127.0.0.1:59031]
19:01:21.305 [Forwarding getElementTagName on session 6e22d47391f777f805a743dd60914b56 to remote] DEBUG org.asynchttpclient.netty.request.NettyRequestSender - Using pooled Channel '[id: 0x1c760803, L:/127.0.0.1:52475 - R:localhost/127.0.0.1:59031]' for 'GET' to 'http://localhost:59031/session/6e22d47391f777f805a743dd60914b56/element/dbc92443-7469-4e56-b678-d63415a7490b/name'
19:01:21.305 [Forwarding getElementTagName on session 6e22d47391f777f805a743dd60914b56 to remote] DEBUG org.asynchttpclient.netty.request.NettyRequestSender - Using open Channel [id: 0x1c760803, L:/127.0.0.1:52475 - R:localhost/127.0.0.1:59031] for GET '/session/6e22d47391f777f805a743dd60914b56/element/dbc92443-7469-4e56-b678-d63415a7490b/name'
19:01:21.312 [AsyncHttpClient-1-14] DEBUG org.asynchttpclient.netty.handler.HttpHandler - 

Request DefaultFullHttpRequest(decodeResult: success, version: HTTP/1.1, content: EmptyByteBufBE)
GET /session/6e22d47391f777f805a743dd60914b56/element/dbc92443-7469-4e56-b678-d63415a7490b/name HTTP/1.1
User-Agent: selenium/4.1.2 (java windows)
Cache-Control: no-cache
Content-Type: application/json; charset=utf-8
host: localhost:59031
accept: */*

Response DefaultHttpResponse(decodeResult: success, version: HTTP/1.1)
HTTP/1.1 200 OK
Content-Type: application/json; charset=utf-8
cache-control: no-cache
content-length: 18

19:01:21.312 [AsyncHttpClient-1-14] DEBUG org.asynchttpclient.netty.channel.ChannelManager - Adding key: http://localhost:59031 for channel [id: 0x1c760803, L:/127.0.0.1:52475 - R:localhost/127.0.0.1:59031]
19:01:21.316 [Forwarding isElementEnabled on session 6e22d47391f777f805a743dd60914b56 to remote] DEBUG org.asynchttpclient.netty.request.NettyRequestSender - Using pooled Channel '[id: 0x1c760803, L:/127.0.0.1:52475 - R:localhost/127.0.0.1:59031]' for 'GET' to 'http://localhost:59031/session/6e22d47391f777f805a743dd60914b56/element/dbc92443-7469-4e56-b678-d63415a7490b/enabled'
19:01:21.316 [Forwarding isElementEnabled on session 6e22d47391f777f805a743dd60914b56 to remote] DEBUG org.asynchttpclient.netty.request.NettyRequestSender - Using open Channel [id: 0x1c760803, L:/127.0.0.1:52475 - R:localhost/127.0.0.1:59031] for GET '/session/6e22d47391f777f805a743dd60914b56/element/dbc92443-7469-4e56-b678-d63415a7490b/enabled'
19:01:21.327 [AsyncHttpClient-1-14] DEBUG org.asynchttpclient.netty.handler.HttpHandler - 

Request DefaultFullHttpRequest(decodeResult: success, version: HTTP/1.1, content: EmptyByteBufBE)
GET /session/6e22d47391f777f805a743dd60914b56/element/dbc92443-7469-4e56-b678-d63415a7490b/enabled HTTP/1.1
User-Agent: selenium/4.1.2 (java windows)
Cache-Control: no-cache
Content-Type: application/json; charset=utf-8
host: localhost:59031
accept: */*

Response DefaultHttpResponse(decodeResult: success, version: HTTP/1.1)
HTTP/1.1 200 OK
Content-Type: application/json; charset=utf-8
cache-control: no-cache
content-length: 14

19:01:21.328 [AsyncHttpClient-1-14] DEBUG org.asynchttpclient.netty.channel.ChannelManager - Adding key: http://localhost:59031 for channel [id: 0x1c760803, L:/127.0.0.1:52475 - R:localhost/127.0.0.1:59031]
19:01:21.329 [Forwarding isElementEnabled on session 6e22d47391f777f805a743dd60914b56 to remote] DEBUG org.asynchttpclient.netty.request.NettyRequestSender - Using pooled Channel '[id: 0x1c760803, L:/127.0.0.1:52475 - R:localhost/127.0.0.1:59031]' for 'GET' to 'http://localhost:59031/session/6e22d47391f777f805a743dd60914b56/element/dbc92443-7469-4e56-b678-d63415a7490b/enabled'
19:01:21.329 [Forwarding isElementEnabled on session 6e22d47391f777f805a743dd60914b56 to remote] DEBUG org.asynchttpclient.netty.request.NettyRequestSender - Using open Channel [id: 0x1c760803, L:/127.0.0.1:52475 - R:localhost/127.0.0.1:59031] for GET '/session/6e22d47391f777f805a743dd60914b56/element/dbc92443-7469-4e56-b678-d63415a7490b/enabled'
19:01:21.338 [AsyncHttpClient-1-14] DEBUG org.asynchttpclient.netty.handler.HttpHandler - 

Request DefaultFullHttpRequest(decodeResult: success, version: HTTP/1.1, content: EmptyByteBufBE)
GET /session/6e22d47391f777f805a743dd60914b56/element/dbc92443-7469-4e56-b678-d63415a7490b/enabled HTTP/1.1
User-Agent: selenium/4.1.2 (java windows)
Cache-Control: no-cache
Content-Type: application/json; charset=utf-8
host: localhost:59031
accept: */*

Response DefaultHttpResponse(decodeResult: success, version: HTTP/1.1)
HTTP/1.1 200 OK
Content-Type: application/json; charset=utf-8
cache-control: no-cache
content-length: 14

19:01:21.339 [AsyncHttpClient-1-14] DEBUG org.asynchttpclient.netty.channel.ChannelManager - Adding key: http://localhost:59031 for channel [id: 0x1c760803, L:/127.0.0.1:52475 - R:localhost/127.0.0.1:59031]
19:01:21.341 [Forwarding findElement on session 6e22d47391f777f805a743dd60914b56 to remote] DEBUG org.asynchttpclient.netty.request.NettyRequestSender - Using pooled Channel '[id: 0x1c760803, L:/127.0.0.1:52475 - R:localhost/127.0.0.1:59031]' for 'POST' to 'http://localhost:59031/session/6e22d47391f777f805a743dd60914b56/element'
19:01:21.341 [Forwarding findElement on session 6e22d47391f777f805a743dd60914b56 to remote] DEBUG org.asynchttpclient.netty.request.NettyRequestSender - Using open Channel [id: 0x1c760803, L:/127.0.0.1:52475 - R:localhost/127.0.0.1:59031] for POST '/session/6e22d47391f777f805a743dd60914b56/element'
19:01:21.351 [AsyncHttpClient-1-14] DEBUG org.asynchttpclient.netty.handler.HttpHandler - 

Request DefaultHttpRequest(decodeResult: success, version: HTTP/1.1)
POST /session/6e22d47391f777f805a743dd60914b56/element HTTP/1.1
User-Agent: selenium/4.1.2 (java windows)
Content-Length: 155
Content-Type: application/json; charset=utf-8
host: localhost:59031
accept: */*

Response DefaultHttpResponse(decodeResult: success, version: HTTP/1.1)
HTTP/1.1 200 OK
Content-Type: application/json; charset=utf-8
cache-control: no-cache
content-length: 88

19:01:21.351 [AsyncHttpClient-1-14] DEBUG org.asynchttpclient.netty.channel.ChannelManager - Adding key: http://localhost:59031 for channel [id: 0x1c760803, L:/127.0.0.1:52475 - R:localhost/127.0.0.1:59031]
19:01:21.353 [Forwarding clickElement on session 6e22d47391f777f805a743dd60914b56 to remote] DEBUG org.asynchttpclient.netty.request.NettyRequestSender - Using pooled Channel '[id: 0x1c760803, L:/127.0.0.1:52475 - R:localhost/127.0.0.1:59031]' for 'POST' to 'http://localhost:59031/session/6e22d47391f777f805a743dd60914b56/element/dbc92443-7469-4e56-b678-d63415a7490b/click'
19:01:21.353 [Forwarding clickElement on session 6e22d47391f777f805a743dd60914b56 to remote] DEBUG org.asynchttpclient.netty.request.NettyRequestSender - Using open Channel [id: 0x1c760803, L:/127.0.0.1:52475 - R:localhost/127.0.0.1:59031] for POST '/session/6e22d47391f777f805a743dd60914b56/element/dbc92443-7469-4e56-b678-d63415a7490b/click'
19:01:21.423 [AsyncHttpClient-1-14] DEBUG org.asynchttpclient.netty.handler.HttpHandler - 

Request DefaultHttpRequest(decodeResult: success, version: HTTP/1.1)
POST /session/6e22d47391f777f805a743dd60914b56/element/dbc92443-7469-4e56-b678-d63415a7490b/click HTTP/1.1
User-Agent: selenium/4.1.2 (java windows)
Content-Length: 50
Content-Type: application/json; charset=utf-8
host: localhost:59031
accept: */*

Response DefaultHttpResponse(decodeResult: success, version: HTTP/1.1)
HTTP/1.1 200 OK
Content-Type: application/json; charset=utf-8
cache-control: no-cache
content-length: 14

19:01:21.423 [AsyncHttpClient-1-14] DEBUG org.asynchttpclient.netty.channel.ChannelManager - Adding key: http://localhost:59031 for channel [id: 0x1c760803, L:/127.0.0.1:52475 - R:localhost/127.0.0.1:59031]
19:01:21.430 [Forwarding screenshot on session 6e22d47391f777f805a743dd60914b56 to remote] DEBUG org.asynchttpclient.netty.request.NettyRequestSender - Using pooled Channel '[id: 0x1c760803, L:/127.0.0.1:52475 - R:localhost/127.0.0.1:59031]' for 'GET' to 'http://localhost:59031/session/6e22d47391f777f805a743dd60914b56/screenshot'
19:01:21.430 [Forwarding screenshot on session 6e22d47391f777f805a743dd60914b56 to remote] DEBUG org.asynchttpclient.netty.request.NettyRequestSender - Using open Channel [id: 0x1c760803, L:/127.0.0.1:52475 - R:localhost/127.0.0.1:59031] for GET '/session/6e22d47391f777f805a743dd60914b56/screenshot'
19:01:21.464 [AsyncHttpClient-1-1] DEBUG org.asynchttpclient.netty.channel.DefaultChannelPool - Entry count for : http://localhost:52476 : 1
19:01:21.603 [AsyncHttpClient-1-14] DEBUG org.asynchttpclient.netty.handler.HttpHandler - 

Request DefaultFullHttpRequest(decodeResult: success, version: HTTP/1.1, content: EmptyByteBufBE)
GET /session/6e22d47391f777f805a743dd60914b56/screenshot HTTP/1.1
User-Agent: selenium/4.1.2 (java windows)
Cache-Control: no-cache
Content-Type: application/json; charset=utf-8
host: localhost:59031
accept: */*

Response DefaultHttpResponse(decodeResult: success, version: HTTP/1.1)
HTTP/1.1 200 OK
Content-Type: application/json; charset=utf-8
cache-control: no-cache
content-length: 39656

19:01:21.603 [AsyncHttpClient-1-14] DEBUG org.asynchttpclient.netty.channel.ChannelManager - Adding key: http://localhost:59031 for channel [id: 0x1c760803, L:/127.0.0.1:52475 - R:localhost/127.0.0.1:59031]
19:01:21.606 [main] DEBUG net.serenitybdd.core.photography.Darkroom - Send negative for processing for target\site\serenity\08104d35e0a51df716d76d7a8dd249196a29b0fd7d0678cb265f7eb36b6384b7.png
19:01:21.607 [main] DEBUG net.thucydides.core.steps.StepInterceptor - STEP DONE: clickLoginButton
  &amp#27;[32mAnd &amp#27;[0m&amp#27;[32mI click on login button for logout&amp#27;[0m  &amp#27;[90m# starter.stepdefinitions.LogoutSteps.clickLoginButton()&amp#27;[0m
19:01:21.608 [Darkroom Processing Line] DEBUG net.serenitybdd.core.photography.DarkroomProcessingLine - Processing screenshot image in /var/screenshots/screenshot-1557755905185669144
19:01:21.608 [Darkroom Processing Line] DEBUG net.serenitybdd.core.photography.DarkroomProcessingLine - Saving screenshot to target\site\serenity\08104d35e0a51df716d76d7a8dd249196a29b0fd7d0678cb265f7eb36b6384b7.png
19:01:21.629 [main] DEBUG net.thucydides.core.steps.StepInterceptor - STARTING STEP: LogoutSteps.onTheHomePage - validateOnHomePage
19:01:21.634 [Forwarding findElement on session 6e22d47391f777f805a743dd60914b56 to remote] DEBUG org.asynchttpclient.netty.request.NettyRequestSender - Using pooled Channel '[id: 0x1c760803, L:/127.0.0.1:52475 - R:localhost/127.0.0.1:59031]' for 'POST' to 'http://localhost:59031/session/6e22d47391f777f805a743dd60914b56/element'
19:01:21.635 [Forwarding findElement on session 6e22d47391f777f805a743dd60914b56 to remote] DEBUG org.asynchttpclient.netty.request.NettyRequestSender - Using open Channel [id: 0x1c760803, L:/127.0.0.1:52475 - R:localhost/127.0.0.1:59031] for POST '/session/6e22d47391f777f805a743dd60914b56/element'
19:01:22.559 [AsyncHttpClient-1-1] DEBUG org.asynchttpclient.netty.channel.DefaultChannelPool - Entry count for : http://localhost:52476 : 1
19:01:23.666 [AsyncHttpClient-1-1] DEBUG org.asynchttpclient.netty.channel.DefaultChannelPool - Entry count for : http://localhost:52476 : 1
19:01:24.767 [AsyncHttpClient-1-1] DEBUG org.asynchttpclient.netty.channel.DefaultChannelPool - Entry count for : http://localhost:52476 : 1
19:01:25.009 [AsyncHttpClient-1-14] DEBUG org.asynchttpclient.netty.handler.HttpHandler - 

Request DefaultHttpRequest(decodeResult: success, version: HTTP/1.1)
POST /session/6e22d47391f777f805a743dd60914b56/element HTTP/1.1
User-Agent: selenium/4.1.2 (java windows)
Content-Length: 140
Content-Type: application/json; charset=utf-8
host: localhost:59031
accept: */*

Response DefaultHttpResponse(decodeResult: success, version: HTTP/1.1)
HTTP/1.1 200 OK
Content-Type: application/json; charset=utf-8
cache-control: no-cache
content-length: 88

19:01:25.010 [AsyncHttpClient-1-14] DEBUG org.asynchttpclient.netty.channel.ChannelManager - Adding key: http://localhost:59031 for channel [id: 0x1c760803, L:/127.0.0.1:52475 - R:localhost/127.0.0.1:59031]
19:01:25.017 [Forwarding isElementDisplayed on session 6e22d47391f777f805a743dd60914b56 to remote] DEBUG org.asynchttpclient.netty.request.NettyRequestSender - Using pooled Channel '[id: 0x1c760803, L:/127.0.0.1:52475 - R:localhost/127.0.0.1:59031]' for 'POST' to 'http://localhost:59031/session/6e22d47391f777f805a743dd60914b56/execute/sync'
19:01:25.017 [Forwarding isElementDisplayed on session 6e22d47391f777f805a743dd60914b56 to remote] DEBUG org.asynchttpclient.netty.request.NettyRequestSender - Using open Channel [id: 0x1c760803, L:/127.0.0.1:52475 - R:localhost/127.0.0.1:59031] for POST '/session/6e22d47391f777f805a743dd60914b56/execute/sync'
19:01:25.035 [AsyncHttpClient-1-14] DEBUG org.asynchttpclient.netty.handler.HttpHandler - 

Request DefaultHttpRequest(decodeResult: success, version: HTTP/1.1)
POST /session/6e22d47391f777f805a743dd60914b56/execute/sync HTTP/1.1
User-Agent: selenium/4.1.2 (java windows)
Content-Length: 48780
Content-Type: application/json; charset=utf-8
host: localhost:59031
accept: */*

Response DefaultHttpResponse(decodeResult: success, version: HTTP/1.1)
HTTP/1.1 200 OK
Content-Type: application/json; charset=utf-8
cache-control: no-cache
content-length: 14

19:01:25.036 [AsyncHttpClient-1-14] DEBUG org.asynchttpclient.netty.channel.ChannelManager - Adding key: http://localhost:59031 for channel [id: 0x1c760803, L:/127.0.0.1:52475 - R:localhost/127.0.0.1:59031]
19:01:25.042 [Forwarding screenshot on session 6e22d47391f777f805a743dd60914b56 to remote] DEBUG org.asynchttpclient.netty.request.NettyRequestSender - Using pooled Channel '[id: 0x1c760803, L:/127.0.0.1:52475 - R:localhost/127.0.0.1:59031]' for 'GET' to 'http://localhost:59031/session/6e22d47391f777f805a743dd60914b56/screenshot'
19:01:25.042 [Forwarding screenshot on session 6e22d47391f777f805a743dd60914b56 to remote] DEBUG org.asynchttpclient.netty.request.NettyRequestSender - Using open Channel [id: 0x1c760803, L:/127.0.0.1:52475 - R:localhost/127.0.0.1:59031] for GET '/session/6e22d47391f777f805a743dd60914b56/screenshot'
19:01:25.158 [AsyncHttpClient-1-14] DEBUG org.asynchttpclient.netty.handler.HttpHandler - 

Request DefaultFullHttpRequest(decodeResult: success, version: HTTP/1.1, content: EmptyByteBufBE)
GET /session/6e22d47391f777f805a743dd60914b56/screenshot HTTP/1.1
User-Agent: selenium/4.1.2 (java windows)
Cache-Control: no-cache
Content-Type: application/json; charset=utf-8
host: localhost:59031
accept: */*

Response DefaultHttpResponse(decodeResult: success, version: HTTP/1.1)
HTTP/1.1 200 OK
Content-Type: application/json; charset=utf-8
cache-control: no-cache
content-length: 77824

19:01:25.159 [AsyncHttpClient-1-14] DEBUG org.asynchttpclient.netty.channel.ChannelManager - Adding key: http://localhost:59031 for channel [id: 0x1c760803, L:/127.0.0.1:52475 - R:localhost/127.0.0.1:59031]
19:01:25.163 [main] DEBUG net.serenitybdd.core.photography.Darkroom - Send negative for processing for target\site\serenity\4180a5aa39dc0904d1248cac44a295951a10da52d56363e86b77352c6ebf5ef1.png
19:01:25.163 [main] DEBUG net.thucydides.core.steps.StepInterceptor - STEP DONE: validateOnHomePage
  &amp#27;[32mAnd &amp#27;[0m&amp#27;[32mI am on the home page for logout&amp#27;[0m    &amp#27;[90m# starter.stepdefinitions.LogoutSteps.onTheHomePage()&amp#27;[0m
19:01:25.185 [main] DEBUG net.thucydides.core.steps.StepInterceptor - STARTING STEP: LogoutSteps.clickProfileIcon - clickProfileIcon
19:01:25.188 [Forwarding findElement on session 6e22d47391f777f805a743dd60914b56 to remote] DEBUG org.asynchttpclient.netty.request.NettyRequestSender - Using pooled Channel '[id: 0x1c760803, L:/127.0.0.1:52475 - R:localhost/127.0.0.1:59031]' for 'POST' to 'http://localhost:59031/session/6e22d47391f777f805a743dd60914b56/element'
19:01:25.188 [Forwarding findElement on session 6e22d47391f777f805a743dd60914b56 to remote] DEBUG org.asynchttpclient.netty.request.NettyRequestSender - Using open Channel [id: 0x1c760803, L:/127.0.0.1:52475 - R:localhost/127.0.0.1:59031] for POST '/session/6e22d47391f777f805a743dd60914b56/element'
19:01:25.211 [AsyncHttpClient-1-14] DEBUG org.asynchttpclient.netty.handler.HttpHandler - 

Request DefaultHttpRequest(decodeResult: success, version: HTTP/1.1)
POST /session/6e22d47391f777f805a743dd60914b56/element HTTP/1.1
User-Agent: selenium/4.1.2 (java windows)
Content-Length: 103
Content-Type: application/json; charset=utf-8
host: localhost:59031
accept: */*

Response DefaultHttpResponse(decodeResult: success, version: HTTP/1.1)
HTTP/1.1 200 OK
Content-Type: application/json; charset=utf-8
cache-control: no-cache
content-length: 88

19:01:25.211 [AsyncHttpClient-1-14] DEBUG org.asynchttpclient.netty.channel.ChannelManager - Adding key: http://localhost:59031 for channel [id: 0x1c760803, L:/127.0.0.1:52475 - R:localhost/127.0.0.1:59031]
19:01:25.213 [Forwarding getElementTagName on session 6e22d47391f777f805a743dd60914b56 to remote] DEBUG org.asynchttpclient.netty.request.NettyRequestSender - Using pooled Channel '[id: 0x1c760803, L:/127.0.0.1:52475 - R:localhost/127.0.0.1:59031]' for 'GET' to 'http://localhost:59031/session/6e22d47391f777f805a743dd60914b56/element/190217e8-072e-4a53-8d62-5be0f3d65ece/name'
19:01:25.213 [Forwarding getElementTagName on session 6e22d47391f777f805a743dd60914b56 to remote] DEBUG org.asynchttpclient.netty.request.NettyRequestSender - Using open Channel [id: 0x1c760803, L:/127.0.0.1:52475 - R:localhost/127.0.0.1:59031] for GET '/session/6e22d47391f777f805a743dd60914b56/element/190217e8-072e-4a53-8d62-5be0f3d65ece/name'
19:01:25.218 [AsyncHttpClient-1-14] DEBUG org.asynchttpclient.netty.handler.HttpHandler - 

Request DefaultFullHttpRequest(decodeResult: success, version: HTTP/1.1, content: EmptyByteBufBE)
GET /session/6e22d47391f777f805a743dd60914b56/element/190217e8-072e-4a53-8d62-5be0f3d65ece/name HTTP/1.1
User-Agent: selenium/4.1.2 (java windows)
Cache-Control: no-cache
Content-Type: application/json; charset=utf-8
host: localhost:59031
accept: */*

Response DefaultHttpResponse(decodeResult: success, version: HTTP/1.1)
HTTP/1.1 200 OK
Content-Type: application/json; charset=utf-8
cache-control: no-cache
content-length: 13

19:01:25.218 [AsyncHttpClient-1-14] DEBUG org.asynchttpclient.netty.channel.ChannelManager - Adding key: http://localhost:59031 for channel [id: 0x1c760803, L:/127.0.0.1:52475 - R:localhost/127.0.0.1:59031]
19:01:25.220 [Forwarding getElementTagName on session 6e22d47391f777f805a743dd60914b56 to remote] DEBUG org.asynchttpclient.netty.request.NettyRequestSender - Using pooled Channel '[id: 0x1c760803, L:/127.0.0.1:52475 - R:localhost/127.0.0.1:59031]' for 'GET' to 'http://localhost:59031/session/6e22d47391f777f805a743dd60914b56/element/190217e8-072e-4a53-8d62-5be0f3d65ece/name'
19:01:25.220 [Forwarding getElementTagName on session 6e22d47391f777f805a743dd60914b56 to remote] DEBUG org.asynchttpclient.netty.request.NettyRequestSender - Using open Channel [id: 0x1c760803, L:/127.0.0.1:52475 - R:localhost/127.0.0.1:59031] for GET '/session/6e22d47391f777f805a743dd60914b56/element/190217e8-072e-4a53-8d62-5be0f3d65ece/name'
19:01:25.224 [AsyncHttpClient-1-14] DEBUG org.asynchttpclient.netty.handler.HttpHandler - 

Request DefaultFullHttpRequest(decodeResult: success, version: HTTP/1.1, content: EmptyByteBufBE)
GET /session/6e22d47391f777f805a743dd60914b56/element/190217e8-072e-4a53-8d62-5be0f3d65ece/name HTTP/1.1
User-Agent: selenium/4.1.2 (java windows)
Cache-Control: no-cache
Content-Type: application/json; charset=utf-8
host: localhost:59031
accept: */*

Response DefaultHttpResponse(decodeResult: success, version: HTTP/1.1)
HTTP/1.1 200 OK
Content-Type: application/json; charset=utf-8
cache-control: no-cache
content-length: 13

19:01:25.224 [AsyncHttpClient-1-14] DEBUG org.asynchttpclient.netty.channel.ChannelManager - Adding key: http://localhost:59031 for channel [id: 0x1c760803, L:/127.0.0.1:52475 - R:localhost/127.0.0.1:59031]
19:01:25.227 [Forwarding findElement on session 6e22d47391f777f805a743dd60914b56 to remote] DEBUG org.asynchttpclient.netty.request.NettyRequestSender - Using pooled Channel '[id: 0x1c760803, L:/127.0.0.1:52475 - R:localhost/127.0.0.1:59031]' for 'POST' to 'http://localhost:59031/session/6e22d47391f777f805a743dd60914b56/element'
19:01:25.227 [Forwarding findElement on session 6e22d47391f777f805a743dd60914b56 to remote] DEBUG org.asynchttpclient.netty.request.NettyRequestSender - Using open Channel [id: 0x1c760803, L:/127.0.0.1:52475 - R:localhost/127.0.0.1:59031] for POST '/session/6e22d47391f777f805a743dd60914b56/element'
19:01:25.243 [AsyncHttpClient-1-14] DEBUG org.asynchttpclient.netty.handler.HttpHandler - 

Request DefaultHttpRequest(decodeResult: success, version: HTTP/1.1)
POST /session/6e22d47391f777f805a743dd60914b56/element HTTP/1.1
User-Agent: selenium/4.1.2 (java windows)
Content-Length: 103
Content-Type: application/json; charset=utf-8
host: localhost:59031
accept: */*

Response DefaultHttpResponse(decodeResult: success, version: HTTP/1.1)
HTTP/1.1 200 OK
Content-Type: application/json; charset=utf-8
cache-control: no-cache
content-length: 88

19:01:25.243 [AsyncHttpClient-1-14] DEBUG org.asynchttpclient.netty.channel.ChannelManager - Adding key: http://localhost:59031 for channel [id: 0x1c760803, L:/127.0.0.1:52475 - R:localhost/127.0.0.1:59031]
19:01:25.245 [Forwarding clickElement on session 6e22d47391f777f805a743dd60914b56 to remote] DEBUG org.asynchttpclient.netty.request.NettyRequestSender - Using pooled Channel '[id: 0x1c760803, L:/127.0.0.1:52475 - R:localhost/127.0.0.1:59031]' for 'POST' to 'http://localhost:59031/session/6e22d47391f777f805a743dd60914b56/element/190217e8-072e-4a53-8d62-5be0f3d65ece/click'
19:01:25.245 [Forwarding clickElement on session 6e22d47391f777f805a743dd60914b56 to remote] DEBUG org.asynchttpclient.netty.request.NettyRequestSender - Using open Channel [id: 0x1c760803, L:/127.0.0.1:52475 - R:localhost/127.0.0.1:59031] for POST '/session/6e22d47391f777f805a743dd60914b56/element/190217e8-072e-4a53-8d62-5be0f3d65ece/click'
19:01:25.369 [AsyncHttpClient-1-14] DEBUG org.asynchttpclient.netty.handler.HttpHandler - 

Request DefaultHttpRequest(decodeResult: success, version: HTTP/1.1)
POST /session/6e22d47391f777f805a743dd60914b56/element/190217e8-072e-4a53-8d62-5be0f3d65ece/click HTTP/1.1
User-Agent: selenium/4.1.2 (java windows)
Content-Length: 50
Content-Type: application/json; charset=utf-8
host: localhost:59031
accept: */*

Response DefaultHttpResponse(decodeResult: success, version: HTTP/1.1)
HTTP/1.1 200 OK
Content-Type: application/json; charset=utf-8
cache-control: no-cache
content-length: 14

19:01:25.369 [AsyncHttpClient-1-14] DEBUG org.asynchttpclient.netty.channel.ChannelManager - Adding key: http://localhost:59031 for channel [id: 0x1c760803, L:/127.0.0.1:52475 - R:localhost/127.0.0.1:59031]
19:01:25.379 [Forwarding screenshot on session 6e22d47391f777f805a743dd60914b56 to remote] DEBUG org.asynchttpclient.netty.request.NettyRequestSender - Using pooled Channel '[id: 0x1c760803, L:/127.0.0.1:52475 - R:localhost/127.0.0.1:59031]' for 'GET' to 'http://localhost:59031/session/6e22d47391f777f805a743dd60914b56/screenshot'
19:01:25.379 [Forwarding screenshot on session 6e22d47391f777f805a743dd60914b56 to remote] DEBUG org.asynchttpclient.netty.request.NettyRequestSender - Using open Channel [id: 0x1c760803, L:/127.0.0.1:52475 - R:localhost/127.0.0.1:59031] for GET '/session/6e22d47391f777f805a743dd60914b56/screenshot'
19:01:25.623 [AsyncHttpClient-1-14] DEBUG org.asynchttpclient.netty.handler.HttpHandler - 

Request DefaultFullHttpRequest(decodeResult: success, version: HTTP/1.1, content: EmptyByteBufBE)
GET /session/6e22d47391f777f805a743dd60914b56/screenshot HTTP/1.1
User-Agent: selenium/4.1.2 (java windows)
Cache-Control: no-cache
Content-Type: application/json; charset=utf-8
host: localhost:59031
accept: */*

Response DefaultHttpResponse(decodeResult: success, version: HTTP/1.1)
HTTP/1.1 200 OK
Content-Type: application/json; charset=utf-8
cache-control: no-cache
content-length: 89596

19:01:25.624 [AsyncHttpClient-1-14] DEBUG org.asynchttpclient.netty.channel.ChannelManager - Adding key: http://localhost:59031 for channel [id: 0x1c760803, L:/127.0.0.1:52475 - R:localhost/127.0.0.1:59031]
19:01:25.627 [main] DEBUG net.serenitybdd.core.photography.Darkroom - Send negative for processing for target\site\serenity\af0c00c9a894ef224fc6d2b498f7c5f9686b0269b69ef736561f0e7d1142a139.png
19:01:25.628 [main] DEBUG net.thucydides.core.steps.StepInterceptor - STEP DONE: clickProfileIcon
  &amp#27;[32mAnd &amp#27;[0m&amp#27;[32mI click on profile icon&amp#27;[0m             &amp#27;[90m# starter.stepdefinitions.LogoutSteps.clickProfileIcon()&amp#27;[0m
19:01:25.629 [Darkroom Processing Line] DEBUG net.serenitybdd.core.photography.DarkroomProcessingLine - Processing screenshot image in /var/screenshots/screenshot-427879438705429465
19:01:25.629 [Darkroom Processing Line] DEBUG net.serenitybdd.core.photography.DarkroomProcessingLine - Saving screenshot to target\site\serenity\af0c00c9a894ef224fc6d2b498f7c5f9686b0269b69ef736561f0e7d1142a139.png
19:01:25.654 [main] DEBUG net.thucydides.core.steps.StepInterceptor - STARTING STEP: LogoutSteps.clickLogout - clickLogout
19:01:25.659 [Forwarding findElement on session 6e22d47391f777f805a743dd60914b56 to remote] DEBUG org.asynchttpclient.netty.request.NettyRequestSender - Using pooled Channel '[id: 0x1c760803, L:/127.0.0.1:52475 - R:localhost/127.0.0.1:59031]' for 'POST' to 'http://localhost:59031/session/6e22d47391f777f805a743dd60914b56/element'
19:01:25.659 [Forwarding findElement on session 6e22d47391f777f805a743dd60914b56 to remote] DEBUG org.asynchttpclient.netty.request.NettyRequestSender - Using open Channel [id: 0x1c760803, L:/127.0.0.1:52475 - R:localhost/127.0.0.1:59031] for POST '/session/6e22d47391f777f805a743dd60914b56/element'
19:01:25.697 [AsyncHttpClient-1-14] DEBUG org.asynchttpclient.netty.handler.HttpHandler - 

Request DefaultHttpRequest(decodeResult: success, version: HTTP/1.1)
POST /session/6e22d47391f777f805a743dd60914b56/element HTTP/1.1
User-Agent: selenium/4.1.2 (java windows)
Content-Length: 107
Content-Type: application/json; charset=utf-8
host: localhost:59031
accept: */*

Response DefaultHttpResponse(decodeResult: success, version: HTTP/1.1)
HTTP/1.1 200 OK
Content-Type: application/json; charset=utf-8
cache-control: no-cache
content-length: 88

19:01:25.697 [AsyncHttpClient-1-14] DEBUG org.asynchttpclient.netty.channel.ChannelManager - Adding key: http://localhost:59031 for channel [id: 0x1c760803, L:/127.0.0.1:52475 - R:localhost/127.0.0.1:59031]
19:01:25.697 [Forwarding getElementTagName on session 6e22d47391f777f805a743dd60914b56 to remote] DEBUG org.asynchttpclient.netty.request.NettyRequestSender - Using pooled Channel '[id: 0x1c760803, L:/127.0.0.1:52475 - R:localhost/127.0.0.1:59031]' for 'GET' to 'http://localhost:59031/session/6e22d47391f777f805a743dd60914b56/element/d2b4dc66-6561-4f8a-bd88-05be3e797c62/name'
19:01:25.698 [Forwarding getElementTagName on session 6e22d47391f777f805a743dd60914b56 to remote] DEBUG org.asynchttpclient.netty.request.NettyRequestSender - Using open Channel [id: 0x1c760803, L:/127.0.0.1:52475 - R:localhost/127.0.0.1:59031] for GET '/session/6e22d47391f777f805a743dd60914b56/element/d2b4dc66-6561-4f8a-bd88-05be3e797c62/name'
19:01:25.704 [AsyncHttpClient-1-14] DEBUG org.asynchttpclient.netty.handler.HttpHandler - 

Request DefaultFullHttpRequest(decodeResult: success, version: HTTP/1.1, content: EmptyByteBufBE)
GET /session/6e22d47391f777f805a743dd60914b56/element/d2b4dc66-6561-4f8a-bd88-05be3e797c62/name HTTP/1.1
User-Agent: selenium/4.1.2 (java windows)
Cache-Control: no-cache
Content-Type: application/json; charset=utf-8
host: localhost:59031
accept: */*

Response DefaultHttpResponse(decodeResult: success, version: HTTP/1.1)
HTTP/1.1 200 OK
Content-Type: application/json; charset=utf-8
cache-control: no-cache
content-length: 13

19:01:25.705 [AsyncHttpClient-1-14] DEBUG org.asynchttpclient.netty.channel.ChannelManager - Adding key: http://localhost:59031 for channel [id: 0x1c760803, L:/127.0.0.1:52475 - R:localhost/127.0.0.1:59031]
19:01:25.707 [Forwarding getElementTagName on session 6e22d47391f777f805a743dd60914b56 to remote] DEBUG org.asynchttpclient.netty.request.NettyRequestSender - Using pooled Channel '[id: 0x1c760803, L:/127.0.0.1:52475 - R:localhost/127.0.0.1:59031]' for 'GET' to 'http://localhost:59031/session/6e22d47391f777f805a743dd60914b56/element/d2b4dc66-6561-4f8a-bd88-05be3e797c62/name'
19:01:25.707 [Forwarding getElementTagName on session 6e22d47391f777f805a743dd60914b56 to remote] DEBUG org.asynchttpclient.netty.request.NettyRequestSender - Using open Channel [id: 0x1c760803, L:/127.0.0.1:52475 - R:localhost/127.0.0.1:59031] for GET '/session/6e22d47391f777f805a743dd60914b56/element/d2b4dc66-6561-4f8a-bd88-05be3e797c62/name'
19:01:25.712 [AsyncHttpClient-1-14] DEBUG org.asynchttpclient.netty.handler.HttpHandler - 

Request DefaultFullHttpRequest(decodeResult: success, version: HTTP/1.1, content: EmptyByteBufBE)
GET /session/6e22d47391f777f805a743dd60914b56/element/d2b4dc66-6561-4f8a-bd88-05be3e797c62/name HTTP/1.1
User-Agent: selenium/4.1.2 (java windows)
Cache-Control: no-cache
Content-Type: application/json; charset=utf-8
host: localhost:59031
accept: */*

Response DefaultHttpResponse(decodeResult: success, version: HTTP/1.1)
HTTP/1.1 200 OK
Content-Type: application/json; charset=utf-8
cache-control: no-cache
content-length: 13

19:01:25.712 [AsyncHttpClient-1-14] DEBUG org.asynchttpclient.netty.channel.ChannelManager - Adding key: http://localhost:59031 for channel [id: 0x1c760803, L:/127.0.0.1:52475 - R:localhost/127.0.0.1:59031]
19:01:25.715 [Forwarding findElement on session 6e22d47391f777f805a743dd60914b56 to remote] DEBUG org.asynchttpclient.netty.request.NettyRequestSender - Using pooled Channel '[id: 0x1c760803, L:/127.0.0.1:52475 - R:localhost/127.0.0.1:59031]' for 'POST' to 'http://localhost:59031/session/6e22d47391f777f805a743dd60914b56/element'
19:01:25.715 [Forwarding findElement on session 6e22d47391f777f805a743dd60914b56 to remote] DEBUG org.asynchttpclient.netty.request.NettyRequestSender - Using open Channel [id: 0x1c760803, L:/127.0.0.1:52475 - R:localhost/127.0.0.1:59031] for POST '/session/6e22d47391f777f805a743dd60914b56/element'
19:01:25.732 [AsyncHttpClient-1-14] DEBUG org.asynchttpclient.netty.handler.HttpHandler - 

Request DefaultHttpRequest(decodeResult: success, version: HTTP/1.1)
POST /session/6e22d47391f777f805a743dd60914b56/element HTTP/1.1
User-Agent: selenium/4.1.2 (java windows)
Content-Length: 107
Content-Type: application/json; charset=utf-8
host: localhost:59031
accept: */*

Response DefaultHttpResponse(decodeResult: success, version: HTTP/1.1)
HTTP/1.1 200 OK
Content-Type: application/json; charset=utf-8
cache-control: no-cache
content-length: 88

19:01:25.733 [AsyncHttpClient-1-14] DEBUG org.asynchttpclient.netty.channel.ChannelManager - Adding key: http://localhost:59031 for channel [id: 0x1c760803, L:/127.0.0.1:52475 - R:localhost/127.0.0.1:59031]
19:01:25.735 [Forwarding clickElement on session 6e22d47391f777f805a743dd60914b56 to remote] DEBUG org.asynchttpclient.netty.request.NettyRequestSender - Using pooled Channel '[id: 0x1c760803, L:/127.0.0.1:52475 - R:localhost/127.0.0.1:59031]' for 'POST' to 'http://localhost:59031/session/6e22d47391f777f805a743dd60914b56/element/d2b4dc66-6561-4f8a-bd88-05be3e797c62/click'
19:01:25.735 [Forwarding clickElement on session 6e22d47391f777f805a743dd60914b56 to remote] DEBUG org.asynchttpclient.netty.request.NettyRequestSender - Using open Channel [id: 0x1c760803, L:/127.0.0.1:52475 - R:localhost/127.0.0.1:59031] for POST '/session/6e22d47391f777f805a743dd60914b56/element/d2b4dc66-6561-4f8a-bd88-05be3e797c62/click'
19:01:25.857 [AsyncHttpClient-1-1] DEBUG org.asynchttpclient.netty.channel.DefaultChannelPool - Entry count for : http://localhost:52476 : 1
19:01:26.001 [AsyncHttpClient-1-14] DEBUG org.asynchttpclient.netty.handler.HttpHandler - 

Request DefaultHttpRequest(decodeResult: success, version: HTTP/1.1)
POST /session/6e22d47391f777f805a743dd60914b56/element/d2b4dc66-6561-4f8a-bd88-05be3e797c62/click HTTP/1.1
User-Agent: selenium/4.1.2 (java windows)
Content-Length: 50
Content-Type: application/json; charset=utf-8
host: localhost:59031
accept: */*

Response DefaultHttpResponse(decodeResult: success, version: HTTP/1.1)
HTTP/1.1 200 OK
Content-Type: application/json; charset=utf-8
cache-control: no-cache
content-length: 14

19:01:26.001 [AsyncHttpClient-1-14] DEBUG org.asynchttpclient.netty.channel.ChannelManager - Adding key: http://localhost:59031 for channel [id: 0x1c760803, L:/127.0.0.1:52475 - R:localhost/127.0.0.1:59031]
19:01:26.009 [Forwarding screenshot on session 6e22d47391f777f805a743dd60914b56 to remote] DEBUG org.asynchttpclient.netty.request.NettyRequestSender - Using pooled Channel '[id: 0x1c760803, L:/127.0.0.1:52475 - R:localhost/127.0.0.1:59031]' for 'GET' to 'http://localhost:59031/session/6e22d47391f777f805a743dd60914b56/screenshot'
19:01:26.009 [Forwarding screenshot on session 6e22d47391f777f805a743dd60914b56 to remote] DEBUG org.asynchttpclient.netty.request.NettyRequestSender - Using open Channel [id: 0x1c760803, L:/127.0.0.1:52475 - R:localhost/127.0.0.1:59031] for GET '/session/6e22d47391f777f805a743dd60914b56/screenshot'
19:01:26.100 [AsyncHttpClient-1-14] DEBUG org.asynchttpclient.netty.handler.HttpHandler - 

Request DefaultFullHttpRequest(decodeResult: success, version: HTTP/1.1, content: EmptyByteBufBE)
GET /session/6e22d47391f777f805a743dd60914b56/screenshot HTTP/1.1
User-Agent: selenium/4.1.2 (java windows)
Cache-Control: no-cache
Content-Type: application/json; charset=utf-8
host: localhost:59031
accept: */*

Response DefaultHttpResponse(decodeResult: success, version: HTTP/1.1)
HTTP/1.1 200 OK
Content-Type: application/json; charset=utf-8
cache-control: no-cache
content-length: 32192

19:01:26.101 [AsyncHttpClient-1-14] DEBUG org.asynchttpclient.netty.channel.ChannelManager - Adding key: http://localhost:59031 for channel [id: 0x1c760803, L:/127.0.0.1:52475 - R:localhost/127.0.0.1:59031]
19:01:26.102 [main] DEBUG net.serenitybdd.core.photography.Darkroom - Send negative for processing for target\site\serenity\4d98329a65403fb35239499910819cdb6d3d71d823e551da367b9fc52c2ec142.png
19:01:26.102 [main] DEBUG net.thucydides.core.steps.StepInterceptor - STEP DONE: clickLogout
  &amp#27;[32mAnd &amp#27;[0m&amp#27;[32mI click on logout&amp#27;[0m                   &amp#27;[90m# starter.stepdefinitions.LogoutSteps.clickLogout()&amp#27;[0m
19:01:26.123 [main] DEBUG net.thucydides.core.steps.StepInterceptor - STARTING STEP: LogoutSteps.onLoginPageAfterLogout - validateStillOnLoginPage
19:01:26.126 [Forwarding findElement on session 6e22d47391f777f805a743dd60914b56 to remote] DEBUG org.asynchttpclient.netty.request.NettyRequestSender - Using pooled Channel '[id: 0x1c760803, L:/127.0.0.1:52475 - R:localhost/127.0.0.1:59031]' for 'POST' to 'http://localhost:59031/session/6e22d47391f777f805a743dd60914b56/element'
19:01:26.126 [Forwarding findElement on session 6e22d47391f777f805a743dd60914b56 to remote] DEBUG org.asynchttpclient.netty.request.NettyRequestSender - Using open Channel [id: 0x1c760803, L:/127.0.0.1:52475 - R:localhost/127.0.0.1:59031] for POST '/session/6e22d47391f777f805a743dd60914b56/element'
19:01:26.132 [AsyncHttpClient-1-14] DEBUG org.asynchttpclient.netty.handler.HttpHandler - 

Request DefaultHttpRequest(decodeResult: success, version: HTTP/1.1)
POST /session/6e22d47391f777f805a743dd60914b56/element HTTP/1.1
User-Agent: selenium/4.1.2 (java windows)
Content-Length: 155
Content-Type: application/json; charset=utf-8
host: localhost:59031
accept: */*

Response DefaultHttpResponse(decodeResult: success, version: HTTP/1.1)
HTTP/1.1 200 OK
Content-Type: application/json; charset=utf-8
cache-control: no-cache
content-length: 88

19:01:26.141 [AsyncHttpClient-1-14] DEBUG org.asynchttpclient.netty.channel.ChannelManager - Adding key: http://localhost:59031 for channel [id: 0x1c760803, L:/127.0.0.1:52475 - R:localhost/127.0.0.1:59031]
19:01:26.151 [Forwarding isElementDisplayed on session 6e22d47391f777f805a743dd60914b56 to remote] DEBUG org.asynchttpclient.netty.request.NettyRequestSender - Using pooled Channel '[id: 0x1c760803, L:/127.0.0.1:52475 - R:localhost/127.0.0.1:59031]' for 'POST' to 'http://localhost:59031/session/6e22d47391f777f805a743dd60914b56/execute/sync'
19:01:26.151 [Forwarding isElementDisplayed on session 6e22d47391f777f805a743dd60914b56 to remote] DEBUG org.asynchttpclient.netty.request.NettyRequestSender - Using open Channel [id: 0x1c760803, L:/127.0.0.1:52475 - R:localhost/127.0.0.1:59031] for POST '/session/6e22d47391f777f805a743dd60914b56/execute/sync'
19:01:26.164 [AsyncHttpClient-1-14] DEBUG org.asynchttpclient.netty.handler.HttpHandler - 

Request DefaultHttpRequest(decodeResult: success, version: HTTP/1.1)
POST /session/6e22d47391f777f805a743dd60914b56/execute/sync HTTP/1.1
User-Agent: selenium/4.1.2 (java windows)
Content-Length: 48780
Content-Type: application/json; charset=utf-8
host: localhost:59031
accept: */*

Response DefaultHttpResponse(decodeResult: success, version: HTTP/1.1)
HTTP/1.1 200 OK
Content-Type: application/json; charset=utf-8
cache-control: no-cache
content-length: 14

19:01:26.164 [AsyncHttpClient-1-14] DEBUG org.asynchttpclient.netty.channel.ChannelManager - Adding key: http://localhost:59031 for channel [id: 0x1c760803, L:/127.0.0.1:52475 - R:localhost/127.0.0.1:59031]
19:01:26.169 [Forwarding screenshot on session 6e22d47391f777f805a743dd60914b56 to remote] DEBUG org.asynchttpclient.netty.request.NettyRequestSender - Using pooled Channel '[id: 0x1c760803, L:/127.0.0.1:52475 - R:localhost/127.0.0.1:59031]' for 'GET' to 'http://localhost:59031/session/6e22d47391f777f805a743dd60914b56/screenshot'
19:01:26.169 [Forwarding screenshot on session 6e22d47391f777f805a743dd60914b56 to remote] DEBUG org.asynchttpclient.netty.request.NettyRequestSender - Using open Channel [id: 0x1c760803, L:/127.0.0.1:52475 - R:localhost/127.0.0.1:59031] for GET '/session/6e22d47391f777f805a743dd60914b56/screenshot'
19:01:26.278 [AsyncHttpClient-1-14] DEBUG org.asynchttpclient.netty.handler.HttpHandler - 

Request DefaultFullHttpRequest(decodeResult: success, version: HTTP/1.1, content: EmptyByteBufBE)
GET /session/6e22d47391f777f805a743dd60914b56/screenshot HTTP/1.1
User-Agent: selenium/4.1.2 (java windows)
Cache-Control: no-cache
Content-Type: application/json; charset=utf-8
host: localhost:59031
accept: */*

Response DefaultHttpResponse(decodeResult: success, version: HTTP/1.1)
HTTP/1.1 200 OK
Content-Type: application/json; charset=utf-8
cache-control: no-cache
content-length: 32192

19:01:26.279 [AsyncHttpClient-1-14] DEBUG org.asynchttpclient.netty.channel.ChannelManager - Adding key: http://localhost:59031 for channel [id: 0x1c760803, L:/127.0.0.1:52475 - R:localhost/127.0.0.1:59031]
19:01:26.282 [main] DEBUG net.serenitybdd.core.photography.Darkroom - Send negative for processing for target\site\serenity\4d98329a65403fb35239499910819cdb6d3d71d823e551da367b9fc52c2ec142.png
19:01:26.282 [main] DEBUG net.thucydides.core.steps.StepInterceptor - STEP DONE: validateStillOnLoginPage
  &amp#27;[32mThen &amp#27;[0m&amp#27;[32mI am on login page after logout&amp#27;[0m    &amp#27;[90m# starter.stepdefinitions.LogoutSteps.onLoginPageAfterLogout()&amp#27;[0m
19:01:26.289 [main] INFO  - 
  _____   ___   ___   _____     ___     _     ___   ___   ___   ___  
 |_   _| | __| / __| |_   _|   | _ \   /_\   / __| / __| | __| |   \ 
   | |   | _|  \__ \   | |     |  _/  / _ \  \__ \ \__ \ | _|  | |) |
   |_|   |___| |___/   |_|     |_|   /_/ \_\ |___/ |___/ |___| |___/ 

Logout an account
----------------------------------------------------------------------
19:01:26.291 [AsyncHttpClient-1-16] DEBUG org.asynchttpclient.netty.handler.WebSocketHandler - Channel Closed: [id: 0xcb132844, L:/127.0.0.1:52483 ! R:localhost/127.0.0.1:52476] with attribute NettyResponseFuture{currentRetry=5,
	isDone=1,
	isCancelled=0,
	asyncHandler=org.asynchttpclient.ws.WebSocketUpgradeHandler@1e52bb12,
	nettyRequest=org.asynchttpclient.netty.request.NettyRequest@5b5036bc,
	future=java.util.concurrent.CompletableFuture@19bbd474[Completed normally],
	uri=ws://localhost:52476/devtools/browser/f89cb669-99fe-4d48-b41b-777417b933a4,
	keepAlive=true,
	redirectCount=0,
	timeoutsHolder=null,
	inAuth=0,
	touch=1652875278673}
19:01:26.292 [AsyncHttpClient-1-16] DEBUG org.asynchttpclient.netty.channel.ChannelManager - Closing Channel [id: 0xcb132844, L:/127.0.0.1:52483 ! R:localhost/127.0.0.1:52476] 
19:01:26.293 [Driver Command Executor] DEBUG org.asynchttpclient.netty.request.NettyRequestSender - Using pooled Channel '[id: 0x1c760803, L:/127.0.0.1:52475 - R:localhost/127.0.0.1:59031]' for 'DELETE' to 'http://localhost:59031/session/6e22d47391f777f805a743dd60914b56'
19:01:26.293 [Driver Command Executor] DEBUG org.asynchttpclient.netty.request.NettyRequestSender - Using open Channel [id: 0x1c760803, L:/127.0.0.1:52475 - R:localhost/127.0.0.1:59031] for DELETE '/session/6e22d47391f777f805a743dd60914b56'
19:01:26.422 [AsyncHttpClient-1-15] DEBUG org.asynchttpclient.netty.handler.HttpHandler - Unexpected I/O exception on channel [id: 0x942b61a4, L:/127.0.0.1:52482 - R:localhost/127.0.0.1:52476]
java.io.IOException: An existing connection was forcibly closed by the remote host
	at java.base/sun.nio.ch.SocketDispatcher.read0(Native Method)
	at java.base/sun.nio.ch.SocketDispatcher.read(SocketDispatcher.java:43)
	at java.base/sun.nio.ch.IOUtil.readIntoNativeBuffer(IOUtil.java:276)
	at java.base/sun.nio.ch.IOUtil.read(IOUtil.java:233)
	at java.base/sun.nio.ch.IOUtil.read(IOUtil.java:223)
	at java.base/sun.nio.ch.SocketChannelImpl.read(SocketChannelImpl.java:358)
	at io.netty.buffer.PooledByteBuf.setBytes(PooledByteBuf.java:258)
	at io.netty.buffer.AbstractByteBuf.writeBytes(AbstractByteBuf.java:1132)
	at io.netty.channel.socket.nio.NioSocketChannel.doReadBytes(NioSocketChannel.java:350)
	at io.netty.channel.nio.AbstractNioByteChannel$NioByteUnsafe.read(AbstractNioByteChannel.java:151)
	at io.netty.channel.nio.NioEventLoop.processSelectedKey(NioEventLoop.java:722)
	at io.netty.channel.nio.NioEventLoop.processSelectedKeysOptimized(NioEventLoop.java:658)
	at io.netty.channel.nio.NioEventLoop.processSelectedKeys(NioEventLoop.java:584)
	at io.netty.channel.nio.NioEventLoop.run(NioEventLoop.java:496)
	at io.netty.util.concurrent.SingleThreadEventExecutor$4.run(SingleThreadEventExecutor.java:986)
	at io.netty.util.internal.ThreadExecutorMap$2.run(ThreadExecutorMap.java:74)
	at io.netty.util.concurrent.FastThreadLocalRunnable.run(FastThreadLocalRunnable.java:30)
	at java.base/java.lang.Thread.run(Thread.java:834)
19:01:26.423 [AsyncHttpClient-1-15] DEBUG org.asynchttpclient.netty.channel.ChannelManager - Closing Channel [id: 0x942b61a4, L:/127.0.0.1:52482 - R:localhost/127.0.0.1:52476] 
19:01:26.423 [AsyncHttpClient-1-15] DEBUG org.asynchttpclient.netty.handler.HttpHandler - Channel Closed: [id: 0x942b61a4, L:/127.0.0.1:52482 ! R:localhost/127.0.0.1:52476] with attribute DISCARD
19:01:26.464 [AsyncHttpClient-1-14] DEBUG org.asynchttpclient.netty.handler.HttpHandler - 

Request DefaultFullHttpRequest(decodeResult: success, version: HTTP/1.1, content: EmptyByteBufBE)
DELETE /session/6e22d47391f777f805a743dd60914b56 HTTP/1.1
User-Agent: selenium/4.1.2 (java windows)
Content-Type: application/json; charset=utf-8
host: localhost:59031
accept: */*

Response DefaultHttpResponse(decodeResult: success, version: HTTP/1.1)
HTTP/1.1 200 OK
Content-Type: application/json; charset=utf-8
cache-control: no-cache
content-length: 14

19:01:26.465 [AsyncHttpClient-1-14] DEBUG org.asynchttpclient.netty.channel.ChannelManager - Adding key: http://localhost:59031 for channel [id: 0x1c760803, L:/127.0.0.1:52475 - R:localhost/127.0.0.1:59031]
19:01:26.655 [AsyncHttpClient-1-14] DEBUG org.asynchttpclient.netty.handler.HttpHandler - Channel Closed: [id: 0x1c760803, L:/127.0.0.1:52475 ! R:localhost/127.0.0.1:59031] with attribute DISCARD
19:01:26.962 [AsyncHttpClient-1-1] DEBUG org.asynchttpclient.netty.channel.DefaultChannelPool - Entry count for : http://localhost:59031 : 1
19:01:26.962 [AsyncHttpClient-1-1] DEBUG org.asynchttpclient.netty.channel.DefaultChannelPool - Entry count for : http://localhost:52476 : 1
19:01:26.962 [AsyncHttpClient-1-1] DEBUG org.asynchttpclient.netty.channel.DefaultChannelPool - Adding Candidate expired Channel [id: 0x1c760803, L:/127.0.0.1:52475 ! R:localhost/127.0.0.1:59031] isIdleTimeoutExpired=false isRemotelyClosed=true isTtlExpired=false
19:01:26.962 [AsyncHttpClient-1-1] DEBUG org.asynchttpclient.netty.channel.DefaultChannelPool - Closing Idle Channel [id: 0x1c760803, L:/127.0.0.1:52475 ! R:localhost/127.0.0.1:59031]
19:01:26.962 [AsyncHttpClient-1-1] DEBUG org.asynchttpclient.netty.channel.DefaultChannelPool - Adding Candidate expired Channel [id: 0x942b61a4, L:/127.0.0.1:52482 ! R:localhost/127.0.0.1:52476] isIdleTimeoutExpired=false isRemotelyClosed=true isTtlExpired=false
19:01:26.962 [AsyncHttpClient-1-1] DEBUG org.asynchttpclient.netty.channel.DefaultChannelPool - Closing Idle Channel [id: 0x942b61a4, L:/127.0.0.1:52482 ! R:localhost/127.0.0.1:52476]
19:01:26.962 [AsyncHttpClient-1-1] DEBUG org.asynchttpclient.netty.channel.DefaultChannelPool - Closed 2 connections out of 2 in 0 ms
]]></system-out>
    <system-err><![CDATA[Starting ChromeDriver 101.0.4951.41 (93c720db8323b3ec10d056025ab95c23a31997c9-refs/branch-heads/4951@{#904}) on port 59031
Only local connections are allowed.
Please see https://chromedriver.chromium.org/security-considerations for suggestions on keeping ChromeDriver safe.
ChromeDriver was started successfully.
May 18, 2022 7:01:18 PM org.openqa.selenium.remote.ProtocolHandshake createSession
INFO: Detected dialect: W3C
May 18, 2022 7:01:18 PM org.openqa.selenium.devtools.CdpVersionFinder findNearestMatch
WARNING: Unable to find an exact match for CDP version 101, so returning the closest version found: 97
May 18, 2022 7:01:18 PM org.openqa.selenium.devtools.CdpVersionFinder findNearestMatch
INFO: Found CDP implementation for version 101 of 97
]]></system-err>
  </testcase>
  <testcase name="Order without login" classname="Order" time="8.683">
    <system-out><![CDATA[19:01:27.182 [main] INFO io.cucumber.core.plugin.SerenityReporter - Running feature from file:///D:/Intern/MSIB%20Alterra/alterra-mini-project/serenity-web-ui-test/src/test/resources/features/Order.feature
19:01:27.184 [main] DEBUG net.thucydides.core.steps.StepEventBus - Test suite started for story net.thucydides.core.model.Story@cc4b76a8
19:01:27.185 [main] INFO  - Test Suite Started: Order

Scenario: Order without login              &amp#27;[90m# src/test/resources/features/Order.feature:3&amp#27;[0m
19:01:27.197 [main] INFO io.cucumber.core.plugin.SerenityReporter - Running feature from file:///D:/Intern/MSIB%20Alterra/alterra-mini-project/serenity-web-ui-test/src/test/resources/features/Order.feature
19:01:27.199 [main] INFO  - 
  _____   ___   ___   _____     ___   _____     _     ___   _____   ___   ___  
 |_   _| | __| / __| |_   _|   / __| |_   _|   /_\   | _ \ |_   _| | __| |   \ 
   | |   | _|  \__ \   | |     \__ \   | |    / _ \  |   /   | |   | _|  | |) |
   |_|   |___| |___/   |_|     |___/   |_|   /_/ \_\ |_|_\   |_|   |___| |___/ 

Order without login(order;order-without-login)
--------------------------------------------------------------------------------
19:01:27.321 [main] DEBUG net.thucydides.core.steps.StepInterceptor - STARTING STEP: OrderSteps.onTheHomePage - homePage
19:01:27.321 [main] INFO net.serenitybdd.core.webdriver.driverproviders.ChromeDriverProvider - Using automatically driver download
19:01:27.478 [main] DEBUG io.github.bonigarcia.wdm.cache.ResolutionCache - Resolution chrome=101 in cache (valid until 20:00:39 18/05/2022 ICT)
19:01:27.489 [main] DEBUG io.github.bonigarcia.wdm.cache.ResolutionCache - Resolution chrome101=101.0.4951.41 in cache (valid until 19:00:39 19/05/2022 ICT)
19:01:27.492 [main] INFO io.github.bonigarcia.wdm.WebDriverManager - Using chromedriver 101.0.4951.41 (resolved driver for Chrome 101)
19:01:27.504 [main] DEBUG io.github.bonigarcia.wdm.WebDriverManager - Driver chromedriver 101.0.4951.41 found in cache
19:01:27.504 [main] INFO io.github.bonigarcia.wdm.WebDriverManager - Exporting webdriver.chrome.driver as C:\Users\saral\.cache\selenium\chromedriver\win32\101.0.4951.41\chromedriver.exe
19:01:27.636 [main] DEBUG net.serenitybdd.core.webdriver.driverproviders.ProvideNewDriver - Instantiating driver
19:01:27.636 [main] DEBUG net.serenitybdd.core.webdriver.driverproviders.ProvideNewDriver - Driver capabilities: Capabilities {acceptInsecureCerts: false, base.url: https://qa.alta.id/, browserName: chrome, chrome.driver: src/main/resources/webdrive..., driver: chrome, goog:chromeOptions: {args: [], extensions: []}}
19:01:28.174 [AsyncHttpClient-1-17] DEBUG org.asynchttpclient.netty.channel.NettyConnectListener - Using new Channel '[id: 0xb3a491e7, L:/127.0.0.1:52513 - R:localhost/127.0.0.1:60047]' for 'POST' to '/session'
19:01:29.066 [AsyncHttpClient-1-17] DEBUG org.asynchttpclient.netty.handler.HttpHandler - 

Request DefaultHttpRequest(decodeResult: success, version: HTTP/1.1)
POST /session HTTP/1.1
User-Agent: selenium/4.1.2 (java windows)
Content-Length: 605
Content-Type: application/json; charset=utf-8
host: localhost:60047
accept: */*

Response DefaultHttpResponse(decodeResult: success, version: HTTP/1.1)
HTTP/1.1 200 OK
Content-Type: application/json; charset=utf-8
cache-control: no-cache
content-length: 790

19:01:29.066 [AsyncHttpClient-1-17] DEBUG org.asynchttpclient.netty.channel.ChannelManager - Adding key: http://localhost:60047 for channel [id: 0xb3a491e7, L:/127.0.0.1:52513 - R:localhost/127.0.0.1:60047]
19:01:29.087 [AsyncHttpClient-1-2] DEBUG org.asynchttpclient.netty.channel.NettyConnectListener - Using new Channel '[id: 0xe3e70eec, L:/127.0.0.1:52520 - R:localhost/127.0.0.1:52514]' for 'GET' to '/json/version'
19:01:29.088 [AsyncHttpClient-1-2] DEBUG org.asynchttpclient.netty.handler.HttpHandler - 

Request DefaultFullHttpRequest(decodeResult: success, version: HTTP/1.1, content: EmptyByteBufBE)
GET /json/version HTTP/1.1
User-Agent: selenium/4.1.2 (java windows)
host: localhost:52514
accept: */*

Response DefaultHttpResponse(decodeResult: success, version: HTTP/1.1)
HTTP/1.1 200 OK
Content-Type: application/json; charset=UTF-8
content-length: 427

19:01:29.088 [AsyncHttpClient-1-2] DEBUG org.asynchttpclient.netty.channel.ChannelManager - Adding key: http://localhost:52514 for channel [id: 0xe3e70eec, L:/127.0.0.1:52520 - R:localhost/127.0.0.1:52514]
19:01:29.094 [AsyncHttpClient-1-3] DEBUG org.asynchttpclient.netty.channel.NettyConnectListener - Using new Channel '[id: 0x3fa67fad, L:/127.0.0.1:52521 - R:localhost/127.0.0.1:52514]' for 'GET' to '/devtools/browser/cabdb950-ef41-4e8d-8de2-723dc229b56e'
19:01:29.095 [AsyncHttpClient-1-3] DEBUG org.asynchttpclient.netty.handler.WebSocketHandler - 

Request DefaultFullHttpRequest(decodeResult: success, version: HTTP/1.1, content: EmptyByteBufBE)
GET /devtools/browser/cabdb950-ef41-4e8d-8de2-723dc229b56e HTTP/1.1
upgrade: websocket
connection: upgrade
sec-websocket-key: NN5LvjM63yvBqa1bqV1Qxw==
sec-websocket-version: 13
origin: http://localhost:52514
host: localhost:52514
accept: */*
user-agent: AHC/2.1

Response DefaultHttpResponse(decodeResult: success, version: HTTP/1.1)
HTTP/1.1 101 WebSocket Protocol Handshake
Upgrade: WebSocket
Connection: Upgrade
Sec-WebSocket-Accept: 7pgZWsvUKI9rNv6dYmQYsIDu1s4=

19:01:29.107 [Forwarding get on session 5dc7e26e9599cb2d0425cc330ea98c40 to remote] DEBUG org.asynchttpclient.netty.request.NettyRequestSender - Using pooled Channel '[id: 0xb3a491e7, L:/127.0.0.1:52513 - R:localhost/127.0.0.1:60047]' for 'POST' to 'http://localhost:60047/session/5dc7e26e9599cb2d0425cc330ea98c40/url'
19:01:29.107 [Forwarding get on session 5dc7e26e9599cb2d0425cc330ea98c40 to remote] DEBUG org.asynchttpclient.netty.request.NettyRequestSender - Using open Channel [id: 0xb3a491e7, L:/127.0.0.1:52513 - R:localhost/127.0.0.1:60047] for POST '/session/5dc7e26e9599cb2d0425cc330ea98c40/url'
19:01:29.160 [AsyncHttpClient-1-1] DEBUG org.asynchttpclient.netty.channel.DefaultChannelPool - Entry count for : http://localhost:52514 : 1
19:01:30.257 [AsyncHttpClient-1-1] DEBUG org.asynchttpclient.netty.channel.DefaultChannelPool - Entry count for : http://localhost:52514 : 1
19:01:30.382 [AsyncHttpClient-1-17] DEBUG org.asynchttpclient.netty.handler.HttpHandler - 

Request DefaultHttpRequest(decodeResult: success, version: HTTP/1.1)
POST /session/5dc7e26e9599cb2d0425cc330ea98c40/url HTTP/1.1
User-Agent: selenium/4.1.2 (java windows)
Content-Length: 49
Content-Type: application/json; charset=utf-8
host: localhost:60047
accept: */*

Response DefaultHttpResponse(decodeResult: success, version: HTTP/1.1)
HTTP/1.1 200 OK
Content-Type: application/json; charset=utf-8
cache-control: no-cache
content-length: 14

19:01:30.382 [AsyncHttpClient-1-17] DEBUG org.asynchttpclient.netty.channel.ChannelManager - Adding key: http://localhost:60047 for channel [id: 0xb3a491e7, L:/127.0.0.1:52513 - R:localhost/127.0.0.1:60047]
19:01:30.384 [Forwarding setTimeout on session 5dc7e26e9599cb2d0425cc330ea98c40 to remote] DEBUG org.asynchttpclient.netty.request.NettyRequestSender - Using pooled Channel '[id: 0xb3a491e7, L:/127.0.0.1:52513 - R:localhost/127.0.0.1:60047]' for 'POST' to 'http://localhost:60047/session/5dc7e26e9599cb2d0425cc330ea98c40/timeouts'
19:01:30.384 [Forwarding setTimeout on session 5dc7e26e9599cb2d0425cc330ea98c40 to remote] DEBUG org.asynchttpclient.netty.request.NettyRequestSender - Using open Channel [id: 0xb3a491e7, L:/127.0.0.1:52513 - R:localhost/127.0.0.1:60047] for POST '/session/5dc7e26e9599cb2d0425cc330ea98c40/timeouts'
19:01:30.385 [AsyncHttpClient-1-17] DEBUG org.asynchttpclient.netty.handler.HttpHandler - 

Request DefaultHttpRequest(decodeResult: success, version: HTTP/1.1)
POST /session/5dc7e26e9599cb2d0425cc330ea98c40/timeouts HTTP/1.1
User-Agent: selenium/4.1.2 (java windows)
Content-Length: 22
Content-Type: application/json; charset=utf-8
host: localhost:60047
accept: */*

Response DefaultHttpResponse(decodeResult: success, version: HTTP/1.1)
HTTP/1.1 200 OK
Content-Type: application/json; charset=utf-8
cache-control: no-cache
content-length: 14

19:01:30.385 [AsyncHttpClient-1-17] DEBUG org.asynchttpclient.netty.channel.ChannelManager - Adding key: http://localhost:60047 for channel [id: 0xb3a491e7, L:/127.0.0.1:52513 - R:localhost/127.0.0.1:60047]
19:01:30.390 [Forwarding getCurrentUrl on session 5dc7e26e9599cb2d0425cc330ea98c40 to remote] DEBUG org.asynchttpclient.netty.request.NettyRequestSender - Using pooled Channel '[id: 0xb3a491e7, L:/127.0.0.1:52513 - R:localhost/127.0.0.1:60047]' for 'GET' to 'http://localhost:60047/session/5dc7e26e9599cb2d0425cc330ea98c40/url'
19:01:30.390 [Forwarding getCurrentUrl on session 5dc7e26e9599cb2d0425cc330ea98c40 to remote] DEBUG org.asynchttpclient.netty.request.NettyRequestSender - Using open Channel [id: 0xb3a491e7, L:/127.0.0.1:52513 - R:localhost/127.0.0.1:60047] for GET '/session/5dc7e26e9599cb2d0425cc330ea98c40/url'
19:01:30.395 [AsyncHttpClient-1-17] DEBUG org.asynchttpclient.netty.handler.HttpHandler - 

Request DefaultFullHttpRequest(decodeResult: success, version: HTTP/1.1, content: EmptyByteBufBE)
GET /session/5dc7e26e9599cb2d0425cc330ea98c40/url HTTP/1.1
User-Agent: selenium/4.1.2 (java windows)
Cache-Control: no-cache
Content-Type: application/json; charset=utf-8
host: localhost:60047
accept: */*

Response DefaultHttpResponse(decodeResult: success, version: HTTP/1.1)
HTTP/1.1 200 OK
Content-Type: application/json; charset=utf-8
cache-control: no-cache
content-length: 31

19:01:30.395 [AsyncHttpClient-1-17] DEBUG org.asynchttpclient.netty.channel.ChannelManager - Adding key: http://localhost:60047 for channel [id: 0xb3a491e7, L:/127.0.0.1:52513 - R:localhost/127.0.0.1:60047]
19:01:30.400 [main] DEBUG net.serenitybdd.core.photography.Darkroom - Opening darkroom
19:01:30.401 [Darkroom Processing Line] DEBUG net.serenitybdd.core.photography.DarkroomProcessingLine - Darkroom processing line starting up
19:01:30.401 [Forwarding screenshot on session 5dc7e26e9599cb2d0425cc330ea98c40 to remote] DEBUG org.asynchttpclient.netty.request.NettyRequestSender - Using pooled Channel '[id: 0xb3a491e7, L:/127.0.0.1:52513 - R:localhost/127.0.0.1:60047]' for 'GET' to 'http://localhost:60047/session/5dc7e26e9599cb2d0425cc330ea98c40/screenshot'
19:01:30.401 [Forwarding screenshot on session 5dc7e26e9599cb2d0425cc330ea98c40 to remote] DEBUG org.asynchttpclient.netty.request.NettyRequestSender - Using open Channel [id: 0xb3a491e7, L:/127.0.0.1:52513 - R:localhost/127.0.0.1:60047] for GET '/session/5dc7e26e9599cb2d0425cc330ea98c40/screenshot'
19:01:30.720 [AsyncHttpClient-1-17] DEBUG org.asynchttpclient.netty.handler.HttpHandler - 

Request DefaultFullHttpRequest(decodeResult: success, version: HTTP/1.1, content: EmptyByteBufBE)
GET /session/5dc7e26e9599cb2d0425cc330ea98c40/screenshot HTTP/1.1
User-Agent: selenium/4.1.2 (java windows)
Cache-Control: no-cache
Content-Type: application/json; charset=utf-8
host: localhost:60047
accept: */*

Response DefaultHttpResponse(decodeResult: success, version: HTTP/1.1)
HTTP/1.1 200 OK
Content-Type: application/json; charset=utf-8
cache-control: no-cache
content-length: 34300

19:01:30.721 [AsyncHttpClient-1-17] DEBUG org.asynchttpclient.netty.channel.ChannelManager - Adding key: http://localhost:60047 for channel [id: 0xb3a491e7, L:/127.0.0.1:52513 - R:localhost/127.0.0.1:60047]
19:01:30.724 [main] DEBUG net.serenitybdd.core.photography.Darkroom - Send negative for processing for target\site\serenity\bcd978b561df2ce1d850778e5e5e2dc870776338216484dfea04748fc55f47da.png
19:01:30.724 [main] DEBUG net.thucydides.core.steps.StepInterceptor - STEP DONE: homePage
19:01:30.724 [Darkroom Processing Line] DEBUG net.serenitybdd.core.photography.DarkroomProcessingLine - Processing screenshot image in /var/screenshots/screenshot-8900678390704222184
19:01:30.724 [Darkroom Processing Line] DEBUG net.serenitybdd.core.photography.DarkroomProcessingLine - Saving screenshot to target\site\serenity\bcd978b561df2ce1d850778e5e5e2dc870776338216484dfea04748fc55f47da.png
19:01:30.738 [main] DEBUG net.thucydides.core.steps.StepInterceptor - STARTING STEP: OrderSteps.onTheHomePage - validateOnHomePage
19:01:30.745 [Forwarding findElement on session 5dc7e26e9599cb2d0425cc330ea98c40 to remote] DEBUG org.asynchttpclient.netty.request.NettyRequestSender - Using pooled Channel '[id: 0xb3a491e7, L:/127.0.0.1:52513 - R:localhost/127.0.0.1:60047]' for 'POST' to 'http://localhost:60047/session/5dc7e26e9599cb2d0425cc330ea98c40/element'
19:01:30.746 [Forwarding findElement on session 5dc7e26e9599cb2d0425cc330ea98c40 to remote] DEBUG org.asynchttpclient.netty.request.NettyRequestSender - Using open Channel [id: 0xb3a491e7, L:/127.0.0.1:52513 - R:localhost/127.0.0.1:60047] for POST '/session/5dc7e26e9599cb2d0425cc330ea98c40/element'
19:01:31.362 [AsyncHttpClient-1-1] DEBUG org.asynchttpclient.netty.channel.DefaultChannelPool - Entry count for : http://localhost:52514 : 1
19:01:32.457 [AsyncHttpClient-1-1] DEBUG org.asynchttpclient.netty.channel.DefaultChannelPool - Entry count for : http://localhost:52514 : 1
19:01:33.425 [AsyncHttpClient-1-17] DEBUG org.asynchttpclient.netty.handler.HttpHandler - 

Request DefaultHttpRequest(decodeResult: success, version: HTTP/1.1)
POST /session/5dc7e26e9599cb2d0425cc330ea98c40/element HTTP/1.1
User-Agent: selenium/4.1.2 (java windows)
Content-Length: 140
Content-Type: application/json; charset=utf-8
host: localhost:60047
accept: */*

Response DefaultHttpResponse(decodeResult: success, version: HTTP/1.1)
HTTP/1.1 200 OK
Content-Type: application/json; charset=utf-8
cache-control: no-cache
content-length: 88

19:01:33.425 [AsyncHttpClient-1-17] DEBUG org.asynchttpclient.netty.channel.ChannelManager - Adding key: http://localhost:60047 for channel [id: 0xb3a491e7, L:/127.0.0.1:52513 - R:localhost/127.0.0.1:60047]
19:01:33.430 [Forwarding isElementDisplayed on session 5dc7e26e9599cb2d0425cc330ea98c40 to remote] DEBUG org.asynchttpclient.netty.request.NettyRequestSender - Using pooled Channel '[id: 0xb3a491e7, L:/127.0.0.1:52513 - R:localhost/127.0.0.1:60047]' for 'POST' to 'http://localhost:60047/session/5dc7e26e9599cb2d0425cc330ea98c40/execute/sync'
19:01:33.430 [Forwarding isElementDisplayed on session 5dc7e26e9599cb2d0425cc330ea98c40 to remote] DEBUG org.asynchttpclient.netty.request.NettyRequestSender - Using open Channel [id: 0xb3a491e7, L:/127.0.0.1:52513 - R:localhost/127.0.0.1:60047] for POST '/session/5dc7e26e9599cb2d0425cc330ea98c40/execute/sync'
19:01:33.448 [AsyncHttpClient-1-17] DEBUG org.asynchttpclient.netty.handler.HttpHandler - 

Request DefaultHttpRequest(decodeResult: success, version: HTTP/1.1)
POST /session/5dc7e26e9599cb2d0425cc330ea98c40/execute/sync HTTP/1.1
User-Agent: selenium/4.1.2 (java windows)
Content-Length: 48780
Content-Type: application/json; charset=utf-8
host: localhost:60047
accept: */*

Response DefaultHttpResponse(decodeResult: success, version: HTTP/1.1)
HTTP/1.1 200 OK
Content-Type: application/json; charset=utf-8
cache-control: no-cache
content-length: 14

19:01:33.449 [AsyncHttpClient-1-17] DEBUG org.asynchttpclient.netty.channel.ChannelManager - Adding key: http://localhost:60047 for channel [id: 0xb3a491e7, L:/127.0.0.1:52513 - R:localhost/127.0.0.1:60047]
19:01:33.455 [Forwarding screenshot on session 5dc7e26e9599cb2d0425cc330ea98c40 to remote] DEBUG org.asynchttpclient.netty.request.NettyRequestSender - Using pooled Channel '[id: 0xb3a491e7, L:/127.0.0.1:52513 - R:localhost/127.0.0.1:60047]' for 'GET' to 'http://localhost:60047/session/5dc7e26e9599cb2d0425cc330ea98c40/screenshot'
19:01:33.455 [Forwarding screenshot on session 5dc7e26e9599cb2d0425cc330ea98c40 to remote] DEBUG org.asynchttpclient.netty.request.NettyRequestSender - Using open Channel [id: 0xb3a491e7, L:/127.0.0.1:52513 - R:localhost/127.0.0.1:60047] for GET '/session/5dc7e26e9599cb2d0425cc330ea98c40/screenshot'
19:01:33.553 [AsyncHttpClient-1-17] DEBUG org.asynchttpclient.netty.handler.HttpHandler - 

Request DefaultFullHttpRequest(decodeResult: success, version: HTTP/1.1, content: EmptyByteBufBE)
GET /session/5dc7e26e9599cb2d0425cc330ea98c40/screenshot HTTP/1.1
User-Agent: selenium/4.1.2 (java windows)
Cache-Control: no-cache
Content-Type: application/json; charset=utf-8
host: localhost:60047
accept: */*

Response DefaultHttpResponse(decodeResult: success, version: HTTP/1.1)
HTTP/1.1 200 OK
Content-Type: application/json; charset=utf-8
cache-control: no-cache
content-length: 77868

19:01:33.554 [AsyncHttpClient-1-17] DEBUG org.asynchttpclient.netty.channel.ChannelManager - Adding key: http://localhost:60047 for channel [id: 0xb3a491e7, L:/127.0.0.1:52513 - R:localhost/127.0.0.1:60047]
19:01:33.557 [main] DEBUG net.serenitybdd.core.photography.Darkroom - Send negative for processing for target\site\serenity\7de30f064bdf2c90abe72af91ec9d0d70d5874418aa6d97ec2e3a4bc00bc48b1.png
19:01:33.557 [main] DEBUG net.thucydides.core.steps.StepInterceptor - STEP DONE: validateOnHomePage
  &amp#27;[32mGiven &amp#27;[0m&amp#27;[32mI am on the home page for order&amp#27;[0m    &amp#27;[90m# starter.stepdefinitions.OrderSteps.onTheHomePage()&amp#27;[0m
19:01:33.557 [AsyncHttpClient-1-1] DEBUG org.asynchttpclient.netty.channel.DefaultChannelPool - Entry count for : http://localhost:52514 : 1
19:01:33.557 [AsyncHttpClient-1-1] DEBUG org.asynchttpclient.netty.channel.DefaultChannelPool - Entry count for : http://localhost:60047 : 1
19:01:33.557 [Darkroom Processing Line] DEBUG net.serenitybdd.core.photography.DarkroomProcessingLine - Processing screenshot image in /var/screenshots/screenshot-1082204827572589431
19:01:33.557 [Darkroom Processing Line] DEBUG net.serenitybdd.core.photography.DarkroomProcessingLine - Saving screenshot to target\site\serenity\7de30f064bdf2c90abe72af91ec9d0d70d5874418aa6d97ec2e3a4bc00bc48b1.png
19:01:33.569 [main] DEBUG net.thucydides.core.steps.StepInterceptor - STARTING STEP: OrderSteps.clickBeliButton - clickBeliButton
19:01:33.574 [Forwarding findElement on session 5dc7e26e9599cb2d0425cc330ea98c40 to remote] DEBUG org.asynchttpclient.netty.request.NettyRequestSender - Using pooled Channel '[id: 0xb3a491e7, L:/127.0.0.1:52513 - R:localhost/127.0.0.1:60047]' for 'POST' to 'http://localhost:60047/session/5dc7e26e9599cb2d0425cc330ea98c40/element'
19:01:33.574 [Forwarding findElement on session 5dc7e26e9599cb2d0425cc330ea98c40 to remote] DEBUG org.asynchttpclient.netty.request.NettyRequestSender - Using open Channel [id: 0xb3a491e7, L:/127.0.0.1:52513 - R:localhost/127.0.0.1:60047] for POST '/session/5dc7e26e9599cb2d0425cc330ea98c40/element'
19:01:33.592 [AsyncHttpClient-1-17] DEBUG org.asynchttpclient.netty.handler.HttpHandler - 

Request DefaultHttpRequest(decodeResult: success, version: HTTP/1.1)
POST /session/5dc7e26e9599cb2d0425cc330ea98c40/element HTTP/1.1
User-Agent: selenium/4.1.2 (java windows)
Content-Length: 140
Content-Type: application/json; charset=utf-8
host: localhost:60047
accept: */*

Response DefaultHttpResponse(decodeResult: success, version: HTTP/1.1)
HTTP/1.1 200 OK
Content-Type: application/json; charset=utf-8
cache-control: no-cache
content-length: 88

19:01:33.592 [AsyncHttpClient-1-17] DEBUG org.asynchttpclient.netty.channel.ChannelManager - Adding key: http://localhost:60047 for channel [id: 0xb3a491e7, L:/127.0.0.1:52513 - R:localhost/127.0.0.1:60047]
19:01:33.596 [Forwarding getElementTagName on session 5dc7e26e9599cb2d0425cc330ea98c40 to remote] DEBUG org.asynchttpclient.netty.request.NettyRequestSender - Using pooled Channel '[id: 0xb3a491e7, L:/127.0.0.1:52513 - R:localhost/127.0.0.1:60047]' for 'GET' to 'http://localhost:60047/session/5dc7e26e9599cb2d0425cc330ea98c40/element/5889b666-0762-4741-97ca-c5a78aca38e9/name'
19:01:33.596 [Forwarding getElementTagName on session 5dc7e26e9599cb2d0425cc330ea98c40 to remote] DEBUG org.asynchttpclient.netty.request.NettyRequestSender - Using open Channel [id: 0xb3a491e7, L:/127.0.0.1:52513 - R:localhost/127.0.0.1:60047] for GET '/session/5dc7e26e9599cb2d0425cc330ea98c40/element/5889b666-0762-4741-97ca-c5a78aca38e9/name'
19:01:33.600 [AsyncHttpClient-1-17] DEBUG org.asynchttpclient.netty.handler.HttpHandler - 

Request DefaultFullHttpRequest(decodeResult: success, version: HTTP/1.1, content: EmptyByteBufBE)
GET /session/5dc7e26e9599cb2d0425cc330ea98c40/element/5889b666-0762-4741-97ca-c5a78aca38e9/name HTTP/1.1
User-Agent: selenium/4.1.2 (java windows)
Cache-Control: no-cache
Content-Type: application/json; charset=utf-8
host: localhost:60047
accept: */*

Response DefaultHttpResponse(decodeResult: success, version: HTTP/1.1)
HTTP/1.1 200 OK
Content-Type: application/json; charset=utf-8
cache-control: no-cache
content-length: 18

19:01:33.600 [AsyncHttpClient-1-17] DEBUG org.asynchttpclient.netty.channel.ChannelManager - Adding key: http://localhost:60047 for channel [id: 0xb3a491e7, L:/127.0.0.1:52513 - R:localhost/127.0.0.1:60047]
19:01:33.602 [Forwarding getElementTagName on session 5dc7e26e9599cb2d0425cc330ea98c40 to remote] DEBUG org.asynchttpclient.netty.request.NettyRequestSender - Using pooled Channel '[id: 0xb3a491e7, L:/127.0.0.1:52513 - R:localhost/127.0.0.1:60047]' for 'GET' to 'http://localhost:60047/session/5dc7e26e9599cb2d0425cc330ea98c40/element/5889b666-0762-4741-97ca-c5a78aca38e9/name'
19:01:33.603 [Forwarding getElementTagName on session 5dc7e26e9599cb2d0425cc330ea98c40 to remote] DEBUG org.asynchttpclient.netty.request.NettyRequestSender - Using open Channel [id: 0xb3a491e7, L:/127.0.0.1:52513 - R:localhost/127.0.0.1:60047] for GET '/session/5dc7e26e9599cb2d0425cc330ea98c40/element/5889b666-0762-4741-97ca-c5a78aca38e9/name'
19:01:33.606 [AsyncHttpClient-1-17] DEBUG org.asynchttpclient.netty.handler.HttpHandler - 

Request DefaultFullHttpRequest(decodeResult: success, version: HTTP/1.1, content: EmptyByteBufBE)
GET /session/5dc7e26e9599cb2d0425cc330ea98c40/element/5889b666-0762-4741-97ca-c5a78aca38e9/name HTTP/1.1
User-Agent: selenium/4.1.2 (java windows)
Cache-Control: no-cache
Content-Type: application/json; charset=utf-8
host: localhost:60047
accept: */*

Response DefaultHttpResponse(decodeResult: success, version: HTTP/1.1)
HTTP/1.1 200 OK
Content-Type: application/json; charset=utf-8
cache-control: no-cache
content-length: 18

19:01:33.606 [AsyncHttpClient-1-17] DEBUG org.asynchttpclient.netty.channel.ChannelManager - Adding key: http://localhost:60047 for channel [id: 0xb3a491e7, L:/127.0.0.1:52513 - R:localhost/127.0.0.1:60047]
19:01:33.609 [Forwarding isElementEnabled on session 5dc7e26e9599cb2d0425cc330ea98c40 to remote] DEBUG org.asynchttpclient.netty.request.NettyRequestSender - Using pooled Channel '[id: 0xb3a491e7, L:/127.0.0.1:52513 - R:localhost/127.0.0.1:60047]' for 'GET' to 'http://localhost:60047/session/5dc7e26e9599cb2d0425cc330ea98c40/element/5889b666-0762-4741-97ca-c5a78aca38e9/enabled'
19:01:33.610 [Forwarding isElementEnabled on session 5dc7e26e9599cb2d0425cc330ea98c40 to remote] DEBUG org.asynchttpclient.netty.request.NettyRequestSender - Using open Channel [id: 0xb3a491e7, L:/127.0.0.1:52513 - R:localhost/127.0.0.1:60047] for GET '/session/5dc7e26e9599cb2d0425cc330ea98c40/element/5889b666-0762-4741-97ca-c5a78aca38e9/enabled'
19:01:33.619 [AsyncHttpClient-1-17] DEBUG org.asynchttpclient.netty.handler.HttpHandler - 

Request DefaultFullHttpRequest(decodeResult: success, version: HTTP/1.1, content: EmptyByteBufBE)
GET /session/5dc7e26e9599cb2d0425cc330ea98c40/element/5889b666-0762-4741-97ca-c5a78aca38e9/enabled HTTP/1.1
User-Agent: selenium/4.1.2 (java windows)
Cache-Control: no-cache
Content-Type: application/json; charset=utf-8
host: localhost:60047
accept: */*

Response DefaultHttpResponse(decodeResult: success, version: HTTP/1.1)
HTTP/1.1 200 OK
Content-Type: application/json; charset=utf-8
cache-control: no-cache
content-length: 14

19:01:33.619 [AsyncHttpClient-1-17] DEBUG org.asynchttpclient.netty.channel.ChannelManager - Adding key: http://localhost:60047 for channel [id: 0xb3a491e7, L:/127.0.0.1:52513 - R:localhost/127.0.0.1:60047]
19:01:33.621 [Forwarding isElementEnabled on session 5dc7e26e9599cb2d0425cc330ea98c40 to remote] DEBUG org.asynchttpclient.netty.request.NettyRequestSender - Using pooled Channel '[id: 0xb3a491e7, L:/127.0.0.1:52513 - R:localhost/127.0.0.1:60047]' for 'GET' to 'http://localhost:60047/session/5dc7e26e9599cb2d0425cc330ea98c40/element/5889b666-0762-4741-97ca-c5a78aca38e9/enabled'
19:01:33.621 [Forwarding isElementEnabled on session 5dc7e26e9599cb2d0425cc330ea98c40 to remote] DEBUG org.asynchttpclient.netty.request.NettyRequestSender - Using open Channel [id: 0xb3a491e7, L:/127.0.0.1:52513 - R:localhost/127.0.0.1:60047] for GET '/session/5dc7e26e9599cb2d0425cc330ea98c40/element/5889b666-0762-4741-97ca-c5a78aca38e9/enabled'
19:01:33.626 [AsyncHttpClient-1-17] DEBUG org.asynchttpclient.netty.handler.HttpHandler - 

Request DefaultFullHttpRequest(decodeResult: success, version: HTTP/1.1, content: EmptyByteBufBE)
GET /session/5dc7e26e9599cb2d0425cc330ea98c40/element/5889b666-0762-4741-97ca-c5a78aca38e9/enabled HTTP/1.1
User-Agent: selenium/4.1.2 (java windows)
Cache-Control: no-cache
Content-Type: application/json; charset=utf-8
host: localhost:60047
accept: */*

Response DefaultHttpResponse(decodeResult: success, version: HTTP/1.1)
HTTP/1.1 200 OK
Content-Type: application/json; charset=utf-8
cache-control: no-cache
content-length: 14

19:01:33.627 [AsyncHttpClient-1-17] DEBUG org.asynchttpclient.netty.channel.ChannelManager - Adding key: http://localhost:60047 for channel [id: 0xb3a491e7, L:/127.0.0.1:52513 - R:localhost/127.0.0.1:60047]
19:01:33.629 [Forwarding findElement on session 5dc7e26e9599cb2d0425cc330ea98c40 to remote] DEBUG org.asynchttpclient.netty.request.NettyRequestSender - Using pooled Channel '[id: 0xb3a491e7, L:/127.0.0.1:52513 - R:localhost/127.0.0.1:60047]' for 'POST' to 'http://localhost:60047/session/5dc7e26e9599cb2d0425cc330ea98c40/element'
19:01:33.629 [Forwarding findElement on session 5dc7e26e9599cb2d0425cc330ea98c40 to remote] DEBUG org.asynchttpclient.netty.request.NettyRequestSender - Using open Channel [id: 0xb3a491e7, L:/127.0.0.1:52513 - R:localhost/127.0.0.1:60047] for POST '/session/5dc7e26e9599cb2d0425cc330ea98c40/element'
19:01:33.646 [AsyncHttpClient-1-17] DEBUG org.asynchttpclient.netty.handler.HttpHandler - 

Request DefaultHttpRequest(decodeResult: success, version: HTTP/1.1)
POST /session/5dc7e26e9599cb2d0425cc330ea98c40/element HTTP/1.1
User-Agent: selenium/4.1.2 (java windows)
Content-Length: 140
Content-Type: application/json; charset=utf-8
host: localhost:60047
accept: */*

Response DefaultHttpResponse(decodeResult: success, version: HTTP/1.1)
HTTP/1.1 200 OK
Content-Type: application/json; charset=utf-8
cache-control: no-cache
content-length: 88

19:01:33.647 [AsyncHttpClient-1-17] DEBUG org.asynchttpclient.netty.channel.ChannelManager - Adding key: http://localhost:60047 for channel [id: 0xb3a491e7, L:/127.0.0.1:52513 - R:localhost/127.0.0.1:60047]
19:01:33.648 [Forwarding clickElement on session 5dc7e26e9599cb2d0425cc330ea98c40 to remote] DEBUG org.asynchttpclient.netty.request.NettyRequestSender - Using pooled Channel '[id: 0xb3a491e7, L:/127.0.0.1:52513 - R:localhost/127.0.0.1:60047]' for 'POST' to 'http://localhost:60047/session/5dc7e26e9599cb2d0425cc330ea98c40/element/5889b666-0762-4741-97ca-c5a78aca38e9/click'
19:01:33.648 [Forwarding clickElement on session 5dc7e26e9599cb2d0425cc330ea98c40 to remote] DEBUG org.asynchttpclient.netty.request.NettyRequestSender - Using open Channel [id: 0xb3a491e7, L:/127.0.0.1:52513 - R:localhost/127.0.0.1:60047] for POST '/session/5dc7e26e9599cb2d0425cc330ea98c40/element/5889b666-0762-4741-97ca-c5a78aca38e9/click'
19:01:33.740 [AsyncHttpClient-1-17] DEBUG org.asynchttpclient.netty.handler.HttpHandler - 

Request DefaultHttpRequest(decodeResult: success, version: HTTP/1.1)
POST /session/5dc7e26e9599cb2d0425cc330ea98c40/element/5889b666-0762-4741-97ca-c5a78aca38e9/click HTTP/1.1
User-Agent: selenium/4.1.2 (java windows)
Content-Length: 50
Content-Type: application/json; charset=utf-8
host: localhost:60047
accept: */*

Response DefaultHttpResponse(decodeResult: success, version: HTTP/1.1)
HTTP/1.1 200 OK
Content-Type: application/json; charset=utf-8
cache-control: no-cache
content-length: 14

19:01:33.740 [AsyncHttpClient-1-17] DEBUG org.asynchttpclient.netty.channel.ChannelManager - Adding key: http://localhost:60047 for channel [id: 0xb3a491e7, L:/127.0.0.1:52513 - R:localhost/127.0.0.1:60047]
19:01:33.749 [Forwarding screenshot on session 5dc7e26e9599cb2d0425cc330ea98c40 to remote] DEBUG org.asynchttpclient.netty.request.NettyRequestSender - Using pooled Channel '[id: 0xb3a491e7, L:/127.0.0.1:52513 - R:localhost/127.0.0.1:60047]' for 'GET' to 'http://localhost:60047/session/5dc7e26e9599cb2d0425cc330ea98c40/screenshot'
19:01:33.749 [Forwarding screenshot on session 5dc7e26e9599cb2d0425cc330ea98c40 to remote] DEBUG org.asynchttpclient.netty.request.NettyRequestSender - Using open Channel [id: 0xb3a491e7, L:/127.0.0.1:52513 - R:localhost/127.0.0.1:60047] for GET '/session/5dc7e26e9599cb2d0425cc330ea98c40/screenshot'
19:01:33.890 [AsyncHttpClient-1-17] DEBUG org.asynchttpclient.netty.handler.HttpHandler - 

Request DefaultFullHttpRequest(decodeResult: success, version: HTTP/1.1, content: EmptyByteBufBE)
GET /session/5dc7e26e9599cb2d0425cc330ea98c40/screenshot HTTP/1.1
User-Agent: selenium/4.1.2 (java windows)
Cache-Control: no-cache
Content-Type: application/json; charset=utf-8
host: localhost:60047
accept: */*

Response DefaultHttpResponse(decodeResult: success, version: HTTP/1.1)
HTTP/1.1 200 OK
Content-Type: application/json; charset=utf-8
cache-control: no-cache
content-length: 79540

19:01:33.891 [AsyncHttpClient-1-17] DEBUG org.asynchttpclient.netty.channel.ChannelManager - Adding key: http://localhost:60047 for channel [id: 0xb3a491e7, L:/127.0.0.1:52513 - R:localhost/127.0.0.1:60047]
19:01:33.894 [main] DEBUG net.serenitybdd.core.photography.Darkroom - Send negative for processing for target\site\serenity\851d2cf35d3bec5e3d8f25f17d28dd3a52392b6e85fb76bbda3cdec7b25b8528.png
19:01:33.895 [main] DEBUG net.thucydides.core.steps.StepInterceptor - STEP DONE: clickBeliButton
  &amp#27;[32mWhen &amp#27;[0m&amp#27;[32mI click on Beli button on a product&amp#27;[0m &amp#27;[90m# starter.stepdefinitions.OrderSteps.clickBeliButton()&amp#27;[0m
19:01:33.895 [Darkroom Processing Line] DEBUG net.serenitybdd.core.photography.DarkroomProcessingLine - Processing screenshot image in /var/screenshots/screenshot-9478287150586978184
19:01:33.895 [Darkroom Processing Line] DEBUG net.serenitybdd.core.photography.DarkroomProcessingLine - Saving screenshot to target\site\serenity\851d2cf35d3bec5e3d8f25f17d28dd3a52392b6e85fb76bbda3cdec7b25b8528.png
19:01:33.918 [main] DEBUG net.thucydides.core.steps.StepInterceptor - STARTING STEP: OrderSteps.clickCartIcon - clickCartIcon
19:01:33.924 [Forwarding findElement on session 5dc7e26e9599cb2d0425cc330ea98c40 to remote] DEBUG org.asynchttpclient.netty.request.NettyRequestSender - Using pooled Channel '[id: 0xb3a491e7, L:/127.0.0.1:52513 - R:localhost/127.0.0.1:60047]' for 'POST' to 'http://localhost:60047/session/5dc7e26e9599cb2d0425cc330ea98c40/element'
19:01:33.924 [Forwarding findElement on session 5dc7e26e9599cb2d0425cc330ea98c40 to remote] DEBUG org.asynchttpclient.netty.request.NettyRequestSender - Using open Channel [id: 0xb3a491e7, L:/127.0.0.1:52513 - R:localhost/127.0.0.1:60047] for POST '/session/5dc7e26e9599cb2d0425cc330ea98c40/element'
19:01:34.002 [AsyncHttpClient-1-17] DEBUG org.asynchttpclient.netty.handler.HttpHandler - 

Request DefaultHttpRequest(decodeResult: success, version: HTTP/1.1)
POST /session/5dc7e26e9599cb2d0425cc330ea98c40/element HTTP/1.1
User-Agent: selenium/4.1.2 (java windows)
Content-Length: 112
Content-Type: application/json; charset=utf-8
host: localhost:60047
accept: */*

Response DefaultHttpResponse(decodeResult: success, version: HTTP/1.1)
HTTP/1.1 200 OK
Content-Type: application/json; charset=utf-8
cache-control: no-cache
content-length: 88

19:01:34.002 [AsyncHttpClient-1-17] DEBUG org.asynchttpclient.netty.channel.ChannelManager - Adding key: http://localhost:60047 for channel [id: 0xb3a491e7, L:/127.0.0.1:52513 - R:localhost/127.0.0.1:60047]
19:01:34.005 [Forwarding getElementTagName on session 5dc7e26e9599cb2d0425cc330ea98c40 to remote] DEBUG org.asynchttpclient.netty.request.NettyRequestSender - Using pooled Channel '[id: 0xb3a491e7, L:/127.0.0.1:52513 - R:localhost/127.0.0.1:60047]' for 'GET' to 'http://localhost:60047/session/5dc7e26e9599cb2d0425cc330ea98c40/element/2d505145-a49d-4025-b033-65d9515c79a3/name'
19:01:34.005 [Forwarding getElementTagName on session 5dc7e26e9599cb2d0425cc330ea98c40 to remote] DEBUG org.asynchttpclient.netty.request.NettyRequestSender - Using open Channel [id: 0xb3a491e7, L:/127.0.0.1:52513 - R:localhost/127.0.0.1:60047] for GET '/session/5dc7e26e9599cb2d0425cc330ea98c40/element/2d505145-a49d-4025-b033-65d9515c79a3/name'
19:01:34.011 [AsyncHttpClient-1-17] DEBUG org.asynchttpclient.netty.handler.HttpHandler - 

Request DefaultFullHttpRequest(decodeResult: success, version: HTTP/1.1, content: EmptyByteBufBE)
GET /session/5dc7e26e9599cb2d0425cc330ea98c40/element/2d505145-a49d-4025-b033-65d9515c79a3/name HTTP/1.1
User-Agent: selenium/4.1.2 (java windows)
Cache-Control: no-cache
Content-Type: application/json; charset=utf-8
host: localhost:60047
accept: */*

Response DefaultHttpResponse(decodeResult: success, version: HTTP/1.1)
HTTP/1.1 200 OK
Content-Type: application/json; charset=utf-8
cache-control: no-cache
content-length: 13

19:01:34.012 [AsyncHttpClient-1-17] DEBUG org.asynchttpclient.netty.channel.ChannelManager - Adding key: http://localhost:60047 for channel [id: 0xb3a491e7, L:/127.0.0.1:52513 - R:localhost/127.0.0.1:60047]
19:01:34.016 [Forwarding getElementTagName on session 5dc7e26e9599cb2d0425cc330ea98c40 to remote] DEBUG org.asynchttpclient.netty.request.NettyRequestSender - Using pooled Channel '[id: 0xb3a491e7, L:/127.0.0.1:52513 - R:localhost/127.0.0.1:60047]' for 'GET' to 'http://localhost:60047/session/5dc7e26e9599cb2d0425cc330ea98c40/element/2d505145-a49d-4025-b033-65d9515c79a3/name'
19:01:34.016 [Forwarding getElementTagName on session 5dc7e26e9599cb2d0425cc330ea98c40 to remote] DEBUG org.asynchttpclient.netty.request.NettyRequestSender - Using open Channel [id: 0xb3a491e7, L:/127.0.0.1:52513 - R:localhost/127.0.0.1:60047] for GET '/session/5dc7e26e9599cb2d0425cc330ea98c40/element/2d505145-a49d-4025-b033-65d9515c79a3/name'
19:01:34.020 [AsyncHttpClient-1-17] DEBUG org.asynchttpclient.netty.handler.HttpHandler - 

Request DefaultFullHttpRequest(decodeResult: success, version: HTTP/1.1, content: EmptyByteBufBE)
GET /session/5dc7e26e9599cb2d0425cc330ea98c40/element/2d505145-a49d-4025-b033-65d9515c79a3/name HTTP/1.1
User-Agent: selenium/4.1.2 (java windows)
Cache-Control: no-cache
Content-Type: application/json; charset=utf-8
host: localhost:60047
accept: */*

Response DefaultHttpResponse(decodeResult: success, version: HTTP/1.1)
HTTP/1.1 200 OK
Content-Type: application/json; charset=utf-8
cache-control: no-cache
content-length: 13

19:01:34.021 [AsyncHttpClient-1-17] DEBUG org.asynchttpclient.netty.channel.ChannelManager - Adding key: http://localhost:60047 for channel [id: 0xb3a491e7, L:/127.0.0.1:52513 - R:localhost/127.0.0.1:60047]
19:01:34.027 [Forwarding findElement on session 5dc7e26e9599cb2d0425cc330ea98c40 to remote] DEBUG org.asynchttpclient.netty.request.NettyRequestSender - Using pooled Channel '[id: 0xb3a491e7, L:/127.0.0.1:52513 - R:localhost/127.0.0.1:60047]' for 'POST' to 'http://localhost:60047/session/5dc7e26e9599cb2d0425cc330ea98c40/element'
19:01:34.027 [Forwarding findElement on session 5dc7e26e9599cb2d0425cc330ea98c40 to remote] DEBUG org.asynchttpclient.netty.request.NettyRequestSender - Using open Channel [id: 0xb3a491e7, L:/127.0.0.1:52513 - R:localhost/127.0.0.1:60047] for POST '/session/5dc7e26e9599cb2d0425cc330ea98c40/element'
19:01:34.054 [AsyncHttpClient-1-17] DEBUG org.asynchttpclient.netty.handler.HttpHandler - 

Request DefaultHttpRequest(decodeResult: success, version: HTTP/1.1)
POST /session/5dc7e26e9599cb2d0425cc330ea98c40/element HTTP/1.1
User-Agent: selenium/4.1.2 (java windows)
Content-Length: 112
Content-Type: application/json; charset=utf-8
host: localhost:60047
accept: */*

Response DefaultHttpResponse(decodeResult: success, version: HTTP/1.1)
HTTP/1.1 200 OK
Content-Type: application/json; charset=utf-8
cache-control: no-cache
content-length: 88

19:01:34.054 [AsyncHttpClient-1-17] DEBUG org.asynchttpclient.netty.channel.ChannelManager - Adding key: http://localhost:60047 for channel [id: 0xb3a491e7, L:/127.0.0.1:52513 - R:localhost/127.0.0.1:60047]
19:01:34.057 [Forwarding clickElement on session 5dc7e26e9599cb2d0425cc330ea98c40 to remote] DEBUG org.asynchttpclient.netty.request.NettyRequestSender - Using pooled Channel '[id: 0xb3a491e7, L:/127.0.0.1:52513 - R:localhost/127.0.0.1:60047]' for 'POST' to 'http://localhost:60047/session/5dc7e26e9599cb2d0425cc330ea98c40/element/2d505145-a49d-4025-b033-65d9515c79a3/click'
19:01:34.057 [Forwarding clickElement on session 5dc7e26e9599cb2d0425cc330ea98c40 to remote] DEBUG org.asynchttpclient.netty.request.NettyRequestSender - Using open Channel [id: 0xb3a491e7, L:/127.0.0.1:52513 - R:localhost/127.0.0.1:60047] for POST '/session/5dc7e26e9599cb2d0425cc330ea98c40/element/2d505145-a49d-4025-b033-65d9515c79a3/click'
19:01:34.151 [AsyncHttpClient-1-17] DEBUG org.asynchttpclient.netty.handler.HttpHandler - 

Request DefaultHttpRequest(decodeResult: success, version: HTTP/1.1)
POST /session/5dc7e26e9599cb2d0425cc330ea98c40/element/2d505145-a49d-4025-b033-65d9515c79a3/click HTTP/1.1
User-Agent: selenium/4.1.2 (java windows)
Content-Length: 50
Content-Type: application/json; charset=utf-8
host: localhost:60047
accept: */*

Response DefaultHttpResponse(decodeResult: success, version: HTTP/1.1)
HTTP/1.1 200 OK
Content-Type: application/json; charset=utf-8
cache-control: no-cache
content-length: 14

19:01:34.152 [AsyncHttpClient-1-17] DEBUG org.asynchttpclient.netty.channel.ChannelManager - Adding key: http://localhost:60047 for channel [id: 0xb3a491e7, L:/127.0.0.1:52513 - R:localhost/127.0.0.1:60047]
19:01:34.162 [Forwarding screenshot on session 5dc7e26e9599cb2d0425cc330ea98c40 to remote] DEBUG org.asynchttpclient.netty.request.NettyRequestSender - Using pooled Channel '[id: 0xb3a491e7, L:/127.0.0.1:52513 - R:localhost/127.0.0.1:60047]' for 'GET' to 'http://localhost:60047/session/5dc7e26e9599cb2d0425cc330ea98c40/screenshot'
19:01:34.162 [Forwarding screenshot on session 5dc7e26e9599cb2d0425cc330ea98c40 to remote] DEBUG org.asynchttpclient.netty.request.NettyRequestSender - Using open Channel [id: 0xb3a491e7, L:/127.0.0.1:52513 - R:localhost/127.0.0.1:60047] for GET '/session/5dc7e26e9599cb2d0425cc330ea98c40/screenshot'
19:01:34.639 [AsyncHttpClient-1-17] DEBUG org.asynchttpclient.netty.handler.HttpHandler - 

Request DefaultFullHttpRequest(decodeResult: success, version: HTTP/1.1, content: EmptyByteBufBE)
GET /session/5dc7e26e9599cb2d0425cc330ea98c40/screenshot HTTP/1.1
User-Agent: selenium/4.1.2 (java windows)
Cache-Control: no-cache
Content-Type: application/json; charset=utf-8
host: localhost:60047
accept: */*

Response DefaultHttpResponse(decodeResult: success, version: HTTP/1.1)
HTTP/1.1 200 OK
Content-Type: application/json; charset=utf-8
cache-control: no-cache
content-length: 42872

19:01:34.639 [AsyncHttpClient-1-17] DEBUG org.asynchttpclient.netty.channel.ChannelManager - Adding key: http://localhost:60047 for channel [id: 0xb3a491e7, L:/127.0.0.1:52513 - R:localhost/127.0.0.1:60047]
19:01:34.642 [main] DEBUG net.serenitybdd.core.photography.Darkroom - Send negative for processing for target\site\serenity\d426677d4f400629a31aa608cf85032f9dd29032be71065f42fafbe2b9b6d13c.png
19:01:34.642 [main] DEBUG net.thucydides.core.steps.StepInterceptor - STEP DONE: clickCartIcon
  &amp#27;[32mAnd &amp#27;[0m&amp#27;[32mI click on Cart button&amp#27;[0m               &amp#27;[90m# starter.stepdefinitions.OrderSteps.clickCartIcon()&amp#27;[0m
19:01:34.643 [Darkroom Processing Line] DEBUG net.serenitybdd.core.photography.DarkroomProcessingLine - Processing screenshot image in /var/screenshots/screenshot-3108950956115908306
19:01:34.643 [Darkroom Processing Line] DEBUG net.serenitybdd.core.photography.DarkroomProcessingLine - Saving screenshot to target\site\serenity\d426677d4f400629a31aa608cf85032f9dd29032be71065f42fafbe2b9b6d13c.png
19:01:34.660 [main] DEBUG net.thucydides.core.steps.StepInterceptor - STARTING STEP: OrderSteps.clickBayarButton - clickBayarButton
19:01:34.664 [AsyncHttpClient-1-1] DEBUG org.asynchttpclient.netty.channel.DefaultChannelPool - Entry count for : http://localhost:52514 : 1
19:01:34.664 [AsyncHttpClient-1-1] DEBUG org.asynchttpclient.netty.channel.DefaultChannelPool - Entry count for : http://localhost:60047 : 1
19:01:34.666 [Forwarding findElement on session 5dc7e26e9599cb2d0425cc330ea98c40 to remote] DEBUG org.asynchttpclient.netty.request.NettyRequestSender - Using pooled Channel '[id: 0xb3a491e7, L:/127.0.0.1:52513 - R:localhost/127.0.0.1:60047]' for 'POST' to 'http://localhost:60047/session/5dc7e26e9599cb2d0425cc330ea98c40/element'
19:01:34.666 [Forwarding findElement on session 5dc7e26e9599cb2d0425cc330ea98c40 to remote] DEBUG org.asynchttpclient.netty.request.NettyRequestSender - Using open Channel [id: 0xb3a491e7, L:/127.0.0.1:52513 - R:localhost/127.0.0.1:60047] for POST '/session/5dc7e26e9599cb2d0425cc330ea98c40/element'
19:01:34.683 [AsyncHttpClient-1-17] DEBUG org.asynchttpclient.netty.handler.HttpHandler - 

Request DefaultHttpRequest(decodeResult: success, version: HTTP/1.1)
POST /session/5dc7e26e9599cb2d0425cc330ea98c40/element HTTP/1.1
User-Agent: selenium/4.1.2 (java windows)
Content-Length: 134
Content-Type: application/json; charset=utf-8
host: localhost:60047
accept: */*

Response DefaultHttpResponse(decodeResult: success, version: HTTP/1.1)
HTTP/1.1 200 OK
Content-Type: application/json; charset=utf-8
cache-control: no-cache
content-length: 88

19:01:34.683 [AsyncHttpClient-1-17] DEBUG org.asynchttpclient.netty.channel.ChannelManager - Adding key: http://localhost:60047 for channel [id: 0xb3a491e7, L:/127.0.0.1:52513 - R:localhost/127.0.0.1:60047]
19:01:34.686 [Forwarding getElementTagName on session 5dc7e26e9599cb2d0425cc330ea98c40 to remote] DEBUG org.asynchttpclient.netty.request.NettyRequestSender - Using pooled Channel '[id: 0xb3a491e7, L:/127.0.0.1:52513 - R:localhost/127.0.0.1:60047]' for 'GET' to 'http://localhost:60047/session/5dc7e26e9599cb2d0425cc330ea98c40/element/57f1681a-dd54-4d14-b1a3-5f2ad28c627f/name'
19:01:34.686 [Forwarding getElementTagName on session 5dc7e26e9599cb2d0425cc330ea98c40 to remote] DEBUG org.asynchttpclient.netty.request.NettyRequestSender - Using open Channel [id: 0xb3a491e7, L:/127.0.0.1:52513 - R:localhost/127.0.0.1:60047] for GET '/session/5dc7e26e9599cb2d0425cc330ea98c40/element/57f1681a-dd54-4d14-b1a3-5f2ad28c627f/name'
19:01:34.691 [AsyncHttpClient-1-17] DEBUG org.asynchttpclient.netty.handler.HttpHandler - 

Request DefaultFullHttpRequest(decodeResult: success, version: HTTP/1.1, content: EmptyByteBufBE)
GET /session/5dc7e26e9599cb2d0425cc330ea98c40/element/57f1681a-dd54-4d14-b1a3-5f2ad28c627f/name HTTP/1.1
User-Agent: selenium/4.1.2 (java windows)
Cache-Control: no-cache
Content-Type: application/json; charset=utf-8
host: localhost:60047
accept: */*

Response DefaultHttpResponse(decodeResult: success, version: HTTP/1.1)
HTTP/1.1 200 OK
Content-Type: application/json; charset=utf-8
cache-control: no-cache
content-length: 18

19:01:34.693 [AsyncHttpClient-1-17] DEBUG org.asynchttpclient.netty.channel.ChannelManager - Adding key: http://localhost:60047 for channel [id: 0xb3a491e7, L:/127.0.0.1:52513 - R:localhost/127.0.0.1:60047]
19:01:34.696 [Forwarding getElementTagName on session 5dc7e26e9599cb2d0425cc330ea98c40 to remote] DEBUG org.asynchttpclient.netty.request.NettyRequestSender - Using pooled Channel '[id: 0xb3a491e7, L:/127.0.0.1:52513 - R:localhost/127.0.0.1:60047]' for 'GET' to 'http://localhost:60047/session/5dc7e26e9599cb2d0425cc330ea98c40/element/57f1681a-dd54-4d14-b1a3-5f2ad28c627f/name'
19:01:34.696 [Forwarding getElementTagName on session 5dc7e26e9599cb2d0425cc330ea98c40 to remote] DEBUG org.asynchttpclient.netty.request.NettyRequestSender - Using open Channel [id: 0xb3a491e7, L:/127.0.0.1:52513 - R:localhost/127.0.0.1:60047] for GET '/session/5dc7e26e9599cb2d0425cc330ea98c40/element/57f1681a-dd54-4d14-b1a3-5f2ad28c627f/name'
19:01:34.699 [AsyncHttpClient-1-17] DEBUG org.asynchttpclient.netty.handler.HttpHandler - 

Request DefaultFullHttpRequest(decodeResult: success, version: HTTP/1.1, content: EmptyByteBufBE)
GET /session/5dc7e26e9599cb2d0425cc330ea98c40/element/57f1681a-dd54-4d14-b1a3-5f2ad28c627f/name HTTP/1.1
User-Agent: selenium/4.1.2 (java windows)
Cache-Control: no-cache
Content-Type: application/json; charset=utf-8
host: localhost:60047
accept: */*

Response DefaultHttpResponse(decodeResult: success, version: HTTP/1.1)
HTTP/1.1 200 OK
Content-Type: application/json; charset=utf-8
cache-control: no-cache
content-length: 18

19:01:34.700 [AsyncHttpClient-1-17] DEBUG org.asynchttpclient.netty.channel.ChannelManager - Adding key: http://localhost:60047 for channel [id: 0xb3a491e7, L:/127.0.0.1:52513 - R:localhost/127.0.0.1:60047]
19:01:34.703 [Forwarding isElementEnabled on session 5dc7e26e9599cb2d0425cc330ea98c40 to remote] DEBUG org.asynchttpclient.netty.request.NettyRequestSender - Using pooled Channel '[id: 0xb3a491e7, L:/127.0.0.1:52513 - R:localhost/127.0.0.1:60047]' for 'GET' to 'http://localhost:60047/session/5dc7e26e9599cb2d0425cc330ea98c40/element/57f1681a-dd54-4d14-b1a3-5f2ad28c627f/enabled'
19:01:34.703 [Forwarding isElementEnabled on session 5dc7e26e9599cb2d0425cc330ea98c40 to remote] DEBUG org.asynchttpclient.netty.request.NettyRequestSender - Using open Channel [id: 0xb3a491e7, L:/127.0.0.1:52513 - R:localhost/127.0.0.1:60047] for GET '/session/5dc7e26e9599cb2d0425cc330ea98c40/element/57f1681a-dd54-4d14-b1a3-5f2ad28c627f/enabled'
19:01:34.717 [AsyncHttpClient-1-17] DEBUG org.asynchttpclient.netty.handler.HttpHandler - 

Request DefaultFullHttpRequest(decodeResult: success, version: HTTP/1.1, content: EmptyByteBufBE)
GET /session/5dc7e26e9599cb2d0425cc330ea98c40/element/57f1681a-dd54-4d14-b1a3-5f2ad28c627f/enabled HTTP/1.1
User-Agent: selenium/4.1.2 (java windows)
Cache-Control: no-cache
Content-Type: application/json; charset=utf-8
host: localhost:60047
accept: */*

Response DefaultHttpResponse(decodeResult: success, version: HTTP/1.1)
HTTP/1.1 200 OK
Content-Type: application/json; charset=utf-8
cache-control: no-cache
content-length: 14

19:01:34.717 [AsyncHttpClient-1-17] DEBUG org.asynchttpclient.netty.channel.ChannelManager - Adding key: http://localhost:60047 for channel [id: 0xb3a491e7, L:/127.0.0.1:52513 - R:localhost/127.0.0.1:60047]
19:01:34.719 [Forwarding isElementEnabled on session 5dc7e26e9599cb2d0425cc330ea98c40 to remote] DEBUG org.asynchttpclient.netty.request.NettyRequestSender - Using pooled Channel '[id: 0xb3a491e7, L:/127.0.0.1:52513 - R:localhost/127.0.0.1:60047]' for 'GET' to 'http://localhost:60047/session/5dc7e26e9599cb2d0425cc330ea98c40/element/57f1681a-dd54-4d14-b1a3-5f2ad28c627f/enabled'
19:01:34.719 [Forwarding isElementEnabled on session 5dc7e26e9599cb2d0425cc330ea98c40 to remote] DEBUG org.asynchttpclient.netty.request.NettyRequestSender - Using open Channel [id: 0xb3a491e7, L:/127.0.0.1:52513 - R:localhost/127.0.0.1:60047] for GET '/session/5dc7e26e9599cb2d0425cc330ea98c40/element/57f1681a-dd54-4d14-b1a3-5f2ad28c627f/enabled'
19:01:34.729 [AsyncHttpClient-1-17] DEBUG org.asynchttpclient.netty.handler.HttpHandler - 

Request DefaultFullHttpRequest(decodeResult: success, version: HTTP/1.1, content: EmptyByteBufBE)
GET /session/5dc7e26e9599cb2d0425cc330ea98c40/element/57f1681a-dd54-4d14-b1a3-5f2ad28c627f/enabled HTTP/1.1
User-Agent: selenium/4.1.2 (java windows)
Cache-Control: no-cache
Content-Type: application/json; charset=utf-8
host: localhost:60047
accept: */*

Response DefaultHttpResponse(decodeResult: success, version: HTTP/1.1)
HTTP/1.1 200 OK
Content-Type: application/json; charset=utf-8
cache-control: no-cache
content-length: 14

19:01:34.729 [AsyncHttpClient-1-17] DEBUG org.asynchttpclient.netty.channel.ChannelManager - Adding key: http://localhost:60047 for channel [id: 0xb3a491e7, L:/127.0.0.1:52513 - R:localhost/127.0.0.1:60047]
19:01:34.735 [Forwarding findElement on session 5dc7e26e9599cb2d0425cc330ea98c40 to remote] DEBUG org.asynchttpclient.netty.request.NettyRequestSender - Using pooled Channel '[id: 0xb3a491e7, L:/127.0.0.1:52513 - R:localhost/127.0.0.1:60047]' for 'POST' to 'http://localhost:60047/session/5dc7e26e9599cb2d0425cc330ea98c40/element'
19:01:34.735 [Forwarding findElement on session 5dc7e26e9599cb2d0425cc330ea98c40 to remote] DEBUG org.asynchttpclient.netty.request.NettyRequestSender - Using open Channel [id: 0xb3a491e7, L:/127.0.0.1:52513 - R:localhost/127.0.0.1:60047] for POST '/session/5dc7e26e9599cb2d0425cc330ea98c40/element'
19:01:34.742 [AsyncHttpClient-1-17] DEBUG org.asynchttpclient.netty.handler.HttpHandler - 

Request DefaultHttpRequest(decodeResult: success, version: HTTP/1.1)
POST /session/5dc7e26e9599cb2d0425cc330ea98c40/element HTTP/1.1
User-Agent: selenium/4.1.2 (java windows)
Content-Length: 134
Content-Type: application/json; charset=utf-8
host: localhost:60047
accept: */*

Response DefaultHttpResponse(decodeResult: success, version: HTTP/1.1)
HTTP/1.1 200 OK
Content-Type: application/json; charset=utf-8
cache-control: no-cache
content-length: 88

19:01:34.742 [AsyncHttpClient-1-17] DEBUG org.asynchttpclient.netty.channel.ChannelManager - Adding key: http://localhost:60047 for channel [id: 0xb3a491e7, L:/127.0.0.1:52513 - R:localhost/127.0.0.1:60047]
19:01:34.744 [Forwarding clickElement on session 5dc7e26e9599cb2d0425cc330ea98c40 to remote] DEBUG org.asynchttpclient.netty.request.NettyRequestSender - Using pooled Channel '[id: 0xb3a491e7, L:/127.0.0.1:52513 - R:localhost/127.0.0.1:60047]' for 'POST' to 'http://localhost:60047/session/5dc7e26e9599cb2d0425cc330ea98c40/element/57f1681a-dd54-4d14-b1a3-5f2ad28c627f/click'
19:01:34.744 [Forwarding clickElement on session 5dc7e26e9599cb2d0425cc330ea98c40 to remote] DEBUG org.asynchttpclient.netty.request.NettyRequestSender - Using open Channel [id: 0xb3a491e7, L:/127.0.0.1:52513 - R:localhost/127.0.0.1:60047] for POST '/session/5dc7e26e9599cb2d0425cc330ea98c40/element/57f1681a-dd54-4d14-b1a3-5f2ad28c627f/click'
19:01:34.784 [AsyncHttpClient-1-17] DEBUG org.asynchttpclient.netty.handler.HttpHandler - 

Request DefaultHttpRequest(decodeResult: success, version: HTTP/1.1)
POST /session/5dc7e26e9599cb2d0425cc330ea98c40/element/57f1681a-dd54-4d14-b1a3-5f2ad28c627f/click HTTP/1.1
User-Agent: selenium/4.1.2 (java windows)
Content-Length: 50
Content-Type: application/json; charset=utf-8
host: localhost:60047
accept: */*

Response DefaultHttpResponse(decodeResult: success, version: HTTP/1.1)
HTTP/1.1 200 OK
Content-Type: application/json; charset=utf-8
cache-control: no-cache
content-length: 14

19:01:34.785 [AsyncHttpClient-1-17] DEBUG org.asynchttpclient.netty.channel.ChannelManager - Adding key: http://localhost:60047 for channel [id: 0xb3a491e7, L:/127.0.0.1:52513 - R:localhost/127.0.0.1:60047]
19:01:34.795 [Forwarding screenshot on session 5dc7e26e9599cb2d0425cc330ea98c40 to remote] DEBUG org.asynchttpclient.netty.request.NettyRequestSender - Using pooled Channel '[id: 0xb3a491e7, L:/127.0.0.1:52513 - R:localhost/127.0.0.1:60047]' for 'GET' to 'http://localhost:60047/session/5dc7e26e9599cb2d0425cc330ea98c40/screenshot'
19:01:34.795 [Forwarding screenshot on session 5dc7e26e9599cb2d0425cc330ea98c40 to remote] DEBUG org.asynchttpclient.netty.request.NettyRequestSender - Using open Channel [id: 0xb3a491e7, L:/127.0.0.1:52513 - R:localhost/127.0.0.1:60047] for GET '/session/5dc7e26e9599cb2d0425cc330ea98c40/screenshot'
19:01:34.941 [AsyncHttpClient-1-17] DEBUG org.asynchttpclient.netty.handler.HttpHandler - 

Request DefaultFullHttpRequest(decodeResult: success, version: HTTP/1.1, content: EmptyByteBufBE)
GET /session/5dc7e26e9599cb2d0425cc330ea98c40/screenshot HTTP/1.1
User-Agent: selenium/4.1.2 (java windows)
Cache-Control: no-cache
Content-Type: application/json; charset=utf-8
host: localhost:60047
accept: */*

Response DefaultHttpResponse(decodeResult: success, version: HTTP/1.1)
HTTP/1.1 200 OK
Content-Type: application/json; charset=utf-8
cache-control: no-cache
content-length: 33960

19:01:34.942 [AsyncHttpClient-1-17] DEBUG org.asynchttpclient.netty.channel.ChannelManager - Adding key: http://localhost:60047 for channel [id: 0xb3a491e7, L:/127.0.0.1:52513 - R:localhost/127.0.0.1:60047]
19:01:34.946 [main] DEBUG net.serenitybdd.core.photography.Darkroom - Send negative for processing for target\site\serenity\527932b7c87d4da5247c1934147b63bb20187d7070690fb6330529a8bd5b6c0c.png
19:01:34.947 [main] DEBUG net.thucydides.core.steps.StepInterceptor - STEP DONE: clickBayarButton
  &amp#27;[32mAnd &amp#27;[0m&amp#27;[32mI click on Bayar button&amp#27;[0m              &amp#27;[90m# starter.stepdefinitions.OrderSteps.clickBayarButton()&amp#27;[0m
19:01:34.947 [Darkroom Processing Line] DEBUG net.serenitybdd.core.photography.DarkroomProcessingLine - Processing screenshot image in /var/screenshots/screenshot-11211037044331830669
19:01:34.947 [Darkroom Processing Line] DEBUG net.serenitybdd.core.photography.DarkroomProcessingLine - Saving screenshot to target\site\serenity\527932b7c87d4da5247c1934147b63bb20187d7070690fb6330529a8bd5b6c0c.png
19:01:34.961 [main] DEBUG net.thucydides.core.steps.StepInterceptor - STARTING STEP: OrderSteps.validateOnLoginPage - validateOnLoginPage
19:01:34.963 [Forwarding findElement on session 5dc7e26e9599cb2d0425cc330ea98c40 to remote] DEBUG org.asynchttpclient.netty.request.NettyRequestSender - Using pooled Channel '[id: 0xb3a491e7, L:/127.0.0.1:52513 - R:localhost/127.0.0.1:60047]' for 'POST' to 'http://localhost:60047/session/5dc7e26e9599cb2d0425cc330ea98c40/element'
19:01:34.963 [Forwarding findElement on session 5dc7e26e9599cb2d0425cc330ea98c40 to remote] DEBUG org.asynchttpclient.netty.request.NettyRequestSender - Using open Channel [id: 0xb3a491e7, L:/127.0.0.1:52513 - R:localhost/127.0.0.1:60047] for POST '/session/5dc7e26e9599cb2d0425cc330ea98c40/element'
19:01:34.977 [AsyncHttpClient-1-17] DEBUG org.asynchttpclient.netty.handler.HttpHandler - 

Request DefaultHttpRequest(decodeResult: success, version: HTTP/1.1)
POST /session/5dc7e26e9599cb2d0425cc330ea98c40/element HTTP/1.1
User-Agent: selenium/4.1.2 (java windows)
Content-Length: 155
Content-Type: application/json; charset=utf-8
host: localhost:60047
accept: */*

Response DefaultHttpResponse(decodeResult: success, version: HTTP/1.1)
HTTP/1.1 200 OK
Content-Type: application/json; charset=utf-8
cache-control: no-cache
content-length: 88

19:01:34.977 [AsyncHttpClient-1-17] DEBUG org.asynchttpclient.netty.channel.ChannelManager - Adding key: http://localhost:60047 for channel [id: 0xb3a491e7, L:/127.0.0.1:52513 - R:localhost/127.0.0.1:60047]
19:01:34.982 [Forwarding isElementDisplayed on session 5dc7e26e9599cb2d0425cc330ea98c40 to remote] DEBUG org.asynchttpclient.netty.request.NettyRequestSender - Using pooled Channel '[id: 0xb3a491e7, L:/127.0.0.1:52513 - R:localhost/127.0.0.1:60047]' for 'POST' to 'http://localhost:60047/session/5dc7e26e9599cb2d0425cc330ea98c40/execute/sync'
19:01:34.982 [Forwarding isElementDisplayed on session 5dc7e26e9599cb2d0425cc330ea98c40 to remote] DEBUG org.asynchttpclient.netty.request.NettyRequestSender - Using open Channel [id: 0xb3a491e7, L:/127.0.0.1:52513 - R:localhost/127.0.0.1:60047] for POST '/session/5dc7e26e9599cb2d0425cc330ea98c40/execute/sync'
19:01:34.998 [AsyncHttpClient-1-17] DEBUG org.asynchttpclient.netty.handler.HttpHandler - 

Request DefaultHttpRequest(decodeResult: success, version: HTTP/1.1)
POST /session/5dc7e26e9599cb2d0425cc330ea98c40/execute/sync HTTP/1.1
User-Agent: selenium/4.1.2 (java windows)
Content-Length: 48780
Content-Type: application/json; charset=utf-8
host: localhost:60047
accept: */*

Response DefaultHttpResponse(decodeResult: success, version: HTTP/1.1)
HTTP/1.1 200 OK
Content-Type: application/json; charset=utf-8
cache-control: no-cache
content-length: 14

19:01:34.999 [AsyncHttpClient-1-17] DEBUG org.asynchttpclient.netty.channel.ChannelManager - Adding key: http://localhost:60047 for channel [id: 0xb3a491e7, L:/127.0.0.1:52513 - R:localhost/127.0.0.1:60047]
19:01:35.009 [Forwarding screenshot on session 5dc7e26e9599cb2d0425cc330ea98c40 to remote] DEBUG org.asynchttpclient.netty.request.NettyRequestSender - Using pooled Channel '[id: 0xb3a491e7, L:/127.0.0.1:52513 - R:localhost/127.0.0.1:60047]' for 'GET' to 'http://localhost:60047/session/5dc7e26e9599cb2d0425cc330ea98c40/screenshot'
19:01:35.009 [Forwarding screenshot on session 5dc7e26e9599cb2d0425cc330ea98c40 to remote] DEBUG org.asynchttpclient.netty.request.NettyRequestSender - Using open Channel [id: 0xb3a491e7, L:/127.0.0.1:52513 - R:localhost/127.0.0.1:60047] for GET '/session/5dc7e26e9599cb2d0425cc330ea98c40/screenshot'
19:01:35.106 [AsyncHttpClient-1-17] DEBUG org.asynchttpclient.netty.handler.HttpHandler - 

Request DefaultFullHttpRequest(decodeResult: success, version: HTTP/1.1, content: EmptyByteBufBE)
GET /session/5dc7e26e9599cb2d0425cc330ea98c40/screenshot HTTP/1.1
User-Agent: selenium/4.1.2 (java windows)
Cache-Control: no-cache
Content-Type: application/json; charset=utf-8
host: localhost:60047
accept: */*

Response DefaultHttpResponse(decodeResult: success, version: HTTP/1.1)
HTTP/1.1 200 OK
Content-Type: application/json; charset=utf-8
cache-control: no-cache
content-length: 32772

19:01:35.106 [AsyncHttpClient-1-17] DEBUG org.asynchttpclient.netty.channel.ChannelManager - Adding key: http://localhost:60047 for channel [id: 0xb3a491e7, L:/127.0.0.1:52513 - R:localhost/127.0.0.1:60047]
19:01:35.109 [main] DEBUG net.serenitybdd.core.photography.Darkroom - Send negative for processing for target\site\serenity\647b924f4ee31952512cd0a7d29e5a94adda1eaff12982e6b200864c755a37fa.png
19:01:35.110 [main] DEBUG net.thucydides.core.steps.StepInterceptor - STEP DONE: validateOnLoginPage
  &amp#27;[32mThen &amp#27;[0m&amp#27;[32mI am directed to Login page&amp#27;[0m         &amp#27;[90m# starter.stepdefinitions.OrderSteps.validateOnLoginPage()&amp#27;[0m
19:01:35.110 [Darkroom Processing Line] DEBUG net.serenitybdd.core.photography.DarkroomProcessingLine - Processing screenshot image in /var/screenshots/screenshot-3622338360232354710
19:01:35.110 [Darkroom Processing Line] DEBUG net.serenitybdd.core.photography.DarkroomProcessingLine - Saving screenshot to target\site\serenity\647b924f4ee31952512cd0a7d29e5a94adda1eaff12982e6b200864c755a37fa.png
19:01:35.115 [main] INFO  - 
  _____   ___   ___   _____     ___     _     ___   ___   ___   ___  
 |_   _| | __| / __| |_   _|   | _ \   /_\   / __| / __| | __| |   \ 
   | |   | _|  \__ \   | |     |  _/  / _ \  \__ \ \__ \ | _|  | |) |
   |_|   |___| |___/   |_|     |_|   /_/ \_\ |___/ |___/ |___| |___/ 

Order without login
----------------------------------------------------------------------
19:01:35.116 [AsyncHttpClient-1-3] DEBUG org.asynchttpclient.netty.handler.WebSocketHandler - Channel Closed: [id: 0x3fa67fad, L:/127.0.0.1:52521 ! R:localhost/127.0.0.1:52514] with attribute NettyResponseFuture{currentRetry=5,
	isDone=1,
	isCancelled=0,
	asyncHandler=org.asynchttpclient.ws.WebSocketUpgradeHandler@3c0b0d1d,
	nettyRequest=org.asynchttpclient.netty.request.NettyRequest@61ed7c71,
	future=java.util.concurrent.CompletableFuture@59d4bf99[Completed normally],
	uri=ws://localhost:52514/devtools/browser/cabdb950-ef41-4e8d-8de2-723dc229b56e,
	keepAlive=true,
	redirectCount=0,
	timeoutsHolder=null,
	inAuth=0,
	touch=1652875289095}
19:01:35.116 [AsyncHttpClient-1-3] DEBUG org.asynchttpclient.netty.channel.ChannelManager - Closing Channel [id: 0x3fa67fad, L:/127.0.0.1:52521 ! R:localhost/127.0.0.1:52514] 
19:01:35.116 [Driver Command Executor] DEBUG org.asynchttpclient.netty.request.NettyRequestSender - Using pooled Channel '[id: 0xb3a491e7, L:/127.0.0.1:52513 - R:localhost/127.0.0.1:60047]' for 'DELETE' to 'http://localhost:60047/session/5dc7e26e9599cb2d0425cc330ea98c40'
19:01:35.116 [Driver Command Executor] DEBUG org.asynchttpclient.netty.request.NettyRequestSender - Using open Channel [id: 0xb3a491e7, L:/127.0.0.1:52513 - R:localhost/127.0.0.1:60047] for DELETE '/session/5dc7e26e9599cb2d0425cc330ea98c40'
19:01:35.159 [AsyncHttpClient-1-2] DEBUG org.asynchttpclient.netty.handler.HttpHandler - Unexpected I/O exception on channel [id: 0xe3e70eec, L:/127.0.0.1:52520 - R:localhost/127.0.0.1:52514]
java.io.IOException: An existing connection was forcibly closed by the remote host
	at java.base/sun.nio.ch.SocketDispatcher.read0(Native Method)
	at java.base/sun.nio.ch.SocketDispatcher.read(SocketDispatcher.java:43)
	at java.base/sun.nio.ch.IOUtil.readIntoNativeBuffer(IOUtil.java:276)
	at java.base/sun.nio.ch.IOUtil.read(IOUtil.java:233)
	at java.base/sun.nio.ch.IOUtil.read(IOUtil.java:223)
	at java.base/sun.nio.ch.SocketChannelImpl.read(SocketChannelImpl.java:358)
	at io.netty.buffer.PooledByteBuf.setBytes(PooledByteBuf.java:258)
	at io.netty.buffer.AbstractByteBuf.writeBytes(AbstractByteBuf.java:1132)
	at io.netty.channel.socket.nio.NioSocketChannel.doReadBytes(NioSocketChannel.java:350)
	at io.netty.channel.nio.AbstractNioByteChannel$NioByteUnsafe.read(AbstractNioByteChannel.java:151)
	at io.netty.channel.nio.NioEventLoop.processSelectedKey(NioEventLoop.java:722)
	at io.netty.channel.nio.NioEventLoop.processSelectedKeysOptimized(NioEventLoop.java:658)
	at io.netty.channel.nio.NioEventLoop.processSelectedKeys(NioEventLoop.java:584)
	at io.netty.channel.nio.NioEventLoop.run(NioEventLoop.java:496)
	at io.netty.util.concurrent.SingleThreadEventExecutor$4.run(SingleThreadEventExecutor.java:986)
	at io.netty.util.internal.ThreadExecutorMap$2.run(ThreadExecutorMap.java:74)
	at io.netty.util.concurrent.FastThreadLocalRunnable.run(FastThreadLocalRunnable.java:30)
	at java.base/java.lang.Thread.run(Thread.java:834)
19:01:35.159 [AsyncHttpClient-1-2] DEBUG org.asynchttpclient.netty.channel.ChannelManager - Closing Channel [id: 0xe3e70eec, L:/127.0.0.1:52520 - R:localhost/127.0.0.1:52514] 
19:01:35.159 [AsyncHttpClient-1-2] DEBUG org.asynchttpclient.netty.handler.HttpHandler - Channel Closed: [id: 0xe3e70eec, L:/127.0.0.1:52520 ! R:localhost/127.0.0.1:52514] with attribute DISCARD
19:01:35.176 [AsyncHttpClient-1-17] DEBUG org.asynchttpclient.netty.handler.HttpHandler - 

Request DefaultFullHttpRequest(decodeResult: success, version: HTTP/1.1, content: EmptyByteBufBE)
DELETE /session/5dc7e26e9599cb2d0425cc330ea98c40 HTTP/1.1
User-Agent: selenium/4.1.2 (java windows)
Content-Type: application/json; charset=utf-8
host: localhost:60047
accept: */*

Response DefaultHttpResponse(decodeResult: success, version: HTTP/1.1)
HTTP/1.1 200 OK
Content-Type: application/json; charset=utf-8
cache-control: no-cache
content-length: 14

19:01:35.176 [AsyncHttpClient-1-17] DEBUG org.asynchttpclient.netty.channel.ChannelManager - Adding key: http://localhost:60047 for channel [id: 0xb3a491e7, L:/127.0.0.1:52513 - R:localhost/127.0.0.1:60047]
19:01:35.346 [AsyncHttpClient-1-17] DEBUG org.asynchttpclient.netty.handler.HttpHandler - Channel Closed: [id: 0xb3a491e7, L:/127.0.0.1:52513 ! R:localhost/127.0.0.1:60047] with attribute DISCARD
19:01:35.760 [AsyncHttpClient-1-1] DEBUG org.asynchttpclient.netty.channel.DefaultChannelPool - Entry count for : http://localhost:52514 : 1
19:01:35.761 [AsyncHttpClient-1-1] DEBUG org.asynchttpclient.netty.channel.DefaultChannelPool - Entry count for : http://localhost:60047 : 1
19:01:35.761 [AsyncHttpClient-1-1] DEBUG org.asynchttpclient.netty.channel.DefaultChannelPool - Adding Candidate expired Channel [id: 0xe3e70eec, L:/127.0.0.1:52520 ! R:localhost/127.0.0.1:52514] isIdleTimeoutExpired=false isRemotelyClosed=true isTtlExpired=false
19:01:35.761 [AsyncHttpClient-1-1] DEBUG org.asynchttpclient.netty.channel.DefaultChannelPool - Closing Idle Channel [id: 0xe3e70eec, L:/127.0.0.1:52520 ! R:localhost/127.0.0.1:52514]
19:01:35.761 [AsyncHttpClient-1-1] DEBUG org.asynchttpclient.netty.channel.DefaultChannelPool - Adding Candidate expired Channel [id: 0xb3a491e7, L:/127.0.0.1:52513 ! R:localhost/127.0.0.1:60047] isIdleTimeoutExpired=false isRemotelyClosed=true isTtlExpired=false
19:01:35.761 [AsyncHttpClient-1-1] DEBUG org.asynchttpclient.netty.channel.DefaultChannelPool - Closing Idle Channel [id: 0xb3a491e7, L:/127.0.0.1:52513 ! R:localhost/127.0.0.1:60047]
19:01:35.761 [AsyncHttpClient-1-1] DEBUG org.asynchttpclient.netty.channel.DefaultChannelPool - Closed 2 connections out of 2 in 0 ms
]]></system-out>
    <system-err><![CDATA[Starting ChromeDriver 101.0.4951.41 (93c720db8323b3ec10d056025ab95c23a31997c9-refs/branch-heads/4951@{#904}) on port 60047
Only local connections are allowed.
Please see https://chromedriver.chromium.org/security-considerations for suggestions on keeping ChromeDriver safe.
ChromeDriver was started successfully.
May 18, 2022 7:01:29 PM org.openqa.selenium.remote.ProtocolHandshake createSession
INFO: Detected dialect: W3C
May 18, 2022 7:01:29 PM org.openqa.selenium.devtools.CdpVersionFinder findNearestMatch
WARNING: Unable to find an exact match for CDP version 101, so returning the closest version found: 97
May 18, 2022 7:01:29 PM org.openqa.selenium.devtools.CdpVersionFinder findNearestMatch
INFO: Found CDP implementation for version 101 of 97
]]></system-err>
  </testcase>
  <testcase name="Order normally" classname="Order" time="10.027">
    <system-out><![CDATA[
Scenario: Order normally                  &amp#27;[90m# src/test/resources/features/Order.feature:10&amp#27;[0m
19:01:35.879 [main] INFO io.cucumber.core.plugin.SerenityReporter - Running feature from file:///D:/Intern/MSIB%20Alterra/alterra-mini-project/serenity-web-ui-test/src/test/resources/features/Order.feature
19:01:35.883 [main] INFO  - 
  _____   ___   ___   _____     ___   _____     _     ___   _____   ___   ___  
 |_   _| | __| / __| |_   _|   / __| |_   _|   /_\   | _ \ |_   _| | __| |   \ 
   | |   | _|  \__ \   | |     \__ \   | |    / _ \  |   /   | |   | _|  | |) |
   |_|   |___| |___/   |_|     |___/   |_|   /_/ \_\ |_|_\   |_|   |___| |___/ 

Order normally(order;order-normally)
--------------------------------------------------------------------------------
19:01:35.918 [main] DEBUG net.thucydides.core.steps.StepInterceptor - STARTING STEP: OrderSteps.onLoginPage - loginPage
19:01:35.919 [main] INFO net.serenitybdd.core.webdriver.driverproviders.ChromeDriverProvider - Using automatically driver download
19:01:36.041 [main] DEBUG io.github.bonigarcia.wdm.cache.ResolutionCache - Resolution chrome=101 in cache (valid until 20:00:39 18/05/2022 ICT)
19:01:36.049 [main] DEBUG io.github.bonigarcia.wdm.cache.ResolutionCache - Resolution chrome101=101.0.4951.41 in cache (valid until 19:00:39 19/05/2022 ICT)
19:01:36.051 [main] INFO io.github.bonigarcia.wdm.WebDriverManager - Using chromedriver 101.0.4951.41 (resolved driver for Chrome 101)
19:01:36.063 [main] DEBUG io.github.bonigarcia.wdm.WebDriverManager - Driver chromedriver 101.0.4951.41 found in cache
19:01:36.064 [main] INFO io.github.bonigarcia.wdm.WebDriverManager - Exporting webdriver.chrome.driver as C:\Users\saral\.cache\selenium\chromedriver\win32\101.0.4951.41\chromedriver.exe
19:01:36.185 [main] DEBUG net.serenitybdd.core.webdriver.driverproviders.ProvideNewDriver - Instantiating driver
19:01:36.186 [main] DEBUG net.serenitybdd.core.webdriver.driverproviders.ProvideNewDriver - Driver capabilities: Capabilities {acceptInsecureCerts: false, base.url: https://qa.alta.id/, browserName: chrome, chrome.driver: src/main/resources/webdrive..., driver: chrome, goog:chromeOptions: {args: [], extensions: []}}
19:01:36.725 [AsyncHttpClient-1-4] DEBUG org.asynchttpclient.netty.channel.NettyConnectListener - Using new Channel '[id: 0x3d704d6f, L:/127.0.0.1:52548 - R:localhost/127.0.0.1:65115]' for 'POST' to '/session'
19:01:37.457 [AsyncHttpClient-1-4] DEBUG org.asynchttpclient.netty.handler.HttpHandler - 

Request DefaultHttpRequest(decodeResult: success, version: HTTP/1.1)
POST /session HTTP/1.1
User-Agent: selenium/4.1.2 (java windows)
Content-Length: 605
Content-Type: application/json; charset=utf-8
host: localhost:65115
accept: */*

Response DefaultHttpResponse(decodeResult: success, version: HTTP/1.1)
HTTP/1.1 200 OK
Content-Type: application/json; charset=utf-8
cache-control: no-cache
content-length: 789

19:01:37.457 [AsyncHttpClient-1-4] DEBUG org.asynchttpclient.netty.channel.ChannelManager - Adding key: http://localhost:65115 for channel [id: 0x3d704d6f, L:/127.0.0.1:52548 - R:localhost/127.0.0.1:65115]
19:01:37.471 [AsyncHttpClient-1-5] DEBUG org.asynchttpclient.netty.channel.NettyConnectListener - Using new Channel '[id: 0x81a6297e, L:/127.0.0.1:52555 - R:localhost/127.0.0.1:52549]' for 'GET' to '/json/version'
19:01:37.471 [AsyncHttpClient-1-5] DEBUG org.asynchttpclient.netty.handler.HttpHandler - 

Request DefaultFullHttpRequest(decodeResult: success, version: HTTP/1.1, content: EmptyByteBufBE)
GET /json/version HTTP/1.1
User-Agent: selenium/4.1.2 (java windows)
host: localhost:52549
accept: */*

Response DefaultHttpResponse(decodeResult: success, version: HTTP/1.1)
HTTP/1.1 200 OK
Content-Type: application/json; charset=UTF-8
content-length: 427

19:01:37.471 [AsyncHttpClient-1-5] DEBUG org.asynchttpclient.netty.channel.ChannelManager - Adding key: http://localhost:52549 for channel [id: 0x81a6297e, L:/127.0.0.1:52555 - R:localhost/127.0.0.1:52549]
19:01:37.478 [AsyncHttpClient-1-6] DEBUG org.asynchttpclient.netty.channel.NettyConnectListener - Using new Channel '[id: 0x10bfd15e, L:/127.0.0.1:52556 - R:localhost/127.0.0.1:52549]' for 'GET' to '/devtools/browser/aed396d1-2cdc-47f0-a751-2ded55124f44'
19:01:37.478 [AsyncHttpClient-1-6] DEBUG org.asynchttpclient.netty.handler.WebSocketHandler - 

Request DefaultFullHttpRequest(decodeResult: success, version: HTTP/1.1, content: EmptyByteBufBE)
GET /devtools/browser/aed396d1-2cdc-47f0-a751-2ded55124f44 HTTP/1.1
upgrade: websocket
connection: upgrade
sec-websocket-key: Y4+40tZzROS3yqqgIpki+w==
sec-websocket-version: 13
origin: http://localhost:52549
host: localhost:52549
accept: */*
user-agent: AHC/2.1

Response DefaultHttpResponse(decodeResult: success, version: HTTP/1.1)
HTTP/1.1 101 WebSocket Protocol Handshake
Upgrade: WebSocket
Connection: Upgrade
Sec-WebSocket-Accept: 9QeVgaA4LmeKzhk7pYX0oocryNE=

19:01:37.484 [Forwarding get on session 78e2dff2e433c6fecbe887194e5decc1 to remote] DEBUG org.asynchttpclient.netty.request.NettyRequestSender - Using pooled Channel '[id: 0x3d704d6f, L:/127.0.0.1:52548 - R:localhost/127.0.0.1:65115]' for 'POST' to 'http://localhost:65115/session/78e2dff2e433c6fecbe887194e5decc1/url'
19:01:37.485 [Forwarding get on session 78e2dff2e433c6fecbe887194e5decc1 to remote] DEBUG org.asynchttpclient.netty.request.NettyRequestSender - Using open Channel [id: 0x3d704d6f, L:/127.0.0.1:52548 - R:localhost/127.0.0.1:65115] for POST '/session/78e2dff2e433c6fecbe887194e5decc1/url'
19:01:37.961 [AsyncHttpClient-1-1] DEBUG org.asynchttpclient.netty.channel.DefaultChannelPool - Entry count for : http://localhost:52549 : 1
19:01:38.714 [AsyncHttpClient-1-4] DEBUG org.asynchttpclient.netty.handler.HttpHandler - 

Request DefaultHttpRequest(decodeResult: success, version: HTTP/1.1)
POST /session/78e2dff2e433c6fecbe887194e5decc1/url HTTP/1.1
User-Agent: selenium/4.1.2 (java windows)
Content-Length: 64
Content-Type: application/json; charset=utf-8
host: localhost:65115
accept: */*

Response DefaultHttpResponse(decodeResult: success, version: HTTP/1.1)
HTTP/1.1 200 OK
Content-Type: application/json; charset=utf-8
cache-control: no-cache
content-length: 14

19:01:38.715 [AsyncHttpClient-1-4] DEBUG org.asynchttpclient.netty.channel.ChannelManager - Adding key: http://localhost:65115 for channel [id: 0x3d704d6f, L:/127.0.0.1:52548 - R:localhost/127.0.0.1:65115]
19:01:38.716 [Forwarding setTimeout on session 78e2dff2e433c6fecbe887194e5decc1 to remote] DEBUG org.asynchttpclient.netty.request.NettyRequestSender - Using pooled Channel '[id: 0x3d704d6f, L:/127.0.0.1:52548 - R:localhost/127.0.0.1:65115]' for 'POST' to 'http://localhost:65115/session/78e2dff2e433c6fecbe887194e5decc1/timeouts'
19:01:38.716 [Forwarding setTimeout on session 78e2dff2e433c6fecbe887194e5decc1 to remote] DEBUG org.asynchttpclient.netty.request.NettyRequestSender - Using open Channel [id: 0x3d704d6f, L:/127.0.0.1:52548 - R:localhost/127.0.0.1:65115] for POST '/session/78e2dff2e433c6fecbe887194e5decc1/timeouts'
19:01:38.720 [AsyncHttpClient-1-4] DEBUG org.asynchttpclient.netty.handler.HttpHandler - 

Request DefaultHttpRequest(decodeResult: success, version: HTTP/1.1)
POST /session/78e2dff2e433c6fecbe887194e5decc1/timeouts HTTP/1.1
User-Agent: selenium/4.1.2 (java windows)
Content-Length: 22
Content-Type: application/json; charset=utf-8
host: localhost:65115
accept: */*

Response DefaultHttpResponse(decodeResult: success, version: HTTP/1.1)
HTTP/1.1 200 OK
Content-Type: application/json; charset=utf-8
cache-control: no-cache
content-length: 14

19:01:38.721 [AsyncHttpClient-1-4] DEBUG org.asynchttpclient.netty.channel.ChannelManager - Adding key: http://localhost:65115 for channel [id: 0x3d704d6f, L:/127.0.0.1:52548 - R:localhost/127.0.0.1:65115]
19:01:38.724 [Forwarding getCurrentUrl on session 78e2dff2e433c6fecbe887194e5decc1 to remote] DEBUG org.asynchttpclient.netty.request.NettyRequestSender - Using pooled Channel '[id: 0x3d704d6f, L:/127.0.0.1:52548 - R:localhost/127.0.0.1:65115]' for 'GET' to 'http://localhost:65115/session/78e2dff2e433c6fecbe887194e5decc1/url'
19:01:38.724 [Forwarding getCurrentUrl on session 78e2dff2e433c6fecbe887194e5decc1 to remote] DEBUG org.asynchttpclient.netty.request.NettyRequestSender - Using open Channel [id: 0x3d704d6f, L:/127.0.0.1:52548 - R:localhost/127.0.0.1:65115] for GET '/session/78e2dff2e433c6fecbe887194e5decc1/url'
19:01:38.730 [AsyncHttpClient-1-4] DEBUG org.asynchttpclient.netty.handler.HttpHandler - 

Request DefaultFullHttpRequest(decodeResult: success, version: HTTP/1.1, content: EmptyByteBufBE)
GET /session/78e2dff2e433c6fecbe887194e5decc1/url HTTP/1.1
User-Agent: selenium/4.1.2 (java windows)
Cache-Control: no-cache
Content-Type: application/json; charset=utf-8
host: localhost:65115
accept: */*

Response DefaultHttpResponse(decodeResult: success, version: HTTP/1.1)
HTTP/1.1 200 OK
Content-Type: application/json; charset=utf-8
cache-control: no-cache
content-length: 41

19:01:38.731 [AsyncHttpClient-1-4] DEBUG org.asynchttpclient.netty.channel.ChannelManager - Adding key: http://localhost:65115 for channel [id: 0x3d704d6f, L:/127.0.0.1:52548 - R:localhost/127.0.0.1:65115]
19:01:38.735 [Forwarding screenshot on session 78e2dff2e433c6fecbe887194e5decc1 to remote] DEBUG org.asynchttpclient.netty.request.NettyRequestSender - Using pooled Channel '[id: 0x3d704d6f, L:/127.0.0.1:52548 - R:localhost/127.0.0.1:65115]' for 'GET' to 'http://localhost:65115/session/78e2dff2e433c6fecbe887194e5decc1/screenshot'
19:01:38.735 [Forwarding screenshot on session 78e2dff2e433c6fecbe887194e5decc1 to remote] DEBUG org.asynchttpclient.netty.request.NettyRequestSender - Using open Channel [id: 0x3d704d6f, L:/127.0.0.1:52548 - R:localhost/127.0.0.1:65115] for GET '/session/78e2dff2e433c6fecbe887194e5decc1/screenshot'
19:01:38.939 [AsyncHttpClient-1-4] DEBUG org.asynchttpclient.netty.handler.HttpHandler - 

Request DefaultFullHttpRequest(decodeResult: success, version: HTTP/1.1, content: EmptyByteBufBE)
GET /session/78e2dff2e433c6fecbe887194e5decc1/screenshot HTTP/1.1
User-Agent: selenium/4.1.2 (java windows)
Cache-Control: no-cache
Content-Type: application/json; charset=utf-8
host: localhost:65115
accept: */*

Response DefaultHttpResponse(decodeResult: success, version: HTTP/1.1)
HTTP/1.1 200 OK
Content-Type: application/json; charset=utf-8
cache-control: no-cache
content-length: 32192

19:01:38.940 [AsyncHttpClient-1-4] DEBUG org.asynchttpclient.netty.channel.ChannelManager - Adding key: http://localhost:65115 for channel [id: 0x3d704d6f, L:/127.0.0.1:52548 - R:localhost/127.0.0.1:65115]
19:01:38.946 [main] DEBUG net.serenitybdd.core.photography.Darkroom - Send negative for processing for target\site\serenity\4d98329a65403fb35239499910819cdb6d3d71d823e551da367b9fc52c2ec142.png
19:01:38.946 [main] DEBUG net.thucydides.core.steps.StepInterceptor - STEP DONE: loginPage
19:01:38.950 [main] DEBUG net.thucydides.core.steps.StepInterceptor - STARTING STEP: OrderSteps.onLoginPage - validateOnLoginPage
19:01:38.953 [Forwarding findElement on session 78e2dff2e433c6fecbe887194e5decc1 to remote] DEBUG org.asynchttpclient.netty.request.NettyRequestSender - Using pooled Channel '[id: 0x3d704d6f, L:/127.0.0.1:52548 - R:localhost/127.0.0.1:65115]' for 'POST' to 'http://localhost:65115/session/78e2dff2e433c6fecbe887194e5decc1/element'
19:01:38.953 [Forwarding findElement on session 78e2dff2e433c6fecbe887194e5decc1 to remote] DEBUG org.asynchttpclient.netty.request.NettyRequestSender - Using open Channel [id: 0x3d704d6f, L:/127.0.0.1:52548 - R:localhost/127.0.0.1:65115] for POST '/session/78e2dff2e433c6fecbe887194e5decc1/element'
19:01:38.964 [AsyncHttpClient-1-4] DEBUG org.asynchttpclient.netty.handler.HttpHandler - 

Request DefaultHttpRequest(decodeResult: success, version: HTTP/1.1)
POST /session/78e2dff2e433c6fecbe887194e5decc1/element HTTP/1.1
User-Agent: selenium/4.1.2 (java windows)
Content-Length: 155
Content-Type: application/json; charset=utf-8
host: localhost:65115
accept: */*

Response DefaultHttpResponse(decodeResult: success, version: HTTP/1.1)
HTTP/1.1 200 OK
Content-Type: application/json; charset=utf-8
cache-control: no-cache
content-length: 88

19:01:38.964 [AsyncHttpClient-1-4] DEBUG org.asynchttpclient.netty.channel.ChannelManager - Adding key: http://localhost:65115 for channel [id: 0x3d704d6f, L:/127.0.0.1:52548 - R:localhost/127.0.0.1:65115]
19:01:38.969 [Forwarding isElementDisplayed on session 78e2dff2e433c6fecbe887194e5decc1 to remote] DEBUG org.asynchttpclient.netty.request.NettyRequestSender - Using pooled Channel '[id: 0x3d704d6f, L:/127.0.0.1:52548 - R:localhost/127.0.0.1:65115]' for 'POST' to 'http://localhost:65115/session/78e2dff2e433c6fecbe887194e5decc1/execute/sync'
19:01:38.969 [Forwarding isElementDisplayed on session 78e2dff2e433c6fecbe887194e5decc1 to remote] DEBUG org.asynchttpclient.netty.request.NettyRequestSender - Using open Channel [id: 0x3d704d6f, L:/127.0.0.1:52548 - R:localhost/127.0.0.1:65115] for POST '/session/78e2dff2e433c6fecbe887194e5decc1/execute/sync'
19:01:38.983 [AsyncHttpClient-1-4] DEBUG org.asynchttpclient.netty.handler.HttpHandler - 

Request DefaultHttpRequest(decodeResult: success, version: HTTP/1.1)
POST /session/78e2dff2e433c6fecbe887194e5decc1/execute/sync HTTP/1.1
User-Agent: selenium/4.1.2 (java windows)
Content-Length: 48780
Content-Type: application/json; charset=utf-8
host: localhost:65115
accept: */*

Response DefaultHttpResponse(decodeResult: success, version: HTTP/1.1)
HTTP/1.1 200 OK
Content-Type: application/json; charset=utf-8
cache-control: no-cache
content-length: 14

19:01:38.984 [AsyncHttpClient-1-4] DEBUG org.asynchttpclient.netty.channel.ChannelManager - Adding key: http://localhost:65115 for channel [id: 0x3d704d6f, L:/127.0.0.1:52548 - R:localhost/127.0.0.1:65115]
19:01:38.988 [main] DEBUG net.thucydides.core.steps.StepInterceptor - STEP DONE: validateOnLoginPage
  &amp#27;[32mGiven &amp#27;[0m&amp#27;[32mI am on the login page for order&amp#27;[0m  &amp#27;[90m# starter.stepdefinitions.OrderSteps.onLoginPage()&amp#27;[0m
19:01:38.997 [Forwarding screenshot on session 78e2dff2e433c6fecbe887194e5decc1 to remote] DEBUG org.asynchttpclient.netty.request.NettyRequestSender - Using pooled Channel '[id: 0x3d704d6f, L:/127.0.0.1:52548 - R:localhost/127.0.0.1:65115]' for 'GET' to 'http://localhost:65115/session/78e2dff2e433c6fecbe887194e5decc1/screenshot'
19:01:38.997 [Forwarding screenshot on session 78e2dff2e433c6fecbe887194e5decc1 to remote] DEBUG org.asynchttpclient.netty.request.NettyRequestSender - Using open Channel [id: 0x3d704d6f, L:/127.0.0.1:52548 - R:localhost/127.0.0.1:65115] for GET '/session/78e2dff2e433c6fecbe887194e5decc1/screenshot'
19:01:39.057 [AsyncHttpClient-1-1] DEBUG org.asynchttpclient.netty.channel.DefaultChannelPool - Entry count for : http://localhost:52549 : 1
19:01:39.091 [AsyncHttpClient-1-4] DEBUG org.asynchttpclient.netty.handler.HttpHandler - 

Request DefaultFullHttpRequest(decodeResult: success, version: HTTP/1.1, content: EmptyByteBufBE)
GET /session/78e2dff2e433c6fecbe887194e5decc1/screenshot HTTP/1.1
User-Agent: selenium/4.1.2 (java windows)
Cache-Control: no-cache
Content-Type: application/json; charset=utf-8
host: localhost:65115
accept: */*

Response DefaultHttpResponse(decodeResult: success, version: HTTP/1.1)
HTTP/1.1 200 OK
Content-Type: application/json; charset=utf-8
cache-control: no-cache
content-length: 32192

19:01:39.092 [AsyncHttpClient-1-4] DEBUG org.asynchttpclient.netty.channel.ChannelManager - Adding key: http://localhost:65115 for channel [id: 0x3d704d6f, L:/127.0.0.1:52548 - R:localhost/127.0.0.1:65115]
19:01:39.093 [main] DEBUG net.serenitybdd.core.photography.Darkroom - Send negative for processing for target\site\serenity\4d98329a65403fb35239499910819cdb6d3d71d823e551da367b9fc52c2ec142.png
19:01:39.101 [main] DEBUG net.thucydides.core.steps.StepInterceptor - STARTING STEP: OrderSteps.inputValidEmail - inputEmail
19:01:39.102 [Forwarding findElement on session 78e2dff2e433c6fecbe887194e5decc1 to remote] DEBUG org.asynchttpclient.netty.request.NettyRequestSender - Using pooled Channel '[id: 0x3d704d6f, L:/127.0.0.1:52548 - R:localhost/127.0.0.1:65115]' for 'POST' to 'http://localhost:65115/session/78e2dff2e433c6fecbe887194e5decc1/element'
19:01:39.102 [Forwarding findElement on session 78e2dff2e433c6fecbe887194e5decc1 to remote] DEBUG org.asynchttpclient.netty.request.NettyRequestSender - Using open Channel [id: 0x3d704d6f, L:/127.0.0.1:52548 - R:localhost/127.0.0.1:65115] for POST '/session/78e2dff2e433c6fecbe887194e5decc1/element'
19:01:39.113 [AsyncHttpClient-1-4] DEBUG org.asynchttpclient.netty.handler.HttpHandler - 

Request DefaultHttpRequest(decodeResult: success, version: HTTP/1.1)
POST /session/78e2dff2e433c6fecbe887194e5decc1/element HTTP/1.1
User-Agent: selenium/4.1.2 (java windows)
Content-Length: 84
Content-Type: application/json; charset=utf-8
host: localhost:65115
accept: */*

Response DefaultHttpResponse(decodeResult: success, version: HTTP/1.1)
HTTP/1.1 200 OK
Content-Type: application/json; charset=utf-8
cache-control: no-cache
content-length: 88

19:01:39.113 [AsyncHttpClient-1-4] DEBUG org.asynchttpclient.netty.channel.ChannelManager - Adding key: http://localhost:65115 for channel [id: 0x3d704d6f, L:/127.0.0.1:52548 - R:localhost/127.0.0.1:65115]
19:01:39.116 [Forwarding clearElement on session 78e2dff2e433c6fecbe887194e5decc1 to remote] DEBUG org.asynchttpclient.netty.request.NettyRequestSender - Using pooled Channel '[id: 0x3d704d6f, L:/127.0.0.1:52548 - R:localhost/127.0.0.1:65115]' for 'POST' to 'http://localhost:65115/session/78e2dff2e433c6fecbe887194e5decc1/element/7bfd751b-b00c-45f6-9a92-6f7466c381c1/clear'
19:01:39.116 [Forwarding clearElement on session 78e2dff2e433c6fecbe887194e5decc1 to remote] DEBUG org.asynchttpclient.netty.request.NettyRequestSender - Using open Channel [id: 0x3d704d6f, L:/127.0.0.1:52548 - R:localhost/127.0.0.1:65115] for POST '/session/78e2dff2e433c6fecbe887194e5decc1/element/7bfd751b-b00c-45f6-9a92-6f7466c381c1/clear'
19:01:39.149 [AsyncHttpClient-1-4] DEBUG org.asynchttpclient.netty.handler.HttpHandler - 

Request DefaultHttpRequest(decodeResult: success, version: HTTP/1.1)
POST /session/78e2dff2e433c6fecbe887194e5decc1/element/7bfd751b-b00c-45f6-9a92-6f7466c381c1/clear HTTP/1.1
User-Agent: selenium/4.1.2 (java windows)
Content-Length: 50
Content-Type: application/json; charset=utf-8
host: localhost:65115
accept: */*

Response DefaultHttpResponse(decodeResult: success, version: HTTP/1.1)
HTTP/1.1 200 OK
Content-Type: application/json; charset=utf-8
cache-control: no-cache
content-length: 14

19:01:39.150 [AsyncHttpClient-1-4] DEBUG org.asynchttpclient.netty.channel.ChannelManager - Adding key: http://localhost:65115 for channel [id: 0x3d704d6f, L:/127.0.0.1:52548 - R:localhost/127.0.0.1:65115]
19:01:39.152 [Forwarding sendKeysToElement on session 78e2dff2e433c6fecbe887194e5decc1 to remote] DEBUG org.asynchttpclient.netty.request.NettyRequestSender - Using pooled Channel '[id: 0x3d704d6f, L:/127.0.0.1:52548 - R:localhost/127.0.0.1:65115]' for 'POST' to 'http://localhost:65115/session/78e2dff2e433c6fecbe887194e5decc1/element/7bfd751b-b00c-45f6-9a92-6f7466c381c1/value'
19:01:39.152 [Forwarding sendKeysToElement on session 78e2dff2e433c6fecbe887194e5decc1 to remote] DEBUG org.asynchttpclient.netty.request.NettyRequestSender - Using open Channel [id: 0x3d704d6f, L:/127.0.0.1:52548 - R:localhost/127.0.0.1:65115] for POST '/session/78e2dff2e433c6fecbe887194e5decc1/element/7bfd751b-b00c-45f6-9a92-6f7466c381c1/value'
19:01:39.286 [AsyncHttpClient-1-4] DEBUG org.asynchttpclient.netty.handler.HttpHandler - 

Request DefaultHttpRequest(decodeResult: success, version: HTTP/1.1)
POST /session/78e2dff2e433c6fecbe887194e5decc1/element/7bfd751b-b00c-45f6-9a92-6f7466c381c1/value HTTP/1.1
User-Agent: selenium/4.1.2 (java windows)
Content-Length: 231
Content-Type: application/json; charset=utf-8
host: localhost:65115
accept: */*

Response DefaultHttpResponse(decodeResult: success, version: HTTP/1.1)
HTTP/1.1 200 OK
Content-Type: application/json; charset=utf-8
cache-control: no-cache
content-length: 14

19:01:39.287 [AsyncHttpClient-1-4] DEBUG org.asynchttpclient.netty.channel.ChannelManager - Adding key: http://localhost:65115 for channel [id: 0x3d704d6f, L:/127.0.0.1:52548 - R:localhost/127.0.0.1:65115]
19:01:39.296 [Forwarding screenshot on session 78e2dff2e433c6fecbe887194e5decc1 to remote] DEBUG org.asynchttpclient.netty.request.NettyRequestSender - Using pooled Channel '[id: 0x3d704d6f, L:/127.0.0.1:52548 - R:localhost/127.0.0.1:65115]' for 'GET' to 'http://localhost:65115/session/78e2dff2e433c6fecbe887194e5decc1/screenshot'
19:01:39.296 [Forwarding screenshot on session 78e2dff2e433c6fecbe887194e5decc1 to remote] DEBUG org.asynchttpclient.netty.request.NettyRequestSender - Using open Channel [id: 0x3d704d6f, L:/127.0.0.1:52548 - R:localhost/127.0.0.1:65115] for GET '/session/78e2dff2e433c6fecbe887194e5decc1/screenshot'
19:01:39.465 [AsyncHttpClient-1-4] DEBUG org.asynchttpclient.netty.handler.HttpHandler - 

Request DefaultFullHttpRequest(decodeResult: success, version: HTTP/1.1, content: EmptyByteBufBE)
GET /session/78e2dff2e433c6fecbe887194e5decc1/screenshot HTTP/1.1
User-Agent: selenium/4.1.2 (java windows)
Cache-Control: no-cache
Content-Type: application/json; charset=utf-8
host: localhost:65115
accept: */*

Response DefaultHttpResponse(decodeResult: success, version: HTTP/1.1)
HTTP/1.1 200 OK
Content-Type: application/json; charset=utf-8
cache-control: no-cache
content-length: 37848

19:01:39.467 [AsyncHttpClient-1-4] DEBUG org.asynchttpclient.netty.channel.ChannelManager - Adding key: http://localhost:65115 for channel [id: 0x3d704d6f, L:/127.0.0.1:52548 - R:localhost/127.0.0.1:65115]
19:01:39.469 [main] DEBUG net.serenitybdd.core.photography.Darkroom - Send negative for processing for target\site\serenity\8b2b57c3503eecb438a738e80c7e8d50c134355715f27030b9545257564fc78f.png
19:01:39.469 [main] DEBUG net.thucydides.core.steps.StepInterceptor - STEP DONE: inputEmail
  &amp#27;[32mWhen &amp#27;[0m&amp#27;[32mI input valid email for order&amp#27;[0m      &amp#27;[90m# starter.stepdefinitions.OrderSteps.inputValidEmail()&amp#27;[0m
19:01:39.471 [Darkroom Processing Line] DEBUG net.serenitybdd.core.photography.DarkroomProcessingLine - Processing screenshot image in /var/screenshots/screenshot-1748427072803300672
19:01:39.471 [Darkroom Processing Line] DEBUG net.serenitybdd.core.photography.DarkroomProcessingLine - Saving screenshot to target\site\serenity\8b2b57c3503eecb438a738e80c7e8d50c134355715f27030b9545257564fc78f.png
19:01:39.493 [main] DEBUG net.thucydides.core.steps.StepInterceptor - STARTING STEP: OrderSteps.inputValidPassword - inputPassword
19:01:39.495 [Forwarding findElement on session 78e2dff2e433c6fecbe887194e5decc1 to remote] DEBUG org.asynchttpclient.netty.request.NettyRequestSender - Using pooled Channel '[id: 0x3d704d6f, L:/127.0.0.1:52548 - R:localhost/127.0.0.1:65115]' for 'POST' to 'http://localhost:65115/session/78e2dff2e433c6fecbe887194e5decc1/element'
19:01:39.495 [Forwarding findElement on session 78e2dff2e433c6fecbe887194e5decc1 to remote] DEBUG org.asynchttpclient.netty.request.NettyRequestSender - Using open Channel [id: 0x3d704d6f, L:/127.0.0.1:52548 - R:localhost/127.0.0.1:65115] for POST '/session/78e2dff2e433c6fecbe887194e5decc1/element'
19:01:39.511 [AsyncHttpClient-1-4] DEBUG org.asynchttpclient.netty.handler.HttpHandler - 

Request DefaultHttpRequest(decodeResult: success, version: HTTP/1.1)
POST /session/78e2dff2e433c6fecbe887194e5decc1/element HTTP/1.1
User-Agent: selenium/4.1.2 (java windows)
Content-Length: 87
Content-Type: application/json; charset=utf-8
host: localhost:65115
accept: */*

Response DefaultHttpResponse(decodeResult: success, version: HTTP/1.1)
HTTP/1.1 200 OK
Content-Type: application/json; charset=utf-8
cache-control: no-cache
content-length: 88

19:01:39.511 [AsyncHttpClient-1-4] DEBUG org.asynchttpclient.netty.channel.ChannelManager - Adding key: http://localhost:65115 for channel [id: 0x3d704d6f, L:/127.0.0.1:52548 - R:localhost/127.0.0.1:65115]
19:01:39.512 [Forwarding clearElement on session 78e2dff2e433c6fecbe887194e5decc1 to remote] DEBUG org.asynchttpclient.netty.request.NettyRequestSender - Using pooled Channel '[id: 0x3d704d6f, L:/127.0.0.1:52548 - R:localhost/127.0.0.1:65115]' for 'POST' to 'http://localhost:65115/session/78e2dff2e433c6fecbe887194e5decc1/element/57640537-c383-4973-84b7-6071855feb99/clear'
19:01:39.514 [Forwarding clearElement on session 78e2dff2e433c6fecbe887194e5decc1 to remote] DEBUG org.asynchttpclient.netty.request.NettyRequestSender - Using open Channel [id: 0x3d704d6f, L:/127.0.0.1:52548 - R:localhost/127.0.0.1:65115] for POST '/session/78e2dff2e433c6fecbe887194e5decc1/element/57640537-c383-4973-84b7-6071855feb99/clear'
19:01:39.553 [AsyncHttpClient-1-4] DEBUG org.asynchttpclient.netty.handler.HttpHandler - 

Request DefaultHttpRequest(decodeResult: success, version: HTTP/1.1)
POST /session/78e2dff2e433c6fecbe887194e5decc1/element/57640537-c383-4973-84b7-6071855feb99/clear HTTP/1.1
User-Agent: selenium/4.1.2 (java windows)
Content-Length: 50
Content-Type: application/json; charset=utf-8
host: localhost:65115
accept: */*

Response DefaultHttpResponse(decodeResult: success, version: HTTP/1.1)
HTTP/1.1 200 OK
Content-Type: application/json; charset=utf-8
cache-control: no-cache
content-length: 14

19:01:39.553 [AsyncHttpClient-1-4] DEBUG org.asynchttpclient.netty.channel.ChannelManager - Adding key: http://localhost:65115 for channel [id: 0x3d704d6f, L:/127.0.0.1:52548 - R:localhost/127.0.0.1:65115]
19:01:39.557 [Forwarding sendKeysToElement on session 78e2dff2e433c6fecbe887194e5decc1 to remote] DEBUG org.asynchttpclient.netty.request.NettyRequestSender - Using pooled Channel '[id: 0x3d704d6f, L:/127.0.0.1:52548 - R:localhost/127.0.0.1:65115]' for 'POST' to 'http://localhost:65115/session/78e2dff2e433c6fecbe887194e5decc1/element/57640537-c383-4973-84b7-6071855feb99/value'
19:01:39.557 [Forwarding sendKeysToElement on session 78e2dff2e433c6fecbe887194e5decc1 to remote] DEBUG org.asynchttpclient.netty.request.NettyRequestSender - Using open Channel [id: 0x3d704d6f, L:/127.0.0.1:52548 - R:localhost/127.0.0.1:65115] for POST '/session/78e2dff2e433c6fecbe887194e5decc1/element/57640537-c383-4973-84b7-6071855feb99/value'
19:01:39.658 [AsyncHttpClient-1-4] DEBUG org.asynchttpclient.netty.handler.HttpHandler - 

Request DefaultHttpRequest(decodeResult: success, version: HTTP/1.1)
POST /session/78e2dff2e433c6fecbe887194e5decc1/element/57640537-c383-4973-84b7-6071855feb99/value HTTP/1.1
User-Agent: selenium/4.1.2 (java windows)
Content-Length: 151
Content-Type: application/json; charset=utf-8
host: localhost:65115
accept: */*

Response DefaultHttpResponse(decodeResult: success, version: HTTP/1.1)
HTTP/1.1 200 OK
Content-Type: application/json; charset=utf-8
cache-control: no-cache
content-length: 14

19:01:39.658 [AsyncHttpClient-1-4] DEBUG org.asynchttpclient.netty.channel.ChannelManager - Adding key: http://localhost:65115 for channel [id: 0x3d704d6f, L:/127.0.0.1:52548 - R:localhost/127.0.0.1:65115]
19:01:39.666 [Forwarding screenshot on session 78e2dff2e433c6fecbe887194e5decc1 to remote] DEBUG org.asynchttpclient.netty.request.NettyRequestSender - Using pooled Channel '[id: 0x3d704d6f, L:/127.0.0.1:52548 - R:localhost/127.0.0.1:65115]' for 'GET' to 'http://localhost:65115/session/78e2dff2e433c6fecbe887194e5decc1/screenshot'
19:01:39.666 [Forwarding screenshot on session 78e2dff2e433c6fecbe887194e5decc1 to remote] DEBUG org.asynchttpclient.netty.request.NettyRequestSender - Using open Channel [id: 0x3d704d6f, L:/127.0.0.1:52548 - R:localhost/127.0.0.1:65115] for GET '/session/78e2dff2e433c6fecbe887194e5decc1/screenshot'
19:01:39.818 [AsyncHttpClient-1-4] DEBUG org.asynchttpclient.netty.handler.HttpHandler - 

Request DefaultFullHttpRequest(decodeResult: success, version: HTTP/1.1, content: EmptyByteBufBE)
GET /session/78e2dff2e433c6fecbe887194e5decc1/screenshot HTTP/1.1
User-Agent: selenium/4.1.2 (java windows)
Cache-Control: no-cache
Content-Type: application/json; charset=utf-8
host: localhost:65115
accept: */*

Response DefaultHttpResponse(decodeResult: success, version: HTTP/1.1)
HTTP/1.1 200 OK
Content-Type: application/json; charset=utf-8
cache-control: no-cache
content-length: 40100

19:01:39.818 [AsyncHttpClient-1-4] DEBUG org.asynchttpclient.netty.channel.ChannelManager - Adding key: http://localhost:65115 for channel [id: 0x3d704d6f, L:/127.0.0.1:52548 - R:localhost/127.0.0.1:65115]
19:01:39.821 [main] DEBUG net.serenitybdd.core.photography.Darkroom - Send negative for processing for target\site\serenity\5c4dc7a0d56e7a2a15061a4dd96a5de36a47710c50df651396d070315382c788.png
19:01:39.822 [main] DEBUG net.thucydides.core.steps.StepInterceptor - STEP DONE: inputPassword
  &amp#27;[32mAnd &amp#27;[0m&amp#27;[32mI input valid password for order&amp#27;[0m    &amp#27;[90m# starter.stepdefinitions.OrderSteps.inputValidPassword()&amp#27;[0m
19:01:39.822 [Darkroom Processing Line] DEBUG net.serenitybdd.core.photography.DarkroomProcessingLine - Processing screenshot image in /var/screenshots/screenshot-17327100541539657589
19:01:39.822 [Darkroom Processing Line] DEBUG net.serenitybdd.core.photography.DarkroomProcessingLine - Saving screenshot to target\site\serenity\5c4dc7a0d56e7a2a15061a4dd96a5de36a47710c50df651396d070315382c788.png
19:01:39.843 [main] DEBUG net.thucydides.core.steps.StepInterceptor - STARTING STEP: OrderSteps.clickOnLoginButoon - clickLoginButton
19:01:39.847 [Forwarding findElement on session 78e2dff2e433c6fecbe887194e5decc1 to remote] DEBUG org.asynchttpclient.netty.request.NettyRequestSender - Using pooled Channel '[id: 0x3d704d6f, L:/127.0.0.1:52548 - R:localhost/127.0.0.1:65115]' for 'POST' to 'http://localhost:65115/session/78e2dff2e433c6fecbe887194e5decc1/element'
19:01:39.848 [Forwarding findElement on session 78e2dff2e433c6fecbe887194e5decc1 to remote] DEBUG org.asynchttpclient.netty.request.NettyRequestSender - Using open Channel [id: 0x3d704d6f, L:/127.0.0.1:52548 - R:localhost/127.0.0.1:65115] for POST '/session/78e2dff2e433c6fecbe887194e5decc1/element'
19:01:39.866 [AsyncHttpClient-1-4] DEBUG org.asynchttpclient.netty.handler.HttpHandler - 

Request DefaultHttpRequest(decodeResult: success, version: HTTP/1.1)
POST /session/78e2dff2e433c6fecbe887194e5decc1/element HTTP/1.1
User-Agent: selenium/4.1.2 (java windows)
Content-Length: 155
Content-Type: application/json; charset=utf-8
host: localhost:65115
accept: */*

Response DefaultHttpResponse(decodeResult: success, version: HTTP/1.1)
HTTP/1.1 200 OK
Content-Type: application/json; charset=utf-8
cache-control: no-cache
content-length: 88

19:01:39.866 [AsyncHttpClient-1-4] DEBUG org.asynchttpclient.netty.channel.ChannelManager - Adding key: http://localhost:65115 for channel [id: 0x3d704d6f, L:/127.0.0.1:52548 - R:localhost/127.0.0.1:65115]
19:01:39.869 [Forwarding getElementTagName on session 78e2dff2e433c6fecbe887194e5decc1 to remote] DEBUG org.asynchttpclient.netty.request.NettyRequestSender - Using pooled Channel '[id: 0x3d704d6f, L:/127.0.0.1:52548 - R:localhost/127.0.0.1:65115]' for 'GET' to 'http://localhost:65115/session/78e2dff2e433c6fecbe887194e5decc1/element/05a657ad-6928-4376-abdd-c26c6a514ac7/name'
19:01:39.869 [Forwarding getElementTagName on session 78e2dff2e433c6fecbe887194e5decc1 to remote] DEBUG org.asynchttpclient.netty.request.NettyRequestSender - Using open Channel [id: 0x3d704d6f, L:/127.0.0.1:52548 - R:localhost/127.0.0.1:65115] for GET '/session/78e2dff2e433c6fecbe887194e5decc1/element/05a657ad-6928-4376-abdd-c26c6a514ac7/name'
19:01:39.887 [AsyncHttpClient-1-4] DEBUG org.asynchttpclient.netty.handler.HttpHandler - 

Request DefaultFullHttpRequest(decodeResult: success, version: HTTP/1.1, content: EmptyByteBufBE)
GET /session/78e2dff2e433c6fecbe887194e5decc1/element/05a657ad-6928-4376-abdd-c26c6a514ac7/name HTTP/1.1
User-Agent: selenium/4.1.2 (java windows)
Cache-Control: no-cache
Content-Type: application/json; charset=utf-8
host: localhost:65115
accept: */*

Response DefaultHttpResponse(decodeResult: success, version: HTTP/1.1)
HTTP/1.1 200 OK
Content-Type: application/json; charset=utf-8
cache-control: no-cache
content-length: 18

19:01:39.887 [AsyncHttpClient-1-4] DEBUG org.asynchttpclient.netty.channel.ChannelManager - Adding key: http://localhost:65115 for channel [id: 0x3d704d6f, L:/127.0.0.1:52548 - R:localhost/127.0.0.1:65115]
19:01:39.891 [Forwarding getElementTagName on session 78e2dff2e433c6fecbe887194e5decc1 to remote] DEBUG org.asynchttpclient.netty.request.NettyRequestSender - Using pooled Channel '[id: 0x3d704d6f, L:/127.0.0.1:52548 - R:localhost/127.0.0.1:65115]' for 'GET' to 'http://localhost:65115/session/78e2dff2e433c6fecbe887194e5decc1/element/05a657ad-6928-4376-abdd-c26c6a514ac7/name'
19:01:39.891 [Forwarding getElementTagName on session 78e2dff2e433c6fecbe887194e5decc1 to remote] DEBUG org.asynchttpclient.netty.request.NettyRequestSender - Using open Channel [id: 0x3d704d6f, L:/127.0.0.1:52548 - R:localhost/127.0.0.1:65115] for GET '/session/78e2dff2e433c6fecbe887194e5decc1/element/05a657ad-6928-4376-abdd-c26c6a514ac7/name'
19:01:39.898 [AsyncHttpClient-1-4] DEBUG org.asynchttpclient.netty.handler.HttpHandler - 

Request DefaultFullHttpRequest(decodeResult: success, version: HTTP/1.1, content: EmptyByteBufBE)
GET /session/78e2dff2e433c6fecbe887194e5decc1/element/05a657ad-6928-4376-abdd-c26c6a514ac7/name HTTP/1.1
User-Agent: selenium/4.1.2 (java windows)
Cache-Control: no-cache
Content-Type: application/json; charset=utf-8
host: localhost:65115
accept: */*

Response DefaultHttpResponse(decodeResult: success, version: HTTP/1.1)
HTTP/1.1 200 OK
Content-Type: application/json; charset=utf-8
cache-control: no-cache
content-length: 18

19:01:39.899 [AsyncHttpClient-1-4] DEBUG org.asynchttpclient.netty.channel.ChannelManager - Adding key: http://localhost:65115 for channel [id: 0x3d704d6f, L:/127.0.0.1:52548 - R:localhost/127.0.0.1:65115]
19:01:39.905 [Forwarding isElementEnabled on session 78e2dff2e433c6fecbe887194e5decc1 to remote] DEBUG org.asynchttpclient.netty.request.NettyRequestSender - Using pooled Channel '[id: 0x3d704d6f, L:/127.0.0.1:52548 - R:localhost/127.0.0.1:65115]' for 'GET' to 'http://localhost:65115/session/78e2dff2e433c6fecbe887194e5decc1/element/05a657ad-6928-4376-abdd-c26c6a514ac7/enabled'
19:01:39.905 [Forwarding isElementEnabled on session 78e2dff2e433c6fecbe887194e5decc1 to remote] DEBUG org.asynchttpclient.netty.request.NettyRequestSender - Using open Channel [id: 0x3d704d6f, L:/127.0.0.1:52548 - R:localhost/127.0.0.1:65115] for GET '/session/78e2dff2e433c6fecbe887194e5decc1/element/05a657ad-6928-4376-abdd-c26c6a514ac7/enabled'
19:01:39.920 [AsyncHttpClient-1-4] DEBUG org.asynchttpclient.netty.handler.HttpHandler - 

Request DefaultFullHttpRequest(decodeResult: success, version: HTTP/1.1, content: EmptyByteBufBE)
GET /session/78e2dff2e433c6fecbe887194e5decc1/element/05a657ad-6928-4376-abdd-c26c6a514ac7/enabled HTTP/1.1
User-Agent: selenium/4.1.2 (java windows)
Cache-Control: no-cache
Content-Type: application/json; charset=utf-8
host: localhost:65115
accept: */*

Response DefaultHttpResponse(decodeResult: success, version: HTTP/1.1)
HTTP/1.1 200 OK
Content-Type: application/json; charset=utf-8
cache-control: no-cache
content-length: 14

19:01:39.920 [AsyncHttpClient-1-4] DEBUG org.asynchttpclient.netty.channel.ChannelManager - Adding key: http://localhost:65115 for channel [id: 0x3d704d6f, L:/127.0.0.1:52548 - R:localhost/127.0.0.1:65115]
19:01:39.922 [Forwarding isElementEnabled on session 78e2dff2e433c6fecbe887194e5decc1 to remote] DEBUG org.asynchttpclient.netty.request.NettyRequestSender - Using pooled Channel '[id: 0x3d704d6f, L:/127.0.0.1:52548 - R:localhost/127.0.0.1:65115]' for 'GET' to 'http://localhost:65115/session/78e2dff2e433c6fecbe887194e5decc1/element/05a657ad-6928-4376-abdd-c26c6a514ac7/enabled'
19:01:39.923 [Forwarding isElementEnabled on session 78e2dff2e433c6fecbe887194e5decc1 to remote] DEBUG org.asynchttpclient.netty.request.NettyRequestSender - Using open Channel [id: 0x3d704d6f, L:/127.0.0.1:52548 - R:localhost/127.0.0.1:65115] for GET '/session/78e2dff2e433c6fecbe887194e5decc1/element/05a657ad-6928-4376-abdd-c26c6a514ac7/enabled'
19:01:39.930 [AsyncHttpClient-1-4] DEBUG org.asynchttpclient.netty.handler.HttpHandler - 

Request DefaultFullHttpRequest(decodeResult: success, version: HTTP/1.1, content: EmptyByteBufBE)
GET /session/78e2dff2e433c6fecbe887194e5decc1/element/05a657ad-6928-4376-abdd-c26c6a514ac7/enabled HTTP/1.1
User-Agent: selenium/4.1.2 (java windows)
Cache-Control: no-cache
Content-Type: application/json; charset=utf-8
host: localhost:65115
accept: */*

Response DefaultHttpResponse(decodeResult: success, version: HTTP/1.1)
HTTP/1.1 200 OK
Content-Type: application/json; charset=utf-8
cache-control: no-cache
content-length: 14

19:01:39.930 [AsyncHttpClient-1-4] DEBUG org.asynchttpclient.netty.channel.ChannelManager - Adding key: http://localhost:65115 for channel [id: 0x3d704d6f, L:/127.0.0.1:52548 - R:localhost/127.0.0.1:65115]
19:01:39.935 [Forwarding findElement on session 78e2dff2e433c6fecbe887194e5decc1 to remote] DEBUG org.asynchttpclient.netty.request.NettyRequestSender - Using pooled Channel '[id: 0x3d704d6f, L:/127.0.0.1:52548 - R:localhost/127.0.0.1:65115]' for 'POST' to 'http://localhost:65115/session/78e2dff2e433c6fecbe887194e5decc1/element'
19:01:39.935 [Forwarding findElement on session 78e2dff2e433c6fecbe887194e5decc1 to remote] DEBUG org.asynchttpclient.netty.request.NettyRequestSender - Using open Channel [id: 0x3d704d6f, L:/127.0.0.1:52548 - R:localhost/127.0.0.1:65115] for POST '/session/78e2dff2e433c6fecbe887194e5decc1/element'
19:01:39.943 [AsyncHttpClient-1-4] DEBUG org.asynchttpclient.netty.handler.HttpHandler - 

Request DefaultHttpRequest(decodeResult: success, version: HTTP/1.1)
POST /session/78e2dff2e433c6fecbe887194e5decc1/element HTTP/1.1
User-Agent: selenium/4.1.2 (java windows)
Content-Length: 155
Content-Type: application/json; charset=utf-8
host: localhost:65115
accept: */*

Response DefaultHttpResponse(decodeResult: success, version: HTTP/1.1)
HTTP/1.1 200 OK
Content-Type: application/json; charset=utf-8
cache-control: no-cache
content-length: 88

19:01:39.943 [AsyncHttpClient-1-4] DEBUG org.asynchttpclient.netty.channel.ChannelManager - Adding key: http://localhost:65115 for channel [id: 0x3d704d6f, L:/127.0.0.1:52548 - R:localhost/127.0.0.1:65115]
19:01:39.946 [Forwarding clickElement on session 78e2dff2e433c6fecbe887194e5decc1 to remote] DEBUG org.asynchttpclient.netty.request.NettyRequestSender - Using pooled Channel '[id: 0x3d704d6f, L:/127.0.0.1:52548 - R:localhost/127.0.0.1:65115]' for 'POST' to 'http://localhost:65115/session/78e2dff2e433c6fecbe887194e5decc1/element/05a657ad-6928-4376-abdd-c26c6a514ac7/click'
19:01:39.946 [Forwarding clickElement on session 78e2dff2e433c6fecbe887194e5decc1 to remote] DEBUG org.asynchttpclient.netty.request.NettyRequestSender - Using open Channel [id: 0x3d704d6f, L:/127.0.0.1:52548 - R:localhost/127.0.0.1:65115] for POST '/session/78e2dff2e433c6fecbe887194e5decc1/element/05a657ad-6928-4376-abdd-c26c6a514ac7/click'
19:01:40.009 [AsyncHttpClient-1-4] DEBUG org.asynchttpclient.netty.handler.HttpHandler - 

Request DefaultHttpRequest(decodeResult: success, version: HTTP/1.1)
POST /session/78e2dff2e433c6fecbe887194e5decc1/element/05a657ad-6928-4376-abdd-c26c6a514ac7/click HTTP/1.1
User-Agent: selenium/4.1.2 (java windows)
Content-Length: 50
Content-Type: application/json; charset=utf-8
host: localhost:65115
accept: */*

Response DefaultHttpResponse(decodeResult: success, version: HTTP/1.1)
HTTP/1.1 200 OK
Content-Type: application/json; charset=utf-8
cache-control: no-cache
content-length: 14

19:01:40.009 [AsyncHttpClient-1-4] DEBUG org.asynchttpclient.netty.channel.ChannelManager - Adding key: http://localhost:65115 for channel [id: 0x3d704d6f, L:/127.0.0.1:52548 - R:localhost/127.0.0.1:65115]
19:01:40.019 [Forwarding screenshot on session 78e2dff2e433c6fecbe887194e5decc1 to remote] DEBUG org.asynchttpclient.netty.request.NettyRequestSender - Using pooled Channel '[id: 0x3d704d6f, L:/127.0.0.1:52548 - R:localhost/127.0.0.1:65115]' for 'GET' to 'http://localhost:65115/session/78e2dff2e433c6fecbe887194e5decc1/screenshot'
19:01:40.019 [Forwarding screenshot on session 78e2dff2e433c6fecbe887194e5decc1 to remote] DEBUG org.asynchttpclient.netty.request.NettyRequestSender - Using open Channel [id: 0x3d704d6f, L:/127.0.0.1:52548 - R:localhost/127.0.0.1:65115] for GET '/session/78e2dff2e433c6fecbe887194e5decc1/screenshot'
19:01:40.168 [AsyncHttpClient-1-1] DEBUG org.asynchttpclient.netty.channel.DefaultChannelPool - Entry count for : http://localhost:52549 : 1
19:01:40.196 [AsyncHttpClient-1-4] DEBUG org.asynchttpclient.netty.handler.HttpHandler - 

Request DefaultFullHttpRequest(decodeResult: success, version: HTTP/1.1, content: EmptyByteBufBE)
GET /session/78e2dff2e433c6fecbe887194e5decc1/screenshot HTTP/1.1
User-Agent: selenium/4.1.2 (java windows)
Cache-Control: no-cache
Content-Type: application/json; charset=utf-8
host: localhost:65115
accept: */*

Response DefaultHttpResponse(decodeResult: success, version: HTTP/1.1)
HTTP/1.1 200 OK
Content-Type: application/json; charset=utf-8
cache-control: no-cache
content-length: 39604

19:01:40.196 [AsyncHttpClient-1-4] DEBUG org.asynchttpclient.netty.channel.ChannelManager - Adding key: http://localhost:65115 for channel [id: 0x3d704d6f, L:/127.0.0.1:52548 - R:localhost/127.0.0.1:65115]
19:01:40.204 [main] DEBUG net.serenitybdd.core.photography.Darkroom - Send negative for processing for target\site\serenity\24637f5bc16d28f0f9859629c94ba656e73df3202c8d21f0902706f3479b4db4.png
19:01:40.204 [main] DEBUG net.thucydides.core.steps.StepInterceptor - STEP DONE: clickLoginButton
  &amp#27;[32mAnd &amp#27;[0m&amp#27;[32mI click on login button for order&amp#27;[0m   &amp#27;[90m# starter.stepdefinitions.OrderSteps.clickOnLoginButoon()&amp#27;[0m
19:01:40.204 [Darkroom Processing Line] DEBUG net.serenitybdd.core.photography.DarkroomProcessingLine - Processing screenshot image in /var/screenshots/screenshot-1989429776364828061
19:01:40.204 [Darkroom Processing Line] DEBUG net.serenitybdd.core.photography.DarkroomProcessingLine - Saving screenshot to target\site\serenity\24637f5bc16d28f0f9859629c94ba656e73df3202c8d21f0902706f3479b4db4.png
19:01:40.224 [main] DEBUG net.thucydides.core.steps.StepInterceptor - STARTING STEP: OrderSteps.onTheHomePage - homePage
19:01:40.226 [Forwarding get on session 78e2dff2e433c6fecbe887194e5decc1 to remote] DEBUG org.asynchttpclient.netty.request.NettyRequestSender - Using pooled Channel '[id: 0x3d704d6f, L:/127.0.0.1:52548 - R:localhost/127.0.0.1:65115]' for 'POST' to 'http://localhost:65115/session/78e2dff2e433c6fecbe887194e5decc1/url'
19:01:40.226 [Forwarding get on session 78e2dff2e433c6fecbe887194e5decc1 to remote] DEBUG org.asynchttpclient.netty.request.NettyRequestSender - Using open Channel [id: 0x3d704d6f, L:/127.0.0.1:52548 - R:localhost/127.0.0.1:65115] for POST '/session/78e2dff2e433c6fecbe887194e5decc1/url'
19:01:40.483 [AsyncHttpClient-1-4] DEBUG org.asynchttpclient.netty.handler.HttpHandler - 

Request DefaultHttpRequest(decodeResult: success, version: HTTP/1.1)
POST /session/78e2dff2e433c6fecbe887194e5decc1/url HTTP/1.1
User-Agent: selenium/4.1.2 (java windows)
Content-Length: 49
Content-Type: application/json; charset=utf-8
host: localhost:65115
accept: */*

Response DefaultHttpResponse(decodeResult: success, version: HTTP/1.1)
HTTP/1.1 200 OK
Content-Type: application/json; charset=utf-8
cache-control: no-cache
content-length: 14

19:01:40.483 [AsyncHttpClient-1-4] DEBUG org.asynchttpclient.netty.channel.ChannelManager - Adding key: http://localhost:65115 for channel [id: 0x3d704d6f, L:/127.0.0.1:52548 - R:localhost/127.0.0.1:65115]
19:01:40.489 [Forwarding getCurrentUrl on session 78e2dff2e433c6fecbe887194e5decc1 to remote] DEBUG org.asynchttpclient.netty.request.NettyRequestSender - Using pooled Channel '[id: 0x3d704d6f, L:/127.0.0.1:52548 - R:localhost/127.0.0.1:65115]' for 'GET' to 'http://localhost:65115/session/78e2dff2e433c6fecbe887194e5decc1/url'
19:01:40.490 [Forwarding getCurrentUrl on session 78e2dff2e433c6fecbe887194e5decc1 to remote] DEBUG org.asynchttpclient.netty.request.NettyRequestSender - Using open Channel [id: 0x3d704d6f, L:/127.0.0.1:52548 - R:localhost/127.0.0.1:65115] for GET '/session/78e2dff2e433c6fecbe887194e5decc1/url'
19:01:40.498 [AsyncHttpClient-1-4] DEBUG org.asynchttpclient.netty.handler.HttpHandler - 

Request DefaultFullHttpRequest(decodeResult: success, version: HTTP/1.1, content: EmptyByteBufBE)
GET /session/78e2dff2e433c6fecbe887194e5decc1/url HTTP/1.1
User-Agent: selenium/4.1.2 (java windows)
Cache-Control: no-cache
Content-Type: application/json; charset=utf-8
host: localhost:65115
accept: */*

Response DefaultHttpResponse(decodeResult: success, version: HTTP/1.1)
HTTP/1.1 200 OK
Content-Type: application/json; charset=utf-8
cache-control: no-cache
content-length: 31

19:01:40.498 [AsyncHttpClient-1-4] DEBUG org.asynchttpclient.netty.channel.ChannelManager - Adding key: http://localhost:65115 for channel [id: 0x3d704d6f, L:/127.0.0.1:52548 - R:localhost/127.0.0.1:65115]
19:01:40.506 [Forwarding screenshot on session 78e2dff2e433c6fecbe887194e5decc1 to remote] DEBUG org.asynchttpclient.netty.request.NettyRequestSender - Using pooled Channel '[id: 0x3d704d6f, L:/127.0.0.1:52548 - R:localhost/127.0.0.1:65115]' for 'GET' to 'http://localhost:65115/session/78e2dff2e433c6fecbe887194e5decc1/screenshot'
19:01:40.506 [Forwarding screenshot on session 78e2dff2e433c6fecbe887194e5decc1 to remote] DEBUG org.asynchttpclient.netty.request.NettyRequestSender - Using open Channel [id: 0x3d704d6f, L:/127.0.0.1:52548 - R:localhost/127.0.0.1:65115] for GET '/session/78e2dff2e433c6fecbe887194e5decc1/screenshot'
19:01:40.693 [AsyncHttpClient-1-4] DEBUG org.asynchttpclient.netty.handler.HttpHandler - 

Request DefaultFullHttpRequest(decodeResult: success, version: HTTP/1.1, content: EmptyByteBufBE)
GET /session/78e2dff2e433c6fecbe887194e5decc1/screenshot HTTP/1.1
User-Agent: selenium/4.1.2 (java windows)
Cache-Control: no-cache
Content-Type: application/json; charset=utf-8
host: localhost:65115
accept: */*

Response DefaultHttpResponse(decodeResult: success, version: HTTP/1.1)
HTTP/1.1 200 OK
Content-Type: application/json; charset=utf-8
cache-control: no-cache
content-length: 28804

19:01:40.693 [AsyncHttpClient-1-4] DEBUG org.asynchttpclient.netty.channel.ChannelManager - Adding key: http://localhost:65115 for channel [id: 0x3d704d6f, L:/127.0.0.1:52548 - R:localhost/127.0.0.1:65115]
19:01:40.696 [main] DEBUG net.serenitybdd.core.photography.Darkroom - Send negative for processing for target\site\serenity\52c9eb2402b12d9e232030f8c043fedc2ffd4e719dcb9ecdef605bf5c571e025.png
19:01:40.697 [main] DEBUG net.thucydides.core.steps.StepInterceptor - STEP DONE: homePage
19:01:40.697 [Darkroom Processing Line] DEBUG net.serenitybdd.core.photography.DarkroomProcessingLine - Processing screenshot image in /var/screenshots/screenshot-3585835982770566067
19:01:40.697 [Darkroom Processing Line] DEBUG net.serenitybdd.core.photography.DarkroomProcessingLine - Saving screenshot to target\site\serenity\52c9eb2402b12d9e232030f8c043fedc2ffd4e719dcb9ecdef605bf5c571e025.png
19:01:40.704 [main] DEBUG net.thucydides.core.steps.StepInterceptor - STARTING STEP: OrderSteps.onTheHomePage - validateOnHomePage
19:01:40.707 [Forwarding findElement on session 78e2dff2e433c6fecbe887194e5decc1 to remote] DEBUG org.asynchttpclient.netty.request.NettyRequestSender - Using pooled Channel '[id: 0x3d704d6f, L:/127.0.0.1:52548 - R:localhost/127.0.0.1:65115]' for 'POST' to 'http://localhost:65115/session/78e2dff2e433c6fecbe887194e5decc1/element'
19:01:40.707 [Forwarding findElement on session 78e2dff2e433c6fecbe887194e5decc1 to remote] DEBUG org.asynchttpclient.netty.request.NettyRequestSender - Using open Channel [id: 0x3d704d6f, L:/127.0.0.1:52548 - R:localhost/127.0.0.1:65115] for POST '/session/78e2dff2e433c6fecbe887194e5decc1/element'
19:01:41.257 [AsyncHttpClient-1-1] DEBUG org.asynchttpclient.netty.channel.DefaultChannelPool - Entry count for : http://localhost:52549 : 1
19:01:42.367 [AsyncHttpClient-1-1] DEBUG org.asynchttpclient.netty.channel.DefaultChannelPool - Entry count for : http://localhost:52549 : 1
19:01:43.335 [AsyncHttpClient-1-4] DEBUG org.asynchttpclient.netty.handler.HttpHandler - 

Request DefaultHttpRequest(decodeResult: success, version: HTTP/1.1)
POST /session/78e2dff2e433c6fecbe887194e5decc1/element HTTP/1.1
User-Agent: selenium/4.1.2 (java windows)
Content-Length: 140
Content-Type: application/json; charset=utf-8
host: localhost:65115
accept: */*

Response DefaultHttpResponse(decodeResult: success, version: HTTP/1.1)
HTTP/1.1 200 OK
Content-Type: application/json; charset=utf-8
cache-control: no-cache
content-length: 88

19:01:43.336 [AsyncHttpClient-1-4] DEBUG org.asynchttpclient.netty.channel.ChannelManager - Adding key: http://localhost:65115 for channel [id: 0x3d704d6f, L:/127.0.0.1:52548 - R:localhost/127.0.0.1:65115]
19:01:43.339 [Forwarding isElementDisplayed on session 78e2dff2e433c6fecbe887194e5decc1 to remote] DEBUG org.asynchttpclient.netty.request.NettyRequestSender - Using pooled Channel '[id: 0x3d704d6f, L:/127.0.0.1:52548 - R:localhost/127.0.0.1:65115]' for 'POST' to 'http://localhost:65115/session/78e2dff2e433c6fecbe887194e5decc1/execute/sync'
19:01:43.339 [Forwarding isElementDisplayed on session 78e2dff2e433c6fecbe887194e5decc1 to remote] DEBUG org.asynchttpclient.netty.request.NettyRequestSender - Using open Channel [id: 0x3d704d6f, L:/127.0.0.1:52548 - R:localhost/127.0.0.1:65115] for POST '/session/78e2dff2e433c6fecbe887194e5decc1/execute/sync'
19:01:43.355 [AsyncHttpClient-1-4] DEBUG org.asynchttpclient.netty.handler.HttpHandler - 

Request DefaultHttpRequest(decodeResult: success, version: HTTP/1.1)
POST /session/78e2dff2e433c6fecbe887194e5decc1/execute/sync HTTP/1.1
User-Agent: selenium/4.1.2 (java windows)
Content-Length: 48780
Content-Type: application/json; charset=utf-8
host: localhost:65115
accept: */*

Response DefaultHttpResponse(decodeResult: success, version: HTTP/1.1)
HTTP/1.1 200 OK
Content-Type: application/json; charset=utf-8
cache-control: no-cache
content-length: 14

19:01:43.355 [AsyncHttpClient-1-4] DEBUG org.asynchttpclient.netty.channel.ChannelManager - Adding key: http://localhost:65115 for channel [id: 0x3d704d6f, L:/127.0.0.1:52548 - R:localhost/127.0.0.1:65115]
19:01:43.358 [Forwarding screenshot on session 78e2dff2e433c6fecbe887194e5decc1 to remote] DEBUG org.asynchttpclient.netty.request.NettyRequestSender - Using pooled Channel '[id: 0x3d704d6f, L:/127.0.0.1:52548 - R:localhost/127.0.0.1:65115]' for 'GET' to 'http://localhost:65115/session/78e2dff2e433c6fecbe887194e5decc1/screenshot'
19:01:43.358 [Forwarding screenshot on session 78e2dff2e433c6fecbe887194e5decc1 to remote] DEBUG org.asynchttpclient.netty.request.NettyRequestSender - Using open Channel [id: 0x3d704d6f, L:/127.0.0.1:52548 - R:localhost/127.0.0.1:65115] for GET '/session/78e2dff2e433c6fecbe887194e5decc1/screenshot'
19:01:43.452 [AsyncHttpClient-1-4] DEBUG org.asynchttpclient.netty.handler.HttpHandler - 

Request DefaultFullHttpRequest(decodeResult: success, version: HTTP/1.1, content: EmptyByteBufBE)
GET /session/78e2dff2e433c6fecbe887194e5decc1/screenshot HTTP/1.1
User-Agent: selenium/4.1.2 (java windows)
Cache-Control: no-cache
Content-Type: application/json; charset=utf-8
host: localhost:65115
accept: */*

Response DefaultHttpResponse(decodeResult: success, version: HTTP/1.1)
HTTP/1.1 200 OK
Content-Type: application/json; charset=utf-8
cache-control: no-cache
content-length: 77824

19:01:43.452 [AsyncHttpClient-1-4] DEBUG org.asynchttpclient.netty.channel.ChannelManager - Adding key: http://localhost:65115 for channel [id: 0x3d704d6f, L:/127.0.0.1:52548 - R:localhost/127.0.0.1:65115]
19:01:43.455 [main] DEBUG net.serenitybdd.core.photography.Darkroom - Send negative for processing for target\site\serenity\4180a5aa39dc0904d1248cac44a295951a10da52d56363e86b77352c6ebf5ef1.png
19:01:43.455 [main] DEBUG net.thucydides.core.steps.StepInterceptor - STEP DONE: validateOnHomePage
  &amp#27;[32mAnd &amp#27;[0m&amp#27;[32mI am on the home page for order&amp#27;[0m     &amp#27;[90m# starter.stepdefinitions.OrderSteps.onTheHomePage()&amp#27;[0m
19:01:43.463 [AsyncHttpClient-1-1] DEBUG org.asynchttpclient.netty.channel.DefaultChannelPool - Entry count for : http://localhost:52549 : 1
19:01:43.463 [AsyncHttpClient-1-1] DEBUG org.asynchttpclient.netty.channel.DefaultChannelPool - Entry count for : http://localhost:65115 : 1
19:01:43.473 [main] DEBUG net.thucydides.core.steps.StepInterceptor - STARTING STEP: OrderSteps.clickBeliButton - clickBeliButton
19:01:43.476 [Forwarding findElement on session 78e2dff2e433c6fecbe887194e5decc1 to remote] DEBUG org.asynchttpclient.netty.request.NettyRequestSender - Using pooled Channel '[id: 0x3d704d6f, L:/127.0.0.1:52548 - R:localhost/127.0.0.1:65115]' for 'POST' to 'http://localhost:65115/session/78e2dff2e433c6fecbe887194e5decc1/element'
19:01:43.476 [Forwarding findElement on session 78e2dff2e433c6fecbe887194e5decc1 to remote] DEBUG org.asynchttpclient.netty.request.NettyRequestSender - Using open Channel [id: 0x3d704d6f, L:/127.0.0.1:52548 - R:localhost/127.0.0.1:65115] for POST '/session/78e2dff2e433c6fecbe887194e5decc1/element'
19:01:43.492 [AsyncHttpClient-1-4] DEBUG org.asynchttpclient.netty.handler.HttpHandler - 

Request DefaultHttpRequest(decodeResult: success, version: HTTP/1.1)
POST /session/78e2dff2e433c6fecbe887194e5decc1/element HTTP/1.1
User-Agent: selenium/4.1.2 (java windows)
Content-Length: 140
Content-Type: application/json; charset=utf-8
host: localhost:65115
accept: */*

Response DefaultHttpResponse(decodeResult: success, version: HTTP/1.1)
HTTP/1.1 200 OK
Content-Type: application/json; charset=utf-8
cache-control: no-cache
content-length: 88

19:01:43.494 [AsyncHttpClient-1-4] DEBUG org.asynchttpclient.netty.channel.ChannelManager - Adding key: http://localhost:65115 for channel [id: 0x3d704d6f, L:/127.0.0.1:52548 - R:localhost/127.0.0.1:65115]
19:01:43.495 [Forwarding getElementTagName on session 78e2dff2e433c6fecbe887194e5decc1 to remote] DEBUG org.asynchttpclient.netty.request.NettyRequestSender - Using pooled Channel '[id: 0x3d704d6f, L:/127.0.0.1:52548 - R:localhost/127.0.0.1:65115]' for 'GET' to 'http://localhost:65115/session/78e2dff2e433c6fecbe887194e5decc1/element/3f68c612-b353-4f07-902a-e8e88057efb5/name'
19:01:43.495 [Forwarding getElementTagName on session 78e2dff2e433c6fecbe887194e5decc1 to remote] DEBUG org.asynchttpclient.netty.request.NettyRequestSender - Using open Channel [id: 0x3d704d6f, L:/127.0.0.1:52548 - R:localhost/127.0.0.1:65115] for GET '/session/78e2dff2e433c6fecbe887194e5decc1/element/3f68c612-b353-4f07-902a-e8e88057efb5/name'
19:01:43.500 [AsyncHttpClient-1-4] DEBUG org.asynchttpclient.netty.handler.HttpHandler - 

Request DefaultFullHttpRequest(decodeResult: success, version: HTTP/1.1, content: EmptyByteBufBE)
GET /session/78e2dff2e433c6fecbe887194e5decc1/element/3f68c612-b353-4f07-902a-e8e88057efb5/name HTTP/1.1
User-Agent: selenium/4.1.2 (java windows)
Cache-Control: no-cache
Content-Type: application/json; charset=utf-8
host: localhost:65115
accept: */*

Response DefaultHttpResponse(decodeResult: success, version: HTTP/1.1)
HTTP/1.1 200 OK
Content-Type: application/json; charset=utf-8
cache-control: no-cache
content-length: 18

19:01:43.500 [AsyncHttpClient-1-4] DEBUG org.asynchttpclient.netty.channel.ChannelManager - Adding key: http://localhost:65115 for channel [id: 0x3d704d6f, L:/127.0.0.1:52548 - R:localhost/127.0.0.1:65115]
19:01:43.502 [Forwarding getElementTagName on session 78e2dff2e433c6fecbe887194e5decc1 to remote] DEBUG org.asynchttpclient.netty.request.NettyRequestSender - Using pooled Channel '[id: 0x3d704d6f, L:/127.0.0.1:52548 - R:localhost/127.0.0.1:65115]' for 'GET' to 'http://localhost:65115/session/78e2dff2e433c6fecbe887194e5decc1/element/3f68c612-b353-4f07-902a-e8e88057efb5/name'
19:01:43.502 [Forwarding getElementTagName on session 78e2dff2e433c6fecbe887194e5decc1 to remote] DEBUG org.asynchttpclient.netty.request.NettyRequestSender - Using open Channel [id: 0x3d704d6f, L:/127.0.0.1:52548 - R:localhost/127.0.0.1:65115] for GET '/session/78e2dff2e433c6fecbe887194e5decc1/element/3f68c612-b353-4f07-902a-e8e88057efb5/name'
19:01:43.506 [AsyncHttpClient-1-4] DEBUG org.asynchttpclient.netty.handler.HttpHandler - 

Request DefaultFullHttpRequest(decodeResult: success, version: HTTP/1.1, content: EmptyByteBufBE)
GET /session/78e2dff2e433c6fecbe887194e5decc1/element/3f68c612-b353-4f07-902a-e8e88057efb5/name HTTP/1.1
User-Agent: selenium/4.1.2 (java windows)
Cache-Control: no-cache
Content-Type: application/json; charset=utf-8
host: localhost:65115
accept: */*

Response DefaultHttpResponse(decodeResult: success, version: HTTP/1.1)
HTTP/1.1 200 OK
Content-Type: application/json; charset=utf-8
cache-control: no-cache
content-length: 18

19:01:43.506 [AsyncHttpClient-1-4] DEBUG org.asynchttpclient.netty.channel.ChannelManager - Adding key: http://localhost:65115 for channel [id: 0x3d704d6f, L:/127.0.0.1:52548 - R:localhost/127.0.0.1:65115]
19:01:43.508 [Forwarding isElementEnabled on session 78e2dff2e433c6fecbe887194e5decc1 to remote] DEBUG org.asynchttpclient.netty.request.NettyRequestSender - Using pooled Channel '[id: 0x3d704d6f, L:/127.0.0.1:52548 - R:localhost/127.0.0.1:65115]' for 'GET' to 'http://localhost:65115/session/78e2dff2e433c6fecbe887194e5decc1/element/3f68c612-b353-4f07-902a-e8e88057efb5/enabled'
19:01:43.508 [Forwarding isElementEnabled on session 78e2dff2e433c6fecbe887194e5decc1 to remote] DEBUG org.asynchttpclient.netty.request.NettyRequestSender - Using open Channel [id: 0x3d704d6f, L:/127.0.0.1:52548 - R:localhost/127.0.0.1:65115] for GET '/session/78e2dff2e433c6fecbe887194e5decc1/element/3f68c612-b353-4f07-902a-e8e88057efb5/enabled'
19:01:43.516 [AsyncHttpClient-1-4] DEBUG org.asynchttpclient.netty.handler.HttpHandler - 

Request DefaultFullHttpRequest(decodeResult: success, version: HTTP/1.1, content: EmptyByteBufBE)
GET /session/78e2dff2e433c6fecbe887194e5decc1/element/3f68c612-b353-4f07-902a-e8e88057efb5/enabled HTTP/1.1
User-Agent: selenium/4.1.2 (java windows)
Cache-Control: no-cache
Content-Type: application/json; charset=utf-8
host: localhost:65115
accept: */*

Response DefaultHttpResponse(decodeResult: success, version: HTTP/1.1)
HTTP/1.1 200 OK
Content-Type: application/json; charset=utf-8
cache-control: no-cache
content-length: 14

19:01:43.516 [AsyncHttpClient-1-4] DEBUG org.asynchttpclient.netty.channel.ChannelManager - Adding key: http://localhost:65115 for channel [id: 0x3d704d6f, L:/127.0.0.1:52548 - R:localhost/127.0.0.1:65115]
19:01:43.518 [Forwarding isElementEnabled on session 78e2dff2e433c6fecbe887194e5decc1 to remote] DEBUG org.asynchttpclient.netty.request.NettyRequestSender - Using pooled Channel '[id: 0x3d704d6f, L:/127.0.0.1:52548 - R:localhost/127.0.0.1:65115]' for 'GET' to 'http://localhost:65115/session/78e2dff2e433c6fecbe887194e5decc1/element/3f68c612-b353-4f07-902a-e8e88057efb5/enabled'
19:01:43.518 [Forwarding isElementEnabled on session 78e2dff2e433c6fecbe887194e5decc1 to remote] DEBUG org.asynchttpclient.netty.request.NettyRequestSender - Using open Channel [id: 0x3d704d6f, L:/127.0.0.1:52548 - R:localhost/127.0.0.1:65115] for GET '/session/78e2dff2e433c6fecbe887194e5decc1/element/3f68c612-b353-4f07-902a-e8e88057efb5/enabled'
19:01:43.523 [AsyncHttpClient-1-4] DEBUG org.asynchttpclient.netty.handler.HttpHandler - 

Request DefaultFullHttpRequest(decodeResult: success, version: HTTP/1.1, content: EmptyByteBufBE)
GET /session/78e2dff2e433c6fecbe887194e5decc1/element/3f68c612-b353-4f07-902a-e8e88057efb5/enabled HTTP/1.1
User-Agent: selenium/4.1.2 (java windows)
Cache-Control: no-cache
Content-Type: application/json; charset=utf-8
host: localhost:65115
accept: */*

Response DefaultHttpResponse(decodeResult: success, version: HTTP/1.1)
HTTP/1.1 200 OK
Content-Type: application/json; charset=utf-8
cache-control: no-cache
content-length: 14

19:01:43.523 [AsyncHttpClient-1-4] DEBUG org.asynchttpclient.netty.channel.ChannelManager - Adding key: http://localhost:65115 for channel [id: 0x3d704d6f, L:/127.0.0.1:52548 - R:localhost/127.0.0.1:65115]
19:01:43.526 [Forwarding findElement on session 78e2dff2e433c6fecbe887194e5decc1 to remote] DEBUG org.asynchttpclient.netty.request.NettyRequestSender - Using pooled Channel '[id: 0x3d704d6f, L:/127.0.0.1:52548 - R:localhost/127.0.0.1:65115]' for 'POST' to 'http://localhost:65115/session/78e2dff2e433c6fecbe887194e5decc1/element'
19:01:43.527 [Forwarding findElement on session 78e2dff2e433c6fecbe887194e5decc1 to remote] DEBUG org.asynchttpclient.netty.request.NettyRequestSender - Using open Channel [id: 0x3d704d6f, L:/127.0.0.1:52548 - R:localhost/127.0.0.1:65115] for POST '/session/78e2dff2e433c6fecbe887194e5decc1/element'
19:01:43.538 [AsyncHttpClient-1-4] DEBUG org.asynchttpclient.netty.handler.HttpHandler - 

Request DefaultHttpRequest(decodeResult: success, version: HTTP/1.1)
POST /session/78e2dff2e433c6fecbe887194e5decc1/element HTTP/1.1
User-Agent: selenium/4.1.2 (java windows)
Content-Length: 140
Content-Type: application/json; charset=utf-8
host: localhost:65115
accept: */*

Response DefaultHttpResponse(decodeResult: success, version: HTTP/1.1)
HTTP/1.1 200 OK
Content-Type: application/json; charset=utf-8
cache-control: no-cache
content-length: 88

19:01:43.539 [AsyncHttpClient-1-4] DEBUG org.asynchttpclient.netty.channel.ChannelManager - Adding key: http://localhost:65115 for channel [id: 0x3d704d6f, L:/127.0.0.1:52548 - R:localhost/127.0.0.1:65115]
19:01:43.541 [Forwarding clickElement on session 78e2dff2e433c6fecbe887194e5decc1 to remote] DEBUG org.asynchttpclient.netty.request.NettyRequestSender - Using pooled Channel '[id: 0x3d704d6f, L:/127.0.0.1:52548 - R:localhost/127.0.0.1:65115]' for 'POST' to 'http://localhost:65115/session/78e2dff2e433c6fecbe887194e5decc1/element/3f68c612-b353-4f07-902a-e8e88057efb5/click'
19:01:43.541 [Forwarding clickElement on session 78e2dff2e433c6fecbe887194e5decc1 to remote] DEBUG org.asynchttpclient.netty.request.NettyRequestSender - Using open Channel [id: 0x3d704d6f, L:/127.0.0.1:52548 - R:localhost/127.0.0.1:65115] for POST '/session/78e2dff2e433c6fecbe887194e5decc1/element/3f68c612-b353-4f07-902a-e8e88057efb5/click'
19:01:43.655 [AsyncHttpClient-1-4] DEBUG org.asynchttpclient.netty.handler.HttpHandler - 

Request DefaultHttpRequest(decodeResult: success, version: HTTP/1.1)
POST /session/78e2dff2e433c6fecbe887194e5decc1/element/3f68c612-b353-4f07-902a-e8e88057efb5/click HTTP/1.1
User-Agent: selenium/4.1.2 (java windows)
Content-Length: 50
Content-Type: application/json; charset=utf-8
host: localhost:65115
accept: */*

Response DefaultHttpResponse(decodeResult: success, version: HTTP/1.1)
HTTP/1.1 200 OK
Content-Type: application/json; charset=utf-8
cache-control: no-cache
content-length: 14

19:01:43.657 [AsyncHttpClient-1-4] DEBUG org.asynchttpclient.netty.channel.ChannelManager - Adding key: http://localhost:65115 for channel [id: 0x3d704d6f, L:/127.0.0.1:52548 - R:localhost/127.0.0.1:65115]
19:01:43.662 [Forwarding screenshot on session 78e2dff2e433c6fecbe887194e5decc1 to remote] DEBUG org.asynchttpclient.netty.request.NettyRequestSender - Using pooled Channel '[id: 0x3d704d6f, L:/127.0.0.1:52548 - R:localhost/127.0.0.1:65115]' for 'GET' to 'http://localhost:65115/session/78e2dff2e433c6fecbe887194e5decc1/screenshot'
19:01:43.662 [Forwarding screenshot on session 78e2dff2e433c6fecbe887194e5decc1 to remote] DEBUG org.asynchttpclient.netty.request.NettyRequestSender - Using open Channel [id: 0x3d704d6f, L:/127.0.0.1:52548 - R:localhost/127.0.0.1:65115] for GET '/session/78e2dff2e433c6fecbe887194e5decc1/screenshot'
19:01:43.819 [AsyncHttpClient-1-4] DEBUG org.asynchttpclient.netty.handler.HttpHandler - 

Request DefaultFullHttpRequest(decodeResult: success, version: HTTP/1.1, content: EmptyByteBufBE)
GET /session/78e2dff2e433c6fecbe887194e5decc1/screenshot HTTP/1.1
User-Agent: selenium/4.1.2 (java windows)
Cache-Control: no-cache
Content-Type: application/json; charset=utf-8
host: localhost:65115
accept: */*

Response DefaultHttpResponse(decodeResult: success, version: HTTP/1.1)
HTTP/1.1 200 OK
Content-Type: application/json; charset=utf-8
cache-control: no-cache
content-length: 79840

19:01:43.820 [AsyncHttpClient-1-4] DEBUG org.asynchttpclient.netty.channel.ChannelManager - Adding key: http://localhost:65115 for channel [id: 0x3d704d6f, L:/127.0.0.1:52548 - R:localhost/127.0.0.1:65115]
19:01:43.823 [main] DEBUG net.serenitybdd.core.photography.Darkroom - Send negative for processing for target\site\serenity\7258fdca0a2fbe8d5567af8c7b8e01076dff8cea5e90656574f4986549a0781d.png
19:01:43.823 [main] DEBUG net.thucydides.core.steps.StepInterceptor - STEP DONE: clickBeliButton
  &amp#27;[32mAnd &amp#27;[0m&amp#27;[32mI click on Beli button on a product&amp#27;[0m &amp#27;[90m# starter.stepdefinitions.OrderSteps.clickBeliButton()&amp#27;[0m
19:01:43.824 [Darkroom Processing Line] DEBUG net.serenitybdd.core.photography.DarkroomProcessingLine - Processing screenshot image in /var/screenshots/screenshot-3668485493685856959
19:01:43.824 [Darkroom Processing Line] DEBUG net.serenitybdd.core.photography.DarkroomProcessingLine - Saving screenshot to target\site\serenity\7258fdca0a2fbe8d5567af8c7b8e01076dff8cea5e90656574f4986549a0781d.png
19:01:43.842 [main] DEBUG net.thucydides.core.steps.StepInterceptor - STARTING STEP: OrderSteps.clickCartIcon - clickCartIcon
19:01:43.844 [Forwarding findElement on session 78e2dff2e433c6fecbe887194e5decc1 to remote] DEBUG org.asynchttpclient.netty.request.NettyRequestSender - Using pooled Channel '[id: 0x3d704d6f, L:/127.0.0.1:52548 - R:localhost/127.0.0.1:65115]' for 'POST' to 'http://localhost:65115/session/78e2dff2e433c6fecbe887194e5decc1/element'
19:01:43.844 [Forwarding findElement on session 78e2dff2e433c6fecbe887194e5decc1 to remote] DEBUG org.asynchttpclient.netty.request.NettyRequestSender - Using open Channel [id: 0x3d704d6f, L:/127.0.0.1:52548 - R:localhost/127.0.0.1:65115] for POST '/session/78e2dff2e433c6fecbe887194e5decc1/element'
19:01:43.876 [AsyncHttpClient-1-4] DEBUG org.asynchttpclient.netty.handler.HttpHandler - 

Request DefaultHttpRequest(decodeResult: success, version: HTTP/1.1)
POST /session/78e2dff2e433c6fecbe887194e5decc1/element HTTP/1.1
User-Agent: selenium/4.1.2 (java windows)
Content-Length: 112
Content-Type: application/json; charset=utf-8
host: localhost:65115
accept: */*

Response DefaultHttpResponse(decodeResult: success, version: HTTP/1.1)
HTTP/1.1 200 OK
Content-Type: application/json; charset=utf-8
cache-control: no-cache
content-length: 88

19:01:43.877 [AsyncHttpClient-1-4] DEBUG org.asynchttpclient.netty.channel.ChannelManager - Adding key: http://localhost:65115 for channel [id: 0x3d704d6f, L:/127.0.0.1:52548 - R:localhost/127.0.0.1:65115]
19:01:43.877 [Forwarding getElementTagName on session 78e2dff2e433c6fecbe887194e5decc1 to remote] DEBUG org.asynchttpclient.netty.request.NettyRequestSender - Using pooled Channel '[id: 0x3d704d6f, L:/127.0.0.1:52548 - R:localhost/127.0.0.1:65115]' for 'GET' to 'http://localhost:65115/session/78e2dff2e433c6fecbe887194e5decc1/element/e11a7655-7d65-4047-ac78-42c2cd2aaf7b/name'
19:01:43.877 [Forwarding getElementTagName on session 78e2dff2e433c6fecbe887194e5decc1 to remote] DEBUG org.asynchttpclient.netty.request.NettyRequestSender - Using open Channel [id: 0x3d704d6f, L:/127.0.0.1:52548 - R:localhost/127.0.0.1:65115] for GET '/session/78e2dff2e433c6fecbe887194e5decc1/element/e11a7655-7d65-4047-ac78-42c2cd2aaf7b/name'
19:01:43.887 [AsyncHttpClient-1-4] DEBUG org.asynchttpclient.netty.handler.HttpHandler - 

Request DefaultFullHttpRequest(decodeResult: success, version: HTTP/1.1, content: EmptyByteBufBE)
GET /session/78e2dff2e433c6fecbe887194e5decc1/element/e11a7655-7d65-4047-ac78-42c2cd2aaf7b/name HTTP/1.1
User-Agent: selenium/4.1.2 (java windows)
Cache-Control: no-cache
Content-Type: application/json; charset=utf-8
host: localhost:65115
accept: */*

Response DefaultHttpResponse(decodeResult: success, version: HTTP/1.1)
HTTP/1.1 200 OK
Content-Type: application/json; charset=utf-8
cache-control: no-cache
content-length: 13

19:01:43.887 [AsyncHttpClient-1-4] DEBUG org.asynchttpclient.netty.channel.ChannelManager - Adding key: http://localhost:65115 for channel [id: 0x3d704d6f, L:/127.0.0.1:52548 - R:localhost/127.0.0.1:65115]
19:01:43.889 [Forwarding getElementTagName on session 78e2dff2e433c6fecbe887194e5decc1 to remote] DEBUG org.asynchttpclient.netty.request.NettyRequestSender - Using pooled Channel '[id: 0x3d704d6f, L:/127.0.0.1:52548 - R:localhost/127.0.0.1:65115]' for 'GET' to 'http://localhost:65115/session/78e2dff2e433c6fecbe887194e5decc1/element/e11a7655-7d65-4047-ac78-42c2cd2aaf7b/name'
19:01:43.889 [Forwarding getElementTagName on session 78e2dff2e433c6fecbe887194e5decc1 to remote] DEBUG org.asynchttpclient.netty.request.NettyRequestSender - Using open Channel [id: 0x3d704d6f, L:/127.0.0.1:52548 - R:localhost/127.0.0.1:65115] for GET '/session/78e2dff2e433c6fecbe887194e5decc1/element/e11a7655-7d65-4047-ac78-42c2cd2aaf7b/name'
19:01:43.902 [AsyncHttpClient-1-4] DEBUG org.asynchttpclient.netty.handler.HttpHandler - 

Request DefaultFullHttpRequest(decodeResult: success, version: HTTP/1.1, content: EmptyByteBufBE)
GET /session/78e2dff2e433c6fecbe887194e5decc1/element/e11a7655-7d65-4047-ac78-42c2cd2aaf7b/name HTTP/1.1
User-Agent: selenium/4.1.2 (java windows)
Cache-Control: no-cache
Content-Type: application/json; charset=utf-8
host: localhost:65115
accept: */*

Response DefaultHttpResponse(decodeResult: success, version: HTTP/1.1)
HTTP/1.1 200 OK
Content-Type: application/json; charset=utf-8
cache-control: no-cache
content-length: 13

19:01:43.902 [AsyncHttpClient-1-4] DEBUG org.asynchttpclient.netty.channel.ChannelManager - Adding key: http://localhost:65115 for channel [id: 0x3d704d6f, L:/127.0.0.1:52548 - R:localhost/127.0.0.1:65115]
19:01:43.904 [Forwarding findElement on session 78e2dff2e433c6fecbe887194e5decc1 to remote] DEBUG org.asynchttpclient.netty.request.NettyRequestSender - Using pooled Channel '[id: 0x3d704d6f, L:/127.0.0.1:52548 - R:localhost/127.0.0.1:65115]' for 'POST' to 'http://localhost:65115/session/78e2dff2e433c6fecbe887194e5decc1/element'
19:01:43.904 [Forwarding findElement on session 78e2dff2e433c6fecbe887194e5decc1 to remote] DEBUG org.asynchttpclient.netty.request.NettyRequestSender - Using open Channel [id: 0x3d704d6f, L:/127.0.0.1:52548 - R:localhost/127.0.0.1:65115] for POST '/session/78e2dff2e433c6fecbe887194e5decc1/element'
19:01:43.929 [AsyncHttpClient-1-4] DEBUG org.asynchttpclient.netty.handler.HttpHandler - 

Request DefaultHttpRequest(decodeResult: success, version: HTTP/1.1)
POST /session/78e2dff2e433c6fecbe887194e5decc1/element HTTP/1.1
User-Agent: selenium/4.1.2 (java windows)
Content-Length: 112
Content-Type: application/json; charset=utf-8
host: localhost:65115
accept: */*

Response DefaultHttpResponse(decodeResult: success, version: HTTP/1.1)
HTTP/1.1 200 OK
Content-Type: application/json; charset=utf-8
cache-control: no-cache
content-length: 88

19:01:43.929 [AsyncHttpClient-1-4] DEBUG org.asynchttpclient.netty.channel.ChannelManager - Adding key: http://localhost:65115 for channel [id: 0x3d704d6f, L:/127.0.0.1:52548 - R:localhost/127.0.0.1:65115]
19:01:43.931 [Forwarding clickElement on session 78e2dff2e433c6fecbe887194e5decc1 to remote] DEBUG org.asynchttpclient.netty.request.NettyRequestSender - Using pooled Channel '[id: 0x3d704d6f, L:/127.0.0.1:52548 - R:localhost/127.0.0.1:65115]' for 'POST' to 'http://localhost:65115/session/78e2dff2e433c6fecbe887194e5decc1/element/e11a7655-7d65-4047-ac78-42c2cd2aaf7b/click'
19:01:43.931 [Forwarding clickElement on session 78e2dff2e433c6fecbe887194e5decc1 to remote] DEBUG org.asynchttpclient.netty.request.NettyRequestSender - Using open Channel [id: 0x3d704d6f, L:/127.0.0.1:52548 - R:localhost/127.0.0.1:65115] for POST '/session/78e2dff2e433c6fecbe887194e5decc1/element/e11a7655-7d65-4047-ac78-42c2cd2aaf7b/click'
19:01:44.000 [AsyncHttpClient-1-4] DEBUG org.asynchttpclient.netty.handler.HttpHandler - 

Request DefaultHttpRequest(decodeResult: success, version: HTTP/1.1)
POST /session/78e2dff2e433c6fecbe887194e5decc1/element/e11a7655-7d65-4047-ac78-42c2cd2aaf7b/click HTTP/1.1
User-Agent: selenium/4.1.2 (java windows)
Content-Length: 50
Content-Type: application/json; charset=utf-8
host: localhost:65115
accept: */*

Response DefaultHttpResponse(decodeResult: success, version: HTTP/1.1)
HTTP/1.1 200 OK
Content-Type: application/json; charset=utf-8
cache-control: no-cache
content-length: 14

19:01:44.001 [AsyncHttpClient-1-4] DEBUG org.asynchttpclient.netty.channel.ChannelManager - Adding key: http://localhost:65115 for channel [id: 0x3d704d6f, L:/127.0.0.1:52548 - R:localhost/127.0.0.1:65115]
19:01:44.014 [Forwarding screenshot on session 78e2dff2e433c6fecbe887194e5decc1 to remote] DEBUG org.asynchttpclient.netty.request.NettyRequestSender - Using pooled Channel '[id: 0x3d704d6f, L:/127.0.0.1:52548 - R:localhost/127.0.0.1:65115]' for 'GET' to 'http://localhost:65115/session/78e2dff2e433c6fecbe887194e5decc1/screenshot'
19:01:44.014 [Forwarding screenshot on session 78e2dff2e433c6fecbe887194e5decc1 to remote] DEBUG org.asynchttpclient.netty.request.NettyRequestSender - Using open Channel [id: 0x3d704d6f, L:/127.0.0.1:52548 - R:localhost/127.0.0.1:65115] for GET '/session/78e2dff2e433c6fecbe887194e5decc1/screenshot'
19:01:44.449 [AsyncHttpClient-1-4] DEBUG org.asynchttpclient.netty.handler.HttpHandler - 

Request DefaultFullHttpRequest(decodeResult: success, version: HTTP/1.1, content: EmptyByteBufBE)
GET /session/78e2dff2e433c6fecbe887194e5decc1/screenshot HTTP/1.1
User-Agent: selenium/4.1.2 (java windows)
Cache-Control: no-cache
Content-Type: application/json; charset=utf-8
host: localhost:65115
accept: */*

Response DefaultHttpResponse(decodeResult: success, version: HTTP/1.1)
HTTP/1.1 200 OK
Content-Type: application/json; charset=utf-8
cache-control: no-cache
content-length: 43040

19:01:44.449 [AsyncHttpClient-1-4] DEBUG org.asynchttpclient.netty.channel.ChannelManager - Adding key: http://localhost:65115 for channel [id: 0x3d704d6f, L:/127.0.0.1:52548 - R:localhost/127.0.0.1:65115]
19:01:44.453 [main] DEBUG net.serenitybdd.core.photography.Darkroom - Send negative for processing for target\site\serenity\799dbefb4bbfeaf731da689da38f5ca35507c3d153b2a06cdbb3e5fb6ef0ccaa.png
19:01:44.453 [main] DEBUG net.thucydides.core.steps.StepInterceptor - STEP DONE: clickCartIcon
  &amp#27;[32mAnd &amp#27;[0m&amp#27;[32mI click on Cart button&amp#27;[0m              &amp#27;[90m# starter.stepdefinitions.OrderSteps.clickCartIcon()&amp#27;[0m
19:01:44.453 [Darkroom Processing Line] DEBUG net.serenitybdd.core.photography.DarkroomProcessingLine - Processing screenshot image in /var/screenshots/screenshot-14572713382060591468
19:01:44.453 [Darkroom Processing Line] DEBUG net.serenitybdd.core.photography.DarkroomProcessingLine - Saving screenshot to target\site\serenity\799dbefb4bbfeaf731da689da38f5ca35507c3d153b2a06cdbb3e5fb6ef0ccaa.png
19:01:44.474 [main] DEBUG net.thucydides.core.steps.StepInterceptor - STARTING STEP: OrderSteps.clickBayarButton - clickBayarButton
19:01:44.484 [Forwarding findElement on session 78e2dff2e433c6fecbe887194e5decc1 to remote] DEBUG org.asynchttpclient.netty.request.NettyRequestSender - Using pooled Channel '[id: 0x3d704d6f, L:/127.0.0.1:52548 - R:localhost/127.0.0.1:65115]' for 'POST' to 'http://localhost:65115/session/78e2dff2e433c6fecbe887194e5decc1/element'
19:01:44.484 [Forwarding findElement on session 78e2dff2e433c6fecbe887194e5decc1 to remote] DEBUG org.asynchttpclient.netty.request.NettyRequestSender - Using open Channel [id: 0x3d704d6f, L:/127.0.0.1:52548 - R:localhost/127.0.0.1:65115] for POST '/session/78e2dff2e433c6fecbe887194e5decc1/element'
19:01:44.500 [AsyncHttpClient-1-4] DEBUG org.asynchttpclient.netty.handler.HttpHandler - 

Request DefaultHttpRequest(decodeResult: success, version: HTTP/1.1)
POST /session/78e2dff2e433c6fecbe887194e5decc1/element HTTP/1.1
User-Agent: selenium/4.1.2 (java windows)
Content-Length: 134
Content-Type: application/json; charset=utf-8
host: localhost:65115
accept: */*

Response DefaultHttpResponse(decodeResult: success, version: HTTP/1.1)
HTTP/1.1 200 OK
Content-Type: application/json; charset=utf-8
cache-control: no-cache
content-length: 88

19:01:44.501 [AsyncHttpClient-1-4] DEBUG org.asynchttpclient.netty.channel.ChannelManager - Adding key: http://localhost:65115 for channel [id: 0x3d704d6f, L:/127.0.0.1:52548 - R:localhost/127.0.0.1:65115]
19:01:44.503 [Forwarding getElementTagName on session 78e2dff2e433c6fecbe887194e5decc1 to remote] DEBUG org.asynchttpclient.netty.request.NettyRequestSender - Using pooled Channel '[id: 0x3d704d6f, L:/127.0.0.1:52548 - R:localhost/127.0.0.1:65115]' for 'GET' to 'http://localhost:65115/session/78e2dff2e433c6fecbe887194e5decc1/element/835eca46-d683-42ef-91bf-46d5cb49a992/name'
19:01:44.503 [Forwarding getElementTagName on session 78e2dff2e433c6fecbe887194e5decc1 to remote] DEBUG org.asynchttpclient.netty.request.NettyRequestSender - Using open Channel [id: 0x3d704d6f, L:/127.0.0.1:52548 - R:localhost/127.0.0.1:65115] for GET '/session/78e2dff2e433c6fecbe887194e5decc1/element/835eca46-d683-42ef-91bf-46d5cb49a992/name'
19:01:44.510 [AsyncHttpClient-1-4] DEBUG org.asynchttpclient.netty.handler.HttpHandler - 

Request DefaultFullHttpRequest(decodeResult: success, version: HTTP/1.1, content: EmptyByteBufBE)
GET /session/78e2dff2e433c6fecbe887194e5decc1/element/835eca46-d683-42ef-91bf-46d5cb49a992/name HTTP/1.1
User-Agent: selenium/4.1.2 (java windows)
Cache-Control: no-cache
Content-Type: application/json; charset=utf-8
host: localhost:65115
accept: */*

Response DefaultHttpResponse(decodeResult: success, version: HTTP/1.1)
HTTP/1.1 200 OK
Content-Type: application/json; charset=utf-8
cache-control: no-cache
content-length: 18

19:01:44.510 [AsyncHttpClient-1-4] DEBUG org.asynchttpclient.netty.channel.ChannelManager - Adding key: http://localhost:65115 for channel [id: 0x3d704d6f, L:/127.0.0.1:52548 - R:localhost/127.0.0.1:65115]
19:01:44.512 [Forwarding getElementTagName on session 78e2dff2e433c6fecbe887194e5decc1 to remote] DEBUG org.asynchttpclient.netty.request.NettyRequestSender - Using pooled Channel '[id: 0x3d704d6f, L:/127.0.0.1:52548 - R:localhost/127.0.0.1:65115]' for 'GET' to 'http://localhost:65115/session/78e2dff2e433c6fecbe887194e5decc1/element/835eca46-d683-42ef-91bf-46d5cb49a992/name'
19:01:44.513 [Forwarding getElementTagName on session 78e2dff2e433c6fecbe887194e5decc1 to remote] DEBUG org.asynchttpclient.netty.request.NettyRequestSender - Using open Channel [id: 0x3d704d6f, L:/127.0.0.1:52548 - R:localhost/127.0.0.1:65115] for GET '/session/78e2dff2e433c6fecbe887194e5decc1/element/835eca46-d683-42ef-91bf-46d5cb49a992/name'
19:01:44.517 [AsyncHttpClient-1-4] DEBUG org.asynchttpclient.netty.handler.HttpHandler - 

Request DefaultFullHttpRequest(decodeResult: success, version: HTTP/1.1, content: EmptyByteBufBE)
GET /session/78e2dff2e433c6fecbe887194e5decc1/element/835eca46-d683-42ef-91bf-46d5cb49a992/name HTTP/1.1
User-Agent: selenium/4.1.2 (java windows)
Cache-Control: no-cache
Content-Type: application/json; charset=utf-8
host: localhost:65115
accept: */*

Response DefaultHttpResponse(decodeResult: success, version: HTTP/1.1)
HTTP/1.1 200 OK
Content-Type: application/json; charset=utf-8
cache-control: no-cache
content-length: 18

19:01:44.517 [AsyncHttpClient-1-4] DEBUG org.asynchttpclient.netty.channel.ChannelManager - Adding key: http://localhost:65115 for channel [id: 0x3d704d6f, L:/127.0.0.1:52548 - R:localhost/127.0.0.1:65115]
19:01:44.517 [Forwarding isElementEnabled on session 78e2dff2e433c6fecbe887194e5decc1 to remote] DEBUG org.asynchttpclient.netty.request.NettyRequestSender - Using pooled Channel '[id: 0x3d704d6f, L:/127.0.0.1:52548 - R:localhost/127.0.0.1:65115]' for 'GET' to 'http://localhost:65115/session/78e2dff2e433c6fecbe887194e5decc1/element/835eca46-d683-42ef-91bf-46d5cb49a992/enabled'
19:01:44.518 [Forwarding isElementEnabled on session 78e2dff2e433c6fecbe887194e5decc1 to remote] DEBUG org.asynchttpclient.netty.request.NettyRequestSender - Using open Channel [id: 0x3d704d6f, L:/127.0.0.1:52548 - R:localhost/127.0.0.1:65115] for GET '/session/78e2dff2e433c6fecbe887194e5decc1/element/835eca46-d683-42ef-91bf-46d5cb49a992/enabled'
19:01:44.526 [AsyncHttpClient-1-4] DEBUG org.asynchttpclient.netty.handler.HttpHandler - 

Request DefaultFullHttpRequest(decodeResult: success, version: HTTP/1.1, content: EmptyByteBufBE)
GET /session/78e2dff2e433c6fecbe887194e5decc1/element/835eca46-d683-42ef-91bf-46d5cb49a992/enabled HTTP/1.1
User-Agent: selenium/4.1.2 (java windows)
Cache-Control: no-cache
Content-Type: application/json; charset=utf-8
host: localhost:65115
accept: */*

Response DefaultHttpResponse(decodeResult: success, version: HTTP/1.1)
HTTP/1.1 200 OK
Content-Type: application/json; charset=utf-8
cache-control: no-cache
content-length: 14

19:01:44.526 [AsyncHttpClient-1-4] DEBUG org.asynchttpclient.netty.channel.ChannelManager - Adding key: http://localhost:65115 for channel [id: 0x3d704d6f, L:/127.0.0.1:52548 - R:localhost/127.0.0.1:65115]
19:01:44.529 [Forwarding isElementEnabled on session 78e2dff2e433c6fecbe887194e5decc1 to remote] DEBUG org.asynchttpclient.netty.request.NettyRequestSender - Using pooled Channel '[id: 0x3d704d6f, L:/127.0.0.1:52548 - R:localhost/127.0.0.1:65115]' for 'GET' to 'http://localhost:65115/session/78e2dff2e433c6fecbe887194e5decc1/element/835eca46-d683-42ef-91bf-46d5cb49a992/enabled'
19:01:44.529 [Forwarding isElementEnabled on session 78e2dff2e433c6fecbe887194e5decc1 to remote] DEBUG org.asynchttpclient.netty.request.NettyRequestSender - Using open Channel [id: 0x3d704d6f, L:/127.0.0.1:52548 - R:localhost/127.0.0.1:65115] for GET '/session/78e2dff2e433c6fecbe887194e5decc1/element/835eca46-d683-42ef-91bf-46d5cb49a992/enabled'
19:01:44.535 [AsyncHttpClient-1-4] DEBUG org.asynchttpclient.netty.handler.HttpHandler - 

Request DefaultFullHttpRequest(decodeResult: success, version: HTTP/1.1, content: EmptyByteBufBE)
GET /session/78e2dff2e433c6fecbe887194e5decc1/element/835eca46-d683-42ef-91bf-46d5cb49a992/enabled HTTP/1.1
User-Agent: selenium/4.1.2 (java windows)
Cache-Control: no-cache
Content-Type: application/json; charset=utf-8
host: localhost:65115
accept: */*

Response DefaultHttpResponse(decodeResult: success, version: HTTP/1.1)
HTTP/1.1 200 OK
Content-Type: application/json; charset=utf-8
cache-control: no-cache
content-length: 14

19:01:44.535 [AsyncHttpClient-1-4] DEBUG org.asynchttpclient.netty.channel.ChannelManager - Adding key: http://localhost:65115 for channel [id: 0x3d704d6f, L:/127.0.0.1:52548 - R:localhost/127.0.0.1:65115]
19:01:44.542 [Forwarding findElement on session 78e2dff2e433c6fecbe887194e5decc1 to remote] DEBUG org.asynchttpclient.netty.request.NettyRequestSender - Using pooled Channel '[id: 0x3d704d6f, L:/127.0.0.1:52548 - R:localhost/127.0.0.1:65115]' for 'POST' to 'http://localhost:65115/session/78e2dff2e433c6fecbe887194e5decc1/element'
19:01:44.543 [Forwarding findElement on session 78e2dff2e433c6fecbe887194e5decc1 to remote] DEBUG org.asynchttpclient.netty.request.NettyRequestSender - Using open Channel [id: 0x3d704d6f, L:/127.0.0.1:52548 - R:localhost/127.0.0.1:65115] for POST '/session/78e2dff2e433c6fecbe887194e5decc1/element'
19:01:44.553 [AsyncHttpClient-1-4] DEBUG org.asynchttpclient.netty.handler.HttpHandler - 

Request DefaultHttpRequest(decodeResult: success, version: HTTP/1.1)
POST /session/78e2dff2e433c6fecbe887194e5decc1/element HTTP/1.1
User-Agent: selenium/4.1.2 (java windows)
Content-Length: 134
Content-Type: application/json; charset=utf-8
host: localhost:65115
accept: */*

Response DefaultHttpResponse(decodeResult: success, version: HTTP/1.1)
HTTP/1.1 200 OK
Content-Type: application/json; charset=utf-8
cache-control: no-cache
content-length: 88

19:01:44.554 [AsyncHttpClient-1-4] DEBUG org.asynchttpclient.netty.channel.ChannelManager - Adding key: http://localhost:65115 for channel [id: 0x3d704d6f, L:/127.0.0.1:52548 - R:localhost/127.0.0.1:65115]
19:01:44.556 [Forwarding clickElement on session 78e2dff2e433c6fecbe887194e5decc1 to remote] DEBUG org.asynchttpclient.netty.request.NettyRequestSender - Using pooled Channel '[id: 0x3d704d6f, L:/127.0.0.1:52548 - R:localhost/127.0.0.1:65115]' for 'POST' to 'http://localhost:65115/session/78e2dff2e433c6fecbe887194e5decc1/element/835eca46-d683-42ef-91bf-46d5cb49a992/click'
19:01:44.556 [Forwarding clickElement on session 78e2dff2e433c6fecbe887194e5decc1 to remote] DEBUG org.asynchttpclient.netty.request.NettyRequestSender - Using open Channel [id: 0x3d704d6f, L:/127.0.0.1:52548 - R:localhost/127.0.0.1:65115] for POST '/session/78e2dff2e433c6fecbe887194e5decc1/element/835eca46-d683-42ef-91bf-46d5cb49a992/click'
19:01:44.557 [AsyncHttpClient-1-1] DEBUG org.asynchttpclient.netty.channel.DefaultChannelPool - Entry count for : http://localhost:52549 : 1
19:01:44.615 [AsyncHttpClient-1-4] DEBUG org.asynchttpclient.netty.handler.HttpHandler - 

Request DefaultHttpRequest(decodeResult: success, version: HTTP/1.1)
POST /session/78e2dff2e433c6fecbe887194e5decc1/element/835eca46-d683-42ef-91bf-46d5cb49a992/click HTTP/1.1
User-Agent: selenium/4.1.2 (java windows)
Content-Length: 50
Content-Type: application/json; charset=utf-8
host: localhost:65115
accept: */*

Response DefaultHttpResponse(decodeResult: success, version: HTTP/1.1)
HTTP/1.1 200 OK
Content-Type: application/json; charset=utf-8
cache-control: no-cache
content-length: 14

19:01:44.615 [AsyncHttpClient-1-4] DEBUG org.asynchttpclient.netty.channel.ChannelManager - Adding key: http://localhost:65115 for channel [id: 0x3d704d6f, L:/127.0.0.1:52548 - R:localhost/127.0.0.1:65115]
19:01:44.624 [Forwarding screenshot on session 78e2dff2e433c6fecbe887194e5decc1 to remote] DEBUG org.asynchttpclient.netty.request.NettyRequestSender - Using pooled Channel '[id: 0x3d704d6f, L:/127.0.0.1:52548 - R:localhost/127.0.0.1:65115]' for 'GET' to 'http://localhost:65115/session/78e2dff2e433c6fecbe887194e5decc1/screenshot'
19:01:44.624 [Forwarding screenshot on session 78e2dff2e433c6fecbe887194e5decc1 to remote] DEBUG org.asynchttpclient.netty.request.NettyRequestSender - Using open Channel [id: 0x3d704d6f, L:/127.0.0.1:52548 - R:localhost/127.0.0.1:65115] for GET '/session/78e2dff2e433c6fecbe887194e5decc1/screenshot'
19:01:44.956 [AsyncHttpClient-1-4] DEBUG org.asynchttpclient.netty.handler.HttpHandler - 

Request DefaultFullHttpRequest(decodeResult: success, version: HTTP/1.1, content: EmptyByteBufBE)
GET /session/78e2dff2e433c6fecbe887194e5decc1/screenshot HTTP/1.1
User-Agent: selenium/4.1.2 (java windows)
Cache-Control: no-cache
Content-Type: application/json; charset=utf-8
host: localhost:65115
accept: */*

Response DefaultHttpResponse(decodeResult: success, version: HTTP/1.1)
HTTP/1.1 200 OK
Content-Type: application/json; charset=utf-8
cache-control: no-cache
content-length: 38452

19:01:44.956 [AsyncHttpClient-1-4] DEBUG org.asynchttpclient.netty.channel.ChannelManager - Adding key: http://localhost:65115 for channel [id: 0x3d704d6f, L:/127.0.0.1:52548 - R:localhost/127.0.0.1:65115]
19:01:44.960 [main] DEBUG net.serenitybdd.core.photography.Darkroom - Send negative for processing for target\site\serenity\3a9b027b8820dcea96df802046ee892a38951dd0f07651248f9a0c8cba671a3b.png
19:01:44.960 [main] DEBUG net.thucydides.core.steps.StepInterceptor - STEP DONE: clickBayarButton
  &amp#27;[32mAnd &amp#27;[0m&amp#27;[32mI click on Bayar button&amp#27;[0m             &amp#27;[90m# starter.stepdefinitions.OrderSteps.clickBayarButton()&amp#27;[0m
19:01:44.961 [Darkroom Processing Line] DEBUG net.serenitybdd.core.photography.DarkroomProcessingLine - Processing screenshot image in /var/screenshots/screenshot-7670390652856309749
19:01:44.961 [Darkroom Processing Line] DEBUG net.serenitybdd.core.photography.DarkroomProcessingLine - Saving screenshot to target\site\serenity\3a9b027b8820dcea96df802046ee892a38951dd0f07651248f9a0c8cba671a3b.png
19:01:44.981 [main] DEBUG net.thucydides.core.steps.StepInterceptor - STARTING STEP: OrderSteps.onTransactionPage - validateOnTransactionPage
19:01:44.985 [Forwarding findElement on session 78e2dff2e433c6fecbe887194e5decc1 to remote] DEBUG org.asynchttpclient.netty.request.NettyRequestSender - Using pooled Channel '[id: 0x3d704d6f, L:/127.0.0.1:52548 - R:localhost/127.0.0.1:65115]' for 'POST' to 'http://localhost:65115/session/78e2dff2e433c6fecbe887194e5decc1/element'
19:01:44.985 [Forwarding findElement on session 78e2dff2e433c6fecbe887194e5decc1 to remote] DEBUG org.asynchttpclient.netty.request.NettyRequestSender - Using open Channel [id: 0x3d704d6f, L:/127.0.0.1:52548 - R:localhost/127.0.0.1:65115] for POST '/session/78e2dff2e433c6fecbe887194e5decc1/element'
19:01:45.002 [AsyncHttpClient-1-4] DEBUG org.asynchttpclient.netty.handler.HttpHandler - 

Request DefaultHttpRequest(decodeResult: success, version: HTTP/1.1)
POST /session/78e2dff2e433c6fecbe887194e5decc1/element HTTP/1.1
User-Agent: selenium/4.1.2 (java windows)
Content-Length: 108
Content-Type: application/json; charset=utf-8
host: localhost:65115
accept: */*

Response DefaultHttpResponse(decodeResult: success, version: HTTP/1.1)
HTTP/1.1 200 OK
Content-Type: application/json; charset=utf-8
cache-control: no-cache
content-length: 88

19:01:45.002 [AsyncHttpClient-1-4] DEBUG org.asynchttpclient.netty.channel.ChannelManager - Adding key: http://localhost:65115 for channel [id: 0x3d704d6f, L:/127.0.0.1:52548 - R:localhost/127.0.0.1:65115]
19:01:45.006 [Forwarding isElementDisplayed on session 78e2dff2e433c6fecbe887194e5decc1 to remote] DEBUG org.asynchttpclient.netty.request.NettyRequestSender - Using pooled Channel '[id: 0x3d704d6f, L:/127.0.0.1:52548 - R:localhost/127.0.0.1:65115]' for 'POST' to 'http://localhost:65115/session/78e2dff2e433c6fecbe887194e5decc1/execute/sync'
19:01:45.006 [Forwarding isElementDisplayed on session 78e2dff2e433c6fecbe887194e5decc1 to remote] DEBUG org.asynchttpclient.netty.request.NettyRequestSender - Using open Channel [id: 0x3d704d6f, L:/127.0.0.1:52548 - R:localhost/127.0.0.1:65115] for POST '/session/78e2dff2e433c6fecbe887194e5decc1/execute/sync'
19:01:45.017 [AsyncHttpClient-1-4] DEBUG org.asynchttpclient.netty.handler.HttpHandler - 

Request DefaultHttpRequest(decodeResult: success, version: HTTP/1.1)
POST /session/78e2dff2e433c6fecbe887194e5decc1/execute/sync HTTP/1.1
User-Agent: selenium/4.1.2 (java windows)
Content-Length: 48780
Content-Type: application/json; charset=utf-8
host: localhost:65115
accept: */*

Response DefaultHttpResponse(decodeResult: success, version: HTTP/1.1)
HTTP/1.1 200 OK
Content-Type: application/json; charset=utf-8
cache-control: no-cache
content-length: 14

19:01:45.017 [AsyncHttpClient-1-4] DEBUG org.asynchttpclient.netty.channel.ChannelManager - Adding key: http://localhost:65115 for channel [id: 0x3d704d6f, L:/127.0.0.1:52548 - R:localhost/127.0.0.1:65115]
19:01:45.025 [Forwarding screenshot on session 78e2dff2e433c6fecbe887194e5decc1 to remote] DEBUG org.asynchttpclient.netty.request.NettyRequestSender - Using pooled Channel '[id: 0x3d704d6f, L:/127.0.0.1:52548 - R:localhost/127.0.0.1:65115]' for 'GET' to 'http://localhost:65115/session/78e2dff2e433c6fecbe887194e5decc1/screenshot'
19:01:45.025 [Forwarding screenshot on session 78e2dff2e433c6fecbe887194e5decc1 to remote] DEBUG org.asynchttpclient.netty.request.NettyRequestSender - Using open Channel [id: 0x3d704d6f, L:/127.0.0.1:52548 - R:localhost/127.0.0.1:65115] for GET '/session/78e2dff2e433c6fecbe887194e5decc1/screenshot'
19:01:45.113 [AsyncHttpClient-1-4] DEBUG org.asynchttpclient.netty.handler.HttpHandler - 

Request DefaultFullHttpRequest(decodeResult: success, version: HTTP/1.1, content: EmptyByteBufBE)
GET /session/78e2dff2e433c6fecbe887194e5decc1/screenshot HTTP/1.1
User-Agent: selenium/4.1.2 (java windows)
Cache-Control: no-cache
Content-Type: application/json; charset=utf-8
host: localhost:65115
accept: */*

Response DefaultHttpResponse(decodeResult: success, version: HTTP/1.1)
HTTP/1.1 200 OK
Content-Type: application/json; charset=utf-8
cache-control: no-cache
content-length: 40592

19:01:45.115 [AsyncHttpClient-1-4] DEBUG org.asynchttpclient.netty.channel.ChannelManager - Adding key: http://localhost:65115 for channel [id: 0x3d704d6f, L:/127.0.0.1:52548 - R:localhost/127.0.0.1:65115]
19:01:45.117 [main] DEBUG net.serenitybdd.core.photography.Darkroom - Send negative for processing for target\site\serenity\b79697b81b762617375dc33f815b610c423dedfca5136316cef9bb1905ee8bd7.png
19:01:45.117 [main] DEBUG net.thucydides.core.steps.StepInterceptor - STEP DONE: validateOnTransactionPage
  &amp#27;[32mThen &amp#27;[0m&amp#27;[32mI am on the Transaction page&amp#27;[0m       &amp#27;[90m# starter.stepdefinitions.OrderSteps.onTransactionPage()&amp#27;[0m
19:01:45.117 [Darkroom Processing Line] DEBUG net.serenitybdd.core.photography.DarkroomProcessingLine - Processing screenshot image in /var/screenshots/screenshot-16664375421706269094
19:01:45.117 [Darkroom Processing Line] DEBUG net.serenitybdd.core.photography.DarkroomProcessingLine - Saving screenshot to target\site\serenity\b79697b81b762617375dc33f815b610c423dedfca5136316cef9bb1905ee8bd7.png
19:01:45.124 [main] INFO  - 
  _____   ___   ___   _____     ___     _     ___   ___   ___   ___  
 |_   _| | __| / __| |_   _|   | _ \   /_\   / __| / __| | __| |   \ 
   | |   | _|  \__ \   | |     |  _/  / _ \  \__ \ \__ \ | _|  | |) |
   |_|   |___| |___/   |_|     |_|   /_/ \_\ |___/ |___/ |___| |___/ 

Order normally
----------------------------------------------------------------------
19:01:45.126 [AsyncHttpClient-1-6] DEBUG org.asynchttpclient.netty.handler.WebSocketHandler - Channel Closed: [id: 0x10bfd15e, L:/127.0.0.1:52556 ! R:localhost/127.0.0.1:52549] with attribute NettyResponseFuture{currentRetry=5,
	isDone=1,
	isCancelled=0,
	asyncHandler=org.asynchttpclient.ws.WebSocketUpgradeHandler@7ad3d867,
	nettyRequest=org.asynchttpclient.netty.request.NettyRequest@39aecc65,
	future=java.util.concurrent.CompletableFuture@27b0d77[Completed normally],
	uri=ws://localhost:52549/devtools/browser/aed396d1-2cdc-47f0-a751-2ded55124f44,
	keepAlive=true,
	redirectCount=0,
	timeoutsHolder=null,
	inAuth=0,
	touch=1652875297479}
19:01:45.126 [AsyncHttpClient-1-6] DEBUG org.asynchttpclient.netty.channel.ChannelManager - Closing Channel [id: 0x10bfd15e, L:/127.0.0.1:52556 ! R:localhost/127.0.0.1:52549] 
19:01:45.127 [Driver Command Executor] DEBUG org.asynchttpclient.netty.request.NettyRequestSender - Using pooled Channel '[id: 0x3d704d6f, L:/127.0.0.1:52548 - R:localhost/127.0.0.1:65115]' for 'DELETE' to 'http://localhost:65115/session/78e2dff2e433c6fecbe887194e5decc1'
19:01:45.127 [Driver Command Executor] DEBUG org.asynchttpclient.netty.request.NettyRequestSender - Using open Channel [id: 0x3d704d6f, L:/127.0.0.1:52548 - R:localhost/127.0.0.1:65115] for DELETE '/session/78e2dff2e433c6fecbe887194e5decc1'
19:01:45.198 [AsyncHttpClient-1-5] DEBUG org.asynchttpclient.netty.handler.HttpHandler - Unexpected I/O exception on channel [id: 0x81a6297e, L:/127.0.0.1:52555 - R:localhost/127.0.0.1:52549]
java.io.IOException: An existing connection was forcibly closed by the remote host
	at java.base/sun.nio.ch.SocketDispatcher.read0(Native Method)
	at java.base/sun.nio.ch.SocketDispatcher.read(SocketDispatcher.java:43)
	at java.base/sun.nio.ch.IOUtil.readIntoNativeBuffer(IOUtil.java:276)
	at java.base/sun.nio.ch.IOUtil.read(IOUtil.java:233)
	at java.base/sun.nio.ch.IOUtil.read(IOUtil.java:223)
	at java.base/sun.nio.ch.SocketChannelImpl.read(SocketChannelImpl.java:358)
	at io.netty.buffer.PooledByteBuf.setBytes(PooledByteBuf.java:258)
	at io.netty.buffer.AbstractByteBuf.writeBytes(AbstractByteBuf.java:1132)
	at io.netty.channel.socket.nio.NioSocketChannel.doReadBytes(NioSocketChannel.java:350)
	at io.netty.channel.nio.AbstractNioByteChannel$NioByteUnsafe.read(AbstractNioByteChannel.java:151)
	at io.netty.channel.nio.NioEventLoop.processSelectedKey(NioEventLoop.java:722)
	at io.netty.channel.nio.NioEventLoop.processSelectedKeysOptimized(NioEventLoop.java:658)
	at io.netty.channel.nio.NioEventLoop.processSelectedKeys(NioEventLoop.java:584)
	at io.netty.channel.nio.NioEventLoop.run(NioEventLoop.java:496)
	at io.netty.util.concurrent.SingleThreadEventExecutor$4.run(SingleThreadEventExecutor.java:986)
	at io.netty.util.internal.ThreadExecutorMap$2.run(ThreadExecutorMap.java:74)
	at io.netty.util.concurrent.FastThreadLocalRunnable.run(FastThreadLocalRunnable.java:30)
	at java.base/java.lang.Thread.run(Thread.java:834)
19:01:45.198 [AsyncHttpClient-1-5] DEBUG org.asynchttpclient.netty.channel.ChannelManager - Closing Channel [id: 0x81a6297e, L:/127.0.0.1:52555 - R:localhost/127.0.0.1:52549] 
19:01:45.199 [AsyncHttpClient-1-5] DEBUG org.asynchttpclient.netty.handler.HttpHandler - Channel Closed: [id: 0x81a6297e, L:/127.0.0.1:52555 ! R:localhost/127.0.0.1:52549] with attribute DISCARD
19:01:45.223 [AsyncHttpClient-1-4] DEBUG org.asynchttpclient.netty.handler.HttpHandler - 

Request DefaultFullHttpRequest(decodeResult: success, version: HTTP/1.1, content: EmptyByteBufBE)
DELETE /session/78e2dff2e433c6fecbe887194e5decc1 HTTP/1.1
User-Agent: selenium/4.1.2 (java windows)
Content-Type: application/json; charset=utf-8
host: localhost:65115
accept: */*

Response DefaultHttpResponse(decodeResult: success, version: HTTP/1.1)
HTTP/1.1 200 OK
Content-Type: application/json; charset=utf-8
cache-control: no-cache
content-length: 14

19:01:45.224 [AsyncHttpClient-1-4] DEBUG org.asynchttpclient.netty.channel.ChannelManager - Adding key: http://localhost:65115 for channel [id: 0x3d704d6f, L:/127.0.0.1:52548 - R:localhost/127.0.0.1:65115]
19:01:45.372 [AsyncHttpClient-1-4] DEBUG org.asynchttpclient.netty.handler.HttpHandler - Channel Closed: [id: 0x3d704d6f, L:/127.0.0.1:52548 ! R:localhost/127.0.0.1:65115] with attribute DISCARD
19:01:45.664 [AsyncHttpClient-1-1] DEBUG org.asynchttpclient.netty.channel.DefaultChannelPool - Entry count for : http://localhost:52549 : 1
19:01:45.664 [AsyncHttpClient-1-1] DEBUG org.asynchttpclient.netty.channel.DefaultChannelPool - Entry count for : http://localhost:65115 : 1
19:01:45.664 [AsyncHttpClient-1-1] DEBUG org.asynchttpclient.netty.channel.DefaultChannelPool - Adding Candidate expired Channel [id: 0x81a6297e, L:/127.0.0.1:52555 ! R:localhost/127.0.0.1:52549] isIdleTimeoutExpired=false isRemotelyClosed=true isTtlExpired=false
19:01:45.664 [AsyncHttpClient-1-1] DEBUG org.asynchttpclient.netty.channel.DefaultChannelPool - Closing Idle Channel [id: 0x81a6297e, L:/127.0.0.1:52555 ! R:localhost/127.0.0.1:52549]
19:01:45.664 [AsyncHttpClient-1-1] DEBUG org.asynchttpclient.netty.channel.DefaultChannelPool - Adding Candidate expired Channel [id: 0x3d704d6f, L:/127.0.0.1:52548 ! R:localhost/127.0.0.1:65115] isIdleTimeoutExpired=false isRemotelyClosed=true isTtlExpired=false
19:01:45.664 [AsyncHttpClient-1-1] DEBUG org.asynchttpclient.netty.channel.DefaultChannelPool - Closing Idle Channel [id: 0x3d704d6f, L:/127.0.0.1:52548 ! R:localhost/127.0.0.1:65115]
19:01:45.664 [AsyncHttpClient-1-1] DEBUG org.asynchttpclient.netty.channel.DefaultChannelPool - Closed 2 connections out of 2 in 0 ms
]]></system-out>
    <system-err><![CDATA[Starting ChromeDriver 101.0.4951.41 (93c720db8323b3ec10d056025ab95c23a31997c9-refs/branch-heads/4951@{#904}) on port 65115
Only local connections are allowed.
Please see https://chromedriver.chromium.org/security-considerations for suggestions on keeping ChromeDriver safe.
ChromeDriver was started successfully.
May 18, 2022 7:01:37 PM org.openqa.selenium.remote.ProtocolHandshake createSession
INFO: Detected dialect: W3C
May 18, 2022 7:01:37 PM org.openqa.selenium.devtools.CdpVersionFinder findNearestMatch
WARNING: Unable to find an exact match for CDP version 101, so returning the closest version found: 97
May 18, 2022 7:01:37 PM org.openqa.selenium.devtools.CdpVersionFinder findNearestMatch
INFO: Found CDP implementation for version 101 of 97
]]></system-err>
  </testcase>
  <testcase name="Order and reduce the product quantity" classname="Order" time="9.806">
    <system-out><![CDATA[
Scenario: Order and reduce the product quantity &amp#27;[90m# src/test/resources/features/Order.feature:21&amp#27;[0m
19:01:45.904 [main] INFO io.cucumber.core.plugin.SerenityReporter - Running feature from file:///D:/Intern/MSIB%20Alterra/alterra-mini-project/serenity-web-ui-test/src/test/resources/features/Order.feature
19:01:45.906 [main] INFO  - 
  _____   ___   ___   _____     ___   _____     _     ___   _____   ___   ___  
 |_   _| | __| / __| |_   _|   / __| |_   _|   /_\   | _ \ |_   _| | __| |   \ 
   | |   | _|  \__ \   | |     \__ \   | |    / _ \  |   /   | |   | _|  | |) |
   |_|   |___| |___/   |_|     |___/   |_|   /_/ \_\ |_|_\   |_|   |___| |___/ 

Order and reduce the product quantity(order;order-and-reduce-the-product-quantity)
--------------------------------------------------------------------------------
19:01:45.938 [main] DEBUG net.thucydides.core.steps.StepInterceptor - STARTING STEP: OrderSteps.onLoginPage - loginPage
19:01:45.939 [main] INFO net.serenitybdd.core.webdriver.driverproviders.ChromeDriverProvider - Using automatically driver download
19:01:46.045 [main] DEBUG io.github.bonigarcia.wdm.cache.ResolutionCache - Resolution chrome=101 in cache (valid until 20:00:39 18/05/2022 ICT)
19:01:46.049 [main] DEBUG io.github.bonigarcia.wdm.cache.ResolutionCache - Resolution chrome101=101.0.4951.41 in cache (valid until 19:00:39 19/05/2022 ICT)
19:01:46.052 [main] INFO io.github.bonigarcia.wdm.WebDriverManager - Using chromedriver 101.0.4951.41 (resolved driver for Chrome 101)
19:01:46.061 [main] DEBUG io.github.bonigarcia.wdm.WebDriverManager - Driver chromedriver 101.0.4951.41 found in cache
19:01:46.061 [main] INFO io.github.bonigarcia.wdm.WebDriverManager - Exporting webdriver.chrome.driver as C:\Users\saral\.cache\selenium\chromedriver\win32\101.0.4951.41\chromedriver.exe
19:01:46.166 [main] DEBUG net.serenitybdd.core.webdriver.driverproviders.ProvideNewDriver - Instantiating driver
19:01:46.166 [main] DEBUG net.serenitybdd.core.webdriver.driverproviders.ProvideNewDriver - Driver capabilities: Capabilities {acceptInsecureCerts: false, base.url: https://qa.alta.id/, browserName: chrome, chrome.driver: src/main/resources/webdrive..., driver: chrome, goog:chromeOptions: {args: [], extensions: []}}
19:01:46.702 [AsyncHttpClient-1-7] DEBUG org.asynchttpclient.netty.channel.NettyConnectListener - Using new Channel '[id: 0x96886ae6, L:/127.0.0.1:52589 - R:localhost/127.0.0.1:50580]' for 'POST' to '/session'
19:01:47.411 [AsyncHttpClient-1-7] DEBUG org.asynchttpclient.netty.handler.HttpHandler - 

Request DefaultHttpRequest(decodeResult: success, version: HTTP/1.1)
POST /session HTTP/1.1
User-Agent: selenium/4.1.2 (java windows)
Content-Length: 605
Content-Type: application/json; charset=utf-8
host: localhost:50580
accept: */*

Response DefaultHttpResponse(decodeResult: success, version: HTTP/1.1)
HTTP/1.1 200 OK
Content-Type: application/json; charset=utf-8
cache-control: no-cache
content-length: 789

19:01:47.411 [AsyncHttpClient-1-7] DEBUG org.asynchttpclient.netty.channel.ChannelManager - Adding key: http://localhost:50580 for channel [id: 0x96886ae6, L:/127.0.0.1:52589 - R:localhost/127.0.0.1:50580]
19:01:47.423 [AsyncHttpClient-1-8] DEBUG org.asynchttpclient.netty.channel.NettyConnectListener - Using new Channel '[id: 0xeb438022, L:/127.0.0.1:52596 - R:localhost/127.0.0.1:52590]' for 'GET' to '/json/version'
19:01:47.424 [AsyncHttpClient-1-8] DEBUG org.asynchttpclient.netty.handler.HttpHandler - 

Request DefaultFullHttpRequest(decodeResult: success, version: HTTP/1.1, content: EmptyByteBufBE)
GET /json/version HTTP/1.1
User-Agent: selenium/4.1.2 (java windows)
host: localhost:52590
accept: */*

Response DefaultHttpResponse(decodeResult: success, version: HTTP/1.1)
HTTP/1.1 200 OK
Content-Type: application/json; charset=UTF-8
content-length: 427

19:01:47.425 [AsyncHttpClient-1-8] DEBUG org.asynchttpclient.netty.channel.ChannelManager - Adding key: http://localhost:52590 for channel [id: 0xeb438022, L:/127.0.0.1:52596 - R:localhost/127.0.0.1:52590]
19:01:47.428 [AsyncHttpClient-1-9] DEBUG org.asynchttpclient.netty.channel.NettyConnectListener - Using new Channel '[id: 0x1a10a034, L:/127.0.0.1:52597 - R:localhost/127.0.0.1:52590]' for 'GET' to '/devtools/browser/b6ce0f9e-0bf1-4902-b5af-679587cd286b'
19:01:47.429 [AsyncHttpClient-1-9] DEBUG org.asynchttpclient.netty.handler.WebSocketHandler - 

Request DefaultFullHttpRequest(decodeResult: success, version: HTTP/1.1, content: EmptyByteBufBE)
GET /devtools/browser/b6ce0f9e-0bf1-4902-b5af-679587cd286b HTTP/1.1
upgrade: websocket
connection: upgrade
sec-websocket-key: G8+xZiim4BefAMbnr/7qYw==
sec-websocket-version: 13
origin: http://localhost:52590
host: localhost:52590
accept: */*
user-agent: AHC/2.1

Response DefaultHttpResponse(decodeResult: success, version: HTTP/1.1)
HTTP/1.1 101 WebSocket Protocol Handshake
Upgrade: WebSocket
Connection: Upgrade
Sec-WebSocket-Accept: t5eHW35vEZGe3rde8phwcwEqP2A=

19:01:47.434 [Forwarding get on session 235f6e660404478b91b9761d38f96c28 to remote] DEBUG org.asynchttpclient.netty.request.NettyRequestSender - Using pooled Channel '[id: 0x96886ae6, L:/127.0.0.1:52589 - R:localhost/127.0.0.1:50580]' for 'POST' to 'http://localhost:50580/session/235f6e660404478b91b9761d38f96c28/url'
19:01:47.434 [Forwarding get on session 235f6e660404478b91b9761d38f96c28 to remote] DEBUG org.asynchttpclient.netty.request.NettyRequestSender - Using open Channel [id: 0x96886ae6, L:/127.0.0.1:52589 - R:localhost/127.0.0.1:50580] for POST '/session/235f6e660404478b91b9761d38f96c28/url'
19:01:47.857 [AsyncHttpClient-1-1] DEBUG org.asynchttpclient.netty.channel.DefaultChannelPool - Entry count for : http://localhost:52590 : 1
19:01:48.724 [AsyncHttpClient-1-7] DEBUG org.asynchttpclient.netty.handler.HttpHandler - 

Request DefaultHttpRequest(decodeResult: success, version: HTTP/1.1)
POST /session/235f6e660404478b91b9761d38f96c28/url HTTP/1.1
User-Agent: selenium/4.1.2 (java windows)
Content-Length: 64
Content-Type: application/json; charset=utf-8
host: localhost:50580
accept: */*

Response DefaultHttpResponse(decodeResult: success, version: HTTP/1.1)
HTTP/1.1 200 OK
Content-Type: application/json; charset=utf-8
cache-control: no-cache
content-length: 14

19:01:48.725 [AsyncHttpClient-1-7] DEBUG org.asynchttpclient.netty.channel.ChannelManager - Adding key: http://localhost:50580 for channel [id: 0x96886ae6, L:/127.0.0.1:52589 - R:localhost/127.0.0.1:50580]
19:01:48.725 [Forwarding setTimeout on session 235f6e660404478b91b9761d38f96c28 to remote] DEBUG org.asynchttpclient.netty.request.NettyRequestSender - Using pooled Channel '[id: 0x96886ae6, L:/127.0.0.1:52589 - R:localhost/127.0.0.1:50580]' for 'POST' to 'http://localhost:50580/session/235f6e660404478b91b9761d38f96c28/timeouts'
19:01:48.725 [Forwarding setTimeout on session 235f6e660404478b91b9761d38f96c28 to remote] DEBUG org.asynchttpclient.netty.request.NettyRequestSender - Using open Channel [id: 0x96886ae6, L:/127.0.0.1:52589 - R:localhost/127.0.0.1:50580] for POST '/session/235f6e660404478b91b9761d38f96c28/timeouts'
19:01:48.727 [AsyncHttpClient-1-7] DEBUG org.asynchttpclient.netty.handler.HttpHandler - 

Request DefaultHttpRequest(decodeResult: success, version: HTTP/1.1)
POST /session/235f6e660404478b91b9761d38f96c28/timeouts HTTP/1.1
User-Agent: selenium/4.1.2 (java windows)
Content-Length: 22
Content-Type: application/json; charset=utf-8
host: localhost:50580
accept: */*

Response DefaultHttpResponse(decodeResult: success, version: HTTP/1.1)
HTTP/1.1 200 OK
Content-Type: application/json; charset=utf-8
cache-control: no-cache
content-length: 14

19:01:48.727 [AsyncHttpClient-1-7] DEBUG org.asynchttpclient.netty.channel.ChannelManager - Adding key: http://localhost:50580 for channel [id: 0x96886ae6, L:/127.0.0.1:52589 - R:localhost/127.0.0.1:50580]
19:01:48.731 [Forwarding getCurrentUrl on session 235f6e660404478b91b9761d38f96c28 to remote] DEBUG org.asynchttpclient.netty.request.NettyRequestSender - Using pooled Channel '[id: 0x96886ae6, L:/127.0.0.1:52589 - R:localhost/127.0.0.1:50580]' for 'GET' to 'http://localhost:50580/session/235f6e660404478b91b9761d38f96c28/url'
19:01:48.731 [Forwarding getCurrentUrl on session 235f6e660404478b91b9761d38f96c28 to remote] DEBUG org.asynchttpclient.netty.request.NettyRequestSender - Using open Channel [id: 0x96886ae6, L:/127.0.0.1:52589 - R:localhost/127.0.0.1:50580] for GET '/session/235f6e660404478b91b9761d38f96c28/url'
19:01:48.734 [AsyncHttpClient-1-7] DEBUG org.asynchttpclient.netty.handler.HttpHandler - 

Request DefaultFullHttpRequest(decodeResult: success, version: HTTP/1.1, content: EmptyByteBufBE)
GET /session/235f6e660404478b91b9761d38f96c28/url HTTP/1.1
User-Agent: selenium/4.1.2 (java windows)
Cache-Control: no-cache
Content-Type: application/json; charset=utf-8
host: localhost:50580
accept: */*

Response DefaultHttpResponse(decodeResult: success, version: HTTP/1.1)
HTTP/1.1 200 OK
Content-Type: application/json; charset=utf-8
cache-control: no-cache
content-length: 41

19:01:48.734 [AsyncHttpClient-1-7] DEBUG org.asynchttpclient.netty.channel.ChannelManager - Adding key: http://localhost:50580 for channel [id: 0x96886ae6, L:/127.0.0.1:52589 - R:localhost/127.0.0.1:50580]
19:01:48.741 [Forwarding screenshot on session 235f6e660404478b91b9761d38f96c28 to remote] DEBUG org.asynchttpclient.netty.request.NettyRequestSender - Using pooled Channel '[id: 0x96886ae6, L:/127.0.0.1:52589 - R:localhost/127.0.0.1:50580]' for 'GET' to 'http://localhost:50580/session/235f6e660404478b91b9761d38f96c28/screenshot'
19:01:48.741 [Forwarding screenshot on session 235f6e660404478b91b9761d38f96c28 to remote] DEBUG org.asynchttpclient.netty.request.NettyRequestSender - Using open Channel [id: 0x96886ae6, L:/127.0.0.1:52589 - R:localhost/127.0.0.1:50580] for GET '/session/235f6e660404478b91b9761d38f96c28/screenshot'
19:01:48.869 [AsyncHttpClient-1-7] DEBUG org.asynchttpclient.netty.handler.HttpHandler - 

Request DefaultFullHttpRequest(decodeResult: success, version: HTTP/1.1, content: EmptyByteBufBE)
GET /session/235f6e660404478b91b9761d38f96c28/screenshot HTTP/1.1
User-Agent: selenium/4.1.2 (java windows)
Cache-Control: no-cache
Content-Type: application/json; charset=utf-8
host: localhost:50580
accept: */*

Response DefaultHttpResponse(decodeResult: success, version: HTTP/1.1)
HTTP/1.1 200 OK
Content-Type: application/json; charset=utf-8
cache-control: no-cache
content-length: 32192

19:01:48.869 [AsyncHttpClient-1-7] DEBUG org.asynchttpclient.netty.channel.ChannelManager - Adding key: http://localhost:50580 for channel [id: 0x96886ae6, L:/127.0.0.1:52589 - R:localhost/127.0.0.1:50580]
19:01:48.872 [main] DEBUG net.serenitybdd.core.photography.Darkroom - Send negative for processing for target\site\serenity\4d98329a65403fb35239499910819cdb6d3d71d823e551da367b9fc52c2ec142.png
19:01:48.872 [main] DEBUG net.thucydides.core.steps.StepInterceptor - STEP DONE: loginPage
19:01:48.877 [main] DEBUG net.thucydides.core.steps.StepInterceptor - STARTING STEP: OrderSteps.onLoginPage - validateOnLoginPage
19:01:48.879 [Forwarding findElement on session 235f6e660404478b91b9761d38f96c28 to remote] DEBUG org.asynchttpclient.netty.request.NettyRequestSender - Using pooled Channel '[id: 0x96886ae6, L:/127.0.0.1:52589 - R:localhost/127.0.0.1:50580]' for 'POST' to 'http://localhost:50580/session/235f6e660404478b91b9761d38f96c28/element'
19:01:48.880 [Forwarding findElement on session 235f6e660404478b91b9761d38f96c28 to remote] DEBUG org.asynchttpclient.netty.request.NettyRequestSender - Using open Channel [id: 0x96886ae6, L:/127.0.0.1:52589 - R:localhost/127.0.0.1:50580] for POST '/session/235f6e660404478b91b9761d38f96c28/element'
19:01:48.892 [AsyncHttpClient-1-7] DEBUG org.asynchttpclient.netty.handler.HttpHandler - 

Request DefaultHttpRequest(decodeResult: success, version: HTTP/1.1)
POST /session/235f6e660404478b91b9761d38f96c28/element HTTP/1.1
User-Agent: selenium/4.1.2 (java windows)
Content-Length: 155
Content-Type: application/json; charset=utf-8
host: localhost:50580
accept: */*

Response DefaultHttpResponse(decodeResult: success, version: HTTP/1.1)
HTTP/1.1 200 OK
Content-Type: application/json; charset=utf-8
cache-control: no-cache
content-length: 88

19:01:48.892 [AsyncHttpClient-1-7] DEBUG org.asynchttpclient.netty.channel.ChannelManager - Adding key: http://localhost:50580 for channel [id: 0x96886ae6, L:/127.0.0.1:52589 - R:localhost/127.0.0.1:50580]
19:01:48.898 [Forwarding isElementDisplayed on session 235f6e660404478b91b9761d38f96c28 to remote] DEBUG org.asynchttpclient.netty.request.NettyRequestSender - Using pooled Channel '[id: 0x96886ae6, L:/127.0.0.1:52589 - R:localhost/127.0.0.1:50580]' for 'POST' to 'http://localhost:50580/session/235f6e660404478b91b9761d38f96c28/execute/sync'
19:01:48.898 [Forwarding isElementDisplayed on session 235f6e660404478b91b9761d38f96c28 to remote] DEBUG org.asynchttpclient.netty.request.NettyRequestSender - Using open Channel [id: 0x96886ae6, L:/127.0.0.1:52589 - R:localhost/127.0.0.1:50580] for POST '/session/235f6e660404478b91b9761d38f96c28/execute/sync'
19:01:48.912 [AsyncHttpClient-1-7] DEBUG org.asynchttpclient.netty.handler.HttpHandler - 

Request DefaultHttpRequest(decodeResult: success, version: HTTP/1.1)
POST /session/235f6e660404478b91b9761d38f96c28/execute/sync HTTP/1.1
User-Agent: selenium/4.1.2 (java windows)
Content-Length: 48780
Content-Type: application/json; charset=utf-8
host: localhost:50580
accept: */*

Response DefaultHttpResponse(decodeResult: success, version: HTTP/1.1)
HTTP/1.1 200 OK
Content-Type: application/json; charset=utf-8
cache-control: no-cache
content-length: 14

19:01:48.913 [AsyncHttpClient-1-7] DEBUG org.asynchttpclient.netty.channel.ChannelManager - Adding key: http://localhost:50580 for channel [id: 0x96886ae6, L:/127.0.0.1:52589 - R:localhost/127.0.0.1:50580]
19:01:48.919 [main] DEBUG net.thucydides.core.steps.StepInterceptor - STEP DONE: validateOnLoginPage
  &amp#27;[32mGiven &amp#27;[0m&amp#27;[32mI am on the login page for order&amp#27;[0m        &amp#27;[90m# starter.stepdefinitions.OrderSteps.onLoginPage()&amp#27;[0m
19:01:48.923 [Forwarding screenshot on session 235f6e660404478b91b9761d38f96c28 to remote] DEBUG org.asynchttpclient.netty.request.NettyRequestSender - Using pooled Channel '[id: 0x96886ae6, L:/127.0.0.1:52589 - R:localhost/127.0.0.1:50580]' for 'GET' to 'http://localhost:50580/session/235f6e660404478b91b9761d38f96c28/screenshot'
19:01:48.923 [Forwarding screenshot on session 235f6e660404478b91b9761d38f96c28 to remote] DEBUG org.asynchttpclient.netty.request.NettyRequestSender - Using open Channel [id: 0x96886ae6, L:/127.0.0.1:52589 - R:localhost/127.0.0.1:50580] for GET '/session/235f6e660404478b91b9761d38f96c28/screenshot'
19:01:48.957 [AsyncHttpClient-1-1] DEBUG org.asynchttpclient.netty.channel.DefaultChannelPool - Entry count for : http://localhost:52590 : 1
19:01:49.009 [AsyncHttpClient-1-7] DEBUG org.asynchttpclient.netty.handler.HttpHandler - 

Request DefaultFullHttpRequest(decodeResult: success, version: HTTP/1.1, content: EmptyByteBufBE)
GET /session/235f6e660404478b91b9761d38f96c28/screenshot HTTP/1.1
User-Agent: selenium/4.1.2 (java windows)
Cache-Control: no-cache
Content-Type: application/json; charset=utf-8
host: localhost:50580
accept: */*

Response DefaultHttpResponse(decodeResult: success, version: HTTP/1.1)
HTTP/1.1 200 OK
Content-Type: application/json; charset=utf-8
cache-control: no-cache
content-length: 32192

19:01:49.010 [AsyncHttpClient-1-7] DEBUG org.asynchttpclient.netty.channel.ChannelManager - Adding key: http://localhost:50580 for channel [id: 0x96886ae6, L:/127.0.0.1:52589 - R:localhost/127.0.0.1:50580]
19:01:49.013 [main] DEBUG net.serenitybdd.core.photography.Darkroom - Send negative for processing for target\site\serenity\4d98329a65403fb35239499910819cdb6d3d71d823e551da367b9fc52c2ec142.png
19:01:49.024 [main] DEBUG net.thucydides.core.steps.StepInterceptor - STARTING STEP: OrderSteps.inputValidEmail - inputEmail
19:01:49.027 [Forwarding findElement on session 235f6e660404478b91b9761d38f96c28 to remote] DEBUG org.asynchttpclient.netty.request.NettyRequestSender - Using pooled Channel '[id: 0x96886ae6, L:/127.0.0.1:52589 - R:localhost/127.0.0.1:50580]' for 'POST' to 'http://localhost:50580/session/235f6e660404478b91b9761d38f96c28/element'
19:01:49.027 [Forwarding findElement on session 235f6e660404478b91b9761d38f96c28 to remote] DEBUG org.asynchttpclient.netty.request.NettyRequestSender - Using open Channel [id: 0x96886ae6, L:/127.0.0.1:52589 - R:localhost/127.0.0.1:50580] for POST '/session/235f6e660404478b91b9761d38f96c28/element'
19:01:49.038 [AsyncHttpClient-1-7] DEBUG org.asynchttpclient.netty.handler.HttpHandler - 

Request DefaultHttpRequest(decodeResult: success, version: HTTP/1.1)
POST /session/235f6e660404478b91b9761d38f96c28/element HTTP/1.1
User-Agent: selenium/4.1.2 (java windows)
Content-Length: 84
Content-Type: application/json; charset=utf-8
host: localhost:50580
accept: */*

Response DefaultHttpResponse(decodeResult: success, version: HTTP/1.1)
HTTP/1.1 200 OK
Content-Type: application/json; charset=utf-8
cache-control: no-cache
content-length: 88

19:01:49.038 [AsyncHttpClient-1-7] DEBUG org.asynchttpclient.netty.channel.ChannelManager - Adding key: http://localhost:50580 for channel [id: 0x96886ae6, L:/127.0.0.1:52589 - R:localhost/127.0.0.1:50580]
19:01:49.039 [Forwarding clearElement on session 235f6e660404478b91b9761d38f96c28 to remote] DEBUG org.asynchttpclient.netty.request.NettyRequestSender - Using pooled Channel '[id: 0x96886ae6, L:/127.0.0.1:52589 - R:localhost/127.0.0.1:50580]' for 'POST' to 'http://localhost:50580/session/235f6e660404478b91b9761d38f96c28/element/dcb34fb0-3a26-48bc-9977-ab689a298a4c/clear'
19:01:49.039 [Forwarding clearElement on session 235f6e660404478b91b9761d38f96c28 to remote] DEBUG org.asynchttpclient.netty.request.NettyRequestSender - Using open Channel [id: 0x96886ae6, L:/127.0.0.1:52589 - R:localhost/127.0.0.1:50580] for POST '/session/235f6e660404478b91b9761d38f96c28/element/dcb34fb0-3a26-48bc-9977-ab689a298a4c/clear'
19:01:49.072 [AsyncHttpClient-1-7] DEBUG org.asynchttpclient.netty.handler.HttpHandler - 

Request DefaultHttpRequest(decodeResult: success, version: HTTP/1.1)
POST /session/235f6e660404478b91b9761d38f96c28/element/dcb34fb0-3a26-48bc-9977-ab689a298a4c/clear HTTP/1.1
User-Agent: selenium/4.1.2 (java windows)
Content-Length: 50
Content-Type: application/json; charset=utf-8
host: localhost:50580
accept: */*

Response DefaultHttpResponse(decodeResult: success, version: HTTP/1.1)
HTTP/1.1 200 OK
Content-Type: application/json; charset=utf-8
cache-control: no-cache
content-length: 14

19:01:49.072 [AsyncHttpClient-1-7] DEBUG org.asynchttpclient.netty.channel.ChannelManager - Adding key: http://localhost:50580 for channel [id: 0x96886ae6, L:/127.0.0.1:52589 - R:localhost/127.0.0.1:50580]
19:01:49.074 [Forwarding sendKeysToElement on session 235f6e660404478b91b9761d38f96c28 to remote] DEBUG org.asynchttpclient.netty.request.NettyRequestSender - Using pooled Channel '[id: 0x96886ae6, L:/127.0.0.1:52589 - R:localhost/127.0.0.1:50580]' for 'POST' to 'http://localhost:50580/session/235f6e660404478b91b9761d38f96c28/element/dcb34fb0-3a26-48bc-9977-ab689a298a4c/value'
19:01:49.074 [Forwarding sendKeysToElement on session 235f6e660404478b91b9761d38f96c28 to remote] DEBUG org.asynchttpclient.netty.request.NettyRequestSender - Using open Channel [id: 0x96886ae6, L:/127.0.0.1:52589 - R:localhost/127.0.0.1:50580] for POST '/session/235f6e660404478b91b9761d38f96c28/element/dcb34fb0-3a26-48bc-9977-ab689a298a4c/value'
19:01:49.224 [AsyncHttpClient-1-7] DEBUG org.asynchttpclient.netty.handler.HttpHandler - 

Request DefaultHttpRequest(decodeResult: success, version: HTTP/1.1)
POST /session/235f6e660404478b91b9761d38f96c28/element/dcb34fb0-3a26-48bc-9977-ab689a298a4c/value HTTP/1.1
User-Agent: selenium/4.1.2 (java windows)
Content-Length: 231
Content-Type: application/json; charset=utf-8
host: localhost:50580
accept: */*

Response DefaultHttpResponse(decodeResult: success, version: HTTP/1.1)
HTTP/1.1 200 OK
Content-Type: application/json; charset=utf-8
cache-control: no-cache
content-length: 14

19:01:49.225 [AsyncHttpClient-1-7] DEBUG org.asynchttpclient.netty.channel.ChannelManager - Adding key: http://localhost:50580 for channel [id: 0x96886ae6, L:/127.0.0.1:52589 - R:localhost/127.0.0.1:50580]
19:01:49.231 [Forwarding screenshot on session 235f6e660404478b91b9761d38f96c28 to remote] DEBUG org.asynchttpclient.netty.request.NettyRequestSender - Using pooled Channel '[id: 0x96886ae6, L:/127.0.0.1:52589 - R:localhost/127.0.0.1:50580]' for 'GET' to 'http://localhost:50580/session/235f6e660404478b91b9761d38f96c28/screenshot'
19:01:49.231 [Forwarding screenshot on session 235f6e660404478b91b9761d38f96c28 to remote] DEBUG org.asynchttpclient.netty.request.NettyRequestSender - Using open Channel [id: 0x96886ae6, L:/127.0.0.1:52589 - R:localhost/127.0.0.1:50580] for GET '/session/235f6e660404478b91b9761d38f96c28/screenshot'
19:01:49.386 [AsyncHttpClient-1-7] DEBUG org.asynchttpclient.netty.handler.HttpHandler - 

Request DefaultFullHttpRequest(decodeResult: success, version: HTTP/1.1, content: EmptyByteBufBE)
GET /session/235f6e660404478b91b9761d38f96c28/screenshot HTTP/1.1
User-Agent: selenium/4.1.2 (java windows)
Cache-Control: no-cache
Content-Type: application/json; charset=utf-8
host: localhost:50580
accept: */*

Response DefaultHttpResponse(decodeResult: success, version: HTTP/1.1)
HTTP/1.1 200 OK
Content-Type: application/json; charset=utf-8
cache-control: no-cache
content-length: 37720

19:01:49.386 [AsyncHttpClient-1-7] DEBUG org.asynchttpclient.netty.channel.ChannelManager - Adding key: http://localhost:50580 for channel [id: 0x96886ae6, L:/127.0.0.1:52589 - R:localhost/127.0.0.1:50580]
19:01:49.388 [main] DEBUG net.serenitybdd.core.photography.Darkroom - Send negative for processing for target\site\serenity\b071939cb36b742bece3af45ecd0dcf281e7a83f1a504e44ad3f922232aba4bb.png
19:01:49.388 [main] DEBUG net.thucydides.core.steps.StepInterceptor - STEP DONE: inputEmail
  &amp#27;[32mWhen &amp#27;[0m&amp#27;[32mI input valid email for order&amp#27;[0m            &amp#27;[90m# starter.stepdefinitions.OrderSteps.inputValidEmail()&amp#27;[0m
19:01:49.389 [Darkroom Processing Line] DEBUG net.serenitybdd.core.photography.DarkroomProcessingLine - Processing screenshot image in /var/screenshots/screenshot-13586549498399569580
19:01:49.389 [Darkroom Processing Line] DEBUG net.serenitybdd.core.photography.DarkroomProcessingLine - Saving screenshot to target\site\serenity\b071939cb36b742bece3af45ecd0dcf281e7a83f1a504e44ad3f922232aba4bb.png
19:01:49.413 [main] DEBUG net.thucydides.core.steps.StepInterceptor - STARTING STEP: OrderSteps.inputValidPassword - inputPassword
19:01:49.415 [Forwarding findElement on session 235f6e660404478b91b9761d38f96c28 to remote] DEBUG org.asynchttpclient.netty.request.NettyRequestSender - Using pooled Channel '[id: 0x96886ae6, L:/127.0.0.1:52589 - R:localhost/127.0.0.1:50580]' for 'POST' to 'http://localhost:50580/session/235f6e660404478b91b9761d38f96c28/element'
19:01:49.415 [Forwarding findElement on session 235f6e660404478b91b9761d38f96c28 to remote] DEBUG org.asynchttpclient.netty.request.NettyRequestSender - Using open Channel [id: 0x96886ae6, L:/127.0.0.1:52589 - R:localhost/127.0.0.1:50580] for POST '/session/235f6e660404478b91b9761d38f96c28/element'
19:01:49.428 [AsyncHttpClient-1-7] DEBUG org.asynchttpclient.netty.handler.HttpHandler - 

Request DefaultHttpRequest(decodeResult: success, version: HTTP/1.1)
POST /session/235f6e660404478b91b9761d38f96c28/element HTTP/1.1
User-Agent: selenium/4.1.2 (java windows)
Content-Length: 87
Content-Type: application/json; charset=utf-8
host: localhost:50580
accept: */*

Response DefaultHttpResponse(decodeResult: success, version: HTTP/1.1)
HTTP/1.1 200 OK
Content-Type: application/json; charset=utf-8
cache-control: no-cache
content-length: 88

19:01:49.429 [AsyncHttpClient-1-7] DEBUG org.asynchttpclient.netty.channel.ChannelManager - Adding key: http://localhost:50580 for channel [id: 0x96886ae6, L:/127.0.0.1:52589 - R:localhost/127.0.0.1:50580]
19:01:49.429 [Forwarding clearElement on session 235f6e660404478b91b9761d38f96c28 to remote] DEBUG org.asynchttpclient.netty.request.NettyRequestSender - Using pooled Channel '[id: 0x96886ae6, L:/127.0.0.1:52589 - R:localhost/127.0.0.1:50580]' for 'POST' to 'http://localhost:50580/session/235f6e660404478b91b9761d38f96c28/element/e4c228a3-9253-4550-8670-9841f17bd0db/clear'
19:01:49.429 [Forwarding clearElement on session 235f6e660404478b91b9761d38f96c28 to remote] DEBUG org.asynchttpclient.netty.request.NettyRequestSender - Using open Channel [id: 0x96886ae6, L:/127.0.0.1:52589 - R:localhost/127.0.0.1:50580] for POST '/session/235f6e660404478b91b9761d38f96c28/element/e4c228a3-9253-4550-8670-9841f17bd0db/clear'
19:01:49.468 [AsyncHttpClient-1-7] DEBUG org.asynchttpclient.netty.handler.HttpHandler - 

Request DefaultHttpRequest(decodeResult: success, version: HTTP/1.1)
POST /session/235f6e660404478b91b9761d38f96c28/element/e4c228a3-9253-4550-8670-9841f17bd0db/clear HTTP/1.1
User-Agent: selenium/4.1.2 (java windows)
Content-Length: 50
Content-Type: application/json; charset=utf-8
host: localhost:50580
accept: */*

Response DefaultHttpResponse(decodeResult: success, version: HTTP/1.1)
HTTP/1.1 200 OK
Content-Type: application/json; charset=utf-8
cache-control: no-cache
content-length: 14

19:01:49.468 [AsyncHttpClient-1-7] DEBUG org.asynchttpclient.netty.channel.ChannelManager - Adding key: http://localhost:50580 for channel [id: 0x96886ae6, L:/127.0.0.1:52589 - R:localhost/127.0.0.1:50580]
19:01:49.469 [Forwarding sendKeysToElement on session 235f6e660404478b91b9761d38f96c28 to remote] DEBUG org.asynchttpclient.netty.request.NettyRequestSender - Using pooled Channel '[id: 0x96886ae6, L:/127.0.0.1:52589 - R:localhost/127.0.0.1:50580]' for 'POST' to 'http://localhost:50580/session/235f6e660404478b91b9761d38f96c28/element/e4c228a3-9253-4550-8670-9841f17bd0db/value'
19:01:49.469 [Forwarding sendKeysToElement on session 235f6e660404478b91b9761d38f96c28 to remote] DEBUG org.asynchttpclient.netty.request.NettyRequestSender - Using open Channel [id: 0x96886ae6, L:/127.0.0.1:52589 - R:localhost/127.0.0.1:50580] for POST '/session/235f6e660404478b91b9761d38f96c28/element/e4c228a3-9253-4550-8670-9841f17bd0db/value'
19:01:49.579 [AsyncHttpClient-1-7] DEBUG org.asynchttpclient.netty.handler.HttpHandler - 

Request DefaultHttpRequest(decodeResult: success, version: HTTP/1.1)
POST /session/235f6e660404478b91b9761d38f96c28/element/e4c228a3-9253-4550-8670-9841f17bd0db/value HTTP/1.1
User-Agent: selenium/4.1.2 (java windows)
Content-Length: 151
Content-Type: application/json; charset=utf-8
host: localhost:50580
accept: */*

Response DefaultHttpResponse(decodeResult: success, version: HTTP/1.1)
HTTP/1.1 200 OK
Content-Type: application/json; charset=utf-8
cache-control: no-cache
content-length: 14

19:01:49.579 [AsyncHttpClient-1-7] DEBUG org.asynchttpclient.netty.channel.ChannelManager - Adding key: http://localhost:50580 for channel [id: 0x96886ae6, L:/127.0.0.1:52589 - R:localhost/127.0.0.1:50580]
19:01:49.586 [Forwarding screenshot on session 235f6e660404478b91b9761d38f96c28 to remote] DEBUG org.asynchttpclient.netty.request.NettyRequestSender - Using pooled Channel '[id: 0x96886ae6, L:/127.0.0.1:52589 - R:localhost/127.0.0.1:50580]' for 'GET' to 'http://localhost:50580/session/235f6e660404478b91b9761d38f96c28/screenshot'
19:01:49.586 [Forwarding screenshot on session 235f6e660404478b91b9761d38f96c28 to remote] DEBUG org.asynchttpclient.netty.request.NettyRequestSender - Using open Channel [id: 0x96886ae6, L:/127.0.0.1:52589 - R:localhost/127.0.0.1:50580] for GET '/session/235f6e660404478b91b9761d38f96c28/screenshot'
19:01:49.723 [AsyncHttpClient-1-7] DEBUG org.asynchttpclient.netty.handler.HttpHandler - 

Request DefaultFullHttpRequest(decodeResult: success, version: HTTP/1.1, content: EmptyByteBufBE)
GET /session/235f6e660404478b91b9761d38f96c28/screenshot HTTP/1.1
User-Agent: selenium/4.1.2 (java windows)
Cache-Control: no-cache
Content-Type: application/json; charset=utf-8
host: localhost:50580
accept: */*

Response DefaultHttpResponse(decodeResult: success, version: HTTP/1.1)
HTTP/1.1 200 OK
Content-Type: application/json; charset=utf-8
cache-control: no-cache
content-length: 40412

19:01:49.724 [AsyncHttpClient-1-7] DEBUG org.asynchttpclient.netty.channel.ChannelManager - Adding key: http://localhost:50580 for channel [id: 0x96886ae6, L:/127.0.0.1:52589 - R:localhost/127.0.0.1:50580]
19:01:49.725 [main] DEBUG net.serenitybdd.core.photography.Darkroom - Send negative for processing for target\site\serenity\ac59a3833f0f3f3a815be65e6ff776d50a48b1534da66cd01ff02b3c20fba202.png
19:01:49.725 [main] DEBUG net.thucydides.core.steps.StepInterceptor - STEP DONE: inputPassword
  &amp#27;[32mAnd &amp#27;[0m&amp#27;[32mI input valid password for order&amp#27;[0m          &amp#27;[90m# starter.stepdefinitions.OrderSteps.inputValidPassword()&amp#27;[0m
19:01:49.725 [Darkroom Processing Line] DEBUG net.serenitybdd.core.photography.DarkroomProcessingLine - Processing screenshot image in /var/screenshots/screenshot-10450075554650096004
19:01:49.725 [Darkroom Processing Line] DEBUG net.serenitybdd.core.photography.DarkroomProcessingLine - Saving screenshot to target\site\serenity\ac59a3833f0f3f3a815be65e6ff776d50a48b1534da66cd01ff02b3c20fba202.png
19:01:49.747 [main] DEBUG net.thucydides.core.steps.StepInterceptor - STARTING STEP: OrderSteps.clickOnLoginButoon - clickLoginButton
19:01:49.749 [Forwarding findElement on session 235f6e660404478b91b9761d38f96c28 to remote] DEBUG org.asynchttpclient.netty.request.NettyRequestSender - Using pooled Channel '[id: 0x96886ae6, L:/127.0.0.1:52589 - R:localhost/127.0.0.1:50580]' for 'POST' to 'http://localhost:50580/session/235f6e660404478b91b9761d38f96c28/element'
19:01:49.749 [Forwarding findElement on session 235f6e660404478b91b9761d38f96c28 to remote] DEBUG org.asynchttpclient.netty.request.NettyRequestSender - Using open Channel [id: 0x96886ae6, L:/127.0.0.1:52589 - R:localhost/127.0.0.1:50580] for POST '/session/235f6e660404478b91b9761d38f96c28/element'
19:01:49.769 [AsyncHttpClient-1-7] DEBUG org.asynchttpclient.netty.handler.HttpHandler - 

Request DefaultHttpRequest(decodeResult: success, version: HTTP/1.1)
POST /session/235f6e660404478b91b9761d38f96c28/element HTTP/1.1
User-Agent: selenium/4.1.2 (java windows)
Content-Length: 155
Content-Type: application/json; charset=utf-8
host: localhost:50580
accept: */*

Response DefaultHttpResponse(decodeResult: success, version: HTTP/1.1)
HTTP/1.1 200 OK
Content-Type: application/json; charset=utf-8
cache-control: no-cache
content-length: 88

19:01:49.769 [AsyncHttpClient-1-7] DEBUG org.asynchttpclient.netty.channel.ChannelManager - Adding key: http://localhost:50580 for channel [id: 0x96886ae6, L:/127.0.0.1:52589 - R:localhost/127.0.0.1:50580]
19:01:49.773 [Forwarding getElementTagName on session 235f6e660404478b91b9761d38f96c28 to remote] DEBUG org.asynchttpclient.netty.request.NettyRequestSender - Using pooled Channel '[id: 0x96886ae6, L:/127.0.0.1:52589 - R:localhost/127.0.0.1:50580]' for 'GET' to 'http://localhost:50580/session/235f6e660404478b91b9761d38f96c28/element/a82d106a-309a-4809-8d9d-45f9dd95a335/name'
19:01:49.773 [Forwarding getElementTagName on session 235f6e660404478b91b9761d38f96c28 to remote] DEBUG org.asynchttpclient.netty.request.NettyRequestSender - Using open Channel [id: 0x96886ae6, L:/127.0.0.1:52589 - R:localhost/127.0.0.1:50580] for GET '/session/235f6e660404478b91b9761d38f96c28/element/a82d106a-309a-4809-8d9d-45f9dd95a335/name'
19:01:49.788 [AsyncHttpClient-1-7] DEBUG org.asynchttpclient.netty.handler.HttpHandler - 

Request DefaultFullHttpRequest(decodeResult: success, version: HTTP/1.1, content: EmptyByteBufBE)
GET /session/235f6e660404478b91b9761d38f96c28/element/a82d106a-309a-4809-8d9d-45f9dd95a335/name HTTP/1.1
User-Agent: selenium/4.1.2 (java windows)
Cache-Control: no-cache
Content-Type: application/json; charset=utf-8
host: localhost:50580
accept: */*

Response DefaultHttpResponse(decodeResult: success, version: HTTP/1.1)
HTTP/1.1 200 OK
Content-Type: application/json; charset=utf-8
cache-control: no-cache
content-length: 18

19:01:49.788 [AsyncHttpClient-1-7] DEBUG org.asynchttpclient.netty.channel.ChannelManager - Adding key: http://localhost:50580 for channel [id: 0x96886ae6, L:/127.0.0.1:52589 - R:localhost/127.0.0.1:50580]
19:01:49.790 [Forwarding getElementTagName on session 235f6e660404478b91b9761d38f96c28 to remote] DEBUG org.asynchttpclient.netty.request.NettyRequestSender - Using pooled Channel '[id: 0x96886ae6, L:/127.0.0.1:52589 - R:localhost/127.0.0.1:50580]' for 'GET' to 'http://localhost:50580/session/235f6e660404478b91b9761d38f96c28/element/a82d106a-309a-4809-8d9d-45f9dd95a335/name'
19:01:49.790 [Forwarding getElementTagName on session 235f6e660404478b91b9761d38f96c28 to remote] DEBUG org.asynchttpclient.netty.request.NettyRequestSender - Using open Channel [id: 0x96886ae6, L:/127.0.0.1:52589 - R:localhost/127.0.0.1:50580] for GET '/session/235f6e660404478b91b9761d38f96c28/element/a82d106a-309a-4809-8d9d-45f9dd95a335/name'
19:01:49.799 [AsyncHttpClient-1-7] DEBUG org.asynchttpclient.netty.handler.HttpHandler - 

Request DefaultFullHttpRequest(decodeResult: success, version: HTTP/1.1, content: EmptyByteBufBE)
GET /session/235f6e660404478b91b9761d38f96c28/element/a82d106a-309a-4809-8d9d-45f9dd95a335/name HTTP/1.1
User-Agent: selenium/4.1.2 (java windows)
Cache-Control: no-cache
Content-Type: application/json; charset=utf-8
host: localhost:50580
accept: */*

Response DefaultHttpResponse(decodeResult: success, version: HTTP/1.1)
HTTP/1.1 200 OK
Content-Type: application/json; charset=utf-8
cache-control: no-cache
content-length: 18

19:01:49.800 [AsyncHttpClient-1-7] DEBUG org.asynchttpclient.netty.channel.ChannelManager - Adding key: http://localhost:50580 for channel [id: 0x96886ae6, L:/127.0.0.1:52589 - R:localhost/127.0.0.1:50580]
19:01:49.805 [Forwarding isElementEnabled on session 235f6e660404478b91b9761d38f96c28 to remote] DEBUG org.asynchttpclient.netty.request.NettyRequestSender - Using pooled Channel '[id: 0x96886ae6, L:/127.0.0.1:52589 - R:localhost/127.0.0.1:50580]' for 'GET' to 'http://localhost:50580/session/235f6e660404478b91b9761d38f96c28/element/a82d106a-309a-4809-8d9d-45f9dd95a335/enabled'
19:01:49.807 [Forwarding isElementEnabled on session 235f6e660404478b91b9761d38f96c28 to remote] DEBUG org.asynchttpclient.netty.request.NettyRequestSender - Using open Channel [id: 0x96886ae6, L:/127.0.0.1:52589 - R:localhost/127.0.0.1:50580] for GET '/session/235f6e660404478b91b9761d38f96c28/element/a82d106a-309a-4809-8d9d-45f9dd95a335/enabled'
19:01:49.824 [AsyncHttpClient-1-7] DEBUG org.asynchttpclient.netty.handler.HttpHandler - 

Request DefaultFullHttpRequest(decodeResult: success, version: HTTP/1.1, content: EmptyByteBufBE)
GET /session/235f6e660404478b91b9761d38f96c28/element/a82d106a-309a-4809-8d9d-45f9dd95a335/enabled HTTP/1.1
User-Agent: selenium/4.1.2 (java windows)
Cache-Control: no-cache
Content-Type: application/json; charset=utf-8
host: localhost:50580
accept: */*

Response DefaultHttpResponse(decodeResult: success, version: HTTP/1.1)
HTTP/1.1 200 OK
Content-Type: application/json; charset=utf-8
cache-control: no-cache
content-length: 14

19:01:49.825 [AsyncHttpClient-1-7] DEBUG org.asynchttpclient.netty.channel.ChannelManager - Adding key: http://localhost:50580 for channel [id: 0x96886ae6, L:/127.0.0.1:52589 - R:localhost/127.0.0.1:50580]
19:01:49.828 [Forwarding isElementEnabled on session 235f6e660404478b91b9761d38f96c28 to remote] DEBUG org.asynchttpclient.netty.request.NettyRequestSender - Using pooled Channel '[id: 0x96886ae6, L:/127.0.0.1:52589 - R:localhost/127.0.0.1:50580]' for 'GET' to 'http://localhost:50580/session/235f6e660404478b91b9761d38f96c28/element/a82d106a-309a-4809-8d9d-45f9dd95a335/enabled'
19:01:49.828 [Forwarding isElementEnabled on session 235f6e660404478b91b9761d38f96c28 to remote] DEBUG org.asynchttpclient.netty.request.NettyRequestSender - Using open Channel [id: 0x96886ae6, L:/127.0.0.1:52589 - R:localhost/127.0.0.1:50580] for GET '/session/235f6e660404478b91b9761d38f96c28/element/a82d106a-309a-4809-8d9d-45f9dd95a335/enabled'
19:01:49.835 [AsyncHttpClient-1-7] DEBUG org.asynchttpclient.netty.handler.HttpHandler - 

Request DefaultFullHttpRequest(decodeResult: success, version: HTTP/1.1, content: EmptyByteBufBE)
GET /session/235f6e660404478b91b9761d38f96c28/element/a82d106a-309a-4809-8d9d-45f9dd95a335/enabled HTTP/1.1
User-Agent: selenium/4.1.2 (java windows)
Cache-Control: no-cache
Content-Type: application/json; charset=utf-8
host: localhost:50580
accept: */*

Response DefaultHttpResponse(decodeResult: success, version: HTTP/1.1)
HTTP/1.1 200 OK
Content-Type: application/json; charset=utf-8
cache-control: no-cache
content-length: 14

19:01:49.836 [AsyncHttpClient-1-7] DEBUG org.asynchttpclient.netty.channel.ChannelManager - Adding key: http://localhost:50580 for channel [id: 0x96886ae6, L:/127.0.0.1:52589 - R:localhost/127.0.0.1:50580]
19:01:49.839 [Forwarding findElement on session 235f6e660404478b91b9761d38f96c28 to remote] DEBUG org.asynchttpclient.netty.request.NettyRequestSender - Using pooled Channel '[id: 0x96886ae6, L:/127.0.0.1:52589 - R:localhost/127.0.0.1:50580]' for 'POST' to 'http://localhost:50580/session/235f6e660404478b91b9761d38f96c28/element'
19:01:49.839 [Forwarding findElement on session 235f6e660404478b91b9761d38f96c28 to remote] DEBUG org.asynchttpclient.netty.request.NettyRequestSender - Using open Channel [id: 0x96886ae6, L:/127.0.0.1:52589 - R:localhost/127.0.0.1:50580] for POST '/session/235f6e660404478b91b9761d38f96c28/element'
19:01:49.850 [AsyncHttpClient-1-7] DEBUG org.asynchttpclient.netty.handler.HttpHandler - 

Request DefaultHttpRequest(decodeResult: success, version: HTTP/1.1)
POST /session/235f6e660404478b91b9761d38f96c28/element HTTP/1.1
User-Agent: selenium/4.1.2 (java windows)
Content-Length: 155
Content-Type: application/json; charset=utf-8
host: localhost:50580
accept: */*

Response DefaultHttpResponse(decodeResult: success, version: HTTP/1.1)
HTTP/1.1 200 OK
Content-Type: application/json; charset=utf-8
cache-control: no-cache
content-length: 88

19:01:49.850 [AsyncHttpClient-1-7] DEBUG org.asynchttpclient.netty.channel.ChannelManager - Adding key: http://localhost:50580 for channel [id: 0x96886ae6, L:/127.0.0.1:52589 - R:localhost/127.0.0.1:50580]
19:01:49.852 [Forwarding clickElement on session 235f6e660404478b91b9761d38f96c28 to remote] DEBUG org.asynchttpclient.netty.request.NettyRequestSender - Using pooled Channel '[id: 0x96886ae6, L:/127.0.0.1:52589 - R:localhost/127.0.0.1:50580]' for 'POST' to 'http://localhost:50580/session/235f6e660404478b91b9761d38f96c28/element/a82d106a-309a-4809-8d9d-45f9dd95a335/click'
19:01:49.852 [Forwarding clickElement on session 235f6e660404478b91b9761d38f96c28 to remote] DEBUG org.asynchttpclient.netty.request.NettyRequestSender - Using open Channel [id: 0x96886ae6, L:/127.0.0.1:52589 - R:localhost/127.0.0.1:50580] for POST '/session/235f6e660404478b91b9761d38f96c28/element/a82d106a-309a-4809-8d9d-45f9dd95a335/click'
19:01:49.914 [AsyncHttpClient-1-7] DEBUG org.asynchttpclient.netty.handler.HttpHandler - 

Request DefaultHttpRequest(decodeResult: success, version: HTTP/1.1)
POST /session/235f6e660404478b91b9761d38f96c28/element/a82d106a-309a-4809-8d9d-45f9dd95a335/click HTTP/1.1
User-Agent: selenium/4.1.2 (java windows)
Content-Length: 50
Content-Type: application/json; charset=utf-8
host: localhost:50580
accept: */*

Response DefaultHttpResponse(decodeResult: success, version: HTTP/1.1)
HTTP/1.1 200 OK
Content-Type: application/json; charset=utf-8
cache-control: no-cache
content-length: 14

19:01:49.915 [AsyncHttpClient-1-7] DEBUG org.asynchttpclient.netty.channel.ChannelManager - Adding key: http://localhost:50580 for channel [id: 0x96886ae6, L:/127.0.0.1:52589 - R:localhost/127.0.0.1:50580]
19:01:49.926 [Forwarding screenshot on session 235f6e660404478b91b9761d38f96c28 to remote] DEBUG org.asynchttpclient.netty.request.NettyRequestSender - Using pooled Channel '[id: 0x96886ae6, L:/127.0.0.1:52589 - R:localhost/127.0.0.1:50580]' for 'GET' to 'http://localhost:50580/session/235f6e660404478b91b9761d38f96c28/screenshot'
19:01:49.926 [Forwarding screenshot on session 235f6e660404478b91b9761d38f96c28 to remote] DEBUG org.asynchttpclient.netty.request.NettyRequestSender - Using open Channel [id: 0x96886ae6, L:/127.0.0.1:52589 - R:localhost/127.0.0.1:50580] for GET '/session/235f6e660404478b91b9761d38f96c28/screenshot'
19:01:50.058 [AsyncHttpClient-1-1] DEBUG org.asynchttpclient.netty.channel.DefaultChannelPool - Entry count for : http://localhost:52590 : 1
19:01:50.099 [AsyncHttpClient-1-7] DEBUG org.asynchttpclient.netty.handler.HttpHandler - 

Request DefaultFullHttpRequest(decodeResult: success, version: HTTP/1.1, content: EmptyByteBufBE)
GET /session/235f6e660404478b91b9761d38f96c28/screenshot HTTP/1.1
User-Agent: selenium/4.1.2 (java windows)
Cache-Control: no-cache
Content-Type: application/json; charset=utf-8
host: localhost:50580
accept: */*

Response DefaultHttpResponse(decodeResult: success, version: HTTP/1.1)
HTTP/1.1 200 OK
Content-Type: application/json; charset=utf-8
cache-control: no-cache
content-length: 39784

19:01:50.100 [AsyncHttpClient-1-7] DEBUG org.asynchttpclient.netty.channel.ChannelManager - Adding key: http://localhost:50580 for channel [id: 0x96886ae6, L:/127.0.0.1:52589 - R:localhost/127.0.0.1:50580]
19:01:50.102 [main] DEBUG net.serenitybdd.core.photography.Darkroom - Send negative for processing for target\site\serenity\8bbf4c84270944043b8c4b101e05e44c2e81114cc8c79c6c556b55488172d005.png
19:01:50.103 [main] DEBUG net.thucydides.core.steps.StepInterceptor - STEP DONE: clickLoginButton
  &amp#27;[32mAnd &amp#27;[0m&amp#27;[32mI click on login button for order&amp#27;[0m         &amp#27;[90m# starter.stepdefinitions.OrderSteps.clickOnLoginButoon()&amp#27;[0m
19:01:50.103 [Darkroom Processing Line] DEBUG net.serenitybdd.core.photography.DarkroomProcessingLine - Processing screenshot image in /var/screenshots/screenshot-8202409809933420862
19:01:50.104 [Darkroom Processing Line] DEBUG net.serenitybdd.core.photography.DarkroomProcessingLine - Saving screenshot to target\site\serenity\8bbf4c84270944043b8c4b101e05e44c2e81114cc8c79c6c556b55488172d005.png
19:01:50.127 [main] DEBUG net.thucydides.core.steps.StepInterceptor - STARTING STEP: OrderSteps.onTheHomePage - homePage
19:01:50.128 [Forwarding get on session 235f6e660404478b91b9761d38f96c28 to remote] DEBUG org.asynchttpclient.netty.request.NettyRequestSender - Using pooled Channel '[id: 0x96886ae6, L:/127.0.0.1:52589 - R:localhost/127.0.0.1:50580]' for 'POST' to 'http://localhost:50580/session/235f6e660404478b91b9761d38f96c28/url'
19:01:50.128 [Forwarding get on session 235f6e660404478b91b9761d38f96c28 to remote] DEBUG org.asynchttpclient.netty.request.NettyRequestSender - Using open Channel [id: 0x96886ae6, L:/127.0.0.1:52589 - R:localhost/127.0.0.1:50580] for POST '/session/235f6e660404478b91b9761d38f96c28/url'
19:01:50.388 [AsyncHttpClient-1-7] DEBUG org.asynchttpclient.netty.handler.HttpHandler - 

Request DefaultHttpRequest(decodeResult: success, version: HTTP/1.1)
POST /session/235f6e660404478b91b9761d38f96c28/url HTTP/1.1
User-Agent: selenium/4.1.2 (java windows)
Content-Length: 49
Content-Type: application/json; charset=utf-8
host: localhost:50580
accept: */*

Response DefaultHttpResponse(decodeResult: success, version: HTTP/1.1)
HTTP/1.1 200 OK
Content-Type: application/json; charset=utf-8
cache-control: no-cache
content-length: 14

19:01:50.388 [AsyncHttpClient-1-7] DEBUG org.asynchttpclient.netty.channel.ChannelManager - Adding key: http://localhost:50580 for channel [id: 0x96886ae6, L:/127.0.0.1:52589 - R:localhost/127.0.0.1:50580]
19:01:50.395 [Forwarding getCurrentUrl on session 235f6e660404478b91b9761d38f96c28 to remote] DEBUG org.asynchttpclient.netty.request.NettyRequestSender - Using pooled Channel '[id: 0x96886ae6, L:/127.0.0.1:52589 - R:localhost/127.0.0.1:50580]' for 'GET' to 'http://localhost:50580/session/235f6e660404478b91b9761d38f96c28/url'
19:01:50.395 [Forwarding getCurrentUrl on session 235f6e660404478b91b9761d38f96c28 to remote] DEBUG org.asynchttpclient.netty.request.NettyRequestSender - Using open Channel [id: 0x96886ae6, L:/127.0.0.1:52589 - R:localhost/127.0.0.1:50580] for GET '/session/235f6e660404478b91b9761d38f96c28/url'
19:01:50.399 [AsyncHttpClient-1-7] DEBUG org.asynchttpclient.netty.handler.HttpHandler - 

Request DefaultFullHttpRequest(decodeResult: success, version: HTTP/1.1, content: EmptyByteBufBE)
GET /session/235f6e660404478b91b9761d38f96c28/url HTTP/1.1
User-Agent: selenium/4.1.2 (java windows)
Cache-Control: no-cache
Content-Type: application/json; charset=utf-8
host: localhost:50580
accept: */*

Response DefaultHttpResponse(decodeResult: success, version: HTTP/1.1)
HTTP/1.1 200 OK
Content-Type: application/json; charset=utf-8
cache-control: no-cache
content-length: 31

19:01:50.400 [AsyncHttpClient-1-7] DEBUG org.asynchttpclient.netty.channel.ChannelManager - Adding key: http://localhost:50580 for channel [id: 0x96886ae6, L:/127.0.0.1:52589 - R:localhost/127.0.0.1:50580]
19:01:50.408 [Forwarding screenshot on session 235f6e660404478b91b9761d38f96c28 to remote] DEBUG org.asynchttpclient.netty.request.NettyRequestSender - Using pooled Channel '[id: 0x96886ae6, L:/127.0.0.1:52589 - R:localhost/127.0.0.1:50580]' for 'GET' to 'http://localhost:50580/session/235f6e660404478b91b9761d38f96c28/screenshot'
19:01:50.408 [Forwarding screenshot on session 235f6e660404478b91b9761d38f96c28 to remote] DEBUG org.asynchttpclient.netty.request.NettyRequestSender - Using open Channel [id: 0x96886ae6, L:/127.0.0.1:52589 - R:localhost/127.0.0.1:50580] for GET '/session/235f6e660404478b91b9761d38f96c28/screenshot'
19:01:50.659 [AsyncHttpClient-1-7] DEBUG org.asynchttpclient.netty.handler.HttpHandler - 

Request DefaultFullHttpRequest(decodeResult: success, version: HTTP/1.1, content: EmptyByteBufBE)
GET /session/235f6e660404478b91b9761d38f96c28/screenshot HTTP/1.1
User-Agent: selenium/4.1.2 (java windows)
Cache-Control: no-cache
Content-Type: application/json; charset=utf-8
host: localhost:50580
accept: */*

Response DefaultHttpResponse(decodeResult: success, version: HTTP/1.1)
HTTP/1.1 200 OK
Content-Type: application/json; charset=utf-8
cache-control: no-cache
content-length: 30264

19:01:50.659 [AsyncHttpClient-1-7] DEBUG org.asynchttpclient.netty.channel.ChannelManager - Adding key: http://localhost:50580 for channel [id: 0x96886ae6, L:/127.0.0.1:52589 - R:localhost/127.0.0.1:50580]
19:01:50.664 [main] DEBUG net.serenitybdd.core.photography.Darkroom - Send negative for processing for target\site\serenity\dccf6a1bdd5aebdd890c05e28a84f7630acd05c2888c3f7f95c7a3efbf653ffc.png
19:01:50.665 [main] DEBUG net.thucydides.core.steps.StepInterceptor - STEP DONE: homePage
19:01:50.668 [Darkroom Processing Line] DEBUG net.serenitybdd.core.photography.DarkroomProcessingLine - Processing screenshot image in /var/screenshots/screenshot-12499114916104941218
19:01:50.668 [Darkroom Processing Line] DEBUG net.serenitybdd.core.photography.DarkroomProcessingLine - Saving screenshot to target\site\serenity\dccf6a1bdd5aebdd890c05e28a84f7630acd05c2888c3f7f95c7a3efbf653ffc.png
19:01:50.673 [main] DEBUG net.thucydides.core.steps.StepInterceptor - STARTING STEP: OrderSteps.onTheHomePage - validateOnHomePage
19:01:50.675 [Forwarding findElement on session 235f6e660404478b91b9761d38f96c28 to remote] DEBUG org.asynchttpclient.netty.request.NettyRequestSender - Using pooled Channel '[id: 0x96886ae6, L:/127.0.0.1:52589 - R:localhost/127.0.0.1:50580]' for 'POST' to 'http://localhost:50580/session/235f6e660404478b91b9761d38f96c28/element'
19:01:50.675 [Forwarding findElement on session 235f6e660404478b91b9761d38f96c28 to remote] DEBUG org.asynchttpclient.netty.request.NettyRequestSender - Using open Channel [id: 0x96886ae6, L:/127.0.0.1:52589 - R:localhost/127.0.0.1:50580] for POST '/session/235f6e660404478b91b9761d38f96c28/element'
19:01:51.158 [AsyncHttpClient-1-1] DEBUG org.asynchttpclient.netty.channel.DefaultChannelPool - Entry count for : http://localhost:52590 : 1
19:01:52.261 [AsyncHttpClient-1-1] DEBUG org.asynchttpclient.netty.channel.DefaultChannelPool - Entry count for : http://localhost:52590 : 1
19:01:53.299 [AsyncHttpClient-1-7] DEBUG org.asynchttpclient.netty.handler.HttpHandler - 

Request DefaultHttpRequest(decodeResult: success, version: HTTP/1.1)
POST /session/235f6e660404478b91b9761d38f96c28/element HTTP/1.1
User-Agent: selenium/4.1.2 (java windows)
Content-Length: 140
Content-Type: application/json; charset=utf-8
host: localhost:50580
accept: */*

Response DefaultHttpResponse(decodeResult: success, version: HTTP/1.1)
HTTP/1.1 200 OK
Content-Type: application/json; charset=utf-8
cache-control: no-cache
content-length: 88

19:01:53.299 [AsyncHttpClient-1-7] DEBUG org.asynchttpclient.netty.channel.ChannelManager - Adding key: http://localhost:50580 for channel [id: 0x96886ae6, L:/127.0.0.1:52589 - R:localhost/127.0.0.1:50580]
19:01:53.303 [Forwarding isElementDisplayed on session 235f6e660404478b91b9761d38f96c28 to remote] DEBUG org.asynchttpclient.netty.request.NettyRequestSender - Using pooled Channel '[id: 0x96886ae6, L:/127.0.0.1:52589 - R:localhost/127.0.0.1:50580]' for 'POST' to 'http://localhost:50580/session/235f6e660404478b91b9761d38f96c28/execute/sync'
19:01:53.303 [Forwarding isElementDisplayed on session 235f6e660404478b91b9761d38f96c28 to remote] DEBUG org.asynchttpclient.netty.request.NettyRequestSender - Using open Channel [id: 0x96886ae6, L:/127.0.0.1:52589 - R:localhost/127.0.0.1:50580] for POST '/session/235f6e660404478b91b9761d38f96c28/execute/sync'
19:01:53.318 [AsyncHttpClient-1-7] DEBUG org.asynchttpclient.netty.handler.HttpHandler - 

Request DefaultHttpRequest(decodeResult: success, version: HTTP/1.1)
POST /session/235f6e660404478b91b9761d38f96c28/execute/sync HTTP/1.1
User-Agent: selenium/4.1.2 (java windows)
Content-Length: 48780
Content-Type: application/json; charset=utf-8
host: localhost:50580
accept: */*

Response DefaultHttpResponse(decodeResult: success, version: HTTP/1.1)
HTTP/1.1 200 OK
Content-Type: application/json; charset=utf-8
cache-control: no-cache
content-length: 14

19:01:53.318 [AsyncHttpClient-1-7] DEBUG org.asynchttpclient.netty.channel.ChannelManager - Adding key: http://localhost:50580 for channel [id: 0x96886ae6, L:/127.0.0.1:52589 - R:localhost/127.0.0.1:50580]
19:01:53.320 [Forwarding screenshot on session 235f6e660404478b91b9761d38f96c28 to remote] DEBUG org.asynchttpclient.netty.request.NettyRequestSender - Using pooled Channel '[id: 0x96886ae6, L:/127.0.0.1:52589 - R:localhost/127.0.0.1:50580]' for 'GET' to 'http://localhost:50580/session/235f6e660404478b91b9761d38f96c28/screenshot'
19:01:53.320 [Forwarding screenshot on session 235f6e660404478b91b9761d38f96c28 to remote] DEBUG org.asynchttpclient.netty.request.NettyRequestSender - Using open Channel [id: 0x96886ae6, L:/127.0.0.1:52589 - R:localhost/127.0.0.1:50580] for GET '/session/235f6e660404478b91b9761d38f96c28/screenshot'
19:01:53.357 [AsyncHttpClient-1-1] DEBUG org.asynchttpclient.netty.channel.DefaultChannelPool - Entry count for : http://localhost:52590 : 1
19:01:53.424 [AsyncHttpClient-1-7] DEBUG org.asynchttpclient.netty.handler.HttpHandler - 

Request DefaultFullHttpRequest(decodeResult: success, version: HTTP/1.1, content: EmptyByteBufBE)
GET /session/235f6e660404478b91b9761d38f96c28/screenshot HTTP/1.1
User-Agent: selenium/4.1.2 (java windows)
Cache-Control: no-cache
Content-Type: application/json; charset=utf-8
host: localhost:50580
accept: */*

Response DefaultHttpResponse(decodeResult: success, version: HTTP/1.1)
HTTP/1.1 200 OK
Content-Type: application/json; charset=utf-8
cache-control: no-cache
content-length: 77824

19:01:53.425 [AsyncHttpClient-1-7] DEBUG org.asynchttpclient.netty.channel.ChannelManager - Adding key: http://localhost:50580 for channel [id: 0x96886ae6, L:/127.0.0.1:52589 - R:localhost/127.0.0.1:50580]
19:01:53.428 [main] DEBUG net.serenitybdd.core.photography.Darkroom - Send negative for processing for target\site\serenity\4180a5aa39dc0904d1248cac44a295951a10da52d56363e86b77352c6ebf5ef1.png
19:01:53.428 [main] DEBUG net.thucydides.core.steps.StepInterceptor - STEP DONE: validateOnHomePage
  &amp#27;[32mAnd &amp#27;[0m&amp#27;[32mI am on the home page for order&amp#27;[0m           &amp#27;[90m# starter.stepdefinitions.OrderSteps.onTheHomePage()&amp#27;[0m
19:01:53.445 [main] DEBUG net.thucydides.core.steps.StepInterceptor - STARTING STEP: OrderSteps.clickBeliButton - clickBeliButton
19:01:53.447 [Forwarding findElement on session 235f6e660404478b91b9761d38f96c28 to remote] DEBUG org.asynchttpclient.netty.request.NettyRequestSender - Using pooled Channel '[id: 0x96886ae6, L:/127.0.0.1:52589 - R:localhost/127.0.0.1:50580]' for 'POST' to 'http://localhost:50580/session/235f6e660404478b91b9761d38f96c28/element'
19:01:53.447 [Forwarding findElement on session 235f6e660404478b91b9761d38f96c28 to remote] DEBUG org.asynchttpclient.netty.request.NettyRequestSender - Using open Channel [id: 0x96886ae6, L:/127.0.0.1:52589 - R:localhost/127.0.0.1:50580] for POST '/session/235f6e660404478b91b9761d38f96c28/element'
19:01:53.461 [AsyncHttpClient-1-7] DEBUG org.asynchttpclient.netty.handler.HttpHandler - 

Request DefaultHttpRequest(decodeResult: success, version: HTTP/1.1)
POST /session/235f6e660404478b91b9761d38f96c28/element HTTP/1.1
User-Agent: selenium/4.1.2 (java windows)
Content-Length: 140
Content-Type: application/json; charset=utf-8
host: localhost:50580
accept: */*

Response DefaultHttpResponse(decodeResult: success, version: HTTP/1.1)
HTTP/1.1 200 OK
Content-Type: application/json; charset=utf-8
cache-control: no-cache
content-length: 88

19:01:53.461 [AsyncHttpClient-1-7] DEBUG org.asynchttpclient.netty.channel.ChannelManager - Adding key: http://localhost:50580 for channel [id: 0x96886ae6, L:/127.0.0.1:52589 - R:localhost/127.0.0.1:50580]
19:01:53.464 [Forwarding getElementTagName on session 235f6e660404478b91b9761d38f96c28 to remote] DEBUG org.asynchttpclient.netty.request.NettyRequestSender - Using pooled Channel '[id: 0x96886ae6, L:/127.0.0.1:52589 - R:localhost/127.0.0.1:50580]' for 'GET' to 'http://localhost:50580/session/235f6e660404478b91b9761d38f96c28/element/fd6d0e1c-6e4b-4f6c-beb0-f3f5f0b4b440/name'
19:01:53.464 [Forwarding getElementTagName on session 235f6e660404478b91b9761d38f96c28 to remote] DEBUG org.asynchttpclient.netty.request.NettyRequestSender - Using open Channel [id: 0x96886ae6, L:/127.0.0.1:52589 - R:localhost/127.0.0.1:50580] for GET '/session/235f6e660404478b91b9761d38f96c28/element/fd6d0e1c-6e4b-4f6c-beb0-f3f5f0b4b440/name'
19:01:53.466 [AsyncHttpClient-1-7] DEBUG org.asynchttpclient.netty.handler.HttpHandler - 

Request DefaultFullHttpRequest(decodeResult: success, version: HTTP/1.1, content: EmptyByteBufBE)
GET /session/235f6e660404478b91b9761d38f96c28/element/fd6d0e1c-6e4b-4f6c-beb0-f3f5f0b4b440/name HTTP/1.1
User-Agent: selenium/4.1.2 (java windows)
Cache-Control: no-cache
Content-Type: application/json; charset=utf-8
host: localhost:50580
accept: */*

Response DefaultHttpResponse(decodeResult: success, version: HTTP/1.1)
HTTP/1.1 200 OK
Content-Type: application/json; charset=utf-8
cache-control: no-cache
content-length: 18

19:01:53.468 [AsyncHttpClient-1-7] DEBUG org.asynchttpclient.netty.channel.ChannelManager - Adding key: http://localhost:50580 for channel [id: 0x96886ae6, L:/127.0.0.1:52589 - R:localhost/127.0.0.1:50580]
19:01:53.469 [Forwarding getElementTagName on session 235f6e660404478b91b9761d38f96c28 to remote] DEBUG org.asynchttpclient.netty.request.NettyRequestSender - Using pooled Channel '[id: 0x96886ae6, L:/127.0.0.1:52589 - R:localhost/127.0.0.1:50580]' for 'GET' to 'http://localhost:50580/session/235f6e660404478b91b9761d38f96c28/element/fd6d0e1c-6e4b-4f6c-beb0-f3f5f0b4b440/name'
19:01:53.469 [Forwarding getElementTagName on session 235f6e660404478b91b9761d38f96c28 to remote] DEBUG org.asynchttpclient.netty.request.NettyRequestSender - Using open Channel [id: 0x96886ae6, L:/127.0.0.1:52589 - R:localhost/127.0.0.1:50580] for GET '/session/235f6e660404478b91b9761d38f96c28/element/fd6d0e1c-6e4b-4f6c-beb0-f3f5f0b4b440/name'
19:01:53.472 [AsyncHttpClient-1-7] DEBUG org.asynchttpclient.netty.handler.HttpHandler - 

Request DefaultFullHttpRequest(decodeResult: success, version: HTTP/1.1, content: EmptyByteBufBE)
GET /session/235f6e660404478b91b9761d38f96c28/element/fd6d0e1c-6e4b-4f6c-beb0-f3f5f0b4b440/name HTTP/1.1
User-Agent: selenium/4.1.2 (java windows)
Cache-Control: no-cache
Content-Type: application/json; charset=utf-8
host: localhost:50580
accept: */*

Response DefaultHttpResponse(decodeResult: success, version: HTTP/1.1)
HTTP/1.1 200 OK
Content-Type: application/json; charset=utf-8
cache-control: no-cache
content-length: 18

19:01:53.472 [AsyncHttpClient-1-7] DEBUG org.asynchttpclient.netty.channel.ChannelManager - Adding key: http://localhost:50580 for channel [id: 0x96886ae6, L:/127.0.0.1:52589 - R:localhost/127.0.0.1:50580]
19:01:53.474 [Forwarding isElementEnabled on session 235f6e660404478b91b9761d38f96c28 to remote] DEBUG org.asynchttpclient.netty.request.NettyRequestSender - Using pooled Channel '[id: 0x96886ae6, L:/127.0.0.1:52589 - R:localhost/127.0.0.1:50580]' for 'GET' to 'http://localhost:50580/session/235f6e660404478b91b9761d38f96c28/element/fd6d0e1c-6e4b-4f6c-beb0-f3f5f0b4b440/enabled'
19:01:53.475 [Forwarding isElementEnabled on session 235f6e660404478b91b9761d38f96c28 to remote] DEBUG org.asynchttpclient.netty.request.NettyRequestSender - Using open Channel [id: 0x96886ae6, L:/127.0.0.1:52589 - R:localhost/127.0.0.1:50580] for GET '/session/235f6e660404478b91b9761d38f96c28/element/fd6d0e1c-6e4b-4f6c-beb0-f3f5f0b4b440/enabled'
19:01:53.491 [AsyncHttpClient-1-7] DEBUG org.asynchttpclient.netty.handler.HttpHandler - 

Request DefaultFullHttpRequest(decodeResult: success, version: HTTP/1.1, content: EmptyByteBufBE)
GET /session/235f6e660404478b91b9761d38f96c28/element/fd6d0e1c-6e4b-4f6c-beb0-f3f5f0b4b440/enabled HTTP/1.1
User-Agent: selenium/4.1.2 (java windows)
Cache-Control: no-cache
Content-Type: application/json; charset=utf-8
host: localhost:50580
accept: */*

Response DefaultHttpResponse(decodeResult: success, version: HTTP/1.1)
HTTP/1.1 200 OK
Content-Type: application/json; charset=utf-8
cache-control: no-cache
content-length: 14

19:01:53.491 [AsyncHttpClient-1-7] DEBUG org.asynchttpclient.netty.channel.ChannelManager - Adding key: http://localhost:50580 for channel [id: 0x96886ae6, L:/127.0.0.1:52589 - R:localhost/127.0.0.1:50580]
19:01:53.493 [Forwarding isElementEnabled on session 235f6e660404478b91b9761d38f96c28 to remote] DEBUG org.asynchttpclient.netty.request.NettyRequestSender - Using pooled Channel '[id: 0x96886ae6, L:/127.0.0.1:52589 - R:localhost/127.0.0.1:50580]' for 'GET' to 'http://localhost:50580/session/235f6e660404478b91b9761d38f96c28/element/fd6d0e1c-6e4b-4f6c-beb0-f3f5f0b4b440/enabled'
19:01:53.493 [Forwarding isElementEnabled on session 235f6e660404478b91b9761d38f96c28 to remote] DEBUG org.asynchttpclient.netty.request.NettyRequestSender - Using open Channel [id: 0x96886ae6, L:/127.0.0.1:52589 - R:localhost/127.0.0.1:50580] for GET '/session/235f6e660404478b91b9761d38f96c28/element/fd6d0e1c-6e4b-4f6c-beb0-f3f5f0b4b440/enabled'
19:01:53.497 [AsyncHttpClient-1-7] DEBUG org.asynchttpclient.netty.handler.HttpHandler - 

Request DefaultFullHttpRequest(decodeResult: success, version: HTTP/1.1, content: EmptyByteBufBE)
GET /session/235f6e660404478b91b9761d38f96c28/element/fd6d0e1c-6e4b-4f6c-beb0-f3f5f0b4b440/enabled HTTP/1.1
User-Agent: selenium/4.1.2 (java windows)
Cache-Control: no-cache
Content-Type: application/json; charset=utf-8
host: localhost:50580
accept: */*

Response DefaultHttpResponse(decodeResult: success, version: HTTP/1.1)
HTTP/1.1 200 OK
Content-Type: application/json; charset=utf-8
cache-control: no-cache
content-length: 14

19:01:53.497 [AsyncHttpClient-1-7] DEBUG org.asynchttpclient.netty.channel.ChannelManager - Adding key: http://localhost:50580 for channel [id: 0x96886ae6, L:/127.0.0.1:52589 - R:localhost/127.0.0.1:50580]
19:01:53.498 [Forwarding findElement on session 235f6e660404478b91b9761d38f96c28 to remote] DEBUG org.asynchttpclient.netty.request.NettyRequestSender - Using pooled Channel '[id: 0x96886ae6, L:/127.0.0.1:52589 - R:localhost/127.0.0.1:50580]' for 'POST' to 'http://localhost:50580/session/235f6e660404478b91b9761d38f96c28/element'
19:01:53.498 [Forwarding findElement on session 235f6e660404478b91b9761d38f96c28 to remote] DEBUG org.asynchttpclient.netty.request.NettyRequestSender - Using open Channel [id: 0x96886ae6, L:/127.0.0.1:52589 - R:localhost/127.0.0.1:50580] for POST '/session/235f6e660404478b91b9761d38f96c28/element'
19:01:53.514 [AsyncHttpClient-1-7] DEBUG org.asynchttpclient.netty.handler.HttpHandler - 

Request DefaultHttpRequest(decodeResult: success, version: HTTP/1.1)
POST /session/235f6e660404478b91b9761d38f96c28/element HTTP/1.1
User-Agent: selenium/4.1.2 (java windows)
Content-Length: 140
Content-Type: application/json; charset=utf-8
host: localhost:50580
accept: */*

Response DefaultHttpResponse(decodeResult: success, version: HTTP/1.1)
HTTP/1.1 200 OK
Content-Type: application/json; charset=utf-8
cache-control: no-cache
content-length: 88

19:01:53.514 [AsyncHttpClient-1-7] DEBUG org.asynchttpclient.netty.channel.ChannelManager - Adding key: http://localhost:50580 for channel [id: 0x96886ae6, L:/127.0.0.1:52589 - R:localhost/127.0.0.1:50580]
19:01:53.515 [Forwarding clickElement on session 235f6e660404478b91b9761d38f96c28 to remote] DEBUG org.asynchttpclient.netty.request.NettyRequestSender - Using pooled Channel '[id: 0x96886ae6, L:/127.0.0.1:52589 - R:localhost/127.0.0.1:50580]' for 'POST' to 'http://localhost:50580/session/235f6e660404478b91b9761d38f96c28/element/fd6d0e1c-6e4b-4f6c-beb0-f3f5f0b4b440/click'
19:01:53.515 [Forwarding clickElement on session 235f6e660404478b91b9761d38f96c28 to remote] DEBUG org.asynchttpclient.netty.request.NettyRequestSender - Using open Channel [id: 0x96886ae6, L:/127.0.0.1:52589 - R:localhost/127.0.0.1:50580] for POST '/session/235f6e660404478b91b9761d38f96c28/element/fd6d0e1c-6e4b-4f6c-beb0-f3f5f0b4b440/click'
19:01:53.632 [AsyncHttpClient-1-7] DEBUG org.asynchttpclient.netty.handler.HttpHandler - 

Request DefaultHttpRequest(decodeResult: success, version: HTTP/1.1)
POST /session/235f6e660404478b91b9761d38f96c28/element/fd6d0e1c-6e4b-4f6c-beb0-f3f5f0b4b440/click HTTP/1.1
User-Agent: selenium/4.1.2 (java windows)
Content-Length: 50
Content-Type: application/json; charset=utf-8
host: localhost:50580
accept: */*

Response DefaultHttpResponse(decodeResult: success, version: HTTP/1.1)
HTTP/1.1 200 OK
Content-Type: application/json; charset=utf-8
cache-control: no-cache
content-length: 14

19:01:53.632 [AsyncHttpClient-1-7] DEBUG org.asynchttpclient.netty.channel.ChannelManager - Adding key: http://localhost:50580 for channel [id: 0x96886ae6, L:/127.0.0.1:52589 - R:localhost/127.0.0.1:50580]
19:01:53.641 [Forwarding screenshot on session 235f6e660404478b91b9761d38f96c28 to remote] DEBUG org.asynchttpclient.netty.request.NettyRequestSender - Using pooled Channel '[id: 0x96886ae6, L:/127.0.0.1:52589 - R:localhost/127.0.0.1:50580]' for 'GET' to 'http://localhost:50580/session/235f6e660404478b91b9761d38f96c28/screenshot'
19:01:53.642 [Forwarding screenshot on session 235f6e660404478b91b9761d38f96c28 to remote] DEBUG org.asynchttpclient.netty.request.NettyRequestSender - Using open Channel [id: 0x96886ae6, L:/127.0.0.1:52589 - R:localhost/127.0.0.1:50580] for GET '/session/235f6e660404478b91b9761d38f96c28/screenshot'
19:01:53.812 [AsyncHttpClient-1-7] DEBUG org.asynchttpclient.netty.handler.HttpHandler - 

Request DefaultFullHttpRequest(decodeResult: success, version: HTTP/1.1, content: EmptyByteBufBE)
GET /session/235f6e660404478b91b9761d38f96c28/screenshot HTTP/1.1
User-Agent: selenium/4.1.2 (java windows)
Cache-Control: no-cache
Content-Type: application/json; charset=utf-8
host: localhost:50580
accept: */*

Response DefaultHttpResponse(decodeResult: success, version: HTTP/1.1)
HTTP/1.1 200 OK
Content-Type: application/json; charset=utf-8
cache-control: no-cache
content-length: 79984

19:01:53.813 [AsyncHttpClient-1-7] DEBUG org.asynchttpclient.netty.channel.ChannelManager - Adding key: http://localhost:50580 for channel [id: 0x96886ae6, L:/127.0.0.1:52589 - R:localhost/127.0.0.1:50580]
19:01:53.816 [main] DEBUG net.serenitybdd.core.photography.Darkroom - Send negative for processing for target\site\serenity\7ce80ebc48eeba57b12ba648ca24e3730f992571a55e354f836c12967a15021b.png
19:01:53.817 [main] DEBUG net.thucydides.core.steps.StepInterceptor - STEP DONE: clickBeliButton
  &amp#27;[32mAnd &amp#27;[0m&amp#27;[32mI click on Beli button on a product&amp#27;[0m       &amp#27;[90m# starter.stepdefinitions.OrderSteps.clickBeliButton()&amp#27;[0m
19:01:53.818 [Darkroom Processing Line] DEBUG net.serenitybdd.core.photography.DarkroomProcessingLine - Processing screenshot image in /var/screenshots/screenshot-17397472643323537697
19:01:53.818 [Darkroom Processing Line] DEBUG net.serenitybdd.core.photography.DarkroomProcessingLine - Saving screenshot to target\site\serenity\7ce80ebc48eeba57b12ba648ca24e3730f992571a55e354f836c12967a15021b.png
19:01:53.838 [main] DEBUG net.thucydides.core.steps.StepInterceptor - STARTING STEP: OrderSteps.clickCartIcon - clickCartIcon
19:01:53.843 [Forwarding findElement on session 235f6e660404478b91b9761d38f96c28 to remote] DEBUG org.asynchttpclient.netty.request.NettyRequestSender - Using pooled Channel '[id: 0x96886ae6, L:/127.0.0.1:52589 - R:localhost/127.0.0.1:50580]' for 'POST' to 'http://localhost:50580/session/235f6e660404478b91b9761d38f96c28/element'
19:01:53.843 [Forwarding findElement on session 235f6e660404478b91b9761d38f96c28 to remote] DEBUG org.asynchttpclient.netty.request.NettyRequestSender - Using open Channel [id: 0x96886ae6, L:/127.0.0.1:52589 - R:localhost/127.0.0.1:50580] for POST '/session/235f6e660404478b91b9761d38f96c28/element'
19:01:53.872 [AsyncHttpClient-1-7] DEBUG org.asynchttpclient.netty.handler.HttpHandler - 

Request DefaultHttpRequest(decodeResult: success, version: HTTP/1.1)
POST /session/235f6e660404478b91b9761d38f96c28/element HTTP/1.1
User-Agent: selenium/4.1.2 (java windows)
Content-Length: 112
Content-Type: application/json; charset=utf-8
host: localhost:50580
accept: */*

Response DefaultHttpResponse(decodeResult: success, version: HTTP/1.1)
HTTP/1.1 200 OK
Content-Type: application/json; charset=utf-8
cache-control: no-cache
content-length: 88

19:01:53.872 [AsyncHttpClient-1-7] DEBUG org.asynchttpclient.netty.channel.ChannelManager - Adding key: http://localhost:50580 for channel [id: 0x96886ae6, L:/127.0.0.1:52589 - R:localhost/127.0.0.1:50580]
19:01:53.874 [Forwarding getElementTagName on session 235f6e660404478b91b9761d38f96c28 to remote] DEBUG org.asynchttpclient.netty.request.NettyRequestSender - Using pooled Channel '[id: 0x96886ae6, L:/127.0.0.1:52589 - R:localhost/127.0.0.1:50580]' for 'GET' to 'http://localhost:50580/session/235f6e660404478b91b9761d38f96c28/element/238792ac-aca9-444a-b6ac-813434353eed/name'
19:01:53.874 [Forwarding getElementTagName on session 235f6e660404478b91b9761d38f96c28 to remote] DEBUG org.asynchttpclient.netty.request.NettyRequestSender - Using open Channel [id: 0x96886ae6, L:/127.0.0.1:52589 - R:localhost/127.0.0.1:50580] for GET '/session/235f6e660404478b91b9761d38f96c28/element/238792ac-aca9-444a-b6ac-813434353eed/name'
19:01:53.886 [AsyncHttpClient-1-7] DEBUG org.asynchttpclient.netty.handler.HttpHandler - 

Request DefaultFullHttpRequest(decodeResult: success, version: HTTP/1.1, content: EmptyByteBufBE)
GET /session/235f6e660404478b91b9761d38f96c28/element/238792ac-aca9-444a-b6ac-813434353eed/name HTTP/1.1
User-Agent: selenium/4.1.2 (java windows)
Cache-Control: no-cache
Content-Type: application/json; charset=utf-8
host: localhost:50580
accept: */*

Response DefaultHttpResponse(decodeResult: success, version: HTTP/1.1)
HTTP/1.1 200 OK
Content-Type: application/json; charset=utf-8
cache-control: no-cache
content-length: 13

19:01:53.886 [AsyncHttpClient-1-7] DEBUG org.asynchttpclient.netty.channel.ChannelManager - Adding key: http://localhost:50580 for channel [id: 0x96886ae6, L:/127.0.0.1:52589 - R:localhost/127.0.0.1:50580]
19:01:53.891 [Forwarding getElementTagName on session 235f6e660404478b91b9761d38f96c28 to remote] DEBUG org.asynchttpclient.netty.request.NettyRequestSender - Using pooled Channel '[id: 0x96886ae6, L:/127.0.0.1:52589 - R:localhost/127.0.0.1:50580]' for 'GET' to 'http://localhost:50580/session/235f6e660404478b91b9761d38f96c28/element/238792ac-aca9-444a-b6ac-813434353eed/name'
19:01:53.891 [Forwarding getElementTagName on session 235f6e660404478b91b9761d38f96c28 to remote] DEBUG org.asynchttpclient.netty.request.NettyRequestSender - Using open Channel [id: 0x96886ae6, L:/127.0.0.1:52589 - R:localhost/127.0.0.1:50580] for GET '/session/235f6e660404478b91b9761d38f96c28/element/238792ac-aca9-444a-b6ac-813434353eed/name'
19:01:53.906 [AsyncHttpClient-1-7] DEBUG org.asynchttpclient.netty.handler.HttpHandler - 

Request DefaultFullHttpRequest(decodeResult: success, version: HTTP/1.1, content: EmptyByteBufBE)
GET /session/235f6e660404478b91b9761d38f96c28/element/238792ac-aca9-444a-b6ac-813434353eed/name HTTP/1.1
User-Agent: selenium/4.1.2 (java windows)
Cache-Control: no-cache
Content-Type: application/json; charset=utf-8
host: localhost:50580
accept: */*

Response DefaultHttpResponse(decodeResult: success, version: HTTP/1.1)
HTTP/1.1 200 OK
Content-Type: application/json; charset=utf-8
cache-control: no-cache
content-length: 13

19:01:53.906 [AsyncHttpClient-1-7] DEBUG org.asynchttpclient.netty.channel.ChannelManager - Adding key: http://localhost:50580 for channel [id: 0x96886ae6, L:/127.0.0.1:52589 - R:localhost/127.0.0.1:50580]
19:01:53.909 [Forwarding findElement on session 235f6e660404478b91b9761d38f96c28 to remote] DEBUG org.asynchttpclient.netty.request.NettyRequestSender - Using pooled Channel '[id: 0x96886ae6, L:/127.0.0.1:52589 - R:localhost/127.0.0.1:50580]' for 'POST' to 'http://localhost:50580/session/235f6e660404478b91b9761d38f96c28/element'
19:01:53.909 [Forwarding findElement on session 235f6e660404478b91b9761d38f96c28 to remote] DEBUG org.asynchttpclient.netty.request.NettyRequestSender - Using open Channel [id: 0x96886ae6, L:/127.0.0.1:52589 - R:localhost/127.0.0.1:50580] for POST '/session/235f6e660404478b91b9761d38f96c28/element'
19:01:53.950 [AsyncHttpClient-1-7] DEBUG org.asynchttpclient.netty.handler.HttpHandler - 

Request DefaultHttpRequest(decodeResult: success, version: HTTP/1.1)
POST /session/235f6e660404478b91b9761d38f96c28/element HTTP/1.1
User-Agent: selenium/4.1.2 (java windows)
Content-Length: 112
Content-Type: application/json; charset=utf-8
host: localhost:50580
accept: */*

Response DefaultHttpResponse(decodeResult: success, version: HTTP/1.1)
HTTP/1.1 200 OK
Content-Type: application/json; charset=utf-8
cache-control: no-cache
content-length: 88

19:01:53.950 [AsyncHttpClient-1-7] DEBUG org.asynchttpclient.netty.channel.ChannelManager - Adding key: http://localhost:50580 for channel [id: 0x96886ae6, L:/127.0.0.1:52589 - R:localhost/127.0.0.1:50580]
19:01:53.952 [Forwarding clickElement on session 235f6e660404478b91b9761d38f96c28 to remote] DEBUG org.asynchttpclient.netty.request.NettyRequestSender - Using pooled Channel '[id: 0x96886ae6, L:/127.0.0.1:52589 - R:localhost/127.0.0.1:50580]' for 'POST' to 'http://localhost:50580/session/235f6e660404478b91b9761d38f96c28/element/238792ac-aca9-444a-b6ac-813434353eed/click'
19:01:53.952 [Forwarding clickElement on session 235f6e660404478b91b9761d38f96c28 to remote] DEBUG org.asynchttpclient.netty.request.NettyRequestSender - Using open Channel [id: 0x96886ae6, L:/127.0.0.1:52589 - R:localhost/127.0.0.1:50580] for POST '/session/235f6e660404478b91b9761d38f96c28/element/238792ac-aca9-444a-b6ac-813434353eed/click'
19:01:54.017 [AsyncHttpClient-1-7] DEBUG org.asynchttpclient.netty.handler.HttpHandler - 

Request DefaultHttpRequest(decodeResult: success, version: HTTP/1.1)
POST /session/235f6e660404478b91b9761d38f96c28/element/238792ac-aca9-444a-b6ac-813434353eed/click HTTP/1.1
User-Agent: selenium/4.1.2 (java windows)
Content-Length: 50
Content-Type: application/json; charset=utf-8
host: localhost:50580
accept: */*

Response DefaultHttpResponse(decodeResult: success, version: HTTP/1.1)
HTTP/1.1 200 OK
Content-Type: application/json; charset=utf-8
cache-control: no-cache
content-length: 14

19:01:54.017 [AsyncHttpClient-1-7] DEBUG org.asynchttpclient.netty.channel.ChannelManager - Adding key: http://localhost:50580 for channel [id: 0x96886ae6, L:/127.0.0.1:52589 - R:localhost/127.0.0.1:50580]
19:01:54.027 [Forwarding screenshot on session 235f6e660404478b91b9761d38f96c28 to remote] DEBUG org.asynchttpclient.netty.request.NettyRequestSender - Using pooled Channel '[id: 0x96886ae6, L:/127.0.0.1:52589 - R:localhost/127.0.0.1:50580]' for 'GET' to 'http://localhost:50580/session/235f6e660404478b91b9761d38f96c28/screenshot'
19:01:54.027 [Forwarding screenshot on session 235f6e660404478b91b9761d38f96c28 to remote] DEBUG org.asynchttpclient.netty.request.NettyRequestSender - Using open Channel [id: 0x96886ae6, L:/127.0.0.1:52589 - R:localhost/127.0.0.1:50580] for GET '/session/235f6e660404478b91b9761d38f96c28/screenshot'
19:01:54.393 [AsyncHttpClient-1-7] DEBUG org.asynchttpclient.netty.handler.HttpHandler - 

Request DefaultFullHttpRequest(decodeResult: success, version: HTTP/1.1, content: EmptyByteBufBE)
GET /session/235f6e660404478b91b9761d38f96c28/screenshot HTTP/1.1
User-Agent: selenium/4.1.2 (java windows)
Cache-Control: no-cache
Content-Type: application/json; charset=utf-8
host: localhost:50580
accept: */*

Response DefaultHttpResponse(decodeResult: success, version: HTTP/1.1)
HTTP/1.1 200 OK
Content-Type: application/json; charset=utf-8
cache-control: no-cache
content-length: 42956

19:01:54.394 [AsyncHttpClient-1-7] DEBUG org.asynchttpclient.netty.channel.ChannelManager - Adding key: http://localhost:50580 for channel [id: 0x96886ae6, L:/127.0.0.1:52589 - R:localhost/127.0.0.1:50580]
19:01:54.397 [main] DEBUG net.serenitybdd.core.photography.Darkroom - Send negative for processing for target\site\serenity\186b61834290f11ee7fc2646802c7a3446f3317e6ba3283adc15a63ee7373be7.png
19:01:54.397 [main] DEBUG net.thucydides.core.steps.StepInterceptor - STEP DONE: clickCartIcon
  &amp#27;[32mAnd &amp#27;[0m&amp#27;[32mI click on Cart button&amp#27;[0m                    &amp#27;[90m# starter.stepdefinitions.OrderSteps.clickCartIcon()&amp#27;[0m
19:01:54.398 [Darkroom Processing Line] DEBUG net.serenitybdd.core.photography.DarkroomProcessingLine - Processing screenshot image in /var/screenshots/screenshot-9799527403496154568
19:01:54.398 [Darkroom Processing Line] DEBUG net.serenitybdd.core.photography.DarkroomProcessingLine - Saving screenshot to target\site\serenity\186b61834290f11ee7fc2646802c7a3446f3317e6ba3283adc15a63ee7373be7.png
19:01:54.415 [main] DEBUG net.thucydides.core.steps.StepInterceptor - STARTING STEP: OrderSteps.clickReduceButton - clickReduceButton
19:01:54.420 [Forwarding findElement on session 235f6e660404478b91b9761d38f96c28 to remote] DEBUG org.asynchttpclient.netty.request.NettyRequestSender - Using pooled Channel '[id: 0x96886ae6, L:/127.0.0.1:52589 - R:localhost/127.0.0.1:50580]' for 'POST' to 'http://localhost:50580/session/235f6e660404478b91b9761d38f96c28/element'
19:01:54.421 [Forwarding findElement on session 235f6e660404478b91b9761d38f96c28 to remote] DEBUG org.asynchttpclient.netty.request.NettyRequestSender - Using open Channel [id: 0x96886ae6, L:/127.0.0.1:52589 - R:localhost/127.0.0.1:50580] for POST '/session/235f6e660404478b91b9761d38f96c28/element'
19:01:54.433 [AsyncHttpClient-1-7] DEBUG org.asynchttpclient.netty.handler.HttpHandler - 

Request DefaultHttpRequest(decodeResult: success, version: HTTP/1.1)
POST /session/235f6e660404478b91b9761d38f96c28/element HTTP/1.1
User-Agent: selenium/4.1.2 (java windows)
Content-Length: 136
Content-Type: application/json; charset=utf-8
host: localhost:50580
accept: */*

Response DefaultHttpResponse(decodeResult: success, version: HTTP/1.1)
HTTP/1.1 200 OK
Content-Type: application/json; charset=utf-8
cache-control: no-cache
content-length: 88

19:01:54.434 [AsyncHttpClient-1-7] DEBUG org.asynchttpclient.netty.channel.ChannelManager - Adding key: http://localhost:50580 for channel [id: 0x96886ae6, L:/127.0.0.1:52589 - R:localhost/127.0.0.1:50580]
19:01:54.435 [Forwarding getElementTagName on session 235f6e660404478b91b9761d38f96c28 to remote] DEBUG org.asynchttpclient.netty.request.NettyRequestSender - Using pooled Channel '[id: 0x96886ae6, L:/127.0.0.1:52589 - R:localhost/127.0.0.1:50580]' for 'GET' to 'http://localhost:50580/session/235f6e660404478b91b9761d38f96c28/element/cde61aef-3cbe-4a82-ad97-1c19cb00419c/name'
19:01:54.435 [Forwarding getElementTagName on session 235f6e660404478b91b9761d38f96c28 to remote] DEBUG org.asynchttpclient.netty.request.NettyRequestSender - Using open Channel [id: 0x96886ae6, L:/127.0.0.1:52589 - R:localhost/127.0.0.1:50580] for GET '/session/235f6e660404478b91b9761d38f96c28/element/cde61aef-3cbe-4a82-ad97-1c19cb00419c/name'
19:01:54.438 [AsyncHttpClient-1-7] DEBUG org.asynchttpclient.netty.handler.HttpHandler - 

Request DefaultFullHttpRequest(decodeResult: success, version: HTTP/1.1, content: EmptyByteBufBE)
GET /session/235f6e660404478b91b9761d38f96c28/element/cde61aef-3cbe-4a82-ad97-1c19cb00419c/name HTTP/1.1
User-Agent: selenium/4.1.2 (java windows)
Cache-Control: no-cache
Content-Type: application/json; charset=utf-8
host: localhost:50580
accept: */*

Response DefaultHttpResponse(decodeResult: success, version: HTTP/1.1)
HTTP/1.1 200 OK
Content-Type: application/json; charset=utf-8
cache-control: no-cache
content-length: 18

19:01:54.439 [AsyncHttpClient-1-7] DEBUG org.asynchttpclient.netty.channel.ChannelManager - Adding key: http://localhost:50580 for channel [id: 0x96886ae6, L:/127.0.0.1:52589 - R:localhost/127.0.0.1:50580]
19:01:54.441 [Forwarding getElementTagName on session 235f6e660404478b91b9761d38f96c28 to remote] DEBUG org.asynchttpclient.netty.request.NettyRequestSender - Using pooled Channel '[id: 0x96886ae6, L:/127.0.0.1:52589 - R:localhost/127.0.0.1:50580]' for 'GET' to 'http://localhost:50580/session/235f6e660404478b91b9761d38f96c28/element/cde61aef-3cbe-4a82-ad97-1c19cb00419c/name'
19:01:54.441 [Forwarding getElementTagName on session 235f6e660404478b91b9761d38f96c28 to remote] DEBUG org.asynchttpclient.netty.request.NettyRequestSender - Using open Channel [id: 0x96886ae6, L:/127.0.0.1:52589 - R:localhost/127.0.0.1:50580] for GET '/session/235f6e660404478b91b9761d38f96c28/element/cde61aef-3cbe-4a82-ad97-1c19cb00419c/name'
19:01:54.446 [AsyncHttpClient-1-7] DEBUG org.asynchttpclient.netty.handler.HttpHandler - 

Request DefaultFullHttpRequest(decodeResult: success, version: HTTP/1.1, content: EmptyByteBufBE)
GET /session/235f6e660404478b91b9761d38f96c28/element/cde61aef-3cbe-4a82-ad97-1c19cb00419c/name HTTP/1.1
User-Agent: selenium/4.1.2 (java windows)
Cache-Control: no-cache
Content-Type: application/json; charset=utf-8
host: localhost:50580
accept: */*

Response DefaultHttpResponse(decodeResult: success, version: HTTP/1.1)
HTTP/1.1 200 OK
Content-Type: application/json; charset=utf-8
cache-control: no-cache
content-length: 18

19:01:54.446 [AsyncHttpClient-1-7] DEBUG org.asynchttpclient.netty.channel.ChannelManager - Adding key: http://localhost:50580 for channel [id: 0x96886ae6, L:/127.0.0.1:52589 - R:localhost/127.0.0.1:50580]
19:01:54.448 [Forwarding isElementEnabled on session 235f6e660404478b91b9761d38f96c28 to remote] DEBUG org.asynchttpclient.netty.request.NettyRequestSender - Using pooled Channel '[id: 0x96886ae6, L:/127.0.0.1:52589 - R:localhost/127.0.0.1:50580]' for 'GET' to 'http://localhost:50580/session/235f6e660404478b91b9761d38f96c28/element/cde61aef-3cbe-4a82-ad97-1c19cb00419c/enabled'
19:01:54.448 [Forwarding isElementEnabled on session 235f6e660404478b91b9761d38f96c28 to remote] DEBUG org.asynchttpclient.netty.request.NettyRequestSender - Using open Channel [id: 0x96886ae6, L:/127.0.0.1:52589 - R:localhost/127.0.0.1:50580] for GET '/session/235f6e660404478b91b9761d38f96c28/element/cde61aef-3cbe-4a82-ad97-1c19cb00419c/enabled'
19:01:54.457 [AsyncHttpClient-1-7] DEBUG org.asynchttpclient.netty.handler.HttpHandler - 

Request DefaultFullHttpRequest(decodeResult: success, version: HTTP/1.1, content: EmptyByteBufBE)
GET /session/235f6e660404478b91b9761d38f96c28/element/cde61aef-3cbe-4a82-ad97-1c19cb00419c/enabled HTTP/1.1
User-Agent: selenium/4.1.2 (java windows)
Cache-Control: no-cache
Content-Type: application/json; charset=utf-8
host: localhost:50580
accept: */*

Response DefaultHttpResponse(decodeResult: success, version: HTTP/1.1)
HTTP/1.1 200 OK
Content-Type: application/json; charset=utf-8
cache-control: no-cache
content-length: 14

19:01:54.457 [AsyncHttpClient-1-7] DEBUG org.asynchttpclient.netty.channel.ChannelManager - Adding key: http://localhost:50580 for channel [id: 0x96886ae6, L:/127.0.0.1:52589 - R:localhost/127.0.0.1:50580]
19:01:54.459 [Forwarding isElementEnabled on session 235f6e660404478b91b9761d38f96c28 to remote] DEBUG org.asynchttpclient.netty.request.NettyRequestSender - Using pooled Channel '[id: 0x96886ae6, L:/127.0.0.1:52589 - R:localhost/127.0.0.1:50580]' for 'GET' to 'http://localhost:50580/session/235f6e660404478b91b9761d38f96c28/element/cde61aef-3cbe-4a82-ad97-1c19cb00419c/enabled'
19:01:54.459 [Forwarding isElementEnabled on session 235f6e660404478b91b9761d38f96c28 to remote] DEBUG org.asynchttpclient.netty.request.NettyRequestSender - Using open Channel [id: 0x96886ae6, L:/127.0.0.1:52589 - R:localhost/127.0.0.1:50580] for GET '/session/235f6e660404478b91b9761d38f96c28/element/cde61aef-3cbe-4a82-ad97-1c19cb00419c/enabled'
19:01:54.461 [AsyncHttpClient-1-1] DEBUG org.asynchttpclient.netty.channel.DefaultChannelPool - Entry count for : http://localhost:52590 : 1
19:01:54.463 [AsyncHttpClient-1-7] DEBUG org.asynchttpclient.netty.handler.HttpHandler - 

Request DefaultFullHttpRequest(decodeResult: success, version: HTTP/1.1, content: EmptyByteBufBE)
GET /session/235f6e660404478b91b9761d38f96c28/element/cde61aef-3cbe-4a82-ad97-1c19cb00419c/enabled HTTP/1.1
User-Agent: selenium/4.1.2 (java windows)
Cache-Control: no-cache
Content-Type: application/json; charset=utf-8
host: localhost:50580
accept: */*

Response DefaultHttpResponse(decodeResult: success, version: HTTP/1.1)
HTTP/1.1 200 OK
Content-Type: application/json; charset=utf-8
cache-control: no-cache
content-length: 14

19:01:54.463 [AsyncHttpClient-1-7] DEBUG org.asynchttpclient.netty.channel.ChannelManager - Adding key: http://localhost:50580 for channel [id: 0x96886ae6, L:/127.0.0.1:52589 - R:localhost/127.0.0.1:50580]
19:01:54.466 [Forwarding findElement on session 235f6e660404478b91b9761d38f96c28 to remote] DEBUG org.asynchttpclient.netty.request.NettyRequestSender - Using pooled Channel '[id: 0x96886ae6, L:/127.0.0.1:52589 - R:localhost/127.0.0.1:50580]' for 'POST' to 'http://localhost:50580/session/235f6e660404478b91b9761d38f96c28/element'
19:01:54.466 [Forwarding findElement on session 235f6e660404478b91b9761d38f96c28 to remote] DEBUG org.asynchttpclient.netty.request.NettyRequestSender - Using open Channel [id: 0x96886ae6, L:/127.0.0.1:52589 - R:localhost/127.0.0.1:50580] for POST '/session/235f6e660404478b91b9761d38f96c28/element'
19:01:54.471 [AsyncHttpClient-1-7] DEBUG org.asynchttpclient.netty.handler.HttpHandler - 

Request DefaultHttpRequest(decodeResult: success, version: HTTP/1.1)
POST /session/235f6e660404478b91b9761d38f96c28/element HTTP/1.1
User-Agent: selenium/4.1.2 (java windows)
Content-Length: 136
Content-Type: application/json; charset=utf-8
host: localhost:50580
accept: */*

Response DefaultHttpResponse(decodeResult: success, version: HTTP/1.1)
HTTP/1.1 200 OK
Content-Type: application/json; charset=utf-8
cache-control: no-cache
content-length: 88

19:01:54.472 [AsyncHttpClient-1-7] DEBUG org.asynchttpclient.netty.channel.ChannelManager - Adding key: http://localhost:50580 for channel [id: 0x96886ae6, L:/127.0.0.1:52589 - R:localhost/127.0.0.1:50580]
19:01:54.473 [Forwarding clickElement on session 235f6e660404478b91b9761d38f96c28 to remote] DEBUG org.asynchttpclient.netty.request.NettyRequestSender - Using pooled Channel '[id: 0x96886ae6, L:/127.0.0.1:52589 - R:localhost/127.0.0.1:50580]' for 'POST' to 'http://localhost:50580/session/235f6e660404478b91b9761d38f96c28/element/cde61aef-3cbe-4a82-ad97-1c19cb00419c/click'
19:01:54.473 [Forwarding clickElement on session 235f6e660404478b91b9761d38f96c28 to remote] DEBUG org.asynchttpclient.netty.request.NettyRequestSender - Using open Channel [id: 0x96886ae6, L:/127.0.0.1:52589 - R:localhost/127.0.0.1:50580] for POST '/session/235f6e660404478b91b9761d38f96c28/element/cde61aef-3cbe-4a82-ad97-1c19cb00419c/click'
19:01:54.525 [AsyncHttpClient-1-7] DEBUG org.asynchttpclient.netty.handler.HttpHandler - 

Request DefaultHttpRequest(decodeResult: success, version: HTTP/1.1)
POST /session/235f6e660404478b91b9761d38f96c28/element/cde61aef-3cbe-4a82-ad97-1c19cb00419c/click HTTP/1.1
User-Agent: selenium/4.1.2 (java windows)
Content-Length: 50
Content-Type: application/json; charset=utf-8
host: localhost:50580
accept: */*

Response DefaultHttpResponse(decodeResult: success, version: HTTP/1.1)
HTTP/1.1 200 OK
Content-Type: application/json; charset=utf-8
cache-control: no-cache
content-length: 14

19:01:54.525 [AsyncHttpClient-1-7] DEBUG org.asynchttpclient.netty.channel.ChannelManager - Adding key: http://localhost:50580 for channel [id: 0x96886ae6, L:/127.0.0.1:52589 - R:localhost/127.0.0.1:50580]
19:01:54.534 [Forwarding screenshot on session 235f6e660404478b91b9761d38f96c28 to remote] DEBUG org.asynchttpclient.netty.request.NettyRequestSender - Using pooled Channel '[id: 0x96886ae6, L:/127.0.0.1:52589 - R:localhost/127.0.0.1:50580]' for 'GET' to 'http://localhost:50580/session/235f6e660404478b91b9761d38f96c28/screenshot'
19:01:54.534 [Forwarding screenshot on session 235f6e660404478b91b9761d38f96c28 to remote] DEBUG org.asynchttpclient.netty.request.NettyRequestSender - Using open Channel [id: 0x96886ae6, L:/127.0.0.1:52589 - R:localhost/127.0.0.1:50580] for GET '/session/235f6e660404478b91b9761d38f96c28/screenshot'
19:01:54.692 [AsyncHttpClient-1-7] DEBUG org.asynchttpclient.netty.handler.HttpHandler - 

Request DefaultFullHttpRequest(decodeResult: success, version: HTTP/1.1, content: EmptyByteBufBE)
GET /session/235f6e660404478b91b9761d38f96c28/screenshot HTTP/1.1
User-Agent: selenium/4.1.2 (java windows)
Cache-Control: no-cache
Content-Type: application/json; charset=utf-8
host: localhost:50580
accept: */*

Response DefaultHttpResponse(decodeResult: success, version: HTTP/1.1)
HTTP/1.1 200 OK
Content-Type: application/json; charset=utf-8
cache-control: no-cache
content-length: 23788

19:01:54.693 [AsyncHttpClient-1-7] DEBUG org.asynchttpclient.netty.channel.ChannelManager - Adding key: http://localhost:50580 for channel [id: 0x96886ae6, L:/127.0.0.1:52589 - R:localhost/127.0.0.1:50580]
19:01:54.697 [main] DEBUG net.serenitybdd.core.photography.Darkroom - Send negative for processing for target\site\serenity\54da04a120e223526e4262bd38e2d48274a4d5e093e636e6f23760baf7415eb1.png
19:01:54.697 [main] DEBUG net.thucydides.core.steps.StepInterceptor - STEP DONE: clickReduceButton
  &amp#27;[32mAnd &amp#27;[0m&amp#27;[32mI click on reduce button&amp#27;[0m                  &amp#27;[90m# starter.stepdefinitions.OrderSteps.clickReduceButton()&amp#27;[0m
19:01:54.698 [Darkroom Processing Line] DEBUG net.serenitybdd.core.photography.DarkroomProcessingLine - Processing screenshot image in /var/screenshots/screenshot-586433720089748361
19:01:54.698 [Darkroom Processing Line] DEBUG net.serenitybdd.core.photography.DarkroomProcessingLine - Saving screenshot to target\site\serenity\54da04a120e223526e4262bd38e2d48274a4d5e093e636e6f23760baf7415eb1.png
19:01:54.714 [main] DEBUG net.thucydides.core.steps.StepInterceptor - STARTING STEP: OrderSteps.orderEmptyAlertShowed - orderEmptyAlertShowed
19:01:54.719 [Forwarding findElement on session 235f6e660404478b91b9761d38f96c28 to remote] DEBUG org.asynchttpclient.netty.request.NettyRequestSender - Using pooled Channel '[id: 0x96886ae6, L:/127.0.0.1:52589 - R:localhost/127.0.0.1:50580]' for 'POST' to 'http://localhost:50580/session/235f6e660404478b91b9761d38f96c28/element'
19:01:54.719 [Forwarding findElement on session 235f6e660404478b91b9761d38f96c28 to remote] DEBUG org.asynchttpclient.netty.request.NettyRequestSender - Using open Channel [id: 0x96886ae6, L:/127.0.0.1:52589 - R:localhost/127.0.0.1:50580] for POST '/session/235f6e660404478b91b9761d38f96c28/element'
19:01:54.733 [AsyncHttpClient-1-7] DEBUG org.asynchttpclient.netty.handler.HttpHandler - 

Request DefaultHttpRequest(decodeResult: success, version: HTTP/1.1)
POST /session/235f6e660404478b91b9761d38f96c28/element HTTP/1.1
User-Agent: selenium/4.1.2 (java windows)
Content-Length: 137
Content-Type: application/json; charset=utf-8
host: localhost:50580
accept: */*

Response DefaultHttpResponse(decodeResult: success, version: HTTP/1.1)
HTTP/1.1 200 OK
Content-Type: application/json; charset=utf-8
cache-control: no-cache
content-length: 88

19:01:54.733 [AsyncHttpClient-1-7] DEBUG org.asynchttpclient.netty.channel.ChannelManager - Adding key: http://localhost:50580 for channel [id: 0x96886ae6, L:/127.0.0.1:52589 - R:localhost/127.0.0.1:50580]
19:01:54.735 [Forwarding getElementTagName on session 235f6e660404478b91b9761d38f96c28 to remote] DEBUG org.asynchttpclient.netty.request.NettyRequestSender - Using pooled Channel '[id: 0x96886ae6, L:/127.0.0.1:52589 - R:localhost/127.0.0.1:50580]' for 'GET' to 'http://localhost:50580/session/235f6e660404478b91b9761d38f96c28/element/ab24304d-74f8-47d9-8ab3-6c183cd63baf/name'
19:01:54.735 [Forwarding getElementTagName on session 235f6e660404478b91b9761d38f96c28 to remote] DEBUG org.asynchttpclient.netty.request.NettyRequestSender - Using open Channel [id: 0x96886ae6, L:/127.0.0.1:52589 - R:localhost/127.0.0.1:50580] for GET '/session/235f6e660404478b91b9761d38f96c28/element/ab24304d-74f8-47d9-8ab3-6c183cd63baf/name'
19:01:54.740 [AsyncHttpClient-1-7] DEBUG org.asynchttpclient.netty.handler.HttpHandler - 

Request DefaultFullHttpRequest(decodeResult: success, version: HTTP/1.1, content: EmptyByteBufBE)
GET /session/235f6e660404478b91b9761d38f96c28/element/ab24304d-74f8-47d9-8ab3-6c183cd63baf/name HTTP/1.1
User-Agent: selenium/4.1.2 (java windows)
Cache-Control: no-cache
Content-Type: application/json; charset=utf-8
host: localhost:50580
accept: */*

Response DefaultHttpResponse(decodeResult: success, version: HTTP/1.1)
HTTP/1.1 200 OK
Content-Type: application/json; charset=utf-8
cache-control: no-cache
content-length: 15

19:01:54.740 [AsyncHttpClient-1-7] DEBUG org.asynchttpclient.netty.channel.ChannelManager - Adding key: http://localhost:50580 for channel [id: 0x96886ae6, L:/127.0.0.1:52589 - R:localhost/127.0.0.1:50580]
19:01:54.741 [Forwarding getElementTagName on session 235f6e660404478b91b9761d38f96c28 to remote] DEBUG org.asynchttpclient.netty.request.NettyRequestSender - Using pooled Channel '[id: 0x96886ae6, L:/127.0.0.1:52589 - R:localhost/127.0.0.1:50580]' for 'GET' to 'http://localhost:50580/session/235f6e660404478b91b9761d38f96c28/element/ab24304d-74f8-47d9-8ab3-6c183cd63baf/name'
19:01:54.741 [Forwarding getElementTagName on session 235f6e660404478b91b9761d38f96c28 to remote] DEBUG org.asynchttpclient.netty.request.NettyRequestSender - Using open Channel [id: 0x96886ae6, L:/127.0.0.1:52589 - R:localhost/127.0.0.1:50580] for GET '/session/235f6e660404478b91b9761d38f96c28/element/ab24304d-74f8-47d9-8ab3-6c183cd63baf/name'
19:01:54.745 [AsyncHttpClient-1-7] DEBUG org.asynchttpclient.netty.handler.HttpHandler - 

Request DefaultFullHttpRequest(decodeResult: success, version: HTTP/1.1, content: EmptyByteBufBE)
GET /session/235f6e660404478b91b9761d38f96c28/element/ab24304d-74f8-47d9-8ab3-6c183cd63baf/name HTTP/1.1
User-Agent: selenium/4.1.2 (java windows)
Cache-Control: no-cache
Content-Type: application/json; charset=utf-8
host: localhost:50580
accept: */*

Response DefaultHttpResponse(decodeResult: success, version: HTTP/1.1)
HTTP/1.1 200 OK
Content-Type: application/json; charset=utf-8
cache-control: no-cache
content-length: 15

19:01:54.745 [AsyncHttpClient-1-7] DEBUG org.asynchttpclient.netty.channel.ChannelManager - Adding key: http://localhost:50580 for channel [id: 0x96886ae6, L:/127.0.0.1:52589 - R:localhost/127.0.0.1:50580]
19:01:54.748 [Forwarding findElement on session 235f6e660404478b91b9761d38f96c28 to remote] DEBUG org.asynchttpclient.netty.request.NettyRequestSender - Using pooled Channel '[id: 0x96886ae6, L:/127.0.0.1:52589 - R:localhost/127.0.0.1:50580]' for 'POST' to 'http://localhost:50580/session/235f6e660404478b91b9761d38f96c28/element'
19:01:54.748 [Forwarding findElement on session 235f6e660404478b91b9761d38f96c28 to remote] DEBUG org.asynchttpclient.netty.request.NettyRequestSender - Using open Channel [id: 0x96886ae6, L:/127.0.0.1:52589 - R:localhost/127.0.0.1:50580] for POST '/session/235f6e660404478b91b9761d38f96c28/element'
19:01:54.754 [AsyncHttpClient-1-7] DEBUG org.asynchttpclient.netty.handler.HttpHandler - 

Request DefaultHttpRequest(decodeResult: success, version: HTTP/1.1)
POST /session/235f6e660404478b91b9761d38f96c28/element HTTP/1.1
User-Agent: selenium/4.1.2 (java windows)
Content-Length: 137
Content-Type: application/json; charset=utf-8
host: localhost:50580
accept: */*

Response DefaultHttpResponse(decodeResult: success, version: HTTP/1.1)
HTTP/1.1 200 OK
Content-Type: application/json; charset=utf-8
cache-control: no-cache
content-length: 88

19:01:54.755 [AsyncHttpClient-1-7] DEBUG org.asynchttpclient.netty.channel.ChannelManager - Adding key: http://localhost:50580 for channel [id: 0x96886ae6, L:/127.0.0.1:52589 - R:localhost/127.0.0.1:50580]
19:01:54.755 [Forwarding clickElement on session 235f6e660404478b91b9761d38f96c28 to remote] DEBUG org.asynchttpclient.netty.request.NettyRequestSender - Using pooled Channel '[id: 0x96886ae6, L:/127.0.0.1:52589 - R:localhost/127.0.0.1:50580]' for 'POST' to 'http://localhost:50580/session/235f6e660404478b91b9761d38f96c28/element/ab24304d-74f8-47d9-8ab3-6c183cd63baf/click'
19:01:54.756 [Forwarding clickElement on session 235f6e660404478b91b9761d38f96c28 to remote] DEBUG org.asynchttpclient.netty.request.NettyRequestSender - Using open Channel [id: 0x96886ae6, L:/127.0.0.1:52589 - R:localhost/127.0.0.1:50580] for POST '/session/235f6e660404478b91b9761d38f96c28/element/ab24304d-74f8-47d9-8ab3-6c183cd63baf/click'
19:01:54.794 [AsyncHttpClient-1-7] DEBUG org.asynchttpclient.netty.handler.HttpHandler - 

Request DefaultHttpRequest(decodeResult: success, version: HTTP/1.1)
POST /session/235f6e660404478b91b9761d38f96c28/element/ab24304d-74f8-47d9-8ab3-6c183cd63baf/click HTTP/1.1
User-Agent: selenium/4.1.2 (java windows)
Content-Length: 50
Content-Type: application/json; charset=utf-8
host: localhost:50580
accept: */*

Response DefaultHttpResponse(decodeResult: success, version: HTTP/1.1)
HTTP/1.1 200 OK
Content-Type: application/json; charset=utf-8
cache-control: no-cache
content-length: 14

19:01:54.794 [AsyncHttpClient-1-7] DEBUG org.asynchttpclient.netty.channel.ChannelManager - Adding key: http://localhost:50580 for channel [id: 0x96886ae6, L:/127.0.0.1:52589 - R:localhost/127.0.0.1:50580]
19:01:54.800 [Forwarding screenshot on session 235f6e660404478b91b9761d38f96c28 to remote] DEBUG org.asynchttpclient.netty.request.NettyRequestSender - Using pooled Channel '[id: 0x96886ae6, L:/127.0.0.1:52589 - R:localhost/127.0.0.1:50580]' for 'GET' to 'http://localhost:50580/session/235f6e660404478b91b9761d38f96c28/screenshot'
19:01:54.801 [Forwarding screenshot on session 235f6e660404478b91b9761d38f96c28 to remote] DEBUG org.asynchttpclient.netty.request.NettyRequestSender - Using open Channel [id: 0x96886ae6, L:/127.0.0.1:52589 - R:localhost/127.0.0.1:50580] for GET '/session/235f6e660404478b91b9761d38f96c28/screenshot'
19:01:54.924 [AsyncHttpClient-1-7] DEBUG org.asynchttpclient.netty.handler.HttpHandler - 

Request DefaultFullHttpRequest(decodeResult: success, version: HTTP/1.1, content: EmptyByteBufBE)
GET /session/235f6e660404478b91b9761d38f96c28/screenshot HTTP/1.1
User-Agent: selenium/4.1.2 (java windows)
Cache-Control: no-cache
Content-Type: application/json; charset=utf-8
host: localhost:50580
accept: */*

Response DefaultHttpResponse(decodeResult: success, version: HTTP/1.1)
HTTP/1.1 200 OK
Content-Type: application/json; charset=utf-8
cache-control: no-cache
content-length: 22280

19:01:54.924 [AsyncHttpClient-1-7] DEBUG org.asynchttpclient.netty.channel.ChannelManager - Adding key: http://localhost:50580 for channel [id: 0x96886ae6, L:/127.0.0.1:52589 - R:localhost/127.0.0.1:50580]
19:01:54.925 [main] DEBUG net.serenitybdd.core.photography.Darkroom - Send negative for processing for target\site\serenity\688028c389ed30df361fc7d150d055d2e2827eccd20e248333d223328d89b3c2.png
19:01:54.926 [main] DEBUG net.thucydides.core.steps.StepInterceptor - STEP DONE: orderEmptyAlertShowed
  &amp#27;[32mThen &amp#27;[0m&amp#27;[32mThe order is empty message showed&amp#27;[0m        &amp#27;[90m# starter.stepdefinitions.OrderSteps.orderEmptyAlertShowed()&amp#27;[0m
19:01:54.926 [Darkroom Processing Line] DEBUG net.serenitybdd.core.photography.DarkroomProcessingLine - Processing screenshot image in /var/screenshots/screenshot-11608542587309143059
19:01:54.926 [Darkroom Processing Line] DEBUG net.serenitybdd.core.photography.DarkroomProcessingLine - Saving screenshot to target\site\serenity\688028c389ed30df361fc7d150d055d2e2827eccd20e248333d223328d89b3c2.png
19:01:54.933 [main] INFO  - 
  _____   ___   ___   _____     ___     _     ___   ___   ___   ___  
 |_   _| | __| / __| |_   _|   | _ \   /_\   / __| / __| | __| |   \ 
   | |   | _|  \__ \   | |     |  _/  / _ \  \__ \ \__ \ | _|  | |) |
   |_|   |___| |___/   |_|     |_|   /_/ \_\ |___/ |___/ |___| |___/ 

Order and reduce the product quantity
----------------------------------------------------------------------
19:01:54.934 [AsyncHttpClient-1-9] DEBUG org.asynchttpclient.netty.handler.WebSocketHandler - Channel Closed: [id: 0x1a10a034, L:/127.0.0.1:52597 ! R:localhost/127.0.0.1:52590] with attribute NettyResponseFuture{currentRetry=5,
	isDone=1,
	isCancelled=0,
	asyncHandler=org.asynchttpclient.ws.WebSocketUpgradeHandler@6f5ffe1f,
	nettyRequest=org.asynchttpclient.netty.request.NettyRequest@64d100c3,
	future=java.util.concurrent.CompletableFuture@17aa549e[Completed normally],
	uri=ws://localhost:52590/devtools/browser/b6ce0f9e-0bf1-4902-b5af-679587cd286b,
	keepAlive=true,
	redirectCount=0,
	timeoutsHolder=null,
	inAuth=0,
	touch=1652875307429}
19:01:54.934 [AsyncHttpClient-1-9] DEBUG org.asynchttpclient.netty.channel.ChannelManager - Closing Channel [id: 0x1a10a034, L:/127.0.0.1:52597 ! R:localhost/127.0.0.1:52590] 
19:01:54.935 [Driver Command Executor] DEBUG org.asynchttpclient.netty.request.NettyRequestSender - Using pooled Channel '[id: 0x96886ae6, L:/127.0.0.1:52589 - R:localhost/127.0.0.1:50580]' for 'DELETE' to 'http://localhost:50580/session/235f6e660404478b91b9761d38f96c28'
19:01:54.935 [Driver Command Executor] DEBUG org.asynchttpclient.netty.request.NettyRequestSender - Using open Channel [id: 0x96886ae6, L:/127.0.0.1:52589 - R:localhost/127.0.0.1:50580] for DELETE '/session/235f6e660404478b91b9761d38f96c28'
19:01:54.974 [AsyncHttpClient-1-8] DEBUG org.asynchttpclient.netty.handler.HttpHandler - Unexpected I/O exception on channel [id: 0xeb438022, L:/127.0.0.1:52596 - R:localhost/127.0.0.1:52590]
java.io.IOException: An existing connection was forcibly closed by the remote host
	at java.base/sun.nio.ch.SocketDispatcher.read0(Native Method)
	at java.base/sun.nio.ch.SocketDispatcher.read(SocketDispatcher.java:43)
	at java.base/sun.nio.ch.IOUtil.readIntoNativeBuffer(IOUtil.java:276)
	at java.base/sun.nio.ch.IOUtil.read(IOUtil.java:233)
	at java.base/sun.nio.ch.IOUtil.read(IOUtil.java:223)
	at java.base/sun.nio.ch.SocketChannelImpl.read(SocketChannelImpl.java:358)
	at io.netty.buffer.PooledByteBuf.setBytes(PooledByteBuf.java:258)
	at io.netty.buffer.AbstractByteBuf.writeBytes(AbstractByteBuf.java:1132)
	at io.netty.channel.socket.nio.NioSocketChannel.doReadBytes(NioSocketChannel.java:350)
	at io.netty.channel.nio.AbstractNioByteChannel$NioByteUnsafe.read(AbstractNioByteChannel.java:151)
	at io.netty.channel.nio.NioEventLoop.processSelectedKey(NioEventLoop.java:722)
	at io.netty.channel.nio.NioEventLoop.processSelectedKeysOptimized(NioEventLoop.java:658)
	at io.netty.channel.nio.NioEventLoop.processSelectedKeys(NioEventLoop.java:584)
	at io.netty.channel.nio.NioEventLoop.run(NioEventLoop.java:496)
	at io.netty.util.concurrent.SingleThreadEventExecutor$4.run(SingleThreadEventExecutor.java:986)
	at io.netty.util.internal.ThreadExecutorMap$2.run(ThreadExecutorMap.java:74)
	at io.netty.util.concurrent.FastThreadLocalRunnable.run(FastThreadLocalRunnable.java:30)
	at java.base/java.lang.Thread.run(Thread.java:834)
19:01:54.974 [AsyncHttpClient-1-8] DEBUG org.asynchttpclient.netty.channel.ChannelManager - Closing Channel [id: 0xeb438022, L:/127.0.0.1:52596 - R:localhost/127.0.0.1:52590] 
19:01:54.974 [AsyncHttpClient-1-8] DEBUG org.asynchttpclient.netty.handler.HttpHandler - Channel Closed: [id: 0xeb438022, L:/127.0.0.1:52596 ! R:localhost/127.0.0.1:52590] with attribute DISCARD
19:01:54.997 [AsyncHttpClient-1-7] DEBUG org.asynchttpclient.netty.handler.HttpHandler - 

Request DefaultFullHttpRequest(decodeResult: success, version: HTTP/1.1, content: EmptyByteBufBE)
DELETE /session/235f6e660404478b91b9761d38f96c28 HTTP/1.1
User-Agent: selenium/4.1.2 (java windows)
Content-Type: application/json; charset=utf-8
host: localhost:50580
accept: */*

Response DefaultHttpResponse(decodeResult: success, version: HTTP/1.1)
HTTP/1.1 200 OK
Content-Type: application/json; charset=utf-8
cache-control: no-cache
content-length: 14

19:01:54.998 [AsyncHttpClient-1-7] DEBUG org.asynchttpclient.netty.channel.ChannelManager - Adding key: http://localhost:50580 for channel [id: 0x96886ae6, L:/127.0.0.1:52589 - R:localhost/127.0.0.1:50580]
19:01:55.175 [AsyncHttpClient-1-7] DEBUG org.asynchttpclient.netty.handler.HttpHandler - Channel Closed: [id: 0x96886ae6, L:/127.0.0.1:52589 ! R:localhost/127.0.0.1:50580] with attribute DISCARD
19:01:55.560 [AsyncHttpClient-1-1] DEBUG org.asynchttpclient.netty.channel.DefaultChannelPool - Entry count for : http://localhost:52590 : 1
19:01:55.561 [AsyncHttpClient-1-1] DEBUG org.asynchttpclient.netty.channel.DefaultChannelPool - Entry count for : http://localhost:50580 : 1
19:01:55.561 [AsyncHttpClient-1-1] DEBUG org.asynchttpclient.netty.channel.DefaultChannelPool - Adding Candidate expired Channel [id: 0xeb438022, L:/127.0.0.1:52596 ! R:localhost/127.0.0.1:52590] isIdleTimeoutExpired=false isRemotelyClosed=true isTtlExpired=false
19:01:55.561 [AsyncHttpClient-1-1] DEBUG org.asynchttpclient.netty.channel.DefaultChannelPool - Closing Idle Channel [id: 0xeb438022, L:/127.0.0.1:52596 ! R:localhost/127.0.0.1:52590]
19:01:55.561 [AsyncHttpClient-1-1] DEBUG org.asynchttpclient.netty.channel.DefaultChannelPool - Adding Candidate expired Channel [id: 0x96886ae6, L:/127.0.0.1:52589 ! R:localhost/127.0.0.1:50580] isIdleTimeoutExpired=false isRemotelyClosed=true isTtlExpired=false
19:01:55.561 [AsyncHttpClient-1-1] DEBUG org.asynchttpclient.netty.channel.DefaultChannelPool - Closing Idle Channel [id: 0x96886ae6, L:/127.0.0.1:52589 ! R:localhost/127.0.0.1:50580]
19:01:55.561 [AsyncHttpClient-1-1] DEBUG org.asynchttpclient.netty.channel.DefaultChannelPool - Closed 2 connections out of 2 in 0 ms
]]></system-out>
    <system-err><![CDATA[Starting ChromeDriver 101.0.4951.41 (93c720db8323b3ec10d056025ab95c23a31997c9-refs/branch-heads/4951@{#904}) on port 50580
Only local connections are allowed.
Please see https://chromedriver.chromium.org/security-considerations for suggestions on keeping ChromeDriver safe.
ChromeDriver was started successfully.
May 18, 2022 7:01:47 PM org.openqa.selenium.remote.ProtocolHandshake createSession
INFO: Detected dialect: W3C
May 18, 2022 7:01:47 PM org.openqa.selenium.devtools.CdpVersionFinder findNearestMatch
WARNING: Unable to find an exact match for CDP version 101, so returning the closest version found: 97
May 18, 2022 7:01:47 PM org.openqa.selenium.devtools.CdpVersionFinder findNearestMatch
INFO: Found CDP implementation for version 101 of 97
]]></system-err>
  </testcase>
  <testcase name="Logout an account" classname="Ratings" time="15.604">
    <error type="net.thucydides.core.webdriver.exceptions.ElementShouldBeEnabledException"><![CDATA[net.thucydides.core.webdriver.exceptions.ElementShouldBeEnabledException: Expected enabled element was not enabled
Caused by: org.openqa.selenium.TimeoutException: Expected condition failed: waiting for By.xpath: //*[@id="1577"]/div/div[3]/div[2]/button[1] to be enabled (tried for 5 second(s) with 100 milliseconds interval)
Caused by: org.openqa.selenium.NoSuchElementException: 
no such element: Unable to locate element: {"method":"xpath","selector":"//*[@id="1577"]/div/div[3]/div[2]/button[1]"}
  (Session info: chrome=101.0.4951.67)
For documentation on this error, please visit: https://selenium.dev/exceptions/#no_such_element
Build info: version: '4.1.2', revision: '9a5a329c5a'
System info: host: 'LAPTOP-C9HMLVEQ', ip: '169.254.156.178', os.name: 'Windows 10', os.arch: 'amd64', os.version: '10.0', java.version: '11.0.13'
Driver info: org.openqa.selenium.chrome.ChromeDriver
Command: [5e23f3b767f33a4f0e539e336a8f1681, findElement {using=xpath, value=//*[@id="1577"]/div/div[3]/div[2]/button[1]}]
Capabilities {acceptInsecureCerts: false, browserName: chrome, browserVersion: 101.0.4951.67, chrome: {chromedriverVersion: 101.0.4951.41 (93c720db8323..., userDataDir: C:\Users\saral\AppData\Loca...}, goog:chromeOptions: {debuggerAddress: localhost:52628}, javascriptEnabled: true, networkConnectionEnabled: false, pageLoadStrategy: normal, platform: WINDOWS, platformName: WINDOWS, proxy: Proxy(), se:cdp: ws://localhost:52628/devtoo..., se:cdpVersion: 101.0.4951.67, setWindowRect: true, strictFileInteractability: false, timeouts: {implicit: 0, pageLoad: 300000, script: 30000}, unhandledPromptBehavior: dismiss and notify, webauthn:extension:credBlob: true, webauthn:extension:largeBlob: true, webauthn:virtualAuthenticators: true}
Session ID: 5e23f3b767f33a4f0e539e336a8f1681
]]></error>
    <system-out><![CDATA[19:01:55.703 [main] INFO io.cucumber.core.plugin.SerenityReporter - Running feature from file:///D:/Intern/MSIB%20Alterra/alterra-mini-project/serenity-web-ui-test/src/test/resources/features/Rating.feature
19:01:55.705 [main] DEBUG net.thucydides.core.steps.StepEventBus - Test suite started for story net.thucydides.core.model.Story@6f9be80f
19:01:55.705 [main] INFO  - Test Suite Started: Ratings

Scenario: Logout an account                         &amp#27;[90m# src/test/resources/features/Rating.feature:3&amp#27;[0m
19:01:55.718 [main] INFO io.cucumber.core.plugin.SerenityReporter - Running feature from file:///D:/Intern/MSIB%20Alterra/alterra-mini-project/serenity-web-ui-test/src/test/resources/features/Rating.feature
19:01:55.719 [main] INFO  - 
  _____   ___   ___   _____     ___   _____     _     ___   _____   ___   ___  
 |_   _| | __| / __| |_   _|   / __| |_   _|   /_\   | _ \ |_   _| | __| |   \ 
   | |   | _|  \__ \   | |     \__ \   | |    / _ \  |   /   | |   | _|  | |) |
   |_|   |___| |___/   |_|     |___/   |_|   /_/ \_\ |_|_\   |_|   |___| |___/ 

Logout an account(ratings;logout-an-account)
--------------------------------------------------------------------------------
19:01:55.816 [main] DEBUG net.thucydides.core.steps.StepInterceptor - STARTING STEP: RatingSteps.onTheLoginPage - loginPage
19:01:55.816 [main] INFO net.serenitybdd.core.webdriver.driverproviders.ChromeDriverProvider - Using automatically driver download
19:01:55.938 [main] DEBUG io.github.bonigarcia.wdm.cache.ResolutionCache - Resolution chrome=101 in cache (valid until 20:00:39 18/05/2022 ICT)
19:01:55.941 [main] DEBUG io.github.bonigarcia.wdm.cache.ResolutionCache - Resolution chrome101=101.0.4951.41 in cache (valid until 19:00:39 19/05/2022 ICT)
19:01:55.944 [main] INFO io.github.bonigarcia.wdm.WebDriverManager - Using chromedriver 101.0.4951.41 (resolved driver for Chrome 101)
19:01:55.954 [main] DEBUG io.github.bonigarcia.wdm.WebDriverManager - Driver chromedriver 101.0.4951.41 found in cache
19:01:55.956 [main] INFO io.github.bonigarcia.wdm.WebDriverManager - Exporting webdriver.chrome.driver as C:\Users\saral\.cache\selenium\chromedriver\win32\101.0.4951.41\chromedriver.exe
19:01:56.071 [main] DEBUG net.serenitybdd.core.webdriver.driverproviders.ProvideNewDriver - Instantiating driver
19:01:56.071 [main] DEBUG net.serenitybdd.core.webdriver.driverproviders.ProvideNewDriver - Driver capabilities: Capabilities {acceptInsecureCerts: false, base.url: https://qa.alta.id/, browserName: chrome, chrome.driver: src/main/resources/webdrive..., driver: chrome, goog:chromeOptions: {args: [], extensions: []}}
19:01:56.618 [AsyncHttpClient-1-10] DEBUG org.asynchttpclient.netty.channel.NettyConnectListener - Using new Channel '[id: 0xc2d73b89, L:/127.0.0.1:52625 - R:localhost/127.0.0.1:49382]' for 'POST' to '/session'
19:01:57.562 [AsyncHttpClient-1-10] DEBUG org.asynchttpclient.netty.handler.HttpHandler - 

Request DefaultHttpRequest(decodeResult: success, version: HTTP/1.1)
POST /session HTTP/1.1
User-Agent: selenium/4.1.2 (java windows)
Content-Length: 605
Content-Type: application/json; charset=utf-8
host: localhost:49382
accept: */*

Response DefaultHttpResponse(decodeResult: success, version: HTTP/1.1)
HTTP/1.1 200 OK
Content-Type: application/json; charset=utf-8
cache-control: no-cache
content-length: 790

19:01:57.562 [AsyncHttpClient-1-10] DEBUG org.asynchttpclient.netty.channel.ChannelManager - Adding key: http://localhost:49382 for channel [id: 0xc2d73b89, L:/127.0.0.1:52625 - R:localhost/127.0.0.1:49382]
19:01:57.568 [AsyncHttpClient-1-11] DEBUG org.asynchttpclient.netty.channel.NettyConnectListener - Using new Channel '[id: 0x2bfdc703, L:/127.0.0.1:52634 - R:localhost/127.0.0.1:52628]' for 'GET' to '/json/version'
19:01:57.568 [AsyncHttpClient-1-11] DEBUG org.asynchttpclient.netty.handler.HttpHandler - 

Request DefaultFullHttpRequest(decodeResult: success, version: HTTP/1.1, content: EmptyByteBufBE)
GET /json/version HTTP/1.1
User-Agent: selenium/4.1.2 (java windows)
host: localhost:52628
accept: */*

Response DefaultHttpResponse(decodeResult: success, version: HTTP/1.1)
HTTP/1.1 200 OK
Content-Type: application/json; charset=UTF-8
content-length: 427

19:01:57.568 [AsyncHttpClient-1-11] DEBUG org.asynchttpclient.netty.channel.ChannelManager - Adding key: http://localhost:52628 for channel [id: 0x2bfdc703, L:/127.0.0.1:52634 - R:localhost/127.0.0.1:52628]
19:01:57.570 [AsyncHttpClient-1-12] DEBUG org.asynchttpclient.netty.channel.NettyConnectListener - Using new Channel '[id: 0xa834c63f, L:/127.0.0.1:52635 - R:localhost/127.0.0.1:52628]' for 'GET' to '/devtools/browser/41323183-1a89-4ff6-b05c-12c767463748'
19:01:57.571 [AsyncHttpClient-1-12] DEBUG org.asynchttpclient.netty.handler.WebSocketHandler - 

Request DefaultFullHttpRequest(decodeResult: success, version: HTTP/1.1, content: EmptyByteBufBE)
GET /devtools/browser/41323183-1a89-4ff6-b05c-12c767463748 HTTP/1.1
upgrade: websocket
connection: upgrade
sec-websocket-key: n4xvDrzOVTOdCfqa8QLQyw==
sec-websocket-version: 13
origin: http://localhost:52628
host: localhost:52628
accept: */*
user-agent: AHC/2.1

Response DefaultHttpResponse(decodeResult: success, version: HTTP/1.1)
HTTP/1.1 101 WebSocket Protocol Handshake
Upgrade: WebSocket
Connection: Upgrade
Sec-WebSocket-Accept: FcCEg9M9klNy6wnvJKixxgELJkk=

19:01:57.575 [Forwarding get on session 5e23f3b767f33a4f0e539e336a8f1681 to remote] DEBUG org.asynchttpclient.netty.request.NettyRequestSender - Using pooled Channel '[id: 0xc2d73b89, L:/127.0.0.1:52625 - R:localhost/127.0.0.1:49382]' for 'POST' to 'http://localhost:49382/session/5e23f3b767f33a4f0e539e336a8f1681/url'
19:01:57.575 [Forwarding get on session 5e23f3b767f33a4f0e539e336a8f1681 to remote] DEBUG org.asynchttpclient.netty.request.NettyRequestSender - Using open Channel [id: 0xc2d73b89, L:/127.0.0.1:52625 - R:localhost/127.0.0.1:49382] for POST '/session/5e23f3b767f33a4f0e539e336a8f1681/url'
19:01:57.761 [AsyncHttpClient-1-1] DEBUG org.asynchttpclient.netty.channel.DefaultChannelPool - Entry count for : http://localhost:52628 : 1
19:01:58.870 [AsyncHttpClient-1-1] DEBUG org.asynchttpclient.netty.channel.DefaultChannelPool - Entry count for : http://localhost:52628 : 1
19:01:58.925 [AsyncHttpClient-1-10] DEBUG org.asynchttpclient.netty.handler.HttpHandler - 

Request DefaultHttpRequest(decodeResult: success, version: HTTP/1.1)
POST /session/5e23f3b767f33a4f0e539e336a8f1681/url HTTP/1.1
User-Agent: selenium/4.1.2 (java windows)
Content-Length: 64
Content-Type: application/json; charset=utf-8
host: localhost:49382
accept: */*

Response DefaultHttpResponse(decodeResult: success, version: HTTP/1.1)
HTTP/1.1 200 OK
Content-Type: application/json; charset=utf-8
cache-control: no-cache
content-length: 14

19:01:58.925 [AsyncHttpClient-1-10] DEBUG org.asynchttpclient.netty.channel.ChannelManager - Adding key: http://localhost:49382 for channel [id: 0xc2d73b89, L:/127.0.0.1:52625 - R:localhost/127.0.0.1:49382]
19:01:58.927 [Forwarding setTimeout on session 5e23f3b767f33a4f0e539e336a8f1681 to remote] DEBUG org.asynchttpclient.netty.request.NettyRequestSender - Using pooled Channel '[id: 0xc2d73b89, L:/127.0.0.1:52625 - R:localhost/127.0.0.1:49382]' for 'POST' to 'http://localhost:49382/session/5e23f3b767f33a4f0e539e336a8f1681/timeouts'
19:01:58.927 [Forwarding setTimeout on session 5e23f3b767f33a4f0e539e336a8f1681 to remote] DEBUG org.asynchttpclient.netty.request.NettyRequestSender - Using open Channel [id: 0xc2d73b89, L:/127.0.0.1:52625 - R:localhost/127.0.0.1:49382] for POST '/session/5e23f3b767f33a4f0e539e336a8f1681/timeouts'
19:01:58.927 [AsyncHttpClient-1-10] DEBUG org.asynchttpclient.netty.handler.HttpHandler - 

Request DefaultHttpRequest(decodeResult: success, version: HTTP/1.1)
POST /session/5e23f3b767f33a4f0e539e336a8f1681/timeouts HTTP/1.1
User-Agent: selenium/4.1.2 (java windows)
Content-Length: 22
Content-Type: application/json; charset=utf-8
host: localhost:49382
accept: */*

Response DefaultHttpResponse(decodeResult: success, version: HTTP/1.1)
HTTP/1.1 200 OK
Content-Type: application/json; charset=utf-8
cache-control: no-cache
content-length: 14

19:01:58.927 [AsyncHttpClient-1-10] DEBUG org.asynchttpclient.netty.channel.ChannelManager - Adding key: http://localhost:49382 for channel [id: 0xc2d73b89, L:/127.0.0.1:52625 - R:localhost/127.0.0.1:49382]
19:01:58.929 [Forwarding getCurrentUrl on session 5e23f3b767f33a4f0e539e336a8f1681 to remote] DEBUG org.asynchttpclient.netty.request.NettyRequestSender - Using pooled Channel '[id: 0xc2d73b89, L:/127.0.0.1:52625 - R:localhost/127.0.0.1:49382]' for 'GET' to 'http://localhost:49382/session/5e23f3b767f33a4f0e539e336a8f1681/url'
19:01:58.929 [Forwarding getCurrentUrl on session 5e23f3b767f33a4f0e539e336a8f1681 to remote] DEBUG org.asynchttpclient.netty.request.NettyRequestSender - Using open Channel [id: 0xc2d73b89, L:/127.0.0.1:52625 - R:localhost/127.0.0.1:49382] for GET '/session/5e23f3b767f33a4f0e539e336a8f1681/url'
19:01:58.936 [AsyncHttpClient-1-10] DEBUG org.asynchttpclient.netty.handler.HttpHandler - 

Request DefaultFullHttpRequest(decodeResult: success, version: HTTP/1.1, content: EmptyByteBufBE)
GET /session/5e23f3b767f33a4f0e539e336a8f1681/url HTTP/1.1
User-Agent: selenium/4.1.2 (java windows)
Cache-Control: no-cache
Content-Type: application/json; charset=utf-8
host: localhost:49382
accept: */*

Response DefaultHttpResponse(decodeResult: success, version: HTTP/1.1)
HTTP/1.1 200 OK
Content-Type: application/json; charset=utf-8
cache-control: no-cache
content-length: 41

19:01:58.936 [AsyncHttpClient-1-10] DEBUG org.asynchttpclient.netty.channel.ChannelManager - Adding key: http://localhost:49382 for channel [id: 0xc2d73b89, L:/127.0.0.1:52625 - R:localhost/127.0.0.1:49382]
19:01:58.943 [main] DEBUG net.serenitybdd.core.photography.Darkroom - Opening darkroom
19:01:58.944 [Darkroom Processing Line] DEBUG net.serenitybdd.core.photography.DarkroomProcessingLine - Darkroom processing line starting up
19:01:58.944 [Forwarding screenshot on session 5e23f3b767f33a4f0e539e336a8f1681 to remote] DEBUG org.asynchttpclient.netty.request.NettyRequestSender - Using pooled Channel '[id: 0xc2d73b89, L:/127.0.0.1:52625 - R:localhost/127.0.0.1:49382]' for 'GET' to 'http://localhost:49382/session/5e23f3b767f33a4f0e539e336a8f1681/screenshot'
19:01:58.944 [Forwarding screenshot on session 5e23f3b767f33a4f0e539e336a8f1681 to remote] DEBUG org.asynchttpclient.netty.request.NettyRequestSender - Using open Channel [id: 0xc2d73b89, L:/127.0.0.1:52625 - R:localhost/127.0.0.1:49382] for GET '/session/5e23f3b767f33a4f0e539e336a8f1681/screenshot'
19:01:59.061 [AsyncHttpClient-1-10] DEBUG org.asynchttpclient.netty.handler.HttpHandler - 

Request DefaultFullHttpRequest(decodeResult: success, version: HTTP/1.1, content: EmptyByteBufBE)
GET /session/5e23f3b767f33a4f0e539e336a8f1681/screenshot HTTP/1.1
User-Agent: selenium/4.1.2 (java windows)
Cache-Control: no-cache
Content-Type: application/json; charset=utf-8
host: localhost:49382
accept: */*

Response DefaultHttpResponse(decodeResult: success, version: HTTP/1.1)
HTTP/1.1 200 OK
Content-Type: application/json; charset=utf-8
cache-control: no-cache
content-length: 32192

19:01:59.062 [AsyncHttpClient-1-10] DEBUG org.asynchttpclient.netty.channel.ChannelManager - Adding key: http://localhost:49382 for channel [id: 0xc2d73b89, L:/127.0.0.1:52625 - R:localhost/127.0.0.1:49382]
19:01:59.063 [main] DEBUG net.serenitybdd.core.photography.Darkroom - Send negative for processing for target\site\serenity\4d98329a65403fb35239499910819cdb6d3d71d823e551da367b9fc52c2ec142.png
19:01:59.063 [main] DEBUG net.thucydides.core.steps.StepInterceptor - STEP DONE: loginPage
19:01:59.067 [main] DEBUG net.thucydides.core.steps.StepInterceptor - STARTING STEP: RatingSteps.onTheLoginPage - validateOnLoginPage
19:01:59.069 [Forwarding findElement on session 5e23f3b767f33a4f0e539e336a8f1681 to remote] DEBUG org.asynchttpclient.netty.request.NettyRequestSender - Using pooled Channel '[id: 0xc2d73b89, L:/127.0.0.1:52625 - R:localhost/127.0.0.1:49382]' for 'POST' to 'http://localhost:49382/session/5e23f3b767f33a4f0e539e336a8f1681/element'
19:01:59.069 [Forwarding findElement on session 5e23f3b767f33a4f0e539e336a8f1681 to remote] DEBUG org.asynchttpclient.netty.request.NettyRequestSender - Using open Channel [id: 0xc2d73b89, L:/127.0.0.1:52625 - R:localhost/127.0.0.1:49382] for POST '/session/5e23f3b767f33a4f0e539e336a8f1681/element'
19:01:59.081 [AsyncHttpClient-1-10] DEBUG org.asynchttpclient.netty.handler.HttpHandler - 

Request DefaultHttpRequest(decodeResult: success, version: HTTP/1.1)
POST /session/5e23f3b767f33a4f0e539e336a8f1681/element HTTP/1.1
User-Agent: selenium/4.1.2 (java windows)
Content-Length: 155
Content-Type: application/json; charset=utf-8
host: localhost:49382
accept: */*

Response DefaultHttpResponse(decodeResult: success, version: HTTP/1.1)
HTTP/1.1 200 OK
Content-Type: application/json; charset=utf-8
cache-control: no-cache
content-length: 88

19:01:59.081 [AsyncHttpClient-1-10] DEBUG org.asynchttpclient.netty.channel.ChannelManager - Adding key: http://localhost:49382 for channel [id: 0xc2d73b89, L:/127.0.0.1:52625 - R:localhost/127.0.0.1:49382]
19:01:59.084 [Forwarding isElementDisplayed on session 5e23f3b767f33a4f0e539e336a8f1681 to remote] DEBUG org.asynchttpclient.netty.request.NettyRequestSender - Using pooled Channel '[id: 0xc2d73b89, L:/127.0.0.1:52625 - R:localhost/127.0.0.1:49382]' for 'POST' to 'http://localhost:49382/session/5e23f3b767f33a4f0e539e336a8f1681/execute/sync'
19:01:59.084 [Forwarding isElementDisplayed on session 5e23f3b767f33a4f0e539e336a8f1681 to remote] DEBUG org.asynchttpclient.netty.request.NettyRequestSender - Using open Channel [id: 0xc2d73b89, L:/127.0.0.1:52625 - R:localhost/127.0.0.1:49382] for POST '/session/5e23f3b767f33a4f0e539e336a8f1681/execute/sync'
19:01:59.101 [AsyncHttpClient-1-10] DEBUG org.asynchttpclient.netty.handler.HttpHandler - 

Request DefaultHttpRequest(decodeResult: success, version: HTTP/1.1)
POST /session/5e23f3b767f33a4f0e539e336a8f1681/execute/sync HTTP/1.1
User-Agent: selenium/4.1.2 (java windows)
Content-Length: 48780
Content-Type: application/json; charset=utf-8
host: localhost:49382
accept: */*

Response DefaultHttpResponse(decodeResult: success, version: HTTP/1.1)
HTTP/1.1 200 OK
Content-Type: application/json; charset=utf-8
cache-control: no-cache
content-length: 14

19:01:59.101 [AsyncHttpClient-1-10] DEBUG org.asynchttpclient.netty.channel.ChannelManager - Adding key: http://localhost:49382 for channel [id: 0xc2d73b89, L:/127.0.0.1:52625 - R:localhost/127.0.0.1:49382]
19:01:59.104 [main] DEBUG net.thucydides.core.steps.StepInterceptor - STEP DONE: validateOnLoginPage
  &amp#27;[32mGiven &amp#27;[0m&amp#27;[32mI am on the login page for rating&amp#27;[0m           &amp#27;[90m# starter.stepdefinitions.RatingSteps.onTheLoginPage()&amp#27;[0m
19:01:59.119 [Forwarding screenshot on session 5e23f3b767f33a4f0e539e336a8f1681 to remote] DEBUG org.asynchttpclient.netty.request.NettyRequestSender - Using pooled Channel '[id: 0xc2d73b89, L:/127.0.0.1:52625 - R:localhost/127.0.0.1:49382]' for 'GET' to 'http://localhost:49382/session/5e23f3b767f33a4f0e539e336a8f1681/screenshot'
19:01:59.119 [Forwarding screenshot on session 5e23f3b767f33a4f0e539e336a8f1681 to remote] DEBUG org.asynchttpclient.netty.request.NettyRequestSender - Using open Channel [id: 0xc2d73b89, L:/127.0.0.1:52625 - R:localhost/127.0.0.1:49382] for GET '/session/5e23f3b767f33a4f0e539e336a8f1681/screenshot'
19:01:59.207 [AsyncHttpClient-1-10] DEBUG org.asynchttpclient.netty.handler.HttpHandler - 

Request DefaultFullHttpRequest(decodeResult: success, version: HTTP/1.1, content: EmptyByteBufBE)
GET /session/5e23f3b767f33a4f0e539e336a8f1681/screenshot HTTP/1.1
User-Agent: selenium/4.1.2 (java windows)
Cache-Control: no-cache
Content-Type: application/json; charset=utf-8
host: localhost:49382
accept: */*

Response DefaultHttpResponse(decodeResult: success, version: HTTP/1.1)
HTTP/1.1 200 OK
Content-Type: application/json; charset=utf-8
cache-control: no-cache
content-length: 32192

19:01:59.208 [AsyncHttpClient-1-10] DEBUG org.asynchttpclient.netty.channel.ChannelManager - Adding key: http://localhost:49382 for channel [id: 0xc2d73b89, L:/127.0.0.1:52625 - R:localhost/127.0.0.1:49382]
19:01:59.210 [main] DEBUG net.serenitybdd.core.photography.Darkroom - Send negative for processing for target\site\serenity\4d98329a65403fb35239499910819cdb6d3d71d823e551da367b9fc52c2ec142.png
19:01:59.210 [main] DEBUG net.thucydides.core.steps.StepInterceptor - STARTING STEP: RatingSteps.inputValidEmail - inputEmail
19:01:59.213 [Forwarding findElement on session 5e23f3b767f33a4f0e539e336a8f1681 to remote] DEBUG org.asynchttpclient.netty.request.NettyRequestSender - Using pooled Channel '[id: 0xc2d73b89, L:/127.0.0.1:52625 - R:localhost/127.0.0.1:49382]' for 'POST' to 'http://localhost:49382/session/5e23f3b767f33a4f0e539e336a8f1681/element'
19:01:59.213 [Forwarding findElement on session 5e23f3b767f33a4f0e539e336a8f1681 to remote] DEBUG org.asynchttpclient.netty.request.NettyRequestSender - Using open Channel [id: 0xc2d73b89, L:/127.0.0.1:52625 - R:localhost/127.0.0.1:49382] for POST '/session/5e23f3b767f33a4f0e539e336a8f1681/element'
19:01:59.224 [AsyncHttpClient-1-10] DEBUG org.asynchttpclient.netty.handler.HttpHandler - 

Request DefaultHttpRequest(decodeResult: success, version: HTTP/1.1)
POST /session/5e23f3b767f33a4f0e539e336a8f1681/element HTTP/1.1
User-Agent: selenium/4.1.2 (java windows)
Content-Length: 84
Content-Type: application/json; charset=utf-8
host: localhost:49382
accept: */*

Response DefaultHttpResponse(decodeResult: success, version: HTTP/1.1)
HTTP/1.1 200 OK
Content-Type: application/json; charset=utf-8
cache-control: no-cache
content-length: 88

19:01:59.224 [AsyncHttpClient-1-10] DEBUG org.asynchttpclient.netty.channel.ChannelManager - Adding key: http://localhost:49382 for channel [id: 0xc2d73b89, L:/127.0.0.1:52625 - R:localhost/127.0.0.1:49382]
19:01:59.225 [Forwarding clearElement on session 5e23f3b767f33a4f0e539e336a8f1681 to remote] DEBUG org.asynchttpclient.netty.request.NettyRequestSender - Using pooled Channel '[id: 0xc2d73b89, L:/127.0.0.1:52625 - R:localhost/127.0.0.1:49382]' for 'POST' to 'http://localhost:49382/session/5e23f3b767f33a4f0e539e336a8f1681/element/07cc8dd1-d06b-4c82-8355-a89be1364507/clear'
19:01:59.225 [Forwarding clearElement on session 5e23f3b767f33a4f0e539e336a8f1681 to remote] DEBUG org.asynchttpclient.netty.request.NettyRequestSender - Using open Channel [id: 0xc2d73b89, L:/127.0.0.1:52625 - R:localhost/127.0.0.1:49382] for POST '/session/5e23f3b767f33a4f0e539e336a8f1681/element/07cc8dd1-d06b-4c82-8355-a89be1364507/clear'
19:01:59.257 [AsyncHttpClient-1-10] DEBUG org.asynchttpclient.netty.handler.HttpHandler - 

Request DefaultHttpRequest(decodeResult: success, version: HTTP/1.1)
POST /session/5e23f3b767f33a4f0e539e336a8f1681/element/07cc8dd1-d06b-4c82-8355-a89be1364507/clear HTTP/1.1
User-Agent: selenium/4.1.2 (java windows)
Content-Length: 50
Content-Type: application/json; charset=utf-8
host: localhost:49382
accept: */*

Response DefaultHttpResponse(decodeResult: success, version: HTTP/1.1)
HTTP/1.1 200 OK
Content-Type: application/json; charset=utf-8
cache-control: no-cache
content-length: 14

19:01:59.257 [AsyncHttpClient-1-10] DEBUG org.asynchttpclient.netty.channel.ChannelManager - Adding key: http://localhost:49382 for channel [id: 0xc2d73b89, L:/127.0.0.1:52625 - R:localhost/127.0.0.1:49382]
19:01:59.259 [Forwarding sendKeysToElement on session 5e23f3b767f33a4f0e539e336a8f1681 to remote] DEBUG org.asynchttpclient.netty.request.NettyRequestSender - Using pooled Channel '[id: 0xc2d73b89, L:/127.0.0.1:52625 - R:localhost/127.0.0.1:49382]' for 'POST' to 'http://localhost:49382/session/5e23f3b767f33a4f0e539e336a8f1681/element/07cc8dd1-d06b-4c82-8355-a89be1364507/value'
19:01:59.259 [Forwarding sendKeysToElement on session 5e23f3b767f33a4f0e539e336a8f1681 to remote] DEBUG org.asynchttpclient.netty.request.NettyRequestSender - Using open Channel [id: 0xc2d73b89, L:/127.0.0.1:52625 - R:localhost/127.0.0.1:49382] for POST '/session/5e23f3b767f33a4f0e539e336a8f1681/element/07cc8dd1-d06b-4c82-8355-a89be1364507/value'
19:01:59.409 [AsyncHttpClient-1-10] DEBUG org.asynchttpclient.netty.handler.HttpHandler - 

Request DefaultHttpRequest(decodeResult: success, version: HTTP/1.1)
POST /session/5e23f3b767f33a4f0e539e336a8f1681/element/07cc8dd1-d06b-4c82-8355-a89be1364507/value HTTP/1.1
User-Agent: selenium/4.1.2 (java windows)
Content-Length: 231
Content-Type: application/json; charset=utf-8
host: localhost:49382
accept: */*

Response DefaultHttpResponse(decodeResult: success, version: HTTP/1.1)
HTTP/1.1 200 OK
Content-Type: application/json; charset=utf-8
cache-control: no-cache
content-length: 14

19:01:59.409 [AsyncHttpClient-1-10] DEBUG org.asynchttpclient.netty.channel.ChannelManager - Adding key: http://localhost:49382 for channel [id: 0xc2d73b89, L:/127.0.0.1:52625 - R:localhost/127.0.0.1:49382]
19:01:59.422 [Forwarding screenshot on session 5e23f3b767f33a4f0e539e336a8f1681 to remote] DEBUG org.asynchttpclient.netty.request.NettyRequestSender - Using pooled Channel '[id: 0xc2d73b89, L:/127.0.0.1:52625 - R:localhost/127.0.0.1:49382]' for 'GET' to 'http://localhost:49382/session/5e23f3b767f33a4f0e539e336a8f1681/screenshot'
19:01:59.422 [Forwarding screenshot on session 5e23f3b767f33a4f0e539e336a8f1681 to remote] DEBUG org.asynchttpclient.netty.request.NettyRequestSender - Using open Channel [id: 0xc2d73b89, L:/127.0.0.1:52625 - R:localhost/127.0.0.1:49382] for GET '/session/5e23f3b767f33a4f0e539e336a8f1681/screenshot'
19:01:59.564 [AsyncHttpClient-1-10] DEBUG org.asynchttpclient.netty.handler.HttpHandler - 

Request DefaultFullHttpRequest(decodeResult: success, version: HTTP/1.1, content: EmptyByteBufBE)
GET /session/5e23f3b767f33a4f0e539e336a8f1681/screenshot HTTP/1.1
User-Agent: selenium/4.1.2 (java windows)
Cache-Control: no-cache
Content-Type: application/json; charset=utf-8
host: localhost:49382
accept: */*

Response DefaultHttpResponse(decodeResult: success, version: HTTP/1.1)
HTTP/1.1 200 OK
Content-Type: application/json; charset=utf-8
cache-control: no-cache
content-length: 37680

19:01:59.566 [AsyncHttpClient-1-10] DEBUG org.asynchttpclient.netty.channel.ChannelManager - Adding key: http://localhost:49382 for channel [id: 0xc2d73b89, L:/127.0.0.1:52625 - R:localhost/127.0.0.1:49382]
19:01:59.567 [main] DEBUG net.serenitybdd.core.photography.Darkroom - Send negative for processing for target\site\serenity\e90052406eeb36a61db491f4ddcaeee7fcd87748b601ceed3397981559e36ebe.png
19:01:59.568 [main] DEBUG net.thucydides.core.steps.StepInterceptor - STEP DONE: inputEmail
  &amp#27;[32mWhen &amp#27;[0m&amp#27;[32mI input valid email for rating&amp#27;[0m               &amp#27;[90m# starter.stepdefinitions.RatingSteps.inputValidEmail()&amp#27;[0m
19:01:59.568 [Darkroom Processing Line] DEBUG net.serenitybdd.core.photography.DarkroomProcessingLine - Processing screenshot image in /var/screenshots/screenshot-1696966976431670625
19:01:59.568 [Darkroom Processing Line] DEBUG net.serenitybdd.core.photography.DarkroomProcessingLine - Saving screenshot to target\site\serenity\e90052406eeb36a61db491f4ddcaeee7fcd87748b601ceed3397981559e36ebe.png
19:01:59.591 [main] DEBUG net.thucydides.core.steps.StepInterceptor - STARTING STEP: RatingSteps.inputValidPassword - inputPassword
19:01:59.594 [Forwarding findElement on session 5e23f3b767f33a4f0e539e336a8f1681 to remote] DEBUG org.asynchttpclient.netty.request.NettyRequestSender - Using pooled Channel '[id: 0xc2d73b89, L:/127.0.0.1:52625 - R:localhost/127.0.0.1:49382]' for 'POST' to 'http://localhost:49382/session/5e23f3b767f33a4f0e539e336a8f1681/element'
19:01:59.594 [Forwarding findElement on session 5e23f3b767f33a4f0e539e336a8f1681 to remote] DEBUG org.asynchttpclient.netty.request.NettyRequestSender - Using open Channel [id: 0xc2d73b89, L:/127.0.0.1:52625 - R:localhost/127.0.0.1:49382] for POST '/session/5e23f3b767f33a4f0e539e336a8f1681/element'
19:01:59.607 [AsyncHttpClient-1-10] DEBUG org.asynchttpclient.netty.handler.HttpHandler - 

Request DefaultHttpRequest(decodeResult: success, version: HTTP/1.1)
POST /session/5e23f3b767f33a4f0e539e336a8f1681/element HTTP/1.1
User-Agent: selenium/4.1.2 (java windows)
Content-Length: 87
Content-Type: application/json; charset=utf-8
host: localhost:49382
accept: */*

Response DefaultHttpResponse(decodeResult: success, version: HTTP/1.1)
HTTP/1.1 200 OK
Content-Type: application/json; charset=utf-8
cache-control: no-cache
content-length: 88

19:01:59.607 [AsyncHttpClient-1-10] DEBUG org.asynchttpclient.netty.channel.ChannelManager - Adding key: http://localhost:49382 for channel [id: 0xc2d73b89, L:/127.0.0.1:52625 - R:localhost/127.0.0.1:49382]
19:01:59.610 [Forwarding clearElement on session 5e23f3b767f33a4f0e539e336a8f1681 to remote] DEBUG org.asynchttpclient.netty.request.NettyRequestSender - Using pooled Channel '[id: 0xc2d73b89, L:/127.0.0.1:52625 - R:localhost/127.0.0.1:49382]' for 'POST' to 'http://localhost:49382/session/5e23f3b767f33a4f0e539e336a8f1681/element/e39e0c1e-3b04-410c-b881-d2e756244154/clear'
19:01:59.611 [Forwarding clearElement on session 5e23f3b767f33a4f0e539e336a8f1681 to remote] DEBUG org.asynchttpclient.netty.request.NettyRequestSender - Using open Channel [id: 0xc2d73b89, L:/127.0.0.1:52625 - R:localhost/127.0.0.1:49382] for POST '/session/5e23f3b767f33a4f0e539e336a8f1681/element/e39e0c1e-3b04-410c-b881-d2e756244154/clear'
19:01:59.655 [AsyncHttpClient-1-10] DEBUG org.asynchttpclient.netty.handler.HttpHandler - 

Request DefaultHttpRequest(decodeResult: success, version: HTTP/1.1)
POST /session/5e23f3b767f33a4f0e539e336a8f1681/element/e39e0c1e-3b04-410c-b881-d2e756244154/clear HTTP/1.1
User-Agent: selenium/4.1.2 (java windows)
Content-Length: 50
Content-Type: application/json; charset=utf-8
host: localhost:49382
accept: */*

Response DefaultHttpResponse(decodeResult: success, version: HTTP/1.1)
HTTP/1.1 200 OK
Content-Type: application/json; charset=utf-8
cache-control: no-cache
content-length: 14

19:01:59.656 [AsyncHttpClient-1-10] DEBUG org.asynchttpclient.netty.channel.ChannelManager - Adding key: http://localhost:49382 for channel [id: 0xc2d73b89, L:/127.0.0.1:52625 - R:localhost/127.0.0.1:49382]
19:01:59.658 [Forwarding sendKeysToElement on session 5e23f3b767f33a4f0e539e336a8f1681 to remote] DEBUG org.asynchttpclient.netty.request.NettyRequestSender - Using pooled Channel '[id: 0xc2d73b89, L:/127.0.0.1:52625 - R:localhost/127.0.0.1:49382]' for 'POST' to 'http://localhost:49382/session/5e23f3b767f33a4f0e539e336a8f1681/element/e39e0c1e-3b04-410c-b881-d2e756244154/value'
19:01:59.659 [Forwarding sendKeysToElement on session 5e23f3b767f33a4f0e539e336a8f1681 to remote] DEBUG org.asynchttpclient.netty.request.NettyRequestSender - Using open Channel [id: 0xc2d73b89, L:/127.0.0.1:52625 - R:localhost/127.0.0.1:49382] for POST '/session/5e23f3b767f33a4f0e539e336a8f1681/element/e39e0c1e-3b04-410c-b881-d2e756244154/value'
19:01:59.775 [AsyncHttpClient-1-10] DEBUG org.asynchttpclient.netty.handler.HttpHandler - 

Request DefaultHttpRequest(decodeResult: success, version: HTTP/1.1)
POST /session/5e23f3b767f33a4f0e539e336a8f1681/element/e39e0c1e-3b04-410c-b881-d2e756244154/value HTTP/1.1
User-Agent: selenium/4.1.2 (java windows)
Content-Length: 151
Content-Type: application/json; charset=utf-8
host: localhost:49382
accept: */*

Response DefaultHttpResponse(decodeResult: success, version: HTTP/1.1)
HTTP/1.1 200 OK
Content-Type: application/json; charset=utf-8
cache-control: no-cache
content-length: 14

19:01:59.776 [AsyncHttpClient-1-10] DEBUG org.asynchttpclient.netty.channel.ChannelManager - Adding key: http://localhost:49382 for channel [id: 0xc2d73b89, L:/127.0.0.1:52625 - R:localhost/127.0.0.1:49382]
19:01:59.781 [Forwarding screenshot on session 5e23f3b767f33a4f0e539e336a8f1681 to remote] DEBUG org.asynchttpclient.netty.request.NettyRequestSender - Using pooled Channel '[id: 0xc2d73b89, L:/127.0.0.1:52625 - R:localhost/127.0.0.1:49382]' for 'GET' to 'http://localhost:49382/session/5e23f3b767f33a4f0e539e336a8f1681/screenshot'
19:01:59.782 [Forwarding screenshot on session 5e23f3b767f33a4f0e539e336a8f1681 to remote] DEBUG org.asynchttpclient.netty.request.NettyRequestSender - Using open Channel [id: 0xc2d73b89, L:/127.0.0.1:52625 - R:localhost/127.0.0.1:49382] for GET '/session/5e23f3b767f33a4f0e539e336a8f1681/screenshot'
19:01:59.902 [AsyncHttpClient-1-10] DEBUG org.asynchttpclient.netty.handler.HttpHandler - 

Request DefaultFullHttpRequest(decodeResult: success, version: HTTP/1.1, content: EmptyByteBufBE)
GET /session/5e23f3b767f33a4f0e539e336a8f1681/screenshot HTTP/1.1
User-Agent: selenium/4.1.2 (java windows)
Cache-Control: no-cache
Content-Type: application/json; charset=utf-8
host: localhost:49382
accept: */*

Response DefaultHttpResponse(decodeResult: success, version: HTTP/1.1)
HTTP/1.1 200 OK
Content-Type: application/json; charset=utf-8
cache-control: no-cache
content-length: 40112

19:01:59.903 [AsyncHttpClient-1-10] DEBUG org.asynchttpclient.netty.channel.ChannelManager - Adding key: http://localhost:49382 for channel [id: 0xc2d73b89, L:/127.0.0.1:52625 - R:localhost/127.0.0.1:49382]
19:01:59.905 [main] DEBUG net.serenitybdd.core.photography.Darkroom - Send negative for processing for target\site\serenity\e81a61f9fcd248202eb6cfd1f0dbbba5e8b9a5d6bb6bc9d24b907b5b604a3079.png
19:01:59.905 [main] DEBUG net.thucydides.core.steps.StepInterceptor - STEP DONE: inputPassword
  &amp#27;[32mAnd &amp#27;[0m&amp#27;[32mI input valid password for rating&amp#27;[0m             &amp#27;[90m# starter.stepdefinitions.RatingSteps.inputValidPassword()&amp#27;[0m
19:01:59.906 [Darkroom Processing Line] DEBUG net.serenitybdd.core.photography.DarkroomProcessingLine - Processing screenshot image in /var/screenshots/screenshot-9816133146958190607
19:01:59.906 [Darkroom Processing Line] DEBUG net.serenitybdd.core.photography.DarkroomProcessingLine - Saving screenshot to target\site\serenity\e81a61f9fcd248202eb6cfd1f0dbbba5e8b9a5d6bb6bc9d24b907b5b604a3079.png
19:01:59.930 [main] DEBUG net.thucydides.core.steps.StepInterceptor - STARTING STEP: RatingSteps.clickLoginButton - clickLoginButton
19:01:59.935 [Forwarding findElement on session 5e23f3b767f33a4f0e539e336a8f1681 to remote] DEBUG org.asynchttpclient.netty.request.NettyRequestSender - Using pooled Channel '[id: 0xc2d73b89, L:/127.0.0.1:52625 - R:localhost/127.0.0.1:49382]' for 'POST' to 'http://localhost:49382/session/5e23f3b767f33a4f0e539e336a8f1681/element'
19:01:59.935 [Forwarding findElement on session 5e23f3b767f33a4f0e539e336a8f1681 to remote] DEBUG org.asynchttpclient.netty.request.NettyRequestSender - Using open Channel [id: 0xc2d73b89, L:/127.0.0.1:52625 - R:localhost/127.0.0.1:49382] for POST '/session/5e23f3b767f33a4f0e539e336a8f1681/element'
19:01:59.958 [AsyncHttpClient-1-1] DEBUG org.asynchttpclient.netty.channel.DefaultChannelPool - Entry count for : http://localhost:52628 : 1
19:01:59.977 [AsyncHttpClient-1-10] DEBUG org.asynchttpclient.netty.handler.HttpHandler - 

Request DefaultHttpRequest(decodeResult: success, version: HTTP/1.1)
POST /session/5e23f3b767f33a4f0e539e336a8f1681/element HTTP/1.1
User-Agent: selenium/4.1.2 (java windows)
Content-Length: 155
Content-Type: application/json; charset=utf-8
host: localhost:49382
accept: */*

Response DefaultHttpResponse(decodeResult: success, version: HTTP/1.1)
HTTP/1.1 200 OK
Content-Type: application/json; charset=utf-8
cache-control: no-cache
content-length: 88

19:01:59.978 [AsyncHttpClient-1-10] DEBUG org.asynchttpclient.netty.channel.ChannelManager - Adding key: http://localhost:49382 for channel [id: 0xc2d73b89, L:/127.0.0.1:52625 - R:localhost/127.0.0.1:49382]
19:01:59.980 [Forwarding getElementTagName on session 5e23f3b767f33a4f0e539e336a8f1681 to remote] DEBUG org.asynchttpclient.netty.request.NettyRequestSender - Using pooled Channel '[id: 0xc2d73b89, L:/127.0.0.1:52625 - R:localhost/127.0.0.1:49382]' for 'GET' to 'http://localhost:49382/session/5e23f3b767f33a4f0e539e336a8f1681/element/741c2d15-5a8f-4094-976c-9d38181ee5ea/name'
19:01:59.980 [Forwarding getElementTagName on session 5e23f3b767f33a4f0e539e336a8f1681 to remote] DEBUG org.asynchttpclient.netty.request.NettyRequestSender - Using open Channel [id: 0xc2d73b89, L:/127.0.0.1:52625 - R:localhost/127.0.0.1:49382] for GET '/session/5e23f3b767f33a4f0e539e336a8f1681/element/741c2d15-5a8f-4094-976c-9d38181ee5ea/name'
19:01:59.991 [AsyncHttpClient-1-10] DEBUG org.asynchttpclient.netty.handler.HttpHandler - 

Request DefaultFullHttpRequest(decodeResult: success, version: HTTP/1.1, content: EmptyByteBufBE)
GET /session/5e23f3b767f33a4f0e539e336a8f1681/element/741c2d15-5a8f-4094-976c-9d38181ee5ea/name HTTP/1.1
User-Agent: selenium/4.1.2 (java windows)
Cache-Control: no-cache
Content-Type: application/json; charset=utf-8
host: localhost:49382
accept: */*

Response DefaultHttpResponse(decodeResult: success, version: HTTP/1.1)
HTTP/1.1 200 OK
Content-Type: application/json; charset=utf-8
cache-control: no-cache
content-length: 18

19:01:59.992 [AsyncHttpClient-1-10] DEBUG org.asynchttpclient.netty.channel.ChannelManager - Adding key: http://localhost:49382 for channel [id: 0xc2d73b89, L:/127.0.0.1:52625 - R:localhost/127.0.0.1:49382]
19:01:59.993 [Forwarding getElementTagName on session 5e23f3b767f33a4f0e539e336a8f1681 to remote] DEBUG org.asynchttpclient.netty.request.NettyRequestSender - Using pooled Channel '[id: 0xc2d73b89, L:/127.0.0.1:52625 - R:localhost/127.0.0.1:49382]' for 'GET' to 'http://localhost:49382/session/5e23f3b767f33a4f0e539e336a8f1681/element/741c2d15-5a8f-4094-976c-9d38181ee5ea/name'
19:01:59.993 [Forwarding getElementTagName on session 5e23f3b767f33a4f0e539e336a8f1681 to remote] DEBUG org.asynchttpclient.netty.request.NettyRequestSender - Using open Channel [id: 0xc2d73b89, L:/127.0.0.1:52625 - R:localhost/127.0.0.1:49382] for GET '/session/5e23f3b767f33a4f0e539e336a8f1681/element/741c2d15-5a8f-4094-976c-9d38181ee5ea/name'
19:02:00.006 [AsyncHttpClient-1-10] DEBUG org.asynchttpclient.netty.handler.HttpHandler - 

Request DefaultFullHttpRequest(decodeResult: success, version: HTTP/1.1, content: EmptyByteBufBE)
GET /session/5e23f3b767f33a4f0e539e336a8f1681/element/741c2d15-5a8f-4094-976c-9d38181ee5ea/name HTTP/1.1
User-Agent: selenium/4.1.2 (java windows)
Cache-Control: no-cache
Content-Type: application/json; charset=utf-8
host: localhost:49382
accept: */*

Response DefaultHttpResponse(decodeResult: success, version: HTTP/1.1)
HTTP/1.1 200 OK
Content-Type: application/json; charset=utf-8
cache-control: no-cache
content-length: 18

19:02:00.007 [AsyncHttpClient-1-10] DEBUG org.asynchttpclient.netty.channel.ChannelManager - Adding key: http://localhost:49382 for channel [id: 0xc2d73b89, L:/127.0.0.1:52625 - R:localhost/127.0.0.1:49382]
19:02:00.014 [Forwarding isElementEnabled on session 5e23f3b767f33a4f0e539e336a8f1681 to remote] DEBUG org.asynchttpclient.netty.request.NettyRequestSender - Using pooled Channel '[id: 0xc2d73b89, L:/127.0.0.1:52625 - R:localhost/127.0.0.1:49382]' for 'GET' to 'http://localhost:49382/session/5e23f3b767f33a4f0e539e336a8f1681/element/741c2d15-5a8f-4094-976c-9d38181ee5ea/enabled'
19:02:00.015 [Forwarding isElementEnabled on session 5e23f3b767f33a4f0e539e336a8f1681 to remote] DEBUG org.asynchttpclient.netty.request.NettyRequestSender - Using open Channel [id: 0xc2d73b89, L:/127.0.0.1:52625 - R:localhost/127.0.0.1:49382] for GET '/session/5e23f3b767f33a4f0e539e336a8f1681/element/741c2d15-5a8f-4094-976c-9d38181ee5ea/enabled'
19:02:00.034 [AsyncHttpClient-1-10] DEBUG org.asynchttpclient.netty.handler.HttpHandler - 

Request DefaultFullHttpRequest(decodeResult: success, version: HTTP/1.1, content: EmptyByteBufBE)
GET /session/5e23f3b767f33a4f0e539e336a8f1681/element/741c2d15-5a8f-4094-976c-9d38181ee5ea/enabled HTTP/1.1
User-Agent: selenium/4.1.2 (java windows)
Cache-Control: no-cache
Content-Type: application/json; charset=utf-8
host: localhost:49382
accept: */*

Response DefaultHttpResponse(decodeResult: success, version: HTTP/1.1)
HTTP/1.1 200 OK
Content-Type: application/json; charset=utf-8
cache-control: no-cache
content-length: 14

19:02:00.034 [AsyncHttpClient-1-10] DEBUG org.asynchttpclient.netty.channel.ChannelManager - Adding key: http://localhost:49382 for channel [id: 0xc2d73b89, L:/127.0.0.1:52625 - R:localhost/127.0.0.1:49382]
19:02:00.036 [Forwarding isElementEnabled on session 5e23f3b767f33a4f0e539e336a8f1681 to remote] DEBUG org.asynchttpclient.netty.request.NettyRequestSender - Using pooled Channel '[id: 0xc2d73b89, L:/127.0.0.1:52625 - R:localhost/127.0.0.1:49382]' for 'GET' to 'http://localhost:49382/session/5e23f3b767f33a4f0e539e336a8f1681/element/741c2d15-5a8f-4094-976c-9d38181ee5ea/enabled'
19:02:00.036 [Forwarding isElementEnabled on session 5e23f3b767f33a4f0e539e336a8f1681 to remote] DEBUG org.asynchttpclient.netty.request.NettyRequestSender - Using open Channel [id: 0xc2d73b89, L:/127.0.0.1:52625 - R:localhost/127.0.0.1:49382] for GET '/session/5e23f3b767f33a4f0e539e336a8f1681/element/741c2d15-5a8f-4094-976c-9d38181ee5ea/enabled'
19:02:00.043 [AsyncHttpClient-1-10] DEBUG org.asynchttpclient.netty.handler.HttpHandler - 

Request DefaultFullHttpRequest(decodeResult: success, version: HTTP/1.1, content: EmptyByteBufBE)
GET /session/5e23f3b767f33a4f0e539e336a8f1681/element/741c2d15-5a8f-4094-976c-9d38181ee5ea/enabled HTTP/1.1
User-Agent: selenium/4.1.2 (java windows)
Cache-Control: no-cache
Content-Type: application/json; charset=utf-8
host: localhost:49382
accept: */*

Response DefaultHttpResponse(decodeResult: success, version: HTTP/1.1)
HTTP/1.1 200 OK
Content-Type: application/json; charset=utf-8
cache-control: no-cache
content-length: 14

19:02:00.044 [AsyncHttpClient-1-10] DEBUG org.asynchttpclient.netty.channel.ChannelManager - Adding key: http://localhost:49382 for channel [id: 0xc2d73b89, L:/127.0.0.1:52625 - R:localhost/127.0.0.1:49382]
19:02:00.046 [Forwarding findElement on session 5e23f3b767f33a4f0e539e336a8f1681 to remote] DEBUG org.asynchttpclient.netty.request.NettyRequestSender - Using pooled Channel '[id: 0xc2d73b89, L:/127.0.0.1:52625 - R:localhost/127.0.0.1:49382]' for 'POST' to 'http://localhost:49382/session/5e23f3b767f33a4f0e539e336a8f1681/element'
19:02:00.046 [Forwarding findElement on session 5e23f3b767f33a4f0e539e336a8f1681 to remote] DEBUG org.asynchttpclient.netty.request.NettyRequestSender - Using open Channel [id: 0xc2d73b89, L:/127.0.0.1:52625 - R:localhost/127.0.0.1:49382] for POST '/session/5e23f3b767f33a4f0e539e336a8f1681/element'
19:02:00.056 [AsyncHttpClient-1-10] DEBUG org.asynchttpclient.netty.handler.HttpHandler - 

Request DefaultHttpRequest(decodeResult: success, version: HTTP/1.1)
POST /session/5e23f3b767f33a4f0e539e336a8f1681/element HTTP/1.1
User-Agent: selenium/4.1.2 (java windows)
Content-Length: 155
Content-Type: application/json; charset=utf-8
host: localhost:49382
accept: */*

Response DefaultHttpResponse(decodeResult: success, version: HTTP/1.1)
HTTP/1.1 200 OK
Content-Type: application/json; charset=utf-8
cache-control: no-cache
content-length: 88

19:02:00.056 [AsyncHttpClient-1-10] DEBUG org.asynchttpclient.netty.channel.ChannelManager - Adding key: http://localhost:49382 for channel [id: 0xc2d73b89, L:/127.0.0.1:52625 - R:localhost/127.0.0.1:49382]
19:02:00.058 [Forwarding clickElement on session 5e23f3b767f33a4f0e539e336a8f1681 to remote] DEBUG org.asynchttpclient.netty.request.NettyRequestSender - Using pooled Channel '[id: 0xc2d73b89, L:/127.0.0.1:52625 - R:localhost/127.0.0.1:49382]' for 'POST' to 'http://localhost:49382/session/5e23f3b767f33a4f0e539e336a8f1681/element/741c2d15-5a8f-4094-976c-9d38181ee5ea/click'
19:02:00.058 [Forwarding clickElement on session 5e23f3b767f33a4f0e539e336a8f1681 to remote] DEBUG org.asynchttpclient.netty.request.NettyRequestSender - Using open Channel [id: 0xc2d73b89, L:/127.0.0.1:52625 - R:localhost/127.0.0.1:49382] for POST '/session/5e23f3b767f33a4f0e539e336a8f1681/element/741c2d15-5a8f-4094-976c-9d38181ee5ea/click'
19:02:00.134 [AsyncHttpClient-1-10] DEBUG org.asynchttpclient.netty.handler.HttpHandler - 

Request DefaultHttpRequest(decodeResult: success, version: HTTP/1.1)
POST /session/5e23f3b767f33a4f0e539e336a8f1681/element/741c2d15-5a8f-4094-976c-9d38181ee5ea/click HTTP/1.1
User-Agent: selenium/4.1.2 (java windows)
Content-Length: 50
Content-Type: application/json; charset=utf-8
host: localhost:49382
accept: */*

Response DefaultHttpResponse(decodeResult: success, version: HTTP/1.1)
HTTP/1.1 200 OK
Content-Type: application/json; charset=utf-8
cache-control: no-cache
content-length: 14

19:02:00.134 [AsyncHttpClient-1-10] DEBUG org.asynchttpclient.netty.channel.ChannelManager - Adding key: http://localhost:49382 for channel [id: 0xc2d73b89, L:/127.0.0.1:52625 - R:localhost/127.0.0.1:49382]
19:02:00.140 [Forwarding screenshot on session 5e23f3b767f33a4f0e539e336a8f1681 to remote] DEBUG org.asynchttpclient.netty.request.NettyRequestSender - Using pooled Channel '[id: 0xc2d73b89, L:/127.0.0.1:52625 - R:localhost/127.0.0.1:49382]' for 'GET' to 'http://localhost:49382/session/5e23f3b767f33a4f0e539e336a8f1681/screenshot'
19:02:00.141 [Forwarding screenshot on session 5e23f3b767f33a4f0e539e336a8f1681 to remote] DEBUG org.asynchttpclient.netty.request.NettyRequestSender - Using open Channel [id: 0xc2d73b89, L:/127.0.0.1:52625 - R:localhost/127.0.0.1:49382] for GET '/session/5e23f3b767f33a4f0e539e336a8f1681/screenshot'
19:02:00.334 [AsyncHttpClient-1-10] DEBUG org.asynchttpclient.netty.handler.HttpHandler - 

Request DefaultFullHttpRequest(decodeResult: success, version: HTTP/1.1, content: EmptyByteBufBE)
GET /session/5e23f3b767f33a4f0e539e336a8f1681/screenshot HTTP/1.1
User-Agent: selenium/4.1.2 (java windows)
Cache-Control: no-cache
Content-Type: application/json; charset=utf-8
host: localhost:49382
accept: */*

Response DefaultHttpResponse(decodeResult: success, version: HTTP/1.1)
HTTP/1.1 200 OK
Content-Type: application/json; charset=utf-8
cache-control: no-cache
content-length: 39768

19:02:00.335 [AsyncHttpClient-1-10] DEBUG org.asynchttpclient.netty.channel.ChannelManager - Adding key: http://localhost:49382 for channel [id: 0xc2d73b89, L:/127.0.0.1:52625 - R:localhost/127.0.0.1:49382]
19:02:00.336 [main] DEBUG net.serenitybdd.core.photography.Darkroom - Send negative for processing for target\site\serenity\40ebceb934254af772495aba60ed9c7c309c88e8ded9111611ebd7fcd5ca229c.png
19:02:00.336 [main] DEBUG net.thucydides.core.steps.StepInterceptor - STEP DONE: clickLoginButton
  &amp#27;[32mAnd &amp#27;[0m&amp#27;[32mI click on login button for rating&amp#27;[0m            &amp#27;[90m# starter.stepdefinitions.RatingSteps.clickLoginButton()&amp#27;[0m
19:02:00.337 [Darkroom Processing Line] DEBUG net.serenitybdd.core.photography.DarkroomProcessingLine - Processing screenshot image in /var/screenshots/screenshot-16215866992985644661
19:02:00.338 [Darkroom Processing Line] DEBUG net.serenitybdd.core.photography.DarkroomProcessingLine - Saving screenshot to target\site\serenity\40ebceb934254af772495aba60ed9c7c309c88e8ded9111611ebd7fcd5ca229c.png
19:02:00.356 [main] DEBUG net.thucydides.core.steps.StepInterceptor - STARTING STEP: RatingSteps.onTheHomePage - validateOnHomePage
19:02:00.357 [Forwarding findElement on session 5e23f3b767f33a4f0e539e336a8f1681 to remote] DEBUG org.asynchttpclient.netty.request.NettyRequestSender - Using pooled Channel '[id: 0xc2d73b89, L:/127.0.0.1:52625 - R:localhost/127.0.0.1:49382]' for 'POST' to 'http://localhost:49382/session/5e23f3b767f33a4f0e539e336a8f1681/element'
19:02:00.358 [Forwarding findElement on session 5e23f3b767f33a4f0e539e336a8f1681 to remote] DEBUG org.asynchttpclient.netty.request.NettyRequestSender - Using open Channel [id: 0xc2d73b89, L:/127.0.0.1:52625 - R:localhost/127.0.0.1:49382] for POST '/session/5e23f3b767f33a4f0e539e336a8f1681/element'
19:02:01.057 [AsyncHttpClient-1-1] DEBUG org.asynchttpclient.netty.channel.DefaultChannelPool - Entry count for : http://localhost:52628 : 1
19:02:02.162 [AsyncHttpClient-1-1] DEBUG org.asynchttpclient.netty.channel.DefaultChannelPool - Entry count for : http://localhost:52628 : 1
19:02:03.262 [AsyncHttpClient-1-1] DEBUG org.asynchttpclient.netty.channel.DefaultChannelPool - Entry count for : http://localhost:52628 : 1
19:02:03.286 [AsyncHttpClient-1-10] DEBUG org.asynchttpclient.netty.handler.HttpHandler - 

Request DefaultHttpRequest(decodeResult: success, version: HTTP/1.1)
POST /session/5e23f3b767f33a4f0e539e336a8f1681/element HTTP/1.1
User-Agent: selenium/4.1.2 (java windows)
Content-Length: 140
Content-Type: application/json; charset=utf-8
host: localhost:49382
accept: */*

Response DefaultHttpResponse(decodeResult: success, version: HTTP/1.1)
HTTP/1.1 200 OK
Content-Type: application/json; charset=utf-8
cache-control: no-cache
content-length: 88

19:02:03.287 [AsyncHttpClient-1-10] DEBUG org.asynchttpclient.netty.channel.ChannelManager - Adding key: http://localhost:49382 for channel [id: 0xc2d73b89, L:/127.0.0.1:52625 - R:localhost/127.0.0.1:49382]
19:02:03.293 [Forwarding isElementDisplayed on session 5e23f3b767f33a4f0e539e336a8f1681 to remote] DEBUG org.asynchttpclient.netty.request.NettyRequestSender - Using pooled Channel '[id: 0xc2d73b89, L:/127.0.0.1:52625 - R:localhost/127.0.0.1:49382]' for 'POST' to 'http://localhost:49382/session/5e23f3b767f33a4f0e539e336a8f1681/execute/sync'
19:02:03.293 [Forwarding isElementDisplayed on session 5e23f3b767f33a4f0e539e336a8f1681 to remote] DEBUG org.asynchttpclient.netty.request.NettyRequestSender - Using open Channel [id: 0xc2d73b89, L:/127.0.0.1:52625 - R:localhost/127.0.0.1:49382] for POST '/session/5e23f3b767f33a4f0e539e336a8f1681/execute/sync'
19:02:03.311 [AsyncHttpClient-1-10] DEBUG org.asynchttpclient.netty.handler.HttpHandler - 

Request DefaultHttpRequest(decodeResult: success, version: HTTP/1.1)
POST /session/5e23f3b767f33a4f0e539e336a8f1681/execute/sync HTTP/1.1
User-Agent: selenium/4.1.2 (java windows)
Content-Length: 48780
Content-Type: application/json; charset=utf-8
host: localhost:49382
accept: */*

Response DefaultHttpResponse(decodeResult: success, version: HTTP/1.1)
HTTP/1.1 200 OK
Content-Type: application/json; charset=utf-8
cache-control: no-cache
content-length: 14

19:02:03.312 [AsyncHttpClient-1-10] DEBUG org.asynchttpclient.netty.channel.ChannelManager - Adding key: http://localhost:49382 for channel [id: 0xc2d73b89, L:/127.0.0.1:52625 - R:localhost/127.0.0.1:49382]
19:02:03.319 [Forwarding screenshot on session 5e23f3b767f33a4f0e539e336a8f1681 to remote] DEBUG org.asynchttpclient.netty.request.NettyRequestSender - Using pooled Channel '[id: 0xc2d73b89, L:/127.0.0.1:52625 - R:localhost/127.0.0.1:49382]' for 'GET' to 'http://localhost:49382/session/5e23f3b767f33a4f0e539e336a8f1681/screenshot'
19:02:03.319 [Forwarding screenshot on session 5e23f3b767f33a4f0e539e336a8f1681 to remote] DEBUG org.asynchttpclient.netty.request.NettyRequestSender - Using open Channel [id: 0xc2d73b89, L:/127.0.0.1:52625 - R:localhost/127.0.0.1:49382] for GET '/session/5e23f3b767f33a4f0e539e336a8f1681/screenshot'
19:02:03.468 [AsyncHttpClient-1-10] DEBUG org.asynchttpclient.netty.handler.HttpHandler - 

Request DefaultFullHttpRequest(decodeResult: success, version: HTTP/1.1, content: EmptyByteBufBE)
GET /session/5e23f3b767f33a4f0e539e336a8f1681/screenshot HTTP/1.1
User-Agent: selenium/4.1.2 (java windows)
Cache-Control: no-cache
Content-Type: application/json; charset=utf-8
host: localhost:49382
accept: */*

Response DefaultHttpResponse(decodeResult: success, version: HTTP/1.1)
HTTP/1.1 200 OK
Content-Type: application/json; charset=utf-8
cache-control: no-cache
content-length: 78540

19:02:03.469 [AsyncHttpClient-1-10] DEBUG org.asynchttpclient.netty.channel.ChannelManager - Adding key: http://localhost:49382 for channel [id: 0xc2d73b89, L:/127.0.0.1:52625 - R:localhost/127.0.0.1:49382]
19:02:03.471 [main] DEBUG net.serenitybdd.core.photography.Darkroom - Send negative for processing for target\site\serenity\2314ff02ca0b99ed129c878dfe1fe34a5a943b85ac46c5b4818983addba1e62b.png
19:02:03.472 [main] DEBUG net.thucydides.core.steps.StepInterceptor - STEP DONE: validateOnHomePage
  &amp#27;[32mAnd &amp#27;[0m&amp#27;[32mI am on the home page for rating&amp#27;[0m              &amp#27;[90m# starter.stepdefinitions.RatingSteps.onTheHomePage()&amp#27;[0m
19:02:03.472 [Darkroom Processing Line] DEBUG net.serenitybdd.core.photography.DarkroomProcessingLine - Processing screenshot image in /var/screenshots/screenshot-2649148617908052563
19:02:03.472 [Darkroom Processing Line] DEBUG net.serenitybdd.core.photography.DarkroomProcessingLine - Saving screenshot to target\site\serenity\2314ff02ca0b99ed129c878dfe1fe34a5a943b85ac46c5b4818983addba1e62b.png
19:02:03.492 [main] DEBUG net.thucydides.core.steps.StepInterceptor - STARTING STEP: RatingSteps.clickDetailButton - clickDetailButton
19:02:03.493 [Forwarding findElement on session 5e23f3b767f33a4f0e539e336a8f1681 to remote] DEBUG org.asynchttpclient.netty.request.NettyRequestSender - Using pooled Channel '[id: 0xc2d73b89, L:/127.0.0.1:52625 - R:localhost/127.0.0.1:49382]' for 'POST' to 'http://localhost:49382/session/5e23f3b767f33a4f0e539e336a8f1681/element'
19:02:03.493 [Forwarding findElement on session 5e23f3b767f33a4f0e539e336a8f1681 to remote] DEBUG org.asynchttpclient.netty.request.NettyRequestSender - Using open Channel [id: 0xc2d73b89, L:/127.0.0.1:52625 - R:localhost/127.0.0.1:49382] for POST '/session/5e23f3b767f33a4f0e539e336a8f1681/element'
19:02:04.361 [AsyncHttpClient-1-1] DEBUG org.asynchttpclient.netty.channel.DefaultChannelPool - Entry count for : http://localhost:52628 : 1
19:02:05.461 [AsyncHttpClient-1-1] DEBUG org.asynchttpclient.netty.channel.DefaultChannelPool - Entry count for : http://localhost:52628 : 1
19:02:05.503 [AsyncHttpClient-1-10] DEBUG org.asynchttpclient.netty.handler.HttpHandler - 

Request DefaultHttpRequest(decodeResult: success, version: HTTP/1.1)
POST /session/5e23f3b767f33a4f0e539e336a8f1681/element HTTP/1.1
User-Agent: selenium/4.1.2 (java windows)
Content-Length: 112
Content-Type: application/json; charset=utf-8
host: localhost:49382
accept: */*

Response DefaultHttpResponse(decodeResult: success, version: HTTP/1.1)
HTTP/1.1 404 Not Found
Content-Type: application/json; charset=utf-8
cache-control: no-cache
content-length: 1051

19:02:05.504 [AsyncHttpClient-1-10] DEBUG org.asynchttpclient.netty.channel.ChannelManager - Adding key: http://localhost:49382 for channel [id: 0xc2d73b89, L:/127.0.0.1:52625 - R:localhost/127.0.0.1:49382]
19:02:05.616 [Forwarding findElement on session 5e23f3b767f33a4f0e539e336a8f1681 to remote] DEBUG org.asynchttpclient.netty.request.NettyRequestSender - Using pooled Channel '[id: 0xc2d73b89, L:/127.0.0.1:52625 - R:localhost/127.0.0.1:49382]' for 'POST' to 'http://localhost:49382/session/5e23f3b767f33a4f0e539e336a8f1681/element'
19:02:05.617 [Forwarding findElement on session 5e23f3b767f33a4f0e539e336a8f1681 to remote] DEBUG org.asynchttpclient.netty.request.NettyRequestSender - Using open Channel [id: 0xc2d73b89, L:/127.0.0.1:52625 - R:localhost/127.0.0.1:49382] for POST '/session/5e23f3b767f33a4f0e539e336a8f1681/element'
19:02:06.557 [AsyncHttpClient-1-1] DEBUG org.asynchttpclient.netty.channel.DefaultChannelPool - Entry count for : http://localhost:52628 : 1
19:02:07.658 [AsyncHttpClient-1-1] DEBUG org.asynchttpclient.netty.channel.DefaultChannelPool - Entry count for : http://localhost:52628 : 1
19:02:07.662 [AsyncHttpClient-1-10] DEBUG org.asynchttpclient.netty.handler.HttpHandler - 

Request DefaultHttpRequest(decodeResult: success, version: HTTP/1.1)
POST /session/5e23f3b767f33a4f0e539e336a8f1681/element HTTP/1.1
User-Agent: selenium/4.1.2 (java windows)
Content-Length: 112
Content-Type: application/json; charset=utf-8
host: localhost:49382
accept: */*

Response DefaultHttpResponse(decodeResult: success, version: HTTP/1.1)
HTTP/1.1 404 Not Found
Content-Type: application/json; charset=utf-8
cache-control: no-cache
content-length: 1051

19:02:07.662 [AsyncHttpClient-1-10] DEBUG org.asynchttpclient.netty.channel.ChannelManager - Adding key: http://localhost:49382 for channel [id: 0xc2d73b89, L:/127.0.0.1:52625 - R:localhost/127.0.0.1:49382]
19:02:07.777 [Forwarding findElement on session 5e23f3b767f33a4f0e539e336a8f1681 to remote] DEBUG org.asynchttpclient.netty.request.NettyRequestSender - Using pooled Channel '[id: 0xc2d73b89, L:/127.0.0.1:52625 - R:localhost/127.0.0.1:49382]' for 'POST' to 'http://localhost:49382/session/5e23f3b767f33a4f0e539e336a8f1681/element'
19:02:07.777 [Forwarding findElement on session 5e23f3b767f33a4f0e539e336a8f1681 to remote] DEBUG org.asynchttpclient.netty.request.NettyRequestSender - Using open Channel [id: 0xc2d73b89, L:/127.0.0.1:52625 - R:localhost/127.0.0.1:49382] for POST '/session/5e23f3b767f33a4f0e539e336a8f1681/element'
19:02:08.760 [AsyncHttpClient-1-1] DEBUG org.asynchttpclient.netty.channel.DefaultChannelPool - Entry count for : http://localhost:52628 : 1
19:02:09.837 [AsyncHttpClient-1-10] DEBUG org.asynchttpclient.netty.handler.HttpHandler - 

Request DefaultHttpRequest(decodeResult: success, version: HTTP/1.1)
POST /session/5e23f3b767f33a4f0e539e336a8f1681/element HTTP/1.1
User-Agent: selenium/4.1.2 (java windows)
Content-Length: 112
Content-Type: application/json; charset=utf-8
host: localhost:49382
accept: */*

Response DefaultHttpResponse(decodeResult: success, version: HTTP/1.1)
HTTP/1.1 404 Not Found
Content-Type: application/json; charset=utf-8
cache-control: no-cache
content-length: 1051

19:02:09.837 [AsyncHttpClient-1-10] DEBUG org.asynchttpclient.netty.channel.ChannelManager - Adding key: http://localhost:49382 for channel [id: 0xc2d73b89, L:/127.0.0.1:52625 - R:localhost/127.0.0.1:49382]
19:02:09.843 [Forwarding screenshot on session 5e23f3b767f33a4f0e539e336a8f1681 to remote] DEBUG org.asynchttpclient.netty.request.NettyRequestSender - Using pooled Channel '[id: 0xc2d73b89, L:/127.0.0.1:52625 - R:localhost/127.0.0.1:49382]' for 'GET' to 'http://localhost:49382/session/5e23f3b767f33a4f0e539e336a8f1681/screenshot'
19:02:09.843 [Forwarding screenshot on session 5e23f3b767f33a4f0e539e336a8f1681 to remote] DEBUG org.asynchttpclient.netty.request.NettyRequestSender - Using open Channel [id: 0xc2d73b89, L:/127.0.0.1:52625 - R:localhost/127.0.0.1:49382] for GET '/session/5e23f3b767f33a4f0e539e336a8f1681/screenshot'
19:02:09.857 [AsyncHttpClient-1-1] DEBUG org.asynchttpclient.netty.channel.DefaultChannelPool - Entry count for : http://localhost:52628 : 1
19:02:09.938 [AsyncHttpClient-1-10] DEBUG org.asynchttpclient.netty.handler.HttpHandler - 

Request DefaultFullHttpRequest(decodeResult: success, version: HTTP/1.1, content: EmptyByteBufBE)
GET /session/5e23f3b767f33a4f0e539e336a8f1681/screenshot HTTP/1.1
User-Agent: selenium/4.1.2 (java windows)
Cache-Control: no-cache
Content-Type: application/json; charset=utf-8
host: localhost:49382
accept: */*

Response DefaultHttpResponse(decodeResult: success, version: HTTP/1.1)
HTTP/1.1 200 OK
Content-Type: application/json; charset=utf-8
cache-control: no-cache
content-length: 78528

19:02:09.938 [AsyncHttpClient-1-10] DEBUG org.asynchttpclient.netty.channel.ChannelManager - Adding key: http://localhost:49382 for channel [id: 0xc2d73b89, L:/127.0.0.1:52625 - R:localhost/127.0.0.1:49382]
19:02:09.941 [main] DEBUG net.serenitybdd.core.photography.Darkroom - Send negative for processing for target\site\serenity\84bd35778360de8db463e8368f9af1c1f83c08a8707dd8cafcd6f3b3324f2103.png
19:02:09.942 [Darkroom Processing Line] DEBUG net.serenitybdd.core.photography.DarkroomProcessingLine - Processing screenshot image in /var/screenshots/screenshot-9660533043268198389
19:02:09.942 [Darkroom Processing Line] DEBUG net.serenitybdd.core.photography.DarkroomProcessingLine - Saving screenshot to target\site\serenity\84bd35778360de8db463e8368f9af1c1f83c08a8707dd8cafcd6f3b3324f2103.png
19:02:09.948 [Forwarding getPageSource on session 5e23f3b767f33a4f0e539e336a8f1681 to remote] DEBUG org.asynchttpclient.netty.request.NettyRequestSender - Using pooled Channel '[id: 0xc2d73b89, L:/127.0.0.1:52625 - R:localhost/127.0.0.1:49382]' for 'POST' to 'http://localhost:49382/session/5e23f3b767f33a4f0e539e336a8f1681/execute/sync'
19:02:09.949 [Forwarding getPageSource on session 5e23f3b767f33a4f0e539e336a8f1681 to remote] DEBUG org.asynchttpclient.netty.request.NettyRequestSender - Using open Channel [id: 0xc2d73b89, L:/127.0.0.1:52625 - R:localhost/127.0.0.1:49382] for POST '/session/5e23f3b767f33a4f0e539e336a8f1681/execute/sync'
19:02:09.994 [AsyncHttpClient-1-10] DEBUG org.asynchttpclient.netty.handler.HttpHandler - 

Request DefaultHttpRequest(decodeResult: success, version: HTTP/1.1)
POST /session/5e23f3b767f33a4f0e539e336a8f1681/execute/sync HTTP/1.1
User-Agent: selenium/4.1.2 (java windows)
Content-Length: 176
Content-Type: application/json; charset=utf-8
host: localhost:49382
accept: */*

Response DefaultHttpResponse(decodeResult: success, version: HTTP/1.1)
HTTP/1.1 200 OK
Content-Type: application/json; charset=utf-8
cache-control: no-cache
content-length: 523965

19:02:09.995 [AsyncHttpClient-1-10] DEBUG org.asynchttpclient.netty.channel.ChannelManager - Adding key: http://localhost:49382 for channel [id: 0xc2d73b89, L:/127.0.0.1:52625 - R:localhost/127.0.0.1:49382]
19:02:10.327 [Forwarding getCurrentUrl on session 5e23f3b767f33a4f0e539e336a8f1681 to remote] DEBUG org.asynchttpclient.netty.request.NettyRequestSender - Using pooled Channel '[id: 0xc2d73b89, L:/127.0.0.1:52625 - R:localhost/127.0.0.1:49382]' for 'GET' to 'http://localhost:49382/session/5e23f3b767f33a4f0e539e336a8f1681/url'
19:02:10.327 [Forwarding getCurrentUrl on session 5e23f3b767f33a4f0e539e336a8f1681 to remote] DEBUG org.asynchttpclient.netty.request.NettyRequestSender - Using open Channel [id: 0xc2d73b89, L:/127.0.0.1:52625 - R:localhost/127.0.0.1:49382] for GET '/session/5e23f3b767f33a4f0e539e336a8f1681/url'
19:02:10.337 [AsyncHttpClient-1-10] DEBUG org.asynchttpclient.netty.handler.HttpHandler - 

Request DefaultFullHttpRequest(decodeResult: success, version: HTTP/1.1, content: EmptyByteBufBE)
GET /session/5e23f3b767f33a4f0e539e336a8f1681/url HTTP/1.1
User-Agent: selenium/4.1.2 (java windows)
Cache-Control: no-cache
Content-Type: application/json; charset=utf-8
host: localhost:49382
accept: */*

Response DefaultHttpResponse(decodeResult: success, version: HTTP/1.1)
HTTP/1.1 200 OK
Content-Type: application/json; charset=utf-8
cache-control: no-cache
content-length: 31

19:02:10.338 [AsyncHttpClient-1-10] DEBUG org.asynchttpclient.netty.channel.ChannelManager - Adding key: http://localhost:49382 for channel [id: 0xc2d73b89, L:/127.0.0.1:52625 - R:localhost/127.0.0.1:49382]
  &amp#27;[31mAnd &amp#27;[0m&amp#27;[31mI click Detail button on a product for rating&amp#27;[0m &amp#27;[90m# starter.stepdefinitions.RatingSteps.clickDetailButton()&amp#27;[0m
      &amp#27;[31mnet.thucydides.core.webdriver.exceptions.ElementShouldBeEnabledException: Expected enabled element was not enabled
	at net.serenitybdd.core.pages.WebElementFacadeImpl.waitUntilEnabled(WebElementFacadeImpl.java:1100)
	at net.serenitybdd.core.pages.WebElementFacadeImpl.waitUntilElementAvailable(WebElementFacadeImpl.java:888)
	at net.serenitybdd.core.pages.WebElementFacadeImpl.click(WebElementFacadeImpl.java:1182)
	at net.serenitybdd.core.pages.WebElementFacadeImpl.click(WebElementFacadeImpl.java:1201)
	at MiniProject@1.0-SNAPSHOT/starter.pages.RatingPage.clickDetailButton(RatingPage.java:19)
	at MiniProject@1.0-SNAPSHOT/starter.pages.RatingPage$ByteBuddy$YpKPVWKF.clickDetailButton$accessor$m23NGpVe(Unknown Source)
	at java.base/jdk.internal.reflect.NativeMethodAccessorImpl.invoke0(Native Method)
	at java.base/jdk.internal.reflect.NativeMethodAccessorImpl.invoke(NativeMethodAccessorImpl.java:62)
	at java.base/jdk.internal.reflect.DelegatingMethodAccessorImpl.invoke(DelegatingMethodAccessorImpl.java:43)
	at java.base/java.lang.reflect.Method.invoke(Method.java:566)
	at net.thucydides.core.steps.StepInterceptor.invokeMethod(StepInterceptor.java:503)
	at net.thucydides.core.steps.StepInterceptor.executeTestStepMethod(StepInterceptor.java:483)
	at net.thucydides.core.steps.StepInterceptor.runTestStep(StepInterceptor.java:457)
	at net.thucydides.core.steps.StepInterceptor.runOrSkipMethod(StepInterceptor.java:209)
	at net.thucydides.core.steps.StepInterceptor.testStepResult(StepInterceptor.java:196)
	at net.thucydides.core.steps.StepInterceptor.intercept(StepInterceptor.java:84)
	at net.thucydides.core.steps.ProxyConfiguration$InterceptorDispatcher.intercept(ProxyConfiguration.java:51)
	at MiniProject@1.0-SNAPSHOT/starter.pages.RatingPage$ByteBuddy$YpKPVWKF.clickDetailButton(Unknown Source)
	at MiniProject@1.0-SNAPSHOT/starter.stepdefinitions.RatingSteps.clickDetailButton(RatingSteps.java:45)
	at âœ½.I click Detail button on a product for rating(file:///D:/Intern/MSIB%20Alterra/alterra-mini-project/serenity-web-ui-test/src/test/resources/features/Rating.feature:9)
Caused by: org.openqa.selenium.TimeoutException: Expected condition failed: waiting for By.xpath: //*[@id="1577"]/div/div[3]/div[2]/button[1] to be enabled (tried for 5 second(s) with 100 milliseconds interval)
	at org.openqa.selenium.support.ui.FluentWait.timeoutException(FluentWait.java:263)
	at org.openqa.selenium.support.ui.FluentWait.until(FluentWait.java:231)
	at net.serenitybdd.core.pages.WebElementFacadeImpl.waitUntilEnabled(WebElementFacadeImpl.java:1097)
	at net.serenitybdd.core.pages.WebElementFacadeImpl.waitUntilElementAvailable(WebElementFacadeImpl.java:888)
	at net.serenitybdd.core.pages.WebElementFacadeImpl.click(WebElementFacadeImpl.java:1182)
	at net.serenitybdd.core.pages.WebElementFacadeImpl.click(WebElementFacadeImpl.java:1201)
	at MiniProject@1.0-SNAPSHOT/starter.pages.RatingPage.clickDetailButton(RatingPage.java:19)
	at MiniProject@1.0-SNAPSHOT/starter.pages.RatingPage$ByteBuddy$YpKPVWKF.clickDetailButton$accessor$m23NGpVe(Unknown Source)
	at java.base/jdk.internal.reflect.NativeMethodAccessorImpl.invoke0(Native Method)
	at java.base/jdk.internal.reflect.NativeMethodAccessorImpl.invoke(NativeMethodAccessorImpl.java:62)
	at java.base/jdk.internal.reflect.DelegatingMethodAccessorImpl.invoke(DelegatingMethodAccessorImpl.java:43)
	at java.base/java.lang.reflect.Method.invoke(Method.java:566)
	at net.thucydides.core.steps.StepInterceptor.invokeMethod(StepInterceptor.java:503)
	at net.thucydides.core.steps.StepInterceptor.executeTestStepMethod(StepInterceptor.java:483)
	at net.thucydides.core.steps.StepInterceptor.runTestStep(StepInterceptor.java:457)
	at net.thucydides.core.steps.StepInterceptor.runOrSkipMethod(StepInterceptor.java:209)
	at net.thucydides.core.steps.StepInterceptor.testStepResult(StepInterceptor.java:196)
	at net.thucydides.core.steps.StepInterceptor.intercept(StepInterceptor.java:84)
	at net.thucydides.core.steps.ProxyConfiguration$InterceptorDispatcher.intercept(ProxyConfiguration.java:51)
	at MiniProject@1.0-SNAPSHOT/starter.pages.RatingPage$ByteBuddy$YpKPVWKF.clickDetailButton(Unknown Source)
	at MiniProject@1.0-SNAPSHOT/starter.stepdefinitions.RatingSteps.clickDetailButton(RatingSteps.java:45)
	at java.base/jdk.internal.reflect.NativeMethodAccessorImpl.invoke0(Native Method)
	at java.base/jdk.internal.reflect.NativeMethodAccessorImpl.invoke(NativeMethodAccessorImpl.java:62)
	at java.base/jdk.internal.reflect.DelegatingMethodAccessorImpl.invoke(DelegatingMethodAccessorImpl.java:43)
	at java.base/java.lang.reflect.Method.invoke(Method.java:566)
	at io.cucumber.java.Invoker.doInvoke(Invoker.java:66)
	at io.cucumber.java.Invoker.invoke(Invoker.java:24)
	at io.cucumber.java.AbstractGlueDefinition.invokeMethod(AbstractGlueDefinition.java:47)
	at io.cucumber.java.JavaStepDefinition.execute(JavaStepDefinition.java:29)
	at io.cucumber.core.runner.CoreStepDefinition.execute(CoreStepDefinition.java:66)
	at io.cucumber.core.runner.PickleStepDefinitionMatch.runStep(PickleStepDefinitionMatch.java:63)
	at io.cucumber.core.runner.ExecutionMode$1.execute(ExecutionMode.java:10)
	at io.cucumber.core.runner.TestStep.executeStep(TestStep.java:86)
	at io.cucumber.core.runner.TestStep.run(TestStep.java:57)
	at io.cucumber.core.runner.PickleStepTestStep.run(PickleStepTestStep.java:51)
	at io.cucumber.core.runner.TestCase.run(TestCase.java:95)
	at io.cucumber.core.runner.Runner.runPickle(Runner.java:75)
	at io.cucumber.junit.PickleRunners$NoStepDescriptions.lambda$run$0(PickleRunners.java:151)
	at io.cucumber.core.runtime.CucumberExecutionContext.lambda$runTestCase$3(CucumberExecutionContext.java:151)
	at io.cucumber.core.runtime.RethrowingThrowableCollector.executeAndThrow(RethrowingThrowableCollector.java:23)
	at io.cucumber.core.runtime.CucumberExecutionContext.runTestCase(CucumberExecutionContext.java:151)
	at io.cucumber.junit.PickleRunners$NoStepDescriptions.run(PickleRunners.java:148)
	at io.cucumber.junit.FeatureRunner.runChild(FeatureRunner.java:144)
	at io.cucumber.junit.FeatureRunner.runChild(FeatureRunner.java:28)
	at org.junit.runners.ParentRunner$4.run(ParentRunner.java:331)
	at org.junit.runners.ParentRunner$1.schedule(ParentRunner.java:79)
	at org.junit.runners.ParentRunner.runChildren(ParentRunner.java:329)
	at org.junit.runners.ParentRunner.access$100(ParentRunner.java:66)
	at org.junit.runners.ParentRunner$2.evaluate(ParentRunner.java:293)
	at org.junit.runners.ParentRunner$3.evaluate(ParentRunner.java:306)
	at org.junit.runners.ParentRunner.run(ParentRunner.java:413)
	at io.cucumber.junit.FeatureRunner.run(FeatureRunner.java:137)
	at io.cucumber.junit.CucumberSerenityRunner.runChild(CucumberSerenityRunner.java:258)
	at io.cucumber.junit.CucumberSerenityRunner.runChild(CucumberSerenityRunner.java:58)
	at org.junit.runners.ParentRunner$4.run(ParentRunner.java:331)
	at org.junit.runners.ParentRunner$1.schedule(ParentRunner.java:79)
	at org.junit.runners.ParentRunner.runChildren(ParentRunner.java:329)
	at org.junit.runners.ParentRunner.access$100(ParentRunner.java:66)
	at org.junit.runners.ParentRunner$2.evaluate(ParentRunner.java:293)
	at io.cucumber.junit.CucumberSerenityRunner$RunCucumber.evaluate(CucumberSerenityRunner.java:287)
	at org.junit.runners.ParentRunner$3.evaluate(ParentRunner.java:306)
	at org.junit.runners.ParentRunner.run(ParentRunner.java:413)
	at org.junit.runner.JUnitCore.run(JUnitCore.java:137)
	at org.junit.runner.JUnitCore.run(JUnitCore.java:115)
	at org.junit.vintage.engine.execution.RunnerExecutor.execute(RunnerExecutor.java:42)
	at org.junit.vintage.engine.VintageTestEngine.executeAllChildren(VintageTestEngine.java:80)
	at org.junit.vintage.engine.VintageTestEngine.execute(VintageTestEngine.java:72)
	at org.junit.platform.launcher.core.EngineExecutionOrchestrator.execute(EngineExecutionOrchestrator.java:107)
	at org.junit.platform.launcher.core.EngineExecutionOrchestrator.execute(EngineExecutionOrchestrator.java:88)
	at org.junit.platform.launcher.core.EngineExecutionOrchestrator.lambda$execute$0(EngineExecutionOrchestrator.java:54)
	at org.junit.platform.launcher.core.EngineExecutionOrchestrator.withInterceptedStreams(EngineExecutionOrchestrator.java:67)
	at org.junit.platform.launcher.core.EngineExecutionOrchestrator.execute(EngineExecutionOrchestrator.java:52)
	at org.junit.platform.launcher.core.DefaultLauncher.execute(DefaultLauncher.java:114)
	at org.junit.platform.launcher.core.DefaultLauncher.execute(DefaultLauncher.java:86)
	at org.junit.platform.launcher.core.DefaultLauncherSession$DelegatingLauncher.execute(DefaultLauncherSession.java:86)
	at org.junit.platform.launcher.core.SessionPerRequestLauncher.execute(SessionPerRequestLauncher.java:53)
	at org.apache.maven.surefire.junitplatform.JUnitPlatformProvider.execute(JUnitPlatformProvider.java:188)
	at org.apache.maven.surefire.junitplatform.JUnitPlatformProvider.invokeAllTests(JUnitPlatformProvider.java:154)
	at org.apache.maven.surefire.junitplatform.JUnitPlatformProvider.invoke(JUnitPlatformProvider.java:128)
	at org.apache.maven.surefire.booter.ForkedBooter.runSuitesInProcess(ForkedBooter.java:428)
	at org.apache.maven.surefire.booter.ForkedBooter.execute(ForkedBooter.java:162)
	at org.apache.maven.surefire.booter.ForkedBooter.run(ForkedBooter.java:562)
	at org.apache.maven.surefire.booter.ForkedBooter.main(ForkedBooter.java:548)
Caused by: org.openqa.selenium.NoSuchElementException: no such element: Unable to locate element: {"method":"xpath","selector":"//*[@id="1577"]/div/div[3]/div[2]/button[1]"}
  (Session info: chrome=101.0.4951.67)
For documentation on this error, please visit: https://selenium.dev/exceptions/#no_such_element
Build info: version: '4.1.2', revision: '9a5a329c5a'
System info: host: 'LAPTOP-C9HMLVEQ', ip: '169.254.156.178', os.name: 'Windows 10', os.arch: 'amd64', os.version: '10.0', java.version: '11.0.13'
Driver info: org.openqa.selenium.chrome.ChromeDriver
Command: [5e23f3b767f33a4f0e539e336a8f1681, findElement {using=xpath, value=//*[@id="1577"]/div/div[3]/div[2]/button[1]}]
Capabilities {acceptInsecureCerts: false, browserName: chrome, browserVersion: 101.0.4951.67, chrome: {chromedriverVersion: 101.0.4951.41 (93c720db8323..., userDataDir: C:\Users\saral\AppData\Loca...}, goog:chromeOptions: {debuggerAddress: localhost:52628}, javascriptEnabled: true, networkConnectionEnabled: false, pageLoadStrategy: normal, platform: WINDOWS, platformName: WINDOWS, proxy: Proxy(), se:cdp: ws://localhost:52628/devtoo..., se:cdpVersion: 101.0.4951.67, setWindowRect: true, strictFileInteractability: false, timeouts: {implicit: 0, pageLoad: 300000, script: 30000}, unhandledPromptBehavior: dismiss and notify, webauthn:extension:credBlob: true, webauthn:extension:largeBlob: true, webauthn:virtualAuthenticators: true}
Session ID: 5e23f3b767f33a4f0e539e336a8f1681
	at java.base/jdk.internal.reflect.NativeConstructorAccessorImpl.newInstance0(Native Method)
	at java.base/jdk.internal.reflect.NativeConstructorAccessorImpl.newInstance(NativeConstructorAccessorImpl.java:62)
	at java.base/jdk.internal.reflect.DelegatingConstructorAccessorImpl.newInstance(DelegatingConstructorAccessorImpl.java:45)
	at java.base/java.lang.reflect.Constructor.newInstance(Constructor.java:490)
	at org.openqa.selenium.remote.codec.w3c.W3CHttpResponseCodec.createException(W3CHttpResponseCodec.java:200)
	at org.openqa.selenium.remote.codec.w3c.W3CHttpResponseCodec.decode(W3CHttpResponseCodec.java:133)
	at org.openqa.selenium.remote.codec.w3c.W3CHttpResponseCodec.decode(W3CHttpResponseCodec.java:53)
	at org.openqa.selenium.remote.HttpCommandExecutor.execute(HttpCommandExecutor.java:184)
	at org.openqa.selenium.remote.service.DriverCommandExecutor.invokeExecute(DriverCommandExecutor.java:167)
	at org.openqa.selenium.remote.service.DriverCommandExecutor.execute(DriverCommandExecutor.java:142)
	at org.openqa.selenium.remote.RemoteWebDriver.execute(RemoteWebDriver.java:558)
	at org.openqa.selenium.remote.ElementLocation$ElementFinder$2.findElement(ElementLocation.java:162)
	at org.openqa.selenium.remote.ElementLocation.findElement(ElementLocation.java:60)
	at org.openqa.selenium.remote.RemoteWebDriver.findElement(RemoteWebDriver.java:382)
	at org.openqa.selenium.remote.RemoteWebDriver.findElement(RemoteWebDriver.java:374)
	at net.thucydides.core.webdriver.WebDriverFacade.findElement(WebDriverFacade.java:224)
	at net.serenitybdd.core.pages.WebElementResolverByLocator.resolveForDriver(WebElementResolverByLocator.java:25)
	at net.serenitybdd.core.pages.WebElementFacadeImpl.getResolvedElement(WebElementFacadeImpl.java:191)
	at net.serenitybdd.core.pages.WebElementFacadeImpl.getElement(WebElementFacadeImpl.java:186)
	at net.serenitybdd.core.pages.WebElementExpectations$3.apply(WebElementExpectations.java:63)
	at net.serenitybdd.core.pages.WebElementExpectations$3.apply(WebElementExpectations.java:55)
	at org.openqa.selenium.support.ui.FluentWait.until(FluentWait.java:208)
	... 81 more
&amp#27;[0m
  &amp#27;[36mAnd &amp#27;[0m&amp#27;[36mI click star icon for rating&amp#27;[0m                  &amp#27;[90m# starter.stepdefinitions.RatingSteps.clickStarIcon()&amp#27;[0m
  &amp#27;[36mThen &amp#27;[0m&amp#27;[36mI am still on Product Page&amp#27;[0m                   &amp#27;[90m# starter.stepdefinitions.RatingSteps.stillOnProductPage()&amp#27;[0m
19:02:10.404 [main] ERROR  - 
  _____   ___   ___   _____     ___     _     ___   _      ___   ___  
 |_   _| | __| / __| |_   _|   | __|   /_\   |_ _| | |    | __| |   \ 
   | |   | _|  \__ \   | |     | _|   / _ \   | |  | |__  | _|  | |) |
   |_|   |___| |___/   |_|     |_|   /_/ \_\ |___| |____| |___| |___/ 

Logout an account
-----------------------------------------------------------------------
19:02:10.406 [main] DEBUG  - RELATED ISSUES: 
19:02:10.409 [main] ERROR  -     Test failed at step: Click detail button
19:02:10.409 [main] ERROR  -     Expected enabled element was not enabled
19:02:10.413 [AsyncHttpClient-1-12] DEBUG org.asynchttpclient.netty.handler.WebSocketHandler - Channel Closed: [id: 0xa834c63f, L:/127.0.0.1:52635 ! R:localhost/127.0.0.1:52628] with attribute NettyResponseFuture{currentRetry=5,
	isDone=1,
	isCancelled=0,
	asyncHandler=org.asynchttpclient.ws.WebSocketUpgradeHandler@55805535,
	nettyRequest=org.asynchttpclient.netty.request.NettyRequest@1577faf1,
	future=java.util.concurrent.CompletableFuture@2d04493f[Completed normally],
	uri=ws://localhost:52628/devtools/browser/41323183-1a89-4ff6-b05c-12c767463748,
	keepAlive=true,
	redirectCount=0,
	timeoutsHolder=null,
	inAuth=0,
	touch=1652875317572}
19:02:10.413 [AsyncHttpClient-1-12] DEBUG org.asynchttpclient.netty.channel.ChannelManager - Closing Channel [id: 0xa834c63f, L:/127.0.0.1:52635 ! R:localhost/127.0.0.1:52628] 
19:02:10.415 [Driver Command Executor] DEBUG org.asynchttpclient.netty.request.NettyRequestSender - Using pooled Channel '[id: 0xc2d73b89, L:/127.0.0.1:52625 - R:localhost/127.0.0.1:49382]' for 'DELETE' to 'http://localhost:49382/session/5e23f3b767f33a4f0e539e336a8f1681'
19:02:10.415 [Driver Command Executor] DEBUG org.asynchttpclient.netty.request.NettyRequestSender - Using open Channel [id: 0xc2d73b89, L:/127.0.0.1:52625 - R:localhost/127.0.0.1:49382] for DELETE '/session/5e23f3b767f33a4f0e539e336a8f1681'
19:02:10.529 [AsyncHttpClient-1-11] DEBUG org.asynchttpclient.netty.handler.HttpHandler - Unexpected I/O exception on channel [id: 0x2bfdc703, L:/127.0.0.1:52634 - R:localhost/127.0.0.1:52628]
java.io.IOException: An existing connection was forcibly closed by the remote host
	at java.base/sun.nio.ch.SocketDispatcher.read0(Native Method)
	at java.base/sun.nio.ch.SocketDispatcher.read(SocketDispatcher.java:43)
	at java.base/sun.nio.ch.IOUtil.readIntoNativeBuffer(IOUtil.java:276)
	at java.base/sun.nio.ch.IOUtil.read(IOUtil.java:233)
	at java.base/sun.nio.ch.IOUtil.read(IOUtil.java:223)
	at java.base/sun.nio.ch.SocketChannelImpl.read(SocketChannelImpl.java:358)
	at io.netty.buffer.PooledByteBuf.setBytes(PooledByteBuf.java:258)
	at io.netty.buffer.AbstractByteBuf.writeBytes(AbstractByteBuf.java:1132)
	at io.netty.channel.socket.nio.NioSocketChannel.doReadBytes(NioSocketChannel.java:350)
	at io.netty.channel.nio.AbstractNioByteChannel$NioByteUnsafe.read(AbstractNioByteChannel.java:151)
	at io.netty.channel.nio.NioEventLoop.processSelectedKey(NioEventLoop.java:722)
	at io.netty.channel.nio.NioEventLoop.processSelectedKeysOptimized(NioEventLoop.java:658)
	at io.netty.channel.nio.NioEventLoop.processSelectedKeys(NioEventLoop.java:584)
	at io.netty.channel.nio.NioEventLoop.run(NioEventLoop.java:496)
	at io.netty.util.concurrent.SingleThreadEventExecutor$4.run(SingleThreadEventExecutor.java:986)
	at io.netty.util.internal.ThreadExecutorMap$2.run(ThreadExecutorMap.java:74)
	at io.netty.util.concurrent.FastThreadLocalRunnable.run(FastThreadLocalRunnable.java:30)
	at java.base/java.lang.Thread.run(Thread.java:834)
19:02:10.530 [AsyncHttpClient-1-11] DEBUG org.asynchttpclient.netty.channel.ChannelManager - Closing Channel [id: 0x2bfdc703, L:/127.0.0.1:52634 - R:localhost/127.0.0.1:52628] 
19:02:10.530 [AsyncHttpClient-1-11] DEBUG org.asynchttpclient.netty.handler.HttpHandler - Channel Closed: [id: 0x2bfdc703, L:/127.0.0.1:52634 ! R:localhost/127.0.0.1:52628] with attribute DISCARD
19:02:10.577 [AsyncHttpClient-1-10] DEBUG org.asynchttpclient.netty.handler.HttpHandler - 

Request DefaultFullHttpRequest(decodeResult: success, version: HTTP/1.1, content: EmptyByteBufBE)
DELETE /session/5e23f3b767f33a4f0e539e336a8f1681 HTTP/1.1
User-Agent: selenium/4.1.2 (java windows)
Content-Type: application/json; charset=utf-8
host: localhost:49382
accept: */*

Response DefaultHttpResponse(decodeResult: success, version: HTTP/1.1)
HTTP/1.1 200 OK
Content-Type: application/json; charset=utf-8
cache-control: no-cache
content-length: 14

19:02:10.577 [AsyncHttpClient-1-10] DEBUG org.asynchttpclient.netty.channel.ChannelManager - Adding key: http://localhost:49382 for channel [id: 0xc2d73b89, L:/127.0.0.1:52625 - R:localhost/127.0.0.1:49382]
19:02:10.783 [AsyncHttpClient-1-10] DEBUG org.asynchttpclient.netty.handler.HttpHandler - Channel Closed: [id: 0xc2d73b89, L:/127.0.0.1:52625 ! R:localhost/127.0.0.1:49382] with attribute DISCARD
19:02:10.957 [AsyncHttpClient-1-1] DEBUG org.asynchttpclient.netty.channel.DefaultChannelPool - Entry count for : http://localhost:49382 : 1
19:02:10.957 [AsyncHttpClient-1-1] DEBUG org.asynchttpclient.netty.channel.DefaultChannelPool - Entry count for : http://localhost:52628 : 1
19:02:10.957 [AsyncHttpClient-1-1] DEBUG org.asynchttpclient.netty.channel.DefaultChannelPool - Adding Candidate expired Channel [id: 0xc2d73b89, L:/127.0.0.1:52625 ! R:localhost/127.0.0.1:49382] isIdleTimeoutExpired=false isRemotelyClosed=true isTtlExpired=false
19:02:10.957 [AsyncHttpClient-1-1] DEBUG org.asynchttpclient.netty.channel.DefaultChannelPool - Closing Idle Channel [id: 0xc2d73b89, L:/127.0.0.1:52625 ! R:localhost/127.0.0.1:49382]
19:02:10.957 [AsyncHttpClient-1-1] DEBUG org.asynchttpclient.netty.channel.DefaultChannelPool - Adding Candidate expired Channel [id: 0x2bfdc703, L:/127.0.0.1:52634 ! R:localhost/127.0.0.1:52628] isIdleTimeoutExpired=false isRemotelyClosed=true isTtlExpired=false
19:02:10.957 [AsyncHttpClient-1-1] DEBUG org.asynchttpclient.netty.channel.DefaultChannelPool - Closing Idle Channel [id: 0x2bfdc703, L:/127.0.0.1:52634 ! R:localhost/127.0.0.1:52628]
19:02:10.957 [AsyncHttpClient-1-1] DEBUG org.asynchttpclient.netty.channel.DefaultChannelPool - Closed 2 connections out of 2 in 0 ms
]]></system-out>
    <system-err><![CDATA[Starting ChromeDriver 101.0.4951.41 (93c720db8323b3ec10d056025ab95c23a31997c9-refs/branch-heads/4951@{#904}) on port 49382
Only local connections are allowed.
Please see https://chromedriver.chromium.org/security-considerations for suggestions on keeping ChromeDriver safe.
ChromeDriver was started successfully.
May 18, 2022 7:01:57 PM org.openqa.selenium.remote.ProtocolHandshake createSession
INFO: Detected dialect: W3C
May 18, 2022 7:01:57 PM org.openqa.selenium.devtools.CdpVersionFinder findNearestMatch
WARNING: Unable to find an exact match for CDP version 101, so returning the closest version found: 97
May 18, 2022 7:01:57 PM org.openqa.selenium.devtools.CdpVersionFinder findNearestMatch
INFO: Found CDP implementation for version 101 of 97
]]></system-err>
  </testcase>
  <testcase name="register with valid data" classname="Register" time="7.702">
    <system-out><![CDATA[19:02:11.313 [main] INFO io.cucumber.core.plugin.SerenityReporter - Running feature from file:///D:/Intern/MSIB%20Alterra/alterra-mini-project/serenity-web-ui-test/src/test/resources/features/Register.feature
19:02:11.317 [main] DEBUG net.thucydides.core.steps.StepEventBus - Test suite started for story net.thucydides.core.model.Story@30e75088
19:02:11.318 [main] INFO  - Test Suite Started: Register

Scenario: register with valid data           &amp#27;[90m# src/test/resources/features/Register.feature:4&amp#27;[0m
19:02:11.327 [main] INFO io.cucumber.core.plugin.SerenityReporter - Running feature from file:///D:/Intern/MSIB%20Alterra/alterra-mini-project/serenity-web-ui-test/src/test/resources/features/Register.feature
19:02:11.329 [main] INFO  - 
  _____   ___   ___   _____     ___   _____     _     ___   _____   ___   ___  
 |_   _| | __| / __| |_   _|   / __| |_   _|   /_\   | _ \ |_   _| | __| |   \ 
   | |   | _|  \__ \   | |     \__ \   | |    / _ \  |   /   | |   | _|  | |) |
   |_|   |___| |___/   |_|     |___/   |_|   /_/ \_\ |_|_\   |_|   |___| |___/ 

register with valid data(register;register-with-valid-data)
--------------------------------------------------------------------------------
19:02:11.424 [main] DEBUG net.thucydides.core.steps.StepInterceptor - STARTING STEP: RegisterSteps.onTheRegisterPage - registerPage
19:02:11.426 [main] INFO net.serenitybdd.core.webdriver.driverproviders.ChromeDriverProvider - Using automatically driver download
19:02:11.565 [main] DEBUG io.github.bonigarcia.wdm.cache.ResolutionCache - Resolution chrome=101 in cache (valid until 20:00:39 18/05/2022 ICT)
19:02:11.579 [main] DEBUG io.github.bonigarcia.wdm.cache.ResolutionCache - Resolution chrome101=101.0.4951.41 in cache (valid until 19:00:39 19/05/2022 ICT)
19:02:11.589 [main] INFO io.github.bonigarcia.wdm.WebDriverManager - Using chromedriver 101.0.4951.41 (resolved driver for Chrome 101)
19:02:11.611 [main] DEBUG io.github.bonigarcia.wdm.WebDriverManager - Driver chromedriver 101.0.4951.41 found in cache
19:02:11.612 [main] INFO io.github.bonigarcia.wdm.WebDriverManager - Exporting webdriver.chrome.driver as C:\Users\saral\.cache\selenium\chromedriver\win32\101.0.4951.41\chromedriver.exe
19:02:11.766 [main] DEBUG net.serenitybdd.core.webdriver.driverproviders.ProvideNewDriver - Instantiating driver
19:02:11.766 [main] DEBUG net.serenitybdd.core.webdriver.driverproviders.ProvideNewDriver - Driver capabilities: Capabilities {acceptInsecureCerts: false, base.url: https://qa.alta.id/, browserName: chrome, chrome.driver: src/main/resources/webdrive..., driver: chrome, goog:chromeOptions: {args: [], extensions: []}}
19:02:12.849 [AsyncHttpClient-1-13] DEBUG org.asynchttpclient.netty.channel.NettyConnectListener - Using new Channel '[id: 0xa723e5ba, L:/127.0.0.1:52671 - R:localhost/127.0.0.1:64419]' for 'POST' to '/session'
19:02:14.235 [AsyncHttpClient-1-13] DEBUG org.asynchttpclient.netty.handler.HttpHandler - 

Request DefaultHttpRequest(decodeResult: success, version: HTTP/1.1)
POST /session HTTP/1.1
User-Agent: selenium/4.1.2 (java windows)
Content-Length: 605
Content-Type: application/json; charset=utf-8
host: localhost:64419
accept: */*

Response DefaultHttpResponse(decodeResult: success, version: HTTP/1.1)
HTTP/1.1 200 OK
Content-Type: application/json; charset=utf-8
cache-control: no-cache
content-length: 789

19:02:14.235 [AsyncHttpClient-1-13] DEBUG org.asynchttpclient.netty.channel.ChannelManager - Adding key: http://localhost:64419 for channel [id: 0xa723e5ba, L:/127.0.0.1:52671 - R:localhost/127.0.0.1:64419]
19:02:14.250 [AsyncHttpClient-1-14] DEBUG org.asynchttpclient.netty.channel.NettyConnectListener - Using new Channel '[id: 0x06303056, L:/127.0.0.1:52678 - R:localhost/127.0.0.1:52672]' for 'GET' to '/json/version'
19:02:14.252 [AsyncHttpClient-1-14] DEBUG org.asynchttpclient.netty.handler.HttpHandler - 

Request DefaultFullHttpRequest(decodeResult: success, version: HTTP/1.1, content: EmptyByteBufBE)
GET /json/version HTTP/1.1
User-Agent: selenium/4.1.2 (java windows)
host: localhost:52672
accept: */*

Response DefaultHttpResponse(decodeResult: success, version: HTTP/1.1)
HTTP/1.1 200 OK
Content-Type: application/json; charset=UTF-8
content-length: 427

19:02:14.252 [AsyncHttpClient-1-14] DEBUG org.asynchttpclient.netty.channel.ChannelManager - Adding key: http://localhost:52672 for channel [id: 0x06303056, L:/127.0.0.1:52678 - R:localhost/127.0.0.1:52672]
19:02:14.255 [AsyncHttpClient-1-15] DEBUG org.asynchttpclient.netty.channel.NettyConnectListener - Using new Channel '[id: 0x5a46c7ab, L:/127.0.0.1:52679 - R:localhost/127.0.0.1:52672]' for 'GET' to '/devtools/browser/1bff428d-3ab8-4e58-a498-34dd757ebab5'
19:02:14.255 [AsyncHttpClient-1-15] DEBUG org.asynchttpclient.netty.handler.WebSocketHandler - 

Request DefaultFullHttpRequest(decodeResult: success, version: HTTP/1.1, content: EmptyByteBufBE)
GET /devtools/browser/1bff428d-3ab8-4e58-a498-34dd757ebab5 HTTP/1.1
upgrade: websocket
connection: upgrade
sec-websocket-key: s5VwG6dsPXlC2yfZmkRzSA==
sec-websocket-version: 13
origin: http://localhost:52672
host: localhost:52672
accept: */*
user-agent: AHC/2.1

Response DefaultHttpResponse(decodeResult: success, version: HTTP/1.1)
HTTP/1.1 101 WebSocket Protocol Handshake
Upgrade: WebSocket
Connection: Upgrade
Sec-WebSocket-Accept: XSy4KDY42rSJlpNn6W24xapT8Fw=

19:02:14.257 [AsyncHttpClient-1-1] DEBUG org.asynchttpclient.netty.channel.DefaultChannelPool - Entry count for : http://localhost:64419 : 1
19:02:14.257 [AsyncHttpClient-1-1] DEBUG org.asynchttpclient.netty.channel.DefaultChannelPool - Entry count for : http://localhost:52672 : 1
19:02:14.259 [Forwarding get on session 3fc641c293bd1b645f0ec28adff92575 to remote] DEBUG org.asynchttpclient.netty.request.NettyRequestSender - Using pooled Channel '[id: 0xa723e5ba, L:/127.0.0.1:52671 - R:localhost/127.0.0.1:64419]' for 'POST' to 'http://localhost:64419/session/3fc641c293bd1b645f0ec28adff92575/url'
19:02:14.259 [Forwarding get on session 3fc641c293bd1b645f0ec28adff92575 to remote] DEBUG org.asynchttpclient.netty.request.NettyRequestSender - Using open Channel [id: 0xa723e5ba, L:/127.0.0.1:52671 - R:localhost/127.0.0.1:64419] for POST '/session/3fc641c293bd1b645f0ec28adff92575/url'
19:02:15.357 [AsyncHttpClient-1-1] DEBUG org.asynchttpclient.netty.channel.DefaultChannelPool - Entry count for : http://localhost:52672 : 1
19:02:15.499 [AsyncHttpClient-1-13] DEBUG org.asynchttpclient.netty.handler.HttpHandler - 

Request DefaultHttpRequest(decodeResult: success, version: HTTP/1.1)
POST /session/3fc641c293bd1b645f0ec28adff92575/url HTTP/1.1
User-Agent: selenium/4.1.2 (java windows)
Content-Length: 67
Content-Type: application/json; charset=utf-8
host: localhost:64419
accept: */*

Response DefaultHttpResponse(decodeResult: success, version: HTTP/1.1)
HTTP/1.1 200 OK
Content-Type: application/json; charset=utf-8
cache-control: no-cache
content-length: 14

19:02:15.499 [AsyncHttpClient-1-13] DEBUG org.asynchttpclient.netty.channel.ChannelManager - Adding key: http://localhost:64419 for channel [id: 0xa723e5ba, L:/127.0.0.1:52671 - R:localhost/127.0.0.1:64419]
19:02:15.500 [Forwarding setTimeout on session 3fc641c293bd1b645f0ec28adff92575 to remote] DEBUG org.asynchttpclient.netty.request.NettyRequestSender - Using pooled Channel '[id: 0xa723e5ba, L:/127.0.0.1:52671 - R:localhost/127.0.0.1:64419]' for 'POST' to 'http://localhost:64419/session/3fc641c293bd1b645f0ec28adff92575/timeouts'
19:02:15.500 [Forwarding setTimeout on session 3fc641c293bd1b645f0ec28adff92575 to remote] DEBUG org.asynchttpclient.netty.request.NettyRequestSender - Using open Channel [id: 0xa723e5ba, L:/127.0.0.1:52671 - R:localhost/127.0.0.1:64419] for POST '/session/3fc641c293bd1b645f0ec28adff92575/timeouts'
19:02:15.501 [AsyncHttpClient-1-13] DEBUG org.asynchttpclient.netty.handler.HttpHandler - 

Request DefaultHttpRequest(decodeResult: success, version: HTTP/1.1)
POST /session/3fc641c293bd1b645f0ec28adff92575/timeouts HTTP/1.1
User-Agent: selenium/4.1.2 (java windows)
Content-Length: 22
Content-Type: application/json; charset=utf-8
host: localhost:64419
accept: */*

Response DefaultHttpResponse(decodeResult: success, version: HTTP/1.1)
HTTP/1.1 200 OK
Content-Type: application/json; charset=utf-8
cache-control: no-cache
content-length: 14

19:02:15.502 [AsyncHttpClient-1-13] DEBUG org.asynchttpclient.netty.channel.ChannelManager - Adding key: http://localhost:64419 for channel [id: 0xa723e5ba, L:/127.0.0.1:52671 - R:localhost/127.0.0.1:64419]
19:02:15.505 [Forwarding getCurrentUrl on session 3fc641c293bd1b645f0ec28adff92575 to remote] DEBUG org.asynchttpclient.netty.request.NettyRequestSender - Using pooled Channel '[id: 0xa723e5ba, L:/127.0.0.1:52671 - R:localhost/127.0.0.1:64419]' for 'GET' to 'http://localhost:64419/session/3fc641c293bd1b645f0ec28adff92575/url'
19:02:15.505 [Forwarding getCurrentUrl on session 3fc641c293bd1b645f0ec28adff92575 to remote] DEBUG org.asynchttpclient.netty.request.NettyRequestSender - Using open Channel [id: 0xa723e5ba, L:/127.0.0.1:52671 - R:localhost/127.0.0.1:64419] for GET '/session/3fc641c293bd1b645f0ec28adff92575/url'
19:02:15.516 [AsyncHttpClient-1-13] DEBUG org.asynchttpclient.netty.handler.HttpHandler - 

Request DefaultFullHttpRequest(decodeResult: success, version: HTTP/1.1, content: EmptyByteBufBE)
GET /session/3fc641c293bd1b645f0ec28adff92575/url HTTP/1.1
User-Agent: selenium/4.1.2 (java windows)
Cache-Control: no-cache
Content-Type: application/json; charset=utf-8
host: localhost:64419
accept: */*

Response DefaultHttpResponse(decodeResult: success, version: HTTP/1.1)
HTTP/1.1 200 OK
Content-Type: application/json; charset=utf-8
cache-control: no-cache
content-length: 44

19:02:15.516 [AsyncHttpClient-1-13] DEBUG org.asynchttpclient.netty.channel.ChannelManager - Adding key: http://localhost:64419 for channel [id: 0xa723e5ba, L:/127.0.0.1:52671 - R:localhost/127.0.0.1:64419]
19:02:15.522 [main] DEBUG net.serenitybdd.core.photography.Darkroom - Opening darkroom
19:02:15.523 [Forwarding screenshot on session 3fc641c293bd1b645f0ec28adff92575 to remote] DEBUG org.asynchttpclient.netty.request.NettyRequestSender - Using pooled Channel '[id: 0xa723e5ba, L:/127.0.0.1:52671 - R:localhost/127.0.0.1:64419]' for 'GET' to 'http://localhost:64419/session/3fc641c293bd1b645f0ec28adff92575/screenshot'
19:02:15.523 [Forwarding screenshot on session 3fc641c293bd1b645f0ec28adff92575 to remote] DEBUG org.asynchttpclient.netty.request.NettyRequestSender - Using open Channel [id: 0xa723e5ba, L:/127.0.0.1:52671 - R:localhost/127.0.0.1:64419] for GET '/session/3fc641c293bd1b645f0ec28adff92575/screenshot'
19:02:15.526 [Darkroom Processing Line] DEBUG net.serenitybdd.core.photography.DarkroomProcessingLine - Darkroom processing line starting up
19:02:15.780 [AsyncHttpClient-1-13] DEBUG org.asynchttpclient.netty.handler.HttpHandler - 

Request DefaultFullHttpRequest(decodeResult: success, version: HTTP/1.1, content: EmptyByteBufBE)
GET /session/3fc641c293bd1b645f0ec28adff92575/screenshot HTTP/1.1
User-Agent: selenium/4.1.2 (java windows)
Cache-Control: no-cache
Content-Type: application/json; charset=utf-8
host: localhost:64419
accept: */*

Response DefaultHttpResponse(decodeResult: success, version: HTTP/1.1)
HTTP/1.1 200 OK
Content-Type: application/json; charset=utf-8
cache-control: no-cache
content-length: 37576

19:02:15.780 [AsyncHttpClient-1-13] DEBUG org.asynchttpclient.netty.channel.ChannelManager - Adding key: http://localhost:64419 for channel [id: 0xa723e5ba, L:/127.0.0.1:52671 - R:localhost/127.0.0.1:64419]
19:02:15.783 [main] DEBUG net.serenitybdd.core.photography.Darkroom - Send negative for processing for target\site\serenity\a7ccf41b77a9a7a591db44ebecd123572974338bd60237eef6c71f2062964664.png
19:02:15.783 [main] DEBUG net.thucydides.core.steps.StepInterceptor - STEP DONE: registerPage
19:02:15.784 [Darkroom Processing Line] DEBUG net.serenitybdd.core.photography.DarkroomProcessingLine - Processing screenshot image in /var/screenshots/screenshot-8441017943169359652
19:02:15.784 [Darkroom Processing Line] DEBUG net.serenitybdd.core.photography.DarkroomProcessingLine - Saving screenshot to target\site\serenity\a7ccf41b77a9a7a591db44ebecd123572974338bd60237eef6c71f2062964664.png
19:02:15.790 [main] DEBUG net.thucydides.core.steps.StepInterceptor - STARTING STEP: RegisterSteps.onTheRegisterPage - validateOnRegisterPage
19:02:15.792 [Forwarding findElement on session 3fc641c293bd1b645f0ec28adff92575 to remote] DEBUG org.asynchttpclient.netty.request.NettyRequestSender - Using pooled Channel '[id: 0xa723e5ba, L:/127.0.0.1:52671 - R:localhost/127.0.0.1:64419]' for 'POST' to 'http://localhost:64419/session/3fc641c293bd1b645f0ec28adff92575/element'
19:02:15.792 [Forwarding findElement on session 3fc641c293bd1b645f0ec28adff92575 to remote] DEBUG org.asynchttpclient.netty.request.NettyRequestSender - Using open Channel [id: 0xa723e5ba, L:/127.0.0.1:52671 - R:localhost/127.0.0.1:64419] for POST '/session/3fc641c293bd1b645f0ec28adff92575/element'
19:02:15.806 [AsyncHttpClient-1-13] DEBUG org.asynchttpclient.netty.handler.HttpHandler - 

Request DefaultHttpRequest(decodeResult: success, version: HTTP/1.1)
POST /session/3fc641c293bd1b645f0ec28adff92575/element HTTP/1.1
User-Agent: selenium/4.1.2 (java windows)
Content-Length: 155
Content-Type: application/json; charset=utf-8
host: localhost:64419
accept: */*

Response DefaultHttpResponse(decodeResult: success, version: HTTP/1.1)
HTTP/1.1 200 OK
Content-Type: application/json; charset=utf-8
cache-control: no-cache
content-length: 88

19:02:15.806 [AsyncHttpClient-1-13] DEBUG org.asynchttpclient.netty.channel.ChannelManager - Adding key: http://localhost:64419 for channel [id: 0xa723e5ba, L:/127.0.0.1:52671 - R:localhost/127.0.0.1:64419]
19:02:15.811 [Forwarding isElementDisplayed on session 3fc641c293bd1b645f0ec28adff92575 to remote] DEBUG org.asynchttpclient.netty.request.NettyRequestSender - Using pooled Channel '[id: 0xa723e5ba, L:/127.0.0.1:52671 - R:localhost/127.0.0.1:64419]' for 'POST' to 'http://localhost:64419/session/3fc641c293bd1b645f0ec28adff92575/execute/sync'
19:02:15.811 [Forwarding isElementDisplayed on session 3fc641c293bd1b645f0ec28adff92575 to remote] DEBUG org.asynchttpclient.netty.request.NettyRequestSender - Using open Channel [id: 0xa723e5ba, L:/127.0.0.1:52671 - R:localhost/127.0.0.1:64419] for POST '/session/3fc641c293bd1b645f0ec28adff92575/execute/sync'
19:02:15.824 [AsyncHttpClient-1-13] DEBUG org.asynchttpclient.netty.handler.HttpHandler - 

Request DefaultHttpRequest(decodeResult: success, version: HTTP/1.1)
POST /session/3fc641c293bd1b645f0ec28adff92575/execute/sync HTTP/1.1
User-Agent: selenium/4.1.2 (java windows)
Content-Length: 48780
Content-Type: application/json; charset=utf-8
host: localhost:64419
accept: */*

Response DefaultHttpResponse(decodeResult: success, version: HTTP/1.1)
HTTP/1.1 200 OK
Content-Type: application/json; charset=utf-8
cache-control: no-cache
content-length: 14

19:02:15.824 [AsyncHttpClient-1-13] DEBUG org.asynchttpclient.netty.channel.ChannelManager - Adding key: http://localhost:64419 for channel [id: 0xa723e5ba, L:/127.0.0.1:52671 - R:localhost/127.0.0.1:64419]
19:02:15.829 [main] DEBUG net.thucydides.core.steps.StepInterceptor - STEP DONE: validateOnRegisterPage
  &amp#27;[32mGiven &amp#27;[0m&amp#27;[32mI am on the register page&amp#27;[0m            &amp#27;[90m# starter.stepdefinitions.RegisterSteps.onTheRegisterPage()&amp#27;[0m
19:02:15.836 [Forwarding screenshot on session 3fc641c293bd1b645f0ec28adff92575 to remote] DEBUG org.asynchttpclient.netty.request.NettyRequestSender - Using pooled Channel '[id: 0xa723e5ba, L:/127.0.0.1:52671 - R:localhost/127.0.0.1:64419]' for 'GET' to 'http://localhost:64419/session/3fc641c293bd1b645f0ec28adff92575/screenshot'
19:02:15.836 [Forwarding screenshot on session 3fc641c293bd1b645f0ec28adff92575 to remote] DEBUG org.asynchttpclient.netty.request.NettyRequestSender - Using open Channel [id: 0xa723e5ba, L:/127.0.0.1:52671 - R:localhost/127.0.0.1:64419] for GET '/session/3fc641c293bd1b645f0ec28adff92575/screenshot'
19:02:15.935 [AsyncHttpClient-1-13] DEBUG org.asynchttpclient.netty.handler.HttpHandler - 

Request DefaultFullHttpRequest(decodeResult: success, version: HTTP/1.1, content: EmptyByteBufBE)
GET /session/3fc641c293bd1b645f0ec28adff92575/screenshot HTTP/1.1
User-Agent: selenium/4.1.2 (java windows)
Cache-Control: no-cache
Content-Type: application/json; charset=utf-8
host: localhost:64419
accept: */*

Response DefaultHttpResponse(decodeResult: success, version: HTTP/1.1)
HTTP/1.1 200 OK
Content-Type: application/json; charset=utf-8
cache-control: no-cache
content-length: 37576

19:02:15.935 [AsyncHttpClient-1-13] DEBUG org.asynchttpclient.netty.channel.ChannelManager - Adding key: http://localhost:64419 for channel [id: 0xa723e5ba, L:/127.0.0.1:52671 - R:localhost/127.0.0.1:64419]
19:02:15.937 [main] DEBUG net.serenitybdd.core.photography.Darkroom - Send negative for processing for target\site\serenity\a7ccf41b77a9a7a591db44ebecd123572974338bd60237eef6c71f2062964664.png
19:02:15.950 [main] DEBUG net.thucydides.core.steps.StepInterceptor - STARTING STEP: RegisterSteps.inputValidFullName - inputNamaLengkap
19:02:15.953 [Forwarding findElement on session 3fc641c293bd1b645f0ec28adff92575 to remote] DEBUG org.asynchttpclient.netty.request.NettyRequestSender - Using pooled Channel '[id: 0xa723e5ba, L:/127.0.0.1:52671 - R:localhost/127.0.0.1:64419]' for 'POST' to 'http://localhost:64419/session/3fc641c293bd1b645f0ec28adff92575/element'
19:02:15.953 [Forwarding findElement on session 3fc641c293bd1b645f0ec28adff92575 to remote] DEBUG org.asynchttpclient.netty.request.NettyRequestSender - Using open Channel [id: 0xa723e5ba, L:/127.0.0.1:52671 - R:localhost/127.0.0.1:64419] for POST '/session/3fc641c293bd1b645f0ec28adff92575/element'
19:02:15.966 [AsyncHttpClient-1-13] DEBUG org.asynchttpclient.netty.handler.HttpHandler - 

Request DefaultHttpRequest(decodeResult: success, version: HTTP/1.1)
POST /session/3fc641c293bd1b645f0ec28adff92575/element HTTP/1.1
User-Agent: selenium/4.1.2 (java windows)
Content-Length: 91
Content-Type: application/json; charset=utf-8
host: localhost:64419
accept: */*

Response DefaultHttpResponse(decodeResult: success, version: HTTP/1.1)
HTTP/1.1 200 OK
Content-Type: application/json; charset=utf-8
cache-control: no-cache
content-length: 88

19:02:15.967 [AsyncHttpClient-1-13] DEBUG org.asynchttpclient.netty.channel.ChannelManager - Adding key: http://localhost:64419 for channel [id: 0xa723e5ba, L:/127.0.0.1:52671 - R:localhost/127.0.0.1:64419]
19:02:15.969 [Forwarding clearElement on session 3fc641c293bd1b645f0ec28adff92575 to remote] DEBUG org.asynchttpclient.netty.request.NettyRequestSender - Using pooled Channel '[id: 0xa723e5ba, L:/127.0.0.1:52671 - R:localhost/127.0.0.1:64419]' for 'POST' to 'http://localhost:64419/session/3fc641c293bd1b645f0ec28adff92575/element/a5e52826-f464-449e-842b-e1f827e5ed1d/clear'
19:02:15.970 [Forwarding clearElement on session 3fc641c293bd1b645f0ec28adff92575 to remote] DEBUG org.asynchttpclient.netty.request.NettyRequestSender - Using open Channel [id: 0xa723e5ba, L:/127.0.0.1:52671 - R:localhost/127.0.0.1:64419] for POST '/session/3fc641c293bd1b645f0ec28adff92575/element/a5e52826-f464-449e-842b-e1f827e5ed1d/clear'
19:02:16.001 [AsyncHttpClient-1-13] DEBUG org.asynchttpclient.netty.handler.HttpHandler - 

Request DefaultHttpRequest(decodeResult: success, version: HTTP/1.1)
POST /session/3fc641c293bd1b645f0ec28adff92575/element/a5e52826-f464-449e-842b-e1f827e5ed1d/clear HTTP/1.1
User-Agent: selenium/4.1.2 (java windows)
Content-Length: 50
Content-Type: application/json; charset=utf-8
host: localhost:64419
accept: */*

Response DefaultHttpResponse(decodeResult: success, version: HTTP/1.1)
HTTP/1.1 200 OK
Content-Type: application/json; charset=utf-8
cache-control: no-cache
content-length: 14

19:02:16.002 [AsyncHttpClient-1-13] DEBUG org.asynchttpclient.netty.channel.ChannelManager - Adding key: http://localhost:64419 for channel [id: 0xa723e5ba, L:/127.0.0.1:52671 - R:localhost/127.0.0.1:64419]
19:02:16.004 [Forwarding sendKeysToElement on session 3fc641c293bd1b645f0ec28adff92575 to remote] DEBUG org.asynchttpclient.netty.request.NettyRequestSender - Using pooled Channel '[id: 0xa723e5ba, L:/127.0.0.1:52671 - R:localhost/127.0.0.1:64419]' for 'POST' to 'http://localhost:64419/session/3fc641c293bd1b645f0ec28adff92575/element/a5e52826-f464-449e-842b-e1f827e5ed1d/value'
19:02:16.004 [Forwarding sendKeysToElement on session 3fc641c293bd1b645f0ec28adff92575 to remote] DEBUG org.asynchttpclient.netty.request.NettyRequestSender - Using open Channel [id: 0xa723e5ba, L:/127.0.0.1:52671 - R:localhost/127.0.0.1:64419] for POST '/session/3fc641c293bd1b645f0ec28adff92575/element/a5e52826-f464-449e-842b-e1f827e5ed1d/value'
19:02:16.187 [AsyncHttpClient-1-13] DEBUG org.asynchttpclient.netty.handler.HttpHandler - 

Request DefaultHttpRequest(decodeResult: success, version: HTTP/1.1)
POST /session/3fc641c293bd1b645f0ec28adff92575/element/a5e52826-f464-449e-842b-e1f827e5ed1d/value HTTP/1.1
User-Agent: selenium/4.1.2 (java windows)
Content-Length: 271
Content-Type: application/json; charset=utf-8
host: localhost:64419
accept: */*

Response DefaultHttpResponse(decodeResult: success, version: HTTP/1.1)
HTTP/1.1 200 OK
Content-Type: application/json; charset=utf-8
cache-control: no-cache
content-length: 14

19:02:16.187 [AsyncHttpClient-1-13] DEBUG org.asynchttpclient.netty.channel.ChannelManager - Adding key: http://localhost:64419 for channel [id: 0xa723e5ba, L:/127.0.0.1:52671 - R:localhost/127.0.0.1:64419]
19:02:16.193 [Forwarding screenshot on session 3fc641c293bd1b645f0ec28adff92575 to remote] DEBUG org.asynchttpclient.netty.request.NettyRequestSender - Using pooled Channel '[id: 0xa723e5ba, L:/127.0.0.1:52671 - R:localhost/127.0.0.1:64419]' for 'GET' to 'http://localhost:64419/session/3fc641c293bd1b645f0ec28adff92575/screenshot'
19:02:16.193 [Forwarding screenshot on session 3fc641c293bd1b645f0ec28adff92575 to remote] DEBUG org.asynchttpclient.netty.request.NettyRequestSender - Using open Channel [id: 0xa723e5ba, L:/127.0.0.1:52671 - R:localhost/127.0.0.1:64419] for GET '/session/3fc641c293bd1b645f0ec28adff92575/screenshot'
19:02:16.359 [AsyncHttpClient-1-13] DEBUG org.asynchttpclient.netty.handler.HttpHandler - 

Request DefaultFullHttpRequest(decodeResult: success, version: HTTP/1.1, content: EmptyByteBufBE)
GET /session/3fc641c293bd1b645f0ec28adff92575/screenshot HTTP/1.1
User-Agent: selenium/4.1.2 (java windows)
Cache-Control: no-cache
Content-Type: application/json; charset=utf-8
host: localhost:64419
accept: */*

Response DefaultHttpResponse(decodeResult: success, version: HTTP/1.1)
HTTP/1.1 200 OK
Content-Type: application/json; charset=utf-8
cache-control: no-cache
content-length: 41472

19:02:16.359 [AsyncHttpClient-1-13] DEBUG org.asynchttpclient.netty.channel.ChannelManager - Adding key: http://localhost:64419 for channel [id: 0xa723e5ba, L:/127.0.0.1:52671 - R:localhost/127.0.0.1:64419]
19:02:16.360 [main] DEBUG net.serenitybdd.core.photography.Darkroom - Send negative for processing for target\site\serenity\69b728bd539b99bb64bdc932da939d95def2e9cde39ce09f032ef1a6600c6b52.png
19:02:16.361 [main] DEBUG net.thucydides.core.steps.StepInterceptor - STEP DONE: inputNamaLengkap
  &amp#27;[32mWhen &amp#27;[0m&amp#27;[32mI input valid full name&amp#27;[0m               &amp#27;[90m# starter.stepdefinitions.RegisterSteps.inputValidFullName()&amp#27;[0m
19:02:16.362 [Darkroom Processing Line] DEBUG net.serenitybdd.core.photography.DarkroomProcessingLine - Processing screenshot image in /var/screenshots/screenshot-2766053936869774638
19:02:16.362 [Darkroom Processing Line] DEBUG net.serenitybdd.core.photography.DarkroomProcessingLine - Saving screenshot to target\site\serenity\69b728bd539b99bb64bdc932da939d95def2e9cde39ce09f032ef1a6600c6b52.png
19:02:16.385 [main] DEBUG net.thucydides.core.steps.StepInterceptor - STARTING STEP: RegisterSteps.inputValidEmail - inputEmail
19:02:16.388 [Forwarding findElement on session 3fc641c293bd1b645f0ec28adff92575 to remote] DEBUG org.asynchttpclient.netty.request.NettyRequestSender - Using pooled Channel '[id: 0xa723e5ba, L:/127.0.0.1:52671 - R:localhost/127.0.0.1:64419]' for 'POST' to 'http://localhost:64419/session/3fc641c293bd1b645f0ec28adff92575/element'
19:02:16.389 [Forwarding findElement on session 3fc641c293bd1b645f0ec28adff92575 to remote] DEBUG org.asynchttpclient.netty.request.NettyRequestSender - Using open Channel [id: 0xa723e5ba, L:/127.0.0.1:52671 - R:localhost/127.0.0.1:64419] for POST '/session/3fc641c293bd1b645f0ec28adff92575/element'
19:02:16.401 [AsyncHttpClient-1-13] DEBUG org.asynchttpclient.netty.handler.HttpHandler - 

Request DefaultHttpRequest(decodeResult: success, version: HTTP/1.1)
POST /session/3fc641c293bd1b645f0ec28adff92575/element HTTP/1.1
User-Agent: selenium/4.1.2 (java windows)
Content-Length: 84
Content-Type: application/json; charset=utf-8
host: localhost:64419
accept: */*

Response DefaultHttpResponse(decodeResult: success, version: HTTP/1.1)
HTTP/1.1 200 OK
Content-Type: application/json; charset=utf-8
cache-control: no-cache
content-length: 88

19:02:16.402 [AsyncHttpClient-1-13] DEBUG org.asynchttpclient.netty.channel.ChannelManager - Adding key: http://localhost:64419 for channel [id: 0xa723e5ba, L:/127.0.0.1:52671 - R:localhost/127.0.0.1:64419]
19:02:16.405 [Forwarding clearElement on session 3fc641c293bd1b645f0ec28adff92575 to remote] DEBUG org.asynchttpclient.netty.request.NettyRequestSender - Using pooled Channel '[id: 0xa723e5ba, L:/127.0.0.1:52671 - R:localhost/127.0.0.1:64419]' for 'POST' to 'http://localhost:64419/session/3fc641c293bd1b645f0ec28adff92575/element/8e36b9cc-8011-47a5-a92b-2d0998c004ff/clear'
19:02:16.405 [Forwarding clearElement on session 3fc641c293bd1b645f0ec28adff92575 to remote] DEBUG org.asynchttpclient.netty.request.NettyRequestSender - Using open Channel [id: 0xa723e5ba, L:/127.0.0.1:52671 - R:localhost/127.0.0.1:64419] for POST '/session/3fc641c293bd1b645f0ec28adff92575/element/8e36b9cc-8011-47a5-a92b-2d0998c004ff/clear'
19:02:16.447 [AsyncHttpClient-1-13] DEBUG org.asynchttpclient.netty.handler.HttpHandler - 

Request DefaultHttpRequest(decodeResult: success, version: HTTP/1.1)
POST /session/3fc641c293bd1b645f0ec28adff92575/element/8e36b9cc-8011-47a5-a92b-2d0998c004ff/clear HTTP/1.1
User-Agent: selenium/4.1.2 (java windows)
Content-Length: 50
Content-Type: application/json; charset=utf-8
host: localhost:64419
accept: */*

Response DefaultHttpResponse(decodeResult: success, version: HTTP/1.1)
HTTP/1.1 200 OK
Content-Type: application/json; charset=utf-8
cache-control: no-cache
content-length: 14

19:02:16.448 [AsyncHttpClient-1-13] DEBUG org.asynchttpclient.netty.channel.ChannelManager - Adding key: http://localhost:64419 for channel [id: 0xa723e5ba, L:/127.0.0.1:52671 - R:localhost/127.0.0.1:64419]
19:02:16.451 [Forwarding sendKeysToElement on session 3fc641c293bd1b645f0ec28adff92575 to remote] DEBUG org.asynchttpclient.netty.request.NettyRequestSender - Using pooled Channel '[id: 0xa723e5ba, L:/127.0.0.1:52671 - R:localhost/127.0.0.1:64419]' for 'POST' to 'http://localhost:64419/session/3fc641c293bd1b645f0ec28adff92575/element/8e36b9cc-8011-47a5-a92b-2d0998c004ff/value'
19:02:16.451 [Forwarding sendKeysToElement on session 3fc641c293bd1b645f0ec28adff92575 to remote] DEBUG org.asynchttpclient.netty.request.NettyRequestSender - Using open Channel [id: 0xa723e5ba, L:/127.0.0.1:52671 - R:localhost/127.0.0.1:64419] for POST '/session/3fc641c293bd1b645f0ec28adff92575/element/8e36b9cc-8011-47a5-a92b-2d0998c004ff/value'
19:02:16.461 [AsyncHttpClient-1-1] DEBUG org.asynchttpclient.netty.channel.DefaultChannelPool - Entry count for : http://localhost:52672 : 1
19:02:16.696 [AsyncHttpClient-1-13] DEBUG org.asynchttpclient.netty.handler.HttpHandler - 

Request DefaultHttpRequest(decodeResult: success, version: HTTP/1.1)
POST /session/3fc641c293bd1b645f0ec28adff92575/element/8e36b9cc-8011-47a5-a92b-2d0998c004ff/value HTTP/1.1
User-Agent: selenium/4.1.2 (java windows)
Content-Length: 341
Content-Type: application/json; charset=utf-8
host: localhost:64419
accept: */*

Response DefaultHttpResponse(decodeResult: success, version: HTTP/1.1)
HTTP/1.1 200 OK
Content-Type: application/json; charset=utf-8
cache-control: no-cache
content-length: 14

19:02:16.696 [AsyncHttpClient-1-13] DEBUG org.asynchttpclient.netty.channel.ChannelManager - Adding key: http://localhost:64419 for channel [id: 0xa723e5ba, L:/127.0.0.1:52671 - R:localhost/127.0.0.1:64419]
19:02:16.705 [Forwarding screenshot on session 3fc641c293bd1b645f0ec28adff92575 to remote] DEBUG org.asynchttpclient.netty.request.NettyRequestSender - Using pooled Channel '[id: 0xa723e5ba, L:/127.0.0.1:52671 - R:localhost/127.0.0.1:64419]' for 'GET' to 'http://localhost:64419/session/3fc641c293bd1b645f0ec28adff92575/screenshot'
19:02:16.705 [Forwarding screenshot on session 3fc641c293bd1b645f0ec28adff92575 to remote] DEBUG org.asynchttpclient.netty.request.NettyRequestSender - Using open Channel [id: 0xa723e5ba, L:/127.0.0.1:52671 - R:localhost/127.0.0.1:64419] for GET '/session/3fc641c293bd1b645f0ec28adff92575/screenshot'
19:02:16.855 [AsyncHttpClient-1-13] DEBUG org.asynchttpclient.netty.handler.HttpHandler - 

Request DefaultFullHttpRequest(decodeResult: success, version: HTTP/1.1, content: EmptyByteBufBE)
GET /session/3fc641c293bd1b645f0ec28adff92575/screenshot HTTP/1.1
User-Agent: selenium/4.1.2 (java windows)
Cache-Control: no-cache
Content-Type: application/json; charset=utf-8
host: localhost:64419
accept: */*

Response DefaultHttpResponse(decodeResult: success, version: HTTP/1.1)
HTTP/1.1 200 OK
Content-Type: application/json; charset=utf-8
cache-control: no-cache
content-length: 47300

19:02:16.855 [AsyncHttpClient-1-13] DEBUG org.asynchttpclient.netty.channel.ChannelManager - Adding key: http://localhost:64419 for channel [id: 0xa723e5ba, L:/127.0.0.1:52671 - R:localhost/127.0.0.1:64419]
19:02:16.858 [main] DEBUG net.serenitybdd.core.photography.Darkroom - Send negative for processing for target\site\serenity\de4970c821c9b8f1440d453794b3f10a7edc79eb7824f7323a157f874160a096.png
19:02:16.859 [main] DEBUG net.thucydides.core.steps.StepInterceptor - STEP DONE: inputEmail
  &amp#27;[32mAnd &amp#27;[0m&amp#27;[32mI input valid email for register&amp#27;[0m       &amp#27;[90m# starter.stepdefinitions.RegisterSteps.inputValidEmail()&amp#27;[0m
19:02:16.859 [Darkroom Processing Line] DEBUG net.serenitybdd.core.photography.DarkroomProcessingLine - Processing screenshot image in /var/screenshots/screenshot-8127381543736045344
19:02:16.860 [Darkroom Processing Line] DEBUG net.serenitybdd.core.photography.DarkroomProcessingLine - Saving screenshot to target\site\serenity\de4970c821c9b8f1440d453794b3f10a7edc79eb7824f7323a157f874160a096.png
19:02:16.885 [main] DEBUG net.thucydides.core.steps.StepInterceptor - STARTING STEP: RegisterSteps.inputValidPassword - inputPassword
19:02:16.891 [Forwarding findElement on session 3fc641c293bd1b645f0ec28adff92575 to remote] DEBUG org.asynchttpclient.netty.request.NettyRequestSender - Using pooled Channel '[id: 0xa723e5ba, L:/127.0.0.1:52671 - R:localhost/127.0.0.1:64419]' for 'POST' to 'http://localhost:64419/session/3fc641c293bd1b645f0ec28adff92575/element'
19:02:16.892 [Forwarding findElement on session 3fc641c293bd1b645f0ec28adff92575 to remote] DEBUG org.asynchttpclient.netty.request.NettyRequestSender - Using open Channel [id: 0xa723e5ba, L:/127.0.0.1:52671 - R:localhost/127.0.0.1:64419] for POST '/session/3fc641c293bd1b645f0ec28adff92575/element'
19:02:16.930 [AsyncHttpClient-1-13] DEBUG org.asynchttpclient.netty.handler.HttpHandler - 

Request DefaultHttpRequest(decodeResult: success, version: HTTP/1.1)
POST /session/3fc641c293bd1b645f0ec28adff92575/element HTTP/1.1
User-Agent: selenium/4.1.2 (java windows)
Content-Length: 87
Content-Type: application/json; charset=utf-8
host: localhost:64419
accept: */*

Response DefaultHttpResponse(decodeResult: success, version: HTTP/1.1)
HTTP/1.1 200 OK
Content-Type: application/json; charset=utf-8
cache-control: no-cache
content-length: 88

19:02:16.930 [AsyncHttpClient-1-13] DEBUG org.asynchttpclient.netty.channel.ChannelManager - Adding key: http://localhost:64419 for channel [id: 0xa723e5ba, L:/127.0.0.1:52671 - R:localhost/127.0.0.1:64419]
19:02:16.932 [Forwarding clearElement on session 3fc641c293bd1b645f0ec28adff92575 to remote] DEBUG org.asynchttpclient.netty.request.NettyRequestSender - Using pooled Channel '[id: 0xa723e5ba, L:/127.0.0.1:52671 - R:localhost/127.0.0.1:64419]' for 'POST' to 'http://localhost:64419/session/3fc641c293bd1b645f0ec28adff92575/element/97db5015-1096-496c-a52b-a4024d1888cc/clear'
19:02:16.932 [Forwarding clearElement on session 3fc641c293bd1b645f0ec28adff92575 to remote] DEBUG org.asynchttpclient.netty.request.NettyRequestSender - Using open Channel [id: 0xa723e5ba, L:/127.0.0.1:52671 - R:localhost/127.0.0.1:64419] for POST '/session/3fc641c293bd1b645f0ec28adff92575/element/97db5015-1096-496c-a52b-a4024d1888cc/clear'
19:02:16.986 [AsyncHttpClient-1-13] DEBUG org.asynchttpclient.netty.handler.HttpHandler - 

Request DefaultHttpRequest(decodeResult: success, version: HTTP/1.1)
POST /session/3fc641c293bd1b645f0ec28adff92575/element/97db5015-1096-496c-a52b-a4024d1888cc/clear HTTP/1.1
User-Agent: selenium/4.1.2 (java windows)
Content-Length: 50
Content-Type: application/json; charset=utf-8
host: localhost:64419
accept: */*

Response DefaultHttpResponse(decodeResult: success, version: HTTP/1.1)
HTTP/1.1 200 OK
Content-Type: application/json; charset=utf-8
cache-control: no-cache
content-length: 14

19:02:16.986 [AsyncHttpClient-1-13] DEBUG org.asynchttpclient.netty.channel.ChannelManager - Adding key: http://localhost:64419 for channel [id: 0xa723e5ba, L:/127.0.0.1:52671 - R:localhost/127.0.0.1:64419]
19:02:16.989 [Forwarding sendKeysToElement on session 3fc641c293bd1b645f0ec28adff92575 to remote] DEBUG org.asynchttpclient.netty.request.NettyRequestSender - Using pooled Channel '[id: 0xa723e5ba, L:/127.0.0.1:52671 - R:localhost/127.0.0.1:64419]' for 'POST' to 'http://localhost:64419/session/3fc641c293bd1b645f0ec28adff92575/element/97db5015-1096-496c-a52b-a4024d1888cc/value'
19:02:16.989 [Forwarding sendKeysToElement on session 3fc641c293bd1b645f0ec28adff92575 to remote] DEBUG org.asynchttpclient.netty.request.NettyRequestSender - Using open Channel [id: 0xa723e5ba, L:/127.0.0.1:52671 - R:localhost/127.0.0.1:64419] for POST '/session/3fc641c293bd1b645f0ec28adff92575/element/97db5015-1096-496c-a52b-a4024d1888cc/value'
19:02:17.073 [AsyncHttpClient-1-13] DEBUG org.asynchttpclient.netty.handler.HttpHandler - 

Request DefaultHttpRequest(decodeResult: success, version: HTTP/1.1)
POST /session/3fc641c293bd1b645f0ec28adff92575/element/97db5015-1096-496c-a52b-a4024d1888cc/value HTTP/1.1
User-Agent: selenium/4.1.2 (java windows)
Content-Length: 151
Content-Type: application/json; charset=utf-8
host: localhost:64419
accept: */*

Response DefaultHttpResponse(decodeResult: success, version: HTTP/1.1)
HTTP/1.1 200 OK
Content-Type: application/json; charset=utf-8
cache-control: no-cache
content-length: 14

19:02:17.074 [AsyncHttpClient-1-13] DEBUG org.asynchttpclient.netty.channel.ChannelManager - Adding key: http://localhost:64419 for channel [id: 0xa723e5ba, L:/127.0.0.1:52671 - R:localhost/127.0.0.1:64419]
19:02:17.086 [Forwarding screenshot on session 3fc641c293bd1b645f0ec28adff92575 to remote] DEBUG org.asynchttpclient.netty.request.NettyRequestSender - Using pooled Channel '[id: 0xa723e5ba, L:/127.0.0.1:52671 - R:localhost/127.0.0.1:64419]' for 'GET' to 'http://localhost:64419/session/3fc641c293bd1b645f0ec28adff92575/screenshot'
19:02:17.086 [Forwarding screenshot on session 3fc641c293bd1b645f0ec28adff92575 to remote] DEBUG org.asynchttpclient.netty.request.NettyRequestSender - Using open Channel [id: 0xa723e5ba, L:/127.0.0.1:52671 - R:localhost/127.0.0.1:64419] for GET '/session/3fc641c293bd1b645f0ec28adff92575/screenshot'
19:02:17.205 [AsyncHttpClient-1-13] DEBUG org.asynchttpclient.netty.handler.HttpHandler - 

Request DefaultFullHttpRequest(decodeResult: success, version: HTTP/1.1, content: EmptyByteBufBE)
GET /session/3fc641c293bd1b645f0ec28adff92575/screenshot HTTP/1.1
User-Agent: selenium/4.1.2 (java windows)
Cache-Control: no-cache
Content-Type: application/json; charset=utf-8
host: localhost:64419
accept: */*

Response DefaultHttpResponse(decodeResult: success, version: HTTP/1.1)
HTTP/1.1 200 OK
Content-Type: application/json; charset=utf-8
cache-control: no-cache
content-length: 49524

19:02:17.206 [AsyncHttpClient-1-13] DEBUG org.asynchttpclient.netty.channel.ChannelManager - Adding key: http://localhost:64419 for channel [id: 0xa723e5ba, L:/127.0.0.1:52671 - R:localhost/127.0.0.1:64419]
19:02:17.208 [main] DEBUG net.serenitybdd.core.photography.Darkroom - Send negative for processing for target\site\serenity\5cdaba15d9110dd82252e62af600fdeb242a1b085f0662491169c73a5fdd2fba.png
19:02:17.209 [main] DEBUG net.thucydides.core.steps.StepInterceptor - STEP DONE: inputPassword
  &amp#27;[32mAnd &amp#27;[0m&amp#27;[32mI input valid password for register&amp#27;[0m    &amp#27;[90m# starter.stepdefinitions.RegisterSteps.inputValidPassword()&amp#27;[0m
19:02:17.209 [Darkroom Processing Line] DEBUG net.serenitybdd.core.photography.DarkroomProcessingLine - Processing screenshot image in /var/screenshots/screenshot-15864289008854899920
19:02:17.209 [Darkroom Processing Line] DEBUG net.serenitybdd.core.photography.DarkroomProcessingLine - Saving screenshot to target\site\serenity\5cdaba15d9110dd82252e62af600fdeb242a1b085f0662491169c73a5fdd2fba.png
19:02:17.231 [main] DEBUG net.thucydides.core.steps.StepInterceptor - STARTING STEP: RegisterSteps.clickRegisterButton - clickRegisterButton
19:02:17.234 [Forwarding findElement on session 3fc641c293bd1b645f0ec28adff92575 to remote] DEBUG org.asynchttpclient.netty.request.NettyRequestSender - Using pooled Channel '[id: 0xa723e5ba, L:/127.0.0.1:52671 - R:localhost/127.0.0.1:64419]' for 'POST' to 'http://localhost:64419/session/3fc641c293bd1b645f0ec28adff92575/element'
19:02:17.234 [Forwarding findElement on session 3fc641c293bd1b645f0ec28adff92575 to remote] DEBUG org.asynchttpclient.netty.request.NettyRequestSender - Using open Channel [id: 0xa723e5ba, L:/127.0.0.1:52671 - R:localhost/127.0.0.1:64419] for POST '/session/3fc641c293bd1b645f0ec28adff92575/element'
19:02:17.248 [AsyncHttpClient-1-13] DEBUG org.asynchttpclient.netty.handler.HttpHandler - 

Request DefaultHttpRequest(decodeResult: success, version: HTTP/1.1)
POST /session/3fc641c293bd1b645f0ec28adff92575/element HTTP/1.1
User-Agent: selenium/4.1.2 (java windows)
Content-Length: 155
Content-Type: application/json; charset=utf-8
host: localhost:64419
accept: */*

Response DefaultHttpResponse(decodeResult: success, version: HTTP/1.1)
HTTP/1.1 200 OK
Content-Type: application/json; charset=utf-8
cache-control: no-cache
content-length: 88

19:02:17.248 [AsyncHttpClient-1-13] DEBUG org.asynchttpclient.netty.channel.ChannelManager - Adding key: http://localhost:64419 for channel [id: 0xa723e5ba, L:/127.0.0.1:52671 - R:localhost/127.0.0.1:64419]
19:02:17.253 [Forwarding getElementTagName on session 3fc641c293bd1b645f0ec28adff92575 to remote] DEBUG org.asynchttpclient.netty.request.NettyRequestSender - Using pooled Channel '[id: 0xa723e5ba, L:/127.0.0.1:52671 - R:localhost/127.0.0.1:64419]' for 'GET' to 'http://localhost:64419/session/3fc641c293bd1b645f0ec28adff92575/element/b7834f54-019f-4a43-a314-68dbe0567fc4/name'
19:02:17.253 [Forwarding getElementTagName on session 3fc641c293bd1b645f0ec28adff92575 to remote] DEBUG org.asynchttpclient.netty.request.NettyRequestSender - Using open Channel [id: 0xa723e5ba, L:/127.0.0.1:52671 - R:localhost/127.0.0.1:64419] for GET '/session/3fc641c293bd1b645f0ec28adff92575/element/b7834f54-019f-4a43-a314-68dbe0567fc4/name'
19:02:17.257 [AsyncHttpClient-1-13] DEBUG org.asynchttpclient.netty.handler.HttpHandler - 

Request DefaultFullHttpRequest(decodeResult: success, version: HTTP/1.1, content: EmptyByteBufBE)
GET /session/3fc641c293bd1b645f0ec28adff92575/element/b7834f54-019f-4a43-a314-68dbe0567fc4/name HTTP/1.1
User-Agent: selenium/4.1.2 (java windows)
Cache-Control: no-cache
Content-Type: application/json; charset=utf-8
host: localhost:64419
accept: */*

Response DefaultHttpResponse(decodeResult: success, version: HTTP/1.1)
HTTP/1.1 200 OK
Content-Type: application/json; charset=utf-8
cache-control: no-cache
content-length: 18

19:02:17.257 [AsyncHttpClient-1-13] DEBUG org.asynchttpclient.netty.channel.ChannelManager - Adding key: http://localhost:64419 for channel [id: 0xa723e5ba, L:/127.0.0.1:52671 - R:localhost/127.0.0.1:64419]
19:02:17.260 [Forwarding getElementTagName on session 3fc641c293bd1b645f0ec28adff92575 to remote] DEBUG org.asynchttpclient.netty.request.NettyRequestSender - Using pooled Channel '[id: 0xa723e5ba, L:/127.0.0.1:52671 - R:localhost/127.0.0.1:64419]' for 'GET' to 'http://localhost:64419/session/3fc641c293bd1b645f0ec28adff92575/element/b7834f54-019f-4a43-a314-68dbe0567fc4/name'
19:02:17.260 [Forwarding getElementTagName on session 3fc641c293bd1b645f0ec28adff92575 to remote] DEBUG org.asynchttpclient.netty.request.NettyRequestSender - Using open Channel [id: 0xa723e5ba, L:/127.0.0.1:52671 - R:localhost/127.0.0.1:64419] for GET '/session/3fc641c293bd1b645f0ec28adff92575/element/b7834f54-019f-4a43-a314-68dbe0567fc4/name'
19:02:17.266 [AsyncHttpClient-1-13] DEBUG org.asynchttpclient.netty.handler.HttpHandler - 

Request DefaultFullHttpRequest(decodeResult: success, version: HTTP/1.1, content: EmptyByteBufBE)
GET /session/3fc641c293bd1b645f0ec28adff92575/element/b7834f54-019f-4a43-a314-68dbe0567fc4/name HTTP/1.1
User-Agent: selenium/4.1.2 (java windows)
Cache-Control: no-cache
Content-Type: application/json; charset=utf-8
host: localhost:64419
accept: */*

Response DefaultHttpResponse(decodeResult: success, version: HTTP/1.1)
HTTP/1.1 200 OK
Content-Type: application/json; charset=utf-8
cache-control: no-cache
content-length: 18

19:02:17.266 [AsyncHttpClient-1-13] DEBUG org.asynchttpclient.netty.channel.ChannelManager - Adding key: http://localhost:64419 for channel [id: 0xa723e5ba, L:/127.0.0.1:52671 - R:localhost/127.0.0.1:64419]
19:02:17.271 [Forwarding isElementEnabled on session 3fc641c293bd1b645f0ec28adff92575 to remote] DEBUG org.asynchttpclient.netty.request.NettyRequestSender - Using pooled Channel '[id: 0xa723e5ba, L:/127.0.0.1:52671 - R:localhost/127.0.0.1:64419]' for 'GET' to 'http://localhost:64419/session/3fc641c293bd1b645f0ec28adff92575/element/b7834f54-019f-4a43-a314-68dbe0567fc4/enabled'
19:02:17.271 [Forwarding isElementEnabled on session 3fc641c293bd1b645f0ec28adff92575 to remote] DEBUG org.asynchttpclient.netty.request.NettyRequestSender - Using open Channel [id: 0xa723e5ba, L:/127.0.0.1:52671 - R:localhost/127.0.0.1:64419] for GET '/session/3fc641c293bd1b645f0ec28adff92575/element/b7834f54-019f-4a43-a314-68dbe0567fc4/enabled'
19:02:17.289 [AsyncHttpClient-1-13] DEBUG org.asynchttpclient.netty.handler.HttpHandler - 

Request DefaultFullHttpRequest(decodeResult: success, version: HTTP/1.1, content: EmptyByteBufBE)
GET /session/3fc641c293bd1b645f0ec28adff92575/element/b7834f54-019f-4a43-a314-68dbe0567fc4/enabled HTTP/1.1
User-Agent: selenium/4.1.2 (java windows)
Cache-Control: no-cache
Content-Type: application/json; charset=utf-8
host: localhost:64419
accept: */*

Response DefaultHttpResponse(decodeResult: success, version: HTTP/1.1)
HTTP/1.1 200 OK
Content-Type: application/json; charset=utf-8
cache-control: no-cache
content-length: 14

19:02:17.289 [AsyncHttpClient-1-13] DEBUG org.asynchttpclient.netty.channel.ChannelManager - Adding key: http://localhost:64419 for channel [id: 0xa723e5ba, L:/127.0.0.1:52671 - R:localhost/127.0.0.1:64419]
19:02:17.290 [Forwarding isElementEnabled on session 3fc641c293bd1b645f0ec28adff92575 to remote] DEBUG org.asynchttpclient.netty.request.NettyRequestSender - Using pooled Channel '[id: 0xa723e5ba, L:/127.0.0.1:52671 - R:localhost/127.0.0.1:64419]' for 'GET' to 'http://localhost:64419/session/3fc641c293bd1b645f0ec28adff92575/element/b7834f54-019f-4a43-a314-68dbe0567fc4/enabled'
19:02:17.290 [Forwarding isElementEnabled on session 3fc641c293bd1b645f0ec28adff92575 to remote] DEBUG org.asynchttpclient.netty.request.NettyRequestSender - Using open Channel [id: 0xa723e5ba, L:/127.0.0.1:52671 - R:localhost/127.0.0.1:64419] for GET '/session/3fc641c293bd1b645f0ec28adff92575/element/b7834f54-019f-4a43-a314-68dbe0567fc4/enabled'
19:02:17.299 [AsyncHttpClient-1-13] DEBUG org.asynchttpclient.netty.handler.HttpHandler - 

Request DefaultFullHttpRequest(decodeResult: success, version: HTTP/1.1, content: EmptyByteBufBE)
GET /session/3fc641c293bd1b645f0ec28adff92575/element/b7834f54-019f-4a43-a314-68dbe0567fc4/enabled HTTP/1.1
User-Agent: selenium/4.1.2 (java windows)
Cache-Control: no-cache
Content-Type: application/json; charset=utf-8
host: localhost:64419
accept: */*

Response DefaultHttpResponse(decodeResult: success, version: HTTP/1.1)
HTTP/1.1 200 OK
Content-Type: application/json; charset=utf-8
cache-control: no-cache
content-length: 14

19:02:17.300 [AsyncHttpClient-1-13] DEBUG org.asynchttpclient.netty.channel.ChannelManager - Adding key: http://localhost:64419 for channel [id: 0xa723e5ba, L:/127.0.0.1:52671 - R:localhost/127.0.0.1:64419]
19:02:17.304 [Forwarding findElement on session 3fc641c293bd1b645f0ec28adff92575 to remote] DEBUG org.asynchttpclient.netty.request.NettyRequestSender - Using pooled Channel '[id: 0xa723e5ba, L:/127.0.0.1:52671 - R:localhost/127.0.0.1:64419]' for 'POST' to 'http://localhost:64419/session/3fc641c293bd1b645f0ec28adff92575/element'
19:02:17.304 [Forwarding findElement on session 3fc641c293bd1b645f0ec28adff92575 to remote] DEBUG org.asynchttpclient.netty.request.NettyRequestSender - Using open Channel [id: 0xa723e5ba, L:/127.0.0.1:52671 - R:localhost/127.0.0.1:64419] for POST '/session/3fc641c293bd1b645f0ec28adff92575/element'
19:02:17.318 [AsyncHttpClient-1-13] DEBUG org.asynchttpclient.netty.handler.HttpHandler - 

Request DefaultHttpRequest(decodeResult: success, version: HTTP/1.1)
POST /session/3fc641c293bd1b645f0ec28adff92575/element HTTP/1.1
User-Agent: selenium/4.1.2 (java windows)
Content-Length: 155
Content-Type: application/json; charset=utf-8
host: localhost:64419
accept: */*

Response DefaultHttpResponse(decodeResult: success, version: HTTP/1.1)
HTTP/1.1 200 OK
Content-Type: application/json; charset=utf-8
cache-control: no-cache
content-length: 88

19:02:17.318 [AsyncHttpClient-1-13] DEBUG org.asynchttpclient.netty.channel.ChannelManager - Adding key: http://localhost:64419 for channel [id: 0xa723e5ba, L:/127.0.0.1:52671 - R:localhost/127.0.0.1:64419]
19:02:17.319 [Forwarding clickElement on session 3fc641c293bd1b645f0ec28adff92575 to remote] DEBUG org.asynchttpclient.netty.request.NettyRequestSender - Using pooled Channel '[id: 0xa723e5ba, L:/127.0.0.1:52671 - R:localhost/127.0.0.1:64419]' for 'POST' to 'http://localhost:64419/session/3fc641c293bd1b645f0ec28adff92575/element/b7834f54-019f-4a43-a314-68dbe0567fc4/click'
19:02:17.319 [Forwarding clickElement on session 3fc641c293bd1b645f0ec28adff92575 to remote] DEBUG org.asynchttpclient.netty.request.NettyRequestSender - Using open Channel [id: 0xa723e5ba, L:/127.0.0.1:52671 - R:localhost/127.0.0.1:64419] for POST '/session/3fc641c293bd1b645f0ec28adff92575/element/b7834f54-019f-4a43-a314-68dbe0567fc4/click'
19:02:17.388 [AsyncHttpClient-1-13] DEBUG org.asynchttpclient.netty.handler.HttpHandler - 

Request DefaultHttpRequest(decodeResult: success, version: HTTP/1.1)
POST /session/3fc641c293bd1b645f0ec28adff92575/element/b7834f54-019f-4a43-a314-68dbe0567fc4/click HTTP/1.1
User-Agent: selenium/4.1.2 (java windows)
Content-Length: 50
Content-Type: application/json; charset=utf-8
host: localhost:64419
accept: */*

Response DefaultHttpResponse(decodeResult: success, version: HTTP/1.1)
HTTP/1.1 200 OK
Content-Type: application/json; charset=utf-8
cache-control: no-cache
content-length: 14

19:02:17.388 [AsyncHttpClient-1-13] DEBUG org.asynchttpclient.netty.channel.ChannelManager - Adding key: http://localhost:64419 for channel [id: 0xa723e5ba, L:/127.0.0.1:52671 - R:localhost/127.0.0.1:64419]
19:02:17.395 [Forwarding screenshot on session 3fc641c293bd1b645f0ec28adff92575 to remote] DEBUG org.asynchttpclient.netty.request.NettyRequestSender - Using pooled Channel '[id: 0xa723e5ba, L:/127.0.0.1:52671 - R:localhost/127.0.0.1:64419]' for 'GET' to 'http://localhost:64419/session/3fc641c293bd1b645f0ec28adff92575/screenshot'
19:02:17.395 [Forwarding screenshot on session 3fc641c293bd1b645f0ec28adff92575 to remote] DEBUG org.asynchttpclient.netty.request.NettyRequestSender - Using open Channel [id: 0xa723e5ba, L:/127.0.0.1:52671 - R:localhost/127.0.0.1:64419] for GET '/session/3fc641c293bd1b645f0ec28adff92575/screenshot'
19:02:17.557 [AsyncHttpClient-1-1] DEBUG org.asynchttpclient.netty.channel.DefaultChannelPool - Entry count for : http://localhost:52672 : 1
19:02:17.559 [AsyncHttpClient-1-13] DEBUG org.asynchttpclient.netty.handler.HttpHandler - 

Request DefaultFullHttpRequest(decodeResult: success, version: HTTP/1.1, content: EmptyByteBufBE)
GET /session/3fc641c293bd1b645f0ec28adff92575/screenshot HTTP/1.1
User-Agent: selenium/4.1.2 (java windows)
Cache-Control: no-cache
Content-Type: application/json; charset=utf-8
host: localhost:64419
accept: */*

Response DefaultHttpResponse(decodeResult: success, version: HTTP/1.1)
HTTP/1.1 200 OK
Content-Type: application/json; charset=utf-8
cache-control: no-cache
content-length: 48772

19:02:17.560 [AsyncHttpClient-1-13] DEBUG org.asynchttpclient.netty.channel.ChannelManager - Adding key: http://localhost:64419 for channel [id: 0xa723e5ba, L:/127.0.0.1:52671 - R:localhost/127.0.0.1:64419]
19:02:17.563 [main] DEBUG net.serenitybdd.core.photography.Darkroom - Send negative for processing for target\site\serenity\a4030cac7469d1eebe04aa01af68e95f4b0407c0f07fcf9697694bc7af5edb60.png
19:02:17.564 [main] DEBUG net.thucydides.core.steps.StepInterceptor - STEP DONE: clickRegisterButton
19:02:17.564 [Darkroom Processing Line] DEBUG net.serenitybdd.core.photography.DarkroomProcessingLine - Processing screenshot image in /var/screenshots/screenshot-7224796894890771074
19:02:17.564 [Darkroom Processing Line] DEBUG net.serenitybdd.core.photography.DarkroomProcessingLine - Saving screenshot to target\site\serenity\a4030cac7469d1eebe04aa01af68e95f4b0407c0f07fcf9697694bc7af5edb60.png
  &amp#27;[32mAnd &amp#27;[0m&amp#27;[32mI click on register button&amp#27;[0m             &amp#27;[90m# starter.stepdefinitions.RegisterSteps.clickRegisterButton()&amp#27;[0m
19:02:17.593 [main] DEBUG net.thucydides.core.steps.StepInterceptor - STARTING STEP: RegisterSteps.onTheHomePage - loginPage
19:02:17.596 [Forwarding get on session 3fc641c293bd1b645f0ec28adff92575 to remote] DEBUG org.asynchttpclient.netty.request.NettyRequestSender - Using pooled Channel '[id: 0xa723e5ba, L:/127.0.0.1:52671 - R:localhost/127.0.0.1:64419]' for 'POST' to 'http://localhost:64419/session/3fc641c293bd1b645f0ec28adff92575/url'
19:02:17.596 [Forwarding get on session 3fc641c293bd1b645f0ec28adff92575 to remote] DEBUG org.asynchttpclient.netty.request.NettyRequestSender - Using open Channel [id: 0xa723e5ba, L:/127.0.0.1:52671 - R:localhost/127.0.0.1:64419] for POST '/session/3fc641c293bd1b645f0ec28adff92575/url'
19:02:17.850 [AsyncHttpClient-1-13] DEBUG org.asynchttpclient.netty.handler.HttpHandler - 

Request DefaultHttpRequest(decodeResult: success, version: HTTP/1.1)
POST /session/3fc641c293bd1b645f0ec28adff92575/url HTTP/1.1
User-Agent: selenium/4.1.2 (java windows)
Content-Length: 64
Content-Type: application/json; charset=utf-8
host: localhost:64419
accept: */*

Response DefaultHttpResponse(decodeResult: success, version: HTTP/1.1)
HTTP/1.1 200 OK
Content-Type: application/json; charset=utf-8
cache-control: no-cache
content-length: 14

19:02:17.851 [AsyncHttpClient-1-13] DEBUG org.asynchttpclient.netty.channel.ChannelManager - Adding key: http://localhost:64419 for channel [id: 0xa723e5ba, L:/127.0.0.1:52671 - R:localhost/127.0.0.1:64419]
19:02:17.857 [Forwarding getCurrentUrl on session 3fc641c293bd1b645f0ec28adff92575 to remote] DEBUG org.asynchttpclient.netty.request.NettyRequestSender - Using pooled Channel '[id: 0xa723e5ba, L:/127.0.0.1:52671 - R:localhost/127.0.0.1:64419]' for 'GET' to 'http://localhost:64419/session/3fc641c293bd1b645f0ec28adff92575/url'
19:02:17.857 [Forwarding getCurrentUrl on session 3fc641c293bd1b645f0ec28adff92575 to remote] DEBUG org.asynchttpclient.netty.request.NettyRequestSender - Using open Channel [id: 0xa723e5ba, L:/127.0.0.1:52671 - R:localhost/127.0.0.1:64419] for GET '/session/3fc641c293bd1b645f0ec28adff92575/url'
19:02:17.861 [AsyncHttpClient-1-13] DEBUG org.asynchttpclient.netty.handler.HttpHandler - 

Request DefaultFullHttpRequest(decodeResult: success, version: HTTP/1.1, content: EmptyByteBufBE)
GET /session/3fc641c293bd1b645f0ec28adff92575/url HTTP/1.1
User-Agent: selenium/4.1.2 (java windows)
Cache-Control: no-cache
Content-Type: application/json; charset=utf-8
host: localhost:64419
accept: */*

Response DefaultHttpResponse(decodeResult: success, version: HTTP/1.1)
HTTP/1.1 200 OK
Content-Type: application/json; charset=utf-8
cache-control: no-cache
content-length: 41

19:02:17.861 [AsyncHttpClient-1-13] DEBUG org.asynchttpclient.netty.channel.ChannelManager - Adding key: http://localhost:64419 for channel [id: 0xa723e5ba, L:/127.0.0.1:52671 - R:localhost/127.0.0.1:64419]
19:02:17.867 [Forwarding screenshot on session 3fc641c293bd1b645f0ec28adff92575 to remote] DEBUG org.asynchttpclient.netty.request.NettyRequestSender - Using pooled Channel '[id: 0xa723e5ba, L:/127.0.0.1:52671 - R:localhost/127.0.0.1:64419]' for 'GET' to 'http://localhost:64419/session/3fc641c293bd1b645f0ec28adff92575/screenshot'
19:02:17.867 [Forwarding screenshot on session 3fc641c293bd1b645f0ec28adff92575 to remote] DEBUG org.asynchttpclient.netty.request.NettyRequestSender - Using open Channel [id: 0xa723e5ba, L:/127.0.0.1:52671 - R:localhost/127.0.0.1:64419] for GET '/session/3fc641c293bd1b645f0ec28adff92575/screenshot'
19:02:17.968 [AsyncHttpClient-1-13] DEBUG org.asynchttpclient.netty.handler.HttpHandler - 

Request DefaultFullHttpRequest(decodeResult: success, version: HTTP/1.1, content: EmptyByteBufBE)
GET /session/3fc641c293bd1b645f0ec28adff92575/screenshot HTTP/1.1
User-Agent: selenium/4.1.2 (java windows)
Cache-Control: no-cache
Content-Type: application/json; charset=utf-8
host: localhost:64419
accept: */*

Response DefaultHttpResponse(decodeResult: success, version: HTTP/1.1)
HTTP/1.1 200 OK
Content-Type: application/json; charset=utf-8
cache-control: no-cache
content-length: 32192

19:02:17.968 [AsyncHttpClient-1-13] DEBUG org.asynchttpclient.netty.channel.ChannelManager - Adding key: http://localhost:64419 for channel [id: 0xa723e5ba, L:/127.0.0.1:52671 - R:localhost/127.0.0.1:64419]
19:02:17.972 [main] DEBUG net.serenitybdd.core.photography.Darkroom - Send negative for processing for target\site\serenity\4d98329a65403fb35239499910819cdb6d3d71d823e551da367b9fc52c2ec142.png
19:02:17.972 [main] DEBUG net.thucydides.core.steps.StepInterceptor - STEP DONE: loginPage
19:02:17.980 [main] DEBUG net.thucydides.core.steps.StepInterceptor - STARTING STEP: RegisterSteps.onTheHomePage - validateOnLoginPage
19:02:17.982 [Forwarding findElement on session 3fc641c293bd1b645f0ec28adff92575 to remote] DEBUG org.asynchttpclient.netty.request.NettyRequestSender - Using pooled Channel '[id: 0xa723e5ba, L:/127.0.0.1:52671 - R:localhost/127.0.0.1:64419]' for 'POST' to 'http://localhost:64419/session/3fc641c293bd1b645f0ec28adff92575/element'
19:02:17.982 [Forwarding findElement on session 3fc641c293bd1b645f0ec28adff92575 to remote] DEBUG org.asynchttpclient.netty.request.NettyRequestSender - Using open Channel [id: 0xa723e5ba, L:/127.0.0.1:52671 - R:localhost/127.0.0.1:64419] for POST '/session/3fc641c293bd1b645f0ec28adff92575/element'
19:02:17.996 [AsyncHttpClient-1-13] DEBUG org.asynchttpclient.netty.handler.HttpHandler - 

Request DefaultHttpRequest(decodeResult: success, version: HTTP/1.1)
POST /session/3fc641c293bd1b645f0ec28adff92575/element HTTP/1.1
User-Agent: selenium/4.1.2 (java windows)
Content-Length: 155
Content-Type: application/json; charset=utf-8
host: localhost:64419
accept: */*

Response DefaultHttpResponse(decodeResult: success, version: HTTP/1.1)
HTTP/1.1 200 OK
Content-Type: application/json; charset=utf-8
cache-control: no-cache
content-length: 88

19:02:17.996 [AsyncHttpClient-1-13] DEBUG org.asynchttpclient.netty.channel.ChannelManager - Adding key: http://localhost:64419 for channel [id: 0xa723e5ba, L:/127.0.0.1:52671 - R:localhost/127.0.0.1:64419]
19:02:18.003 [Forwarding isElementDisplayed on session 3fc641c293bd1b645f0ec28adff92575 to remote] DEBUG org.asynchttpclient.netty.request.NettyRequestSender - Using pooled Channel '[id: 0xa723e5ba, L:/127.0.0.1:52671 - R:localhost/127.0.0.1:64419]' for 'POST' to 'http://localhost:64419/session/3fc641c293bd1b645f0ec28adff92575/execute/sync'
19:02:18.003 [Forwarding isElementDisplayed on session 3fc641c293bd1b645f0ec28adff92575 to remote] DEBUG org.asynchttpclient.netty.request.NettyRequestSender - Using open Channel [id: 0xa723e5ba, L:/127.0.0.1:52671 - R:localhost/127.0.0.1:64419] for POST '/session/3fc641c293bd1b645f0ec28adff92575/execute/sync'
19:02:18.023 [AsyncHttpClient-1-13] DEBUG org.asynchttpclient.netty.handler.HttpHandler - 

Request DefaultHttpRequest(decodeResult: success, version: HTTP/1.1)
POST /session/3fc641c293bd1b645f0ec28adff92575/execute/sync HTTP/1.1
User-Agent: selenium/4.1.2 (java windows)
Content-Length: 48780
Content-Type: application/json; charset=utf-8
host: localhost:64419
accept: */*

Response DefaultHttpResponse(decodeResult: success, version: HTTP/1.1)
HTTP/1.1 200 OK
Content-Type: application/json; charset=utf-8
cache-control: no-cache
content-length: 14

19:02:18.023 [AsyncHttpClient-1-13] DEBUG org.asynchttpclient.netty.channel.ChannelManager - Adding key: http://localhost:64419 for channel [id: 0xa723e5ba, L:/127.0.0.1:52671 - R:localhost/127.0.0.1:64419]
19:02:18.028 [Forwarding screenshot on session 3fc641c293bd1b645f0ec28adff92575 to remote] DEBUG org.asynchttpclient.netty.request.NettyRequestSender - Using pooled Channel '[id: 0xa723e5ba, L:/127.0.0.1:52671 - R:localhost/127.0.0.1:64419]' for 'GET' to 'http://localhost:64419/session/3fc641c293bd1b645f0ec28adff92575/screenshot'
19:02:18.028 [Forwarding screenshot on session 3fc641c293bd1b645f0ec28adff92575 to remote] DEBUG org.asynchttpclient.netty.request.NettyRequestSender - Using open Channel [id: 0xa723e5ba, L:/127.0.0.1:52671 - R:localhost/127.0.0.1:64419] for GET '/session/3fc641c293bd1b645f0ec28adff92575/screenshot'
19:02:18.123 [AsyncHttpClient-1-13] DEBUG org.asynchttpclient.netty.handler.HttpHandler - 

Request DefaultFullHttpRequest(decodeResult: success, version: HTTP/1.1, content: EmptyByteBufBE)
GET /session/3fc641c293bd1b645f0ec28adff92575/screenshot HTTP/1.1
User-Agent: selenium/4.1.2 (java windows)
Cache-Control: no-cache
Content-Type: application/json; charset=utf-8
host: localhost:64419
accept: */*

Response DefaultHttpResponse(decodeResult: success, version: HTTP/1.1)
HTTP/1.1 200 OK
Content-Type: application/json; charset=utf-8
cache-control: no-cache
content-length: 32192

19:02:18.123 [AsyncHttpClient-1-13] DEBUG org.asynchttpclient.netty.channel.ChannelManager - Adding key: http://localhost:64419 for channel [id: 0xa723e5ba, L:/127.0.0.1:52671 - R:localhost/127.0.0.1:64419]
19:02:18.125 [main] DEBUG net.serenitybdd.core.photography.Darkroom - Send negative for processing for target\site\serenity\4d98329a65403fb35239499910819cdb6d3d71d823e551da367b9fc52c2ec142.png
19:02:18.125 [main] DEBUG net.thucydides.core.steps.StepInterceptor - STEP DONE: validateOnLoginPage
  &amp#27;[32mThen &amp#27;[0m&amp#27;[32mI am on the login page after register&amp#27;[0m &amp#27;[90m# starter.stepdefinitions.RegisterSteps.onTheHomePage()&amp#27;[0m
19:02:18.134 [main] INFO  - 
  _____   ___   ___   _____     ___     _     ___   ___   ___   ___  
 |_   _| | __| / __| |_   _|   | _ \   /_\   / __| / __| | __| |   \ 
   | |   | _|  \__ \   | |     |  _/  / _ \  \__ \ \__ \ | _|  | |) |
   |_|   |___| |___/   |_|     |_|   /_/ \_\ |___/ |___/ |___| |___/ 

register with valid data
----------------------------------------------------------------------
19:02:18.135 [AsyncHttpClient-1-15] DEBUG org.asynchttpclient.netty.handler.WebSocketHandler - Channel Closed: [id: 0x5a46c7ab, L:/127.0.0.1:52679 ! R:localhost/127.0.0.1:52672] with attribute NettyResponseFuture{currentRetry=5,
	isDone=1,
	isCancelled=0,
	asyncHandler=org.asynchttpclient.ws.WebSocketUpgradeHandler@69dd0eeb,
	nettyRequest=org.asynchttpclient.netty.request.NettyRequest@400504fd,
	future=java.util.concurrent.CompletableFuture@118c60ca[Completed normally],
	uri=ws://localhost:52672/devtools/browser/1bff428d-3ab8-4e58-a498-34dd757ebab5,
	keepAlive=true,
	redirectCount=0,
	timeoutsHolder=null,
	inAuth=0,
	touch=1652875334256}
19:02:18.135 [AsyncHttpClient-1-15] DEBUG org.asynchttpclient.netty.channel.ChannelManager - Closing Channel [id: 0x5a46c7ab, L:/127.0.0.1:52679 ! R:localhost/127.0.0.1:52672] 
19:02:18.136 [Driver Command Executor] DEBUG org.asynchttpclient.netty.request.NettyRequestSender - Using pooled Channel '[id: 0xa723e5ba, L:/127.0.0.1:52671 - R:localhost/127.0.0.1:64419]' for 'DELETE' to 'http://localhost:64419/session/3fc641c293bd1b645f0ec28adff92575'
19:02:18.136 [Driver Command Executor] DEBUG org.asynchttpclient.netty.request.NettyRequestSender - Using open Channel [id: 0xa723e5ba, L:/127.0.0.1:52671 - R:localhost/127.0.0.1:64419] for DELETE '/session/3fc641c293bd1b645f0ec28adff92575'
19:02:18.256 [AsyncHttpClient-1-14] DEBUG org.asynchttpclient.netty.handler.HttpHandler - Unexpected I/O exception on channel [id: 0x06303056, L:/127.0.0.1:52678 - R:localhost/127.0.0.1:52672]
java.io.IOException: An existing connection was forcibly closed by the remote host
	at java.base/sun.nio.ch.SocketDispatcher.read0(Native Method)
	at java.base/sun.nio.ch.SocketDispatcher.read(SocketDispatcher.java:43)
	at java.base/sun.nio.ch.IOUtil.readIntoNativeBuffer(IOUtil.java:276)
	at java.base/sun.nio.ch.IOUtil.read(IOUtil.java:233)
	at java.base/sun.nio.ch.IOUtil.read(IOUtil.java:223)
	at java.base/sun.nio.ch.SocketChannelImpl.read(SocketChannelImpl.java:358)
	at io.netty.buffer.PooledByteBuf.setBytes(PooledByteBuf.java:258)
	at io.netty.buffer.AbstractByteBuf.writeBytes(AbstractByteBuf.java:1132)
	at io.netty.channel.socket.nio.NioSocketChannel.doReadBytes(NioSocketChannel.java:350)
	at io.netty.channel.nio.AbstractNioByteChannel$NioByteUnsafe.read(AbstractNioByteChannel.java:151)
	at io.netty.channel.nio.NioEventLoop.processSelectedKey(NioEventLoop.java:722)
	at io.netty.channel.nio.NioEventLoop.processSelectedKeysOptimized(NioEventLoop.java:658)
	at io.netty.channel.nio.NioEventLoop.processSelectedKeys(NioEventLoop.java:584)
	at io.netty.channel.nio.NioEventLoop.run(NioEventLoop.java:496)
	at io.netty.util.concurrent.SingleThreadEventExecutor$4.run(SingleThreadEventExecutor.java:986)
	at io.netty.util.internal.ThreadExecutorMap$2.run(ThreadExecutorMap.java:74)
	at io.netty.util.concurrent.FastThreadLocalRunnable.run(FastThreadLocalRunnable.java:30)
	at java.base/java.lang.Thread.run(Thread.java:834)
19:02:18.256 [AsyncHttpClient-1-14] DEBUG org.asynchttpclient.netty.channel.ChannelManager - Closing Channel [id: 0x06303056, L:/127.0.0.1:52678 - R:localhost/127.0.0.1:52672] 
19:02:18.256 [AsyncHttpClient-1-14] DEBUG org.asynchttpclient.netty.handler.HttpHandler - Channel Closed: [id: 0x06303056, L:/127.0.0.1:52678 ! R:localhost/127.0.0.1:52672] with attribute DISCARD
19:02:18.281 [AsyncHttpClient-1-13] DEBUG org.asynchttpclient.netty.handler.HttpHandler - 

Request DefaultFullHttpRequest(decodeResult: success, version: HTTP/1.1, content: EmptyByteBufBE)
DELETE /session/3fc641c293bd1b645f0ec28adff92575 HTTP/1.1
User-Agent: selenium/4.1.2 (java windows)
Content-Type: application/json; charset=utf-8
host: localhost:64419
accept: */*

Response DefaultHttpResponse(decodeResult: success, version: HTTP/1.1)
HTTP/1.1 200 OK
Content-Type: application/json; charset=utf-8
cache-control: no-cache
content-length: 14

19:02:18.282 [AsyncHttpClient-1-13] DEBUG org.asynchttpclient.netty.channel.ChannelManager - Adding key: http://localhost:64419 for channel [id: 0xa723e5ba, L:/127.0.0.1:52671 - R:localhost/127.0.0.1:64419]
19:02:18.483 [AsyncHttpClient-1-13] DEBUG org.asynchttpclient.netty.handler.HttpHandler - Channel Closed: [id: 0xa723e5ba, L:/127.0.0.1:52671 ! R:localhost/127.0.0.1:64419] with attribute DISCARD
19:02:18.658 [AsyncHttpClient-1-1] DEBUG org.asynchttpclient.netty.channel.DefaultChannelPool - Entry count for : http://localhost:64419 : 1
19:02:18.658 [AsyncHttpClient-1-1] DEBUG org.asynchttpclient.netty.channel.DefaultChannelPool - Entry count for : http://localhost:52672 : 1
19:02:18.658 [AsyncHttpClient-1-1] DEBUG org.asynchttpclient.netty.channel.DefaultChannelPool - Adding Candidate expired Channel [id: 0xa723e5ba, L:/127.0.0.1:52671 ! R:localhost/127.0.0.1:64419] isIdleTimeoutExpired=false isRemotelyClosed=true isTtlExpired=false
19:02:18.658 [AsyncHttpClient-1-1] DEBUG org.asynchttpclient.netty.channel.DefaultChannelPool - Closing Idle Channel [id: 0xa723e5ba, L:/127.0.0.1:52671 ! R:localhost/127.0.0.1:64419]
19:02:18.658 [AsyncHttpClient-1-1] DEBUG org.asynchttpclient.netty.channel.DefaultChannelPool - Adding Candidate expired Channel [id: 0x06303056, L:/127.0.0.1:52678 ! R:localhost/127.0.0.1:52672] isIdleTimeoutExpired=false isRemotelyClosed=true isTtlExpired=false
19:02:18.658 [AsyncHttpClient-1-1] DEBUG org.asynchttpclient.netty.channel.DefaultChannelPool - Closing Idle Channel [id: 0x06303056, L:/127.0.0.1:52678 ! R:localhost/127.0.0.1:52672]
19:02:18.658 [AsyncHttpClient-1-1] DEBUG org.asynchttpclient.netty.channel.DefaultChannelPool - Closed 2 connections out of 2 in 0 ms
]]></system-out>
    <system-err><![CDATA[Starting ChromeDriver 101.0.4951.41 (93c720db8323b3ec10d056025ab95c23a31997c9-refs/branch-heads/4951@{#904}) on port 64419
Only local connections are allowed.
Please see https://chromedriver.chromium.org/security-considerations for suggestions on keeping ChromeDriver safe.
ChromeDriver was started successfully.
May 18, 2022 7:02:14 PM org.openqa.selenium.remote.ProtocolHandshake createSession
INFO: Detected dialect: W3C
May 18, 2022 7:02:14 PM org.openqa.selenium.devtools.CdpVersionFinder findNearestMatch
WARNING: Unable to find an exact match for CDP version 101, so returning the closest version found: 97
May 18, 2022 7:02:14 PM org.openqa.selenium.devtools.CdpVersionFinder findNearestMatch
INFO: Found CDP implementation for version 101 of 97
]]></system-err>
  </testcase>
  <testcase name="register with an email that already registered" classname="Register" time="6.115">
    <system-out><![CDATA[
Scenario: register with an email that already registered &amp#27;[90m# src/test/resources/features/Register.feature:12&amp#27;[0m
19:02:19.030 [main] INFO io.cucumber.core.plugin.SerenityReporter - Running feature from file:///D:/Intern/MSIB%20Alterra/alterra-mini-project/serenity-web-ui-test/src/test/resources/features/Register.feature
19:02:19.035 [main] INFO  - 
  _____   ___   ___   _____     ___   _____     _     ___   _____   ___   ___  
 |_   _| | __| / __| |_   _|   / __| |_   _|   /_\   | _ \ |_   _| | __| |   \ 
   | |   | _|  \__ \   | |     \__ \   | |    / _ \  |   /   | |   | _|  | |) |
   |_|   |___| |___/   |_|     |___/   |_|   /_/ \_\ |_|_\   |_|   |___| |___/ 

register with an email that already registered(register;register-with-an-email-that-already-registered)
--------------------------------------------------------------------------------
19:02:19.066 [main] DEBUG net.thucydides.core.steps.StepInterceptor - STARTING STEP: RegisterSteps.onTheRegisterPage - registerPage
19:02:19.067 [main] INFO net.serenitybdd.core.webdriver.driverproviders.ChromeDriverProvider - Using automatically driver download
19:02:19.194 [main] DEBUG io.github.bonigarcia.wdm.cache.ResolutionCache - Resolution chrome=101 in cache (valid until 20:00:39 18/05/2022 ICT)
19:02:19.198 [main] DEBUG io.github.bonigarcia.wdm.cache.ResolutionCache - Resolution chrome101=101.0.4951.41 in cache (valid until 19:00:39 19/05/2022 ICT)
19:02:19.199 [main] INFO io.github.bonigarcia.wdm.WebDriverManager - Using chromedriver 101.0.4951.41 (resolved driver for Chrome 101)
19:02:19.213 [main] DEBUG io.github.bonigarcia.wdm.WebDriverManager - Driver chromedriver 101.0.4951.41 found in cache
19:02:19.213 [main] INFO io.github.bonigarcia.wdm.WebDriverManager - Exporting webdriver.chrome.driver as C:\Users\saral\.cache\selenium\chromedriver\win32\101.0.4951.41\chromedriver.exe
19:02:19.347 [main] DEBUG net.serenitybdd.core.webdriver.driverproviders.ProvideNewDriver - Instantiating driver
19:02:19.347 [main] DEBUG net.serenitybdd.core.webdriver.driverproviders.ProvideNewDriver - Driver capabilities: Capabilities {acceptInsecureCerts: false, base.url: https://qa.alta.id/, browserName: chrome, chrome.driver: src/main/resources/webdrive..., driver: chrome, goog:chromeOptions: {args: [], extensions: []}}
19:02:19.891 [AsyncHttpClient-1-16] DEBUG org.asynchttpclient.netty.channel.NettyConnectListener - Using new Channel '[id: 0xd51ebf9d, L:/127.0.0.1:52704 - R:localhost/127.0.0.1:65290]' for 'POST' to '/session'
19:02:20.632 [AsyncHttpClient-1-16] DEBUG org.asynchttpclient.netty.handler.HttpHandler - 

Request DefaultHttpRequest(decodeResult: success, version: HTTP/1.1)
POST /session HTTP/1.1
User-Agent: selenium/4.1.2 (java windows)
Content-Length: 605
Content-Type: application/json; charset=utf-8
host: localhost:65290
accept: */*

Response DefaultHttpResponse(decodeResult: success, version: HTTP/1.1)
HTTP/1.1 200 OK
Content-Type: application/json; charset=utf-8
cache-control: no-cache
content-length: 789

19:02:20.633 [AsyncHttpClient-1-16] DEBUG org.asynchttpclient.netty.channel.ChannelManager - Adding key: http://localhost:65290 for channel [id: 0xd51ebf9d, L:/127.0.0.1:52704 - R:localhost/127.0.0.1:65290]
19:02:20.645 [AsyncHttpClient-1-17] DEBUG org.asynchttpclient.netty.channel.NettyConnectListener - Using new Channel '[id: 0x57141a35, L:/127.0.0.1:52714 - R:localhost/127.0.0.1:52705]' for 'GET' to '/json/version'
19:02:20.647 [AsyncHttpClient-1-17] DEBUG org.asynchttpclient.netty.handler.HttpHandler - 

Request DefaultFullHttpRequest(decodeResult: success, version: HTTP/1.1, content: EmptyByteBufBE)
GET /json/version HTTP/1.1
User-Agent: selenium/4.1.2 (java windows)
host: localhost:52705
accept: */*

Response DefaultHttpResponse(decodeResult: success, version: HTTP/1.1)
HTTP/1.1 200 OK
Content-Type: application/json; charset=UTF-8
content-length: 427

19:02:20.647 [AsyncHttpClient-1-17] DEBUG org.asynchttpclient.netty.channel.ChannelManager - Adding key: http://localhost:52705 for channel [id: 0x57141a35, L:/127.0.0.1:52714 - R:localhost/127.0.0.1:52705]
19:02:20.651 [AsyncHttpClient-1-2] DEBUG org.asynchttpclient.netty.channel.NettyConnectListener - Using new Channel '[id: 0xc61c591c, L:/127.0.0.1:52715 - R:localhost/127.0.0.1:52705]' for 'GET' to '/devtools/browser/1f318604-a402-4cd6-8b63-a783606dc49a'
19:02:20.652 [AsyncHttpClient-1-2] DEBUG org.asynchttpclient.netty.handler.WebSocketHandler - 

Request DefaultFullHttpRequest(decodeResult: success, version: HTTP/1.1, content: EmptyByteBufBE)
GET /devtools/browser/1f318604-a402-4cd6-8b63-a783606dc49a HTTP/1.1
upgrade: websocket
connection: upgrade
sec-websocket-key: +O6FE9p5R/AF12bSoFebBg==
sec-websocket-version: 13
origin: http://localhost:52705
host: localhost:52705
accept: */*
user-agent: AHC/2.1

Response DefaultHttpResponse(decodeResult: success, version: HTTP/1.1)
HTTP/1.1 101 WebSocket Protocol Handshake
Upgrade: WebSocket
Connection: Upgrade
Sec-WebSocket-Accept: dVsyoXRrnkzG5uztzJVd1cAU9Bw=

19:02:20.658 [Forwarding get on session 54a1e8dbf6308e0bfba247ba5c840fb5 to remote] DEBUG org.asynchttpclient.netty.request.NettyRequestSender - Using pooled Channel '[id: 0xd51ebf9d, L:/127.0.0.1:52704 - R:localhost/127.0.0.1:65290]' for 'POST' to 'http://localhost:65290/session/54a1e8dbf6308e0bfba247ba5c840fb5/url'
19:02:20.658 [Forwarding get on session 54a1e8dbf6308e0bfba247ba5c840fb5 to remote] DEBUG org.asynchttpclient.netty.request.NettyRequestSender - Using open Channel [id: 0xd51ebf9d, L:/127.0.0.1:52704 - R:localhost/127.0.0.1:65290] for POST '/session/54a1e8dbf6308e0bfba247ba5c840fb5/url'
19:02:20.858 [AsyncHttpClient-1-1] DEBUG org.asynchttpclient.netty.channel.DefaultChannelPool - Entry count for : http://localhost:52705 : 1
19:02:21.893 [AsyncHttpClient-1-16] DEBUG org.asynchttpclient.netty.handler.HttpHandler - 

Request DefaultHttpRequest(decodeResult: success, version: HTTP/1.1)
POST /session/54a1e8dbf6308e0bfba247ba5c840fb5/url HTTP/1.1
User-Agent: selenium/4.1.2 (java windows)
Content-Length: 67
Content-Type: application/json; charset=utf-8
host: localhost:65290
accept: */*

Response DefaultHttpResponse(decodeResult: success, version: HTTP/1.1)
HTTP/1.1 200 OK
Content-Type: application/json; charset=utf-8
cache-control: no-cache
content-length: 14

19:02:21.893 [AsyncHttpClient-1-16] DEBUG org.asynchttpclient.netty.channel.ChannelManager - Adding key: http://localhost:65290 for channel [id: 0xd51ebf9d, L:/127.0.0.1:52704 - R:localhost/127.0.0.1:65290]
19:02:21.894 [Forwarding setTimeout on session 54a1e8dbf6308e0bfba247ba5c840fb5 to remote] DEBUG org.asynchttpclient.netty.request.NettyRequestSender - Using pooled Channel '[id: 0xd51ebf9d, L:/127.0.0.1:52704 - R:localhost/127.0.0.1:65290]' for 'POST' to 'http://localhost:65290/session/54a1e8dbf6308e0bfba247ba5c840fb5/timeouts'
19:02:21.895 [Forwarding setTimeout on session 54a1e8dbf6308e0bfba247ba5c840fb5 to remote] DEBUG org.asynchttpclient.netty.request.NettyRequestSender - Using open Channel [id: 0xd51ebf9d, L:/127.0.0.1:52704 - R:localhost/127.0.0.1:65290] for POST '/session/54a1e8dbf6308e0bfba247ba5c840fb5/timeouts'
19:02:21.895 [AsyncHttpClient-1-16] DEBUG org.asynchttpclient.netty.handler.HttpHandler - 

Request DefaultHttpRequest(decodeResult: success, version: HTTP/1.1)
POST /session/54a1e8dbf6308e0bfba247ba5c840fb5/timeouts HTTP/1.1
User-Agent: selenium/4.1.2 (java windows)
Content-Length: 22
Content-Type: application/json; charset=utf-8
host: localhost:65290
accept: */*

Response DefaultHttpResponse(decodeResult: success, version: HTTP/1.1)
HTTP/1.1 200 OK
Content-Type: application/json; charset=utf-8
cache-control: no-cache
content-length: 14

19:02:21.895 [AsyncHttpClient-1-16] DEBUG org.asynchttpclient.netty.channel.ChannelManager - Adding key: http://localhost:65290 for channel [id: 0xd51ebf9d, L:/127.0.0.1:52704 - R:localhost/127.0.0.1:65290]
19:02:21.899 [Forwarding getCurrentUrl on session 54a1e8dbf6308e0bfba247ba5c840fb5 to remote] DEBUG org.asynchttpclient.netty.request.NettyRequestSender - Using pooled Channel '[id: 0xd51ebf9d, L:/127.0.0.1:52704 - R:localhost/127.0.0.1:65290]' for 'GET' to 'http://localhost:65290/session/54a1e8dbf6308e0bfba247ba5c840fb5/url'
19:02:21.899 [Forwarding getCurrentUrl on session 54a1e8dbf6308e0bfba247ba5c840fb5 to remote] DEBUG org.asynchttpclient.netty.request.NettyRequestSender - Using open Channel [id: 0xd51ebf9d, L:/127.0.0.1:52704 - R:localhost/127.0.0.1:65290] for GET '/session/54a1e8dbf6308e0bfba247ba5c840fb5/url'
19:02:21.902 [AsyncHttpClient-1-16] DEBUG org.asynchttpclient.netty.handler.HttpHandler - 

Request DefaultFullHttpRequest(decodeResult: success, version: HTTP/1.1, content: EmptyByteBufBE)
GET /session/54a1e8dbf6308e0bfba247ba5c840fb5/url HTTP/1.1
User-Agent: selenium/4.1.2 (java windows)
Cache-Control: no-cache
Content-Type: application/json; charset=utf-8
host: localhost:65290
accept: */*

Response DefaultHttpResponse(decodeResult: success, version: HTTP/1.1)
HTTP/1.1 200 OK
Content-Type: application/json; charset=utf-8
cache-control: no-cache
content-length: 44

19:02:21.903 [AsyncHttpClient-1-16] DEBUG org.asynchttpclient.netty.channel.ChannelManager - Adding key: http://localhost:65290 for channel [id: 0xd51ebf9d, L:/127.0.0.1:52704 - R:localhost/127.0.0.1:65290]
19:02:21.907 [Forwarding screenshot on session 54a1e8dbf6308e0bfba247ba5c840fb5 to remote] DEBUG org.asynchttpclient.netty.request.NettyRequestSender - Using pooled Channel '[id: 0xd51ebf9d, L:/127.0.0.1:52704 - R:localhost/127.0.0.1:65290]' for 'GET' to 'http://localhost:65290/session/54a1e8dbf6308e0bfba247ba5c840fb5/screenshot'
19:02:21.907 [Forwarding screenshot on session 54a1e8dbf6308e0bfba247ba5c840fb5 to remote] DEBUG org.asynchttpclient.netty.request.NettyRequestSender - Using open Channel [id: 0xd51ebf9d, L:/127.0.0.1:52704 - R:localhost/127.0.0.1:65290] for GET '/session/54a1e8dbf6308e0bfba247ba5c840fb5/screenshot'
19:02:21.958 [AsyncHttpClient-1-1] DEBUG org.asynchttpclient.netty.channel.DefaultChannelPool - Entry count for : http://localhost:52705 : 1
19:02:22.124 [AsyncHttpClient-1-16] DEBUG org.asynchttpclient.netty.handler.HttpHandler - 

Request DefaultFullHttpRequest(decodeResult: success, version: HTTP/1.1, content: EmptyByteBufBE)
GET /session/54a1e8dbf6308e0bfba247ba5c840fb5/screenshot HTTP/1.1
User-Agent: selenium/4.1.2 (java windows)
Cache-Control: no-cache
Content-Type: application/json; charset=utf-8
host: localhost:65290
accept: */*

Response DefaultHttpResponse(decodeResult: success, version: HTTP/1.1)
HTTP/1.1 200 OK
Content-Type: application/json; charset=utf-8
cache-control: no-cache
content-length: 37576

19:02:22.125 [AsyncHttpClient-1-16] DEBUG org.asynchttpclient.netty.channel.ChannelManager - Adding key: http://localhost:65290 for channel [id: 0xd51ebf9d, L:/127.0.0.1:52704 - R:localhost/127.0.0.1:65290]
19:02:22.127 [main] DEBUG net.serenitybdd.core.photography.Darkroom - Send negative for processing for target\site\serenity\a7ccf41b77a9a7a591db44ebecd123572974338bd60237eef6c71f2062964664.png
19:02:22.127 [main] DEBUG net.thucydides.core.steps.StepInterceptor - STEP DONE: registerPage
19:02:22.133 [main] DEBUG net.thucydides.core.steps.StepInterceptor - STARTING STEP: RegisterSteps.onTheRegisterPage - validateOnRegisterPage
19:02:22.135 [Forwarding findElement on session 54a1e8dbf6308e0bfba247ba5c840fb5 to remote] DEBUG org.asynchttpclient.netty.request.NettyRequestSender - Using pooled Channel '[id: 0xd51ebf9d, L:/127.0.0.1:52704 - R:localhost/127.0.0.1:65290]' for 'POST' to 'http://localhost:65290/session/54a1e8dbf6308e0bfba247ba5c840fb5/element'
19:02:22.135 [Forwarding findElement on session 54a1e8dbf6308e0bfba247ba5c840fb5 to remote] DEBUG org.asynchttpclient.netty.request.NettyRequestSender - Using open Channel [id: 0xd51ebf9d, L:/127.0.0.1:52704 - R:localhost/127.0.0.1:65290] for POST '/session/54a1e8dbf6308e0bfba247ba5c840fb5/element'
19:02:22.149 [AsyncHttpClient-1-16] DEBUG org.asynchttpclient.netty.handler.HttpHandler - 

Request DefaultHttpRequest(decodeResult: success, version: HTTP/1.1)
POST /session/54a1e8dbf6308e0bfba247ba5c840fb5/element HTTP/1.1
User-Agent: selenium/4.1.2 (java windows)
Content-Length: 155
Content-Type: application/json; charset=utf-8
host: localhost:65290
accept: */*

Response DefaultHttpResponse(decodeResult: success, version: HTTP/1.1)
HTTP/1.1 200 OK
Content-Type: application/json; charset=utf-8
cache-control: no-cache
content-length: 88

19:02:22.149 [AsyncHttpClient-1-16] DEBUG org.asynchttpclient.netty.channel.ChannelManager - Adding key: http://localhost:65290 for channel [id: 0xd51ebf9d, L:/127.0.0.1:52704 - R:localhost/127.0.0.1:65290]
19:02:22.153 [Forwarding isElementDisplayed on session 54a1e8dbf6308e0bfba247ba5c840fb5 to remote] DEBUG org.asynchttpclient.netty.request.NettyRequestSender - Using pooled Channel '[id: 0xd51ebf9d, L:/127.0.0.1:52704 - R:localhost/127.0.0.1:65290]' for 'POST' to 'http://localhost:65290/session/54a1e8dbf6308e0bfba247ba5c840fb5/execute/sync'
19:02:22.153 [Forwarding isElementDisplayed on session 54a1e8dbf6308e0bfba247ba5c840fb5 to remote] DEBUG org.asynchttpclient.netty.request.NettyRequestSender - Using open Channel [id: 0xd51ebf9d, L:/127.0.0.1:52704 - R:localhost/127.0.0.1:65290] for POST '/session/54a1e8dbf6308e0bfba247ba5c840fb5/execute/sync'
19:02:22.168 [AsyncHttpClient-1-16] DEBUG org.asynchttpclient.netty.handler.HttpHandler - 

Request DefaultHttpRequest(decodeResult: success, version: HTTP/1.1)
POST /session/54a1e8dbf6308e0bfba247ba5c840fb5/execute/sync HTTP/1.1
User-Agent: selenium/4.1.2 (java windows)
Content-Length: 48780
Content-Type: application/json; charset=utf-8
host: localhost:65290
accept: */*

Response DefaultHttpResponse(decodeResult: success, version: HTTP/1.1)
HTTP/1.1 200 OK
Content-Type: application/json; charset=utf-8
cache-control: no-cache
content-length: 14

19:02:22.169 [AsyncHttpClient-1-16] DEBUG org.asynchttpclient.netty.channel.ChannelManager - Adding key: http://localhost:65290 for channel [id: 0xd51ebf9d, L:/127.0.0.1:52704 - R:localhost/127.0.0.1:65290]
19:02:22.176 [main] DEBUG net.thucydides.core.steps.StepInterceptor - STEP DONE: validateOnRegisterPage
  &amp#27;[32mGiven &amp#27;[0m&amp#27;[32mI am on the register page&amp#27;[0m                        &amp#27;[90m# starter.stepdefinitions.RegisterSteps.onTheRegisterPage()&amp#27;[0m
19:02:22.180 [Forwarding screenshot on session 54a1e8dbf6308e0bfba247ba5c840fb5 to remote] DEBUG org.asynchttpclient.netty.request.NettyRequestSender - Using pooled Channel '[id: 0xd51ebf9d, L:/127.0.0.1:52704 - R:localhost/127.0.0.1:65290]' for 'GET' to 'http://localhost:65290/session/54a1e8dbf6308e0bfba247ba5c840fb5/screenshot'
19:02:22.180 [Forwarding screenshot on session 54a1e8dbf6308e0bfba247ba5c840fb5 to remote] DEBUG org.asynchttpclient.netty.request.NettyRequestSender - Using open Channel [id: 0xd51ebf9d, L:/127.0.0.1:52704 - R:localhost/127.0.0.1:65290] for GET '/session/54a1e8dbf6308e0bfba247ba5c840fb5/screenshot'
19:02:22.269 [AsyncHttpClient-1-16] DEBUG org.asynchttpclient.netty.handler.HttpHandler - 

Request DefaultFullHttpRequest(decodeResult: success, version: HTTP/1.1, content: EmptyByteBufBE)
GET /session/54a1e8dbf6308e0bfba247ba5c840fb5/screenshot HTTP/1.1
User-Agent: selenium/4.1.2 (java windows)
Cache-Control: no-cache
Content-Type: application/json; charset=utf-8
host: localhost:65290
accept: */*

Response DefaultHttpResponse(decodeResult: success, version: HTTP/1.1)
HTTP/1.1 200 OK
Content-Type: application/json; charset=utf-8
cache-control: no-cache
content-length: 37576

19:02:22.270 [AsyncHttpClient-1-16] DEBUG org.asynchttpclient.netty.channel.ChannelManager - Adding key: http://localhost:65290 for channel [id: 0xd51ebf9d, L:/127.0.0.1:52704 - R:localhost/127.0.0.1:65290]
19:02:22.272 [main] DEBUG net.serenitybdd.core.photography.Darkroom - Send negative for processing for target\site\serenity\a7ccf41b77a9a7a591db44ebecd123572974338bd60237eef6c71f2062964664.png
19:02:22.281 [main] DEBUG net.thucydides.core.steps.StepInterceptor - STARTING STEP: RegisterSteps.inputValidFullName - inputNamaLengkap
19:02:22.284 [Forwarding findElement on session 54a1e8dbf6308e0bfba247ba5c840fb5 to remote] DEBUG org.asynchttpclient.netty.request.NettyRequestSender - Using pooled Channel '[id: 0xd51ebf9d, L:/127.0.0.1:52704 - R:localhost/127.0.0.1:65290]' for 'POST' to 'http://localhost:65290/session/54a1e8dbf6308e0bfba247ba5c840fb5/element'
19:02:22.285 [Forwarding findElement on session 54a1e8dbf6308e0bfba247ba5c840fb5 to remote] DEBUG org.asynchttpclient.netty.request.NettyRequestSender - Using open Channel [id: 0xd51ebf9d, L:/127.0.0.1:52704 - R:localhost/127.0.0.1:65290] for POST '/session/54a1e8dbf6308e0bfba247ba5c840fb5/element'
19:02:22.295 [AsyncHttpClient-1-16] DEBUG org.asynchttpclient.netty.handler.HttpHandler - 

Request DefaultHttpRequest(decodeResult: success, version: HTTP/1.1)
POST /session/54a1e8dbf6308e0bfba247ba5c840fb5/element HTTP/1.1
User-Agent: selenium/4.1.2 (java windows)
Content-Length: 91
Content-Type: application/json; charset=utf-8
host: localhost:65290
accept: */*

Response DefaultHttpResponse(decodeResult: success, version: HTTP/1.1)
HTTP/1.1 200 OK
Content-Type: application/json; charset=utf-8
cache-control: no-cache
content-length: 88

19:02:22.296 [AsyncHttpClient-1-16] DEBUG org.asynchttpclient.netty.channel.ChannelManager - Adding key: http://localhost:65290 for channel [id: 0xd51ebf9d, L:/127.0.0.1:52704 - R:localhost/127.0.0.1:65290]
19:02:22.296 [Forwarding clearElement on session 54a1e8dbf6308e0bfba247ba5c840fb5 to remote] DEBUG org.asynchttpclient.netty.request.NettyRequestSender - Using pooled Channel '[id: 0xd51ebf9d, L:/127.0.0.1:52704 - R:localhost/127.0.0.1:65290]' for 'POST' to 'http://localhost:65290/session/54a1e8dbf6308e0bfba247ba5c840fb5/element/92a0e755-ebb2-43bd-80c8-ec3d31118879/clear'
19:02:22.296 [Forwarding clearElement on session 54a1e8dbf6308e0bfba247ba5c840fb5 to remote] DEBUG org.asynchttpclient.netty.request.NettyRequestSender - Using open Channel [id: 0xd51ebf9d, L:/127.0.0.1:52704 - R:localhost/127.0.0.1:65290] for POST '/session/54a1e8dbf6308e0bfba247ba5c840fb5/element/92a0e755-ebb2-43bd-80c8-ec3d31118879/clear'
19:02:22.325 [AsyncHttpClient-1-16] DEBUG org.asynchttpclient.netty.handler.HttpHandler - 

Request DefaultHttpRequest(decodeResult: success, version: HTTP/1.1)
POST /session/54a1e8dbf6308e0bfba247ba5c840fb5/element/92a0e755-ebb2-43bd-80c8-ec3d31118879/clear HTTP/1.1
User-Agent: selenium/4.1.2 (java windows)
Content-Length: 50
Content-Type: application/json; charset=utf-8
host: localhost:65290
accept: */*

Response DefaultHttpResponse(decodeResult: success, version: HTTP/1.1)
HTTP/1.1 200 OK
Content-Type: application/json; charset=utf-8
cache-control: no-cache
content-length: 14

19:02:22.325 [AsyncHttpClient-1-16] DEBUG org.asynchttpclient.netty.channel.ChannelManager - Adding key: http://localhost:65290 for channel [id: 0xd51ebf9d, L:/127.0.0.1:52704 - R:localhost/127.0.0.1:65290]
19:02:22.327 [Forwarding sendKeysToElement on session 54a1e8dbf6308e0bfba247ba5c840fb5 to remote] DEBUG org.asynchttpclient.netty.request.NettyRequestSender - Using pooled Channel '[id: 0xd51ebf9d, L:/127.0.0.1:52704 - R:localhost/127.0.0.1:65290]' for 'POST' to 'http://localhost:65290/session/54a1e8dbf6308e0bfba247ba5c840fb5/element/92a0e755-ebb2-43bd-80c8-ec3d31118879/value'
19:02:22.327 [Forwarding sendKeysToElement on session 54a1e8dbf6308e0bfba247ba5c840fb5 to remote] DEBUG org.asynchttpclient.netty.request.NettyRequestSender - Using open Channel [id: 0xd51ebf9d, L:/127.0.0.1:52704 - R:localhost/127.0.0.1:65290] for POST '/session/54a1e8dbf6308e0bfba247ba5c840fb5/element/92a0e755-ebb2-43bd-80c8-ec3d31118879/value'
19:02:22.517 [AsyncHttpClient-1-16] DEBUG org.asynchttpclient.netty.handler.HttpHandler - 

Request DefaultHttpRequest(decodeResult: success, version: HTTP/1.1)
POST /session/54a1e8dbf6308e0bfba247ba5c840fb5/element/92a0e755-ebb2-43bd-80c8-ec3d31118879/value HTTP/1.1
User-Agent: selenium/4.1.2 (java windows)
Content-Length: 271
Content-Type: application/json; charset=utf-8
host: localhost:65290
accept: */*

Response DefaultHttpResponse(decodeResult: success, version: HTTP/1.1)
HTTP/1.1 200 OK
Content-Type: application/json; charset=utf-8
cache-control: no-cache
content-length: 14

19:02:22.518 [AsyncHttpClient-1-16] DEBUG org.asynchttpclient.netty.channel.ChannelManager - Adding key: http://localhost:65290 for channel [id: 0xd51ebf9d, L:/127.0.0.1:52704 - R:localhost/127.0.0.1:65290]
19:02:22.524 [Forwarding screenshot on session 54a1e8dbf6308e0bfba247ba5c840fb5 to remote] DEBUG org.asynchttpclient.netty.request.NettyRequestSender - Using pooled Channel '[id: 0xd51ebf9d, L:/127.0.0.1:52704 - R:localhost/127.0.0.1:65290]' for 'GET' to 'http://localhost:65290/session/54a1e8dbf6308e0bfba247ba5c840fb5/screenshot'
19:02:22.524 [Forwarding screenshot on session 54a1e8dbf6308e0bfba247ba5c840fb5 to remote] DEBUG org.asynchttpclient.netty.request.NettyRequestSender - Using open Channel [id: 0xd51ebf9d, L:/127.0.0.1:52704 - R:localhost/127.0.0.1:65290] for GET '/session/54a1e8dbf6308e0bfba247ba5c840fb5/screenshot'
19:02:22.675 [AsyncHttpClient-1-16] DEBUG org.asynchttpclient.netty.handler.HttpHandler - 

Request DefaultFullHttpRequest(decodeResult: success, version: HTTP/1.1, content: EmptyByteBufBE)
GET /session/54a1e8dbf6308e0bfba247ba5c840fb5/screenshot HTTP/1.1
User-Agent: selenium/4.1.2 (java windows)
Cache-Control: no-cache
Content-Type: application/json; charset=utf-8
host: localhost:65290
accept: */*

Response DefaultHttpResponse(decodeResult: success, version: HTTP/1.1)
HTTP/1.1 200 OK
Content-Type: application/json; charset=utf-8
cache-control: no-cache
content-length: 41336

19:02:22.676 [AsyncHttpClient-1-16] DEBUG org.asynchttpclient.netty.channel.ChannelManager - Adding key: http://localhost:65290 for channel [id: 0xd51ebf9d, L:/127.0.0.1:52704 - R:localhost/127.0.0.1:65290]
19:02:22.678 [main] DEBUG net.serenitybdd.core.photography.Darkroom - Send negative for processing for target\site\serenity\49764c2c2f43ca7efb7ebd2408730cd2edb34b0fe41acc11beadaa1b74a9f171.png
19:02:22.678 [main] DEBUG net.thucydides.core.steps.StepInterceptor - STEP DONE: inputNamaLengkap
  &amp#27;[32mWhen &amp#27;[0m&amp#27;[32mI input valid full name&amp#27;[0m                           &amp#27;[90m# starter.stepdefinitions.RegisterSteps.inputValidFullName()&amp#27;[0m
19:02:22.679 [Darkroom Processing Line] DEBUG net.serenitybdd.core.photography.DarkroomProcessingLine - Processing screenshot image in /var/screenshots/screenshot-10536209261472352337
19:02:22.679 [Darkroom Processing Line] DEBUG net.serenitybdd.core.photography.DarkroomProcessingLine - Saving screenshot to target\site\serenity\49764c2c2f43ca7efb7ebd2408730cd2edb34b0fe41acc11beadaa1b74a9f171.png
19:02:22.701 [main] DEBUG net.thucydides.core.steps.StepInterceptor - STARTING STEP: RegisterSteps.inputValidRegisteredEmail - inputEmail
19:02:22.703 [Forwarding findElement on session 54a1e8dbf6308e0bfba247ba5c840fb5 to remote] DEBUG org.asynchttpclient.netty.request.NettyRequestSender - Using pooled Channel '[id: 0xd51ebf9d, L:/127.0.0.1:52704 - R:localhost/127.0.0.1:65290]' for 'POST' to 'http://localhost:65290/session/54a1e8dbf6308e0bfba247ba5c840fb5/element'
19:02:22.703 [Forwarding findElement on session 54a1e8dbf6308e0bfba247ba5c840fb5 to remote] DEBUG org.asynchttpclient.netty.request.NettyRequestSender - Using open Channel [id: 0xd51ebf9d, L:/127.0.0.1:52704 - R:localhost/127.0.0.1:65290] for POST '/session/54a1e8dbf6308e0bfba247ba5c840fb5/element'
19:02:22.724 [AsyncHttpClient-1-16] DEBUG org.asynchttpclient.netty.handler.HttpHandler - 

Request DefaultHttpRequest(decodeResult: success, version: HTTP/1.1)
POST /session/54a1e8dbf6308e0bfba247ba5c840fb5/element HTTP/1.1
User-Agent: selenium/4.1.2 (java windows)
Content-Length: 84
Content-Type: application/json; charset=utf-8
host: localhost:65290
accept: */*

Response DefaultHttpResponse(decodeResult: success, version: HTTP/1.1)
HTTP/1.1 200 OK
Content-Type: application/json; charset=utf-8
cache-control: no-cache
content-length: 88

19:02:22.724 [AsyncHttpClient-1-16] DEBUG org.asynchttpclient.netty.channel.ChannelManager - Adding key: http://localhost:65290 for channel [id: 0xd51ebf9d, L:/127.0.0.1:52704 - R:localhost/127.0.0.1:65290]
19:02:22.725 [Forwarding clearElement on session 54a1e8dbf6308e0bfba247ba5c840fb5 to remote] DEBUG org.asynchttpclient.netty.request.NettyRequestSender - Using pooled Channel '[id: 0xd51ebf9d, L:/127.0.0.1:52704 - R:localhost/127.0.0.1:65290]' for 'POST' to 'http://localhost:65290/session/54a1e8dbf6308e0bfba247ba5c840fb5/element/782d72cb-2504-47df-a2fd-ec074b78f301/clear'
19:02:22.725 [Forwarding clearElement on session 54a1e8dbf6308e0bfba247ba5c840fb5 to remote] DEBUG org.asynchttpclient.netty.request.NettyRequestSender - Using open Channel [id: 0xd51ebf9d, L:/127.0.0.1:52704 - R:localhost/127.0.0.1:65290] for POST '/session/54a1e8dbf6308e0bfba247ba5c840fb5/element/782d72cb-2504-47df-a2fd-ec074b78f301/clear'
19:02:22.766 [AsyncHttpClient-1-16] DEBUG org.asynchttpclient.netty.handler.HttpHandler - 

Request DefaultHttpRequest(decodeResult: success, version: HTTP/1.1)
POST /session/54a1e8dbf6308e0bfba247ba5c840fb5/element/782d72cb-2504-47df-a2fd-ec074b78f301/clear HTTP/1.1
User-Agent: selenium/4.1.2 (java windows)
Content-Length: 50
Content-Type: application/json; charset=utf-8
host: localhost:65290
accept: */*

Response DefaultHttpResponse(decodeResult: success, version: HTTP/1.1)
HTTP/1.1 200 OK
Content-Type: application/json; charset=utf-8
cache-control: no-cache
content-length: 14

19:02:22.767 [AsyncHttpClient-1-16] DEBUG org.asynchttpclient.netty.channel.ChannelManager - Adding key: http://localhost:65290 for channel [id: 0xd51ebf9d, L:/127.0.0.1:52704 - R:localhost/127.0.0.1:65290]
19:02:22.769 [Forwarding sendKeysToElement on session 54a1e8dbf6308e0bfba247ba5c840fb5 to remote] DEBUG org.asynchttpclient.netty.request.NettyRequestSender - Using pooled Channel '[id: 0xd51ebf9d, L:/127.0.0.1:52704 - R:localhost/127.0.0.1:65290]' for 'POST' to 'http://localhost:65290/session/54a1e8dbf6308e0bfba247ba5c840fb5/element/782d72cb-2504-47df-a2fd-ec074b78f301/value'
19:02:22.769 [Forwarding sendKeysToElement on session 54a1e8dbf6308e0bfba247ba5c840fb5 to remote] DEBUG org.asynchttpclient.netty.request.NettyRequestSender - Using open Channel [id: 0xd51ebf9d, L:/127.0.0.1:52704 - R:localhost/127.0.0.1:65290] for POST '/session/54a1e8dbf6308e0bfba247ba5c840fb5/element/782d72cb-2504-47df-a2fd-ec074b78f301/value'
19:02:22.922 [AsyncHttpClient-1-16] DEBUG org.asynchttpclient.netty.handler.HttpHandler - 

Request DefaultHttpRequest(decodeResult: success, version: HTTP/1.1)
POST /session/54a1e8dbf6308e0bfba247ba5c840fb5/element/782d72cb-2504-47df-a2fd-ec074b78f301/value HTTP/1.1
User-Agent: selenium/4.1.2 (java windows)
Content-Length: 231
Content-Type: application/json; charset=utf-8
host: localhost:65290
accept: */*

Response DefaultHttpResponse(decodeResult: success, version: HTTP/1.1)
HTTP/1.1 200 OK
Content-Type: application/json; charset=utf-8
cache-control: no-cache
content-length: 14

19:02:22.922 [AsyncHttpClient-1-16] DEBUG org.asynchttpclient.netty.channel.ChannelManager - Adding key: http://localhost:65290 for channel [id: 0xd51ebf9d, L:/127.0.0.1:52704 - R:localhost/127.0.0.1:65290]
19:02:22.929 [Forwarding screenshot on session 54a1e8dbf6308e0bfba247ba5c840fb5 to remote] DEBUG org.asynchttpclient.netty.request.NettyRequestSender - Using pooled Channel '[id: 0xd51ebf9d, L:/127.0.0.1:52704 - R:localhost/127.0.0.1:65290]' for 'GET' to 'http://localhost:65290/session/54a1e8dbf6308e0bfba247ba5c840fb5/screenshot'
19:02:22.929 [Forwarding screenshot on session 54a1e8dbf6308e0bfba247ba5c840fb5 to remote] DEBUG org.asynchttpclient.netty.request.NettyRequestSender - Using open Channel [id: 0xd51ebf9d, L:/127.0.0.1:52704 - R:localhost/127.0.0.1:65290] for GET '/session/54a1e8dbf6308e0bfba247ba5c840fb5/screenshot'
19:02:23.058 [AsyncHttpClient-1-1] DEBUG org.asynchttpclient.netty.channel.DefaultChannelPool - Entry count for : http://localhost:52705 : 1
19:02:23.078 [AsyncHttpClient-1-16] DEBUG org.asynchttpclient.netty.handler.HttpHandler - 

Request DefaultFullHttpRequest(decodeResult: success, version: HTTP/1.1, content: EmptyByteBufBE)
GET /session/54a1e8dbf6308e0bfba247ba5c840fb5/screenshot HTTP/1.1
User-Agent: selenium/4.1.2 (java windows)
Cache-Control: no-cache
Content-Type: application/json; charset=utf-8
host: localhost:65290
accept: */*

Response DefaultHttpResponse(decodeResult: success, version: HTTP/1.1)
HTTP/1.1 200 OK
Content-Type: application/json; charset=utf-8
cache-control: no-cache
content-length: 46516

19:02:23.080 [AsyncHttpClient-1-16] DEBUG org.asynchttpclient.netty.channel.ChannelManager - Adding key: http://localhost:65290 for channel [id: 0xd51ebf9d, L:/127.0.0.1:52704 - R:localhost/127.0.0.1:65290]
19:02:23.083 [main] DEBUG net.serenitybdd.core.photography.Darkroom - Send negative for processing for target\site\serenity\bbd78b96d1430333c801479d6c84ec6ef95802c6fcdb1a7be84ddd168b31cf34.png
19:02:23.084 [main] DEBUG net.thucydides.core.steps.StepInterceptor - STEP DONE: inputEmail
  &amp#27;[32mAnd &amp#27;[0m&amp#27;[32mI input valid email that already registered&amp#27;[0m        &amp#27;[90m# starter.stepdefinitions.RegisterSteps.inputValidRegisteredEmail()&amp#27;[0m
19:02:23.086 [Darkroom Processing Line] DEBUG net.serenitybdd.core.photography.DarkroomProcessingLine - Processing screenshot image in /var/screenshots/screenshot-7292901567909636045
19:02:23.086 [Darkroom Processing Line] DEBUG net.serenitybdd.core.photography.DarkroomProcessingLine - Saving screenshot to target\site\serenity\bbd78b96d1430333c801479d6c84ec6ef95802c6fcdb1a7be84ddd168b31cf34.png
19:02:23.137 [Forwarding screenshot on session 54a1e8dbf6308e0bfba247ba5c840fb5 to remote] DEBUG org.asynchttpclient.netty.request.NettyRequestSender - Using pooled Channel '[id: 0xd51ebf9d, L:/127.0.0.1:52704 - R:localhost/127.0.0.1:65290]' for 'GET' to 'http://localhost:65290/session/54a1e8dbf6308e0bfba247ba5c840fb5/screenshot'
19:02:23.137 [Forwarding screenshot on session 54a1e8dbf6308e0bfba247ba5c840fb5 to remote] DEBUG org.asynchttpclient.netty.request.NettyRequestSender - Using open Channel [id: 0xd51ebf9d, L:/127.0.0.1:52704 - R:localhost/127.0.0.1:65290] for GET '/session/54a1e8dbf6308e0bfba247ba5c840fb5/screenshot'
19:02:23.269 [AsyncHttpClient-1-16] DEBUG org.asynchttpclient.netty.handler.HttpHandler - 

Request DefaultFullHttpRequest(decodeResult: success, version: HTTP/1.1, content: EmptyByteBufBE)
GET /session/54a1e8dbf6308e0bfba247ba5c840fb5/screenshot HTTP/1.1
User-Agent: selenium/4.1.2 (java windows)
Cache-Control: no-cache
Content-Type: application/json; charset=utf-8
host: localhost:65290
accept: */*

Response DefaultHttpResponse(decodeResult: success, version: HTTP/1.1)
HTTP/1.1 200 OK
Content-Type: application/json; charset=utf-8
cache-control: no-cache
content-length: 45876

19:02:23.269 [AsyncHttpClient-1-16] DEBUG org.asynchttpclient.netty.channel.ChannelManager - Adding key: http://localhost:65290 for channel [id: 0xd51ebf9d, L:/127.0.0.1:52704 - R:localhost/127.0.0.1:65290]
19:02:23.273 [main] DEBUG net.serenitybdd.core.photography.Darkroom - Send negative for processing for target\site\serenity\6a8269fad93d35fa21522eabdb8333c8324d87658f87df4478810299dfde8d87.png
19:02:23.273 [main] DEBUG net.thucydides.core.steps.StepInterceptor - STARTING STEP: LoginSteps.inputValidPassword - inputPassword
19:02:23.273 [Darkroom Processing Line] DEBUG net.serenitybdd.core.photography.DarkroomProcessingLine - Processing screenshot image in /var/screenshots/screenshot-7604785264818540021
19:02:23.273 [Darkroom Processing Line] DEBUG net.serenitybdd.core.photography.DarkroomProcessingLine - Saving screenshot to target\site\serenity\6a8269fad93d35fa21522eabdb8333c8324d87658f87df4478810299dfde8d87.png
19:02:23.276 [Forwarding findElement on session 54a1e8dbf6308e0bfba247ba5c840fb5 to remote] DEBUG org.asynchttpclient.netty.request.NettyRequestSender - Using pooled Channel '[id: 0xd51ebf9d, L:/127.0.0.1:52704 - R:localhost/127.0.0.1:65290]' for 'POST' to 'http://localhost:65290/session/54a1e8dbf6308e0bfba247ba5c840fb5/element'
19:02:23.277 [Forwarding findElement on session 54a1e8dbf6308e0bfba247ba5c840fb5 to remote] DEBUG org.asynchttpclient.netty.request.NettyRequestSender - Using open Channel [id: 0xd51ebf9d, L:/127.0.0.1:52704 - R:localhost/127.0.0.1:65290] for POST '/session/54a1e8dbf6308e0bfba247ba5c840fb5/element'
19:02:23.289 [AsyncHttpClient-1-16] DEBUG org.asynchttpclient.netty.handler.HttpHandler - 

Request DefaultHttpRequest(decodeResult: success, version: HTTP/1.1)
POST /session/54a1e8dbf6308e0bfba247ba5c840fb5/element HTTP/1.1
User-Agent: selenium/4.1.2 (java windows)
Content-Length: 87
Content-Type: application/json; charset=utf-8
host: localhost:65290
accept: */*

Response DefaultHttpResponse(decodeResult: success, version: HTTP/1.1)
HTTP/1.1 200 OK
Content-Type: application/json; charset=utf-8
cache-control: no-cache
content-length: 88

19:02:23.289 [AsyncHttpClient-1-16] DEBUG org.asynchttpclient.netty.channel.ChannelManager - Adding key: http://localhost:65290 for channel [id: 0xd51ebf9d, L:/127.0.0.1:52704 - R:localhost/127.0.0.1:65290]
19:02:23.293 [Forwarding clearElement on session 54a1e8dbf6308e0bfba247ba5c840fb5 to remote] DEBUG org.asynchttpclient.netty.request.NettyRequestSender - Using pooled Channel '[id: 0xd51ebf9d, L:/127.0.0.1:52704 - R:localhost/127.0.0.1:65290]' for 'POST' to 'http://localhost:65290/session/54a1e8dbf6308e0bfba247ba5c840fb5/element/7741fc50-bb18-4b02-b99a-168fe30a42bf/clear'
19:02:23.293 [Forwarding clearElement on session 54a1e8dbf6308e0bfba247ba5c840fb5 to remote] DEBUG org.asynchttpclient.netty.request.NettyRequestSender - Using open Channel [id: 0xd51ebf9d, L:/127.0.0.1:52704 - R:localhost/127.0.0.1:65290] for POST '/session/54a1e8dbf6308e0bfba247ba5c840fb5/element/7741fc50-bb18-4b02-b99a-168fe30a42bf/clear'
19:02:23.335 [AsyncHttpClient-1-16] DEBUG org.asynchttpclient.netty.handler.HttpHandler - 

Request DefaultHttpRequest(decodeResult: success, version: HTTP/1.1)
POST /session/54a1e8dbf6308e0bfba247ba5c840fb5/element/7741fc50-bb18-4b02-b99a-168fe30a42bf/clear HTTP/1.1
User-Agent: selenium/4.1.2 (java windows)
Content-Length: 50
Content-Type: application/json; charset=utf-8
host: localhost:65290
accept: */*

Response DefaultHttpResponse(decodeResult: success, version: HTTP/1.1)
HTTP/1.1 200 OK
Content-Type: application/json; charset=utf-8
cache-control: no-cache
content-length: 14

19:02:23.335 [AsyncHttpClient-1-16] DEBUG org.asynchttpclient.netty.channel.ChannelManager - Adding key: http://localhost:65290 for channel [id: 0xd51ebf9d, L:/127.0.0.1:52704 - R:localhost/127.0.0.1:65290]
19:02:23.338 [Forwarding sendKeysToElement on session 54a1e8dbf6308e0bfba247ba5c840fb5 to remote] DEBUG org.asynchttpclient.netty.request.NettyRequestSender - Using pooled Channel '[id: 0xd51ebf9d, L:/127.0.0.1:52704 - R:localhost/127.0.0.1:65290]' for 'POST' to 'http://localhost:65290/session/54a1e8dbf6308e0bfba247ba5c840fb5/element/7741fc50-bb18-4b02-b99a-168fe30a42bf/value'
19:02:23.338 [Forwarding sendKeysToElement on session 54a1e8dbf6308e0bfba247ba5c840fb5 to remote] DEBUG org.asynchttpclient.netty.request.NettyRequestSender - Using open Channel [id: 0xd51ebf9d, L:/127.0.0.1:52704 - R:localhost/127.0.0.1:65290] for POST '/session/54a1e8dbf6308e0bfba247ba5c840fb5/element/7741fc50-bb18-4b02-b99a-168fe30a42bf/value'
19:02:23.429 [AsyncHttpClient-1-16] DEBUG org.asynchttpclient.netty.handler.HttpHandler - 

Request DefaultHttpRequest(decodeResult: success, version: HTTP/1.1)
POST /session/54a1e8dbf6308e0bfba247ba5c840fb5/element/7741fc50-bb18-4b02-b99a-168fe30a42bf/value HTTP/1.1
User-Agent: selenium/4.1.2 (java windows)
Content-Length: 151
Content-Type: application/json; charset=utf-8
host: localhost:65290
accept: */*

Response DefaultHttpResponse(decodeResult: success, version: HTTP/1.1)
HTTP/1.1 200 OK
Content-Type: application/json; charset=utf-8
cache-control: no-cache
content-length: 14

19:02:23.429 [AsyncHttpClient-1-16] DEBUG org.asynchttpclient.netty.channel.ChannelManager - Adding key: http://localhost:65290 for channel [id: 0xd51ebf9d, L:/127.0.0.1:52704 - R:localhost/127.0.0.1:65290]
19:02:23.437 [Forwarding screenshot on session 54a1e8dbf6308e0bfba247ba5c840fb5 to remote] DEBUG org.asynchttpclient.netty.request.NettyRequestSender - Using pooled Channel '[id: 0xd51ebf9d, L:/127.0.0.1:52704 - R:localhost/127.0.0.1:65290]' for 'GET' to 'http://localhost:65290/session/54a1e8dbf6308e0bfba247ba5c840fb5/screenshot'
19:02:23.437 [Forwarding screenshot on session 54a1e8dbf6308e0bfba247ba5c840fb5 to remote] DEBUG org.asynchttpclient.netty.request.NettyRequestSender - Using open Channel [id: 0xd51ebf9d, L:/127.0.0.1:52704 - R:localhost/127.0.0.1:65290] for GET '/session/54a1e8dbf6308e0bfba247ba5c840fb5/screenshot'
19:02:23.566 [AsyncHttpClient-1-16] DEBUG org.asynchttpclient.netty.handler.HttpHandler - 

Request DefaultFullHttpRequest(decodeResult: success, version: HTTP/1.1, content: EmptyByteBufBE)
GET /session/54a1e8dbf6308e0bfba247ba5c840fb5/screenshot HTTP/1.1
User-Agent: selenium/4.1.2 (java windows)
Cache-Control: no-cache
Content-Type: application/json; charset=utf-8
host: localhost:65290
accept: */*

Response DefaultHttpResponse(decodeResult: success, version: HTTP/1.1)
HTTP/1.1 200 OK
Content-Type: application/json; charset=utf-8
cache-control: no-cache
content-length: 48924

19:02:23.567 [AsyncHttpClient-1-16] DEBUG org.asynchttpclient.netty.channel.ChannelManager - Adding key: http://localhost:65290 for channel [id: 0xd51ebf9d, L:/127.0.0.1:52704 - R:localhost/127.0.0.1:65290]
19:02:23.569 [main] DEBUG net.serenitybdd.core.photography.Darkroom - Send negative for processing for target\site\serenity\84e98b4a0b32a0856a91048ed8d549a36c1703bfb3cd49bcfcf18d22b6ea61e1.png
19:02:23.570 [main] DEBUG net.thucydides.core.steps.StepInterceptor - STEP DONE: inputPassword
  &amp#27;[32mAnd &amp#27;[0m&amp#27;[32mI input valid password&amp#27;[0m                             &amp#27;[90m# starter.stepdefinitions.LoginSteps.inputValidPassword()&amp#27;[0m
19:02:23.574 [Darkroom Processing Line] DEBUG net.serenitybdd.core.photography.DarkroomProcessingLine - Processing screenshot image in /var/screenshots/screenshot-16072454867660350775
19:02:23.575 [Darkroom Processing Line] DEBUG net.serenitybdd.core.photography.DarkroomProcessingLine - Saving screenshot to target\site\serenity\84e98b4a0b32a0856a91048ed8d549a36c1703bfb3cd49bcfcf18d22b6ea61e1.png
19:02:23.597 [main] DEBUG net.thucydides.core.steps.StepInterceptor - STARTING STEP: RegisterSteps.clickRegisterButton - clickRegisterButton
19:02:23.600 [Forwarding findElement on session 54a1e8dbf6308e0bfba247ba5c840fb5 to remote] DEBUG org.asynchttpclient.netty.request.NettyRequestSender - Using pooled Channel '[id: 0xd51ebf9d, L:/127.0.0.1:52704 - R:localhost/127.0.0.1:65290]' for 'POST' to 'http://localhost:65290/session/54a1e8dbf6308e0bfba247ba5c840fb5/element'
19:02:23.600 [Forwarding findElement on session 54a1e8dbf6308e0bfba247ba5c840fb5 to remote] DEBUG org.asynchttpclient.netty.request.NettyRequestSender - Using open Channel [id: 0xd51ebf9d, L:/127.0.0.1:52704 - R:localhost/127.0.0.1:65290] for POST '/session/54a1e8dbf6308e0bfba247ba5c840fb5/element'
19:02:23.613 [AsyncHttpClient-1-16] DEBUG org.asynchttpclient.netty.handler.HttpHandler - 

Request DefaultHttpRequest(decodeResult: success, version: HTTP/1.1)
POST /session/54a1e8dbf6308e0bfba247ba5c840fb5/element HTTP/1.1
User-Agent: selenium/4.1.2 (java windows)
Content-Length: 155
Content-Type: application/json; charset=utf-8
host: localhost:65290
accept: */*

Response DefaultHttpResponse(decodeResult: success, version: HTTP/1.1)
HTTP/1.1 200 OK
Content-Type: application/json; charset=utf-8
cache-control: no-cache
content-length: 88

19:02:23.613 [AsyncHttpClient-1-16] DEBUG org.asynchttpclient.netty.channel.ChannelManager - Adding key: http://localhost:65290 for channel [id: 0xd51ebf9d, L:/127.0.0.1:52704 - R:localhost/127.0.0.1:65290]
19:02:23.615 [Forwarding getElementTagName on session 54a1e8dbf6308e0bfba247ba5c840fb5 to remote] DEBUG org.asynchttpclient.netty.request.NettyRequestSender - Using pooled Channel '[id: 0xd51ebf9d, L:/127.0.0.1:52704 - R:localhost/127.0.0.1:65290]' for 'GET' to 'http://localhost:65290/session/54a1e8dbf6308e0bfba247ba5c840fb5/element/0920935b-ab8a-4645-9f42-9d7cb6b45836/name'
19:02:23.615 [Forwarding getElementTagName on session 54a1e8dbf6308e0bfba247ba5c840fb5 to remote] DEBUG org.asynchttpclient.netty.request.NettyRequestSender - Using open Channel [id: 0xd51ebf9d, L:/127.0.0.1:52704 - R:localhost/127.0.0.1:65290] for GET '/session/54a1e8dbf6308e0bfba247ba5c840fb5/element/0920935b-ab8a-4645-9f42-9d7cb6b45836/name'
19:02:23.624 [AsyncHttpClient-1-16] DEBUG org.asynchttpclient.netty.handler.HttpHandler - 

Request DefaultFullHttpRequest(decodeResult: success, version: HTTP/1.1, content: EmptyByteBufBE)
GET /session/54a1e8dbf6308e0bfba247ba5c840fb5/element/0920935b-ab8a-4645-9f42-9d7cb6b45836/name HTTP/1.1
User-Agent: selenium/4.1.2 (java windows)
Cache-Control: no-cache
Content-Type: application/json; charset=utf-8
host: localhost:65290
accept: */*

Response DefaultHttpResponse(decodeResult: success, version: HTTP/1.1)
HTTP/1.1 200 OK
Content-Type: application/json; charset=utf-8
cache-control: no-cache
content-length: 18

19:02:23.625 [AsyncHttpClient-1-16] DEBUG org.asynchttpclient.netty.channel.ChannelManager - Adding key: http://localhost:65290 for channel [id: 0xd51ebf9d, L:/127.0.0.1:52704 - R:localhost/127.0.0.1:65290]
19:02:23.626 [Forwarding getElementTagName on session 54a1e8dbf6308e0bfba247ba5c840fb5 to remote] DEBUG org.asynchttpclient.netty.request.NettyRequestSender - Using pooled Channel '[id: 0xd51ebf9d, L:/127.0.0.1:52704 - R:localhost/127.0.0.1:65290]' for 'GET' to 'http://localhost:65290/session/54a1e8dbf6308e0bfba247ba5c840fb5/element/0920935b-ab8a-4645-9f42-9d7cb6b45836/name'
19:02:23.626 [Forwarding getElementTagName on session 54a1e8dbf6308e0bfba247ba5c840fb5 to remote] DEBUG org.asynchttpclient.netty.request.NettyRequestSender - Using open Channel [id: 0xd51ebf9d, L:/127.0.0.1:52704 - R:localhost/127.0.0.1:65290] for GET '/session/54a1e8dbf6308e0bfba247ba5c840fb5/element/0920935b-ab8a-4645-9f42-9d7cb6b45836/name'
19:02:23.630 [AsyncHttpClient-1-16] DEBUG org.asynchttpclient.netty.handler.HttpHandler - 

Request DefaultFullHttpRequest(decodeResult: success, version: HTTP/1.1, content: EmptyByteBufBE)
GET /session/54a1e8dbf6308e0bfba247ba5c840fb5/element/0920935b-ab8a-4645-9f42-9d7cb6b45836/name HTTP/1.1
User-Agent: selenium/4.1.2 (java windows)
Cache-Control: no-cache
Content-Type: application/json; charset=utf-8
host: localhost:65290
accept: */*

Response DefaultHttpResponse(decodeResult: success, version: HTTP/1.1)
HTTP/1.1 200 OK
Content-Type: application/json; charset=utf-8
cache-control: no-cache
content-length: 18

19:02:23.630 [AsyncHttpClient-1-16] DEBUG org.asynchttpclient.netty.channel.ChannelManager - Adding key: http://localhost:65290 for channel [id: 0xd51ebf9d, L:/127.0.0.1:52704 - R:localhost/127.0.0.1:65290]
19:02:23.632 [Forwarding isElementEnabled on session 54a1e8dbf6308e0bfba247ba5c840fb5 to remote] DEBUG org.asynchttpclient.netty.request.NettyRequestSender - Using pooled Channel '[id: 0xd51ebf9d, L:/127.0.0.1:52704 - R:localhost/127.0.0.1:65290]' for 'GET' to 'http://localhost:65290/session/54a1e8dbf6308e0bfba247ba5c840fb5/element/0920935b-ab8a-4645-9f42-9d7cb6b45836/enabled'
19:02:23.632 [Forwarding isElementEnabled on session 54a1e8dbf6308e0bfba247ba5c840fb5 to remote] DEBUG org.asynchttpclient.netty.request.NettyRequestSender - Using open Channel [id: 0xd51ebf9d, L:/127.0.0.1:52704 - R:localhost/127.0.0.1:65290] for GET '/session/54a1e8dbf6308e0bfba247ba5c840fb5/element/0920935b-ab8a-4645-9f42-9d7cb6b45836/enabled'
19:02:23.649 [AsyncHttpClient-1-16] DEBUG org.asynchttpclient.netty.handler.HttpHandler - 

Request DefaultFullHttpRequest(decodeResult: success, version: HTTP/1.1, content: EmptyByteBufBE)
GET /session/54a1e8dbf6308e0bfba247ba5c840fb5/element/0920935b-ab8a-4645-9f42-9d7cb6b45836/enabled HTTP/1.1
User-Agent: selenium/4.1.2 (java windows)
Cache-Control: no-cache
Content-Type: application/json; charset=utf-8
host: localhost:65290
accept: */*

Response DefaultHttpResponse(decodeResult: success, version: HTTP/1.1)
HTTP/1.1 200 OK
Content-Type: application/json; charset=utf-8
cache-control: no-cache
content-length: 14

19:02:23.649 [AsyncHttpClient-1-16] DEBUG org.asynchttpclient.netty.channel.ChannelManager - Adding key: http://localhost:65290 for channel [id: 0xd51ebf9d, L:/127.0.0.1:52704 - R:localhost/127.0.0.1:65290]
19:02:23.651 [Forwarding isElementEnabled on session 54a1e8dbf6308e0bfba247ba5c840fb5 to remote] DEBUG org.asynchttpclient.netty.request.NettyRequestSender - Using pooled Channel '[id: 0xd51ebf9d, L:/127.0.0.1:52704 - R:localhost/127.0.0.1:65290]' for 'GET' to 'http://localhost:65290/session/54a1e8dbf6308e0bfba247ba5c840fb5/element/0920935b-ab8a-4645-9f42-9d7cb6b45836/enabled'
19:02:23.651 [Forwarding isElementEnabled on session 54a1e8dbf6308e0bfba247ba5c840fb5 to remote] DEBUG org.asynchttpclient.netty.request.NettyRequestSender - Using open Channel [id: 0xd51ebf9d, L:/127.0.0.1:52704 - R:localhost/127.0.0.1:65290] for GET '/session/54a1e8dbf6308e0bfba247ba5c840fb5/element/0920935b-ab8a-4645-9f42-9d7cb6b45836/enabled'
19:02:23.656 [AsyncHttpClient-1-16] DEBUG org.asynchttpclient.netty.handler.HttpHandler - 

Request DefaultFullHttpRequest(decodeResult: success, version: HTTP/1.1, content: EmptyByteBufBE)
GET /session/54a1e8dbf6308e0bfba247ba5c840fb5/element/0920935b-ab8a-4645-9f42-9d7cb6b45836/enabled HTTP/1.1
User-Agent: selenium/4.1.2 (java windows)
Cache-Control: no-cache
Content-Type: application/json; charset=utf-8
host: localhost:65290
accept: */*

Response DefaultHttpResponse(decodeResult: success, version: HTTP/1.1)
HTTP/1.1 200 OK
Content-Type: application/json; charset=utf-8
cache-control: no-cache
content-length: 14

19:02:23.657 [AsyncHttpClient-1-16] DEBUG org.asynchttpclient.netty.channel.ChannelManager - Adding key: http://localhost:65290 for channel [id: 0xd51ebf9d, L:/127.0.0.1:52704 - R:localhost/127.0.0.1:65290]
19:02:23.659 [Forwarding findElement on session 54a1e8dbf6308e0bfba247ba5c840fb5 to remote] DEBUG org.asynchttpclient.netty.request.NettyRequestSender - Using pooled Channel '[id: 0xd51ebf9d, L:/127.0.0.1:52704 - R:localhost/127.0.0.1:65290]' for 'POST' to 'http://localhost:65290/session/54a1e8dbf6308e0bfba247ba5c840fb5/element'
19:02:23.659 [Forwarding findElement on session 54a1e8dbf6308e0bfba247ba5c840fb5 to remote] DEBUG org.asynchttpclient.netty.request.NettyRequestSender - Using open Channel [id: 0xd51ebf9d, L:/127.0.0.1:52704 - R:localhost/127.0.0.1:65290] for POST '/session/54a1e8dbf6308e0bfba247ba5c840fb5/element'
19:02:23.667 [AsyncHttpClient-1-16] DEBUG org.asynchttpclient.netty.handler.HttpHandler - 

Request DefaultHttpRequest(decodeResult: success, version: HTTP/1.1)
POST /session/54a1e8dbf6308e0bfba247ba5c840fb5/element HTTP/1.1
User-Agent: selenium/4.1.2 (java windows)
Content-Length: 155
Content-Type: application/json; charset=utf-8
host: localhost:65290
accept: */*

Response DefaultHttpResponse(decodeResult: success, version: HTTP/1.1)
HTTP/1.1 200 OK
Content-Type: application/json; charset=utf-8
cache-control: no-cache
content-length: 88

19:02:23.667 [AsyncHttpClient-1-16] DEBUG org.asynchttpclient.netty.channel.ChannelManager - Adding key: http://localhost:65290 for channel [id: 0xd51ebf9d, L:/127.0.0.1:52704 - R:localhost/127.0.0.1:65290]
19:02:23.669 [Forwarding clickElement on session 54a1e8dbf6308e0bfba247ba5c840fb5 to remote] DEBUG org.asynchttpclient.netty.request.NettyRequestSender - Using pooled Channel '[id: 0xd51ebf9d, L:/127.0.0.1:52704 - R:localhost/127.0.0.1:65290]' for 'POST' to 'http://localhost:65290/session/54a1e8dbf6308e0bfba247ba5c840fb5/element/0920935b-ab8a-4645-9f42-9d7cb6b45836/click'
19:02:23.669 [Forwarding clickElement on session 54a1e8dbf6308e0bfba247ba5c840fb5 to remote] DEBUG org.asynchttpclient.netty.request.NettyRequestSender - Using open Channel [id: 0xd51ebf9d, L:/127.0.0.1:52704 - R:localhost/127.0.0.1:65290] for POST '/session/54a1e8dbf6308e0bfba247ba5c840fb5/element/0920935b-ab8a-4645-9f42-9d7cb6b45836/click'
19:02:23.736 [AsyncHttpClient-1-16] DEBUG org.asynchttpclient.netty.handler.HttpHandler - 

Request DefaultHttpRequest(decodeResult: success, version: HTTP/1.1)
POST /session/54a1e8dbf6308e0bfba247ba5c840fb5/element/0920935b-ab8a-4645-9f42-9d7cb6b45836/click HTTP/1.1
User-Agent: selenium/4.1.2 (java windows)
Content-Length: 50
Content-Type: application/json; charset=utf-8
host: localhost:65290
accept: */*

Response DefaultHttpResponse(decodeResult: success, version: HTTP/1.1)
HTTP/1.1 200 OK
Content-Type: application/json; charset=utf-8
cache-control: no-cache
content-length: 14

19:02:23.737 [AsyncHttpClient-1-16] DEBUG org.asynchttpclient.netty.channel.ChannelManager - Adding key: http://localhost:65290 for channel [id: 0xd51ebf9d, L:/127.0.0.1:52704 - R:localhost/127.0.0.1:65290]
19:02:23.746 [Forwarding screenshot on session 54a1e8dbf6308e0bfba247ba5c840fb5 to remote] DEBUG org.asynchttpclient.netty.request.NettyRequestSender - Using pooled Channel '[id: 0xd51ebf9d, L:/127.0.0.1:52704 - R:localhost/127.0.0.1:65290]' for 'GET' to 'http://localhost:65290/session/54a1e8dbf6308e0bfba247ba5c840fb5/screenshot'
19:02:23.746 [Forwarding screenshot on session 54a1e8dbf6308e0bfba247ba5c840fb5 to remote] DEBUG org.asynchttpclient.netty.request.NettyRequestSender - Using open Channel [id: 0xd51ebf9d, L:/127.0.0.1:52704 - R:localhost/127.0.0.1:65290] for GET '/session/54a1e8dbf6308e0bfba247ba5c840fb5/screenshot'
19:02:23.887 [AsyncHttpClient-1-16] DEBUG org.asynchttpclient.netty.handler.HttpHandler - 

Request DefaultFullHttpRequest(decodeResult: success, version: HTTP/1.1, content: EmptyByteBufBE)
GET /session/54a1e8dbf6308e0bfba247ba5c840fb5/screenshot HTTP/1.1
User-Agent: selenium/4.1.2 (java windows)
Cache-Control: no-cache
Content-Type: application/json; charset=utf-8
host: localhost:65290
accept: */*

Response DefaultHttpResponse(decodeResult: success, version: HTTP/1.1)
HTTP/1.1 200 OK
Content-Type: application/json; charset=utf-8
cache-control: no-cache
content-length: 48148

19:02:23.888 [AsyncHttpClient-1-16] DEBUG org.asynchttpclient.netty.channel.ChannelManager - Adding key: http://localhost:65290 for channel [id: 0xd51ebf9d, L:/127.0.0.1:52704 - R:localhost/127.0.0.1:65290]
19:02:23.891 [main] DEBUG net.serenitybdd.core.photography.Darkroom - Send negative for processing for target\site\serenity\75c6459d601a12433e1d2445fb6283f5bf2a5ab1425aae0f856ea195ae2ac1c7.png
19:02:23.891 [main] DEBUG net.thucydides.core.steps.StepInterceptor - STEP DONE: clickRegisterButton
  &amp#27;[32mAnd &amp#27;[0m&amp#27;[32mI click on register button&amp#27;[0m                         &amp#27;[90m# starter.stepdefinitions.RegisterSteps.clickRegisterButton()&amp#27;[0m
19:02:23.891 [Darkroom Processing Line] DEBUG net.serenitybdd.core.photography.DarkroomProcessingLine - Processing screenshot image in /var/screenshots/screenshot-6900041329625263382
19:02:23.891 [Darkroom Processing Line] DEBUG net.serenitybdd.core.photography.DarkroomProcessingLine - Saving screenshot to target\site\serenity\75c6459d601a12433e1d2445fb6283f5bf2a5ab1425aae0f856ea195ae2ac1c7.png
19:02:23.907 [main] DEBUG net.thucydides.core.steps.StepInterceptor - STARTING STEP: RegisterSteps.stillOnTheRegisterPage - registerPage
19:02:23.908 [Forwarding get on session 54a1e8dbf6308e0bfba247ba5c840fb5 to remote] DEBUG org.asynchttpclient.netty.request.NettyRequestSender - Using pooled Channel '[id: 0xd51ebf9d, L:/127.0.0.1:52704 - R:localhost/127.0.0.1:65290]' for 'POST' to 'http://localhost:65290/session/54a1e8dbf6308e0bfba247ba5c840fb5/url'
19:02:23.908 [Forwarding get on session 54a1e8dbf6308e0bfba247ba5c840fb5 to remote] DEBUG org.asynchttpclient.netty.request.NettyRequestSender - Using open Channel [id: 0xd51ebf9d, L:/127.0.0.1:52704 - R:localhost/127.0.0.1:65290] for POST '/session/54a1e8dbf6308e0bfba247ba5c840fb5/url'
19:02:24.124 [AsyncHttpClient-1-16] DEBUG org.asynchttpclient.netty.handler.HttpHandler - 

Request DefaultHttpRequest(decodeResult: success, version: HTTP/1.1)
POST /session/54a1e8dbf6308e0bfba247ba5c840fb5/url HTTP/1.1
User-Agent: selenium/4.1.2 (java windows)
Content-Length: 67
Content-Type: application/json; charset=utf-8
host: localhost:65290
accept: */*

Response DefaultHttpResponse(decodeResult: success, version: HTTP/1.1)
HTTP/1.1 200 OK
Content-Type: application/json; charset=utf-8
cache-control: no-cache
content-length: 14

19:02:24.124 [AsyncHttpClient-1-16] DEBUG org.asynchttpclient.netty.channel.ChannelManager - Adding key: http://localhost:65290 for channel [id: 0xd51ebf9d, L:/127.0.0.1:52704 - R:localhost/127.0.0.1:65290]
19:02:24.128 [Forwarding getCurrentUrl on session 54a1e8dbf6308e0bfba247ba5c840fb5 to remote] DEBUG org.asynchttpclient.netty.request.NettyRequestSender - Using pooled Channel '[id: 0xd51ebf9d, L:/127.0.0.1:52704 - R:localhost/127.0.0.1:65290]' for 'GET' to 'http://localhost:65290/session/54a1e8dbf6308e0bfba247ba5c840fb5/url'
19:02:24.128 [Forwarding getCurrentUrl on session 54a1e8dbf6308e0bfba247ba5c840fb5 to remote] DEBUG org.asynchttpclient.netty.request.NettyRequestSender - Using open Channel [id: 0xd51ebf9d, L:/127.0.0.1:52704 - R:localhost/127.0.0.1:65290] for GET '/session/54a1e8dbf6308e0bfba247ba5c840fb5/url'
19:02:24.136 [AsyncHttpClient-1-16] DEBUG org.asynchttpclient.netty.handler.HttpHandler - 

Request DefaultFullHttpRequest(decodeResult: success, version: HTTP/1.1, content: EmptyByteBufBE)
GET /session/54a1e8dbf6308e0bfba247ba5c840fb5/url HTTP/1.1
User-Agent: selenium/4.1.2 (java windows)
Cache-Control: no-cache
Content-Type: application/json; charset=utf-8
host: localhost:65290
accept: */*

Response DefaultHttpResponse(decodeResult: success, version: HTTP/1.1)
HTTP/1.1 200 OK
Content-Type: application/json; charset=utf-8
cache-control: no-cache
content-length: 44

19:02:24.136 [AsyncHttpClient-1-16] DEBUG org.asynchttpclient.netty.channel.ChannelManager - Adding key: http://localhost:65290 for channel [id: 0xd51ebf9d, L:/127.0.0.1:52704 - R:localhost/127.0.0.1:65290]
19:02:24.148 [Forwarding screenshot on session 54a1e8dbf6308e0bfba247ba5c840fb5 to remote] DEBUG org.asynchttpclient.netty.request.NettyRequestSender - Using pooled Channel '[id: 0xd51ebf9d, L:/127.0.0.1:52704 - R:localhost/127.0.0.1:65290]' for 'GET' to 'http://localhost:65290/session/54a1e8dbf6308e0bfba247ba5c840fb5/screenshot'
19:02:24.148 [Forwarding screenshot on session 54a1e8dbf6308e0bfba247ba5c840fb5 to remote] DEBUG org.asynchttpclient.netty.request.NettyRequestSender - Using open Channel [id: 0xd51ebf9d, L:/127.0.0.1:52704 - R:localhost/127.0.0.1:65290] for GET '/session/54a1e8dbf6308e0bfba247ba5c840fb5/screenshot'
19:02:24.163 [AsyncHttpClient-1-1] DEBUG org.asynchttpclient.netty.channel.DefaultChannelPool - Entry count for : http://localhost:52705 : 1
19:02:24.249 [AsyncHttpClient-1-16] DEBUG org.asynchttpclient.netty.handler.HttpHandler - 

Request DefaultFullHttpRequest(decodeResult: success, version: HTTP/1.1, content: EmptyByteBufBE)
GET /session/54a1e8dbf6308e0bfba247ba5c840fb5/screenshot HTTP/1.1
User-Agent: selenium/4.1.2 (java windows)
Cache-Control: no-cache
Content-Type: application/json; charset=utf-8
host: localhost:65290
accept: */*

Response DefaultHttpResponse(decodeResult: success, version: HTTP/1.1)
HTTP/1.1 200 OK
Content-Type: application/json; charset=utf-8
cache-control: no-cache
content-length: 37576

19:02:24.250 [AsyncHttpClient-1-16] DEBUG org.asynchttpclient.netty.channel.ChannelManager - Adding key: http://localhost:65290 for channel [id: 0xd51ebf9d, L:/127.0.0.1:52704 - R:localhost/127.0.0.1:65290]
19:02:24.252 [main] DEBUG net.serenitybdd.core.photography.Darkroom - Send negative for processing for target\site\serenity\a7ccf41b77a9a7a591db44ebecd123572974338bd60237eef6c71f2062964664.png
19:02:24.252 [main] DEBUG net.thucydides.core.steps.StepInterceptor - STEP DONE: registerPage
19:02:24.258 [main] DEBUG net.thucydides.core.steps.StepInterceptor - STARTING STEP: RegisterSteps.stillOnTheRegisterPage - validateStillOnRegisterPage
19:02:24.259 [Forwarding findElement on session 54a1e8dbf6308e0bfba247ba5c840fb5 to remote] DEBUG org.asynchttpclient.netty.request.NettyRequestSender - Using pooled Channel '[id: 0xd51ebf9d, L:/127.0.0.1:52704 - R:localhost/127.0.0.1:65290]' for 'POST' to 'http://localhost:65290/session/54a1e8dbf6308e0bfba247ba5c840fb5/element'
19:02:24.259 [Forwarding findElement on session 54a1e8dbf6308e0bfba247ba5c840fb5 to remote] DEBUG org.asynchttpclient.netty.request.NettyRequestSender - Using open Channel [id: 0xd51ebf9d, L:/127.0.0.1:52704 - R:localhost/127.0.0.1:65290] for POST '/session/54a1e8dbf6308e0bfba247ba5c840fb5/element'
19:02:24.265 [AsyncHttpClient-1-16] DEBUG org.asynchttpclient.netty.handler.HttpHandler - 

Request DefaultHttpRequest(decodeResult: success, version: HTTP/1.1)
POST /session/54a1e8dbf6308e0bfba247ba5c840fb5/element HTTP/1.1
User-Agent: selenium/4.1.2 (java windows)
Content-Length: 155
Content-Type: application/json; charset=utf-8
host: localhost:65290
accept: */*

Response DefaultHttpResponse(decodeResult: success, version: HTTP/1.1)
HTTP/1.1 200 OK
Content-Type: application/json; charset=utf-8
cache-control: no-cache
content-length: 88

19:02:24.265 [AsyncHttpClient-1-16] DEBUG org.asynchttpclient.netty.channel.ChannelManager - Adding key: http://localhost:65290 for channel [id: 0xd51ebf9d, L:/127.0.0.1:52704 - R:localhost/127.0.0.1:65290]
19:02:24.269 [Forwarding isElementDisplayed on session 54a1e8dbf6308e0bfba247ba5c840fb5 to remote] DEBUG org.asynchttpclient.netty.request.NettyRequestSender - Using pooled Channel '[id: 0xd51ebf9d, L:/127.0.0.1:52704 - R:localhost/127.0.0.1:65290]' for 'POST' to 'http://localhost:65290/session/54a1e8dbf6308e0bfba247ba5c840fb5/execute/sync'
19:02:24.269 [Forwarding isElementDisplayed on session 54a1e8dbf6308e0bfba247ba5c840fb5 to remote] DEBUG org.asynchttpclient.netty.request.NettyRequestSender - Using open Channel [id: 0xd51ebf9d, L:/127.0.0.1:52704 - R:localhost/127.0.0.1:65290] for POST '/session/54a1e8dbf6308e0bfba247ba5c840fb5/execute/sync'
19:02:24.287 [AsyncHttpClient-1-16] DEBUG org.asynchttpclient.netty.handler.HttpHandler - 

Request DefaultHttpRequest(decodeResult: success, version: HTTP/1.1)
POST /session/54a1e8dbf6308e0bfba247ba5c840fb5/execute/sync HTTP/1.1
User-Agent: selenium/4.1.2 (java windows)
Content-Length: 48780
Content-Type: application/json; charset=utf-8
host: localhost:65290
accept: */*

Response DefaultHttpResponse(decodeResult: success, version: HTTP/1.1)
HTTP/1.1 200 OK
Content-Type: application/json; charset=utf-8
cache-control: no-cache
content-length: 14

19:02:24.288 [AsyncHttpClient-1-16] DEBUG org.asynchttpclient.netty.channel.ChannelManager - Adding key: http://localhost:65290 for channel [id: 0xd51ebf9d, L:/127.0.0.1:52704 - R:localhost/127.0.0.1:65290]
19:02:24.292 [main] DEBUG net.thucydides.core.steps.StepInterceptor - STEP DONE: validateStillOnRegisterPage
  &amp#27;[32mThen &amp#27;[0m&amp#27;[32mI am still on the register page&amp#27;[0m                   &amp#27;[90m# starter.stepdefinitions.RegisterSteps.stillOnTheRegisterPage()&amp#27;[0m
19:02:24.296 [main] INFO  - 
  _____   ___   ___   _____     ___     _     ___   ___   ___   ___  
 |_   _| | __| / __| |_   _|   | _ \   /_\   / __| / __| | __| |   \ 
   | |   | _|  \__ \   | |     |  _/  / _ \  \__ \ \__ \ | _|  | |) |
   |_|   |___| |___/   |_|     |_|   /_/ \_\ |___/ |___/ |___| |___/ 

register with an email that already registered
----------------------------------------------------------------------
19:02:24.297 [AsyncHttpClient-1-2] DEBUG org.asynchttpclient.netty.handler.WebSocketHandler - Channel Closed: [id: 0xc61c591c, L:/127.0.0.1:52715 ! R:localhost/127.0.0.1:52705] with attribute NettyResponseFuture{currentRetry=5,
	isDone=1,
	isCancelled=0,
	asyncHandler=org.asynchttpclient.ws.WebSocketUpgradeHandler@675fdf14,
	nettyRequest=org.asynchttpclient.netty.request.NettyRequest@4bb0635e,
	future=java.util.concurrent.CompletableFuture@32ed4111[Completed normally],
	uri=ws://localhost:52705/devtools/browser/1f318604-a402-4cd6-8b63-a783606dc49a,
	keepAlive=true,
	redirectCount=0,
	timeoutsHolder=null,
	inAuth=0,
	touch=1652875340653}
19:02:24.297 [AsyncHttpClient-1-2] DEBUG org.asynchttpclient.netty.channel.ChannelManager - Closing Channel [id: 0xc61c591c, L:/127.0.0.1:52715 ! R:localhost/127.0.0.1:52705] 
19:02:24.297 [Driver Command Executor] DEBUG org.asynchttpclient.netty.request.NettyRequestSender - Using pooled Channel '[id: 0xd51ebf9d, L:/127.0.0.1:52704 - R:localhost/127.0.0.1:65290]' for 'DELETE' to 'http://localhost:65290/session/54a1e8dbf6308e0bfba247ba5c840fb5'
19:02:24.297 [Driver Command Executor] DEBUG org.asynchttpclient.netty.request.NettyRequestSender - Using open Channel [id: 0xd51ebf9d, L:/127.0.0.1:52704 - R:localhost/127.0.0.1:65290] for DELETE '/session/54a1e8dbf6308e0bfba247ba5c840fb5'
19:02:24.338 [AsyncHttpClient-1-17] DEBUG org.asynchttpclient.netty.handler.HttpHandler - Unexpected I/O exception on channel [id: 0x57141a35, L:/127.0.0.1:52714 - R:localhost/127.0.0.1:52705]
java.io.IOException: An existing connection was forcibly closed by the remote host
	at java.base/sun.nio.ch.SocketDispatcher.read0(Native Method)
	at java.base/sun.nio.ch.SocketDispatcher.read(SocketDispatcher.java:43)
	at java.base/sun.nio.ch.IOUtil.readIntoNativeBuffer(IOUtil.java:276)
	at java.base/sun.nio.ch.IOUtil.read(IOUtil.java:233)
	at java.base/sun.nio.ch.IOUtil.read(IOUtil.java:223)
	at java.base/sun.nio.ch.SocketChannelImpl.read(SocketChannelImpl.java:358)
	at io.netty.buffer.PooledByteBuf.setBytes(PooledByteBuf.java:258)
	at io.netty.buffer.AbstractByteBuf.writeBytes(AbstractByteBuf.java:1132)
	at io.netty.channel.socket.nio.NioSocketChannel.doReadBytes(NioSocketChannel.java:350)
	at io.netty.channel.nio.AbstractNioByteChannel$NioByteUnsafe.read(AbstractNioByteChannel.java:151)
	at io.netty.channel.nio.NioEventLoop.processSelectedKey(NioEventLoop.java:722)
	at io.netty.channel.nio.NioEventLoop.processSelectedKeysOptimized(NioEventLoop.java:658)
	at io.netty.channel.nio.NioEventLoop.processSelectedKeys(NioEventLoop.java:584)
	at io.netty.channel.nio.NioEventLoop.run(NioEventLoop.java:496)
	at io.netty.util.concurrent.SingleThreadEventExecutor$4.run(SingleThreadEventExecutor.java:986)
	at io.netty.util.internal.ThreadExecutorMap$2.run(ThreadExecutorMap.java:74)
	at io.netty.util.concurrent.FastThreadLocalRunnable.run(FastThreadLocalRunnable.java:30)
	at java.base/java.lang.Thread.run(Thread.java:834)
19:02:24.338 [AsyncHttpClient-1-17] DEBUG org.asynchttpclient.netty.channel.ChannelManager - Closing Channel [id: 0x57141a35, L:/127.0.0.1:52714 - R:localhost/127.0.0.1:52705] 
19:02:24.338 [AsyncHttpClient-1-17] DEBUG org.asynchttpclient.netty.handler.HttpHandler - Channel Closed: [id: 0x57141a35, L:/127.0.0.1:52714 ! R:localhost/127.0.0.1:52705] with attribute DISCARD
19:02:24.361 [AsyncHttpClient-1-16] DEBUG org.asynchttpclient.netty.handler.HttpHandler - 

Request DefaultFullHttpRequest(decodeResult: success, version: HTTP/1.1, content: EmptyByteBufBE)
DELETE /session/54a1e8dbf6308e0bfba247ba5c840fb5 HTTP/1.1
User-Agent: selenium/4.1.2 (java windows)
Content-Type: application/json; charset=utf-8
host: localhost:65290
accept: */*

Response DefaultHttpResponse(decodeResult: success, version: HTTP/1.1)
HTTP/1.1 200 OK
Content-Type: application/json; charset=utf-8
cache-control: no-cache
content-length: 14

19:02:24.361 [AsyncHttpClient-1-16] DEBUG org.asynchttpclient.netty.channel.ChannelManager - Adding key: http://localhost:65290 for channel [id: 0xd51ebf9d, L:/127.0.0.1:52704 - R:localhost/127.0.0.1:65290]
19:02:24.613 [AsyncHttpClient-1-16] DEBUG org.asynchttpclient.netty.handler.HttpHandler - Channel Closed: [id: 0xd51ebf9d, L:/127.0.0.1:52704 ! R:localhost/127.0.0.1:65290] with attribute DISCARD
]]></system-out>
    <system-err><![CDATA[Starting ChromeDriver 101.0.4951.41 (93c720db8323b3ec10d056025ab95c23a31997c9-refs/branch-heads/4951@{#904}) on port 65290
Only local connections are allowed.
Please see https://chromedriver.chromium.org/security-considerations for suggestions on keeping ChromeDriver safe.
ChromeDriver was started successfully.
May 18, 2022 7:02:20 PM org.openqa.selenium.remote.ProtocolHandshake createSession
INFO: Detected dialect: W3C
May 18, 2022 7:02:20 PM org.openqa.selenium.devtools.CdpVersionFinder findNearestMatch
WARNING: Unable to find an exact match for CDP version 101, so returning the closest version found: 97
May 18, 2022 7:02:20 PM org.openqa.selenium.devtools.CdpVersionFinder findNearestMatch
INFO: Found CDP implementation for version 101 of 97
]]></system-err>
  </testcase>
  <testcase name="register with a full name that already registered" classname="Register" time="6.28">
    <system-out><![CDATA[
Scenario: register with a full name that already registered &amp#27;[90m# src/test/resources/features/Register.feature:20&amp#27;[0m
19:02:25.148 [main] INFO io.cucumber.core.plugin.SerenityReporter - Running feature from file:///D:/Intern/MSIB%20Alterra/alterra-mini-project/serenity-web-ui-test/src/test/resources/features/Register.feature
19:02:25.151 [main] INFO  - 
  _____   ___   ___   _____     ___   _____     _     ___   _____   ___   ___  
 |_   _| | __| / __| |_   _|   / __| |_   _|   /_\   | _ \ |_   _| | __| |   \ 
   | |   | _|  \__ \   | |     \__ \   | |    / _ \  |   /   | |   | _|  | |) |
   |_|   |___| |___/   |_|     |___/   |_|   /_/ \_\ |_|_\   |_|   |___| |___/ 

register with a full name that already registered(register;register-with-a-full-name-that-already-registered)
--------------------------------------------------------------------------------
19:02:25.191 [main] DEBUG net.thucydides.core.steps.StepInterceptor - STARTING STEP: RegisterSteps.onTheRegisterPage - registerPage
19:02:25.192 [main] INFO net.serenitybdd.core.webdriver.driverproviders.ChromeDriverProvider - Using automatically driver download
19:02:25.258 [AsyncHttpClient-1-1] DEBUG org.asynchttpclient.netty.channel.DefaultChannelPool - Entry count for : http://localhost:65290 : 1
19:02:25.258 [AsyncHttpClient-1-1] DEBUG org.asynchttpclient.netty.channel.DefaultChannelPool - Entry count for : http://localhost:52705 : 1
19:02:25.258 [AsyncHttpClient-1-1] DEBUG org.asynchttpclient.netty.channel.DefaultChannelPool - Adding Candidate expired Channel [id: 0xd51ebf9d, L:/127.0.0.1:52704 ! R:localhost/127.0.0.1:65290] isIdleTimeoutExpired=false isRemotelyClosed=true isTtlExpired=false
19:02:25.258 [AsyncHttpClient-1-1] DEBUG org.asynchttpclient.netty.channel.DefaultChannelPool - Closing Idle Channel [id: 0xd51ebf9d, L:/127.0.0.1:52704 ! R:localhost/127.0.0.1:65290]
19:02:25.258 [AsyncHttpClient-1-1] DEBUG org.asynchttpclient.netty.channel.DefaultChannelPool - Adding Candidate expired Channel [id: 0x57141a35, L:/127.0.0.1:52714 ! R:localhost/127.0.0.1:52705] isIdleTimeoutExpired=false isRemotelyClosed=true isTtlExpired=false
19:02:25.262 [AsyncHttpClient-1-1] DEBUG org.asynchttpclient.netty.channel.DefaultChannelPool - Closing Idle Channel [id: 0x57141a35, L:/127.0.0.1:52714 ! R:localhost/127.0.0.1:52705]
19:02:25.262 [AsyncHttpClient-1-1] DEBUG org.asynchttpclient.netty.channel.DefaultChannelPool - Closed 2 connections out of 2 in 4 ms
19:02:25.321 [main] DEBUG io.github.bonigarcia.wdm.cache.ResolutionCache - Resolution chrome=101 in cache (valid until 20:00:39 18/05/2022 ICT)
19:02:25.324 [main] DEBUG io.github.bonigarcia.wdm.cache.ResolutionCache - Resolution chrome101=101.0.4951.41 in cache (valid until 19:00:39 19/05/2022 ICT)
19:02:25.327 [main] INFO io.github.bonigarcia.wdm.WebDriverManager - Using chromedriver 101.0.4951.41 (resolved driver for Chrome 101)
19:02:25.337 [main] DEBUG io.github.bonigarcia.wdm.WebDriverManager - Driver chromedriver 101.0.4951.41 found in cache
19:02:25.338 [main] INFO io.github.bonigarcia.wdm.WebDriverManager - Exporting webdriver.chrome.driver as C:\Users\saral\.cache\selenium\chromedriver\win32\101.0.4951.41\chromedriver.exe
19:02:25.454 [main] DEBUG net.serenitybdd.core.webdriver.driverproviders.ProvideNewDriver - Instantiating driver
19:02:25.454 [main] DEBUG net.serenitybdd.core.webdriver.driverproviders.ProvideNewDriver - Driver capabilities: Capabilities {acceptInsecureCerts: false, base.url: https://qa.alta.id/, browserName: chrome, chrome.driver: src/main/resources/webdrive..., driver: chrome, goog:chromeOptions: {args: [], extensions: []}}
19:02:26.000 [AsyncHttpClient-1-3] DEBUG org.asynchttpclient.netty.channel.NettyConnectListener - Using new Channel '[id: 0xa60363cd, L:/127.0.0.1:52736 - R:localhost/127.0.0.1:50545]' for 'POST' to '/session'
19:02:26.798 [AsyncHttpClient-1-3] DEBUG org.asynchttpclient.netty.handler.HttpHandler - 

Request DefaultHttpRequest(decodeResult: success, version: HTTP/1.1)
POST /session HTTP/1.1
User-Agent: selenium/4.1.2 (java windows)
Content-Length: 605
Content-Type: application/json; charset=utf-8
host: localhost:50545
accept: */*

Response DefaultHttpResponse(decodeResult: success, version: HTTP/1.1)
HTTP/1.1 200 OK
Content-Type: application/json; charset=utf-8
cache-control: no-cache
content-length: 789

19:02:26.799 [AsyncHttpClient-1-3] DEBUG org.asynchttpclient.netty.channel.ChannelManager - Adding key: http://localhost:50545 for channel [id: 0xa60363cd, L:/127.0.0.1:52736 - R:localhost/127.0.0.1:50545]
19:02:26.807 [AsyncHttpClient-1-4] DEBUG org.asynchttpclient.netty.channel.NettyConnectListener - Using new Channel '[id: 0x46f68fed, L:/127.0.0.1:52743 - R:localhost/127.0.0.1:52737]' for 'GET' to '/json/version'
19:02:26.808 [AsyncHttpClient-1-4] DEBUG org.asynchttpclient.netty.handler.HttpHandler - 

Request DefaultFullHttpRequest(decodeResult: success, version: HTTP/1.1, content: EmptyByteBufBE)
GET /json/version HTTP/1.1
User-Agent: selenium/4.1.2 (java windows)
host: localhost:52737
accept: */*

Response DefaultHttpResponse(decodeResult: success, version: HTTP/1.1)
HTTP/1.1 200 OK
Content-Type: application/json; charset=UTF-8
content-length: 427

19:02:26.808 [AsyncHttpClient-1-4] DEBUG org.asynchttpclient.netty.channel.ChannelManager - Adding key: http://localhost:52737 for channel [id: 0x46f68fed, L:/127.0.0.1:52743 - R:localhost/127.0.0.1:52737]
19:02:26.812 [AsyncHttpClient-1-5] DEBUG org.asynchttpclient.netty.channel.NettyConnectListener - Using new Channel '[id: 0x55e122f2, L:/127.0.0.1:52744 - R:localhost/127.0.0.1:52737]' for 'GET' to '/devtools/browser/83abd089-0129-4538-90b9-2a07338641f6'
19:02:26.813 [AsyncHttpClient-1-5] DEBUG org.asynchttpclient.netty.handler.WebSocketHandler - 

Request DefaultFullHttpRequest(decodeResult: success, version: HTTP/1.1, content: EmptyByteBufBE)
GET /devtools/browser/83abd089-0129-4538-90b9-2a07338641f6 HTTP/1.1
upgrade: websocket
connection: upgrade
sec-websocket-key: cIQ0Jwi92o3JE6xFQUv6bA==
sec-websocket-version: 13
origin: http://localhost:52737
host: localhost:52737
accept: */*
user-agent: AHC/2.1

Response DefaultHttpResponse(decodeResult: success, version: HTTP/1.1)
HTTP/1.1 101 WebSocket Protocol Handshake
Upgrade: WebSocket
Connection: Upgrade
Sec-WebSocket-Accept: H42mgyttF3cHksRpw52klzdMaNA=

19:02:26.822 [Forwarding get on session bd3545e80d2ccb56fed8605255b1113e to remote] DEBUG org.asynchttpclient.netty.request.NettyRequestSender - Using pooled Channel '[id: 0xa60363cd, L:/127.0.0.1:52736 - R:localhost/127.0.0.1:50545]' for 'POST' to 'http://localhost:50545/session/bd3545e80d2ccb56fed8605255b1113e/url'
19:02:26.822 [Forwarding get on session bd3545e80d2ccb56fed8605255b1113e to remote] DEBUG org.asynchttpclient.netty.request.NettyRequestSender - Using open Channel [id: 0xa60363cd, L:/127.0.0.1:52736 - R:localhost/127.0.0.1:50545] for POST '/session/bd3545e80d2ccb56fed8605255b1113e/url'
19:02:27.457 [AsyncHttpClient-1-1] DEBUG org.asynchttpclient.netty.channel.DefaultChannelPool - Entry count for : http://localhost:52737 : 1
19:02:28.292 [AsyncHttpClient-1-3] DEBUG org.asynchttpclient.netty.handler.HttpHandler - 

Request DefaultHttpRequest(decodeResult: success, version: HTTP/1.1)
POST /session/bd3545e80d2ccb56fed8605255b1113e/url HTTP/1.1
User-Agent: selenium/4.1.2 (java windows)
Content-Length: 67
Content-Type: application/json; charset=utf-8
host: localhost:50545
accept: */*

Response DefaultHttpResponse(decodeResult: success, version: HTTP/1.1)
HTTP/1.1 200 OK
Content-Type: application/json; charset=utf-8
cache-control: no-cache
content-length: 14

19:02:28.293 [AsyncHttpClient-1-3] DEBUG org.asynchttpclient.netty.channel.ChannelManager - Adding key: http://localhost:50545 for channel [id: 0xa60363cd, L:/127.0.0.1:52736 - R:localhost/127.0.0.1:50545]
19:02:28.294 [Forwarding setTimeout on session bd3545e80d2ccb56fed8605255b1113e to remote] DEBUG org.asynchttpclient.netty.request.NettyRequestSender - Using pooled Channel '[id: 0xa60363cd, L:/127.0.0.1:52736 - R:localhost/127.0.0.1:50545]' for 'POST' to 'http://localhost:50545/session/bd3545e80d2ccb56fed8605255b1113e/timeouts'
19:02:28.295 [Forwarding setTimeout on session bd3545e80d2ccb56fed8605255b1113e to remote] DEBUG org.asynchttpclient.netty.request.NettyRequestSender - Using open Channel [id: 0xa60363cd, L:/127.0.0.1:52736 - R:localhost/127.0.0.1:50545] for POST '/session/bd3545e80d2ccb56fed8605255b1113e/timeouts'
19:02:28.295 [AsyncHttpClient-1-3] DEBUG org.asynchttpclient.netty.handler.HttpHandler - 

Request DefaultHttpRequest(decodeResult: success, version: HTTP/1.1)
POST /session/bd3545e80d2ccb56fed8605255b1113e/timeouts HTTP/1.1
User-Agent: selenium/4.1.2 (java windows)
Content-Length: 22
Content-Type: application/json; charset=utf-8
host: localhost:50545
accept: */*

Response DefaultHttpResponse(decodeResult: success, version: HTTP/1.1)
HTTP/1.1 200 OK
Content-Type: application/json; charset=utf-8
cache-control: no-cache
content-length: 14

19:02:28.295 [AsyncHttpClient-1-3] DEBUG org.asynchttpclient.netty.channel.ChannelManager - Adding key: http://localhost:50545 for channel [id: 0xa60363cd, L:/127.0.0.1:52736 - R:localhost/127.0.0.1:50545]
19:02:28.299 [Forwarding getCurrentUrl on session bd3545e80d2ccb56fed8605255b1113e to remote] DEBUG org.asynchttpclient.netty.request.NettyRequestSender - Using pooled Channel '[id: 0xa60363cd, L:/127.0.0.1:52736 - R:localhost/127.0.0.1:50545]' for 'GET' to 'http://localhost:50545/session/bd3545e80d2ccb56fed8605255b1113e/url'
19:02:28.299 [Forwarding getCurrentUrl on session bd3545e80d2ccb56fed8605255b1113e to remote] DEBUG org.asynchttpclient.netty.request.NettyRequestSender - Using open Channel [id: 0xa60363cd, L:/127.0.0.1:52736 - R:localhost/127.0.0.1:50545] for GET '/session/bd3545e80d2ccb56fed8605255b1113e/url'
19:02:28.303 [AsyncHttpClient-1-3] DEBUG org.asynchttpclient.netty.handler.HttpHandler - 

Request DefaultFullHttpRequest(decodeResult: success, version: HTTP/1.1, content: EmptyByteBufBE)
GET /session/bd3545e80d2ccb56fed8605255b1113e/url HTTP/1.1
User-Agent: selenium/4.1.2 (java windows)
Cache-Control: no-cache
Content-Type: application/json; charset=utf-8
host: localhost:50545
accept: */*

Response DefaultHttpResponse(decodeResult: success, version: HTTP/1.1)
HTTP/1.1 200 OK
Content-Type: application/json; charset=utf-8
cache-control: no-cache
content-length: 44

19:02:28.303 [AsyncHttpClient-1-3] DEBUG org.asynchttpclient.netty.channel.ChannelManager - Adding key: http://localhost:50545 for channel [id: 0xa60363cd, L:/127.0.0.1:52736 - R:localhost/127.0.0.1:50545]
19:02:28.309 [Forwarding screenshot on session bd3545e80d2ccb56fed8605255b1113e to remote] DEBUG org.asynchttpclient.netty.request.NettyRequestSender - Using pooled Channel '[id: 0xa60363cd, L:/127.0.0.1:52736 - R:localhost/127.0.0.1:50545]' for 'GET' to 'http://localhost:50545/session/bd3545e80d2ccb56fed8605255b1113e/screenshot'
19:02:28.309 [Forwarding screenshot on session bd3545e80d2ccb56fed8605255b1113e to remote] DEBUG org.asynchttpclient.netty.request.NettyRequestSender - Using open Channel [id: 0xa60363cd, L:/127.0.0.1:52736 - R:localhost/127.0.0.1:50545] for GET '/session/bd3545e80d2ccb56fed8605255b1113e/screenshot'
19:02:28.523 [AsyncHttpClient-1-3] DEBUG org.asynchttpclient.netty.handler.HttpHandler - 

Request DefaultFullHttpRequest(decodeResult: success, version: HTTP/1.1, content: EmptyByteBufBE)
GET /session/bd3545e80d2ccb56fed8605255b1113e/screenshot HTTP/1.1
User-Agent: selenium/4.1.2 (java windows)
Cache-Control: no-cache
Content-Type: application/json; charset=utf-8
host: localhost:50545
accept: */*

Response DefaultHttpResponse(decodeResult: success, version: HTTP/1.1)
HTTP/1.1 200 OK
Content-Type: application/json; charset=utf-8
cache-control: no-cache
content-length: 37576

19:02:28.523 [AsyncHttpClient-1-3] DEBUG org.asynchttpclient.netty.channel.ChannelManager - Adding key: http://localhost:50545 for channel [id: 0xa60363cd, L:/127.0.0.1:52736 - R:localhost/127.0.0.1:50545]
19:02:28.527 [main] DEBUG net.serenitybdd.core.photography.Darkroom - Send negative for processing for target\site\serenity\a7ccf41b77a9a7a591db44ebecd123572974338bd60237eef6c71f2062964664.png
19:02:28.527 [main] DEBUG net.thucydides.core.steps.StepInterceptor - STEP DONE: registerPage
19:02:28.533 [main] DEBUG net.thucydides.core.steps.StepInterceptor - STARTING STEP: RegisterSteps.onTheRegisterPage - validateOnRegisterPage
19:02:28.535 [Forwarding findElement on session bd3545e80d2ccb56fed8605255b1113e to remote] DEBUG org.asynchttpclient.netty.request.NettyRequestSender - Using pooled Channel '[id: 0xa60363cd, L:/127.0.0.1:52736 - R:localhost/127.0.0.1:50545]' for 'POST' to 'http://localhost:50545/session/bd3545e80d2ccb56fed8605255b1113e/element'
19:02:28.535 [Forwarding findElement on session bd3545e80d2ccb56fed8605255b1113e to remote] DEBUG org.asynchttpclient.netty.request.NettyRequestSender - Using open Channel [id: 0xa60363cd, L:/127.0.0.1:52736 - R:localhost/127.0.0.1:50545] for POST '/session/bd3545e80d2ccb56fed8605255b1113e/element'
19:02:28.553 [AsyncHttpClient-1-3] DEBUG org.asynchttpclient.netty.handler.HttpHandler - 

Request DefaultHttpRequest(decodeResult: success, version: HTTP/1.1)
POST /session/bd3545e80d2ccb56fed8605255b1113e/element HTTP/1.1
User-Agent: selenium/4.1.2 (java windows)
Content-Length: 155
Content-Type: application/json; charset=utf-8
host: localhost:50545
accept: */*

Response DefaultHttpResponse(decodeResult: success, version: HTTP/1.1)
HTTP/1.1 200 OK
Content-Type: application/json; charset=utf-8
cache-control: no-cache
content-length: 88

19:02:28.553 [AsyncHttpClient-1-3] DEBUG org.asynchttpclient.netty.channel.ChannelManager - Adding key: http://localhost:50545 for channel [id: 0xa60363cd, L:/127.0.0.1:52736 - R:localhost/127.0.0.1:50545]
19:02:28.557 [Forwarding isElementDisplayed on session bd3545e80d2ccb56fed8605255b1113e to remote] DEBUG org.asynchttpclient.netty.request.NettyRequestSender - Using pooled Channel '[id: 0xa60363cd, L:/127.0.0.1:52736 - R:localhost/127.0.0.1:50545]' for 'POST' to 'http://localhost:50545/session/bd3545e80d2ccb56fed8605255b1113e/execute/sync'
19:02:28.557 [Forwarding isElementDisplayed on session bd3545e80d2ccb56fed8605255b1113e to remote] DEBUG org.asynchttpclient.netty.request.NettyRequestSender - Using open Channel [id: 0xa60363cd, L:/127.0.0.1:52736 - R:localhost/127.0.0.1:50545] for POST '/session/bd3545e80d2ccb56fed8605255b1113e/execute/sync'
19:02:28.558 [AsyncHttpClient-1-1] DEBUG org.asynchttpclient.netty.channel.DefaultChannelPool - Entry count for : http://localhost:52737 : 1
19:02:28.578 [AsyncHttpClient-1-3] DEBUG org.asynchttpclient.netty.handler.HttpHandler - 

Request DefaultHttpRequest(decodeResult: success, version: HTTP/1.1)
POST /session/bd3545e80d2ccb56fed8605255b1113e/execute/sync HTTP/1.1
User-Agent: selenium/4.1.2 (java windows)
Content-Length: 48780
Content-Type: application/json; charset=utf-8
host: localhost:50545
accept: */*

Response DefaultHttpResponse(decodeResult: success, version: HTTP/1.1)
HTTP/1.1 200 OK
Content-Type: application/json; charset=utf-8
cache-control: no-cache
content-length: 14

19:02:28.578 [AsyncHttpClient-1-3] DEBUG org.asynchttpclient.netty.channel.ChannelManager - Adding key: http://localhost:50545 for channel [id: 0xa60363cd, L:/127.0.0.1:52736 - R:localhost/127.0.0.1:50545]
19:02:28.582 [Forwarding screenshot on session bd3545e80d2ccb56fed8605255b1113e to remote] DEBUG org.asynchttpclient.netty.request.NettyRequestSender - Using pooled Channel '[id: 0xa60363cd, L:/127.0.0.1:52736 - R:localhost/127.0.0.1:50545]' for 'GET' to 'http://localhost:50545/session/bd3545e80d2ccb56fed8605255b1113e/screenshot'
19:02:28.582 [Forwarding screenshot on session bd3545e80d2ccb56fed8605255b1113e to remote] DEBUG org.asynchttpclient.netty.request.NettyRequestSender - Using open Channel [id: 0xa60363cd, L:/127.0.0.1:52736 - R:localhost/127.0.0.1:50545] for GET '/session/bd3545e80d2ccb56fed8605255b1113e/screenshot'
19:02:28.666 [AsyncHttpClient-1-3] DEBUG org.asynchttpclient.netty.handler.HttpHandler - 

Request DefaultFullHttpRequest(decodeResult: success, version: HTTP/1.1, content: EmptyByteBufBE)
GET /session/bd3545e80d2ccb56fed8605255b1113e/screenshot HTTP/1.1
User-Agent: selenium/4.1.2 (java windows)
Cache-Control: no-cache
Content-Type: application/json; charset=utf-8
host: localhost:50545
accept: */*

Response DefaultHttpResponse(decodeResult: success, version: HTTP/1.1)
HTTP/1.1 200 OK
Content-Type: application/json; charset=utf-8
cache-control: no-cache
content-length: 37576

19:02:28.667 [AsyncHttpClient-1-3] DEBUG org.asynchttpclient.netty.channel.ChannelManager - Adding key: http://localhost:50545 for channel [id: 0xa60363cd, L:/127.0.0.1:52736 - R:localhost/127.0.0.1:50545]
19:02:28.668 [main] DEBUG net.serenitybdd.core.photography.Darkroom - Send negative for processing for target\site\serenity\a7ccf41b77a9a7a591db44ebecd123572974338bd60237eef6c71f2062964664.png
19:02:28.668 [main] DEBUG net.thucydides.core.steps.StepInterceptor - STEP DONE: validateOnRegisterPage
  &amp#27;[32mGiven &amp#27;[0m&amp#27;[32mI am on the register page&amp#27;[0m                           &amp#27;[90m# starter.stepdefinitions.RegisterSteps.onTheRegisterPage()&amp#27;[0m
19:02:28.679 [main] DEBUG net.thucydides.core.steps.StepInterceptor - STARTING STEP: RegisterSteps.inputValidRegisteredFullName - inputNamaLengkap
19:02:28.683 [Forwarding findElement on session bd3545e80d2ccb56fed8605255b1113e to remote] DEBUG org.asynchttpclient.netty.request.NettyRequestSender - Using pooled Channel '[id: 0xa60363cd, L:/127.0.0.1:52736 - R:localhost/127.0.0.1:50545]' for 'POST' to 'http://localhost:50545/session/bd3545e80d2ccb56fed8605255b1113e/element'
19:02:28.683 [Forwarding findElement on session bd3545e80d2ccb56fed8605255b1113e to remote] DEBUG org.asynchttpclient.netty.request.NettyRequestSender - Using open Channel [id: 0xa60363cd, L:/127.0.0.1:52736 - R:localhost/127.0.0.1:50545] for POST '/session/bd3545e80d2ccb56fed8605255b1113e/element'
19:02:28.694 [AsyncHttpClient-1-3] DEBUG org.asynchttpclient.netty.handler.HttpHandler - 

Request DefaultHttpRequest(decodeResult: success, version: HTTP/1.1)
POST /session/bd3545e80d2ccb56fed8605255b1113e/element HTTP/1.1
User-Agent: selenium/4.1.2 (java windows)
Content-Length: 91
Content-Type: application/json; charset=utf-8
host: localhost:50545
accept: */*

Response DefaultHttpResponse(decodeResult: success, version: HTTP/1.1)
HTTP/1.1 200 OK
Content-Type: application/json; charset=utf-8
cache-control: no-cache
content-length: 88

19:02:28.694 [AsyncHttpClient-1-3] DEBUG org.asynchttpclient.netty.channel.ChannelManager - Adding key: http://localhost:50545 for channel [id: 0xa60363cd, L:/127.0.0.1:52736 - R:localhost/127.0.0.1:50545]
19:02:28.695 [Forwarding clearElement on session bd3545e80d2ccb56fed8605255b1113e to remote] DEBUG org.asynchttpclient.netty.request.NettyRequestSender - Using pooled Channel '[id: 0xa60363cd, L:/127.0.0.1:52736 - R:localhost/127.0.0.1:50545]' for 'POST' to 'http://localhost:50545/session/bd3545e80d2ccb56fed8605255b1113e/element/c58c5711-2b4a-410a-96b7-4dfbb17d43f9/clear'
19:02:28.695 [Forwarding clearElement on session bd3545e80d2ccb56fed8605255b1113e to remote] DEBUG org.asynchttpclient.netty.request.NettyRequestSender - Using open Channel [id: 0xa60363cd, L:/127.0.0.1:52736 - R:localhost/127.0.0.1:50545] for POST '/session/bd3545e80d2ccb56fed8605255b1113e/element/c58c5711-2b4a-410a-96b7-4dfbb17d43f9/clear'
19:02:28.728 [AsyncHttpClient-1-3] DEBUG org.asynchttpclient.netty.handler.HttpHandler - 

Request DefaultHttpRequest(decodeResult: success, version: HTTP/1.1)
POST /session/bd3545e80d2ccb56fed8605255b1113e/element/c58c5711-2b4a-410a-96b7-4dfbb17d43f9/clear HTTP/1.1
User-Agent: selenium/4.1.2 (java windows)
Content-Length: 50
Content-Type: application/json; charset=utf-8
host: localhost:50545
accept: */*

Response DefaultHttpResponse(decodeResult: success, version: HTTP/1.1)
HTTP/1.1 200 OK
Content-Type: application/json; charset=utf-8
cache-control: no-cache
content-length: 14

19:02:28.728 [AsyncHttpClient-1-3] DEBUG org.asynchttpclient.netty.channel.ChannelManager - Adding key: http://localhost:50545 for channel [id: 0xa60363cd, L:/127.0.0.1:52736 - R:localhost/127.0.0.1:50545]
19:02:28.731 [Forwarding sendKeysToElement on session bd3545e80d2ccb56fed8605255b1113e to remote] DEBUG org.asynchttpclient.netty.request.NettyRequestSender - Using pooled Channel '[id: 0xa60363cd, L:/127.0.0.1:52736 - R:localhost/127.0.0.1:50545]' for 'POST' to 'http://localhost:50545/session/bd3545e80d2ccb56fed8605255b1113e/element/c58c5711-2b4a-410a-96b7-4dfbb17d43f9/value'
19:02:28.731 [Forwarding sendKeysToElement on session bd3545e80d2ccb56fed8605255b1113e to remote] DEBUG org.asynchttpclient.netty.request.NettyRequestSender - Using open Channel [id: 0xa60363cd, L:/127.0.0.1:52736 - R:localhost/127.0.0.1:50545] for POST '/session/bd3545e80d2ccb56fed8605255b1113e/element/c58c5711-2b4a-410a-96b7-4dfbb17d43f9/value'
19:02:28.918 [AsyncHttpClient-1-3] DEBUG org.asynchttpclient.netty.handler.HttpHandler - 

Request DefaultHttpRequest(decodeResult: success, version: HTTP/1.1)
POST /session/bd3545e80d2ccb56fed8605255b1113e/element/c58c5711-2b4a-410a-96b7-4dfbb17d43f9/value HTTP/1.1
User-Agent: selenium/4.1.2 (java windows)
Content-Length: 271
Content-Type: application/json; charset=utf-8
host: localhost:50545
accept: */*

Response DefaultHttpResponse(decodeResult: success, version: HTTP/1.1)
HTTP/1.1 200 OK
Content-Type: application/json; charset=utf-8
cache-control: no-cache
content-length: 14

19:02:28.919 [AsyncHttpClient-1-3] DEBUG org.asynchttpclient.netty.channel.ChannelManager - Adding key: http://localhost:50545 for channel [id: 0xa60363cd, L:/127.0.0.1:52736 - R:localhost/127.0.0.1:50545]
19:02:28.925 [Forwarding screenshot on session bd3545e80d2ccb56fed8605255b1113e to remote] DEBUG org.asynchttpclient.netty.request.NettyRequestSender - Using pooled Channel '[id: 0xa60363cd, L:/127.0.0.1:52736 - R:localhost/127.0.0.1:50545]' for 'GET' to 'http://localhost:50545/session/bd3545e80d2ccb56fed8605255b1113e/screenshot'
19:02:28.925 [Forwarding screenshot on session bd3545e80d2ccb56fed8605255b1113e to remote] DEBUG org.asynchttpclient.netty.request.NettyRequestSender - Using open Channel [id: 0xa60363cd, L:/127.0.0.1:52736 - R:localhost/127.0.0.1:50545] for GET '/session/bd3545e80d2ccb56fed8605255b1113e/screenshot'
19:02:29.105 [AsyncHttpClient-1-3] DEBUG org.asynchttpclient.netty.handler.HttpHandler - 

Request DefaultFullHttpRequest(decodeResult: success, version: HTTP/1.1, content: EmptyByteBufBE)
GET /session/bd3545e80d2ccb56fed8605255b1113e/screenshot HTTP/1.1
User-Agent: selenium/4.1.2 (java windows)
Cache-Control: no-cache
Content-Type: application/json; charset=utf-8
host: localhost:50545
accept: */*

Response DefaultHttpResponse(decodeResult: success, version: HTTP/1.1)
HTTP/1.1 200 OK
Content-Type: application/json; charset=utf-8
cache-control: no-cache
content-length: 41500

19:02:29.105 [AsyncHttpClient-1-3] DEBUG org.asynchttpclient.netty.channel.ChannelManager - Adding key: http://localhost:50545 for channel [id: 0xa60363cd, L:/127.0.0.1:52736 - R:localhost/127.0.0.1:50545]
19:02:29.107 [main] DEBUG net.serenitybdd.core.photography.Darkroom - Send negative for processing for target\site\serenity\a459271f7d7676039ab5ffa9122dd653c06041c74d18f62290201657c74893b0.png
19:02:29.107 [main] DEBUG net.thucydides.core.steps.StepInterceptor - STEP DONE: inputNamaLengkap
  &amp#27;[32mWhen &amp#27;[0m&amp#27;[32mI input valid full name that already registered&amp#27;[0m      &amp#27;[90m# starter.stepdefinitions.RegisterSteps.inputValidRegisteredFullName()&amp#27;[0m
19:02:29.107 [Darkroom Processing Line] DEBUG net.serenitybdd.core.photography.DarkroomProcessingLine - Processing screenshot image in /var/screenshots/screenshot-18950722490110513
19:02:29.107 [Darkroom Processing Line] DEBUG net.serenitybdd.core.photography.DarkroomProcessingLine - Saving screenshot to target\site\serenity\a459271f7d7676039ab5ffa9122dd653c06041c74d18f62290201657c74893b0.png
19:02:29.145 [main] DEBUG net.thucydides.core.steps.StepInterceptor - STARTING STEP: LoginSteps.inputValidEmail - inputEmail
19:02:29.146 [Forwarding findElement on session bd3545e80d2ccb56fed8605255b1113e to remote] DEBUG org.asynchttpclient.netty.request.NettyRequestSender - Using pooled Channel '[id: 0xa60363cd, L:/127.0.0.1:52736 - R:localhost/127.0.0.1:50545]' for 'POST' to 'http://localhost:50545/session/bd3545e80d2ccb56fed8605255b1113e/element'
19:02:29.147 [Forwarding findElement on session bd3545e80d2ccb56fed8605255b1113e to remote] DEBUG org.asynchttpclient.netty.request.NettyRequestSender - Using open Channel [id: 0xa60363cd, L:/127.0.0.1:52736 - R:localhost/127.0.0.1:50545] for POST '/session/bd3545e80d2ccb56fed8605255b1113e/element'
19:02:29.163 [AsyncHttpClient-1-3] DEBUG org.asynchttpclient.netty.handler.HttpHandler - 

Request DefaultHttpRequest(decodeResult: success, version: HTTP/1.1)
POST /session/bd3545e80d2ccb56fed8605255b1113e/element HTTP/1.1
User-Agent: selenium/4.1.2 (java windows)
Content-Length: 84
Content-Type: application/json; charset=utf-8
host: localhost:50545
accept: */*

Response DefaultHttpResponse(decodeResult: success, version: HTTP/1.1)
HTTP/1.1 200 OK
Content-Type: application/json; charset=utf-8
cache-control: no-cache
content-length: 88

19:02:29.163 [AsyncHttpClient-1-3] DEBUG org.asynchttpclient.netty.channel.ChannelManager - Adding key: http://localhost:50545 for channel [id: 0xa60363cd, L:/127.0.0.1:52736 - R:localhost/127.0.0.1:50545]
19:02:29.166 [Forwarding clearElement on session bd3545e80d2ccb56fed8605255b1113e to remote] DEBUG org.asynchttpclient.netty.request.NettyRequestSender - Using pooled Channel '[id: 0xa60363cd, L:/127.0.0.1:52736 - R:localhost/127.0.0.1:50545]' for 'POST' to 'http://localhost:50545/session/bd3545e80d2ccb56fed8605255b1113e/element/21d22ded-2794-4a2c-82d4-9098359712e5/clear'
19:02:29.166 [Forwarding clearElement on session bd3545e80d2ccb56fed8605255b1113e to remote] DEBUG org.asynchttpclient.netty.request.NettyRequestSender - Using open Channel [id: 0xa60363cd, L:/127.0.0.1:52736 - R:localhost/127.0.0.1:50545] for POST '/session/bd3545e80d2ccb56fed8605255b1113e/element/21d22ded-2794-4a2c-82d4-9098359712e5/clear'
19:02:29.204 [AsyncHttpClient-1-3] DEBUG org.asynchttpclient.netty.handler.HttpHandler - 

Request DefaultHttpRequest(decodeResult: success, version: HTTP/1.1)
POST /session/bd3545e80d2ccb56fed8605255b1113e/element/21d22ded-2794-4a2c-82d4-9098359712e5/clear HTTP/1.1
User-Agent: selenium/4.1.2 (java windows)
Content-Length: 50
Content-Type: application/json; charset=utf-8
host: localhost:50545
accept: */*

Response DefaultHttpResponse(decodeResult: success, version: HTTP/1.1)
HTTP/1.1 200 OK
Content-Type: application/json; charset=utf-8
cache-control: no-cache
content-length: 14

19:02:29.205 [AsyncHttpClient-1-3] DEBUG org.asynchttpclient.netty.channel.ChannelManager - Adding key: http://localhost:50545 for channel [id: 0xa60363cd, L:/127.0.0.1:52736 - R:localhost/127.0.0.1:50545]
19:02:29.207 [Forwarding sendKeysToElement on session bd3545e80d2ccb56fed8605255b1113e to remote] DEBUG org.asynchttpclient.netty.request.NettyRequestSender - Using pooled Channel '[id: 0xa60363cd, L:/127.0.0.1:52736 - R:localhost/127.0.0.1:50545]' for 'POST' to 'http://localhost:50545/session/bd3545e80d2ccb56fed8605255b1113e/element/21d22ded-2794-4a2c-82d4-9098359712e5/value'
19:02:29.207 [Forwarding sendKeysToElement on session bd3545e80d2ccb56fed8605255b1113e to remote] DEBUG org.asynchttpclient.netty.request.NettyRequestSender - Using open Channel [id: 0xa60363cd, L:/127.0.0.1:52736 - R:localhost/127.0.0.1:50545] for POST '/session/bd3545e80d2ccb56fed8605255b1113e/element/21d22ded-2794-4a2c-82d4-9098359712e5/value'
19:02:29.371 [AsyncHttpClient-1-3] DEBUG org.asynchttpclient.netty.handler.HttpHandler - 

Request DefaultHttpRequest(decodeResult: success, version: HTTP/1.1)
POST /session/bd3545e80d2ccb56fed8605255b1113e/element/21d22ded-2794-4a2c-82d4-9098359712e5/value HTTP/1.1
User-Agent: selenium/4.1.2 (java windows)
Content-Length: 231
Content-Type: application/json; charset=utf-8
host: localhost:50545
accept: */*

Response DefaultHttpResponse(decodeResult: success, version: HTTP/1.1)
HTTP/1.1 200 OK
Content-Type: application/json; charset=utf-8
cache-control: no-cache
content-length: 14

19:02:29.371 [AsyncHttpClient-1-3] DEBUG org.asynchttpclient.netty.channel.ChannelManager - Adding key: http://localhost:50545 for channel [id: 0xa60363cd, L:/127.0.0.1:52736 - R:localhost/127.0.0.1:50545]
19:02:29.379 [Forwarding screenshot on session bd3545e80d2ccb56fed8605255b1113e to remote] DEBUG org.asynchttpclient.netty.request.NettyRequestSender - Using pooled Channel '[id: 0xa60363cd, L:/127.0.0.1:52736 - R:localhost/127.0.0.1:50545]' for 'GET' to 'http://localhost:50545/session/bd3545e80d2ccb56fed8605255b1113e/screenshot'
19:02:29.379 [Forwarding screenshot on session bd3545e80d2ccb56fed8605255b1113e to remote] DEBUG org.asynchttpclient.netty.request.NettyRequestSender - Using open Channel [id: 0xa60363cd, L:/127.0.0.1:52736 - R:localhost/127.0.0.1:50545] for GET '/session/bd3545e80d2ccb56fed8605255b1113e/screenshot'
19:02:29.540 [AsyncHttpClient-1-3] DEBUG org.asynchttpclient.netty.handler.HttpHandler - 

Request DefaultFullHttpRequest(decodeResult: success, version: HTTP/1.1, content: EmptyByteBufBE)
GET /session/bd3545e80d2ccb56fed8605255b1113e/screenshot HTTP/1.1
User-Agent: selenium/4.1.2 (java windows)
Cache-Control: no-cache
Content-Type: application/json; charset=utf-8
host: localhost:50545
accept: */*

Response DefaultHttpResponse(decodeResult: success, version: HTTP/1.1)
HTTP/1.1 200 OK
Content-Type: application/json; charset=utf-8
cache-control: no-cache
content-length: 46612

19:02:29.540 [AsyncHttpClient-1-3] DEBUG org.asynchttpclient.netty.channel.ChannelManager - Adding key: http://localhost:50545 for channel [id: 0xa60363cd, L:/127.0.0.1:52736 - R:localhost/127.0.0.1:50545]
19:02:29.544 [main] DEBUG net.serenitybdd.core.photography.Darkroom - Send negative for processing for target\site\serenity\09b927c004a7ec481951e5039e958182a2797fb10565302eba245ebf6369416d.png
19:02:29.544 [main] DEBUG net.thucydides.core.steps.StepInterceptor - STEP DONE: inputEmail
  &amp#27;[32mAnd &amp#27;[0m&amp#27;[32mI input valid email&amp#27;[0m                                   &amp#27;[90m# starter.stepdefinitions.LoginSteps.inputValidEmail()&amp#27;[0m
19:02:29.544 [Darkroom Processing Line] DEBUG net.serenitybdd.core.photography.DarkroomProcessingLine - Processing screenshot image in /var/screenshots/screenshot-966447725052338226
19:02:29.544 [Darkroom Processing Line] DEBUG net.serenitybdd.core.photography.DarkroomProcessingLine - Saving screenshot to target\site\serenity\09b927c004a7ec481951e5039e958182a2797fb10565302eba245ebf6369416d.png
19:02:29.571 [main] DEBUG net.thucydides.core.steps.StepInterceptor - STARTING STEP: LoginSteps.inputValidPassword - inputPassword
19:02:29.573 [Forwarding findElement on session bd3545e80d2ccb56fed8605255b1113e to remote] DEBUG org.asynchttpclient.netty.request.NettyRequestSender - Using pooled Channel '[id: 0xa60363cd, L:/127.0.0.1:52736 - R:localhost/127.0.0.1:50545]' for 'POST' to 'http://localhost:50545/session/bd3545e80d2ccb56fed8605255b1113e/element'
19:02:29.574 [Forwarding findElement on session bd3545e80d2ccb56fed8605255b1113e to remote] DEBUG org.asynchttpclient.netty.request.NettyRequestSender - Using open Channel [id: 0xa60363cd, L:/127.0.0.1:52736 - R:localhost/127.0.0.1:50545] for POST '/session/bd3545e80d2ccb56fed8605255b1113e/element'
19:02:29.597 [AsyncHttpClient-1-3] DEBUG org.asynchttpclient.netty.handler.HttpHandler - 

Request DefaultHttpRequest(decodeResult: success, version: HTTP/1.1)
POST /session/bd3545e80d2ccb56fed8605255b1113e/element HTTP/1.1
User-Agent: selenium/4.1.2 (java windows)
Content-Length: 87
Content-Type: application/json; charset=utf-8
host: localhost:50545
accept: */*

Response DefaultHttpResponse(decodeResult: success, version: HTTP/1.1)
HTTP/1.1 200 OK
Content-Type: application/json; charset=utf-8
cache-control: no-cache
content-length: 88

19:02:29.598 [AsyncHttpClient-1-3] DEBUG org.asynchttpclient.netty.channel.ChannelManager - Adding key: http://localhost:50545 for channel [id: 0xa60363cd, L:/127.0.0.1:52736 - R:localhost/127.0.0.1:50545]
19:02:29.601 [Forwarding clearElement on session bd3545e80d2ccb56fed8605255b1113e to remote] DEBUG org.asynchttpclient.netty.request.NettyRequestSender - Using pooled Channel '[id: 0xa60363cd, L:/127.0.0.1:52736 - R:localhost/127.0.0.1:50545]' for 'POST' to 'http://localhost:50545/session/bd3545e80d2ccb56fed8605255b1113e/element/e999a612-c4a5-485b-b3ee-913149785c89/clear'
19:02:29.601 [Forwarding clearElement on session bd3545e80d2ccb56fed8605255b1113e to remote] DEBUG org.asynchttpclient.netty.request.NettyRequestSender - Using open Channel [id: 0xa60363cd, L:/127.0.0.1:52736 - R:localhost/127.0.0.1:50545] for POST '/session/bd3545e80d2ccb56fed8605255b1113e/element/e999a612-c4a5-485b-b3ee-913149785c89/clear'
19:02:29.657 [AsyncHttpClient-1-1] DEBUG org.asynchttpclient.netty.channel.DefaultChannelPool - Entry count for : http://localhost:52737 : 1
19:02:29.665 [AsyncHttpClient-1-3] DEBUG org.asynchttpclient.netty.handler.HttpHandler - 

Request DefaultHttpRequest(decodeResult: success, version: HTTP/1.1)
POST /session/bd3545e80d2ccb56fed8605255b1113e/element/e999a612-c4a5-485b-b3ee-913149785c89/clear HTTP/1.1
User-Agent: selenium/4.1.2 (java windows)
Content-Length: 50
Content-Type: application/json; charset=utf-8
host: localhost:50545
accept: */*

Response DefaultHttpResponse(decodeResult: success, version: HTTP/1.1)
HTTP/1.1 200 OK
Content-Type: application/json; charset=utf-8
cache-control: no-cache
content-length: 14

19:02:29.666 [AsyncHttpClient-1-3] DEBUG org.asynchttpclient.netty.channel.ChannelManager - Adding key: http://localhost:50545 for channel [id: 0xa60363cd, L:/127.0.0.1:52736 - R:localhost/127.0.0.1:50545]
19:02:29.674 [Forwarding sendKeysToElement on session bd3545e80d2ccb56fed8605255b1113e to remote] DEBUG org.asynchttpclient.netty.request.NettyRequestSender - Using pooled Channel '[id: 0xa60363cd, L:/127.0.0.1:52736 - R:localhost/127.0.0.1:50545]' for 'POST' to 'http://localhost:50545/session/bd3545e80d2ccb56fed8605255b1113e/element/e999a612-c4a5-485b-b3ee-913149785c89/value'
19:02:29.674 [Forwarding sendKeysToElement on session bd3545e80d2ccb56fed8605255b1113e to remote] DEBUG org.asynchttpclient.netty.request.NettyRequestSender - Using open Channel [id: 0xa60363cd, L:/127.0.0.1:52736 - R:localhost/127.0.0.1:50545] for POST '/session/bd3545e80d2ccb56fed8605255b1113e/element/e999a612-c4a5-485b-b3ee-913149785c89/value'
19:02:29.777 [AsyncHttpClient-1-3] DEBUG org.asynchttpclient.netty.handler.HttpHandler - 

Request DefaultHttpRequest(decodeResult: success, version: HTTP/1.1)
POST /session/bd3545e80d2ccb56fed8605255b1113e/element/e999a612-c4a5-485b-b3ee-913149785c89/value HTTP/1.1
User-Agent: selenium/4.1.2 (java windows)
Content-Length: 151
Content-Type: application/json; charset=utf-8
host: localhost:50545
accept: */*

Response DefaultHttpResponse(decodeResult: success, version: HTTP/1.1)
HTTP/1.1 200 OK
Content-Type: application/json; charset=utf-8
cache-control: no-cache
content-length: 14

19:02:29.777 [AsyncHttpClient-1-3] DEBUG org.asynchttpclient.netty.channel.ChannelManager - Adding key: http://localhost:50545 for channel [id: 0xa60363cd, L:/127.0.0.1:52736 - R:localhost/127.0.0.1:50545]
19:02:29.785 [Forwarding screenshot on session bd3545e80d2ccb56fed8605255b1113e to remote] DEBUG org.asynchttpclient.netty.request.NettyRequestSender - Using pooled Channel '[id: 0xa60363cd, L:/127.0.0.1:52736 - R:localhost/127.0.0.1:50545]' for 'GET' to 'http://localhost:50545/session/bd3545e80d2ccb56fed8605255b1113e/screenshot'
19:02:29.785 [Forwarding screenshot on session bd3545e80d2ccb56fed8605255b1113e to remote] DEBUG org.asynchttpclient.netty.request.NettyRequestSender - Using open Channel [id: 0xa60363cd, L:/127.0.0.1:52736 - R:localhost/127.0.0.1:50545] for GET '/session/bd3545e80d2ccb56fed8605255b1113e/screenshot'
19:02:29.909 [AsyncHttpClient-1-3] DEBUG org.asynchttpclient.netty.handler.HttpHandler - 

Request DefaultFullHttpRequest(decodeResult: success, version: HTTP/1.1, content: EmptyByteBufBE)
GET /session/bd3545e80d2ccb56fed8605255b1113e/screenshot HTTP/1.1
User-Agent: selenium/4.1.2 (java windows)
Cache-Control: no-cache
Content-Type: application/json; charset=utf-8
host: localhost:50545
accept: */*

Response DefaultHttpResponse(decodeResult: success, version: HTTP/1.1)
HTTP/1.1 200 OK
Content-Type: application/json; charset=utf-8
cache-control: no-cache
content-length: 48904

19:02:29.909 [AsyncHttpClient-1-3] DEBUG org.asynchttpclient.netty.channel.ChannelManager - Adding key: http://localhost:50545 for channel [id: 0xa60363cd, L:/127.0.0.1:52736 - R:localhost/127.0.0.1:50545]
19:02:29.913 [main] DEBUG net.serenitybdd.core.photography.Darkroom - Send negative for processing for target\site\serenity\c328189030aa60b0c397946b0417caddacded2e34b7feff567653c79ab3da2fb.png
19:02:29.914 [main] DEBUG net.thucydides.core.steps.StepInterceptor - STEP DONE: inputPassword
  &amp#27;[32mAnd &amp#27;[0m&amp#27;[32mI input valid password&amp#27;[0m                                &amp#27;[90m# starter.stepdefinitions.LoginSteps.inputValidPassword()&amp#27;[0m
19:02:29.914 [Darkroom Processing Line] DEBUG net.serenitybdd.core.photography.DarkroomProcessingLine - Processing screenshot image in /var/screenshots/screenshot-13113206190820174725
19:02:29.914 [Darkroom Processing Line] DEBUG net.serenitybdd.core.photography.DarkroomProcessingLine - Saving screenshot to target\site\serenity\c328189030aa60b0c397946b0417caddacded2e34b7feff567653c79ab3da2fb.png
19:02:29.934 [main] DEBUG net.thucydides.core.steps.StepInterceptor - STARTING STEP: RegisterSteps.clickRegisterButton - clickRegisterButton
19:02:29.938 [Forwarding findElement on session bd3545e80d2ccb56fed8605255b1113e to remote] DEBUG org.asynchttpclient.netty.request.NettyRequestSender - Using pooled Channel '[id: 0xa60363cd, L:/127.0.0.1:52736 - R:localhost/127.0.0.1:50545]' for 'POST' to 'http://localhost:50545/session/bd3545e80d2ccb56fed8605255b1113e/element'
19:02:29.938 [Forwarding findElement on session bd3545e80d2ccb56fed8605255b1113e to remote] DEBUG org.asynchttpclient.netty.request.NettyRequestSender - Using open Channel [id: 0xa60363cd, L:/127.0.0.1:52736 - R:localhost/127.0.0.1:50545] for POST '/session/bd3545e80d2ccb56fed8605255b1113e/element'
19:02:29.958 [AsyncHttpClient-1-3] DEBUG org.asynchttpclient.netty.handler.HttpHandler - 

Request DefaultHttpRequest(decodeResult: success, version: HTTP/1.1)
POST /session/bd3545e80d2ccb56fed8605255b1113e/element HTTP/1.1
User-Agent: selenium/4.1.2 (java windows)
Content-Length: 155
Content-Type: application/json; charset=utf-8
host: localhost:50545
accept: */*

Response DefaultHttpResponse(decodeResult: success, version: HTTP/1.1)
HTTP/1.1 200 OK
Content-Type: application/json; charset=utf-8
cache-control: no-cache
content-length: 88

19:02:29.958 [AsyncHttpClient-1-3] DEBUG org.asynchttpclient.netty.channel.ChannelManager - Adding key: http://localhost:50545 for channel [id: 0xa60363cd, L:/127.0.0.1:52736 - R:localhost/127.0.0.1:50545]
19:02:29.961 [Forwarding getElementTagName on session bd3545e80d2ccb56fed8605255b1113e to remote] DEBUG org.asynchttpclient.netty.request.NettyRequestSender - Using pooled Channel '[id: 0xa60363cd, L:/127.0.0.1:52736 - R:localhost/127.0.0.1:50545]' for 'GET' to 'http://localhost:50545/session/bd3545e80d2ccb56fed8605255b1113e/element/1ba5f5c6-d97d-4ab5-bd06-f851772b59b6/name'
19:02:29.961 [Forwarding getElementTagName on session bd3545e80d2ccb56fed8605255b1113e to remote] DEBUG org.asynchttpclient.netty.request.NettyRequestSender - Using open Channel [id: 0xa60363cd, L:/127.0.0.1:52736 - R:localhost/127.0.0.1:50545] for GET '/session/bd3545e80d2ccb56fed8605255b1113e/element/1ba5f5c6-d97d-4ab5-bd06-f851772b59b6/name'
19:02:29.965 [AsyncHttpClient-1-3] DEBUG org.asynchttpclient.netty.handler.HttpHandler - 

Request DefaultFullHttpRequest(decodeResult: success, version: HTTP/1.1, content: EmptyByteBufBE)
GET /session/bd3545e80d2ccb56fed8605255b1113e/element/1ba5f5c6-d97d-4ab5-bd06-f851772b59b6/name HTTP/1.1
User-Agent: selenium/4.1.2 (java windows)
Cache-Control: no-cache
Content-Type: application/json; charset=utf-8
host: localhost:50545
accept: */*

Response DefaultHttpResponse(decodeResult: success, version: HTTP/1.1)
HTTP/1.1 200 OK
Content-Type: application/json; charset=utf-8
cache-control: no-cache
content-length: 18

19:02:29.965 [AsyncHttpClient-1-3] DEBUG org.asynchttpclient.netty.channel.ChannelManager - Adding key: http://localhost:50545 for channel [id: 0xa60363cd, L:/127.0.0.1:52736 - R:localhost/127.0.0.1:50545]
19:02:29.967 [Forwarding getElementTagName on session bd3545e80d2ccb56fed8605255b1113e to remote] DEBUG org.asynchttpclient.netty.request.NettyRequestSender - Using pooled Channel '[id: 0xa60363cd, L:/127.0.0.1:52736 - R:localhost/127.0.0.1:50545]' for 'GET' to 'http://localhost:50545/session/bd3545e80d2ccb56fed8605255b1113e/element/1ba5f5c6-d97d-4ab5-bd06-f851772b59b6/name'
19:02:29.967 [Forwarding getElementTagName on session bd3545e80d2ccb56fed8605255b1113e to remote] DEBUG org.asynchttpclient.netty.request.NettyRequestSender - Using open Channel [id: 0xa60363cd, L:/127.0.0.1:52736 - R:localhost/127.0.0.1:50545] for GET '/session/bd3545e80d2ccb56fed8605255b1113e/element/1ba5f5c6-d97d-4ab5-bd06-f851772b59b6/name'
19:02:29.973 [AsyncHttpClient-1-3] DEBUG org.asynchttpclient.netty.handler.HttpHandler - 

Request DefaultFullHttpRequest(decodeResult: success, version: HTTP/1.1, content: EmptyByteBufBE)
GET /session/bd3545e80d2ccb56fed8605255b1113e/element/1ba5f5c6-d97d-4ab5-bd06-f851772b59b6/name HTTP/1.1
User-Agent: selenium/4.1.2 (java windows)
Cache-Control: no-cache
Content-Type: application/json; charset=utf-8
host: localhost:50545
accept: */*

Response DefaultHttpResponse(decodeResult: success, version: HTTP/1.1)
HTTP/1.1 200 OK
Content-Type: application/json; charset=utf-8
cache-control: no-cache
content-length: 18

19:02:29.973 [AsyncHttpClient-1-3] DEBUG org.asynchttpclient.netty.channel.ChannelManager - Adding key: http://localhost:50545 for channel [id: 0xa60363cd, L:/127.0.0.1:52736 - R:localhost/127.0.0.1:50545]
19:02:29.976 [Forwarding isElementEnabled on session bd3545e80d2ccb56fed8605255b1113e to remote] DEBUG org.asynchttpclient.netty.request.NettyRequestSender - Using pooled Channel '[id: 0xa60363cd, L:/127.0.0.1:52736 - R:localhost/127.0.0.1:50545]' for 'GET' to 'http://localhost:50545/session/bd3545e80d2ccb56fed8605255b1113e/element/1ba5f5c6-d97d-4ab5-bd06-f851772b59b6/enabled'
19:02:29.976 [Forwarding isElementEnabled on session bd3545e80d2ccb56fed8605255b1113e to remote] DEBUG org.asynchttpclient.netty.request.NettyRequestSender - Using open Channel [id: 0xa60363cd, L:/127.0.0.1:52736 - R:localhost/127.0.0.1:50545] for GET '/session/bd3545e80d2ccb56fed8605255b1113e/element/1ba5f5c6-d97d-4ab5-bd06-f851772b59b6/enabled'
19:02:29.991 [AsyncHttpClient-1-3] DEBUG org.asynchttpclient.netty.handler.HttpHandler - 

Request DefaultFullHttpRequest(decodeResult: success, version: HTTP/1.1, content: EmptyByteBufBE)
GET /session/bd3545e80d2ccb56fed8605255b1113e/element/1ba5f5c6-d97d-4ab5-bd06-f851772b59b6/enabled HTTP/1.1
User-Agent: selenium/4.1.2 (java windows)
Cache-Control: no-cache
Content-Type: application/json; charset=utf-8
host: localhost:50545
accept: */*

Response DefaultHttpResponse(decodeResult: success, version: HTTP/1.1)
HTTP/1.1 200 OK
Content-Type: application/json; charset=utf-8
cache-control: no-cache
content-length: 14

19:02:29.991 [AsyncHttpClient-1-3] DEBUG org.asynchttpclient.netty.channel.ChannelManager - Adding key: http://localhost:50545 for channel [id: 0xa60363cd, L:/127.0.0.1:52736 - R:localhost/127.0.0.1:50545]
19:02:29.995 [Forwarding isElementEnabled on session bd3545e80d2ccb56fed8605255b1113e to remote] DEBUG org.asynchttpclient.netty.request.NettyRequestSender - Using pooled Channel '[id: 0xa60363cd, L:/127.0.0.1:52736 - R:localhost/127.0.0.1:50545]' for 'GET' to 'http://localhost:50545/session/bd3545e80d2ccb56fed8605255b1113e/element/1ba5f5c6-d97d-4ab5-bd06-f851772b59b6/enabled'
19:02:29.996 [Forwarding isElementEnabled on session bd3545e80d2ccb56fed8605255b1113e to remote] DEBUG org.asynchttpclient.netty.request.NettyRequestSender - Using open Channel [id: 0xa60363cd, L:/127.0.0.1:52736 - R:localhost/127.0.0.1:50545] for GET '/session/bd3545e80d2ccb56fed8605255b1113e/element/1ba5f5c6-d97d-4ab5-bd06-f851772b59b6/enabled'
19:02:30.002 [AsyncHttpClient-1-3] DEBUG org.asynchttpclient.netty.handler.HttpHandler - 

Request DefaultFullHttpRequest(decodeResult: success, version: HTTP/1.1, content: EmptyByteBufBE)
GET /session/bd3545e80d2ccb56fed8605255b1113e/element/1ba5f5c6-d97d-4ab5-bd06-f851772b59b6/enabled HTTP/1.1
User-Agent: selenium/4.1.2 (java windows)
Cache-Control: no-cache
Content-Type: application/json; charset=utf-8
host: localhost:50545
accept: */*

Response DefaultHttpResponse(decodeResult: success, version: HTTP/1.1)
HTTP/1.1 200 OK
Content-Type: application/json; charset=utf-8
cache-control: no-cache
content-length: 14

19:02:30.003 [AsyncHttpClient-1-3] DEBUG org.asynchttpclient.netty.channel.ChannelManager - Adding key: http://localhost:50545 for channel [id: 0xa60363cd, L:/127.0.0.1:52736 - R:localhost/127.0.0.1:50545]
19:02:30.004 [Forwarding findElement on session bd3545e80d2ccb56fed8605255b1113e to remote] DEBUG org.asynchttpclient.netty.request.NettyRequestSender - Using pooled Channel '[id: 0xa60363cd, L:/127.0.0.1:52736 - R:localhost/127.0.0.1:50545]' for 'POST' to 'http://localhost:50545/session/bd3545e80d2ccb56fed8605255b1113e/element'
19:02:30.004 [Forwarding findElement on session bd3545e80d2ccb56fed8605255b1113e to remote] DEBUG org.asynchttpclient.netty.request.NettyRequestSender - Using open Channel [id: 0xa60363cd, L:/127.0.0.1:52736 - R:localhost/127.0.0.1:50545] for POST '/session/bd3545e80d2ccb56fed8605255b1113e/element'
19:02:30.017 [AsyncHttpClient-1-3] DEBUG org.asynchttpclient.netty.handler.HttpHandler - 

Request DefaultHttpRequest(decodeResult: success, version: HTTP/1.1)
POST /session/bd3545e80d2ccb56fed8605255b1113e/element HTTP/1.1
User-Agent: selenium/4.1.2 (java windows)
Content-Length: 155
Content-Type: application/json; charset=utf-8
host: localhost:50545
accept: */*

Response DefaultHttpResponse(decodeResult: success, version: HTTP/1.1)
HTTP/1.1 200 OK
Content-Type: application/json; charset=utf-8
cache-control: no-cache
content-length: 88

19:02:30.017 [AsyncHttpClient-1-3] DEBUG org.asynchttpclient.netty.channel.ChannelManager - Adding key: http://localhost:50545 for channel [id: 0xa60363cd, L:/127.0.0.1:52736 - R:localhost/127.0.0.1:50545]
19:02:30.018 [Forwarding clickElement on session bd3545e80d2ccb56fed8605255b1113e to remote] DEBUG org.asynchttpclient.netty.request.NettyRequestSender - Using pooled Channel '[id: 0xa60363cd, L:/127.0.0.1:52736 - R:localhost/127.0.0.1:50545]' for 'POST' to 'http://localhost:50545/session/bd3545e80d2ccb56fed8605255b1113e/element/1ba5f5c6-d97d-4ab5-bd06-f851772b59b6/click'
19:02:30.018 [Forwarding clickElement on session bd3545e80d2ccb56fed8605255b1113e to remote] DEBUG org.asynchttpclient.netty.request.NettyRequestSender - Using open Channel [id: 0xa60363cd, L:/127.0.0.1:52736 - R:localhost/127.0.0.1:50545] for POST '/session/bd3545e80d2ccb56fed8605255b1113e/element/1ba5f5c6-d97d-4ab5-bd06-f851772b59b6/click'
19:02:30.082 [AsyncHttpClient-1-3] DEBUG org.asynchttpclient.netty.handler.HttpHandler - 

Request DefaultHttpRequest(decodeResult: success, version: HTTP/1.1)
POST /session/bd3545e80d2ccb56fed8605255b1113e/element/1ba5f5c6-d97d-4ab5-bd06-f851772b59b6/click HTTP/1.1
User-Agent: selenium/4.1.2 (java windows)
Content-Length: 50
Content-Type: application/json; charset=utf-8
host: localhost:50545
accept: */*

Response DefaultHttpResponse(decodeResult: success, version: HTTP/1.1)
HTTP/1.1 200 OK
Content-Type: application/json; charset=utf-8
cache-control: no-cache
content-length: 14

19:02:30.083 [AsyncHttpClient-1-3] DEBUG org.asynchttpclient.netty.channel.ChannelManager - Adding key: http://localhost:50545 for channel [id: 0xa60363cd, L:/127.0.0.1:52736 - R:localhost/127.0.0.1:50545]
19:02:30.090 [Forwarding screenshot on session bd3545e80d2ccb56fed8605255b1113e to remote] DEBUG org.asynchttpclient.netty.request.NettyRequestSender - Using pooled Channel '[id: 0xa60363cd, L:/127.0.0.1:52736 - R:localhost/127.0.0.1:50545]' for 'GET' to 'http://localhost:50545/session/bd3545e80d2ccb56fed8605255b1113e/screenshot'
19:02:30.090 [Forwarding screenshot on session bd3545e80d2ccb56fed8605255b1113e to remote] DEBUG org.asynchttpclient.netty.request.NettyRequestSender - Using open Channel [id: 0xa60363cd, L:/127.0.0.1:52736 - R:localhost/127.0.0.1:50545] for GET '/session/bd3545e80d2ccb56fed8605255b1113e/screenshot'
19:02:30.246 [AsyncHttpClient-1-3] DEBUG org.asynchttpclient.netty.handler.HttpHandler - 

Request DefaultFullHttpRequest(decodeResult: success, version: HTTP/1.1, content: EmptyByteBufBE)
GET /session/bd3545e80d2ccb56fed8605255b1113e/screenshot HTTP/1.1
User-Agent: selenium/4.1.2 (java windows)
Cache-Control: no-cache
Content-Type: application/json; charset=utf-8
host: localhost:50545
accept: */*

Response DefaultHttpResponse(decodeResult: success, version: HTTP/1.1)
HTTP/1.1 200 OK
Content-Type: application/json; charset=utf-8
cache-control: no-cache
content-length: 48044

19:02:30.247 [AsyncHttpClient-1-3] DEBUG org.asynchttpclient.netty.channel.ChannelManager - Adding key: http://localhost:50545 for channel [id: 0xa60363cd, L:/127.0.0.1:52736 - R:localhost/127.0.0.1:50545]
19:02:30.249 [main] DEBUG net.serenitybdd.core.photography.Darkroom - Send negative for processing for target\site\serenity\bd9f0708cd95b8a38d269acf4a29633dade01a43bff362bc5f480e47fdca6895.png
19:02:30.249 [main] DEBUG net.thucydides.core.steps.StepInterceptor - STEP DONE: clickRegisterButton
  &amp#27;[32mAnd &amp#27;[0m&amp#27;[32mI click on register button&amp#27;[0m                            &amp#27;[90m# starter.stepdefinitions.RegisterSteps.clickRegisterButton()&amp#27;[0m
19:02:30.249 [Darkroom Processing Line] DEBUG net.serenitybdd.core.photography.DarkroomProcessingLine - Processing screenshot image in /var/screenshots/screenshot-9436461741248489759
19:02:30.249 [Darkroom Processing Line] DEBUG net.serenitybdd.core.photography.DarkroomProcessingLine - Saving screenshot to target\site\serenity\bd9f0708cd95b8a38d269acf4a29633dade01a43bff362bc5f480e47fdca6895.png
19:02:30.266 [main] DEBUG net.thucydides.core.steps.StepInterceptor - STARTING STEP: LoginSteps.onTheLoginPage - loginPage
19:02:30.267 [Forwarding get on session bd3545e80d2ccb56fed8605255b1113e to remote] DEBUG org.asynchttpclient.netty.request.NettyRequestSender - Using pooled Channel '[id: 0xa60363cd, L:/127.0.0.1:52736 - R:localhost/127.0.0.1:50545]' for 'POST' to 'http://localhost:50545/session/bd3545e80d2ccb56fed8605255b1113e/url'
19:02:30.267 [Forwarding get on session bd3545e80d2ccb56fed8605255b1113e to remote] DEBUG org.asynchttpclient.netty.request.NettyRequestSender - Using open Channel [id: 0xa60363cd, L:/127.0.0.1:52736 - R:localhost/127.0.0.1:50545] for POST '/session/bd3545e80d2ccb56fed8605255b1113e/url'
19:02:30.495 [AsyncHttpClient-1-3] DEBUG org.asynchttpclient.netty.handler.HttpHandler - 

Request DefaultHttpRequest(decodeResult: success, version: HTTP/1.1)
POST /session/bd3545e80d2ccb56fed8605255b1113e/url HTTP/1.1
User-Agent: selenium/4.1.2 (java windows)
Content-Length: 64
Content-Type: application/json; charset=utf-8
host: localhost:50545
accept: */*

Response DefaultHttpResponse(decodeResult: success, version: HTTP/1.1)
HTTP/1.1 200 OK
Content-Type: application/json; charset=utf-8
cache-control: no-cache
content-length: 14

19:02:30.496 [AsyncHttpClient-1-3] DEBUG org.asynchttpclient.netty.channel.ChannelManager - Adding key: http://localhost:50545 for channel [id: 0xa60363cd, L:/127.0.0.1:52736 - R:localhost/127.0.0.1:50545]
19:02:30.503 [Forwarding getCurrentUrl on session bd3545e80d2ccb56fed8605255b1113e to remote] DEBUG org.asynchttpclient.netty.request.NettyRequestSender - Using pooled Channel '[id: 0xa60363cd, L:/127.0.0.1:52736 - R:localhost/127.0.0.1:50545]' for 'GET' to 'http://localhost:50545/session/bd3545e80d2ccb56fed8605255b1113e/url'
19:02:30.503 [Forwarding getCurrentUrl on session bd3545e80d2ccb56fed8605255b1113e to remote] DEBUG org.asynchttpclient.netty.request.NettyRequestSender - Using open Channel [id: 0xa60363cd, L:/127.0.0.1:52736 - R:localhost/127.0.0.1:50545] for GET '/session/bd3545e80d2ccb56fed8605255b1113e/url'
19:02:30.507 [AsyncHttpClient-1-3] DEBUG org.asynchttpclient.netty.handler.HttpHandler - 

Request DefaultFullHttpRequest(decodeResult: success, version: HTTP/1.1, content: EmptyByteBufBE)
GET /session/bd3545e80d2ccb56fed8605255b1113e/url HTTP/1.1
User-Agent: selenium/4.1.2 (java windows)
Cache-Control: no-cache
Content-Type: application/json; charset=utf-8
host: localhost:50545
accept: */*

Response DefaultHttpResponse(decodeResult: success, version: HTTP/1.1)
HTTP/1.1 200 OK
Content-Type: application/json; charset=utf-8
cache-control: no-cache
content-length: 41

19:02:30.508 [AsyncHttpClient-1-3] DEBUG org.asynchttpclient.netty.channel.ChannelManager - Adding key: http://localhost:50545 for channel [id: 0xa60363cd, L:/127.0.0.1:52736 - R:localhost/127.0.0.1:50545]
19:02:30.513 [Forwarding screenshot on session bd3545e80d2ccb56fed8605255b1113e to remote] DEBUG org.asynchttpclient.netty.request.NettyRequestSender - Using pooled Channel '[id: 0xa60363cd, L:/127.0.0.1:52736 - R:localhost/127.0.0.1:50545]' for 'GET' to 'http://localhost:50545/session/bd3545e80d2ccb56fed8605255b1113e/screenshot'
19:02:30.514 [Forwarding screenshot on session bd3545e80d2ccb56fed8605255b1113e to remote] DEBUG org.asynchttpclient.netty.request.NettyRequestSender - Using open Channel [id: 0xa60363cd, L:/127.0.0.1:52736 - R:localhost/127.0.0.1:50545] for GET '/session/bd3545e80d2ccb56fed8605255b1113e/screenshot'
19:02:30.606 [AsyncHttpClient-1-3] DEBUG org.asynchttpclient.netty.handler.HttpHandler - 

Request DefaultFullHttpRequest(decodeResult: success, version: HTTP/1.1, content: EmptyByteBufBE)
GET /session/bd3545e80d2ccb56fed8605255b1113e/screenshot HTTP/1.1
User-Agent: selenium/4.1.2 (java windows)
Cache-Control: no-cache
Content-Type: application/json; charset=utf-8
host: localhost:50545
accept: */*

Response DefaultHttpResponse(decodeResult: success, version: HTTP/1.1)
HTTP/1.1 200 OK
Content-Type: application/json; charset=utf-8
cache-control: no-cache
content-length: 32192

19:02:30.606 [AsyncHttpClient-1-3] DEBUG org.asynchttpclient.netty.channel.ChannelManager - Adding key: http://localhost:50545 for channel [id: 0xa60363cd, L:/127.0.0.1:52736 - R:localhost/127.0.0.1:50545]
19:02:30.608 [main] DEBUG net.serenitybdd.core.photography.Darkroom - Send negative for processing for target\site\serenity\4d98329a65403fb35239499910819cdb6d3d71d823e551da367b9fc52c2ec142.png
19:02:30.608 [main] DEBUG net.thucydides.core.steps.StepInterceptor - STEP DONE: loginPage
19:02:30.616 [main] DEBUG net.thucydides.core.steps.StepInterceptor - STARTING STEP: LoginSteps.onTheLoginPage - validateOnLoginPage
19:02:30.617 [Forwarding findElement on session bd3545e80d2ccb56fed8605255b1113e to remote] DEBUG org.asynchttpclient.netty.request.NettyRequestSender - Using pooled Channel '[id: 0xa60363cd, L:/127.0.0.1:52736 - R:localhost/127.0.0.1:50545]' for 'POST' to 'http://localhost:50545/session/bd3545e80d2ccb56fed8605255b1113e/element'
19:02:30.617 [Forwarding findElement on session bd3545e80d2ccb56fed8605255b1113e to remote] DEBUG org.asynchttpclient.netty.request.NettyRequestSender - Using open Channel [id: 0xa60363cd, L:/127.0.0.1:52736 - R:localhost/127.0.0.1:50545] for POST '/session/bd3545e80d2ccb56fed8605255b1113e/element'
19:02:30.626 [AsyncHttpClient-1-3] DEBUG org.asynchttpclient.netty.handler.HttpHandler - 

Request DefaultHttpRequest(decodeResult: success, version: HTTP/1.1)
POST /session/bd3545e80d2ccb56fed8605255b1113e/element HTTP/1.1
User-Agent: selenium/4.1.2 (java windows)
Content-Length: 155
Content-Type: application/json; charset=utf-8
host: localhost:50545
accept: */*

Response DefaultHttpResponse(decodeResult: success, version: HTTP/1.1)
HTTP/1.1 200 OK
Content-Type: application/json; charset=utf-8
cache-control: no-cache
content-length: 88

19:02:30.626 [AsyncHttpClient-1-3] DEBUG org.asynchttpclient.netty.channel.ChannelManager - Adding key: http://localhost:50545 for channel [id: 0xa60363cd, L:/127.0.0.1:52736 - R:localhost/127.0.0.1:50545]
19:02:30.631 [Forwarding isElementDisplayed on session bd3545e80d2ccb56fed8605255b1113e to remote] DEBUG org.asynchttpclient.netty.request.NettyRequestSender - Using pooled Channel '[id: 0xa60363cd, L:/127.0.0.1:52736 - R:localhost/127.0.0.1:50545]' for 'POST' to 'http://localhost:50545/session/bd3545e80d2ccb56fed8605255b1113e/execute/sync'
19:02:30.631 [Forwarding isElementDisplayed on session bd3545e80d2ccb56fed8605255b1113e to remote] DEBUG org.asynchttpclient.netty.request.NettyRequestSender - Using open Channel [id: 0xa60363cd, L:/127.0.0.1:52736 - R:localhost/127.0.0.1:50545] for POST '/session/bd3545e80d2ccb56fed8605255b1113e/execute/sync'
19:02:30.649 [AsyncHttpClient-1-3] DEBUG org.asynchttpclient.netty.handler.HttpHandler - 

Request DefaultHttpRequest(decodeResult: success, version: HTTP/1.1)
POST /session/bd3545e80d2ccb56fed8605255b1113e/execute/sync HTTP/1.1
User-Agent: selenium/4.1.2 (java windows)
Content-Length: 48780
Content-Type: application/json; charset=utf-8
host: localhost:50545
accept: */*

Response DefaultHttpResponse(decodeResult: success, version: HTTP/1.1)
HTTP/1.1 200 OK
Content-Type: application/json; charset=utf-8
cache-control: no-cache
content-length: 14

19:02:30.649 [AsyncHttpClient-1-3] DEBUG org.asynchttpclient.netty.channel.ChannelManager - Adding key: http://localhost:50545 for channel [id: 0xa60363cd, L:/127.0.0.1:52736 - R:localhost/127.0.0.1:50545]
19:02:30.654 [main] DEBUG net.thucydides.core.steps.StepInterceptor - STEP DONE: validateOnLoginPage
  &amp#27;[32mThen &amp#27;[0m&amp#27;[32mI am on the login page&amp#27;[0m                               &amp#27;[90m# starter.stepdefinitions.LoginSteps.onTheLoginPage()&amp#27;[0m
19:02:30.657 [main] INFO  - 
  _____   ___   ___   _____     ___     _     ___   ___   ___   ___  
 |_   _| | __| / __| |_   _|   | _ \   /_\   / __| / __| | __| |   \ 
   | |   | _|  \__ \   | |     |  _/  / _ \  \__ \ \__ \ | _|  | |) |
   |_|   |___| |___/   |_|     |_|   /_/ \_\ |___/ |___/ |___| |___/ 

register with a full name that already registered
----------------------------------------------------------------------
19:02:30.657 [AsyncHttpClient-1-5] DEBUG org.asynchttpclient.netty.handler.WebSocketHandler - Channel Closed: [id: 0x55e122f2, L:/127.0.0.1:52744 ! R:localhost/127.0.0.1:52737] with attribute NettyResponseFuture{currentRetry=5,
	isDone=1,
	isCancelled=0,
	asyncHandler=org.asynchttpclient.ws.WebSocketUpgradeHandler@614c845c,
	nettyRequest=org.asynchttpclient.netty.request.NettyRequest@5e01454a,
	future=java.util.concurrent.CompletableFuture@232c21a7[Completed normally],
	uri=ws://localhost:52737/devtools/browser/83abd089-0129-4538-90b9-2a07338641f6,
	keepAlive=true,
	redirectCount=0,
	timeoutsHolder=null,
	inAuth=0,
	touch=1652875346814}
19:02:30.657 [AsyncHttpClient-1-5] DEBUG org.asynchttpclient.netty.channel.ChannelManager - Closing Channel [id: 0x55e122f2, L:/127.0.0.1:52744 ! R:localhost/127.0.0.1:52737] 
19:02:30.658 [Driver Command Executor] DEBUG org.asynchttpclient.netty.request.NettyRequestSender - Using pooled Channel '[id: 0xa60363cd, L:/127.0.0.1:52736 - R:localhost/127.0.0.1:50545]' for 'DELETE' to 'http://localhost:50545/session/bd3545e80d2ccb56fed8605255b1113e'
19:02:30.658 [Driver Command Executor] DEBUG org.asynchttpclient.netty.request.NettyRequestSender - Using open Channel [id: 0xa60363cd, L:/127.0.0.1:52736 - R:localhost/127.0.0.1:50545] for DELETE '/session/bd3545e80d2ccb56fed8605255b1113e'
19:02:30.748 [AsyncHttpClient-1-4] DEBUG org.asynchttpclient.netty.handler.HttpHandler - Unexpected I/O exception on channel [id: 0x46f68fed, L:/127.0.0.1:52743 - R:localhost/127.0.0.1:52737]
java.io.IOException: An existing connection was forcibly closed by the remote host
	at java.base/sun.nio.ch.SocketDispatcher.read0(Native Method)
	at java.base/sun.nio.ch.SocketDispatcher.read(SocketDispatcher.java:43)
	at java.base/sun.nio.ch.IOUtil.readIntoNativeBuffer(IOUtil.java:276)
	at java.base/sun.nio.ch.IOUtil.read(IOUtil.java:233)
	at java.base/sun.nio.ch.IOUtil.read(IOUtil.java:223)
	at java.base/sun.nio.ch.SocketChannelImpl.read(SocketChannelImpl.java:358)
	at io.netty.buffer.PooledByteBuf.setBytes(PooledByteBuf.java:258)
	at io.netty.buffer.AbstractByteBuf.writeBytes(AbstractByteBuf.java:1132)
	at io.netty.channel.socket.nio.NioSocketChannel.doReadBytes(NioSocketChannel.java:350)
	at io.netty.channel.nio.AbstractNioByteChannel$NioByteUnsafe.read(AbstractNioByteChannel.java:151)
	at io.netty.channel.nio.NioEventLoop.processSelectedKey(NioEventLoop.java:722)
	at io.netty.channel.nio.NioEventLoop.processSelectedKeysOptimized(NioEventLoop.java:658)
	at io.netty.channel.nio.NioEventLoop.processSelectedKeys(NioEventLoop.java:584)
	at io.netty.channel.nio.NioEventLoop.run(NioEventLoop.java:496)
	at io.netty.util.concurrent.SingleThreadEventExecutor$4.run(SingleThreadEventExecutor.java:986)
	at io.netty.util.internal.ThreadExecutorMap$2.run(ThreadExecutorMap.java:74)
	at io.netty.util.concurrent.FastThreadLocalRunnable.run(FastThreadLocalRunnable.java:30)
	at java.base/java.lang.Thread.run(Thread.java:834)
19:02:30.748 [AsyncHttpClient-1-4] DEBUG org.asynchttpclient.netty.channel.ChannelManager - Closing Channel [id: 0x46f68fed, L:/127.0.0.1:52743 - R:localhost/127.0.0.1:52737] 
19:02:30.748 [AsyncHttpClient-1-4] DEBUG org.asynchttpclient.netty.handler.HttpHandler - Channel Closed: [id: 0x46f68fed, L:/127.0.0.1:52743 ! R:localhost/127.0.0.1:52737] with attribute DISCARD
19:02:30.757 [AsyncHttpClient-1-1] DEBUG org.asynchttpclient.netty.channel.DefaultChannelPool - Entry count for : http://localhost:52737 : 1
19:02:30.757 [AsyncHttpClient-1-1] DEBUG org.asynchttpclient.netty.channel.DefaultChannelPool - Adding Candidate expired Channel [id: 0x46f68fed, L:/127.0.0.1:52743 ! R:localhost/127.0.0.1:52737] isIdleTimeoutExpired=false isRemotelyClosed=true isTtlExpired=false
19:02:30.757 [AsyncHttpClient-1-1] DEBUG org.asynchttpclient.netty.channel.DefaultChannelPool - Closing Idle Channel [id: 0x46f68fed, L:/127.0.0.1:52743 ! R:localhost/127.0.0.1:52737]
19:02:30.757 [AsyncHttpClient-1-1] DEBUG org.asynchttpclient.netty.channel.DefaultChannelPool - Closed 1 connections out of 1 in 0 ms
19:02:30.771 [AsyncHttpClient-1-3] DEBUG org.asynchttpclient.netty.handler.HttpHandler - 

Request DefaultFullHttpRequest(decodeResult: success, version: HTTP/1.1, content: EmptyByteBufBE)
DELETE /session/bd3545e80d2ccb56fed8605255b1113e HTTP/1.1
User-Agent: selenium/4.1.2 (java windows)
Content-Type: application/json; charset=utf-8
host: localhost:50545
accept: */*

Response DefaultHttpResponse(decodeResult: success, version: HTTP/1.1)
HTTP/1.1 200 OK
Content-Type: application/json; charset=utf-8
cache-control: no-cache
content-length: 14

19:02:30.772 [AsyncHttpClient-1-3] DEBUG org.asynchttpclient.netty.channel.ChannelManager - Adding key: http://localhost:50545 for channel [id: 0xa60363cd, L:/127.0.0.1:52736 - R:localhost/127.0.0.1:50545]
19:02:30.890 [AsyncHttpClient-1-3] DEBUG org.asynchttpclient.netty.handler.HttpHandler - Channel Closed: [id: 0xa60363cd, L:/127.0.0.1:52736 ! R:localhost/127.0.0.1:50545] with attribute DISCARD
]]></system-out>
    <system-err><![CDATA[Starting ChromeDriver 101.0.4951.41 (93c720db8323b3ec10d056025ab95c23a31997c9-refs/branch-heads/4951@{#904}) on port 50545
Only local connections are allowed.
Please see https://chromedriver.chromium.org/security-considerations for suggestions on keeping ChromeDriver safe.
ChromeDriver was started successfully.
May 18, 2022 7:02:26 PM org.openqa.selenium.remote.ProtocolHandshake createSession
INFO: Detected dialect: W3C
May 18, 2022 7:02:26 PM org.openqa.selenium.devtools.CdpVersionFinder findNearestMatch
WARNING: Unable to find an exact match for CDP version 101, so returning the closest version found: 97
May 18, 2022 7:02:26 PM org.openqa.selenium.devtools.CdpVersionFinder findNearestMatch
INFO: Found CDP implementation for version 101 of 97
]]></system-err>
  </testcase>
  <testcase name="register with different email and the password has a space on it" classname="Register" time="6.172">
    <system-out><![CDATA[
Scenario: register with different email and the password has a space on it &amp#27;[90m# src/test/resources/features/Register.feature:28&amp#27;[0m
19:02:31.425 [main] INFO io.cucumber.core.plugin.SerenityReporter - Running feature from file:///D:/Intern/MSIB%20Alterra/alterra-mini-project/serenity-web-ui-test/src/test/resources/features/Register.feature
19:02:31.427 [main] INFO  - 
  _____   ___   ___   _____     ___   _____     _     ___   _____   ___   ___  
 |_   _| | __| / __| |_   _|   / __| |_   _|   /_\   | _ \ |_   _| | __| |   \ 
   | |   | _|  \__ \   | |     \__ \   | |    / _ \  |   /   | |   | _|  | |) |
   |_|   |___| |___/   |_|     |___/   |_|   /_/ \_\ |_|_\   |_|   |___| |___/ 

register with different email and the password has a space on it(register;register-with-different-email-and-the-password-has-a-space-on-it)
--------------------------------------------------------------------------------
19:02:31.461 [main] DEBUG net.thucydides.core.steps.StepInterceptor - STARTING STEP: RegisterSteps.onTheRegisterPage - registerPage
19:02:31.463 [main] INFO net.serenitybdd.core.webdriver.driverproviders.ChromeDriverProvider - Using automatically driver download
19:02:31.632 [main] DEBUG io.github.bonigarcia.wdm.cache.ResolutionCache - Resolution chrome=101 in cache (valid until 20:00:39 18/05/2022 ICT)
19:02:31.639 [main] DEBUG io.github.bonigarcia.wdm.cache.ResolutionCache - Resolution chrome101=101.0.4951.41 in cache (valid until 19:00:39 19/05/2022 ICT)
19:02:31.642 [main] INFO io.github.bonigarcia.wdm.WebDriverManager - Using chromedriver 101.0.4951.41 (resolved driver for Chrome 101)
19:02:31.656 [main] DEBUG io.github.bonigarcia.wdm.WebDriverManager - Driver chromedriver 101.0.4951.41 found in cache
19:02:31.656 [main] INFO io.github.bonigarcia.wdm.WebDriverManager - Exporting webdriver.chrome.driver as C:\Users\saral\.cache\selenium\chromedriver\win32\101.0.4951.41\chromedriver.exe
19:02:31.820 [main] DEBUG net.serenitybdd.core.webdriver.driverproviders.ProvideNewDriver - Instantiating driver
19:02:31.820 [main] DEBUG net.serenitybdd.core.webdriver.driverproviders.ProvideNewDriver - Driver capabilities: Capabilities {acceptInsecureCerts: false, base.url: https://qa.alta.id/, browserName: chrome, chrome.driver: src/main/resources/webdrive..., driver: chrome, goog:chromeOptions: {args: [], extensions: []}}
19:02:31.862 [AsyncHttpClient-1-1] DEBUG org.asynchttpclient.netty.channel.DefaultChannelPool - Entry count for : http://localhost:50545 : 1
19:02:31.862 [AsyncHttpClient-1-1] DEBUG org.asynchttpclient.netty.channel.DefaultChannelPool - Adding Candidate expired Channel [id: 0xa60363cd, L:/127.0.0.1:52736 ! R:localhost/127.0.0.1:50545] isIdleTimeoutExpired=false isRemotelyClosed=true isTtlExpired=false
19:02:31.862 [AsyncHttpClient-1-1] DEBUG org.asynchttpclient.netty.channel.DefaultChannelPool - Closing Idle Channel [id: 0xa60363cd, L:/127.0.0.1:52736 ! R:localhost/127.0.0.1:50545]
19:02:31.862 [AsyncHttpClient-1-1] DEBUG org.asynchttpclient.netty.channel.DefaultChannelPool - Closed 1 connections out of 1 in 0 ms
19:02:32.364 [AsyncHttpClient-1-6] DEBUG org.asynchttpclient.netty.channel.NettyConnectListener - Using new Channel '[id: 0x772df639, L:/127.0.0.1:52766 - R:localhost/127.0.0.1:62725]' for 'POST' to '/session'
19:02:33.113 [AsyncHttpClient-1-6] DEBUG org.asynchttpclient.netty.handler.HttpHandler - 

Request DefaultHttpRequest(decodeResult: success, version: HTTP/1.1)
POST /session HTTP/1.1
User-Agent: selenium/4.1.2 (java windows)
Content-Length: 605
Content-Type: application/json; charset=utf-8
host: localhost:62725
accept: */*

Response DefaultHttpResponse(decodeResult: success, version: HTTP/1.1)
HTTP/1.1 200 OK
Content-Type: application/json; charset=utf-8
cache-control: no-cache
content-length: 789

19:02:33.113 [AsyncHttpClient-1-6] DEBUG org.asynchttpclient.netty.channel.ChannelManager - Adding key: http://localhost:62725 for channel [id: 0x772df639, L:/127.0.0.1:52766 - R:localhost/127.0.0.1:62725]
19:02:33.133 [AsyncHttpClient-1-7] DEBUG org.asynchttpclient.netty.channel.NettyConnectListener - Using new Channel '[id: 0xc32a414a, L:/127.0.0.1:52773 - R:localhost/127.0.0.1:52767]' for 'GET' to '/json/version'
19:02:33.136 [AsyncHttpClient-1-7] DEBUG org.asynchttpclient.netty.handler.HttpHandler - 

Request DefaultFullHttpRequest(decodeResult: success, version: HTTP/1.1, content: EmptyByteBufBE)
GET /json/version HTTP/1.1
User-Agent: selenium/4.1.2 (java windows)
host: localhost:52767
accept: */*

Response DefaultHttpResponse(decodeResult: success, version: HTTP/1.1)
HTTP/1.1 200 OK
Content-Type: application/json; charset=UTF-8
content-length: 427

19:02:33.136 [AsyncHttpClient-1-7] DEBUG org.asynchttpclient.netty.channel.ChannelManager - Adding key: http://localhost:52767 for channel [id: 0xc32a414a, L:/127.0.0.1:52773 - R:localhost/127.0.0.1:52767]
19:02:33.141 [AsyncHttpClient-1-8] DEBUG org.asynchttpclient.netty.channel.NettyConnectListener - Using new Channel '[id: 0x5d24c418, L:/127.0.0.1:52774 - R:localhost/127.0.0.1:52767]' for 'GET' to '/devtools/browser/628bff85-a53a-4213-b891-4c686618a54c'
19:02:33.142 [AsyncHttpClient-1-8] DEBUG org.asynchttpclient.netty.handler.WebSocketHandler - 

Request DefaultFullHttpRequest(decodeResult: success, version: HTTP/1.1, content: EmptyByteBufBE)
GET /devtools/browser/628bff85-a53a-4213-b891-4c686618a54c HTTP/1.1
upgrade: websocket
connection: upgrade
sec-websocket-key: DogSY6sd4hCGoIGjciS/tA==
sec-websocket-version: 13
origin: http://localhost:52767
host: localhost:52767
accept: */*
user-agent: AHC/2.1

Response DefaultHttpResponse(decodeResult: success, version: HTTP/1.1)
HTTP/1.1 101 WebSocket Protocol Handshake
Upgrade: WebSocket
Connection: Upgrade
Sec-WebSocket-Accept: UFwn+oPM++HsUS532q0vrM3XaX0=

19:02:33.155 [Forwarding get on session 04479f662f981a76e2b11487d03fdf2d to remote] DEBUG org.asynchttpclient.netty.request.NettyRequestSender - Using pooled Channel '[id: 0x772df639, L:/127.0.0.1:52766 - R:localhost/127.0.0.1:62725]' for 'POST' to 'http://localhost:62725/session/04479f662f981a76e2b11487d03fdf2d/url'
19:02:33.155 [Forwarding get on session 04479f662f981a76e2b11487d03fdf2d to remote] DEBUG org.asynchttpclient.netty.request.NettyRequestSender - Using open Channel [id: 0x772df639, L:/127.0.0.1:52766 - R:localhost/127.0.0.1:62725] for POST '/session/04479f662f981a76e2b11487d03fdf2d/url'
19:02:34.061 [AsyncHttpClient-1-1] DEBUG org.asynchttpclient.netty.channel.DefaultChannelPool - Entry count for : http://localhost:52767 : 1
19:02:34.489 [AsyncHttpClient-1-6] DEBUG org.asynchttpclient.netty.handler.HttpHandler - 

Request DefaultHttpRequest(decodeResult: success, version: HTTP/1.1)
POST /session/04479f662f981a76e2b11487d03fdf2d/url HTTP/1.1
User-Agent: selenium/4.1.2 (java windows)
Content-Length: 67
Content-Type: application/json; charset=utf-8
host: localhost:62725
accept: */*

Response DefaultHttpResponse(decodeResult: success, version: HTTP/1.1)
HTTP/1.1 200 OK
Content-Type: application/json; charset=utf-8
cache-control: no-cache
content-length: 14

19:02:34.489 [AsyncHttpClient-1-6] DEBUG org.asynchttpclient.netty.channel.ChannelManager - Adding key: http://localhost:62725 for channel [id: 0x772df639, L:/127.0.0.1:52766 - R:localhost/127.0.0.1:62725]
19:02:34.491 [Forwarding setTimeout on session 04479f662f981a76e2b11487d03fdf2d to remote] DEBUG org.asynchttpclient.netty.request.NettyRequestSender - Using pooled Channel '[id: 0x772df639, L:/127.0.0.1:52766 - R:localhost/127.0.0.1:62725]' for 'POST' to 'http://localhost:62725/session/04479f662f981a76e2b11487d03fdf2d/timeouts'
19:02:34.491 [Forwarding setTimeout on session 04479f662f981a76e2b11487d03fdf2d to remote] DEBUG org.asynchttpclient.netty.request.NettyRequestSender - Using open Channel [id: 0x772df639, L:/127.0.0.1:52766 - R:localhost/127.0.0.1:62725] for POST '/session/04479f662f981a76e2b11487d03fdf2d/timeouts'
19:02:34.493 [AsyncHttpClient-1-6] DEBUG org.asynchttpclient.netty.handler.HttpHandler - 

Request DefaultHttpRequest(decodeResult: success, version: HTTP/1.1)
POST /session/04479f662f981a76e2b11487d03fdf2d/timeouts HTTP/1.1
User-Agent: selenium/4.1.2 (java windows)
Content-Length: 22
Content-Type: application/json; charset=utf-8
host: localhost:62725
accept: */*

Response DefaultHttpResponse(decodeResult: success, version: HTTP/1.1)
HTTP/1.1 200 OK
Content-Type: application/json; charset=utf-8
cache-control: no-cache
content-length: 14

19:02:34.493 [AsyncHttpClient-1-6] DEBUG org.asynchttpclient.netty.channel.ChannelManager - Adding key: http://localhost:62725 for channel [id: 0x772df639, L:/127.0.0.1:52766 - R:localhost/127.0.0.1:62725]
19:02:34.496 [Forwarding getCurrentUrl on session 04479f662f981a76e2b11487d03fdf2d to remote] DEBUG org.asynchttpclient.netty.request.NettyRequestSender - Using pooled Channel '[id: 0x772df639, L:/127.0.0.1:52766 - R:localhost/127.0.0.1:62725]' for 'GET' to 'http://localhost:62725/session/04479f662f981a76e2b11487d03fdf2d/url'
19:02:34.496 [Forwarding getCurrentUrl on session 04479f662f981a76e2b11487d03fdf2d to remote] DEBUG org.asynchttpclient.netty.request.NettyRequestSender - Using open Channel [id: 0x772df639, L:/127.0.0.1:52766 - R:localhost/127.0.0.1:62725] for GET '/session/04479f662f981a76e2b11487d03fdf2d/url'
19:02:34.501 [AsyncHttpClient-1-6] DEBUG org.asynchttpclient.netty.handler.HttpHandler - 

Request DefaultFullHttpRequest(decodeResult: success, version: HTTP/1.1, content: EmptyByteBufBE)
GET /session/04479f662f981a76e2b11487d03fdf2d/url HTTP/1.1
User-Agent: selenium/4.1.2 (java windows)
Cache-Control: no-cache
Content-Type: application/json; charset=utf-8
host: localhost:62725
accept: */*

Response DefaultHttpResponse(decodeResult: success, version: HTTP/1.1)
HTTP/1.1 200 OK
Content-Type: application/json; charset=utf-8
cache-control: no-cache
content-length: 44

19:02:34.501 [AsyncHttpClient-1-6] DEBUG org.asynchttpclient.netty.channel.ChannelManager - Adding key: http://localhost:62725 for channel [id: 0x772df639, L:/127.0.0.1:52766 - R:localhost/127.0.0.1:62725]
19:02:34.506 [Forwarding screenshot on session 04479f662f981a76e2b11487d03fdf2d to remote] DEBUG org.asynchttpclient.netty.request.NettyRequestSender - Using pooled Channel '[id: 0x772df639, L:/127.0.0.1:52766 - R:localhost/127.0.0.1:62725]' for 'GET' to 'http://localhost:62725/session/04479f662f981a76e2b11487d03fdf2d/screenshot'
19:02:34.506 [Forwarding screenshot on session 04479f662f981a76e2b11487d03fdf2d to remote] DEBUG org.asynchttpclient.netty.request.NettyRequestSender - Using open Channel [id: 0x772df639, L:/127.0.0.1:52766 - R:localhost/127.0.0.1:62725] for GET '/session/04479f662f981a76e2b11487d03fdf2d/screenshot'
19:02:34.681 [AsyncHttpClient-1-6] DEBUG org.asynchttpclient.netty.handler.HttpHandler - 

Request DefaultFullHttpRequest(decodeResult: success, version: HTTP/1.1, content: EmptyByteBufBE)
GET /session/04479f662f981a76e2b11487d03fdf2d/screenshot HTTP/1.1
User-Agent: selenium/4.1.2 (java windows)
Cache-Control: no-cache
Content-Type: application/json; charset=utf-8
host: localhost:62725
accept: */*

Response DefaultHttpResponse(decodeResult: success, version: HTTP/1.1)
HTTP/1.1 200 OK
Content-Type: application/json; charset=utf-8
cache-control: no-cache
content-length: 37576

19:02:34.683 [AsyncHttpClient-1-6] DEBUG org.asynchttpclient.netty.channel.ChannelManager - Adding key: http://localhost:62725 for channel [id: 0x772df639, L:/127.0.0.1:52766 - R:localhost/127.0.0.1:62725]
19:02:34.685 [main] DEBUG net.serenitybdd.core.photography.Darkroom - Send negative for processing for target\site\serenity\a7ccf41b77a9a7a591db44ebecd123572974338bd60237eef6c71f2062964664.png
19:02:34.686 [main] DEBUG net.thucydides.core.steps.StepInterceptor - STEP DONE: registerPage
19:02:34.691 [main] DEBUG net.thucydides.core.steps.StepInterceptor - STARTING STEP: RegisterSteps.onTheRegisterPage - validateOnRegisterPage
19:02:34.695 [Forwarding findElement on session 04479f662f981a76e2b11487d03fdf2d to remote] DEBUG org.asynchttpclient.netty.request.NettyRequestSender - Using pooled Channel '[id: 0x772df639, L:/127.0.0.1:52766 - R:localhost/127.0.0.1:62725]' for 'POST' to 'http://localhost:62725/session/04479f662f981a76e2b11487d03fdf2d/element'
19:02:34.695 [Forwarding findElement on session 04479f662f981a76e2b11487d03fdf2d to remote] DEBUG org.asynchttpclient.netty.request.NettyRequestSender - Using open Channel [id: 0x772df639, L:/127.0.0.1:52766 - R:localhost/127.0.0.1:62725] for POST '/session/04479f662f981a76e2b11487d03fdf2d/element'
19:02:34.709 [AsyncHttpClient-1-6] DEBUG org.asynchttpclient.netty.handler.HttpHandler - 

Request DefaultHttpRequest(decodeResult: success, version: HTTP/1.1)
POST /session/04479f662f981a76e2b11487d03fdf2d/element HTTP/1.1
User-Agent: selenium/4.1.2 (java windows)
Content-Length: 155
Content-Type: application/json; charset=utf-8
host: localhost:62725
accept: */*

Response DefaultHttpResponse(decodeResult: success, version: HTTP/1.1)
HTTP/1.1 200 OK
Content-Type: application/json; charset=utf-8
cache-control: no-cache
content-length: 88

19:02:34.709 [AsyncHttpClient-1-6] DEBUG org.asynchttpclient.netty.channel.ChannelManager - Adding key: http://localhost:62725 for channel [id: 0x772df639, L:/127.0.0.1:52766 - R:localhost/127.0.0.1:62725]
19:02:34.712 [Forwarding isElementDisplayed on session 04479f662f981a76e2b11487d03fdf2d to remote] DEBUG org.asynchttpclient.netty.request.NettyRequestSender - Using pooled Channel '[id: 0x772df639, L:/127.0.0.1:52766 - R:localhost/127.0.0.1:62725]' for 'POST' to 'http://localhost:62725/session/04479f662f981a76e2b11487d03fdf2d/execute/sync'
19:02:34.712 [Forwarding isElementDisplayed on session 04479f662f981a76e2b11487d03fdf2d to remote] DEBUG org.asynchttpclient.netty.request.NettyRequestSender - Using open Channel [id: 0x772df639, L:/127.0.0.1:52766 - R:localhost/127.0.0.1:62725] for POST '/session/04479f662f981a76e2b11487d03fdf2d/execute/sync'
19:02:34.727 [AsyncHttpClient-1-6] DEBUG org.asynchttpclient.netty.handler.HttpHandler - 

Request DefaultHttpRequest(decodeResult: success, version: HTTP/1.1)
POST /session/04479f662f981a76e2b11487d03fdf2d/execute/sync HTTP/1.1
User-Agent: selenium/4.1.2 (java windows)
Content-Length: 48780
Content-Type: application/json; charset=utf-8
host: localhost:62725
accept: */*

Response DefaultHttpResponse(decodeResult: success, version: HTTP/1.1)
HTTP/1.1 200 OK
Content-Type: application/json; charset=utf-8
cache-control: no-cache
content-length: 14

19:02:34.727 [AsyncHttpClient-1-6] DEBUG org.asynchttpclient.netty.channel.ChannelManager - Adding key: http://localhost:62725 for channel [id: 0x772df639, L:/127.0.0.1:52766 - R:localhost/127.0.0.1:62725]
19:02:34.730 [main] DEBUG net.thucydides.core.steps.StepInterceptor - STEP DONE: validateOnRegisterPage
  &amp#27;[32mGiven &amp#27;[0m&amp#27;[32mI am on the register page&amp#27;[0m                                          &amp#27;[90m# starter.stepdefinitions.RegisterSteps.onTheRegisterPage()&amp#27;[0m
19:02:34.735 [Forwarding screenshot on session 04479f662f981a76e2b11487d03fdf2d to remote] DEBUG org.asynchttpclient.netty.request.NettyRequestSender - Using pooled Channel '[id: 0x772df639, L:/127.0.0.1:52766 - R:localhost/127.0.0.1:62725]' for 'GET' to 'http://localhost:62725/session/04479f662f981a76e2b11487d03fdf2d/screenshot'
19:02:34.735 [Forwarding screenshot on session 04479f662f981a76e2b11487d03fdf2d to remote] DEBUG org.asynchttpclient.netty.request.NettyRequestSender - Using open Channel [id: 0x772df639, L:/127.0.0.1:52766 - R:localhost/127.0.0.1:62725] for GET '/session/04479f662f981a76e2b11487d03fdf2d/screenshot'
19:02:34.815 [AsyncHttpClient-1-6] DEBUG org.asynchttpclient.netty.handler.HttpHandler - 

Request DefaultFullHttpRequest(decodeResult: success, version: HTTP/1.1, content: EmptyByteBufBE)
GET /session/04479f662f981a76e2b11487d03fdf2d/screenshot HTTP/1.1
User-Agent: selenium/4.1.2 (java windows)
Cache-Control: no-cache
Content-Type: application/json; charset=utf-8
host: localhost:62725
accept: */*

Response DefaultHttpResponse(decodeResult: success, version: HTTP/1.1)
HTTP/1.1 200 OK
Content-Type: application/json; charset=utf-8
cache-control: no-cache
content-length: 37576

19:02:34.816 [AsyncHttpClient-1-6] DEBUG org.asynchttpclient.netty.channel.ChannelManager - Adding key: http://localhost:62725 for channel [id: 0x772df639, L:/127.0.0.1:52766 - R:localhost/127.0.0.1:62725]
19:02:34.818 [main] DEBUG net.serenitybdd.core.photography.Darkroom - Send negative for processing for target\site\serenity\a7ccf41b77a9a7a591db44ebecd123572974338bd60237eef6c71f2062964664.png
19:02:34.822 [main] DEBUG net.thucydides.core.steps.StepInterceptor - STARTING STEP: RegisterSteps.inputValidFullName - inputNamaLengkap
19:02:34.826 [Forwarding findElement on session 04479f662f981a76e2b11487d03fdf2d to remote] DEBUG org.asynchttpclient.netty.request.NettyRequestSender - Using pooled Channel '[id: 0x772df639, L:/127.0.0.1:52766 - R:localhost/127.0.0.1:62725]' for 'POST' to 'http://localhost:62725/session/04479f662f981a76e2b11487d03fdf2d/element'
19:02:34.826 [Forwarding findElement on session 04479f662f981a76e2b11487d03fdf2d to remote] DEBUG org.asynchttpclient.netty.request.NettyRequestSender - Using open Channel [id: 0x772df639, L:/127.0.0.1:52766 - R:localhost/127.0.0.1:62725] for POST '/session/04479f662f981a76e2b11487d03fdf2d/element'
19:02:34.837 [AsyncHttpClient-1-6] DEBUG org.asynchttpclient.netty.handler.HttpHandler - 

Request DefaultHttpRequest(decodeResult: success, version: HTTP/1.1)
POST /session/04479f662f981a76e2b11487d03fdf2d/element HTTP/1.1
User-Agent: selenium/4.1.2 (java windows)
Content-Length: 91
Content-Type: application/json; charset=utf-8
host: localhost:62725
accept: */*

Response DefaultHttpResponse(decodeResult: success, version: HTTP/1.1)
HTTP/1.1 200 OK
Content-Type: application/json; charset=utf-8
cache-control: no-cache
content-length: 88

19:02:34.838 [AsyncHttpClient-1-6] DEBUG org.asynchttpclient.netty.channel.ChannelManager - Adding key: http://localhost:62725 for channel [id: 0x772df639, L:/127.0.0.1:52766 - R:localhost/127.0.0.1:62725]
19:02:34.838 [Forwarding clearElement on session 04479f662f981a76e2b11487d03fdf2d to remote] DEBUG org.asynchttpclient.netty.request.NettyRequestSender - Using pooled Channel '[id: 0x772df639, L:/127.0.0.1:52766 - R:localhost/127.0.0.1:62725]' for 'POST' to 'http://localhost:62725/session/04479f662f981a76e2b11487d03fdf2d/element/0279bb9a-65f7-48dc-b16e-b22e9deef16e/clear'
19:02:34.838 [Forwarding clearElement on session 04479f662f981a76e2b11487d03fdf2d to remote] DEBUG org.asynchttpclient.netty.request.NettyRequestSender - Using open Channel [id: 0x772df639, L:/127.0.0.1:52766 - R:localhost/127.0.0.1:62725] for POST '/session/04479f662f981a76e2b11487d03fdf2d/element/0279bb9a-65f7-48dc-b16e-b22e9deef16e/clear'
19:02:34.869 [AsyncHttpClient-1-6] DEBUG org.asynchttpclient.netty.handler.HttpHandler - 

Request DefaultHttpRequest(decodeResult: success, version: HTTP/1.1)
POST /session/04479f662f981a76e2b11487d03fdf2d/element/0279bb9a-65f7-48dc-b16e-b22e9deef16e/clear HTTP/1.1
User-Agent: selenium/4.1.2 (java windows)
Content-Length: 50
Content-Type: application/json; charset=utf-8
host: localhost:62725
accept: */*

Response DefaultHttpResponse(decodeResult: success, version: HTTP/1.1)
HTTP/1.1 200 OK
Content-Type: application/json; charset=utf-8
cache-control: no-cache
content-length: 14

19:02:34.869 [AsyncHttpClient-1-6] DEBUG org.asynchttpclient.netty.channel.ChannelManager - Adding key: http://localhost:62725 for channel [id: 0x772df639, L:/127.0.0.1:52766 - R:localhost/127.0.0.1:62725]
19:02:34.872 [Forwarding sendKeysToElement on session 04479f662f981a76e2b11487d03fdf2d to remote] DEBUG org.asynchttpclient.netty.request.NettyRequestSender - Using pooled Channel '[id: 0x772df639, L:/127.0.0.1:52766 - R:localhost/127.0.0.1:62725]' for 'POST' to 'http://localhost:62725/session/04479f662f981a76e2b11487d03fdf2d/element/0279bb9a-65f7-48dc-b16e-b22e9deef16e/value'
19:02:34.872 [Forwarding sendKeysToElement on session 04479f662f981a76e2b11487d03fdf2d to remote] DEBUG org.asynchttpclient.netty.request.NettyRequestSender - Using open Channel [id: 0x772df639, L:/127.0.0.1:52766 - R:localhost/127.0.0.1:62725] for POST '/session/04479f662f981a76e2b11487d03fdf2d/element/0279bb9a-65f7-48dc-b16e-b22e9deef16e/value'
19:02:35.066 [AsyncHttpClient-1-6] DEBUG org.asynchttpclient.netty.handler.HttpHandler - 

Request DefaultHttpRequest(decodeResult: success, version: HTTP/1.1)
POST /session/04479f662f981a76e2b11487d03fdf2d/element/0279bb9a-65f7-48dc-b16e-b22e9deef16e/value HTTP/1.1
User-Agent: selenium/4.1.2 (java windows)
Content-Length: 271
Content-Type: application/json; charset=utf-8
host: localhost:62725
accept: */*

Response DefaultHttpResponse(decodeResult: success, version: HTTP/1.1)
HTTP/1.1 200 OK
Content-Type: application/json; charset=utf-8
cache-control: no-cache
content-length: 14

19:02:35.067 [AsyncHttpClient-1-6] DEBUG org.asynchttpclient.netty.channel.ChannelManager - Adding key: http://localhost:62725 for channel [id: 0x772df639, L:/127.0.0.1:52766 - R:localhost/127.0.0.1:62725]
19:02:35.073 [Forwarding screenshot on session 04479f662f981a76e2b11487d03fdf2d to remote] DEBUG org.asynchttpclient.netty.request.NettyRequestSender - Using pooled Channel '[id: 0x772df639, L:/127.0.0.1:52766 - R:localhost/127.0.0.1:62725]' for 'GET' to 'http://localhost:62725/session/04479f662f981a76e2b11487d03fdf2d/screenshot'
19:02:35.073 [Forwarding screenshot on session 04479f662f981a76e2b11487d03fdf2d to remote] DEBUG org.asynchttpclient.netty.request.NettyRequestSender - Using open Channel [id: 0x772df639, L:/127.0.0.1:52766 - R:localhost/127.0.0.1:62725] for GET '/session/04479f662f981a76e2b11487d03fdf2d/screenshot'
19:02:35.157 [AsyncHttpClient-1-1] DEBUG org.asynchttpclient.netty.channel.DefaultChannelPool - Entry count for : http://localhost:52767 : 1
19:02:35.214 [AsyncHttpClient-1-6] DEBUG org.asynchttpclient.netty.handler.HttpHandler - 

Request DefaultFullHttpRequest(decodeResult: success, version: HTTP/1.1, content: EmptyByteBufBE)
GET /session/04479f662f981a76e2b11487d03fdf2d/screenshot HTTP/1.1
User-Agent: selenium/4.1.2 (java windows)
Cache-Control: no-cache
Content-Type: application/json; charset=utf-8
host: localhost:62725
accept: */*

Response DefaultHttpResponse(decodeResult: success, version: HTTP/1.1)
HTTP/1.1 200 OK
Content-Type: application/json; charset=utf-8
cache-control: no-cache
content-length: 41416

19:02:35.214 [AsyncHttpClient-1-6] DEBUG org.asynchttpclient.netty.channel.ChannelManager - Adding key: http://localhost:62725 for channel [id: 0x772df639, L:/127.0.0.1:52766 - R:localhost/127.0.0.1:62725]
19:02:35.217 [main] DEBUG net.serenitybdd.core.photography.Darkroom - Send negative for processing for target\site\serenity\f9ac8c06b0ac8b96a666581bc7d105e3cbab1e6ef7bf2423c2d6494d7185c1f7.png
19:02:35.219 [Darkroom Processing Line] DEBUG net.serenitybdd.core.photography.DarkroomProcessingLine - Processing screenshot image in /var/screenshots/screenshot-2124815646076296137
19:02:35.219 [Darkroom Processing Line] DEBUG net.serenitybdd.core.photography.DarkroomProcessingLine - Saving screenshot to target\site\serenity\f9ac8c06b0ac8b96a666581bc7d105e3cbab1e6ef7bf2423c2d6494d7185c1f7.png
19:02:35.219 [main] DEBUG net.thucydides.core.steps.StepInterceptor - STEP DONE: inputNamaLengkap
  &amp#27;[32mWhen &amp#27;[0m&amp#27;[32mI input valid full name&amp#27;[0m                                             &amp#27;[90m# starter.stepdefinitions.RegisterSteps.inputValidFullName()&amp#27;[0m
19:02:35.260 [main] DEBUG net.thucydides.core.steps.StepInterceptor - STARTING STEP: LoginSteps.inputValidEmail - inputEmail
19:02:35.266 [Forwarding findElement on session 04479f662f981a76e2b11487d03fdf2d to remote] DEBUG org.asynchttpclient.netty.request.NettyRequestSender - Using pooled Channel '[id: 0x772df639, L:/127.0.0.1:52766 - R:localhost/127.0.0.1:62725]' for 'POST' to 'http://localhost:62725/session/04479f662f981a76e2b11487d03fdf2d/element'
19:02:35.266 [Forwarding findElement on session 04479f662f981a76e2b11487d03fdf2d to remote] DEBUG org.asynchttpclient.netty.request.NettyRequestSender - Using open Channel [id: 0x772df639, L:/127.0.0.1:52766 - R:localhost/127.0.0.1:62725] for POST '/session/04479f662f981a76e2b11487d03fdf2d/element'
19:02:35.284 [AsyncHttpClient-1-6] DEBUG org.asynchttpclient.netty.handler.HttpHandler - 

Request DefaultHttpRequest(decodeResult: success, version: HTTP/1.1)
POST /session/04479f662f981a76e2b11487d03fdf2d/element HTTP/1.1
User-Agent: selenium/4.1.2 (java windows)
Content-Length: 84
Content-Type: application/json; charset=utf-8
host: localhost:62725
accept: */*

Response DefaultHttpResponse(decodeResult: success, version: HTTP/1.1)
HTTP/1.1 200 OK
Content-Type: application/json; charset=utf-8
cache-control: no-cache
content-length: 88

19:02:35.285 [AsyncHttpClient-1-6] DEBUG org.asynchttpclient.netty.channel.ChannelManager - Adding key: http://localhost:62725 for channel [id: 0x772df639, L:/127.0.0.1:52766 - R:localhost/127.0.0.1:62725]
19:02:35.286 [Forwarding clearElement on session 04479f662f981a76e2b11487d03fdf2d to remote] DEBUG org.asynchttpclient.netty.request.NettyRequestSender - Using pooled Channel '[id: 0x772df639, L:/127.0.0.1:52766 - R:localhost/127.0.0.1:62725]' for 'POST' to 'http://localhost:62725/session/04479f662f981a76e2b11487d03fdf2d/element/a68a83cc-c971-4bd8-9583-42ac710697d5/clear'
19:02:35.286 [Forwarding clearElement on session 04479f662f981a76e2b11487d03fdf2d to remote] DEBUG org.asynchttpclient.netty.request.NettyRequestSender - Using open Channel [id: 0x772df639, L:/127.0.0.1:52766 - R:localhost/127.0.0.1:62725] for POST '/session/04479f662f981a76e2b11487d03fdf2d/element/a68a83cc-c971-4bd8-9583-42ac710697d5/clear'
19:02:35.330 [AsyncHttpClient-1-6] DEBUG org.asynchttpclient.netty.handler.HttpHandler - 

Request DefaultHttpRequest(decodeResult: success, version: HTTP/1.1)
POST /session/04479f662f981a76e2b11487d03fdf2d/element/a68a83cc-c971-4bd8-9583-42ac710697d5/clear HTTP/1.1
User-Agent: selenium/4.1.2 (java windows)
Content-Length: 50
Content-Type: application/json; charset=utf-8
host: localhost:62725
accept: */*

Response DefaultHttpResponse(decodeResult: success, version: HTTP/1.1)
HTTP/1.1 200 OK
Content-Type: application/json; charset=utf-8
cache-control: no-cache
content-length: 14

19:02:35.330 [AsyncHttpClient-1-6] DEBUG org.asynchttpclient.netty.channel.ChannelManager - Adding key: http://localhost:62725 for channel [id: 0x772df639, L:/127.0.0.1:52766 - R:localhost/127.0.0.1:62725]
19:02:35.331 [Forwarding sendKeysToElement on session 04479f662f981a76e2b11487d03fdf2d to remote] DEBUG org.asynchttpclient.netty.request.NettyRequestSender - Using pooled Channel '[id: 0x772df639, L:/127.0.0.1:52766 - R:localhost/127.0.0.1:62725]' for 'POST' to 'http://localhost:62725/session/04479f662f981a76e2b11487d03fdf2d/element/a68a83cc-c971-4bd8-9583-42ac710697d5/value'
19:02:35.331 [Forwarding sendKeysToElement on session 04479f662f981a76e2b11487d03fdf2d to remote] DEBUG org.asynchttpclient.netty.request.NettyRequestSender - Using open Channel [id: 0x772df639, L:/127.0.0.1:52766 - R:localhost/127.0.0.1:62725] for POST '/session/04479f662f981a76e2b11487d03fdf2d/element/a68a83cc-c971-4bd8-9583-42ac710697d5/value'
19:02:35.470 [AsyncHttpClient-1-6] DEBUG org.asynchttpclient.netty.handler.HttpHandler - 

Request DefaultHttpRequest(decodeResult: success, version: HTTP/1.1)
POST /session/04479f662f981a76e2b11487d03fdf2d/element/a68a83cc-c971-4bd8-9583-42ac710697d5/value HTTP/1.1
User-Agent: selenium/4.1.2 (java windows)
Content-Length: 231
Content-Type: application/json; charset=utf-8
host: localhost:62725
accept: */*

Response DefaultHttpResponse(decodeResult: success, version: HTTP/1.1)
HTTP/1.1 200 OK
Content-Type: application/json; charset=utf-8
cache-control: no-cache
content-length: 14

19:02:35.470 [AsyncHttpClient-1-6] DEBUG org.asynchttpclient.netty.channel.ChannelManager - Adding key: http://localhost:62725 for channel [id: 0x772df639, L:/127.0.0.1:52766 - R:localhost/127.0.0.1:62725]
19:02:35.477 [Forwarding screenshot on session 04479f662f981a76e2b11487d03fdf2d to remote] DEBUG org.asynchttpclient.netty.request.NettyRequestSender - Using pooled Channel '[id: 0x772df639, L:/127.0.0.1:52766 - R:localhost/127.0.0.1:62725]' for 'GET' to 'http://localhost:62725/session/04479f662f981a76e2b11487d03fdf2d/screenshot'
19:02:35.477 [Forwarding screenshot on session 04479f662f981a76e2b11487d03fdf2d to remote] DEBUG org.asynchttpclient.netty.request.NettyRequestSender - Using open Channel [id: 0x772df639, L:/127.0.0.1:52766 - R:localhost/127.0.0.1:62725] for GET '/session/04479f662f981a76e2b11487d03fdf2d/screenshot'
19:02:35.651 [AsyncHttpClient-1-6] DEBUG org.asynchttpclient.netty.handler.HttpHandler - 

Request DefaultFullHttpRequest(decodeResult: success, version: HTTP/1.1, content: EmptyByteBufBE)
GET /session/04479f662f981a76e2b11487d03fdf2d/screenshot HTTP/1.1
User-Agent: selenium/4.1.2 (java windows)
Cache-Control: no-cache
Content-Type: application/json; charset=utf-8
host: localhost:62725
accept: */*

Response DefaultHttpResponse(decodeResult: success, version: HTTP/1.1)
HTTP/1.1 200 OK
Content-Type: application/json; charset=utf-8
cache-control: no-cache
content-length: 46448

19:02:35.652 [AsyncHttpClient-1-6] DEBUG org.asynchttpclient.netty.channel.ChannelManager - Adding key: http://localhost:62725 for channel [id: 0x772df639, L:/127.0.0.1:52766 - R:localhost/127.0.0.1:62725]
19:02:35.654 [main] DEBUG net.serenitybdd.core.photography.Darkroom - Send negative for processing for target\site\serenity\e506d3344fbf7abb4826e52edf89ff2556d720313d9c6af150ca11205f318e09.png
19:02:35.655 [main] DEBUG net.thucydides.core.steps.StepInterceptor - STEP DONE: inputEmail
  &amp#27;[32mAnd &amp#27;[0m&amp#27;[32mI input valid email&amp#27;[0m                                                  &amp#27;[90m# starter.stepdefinitions.LoginSteps.inputValidEmail()&amp#27;[0m
19:02:35.655 [Darkroom Processing Line] DEBUG net.serenitybdd.core.photography.DarkroomProcessingLine - Processing screenshot image in /var/screenshots/screenshot-12551507115053142470
19:02:35.655 [Darkroom Processing Line] DEBUG net.serenitybdd.core.photography.DarkroomProcessingLine - Saving screenshot to target\site\serenity\e506d3344fbf7abb4826e52edf89ff2556d720313d9c6af150ca11205f318e09.png
19:02:35.673 [main] DEBUG net.thucydides.core.steps.StepInterceptor - STARTING STEP: RegisterSteps.inputInvalidPasswordWithSpace - inputPassword
19:02:35.679 [Forwarding findElement on session 04479f662f981a76e2b11487d03fdf2d to remote] DEBUG org.asynchttpclient.netty.request.NettyRequestSender - Using pooled Channel '[id: 0x772df639, L:/127.0.0.1:52766 - R:localhost/127.0.0.1:62725]' for 'POST' to 'http://localhost:62725/session/04479f662f981a76e2b11487d03fdf2d/element'
19:02:35.680 [Forwarding findElement on session 04479f662f981a76e2b11487d03fdf2d to remote] DEBUG org.asynchttpclient.netty.request.NettyRequestSender - Using open Channel [id: 0x772df639, L:/127.0.0.1:52766 - R:localhost/127.0.0.1:62725] for POST '/session/04479f662f981a76e2b11487d03fdf2d/element'
19:02:35.704 [AsyncHttpClient-1-6] DEBUG org.asynchttpclient.netty.handler.HttpHandler - 

Request DefaultHttpRequest(decodeResult: success, version: HTTP/1.1)
POST /session/04479f662f981a76e2b11487d03fdf2d/element HTTP/1.1
User-Agent: selenium/4.1.2 (java windows)
Content-Length: 87
Content-Type: application/json; charset=utf-8
host: localhost:62725
accept: */*

Response DefaultHttpResponse(decodeResult: success, version: HTTP/1.1)
HTTP/1.1 200 OK
Content-Type: application/json; charset=utf-8
cache-control: no-cache
content-length: 88

19:02:35.704 [AsyncHttpClient-1-6] DEBUG org.asynchttpclient.netty.channel.ChannelManager - Adding key: http://localhost:62725 for channel [id: 0x772df639, L:/127.0.0.1:52766 - R:localhost/127.0.0.1:62725]
19:02:35.706 [Forwarding clearElement on session 04479f662f981a76e2b11487d03fdf2d to remote] DEBUG org.asynchttpclient.netty.request.NettyRequestSender - Using pooled Channel '[id: 0x772df639, L:/127.0.0.1:52766 - R:localhost/127.0.0.1:62725]' for 'POST' to 'http://localhost:62725/session/04479f662f981a76e2b11487d03fdf2d/element/53403fe1-9992-4716-8e2e-76bfd5d2d1e9/clear'
19:02:35.706 [Forwarding clearElement on session 04479f662f981a76e2b11487d03fdf2d to remote] DEBUG org.asynchttpclient.netty.request.NettyRequestSender - Using open Channel [id: 0x772df639, L:/127.0.0.1:52766 - R:localhost/127.0.0.1:62725] for POST '/session/04479f662f981a76e2b11487d03fdf2d/element/53403fe1-9992-4716-8e2e-76bfd5d2d1e9/clear'
19:02:35.754 [AsyncHttpClient-1-6] DEBUG org.asynchttpclient.netty.handler.HttpHandler - 

Request DefaultHttpRequest(decodeResult: success, version: HTTP/1.1)
POST /session/04479f662f981a76e2b11487d03fdf2d/element/53403fe1-9992-4716-8e2e-76bfd5d2d1e9/clear HTTP/1.1
User-Agent: selenium/4.1.2 (java windows)
Content-Length: 50
Content-Type: application/json; charset=utf-8
host: localhost:62725
accept: */*

Response DefaultHttpResponse(decodeResult: success, version: HTTP/1.1)
HTTP/1.1 200 OK
Content-Type: application/json; charset=utf-8
cache-control: no-cache
content-length: 14

19:02:35.754 [AsyncHttpClient-1-6] DEBUG org.asynchttpclient.netty.channel.ChannelManager - Adding key: http://localhost:62725 for channel [id: 0x772df639, L:/127.0.0.1:52766 - R:localhost/127.0.0.1:62725]
19:02:35.756 [Forwarding sendKeysToElement on session 04479f662f981a76e2b11487d03fdf2d to remote] DEBUG org.asynchttpclient.netty.request.NettyRequestSender - Using pooled Channel '[id: 0x772df639, L:/127.0.0.1:52766 - R:localhost/127.0.0.1:62725]' for 'POST' to 'http://localhost:62725/session/04479f662f981a76e2b11487d03fdf2d/element/53403fe1-9992-4716-8e2e-76bfd5d2d1e9/value'
19:02:35.756 [Forwarding sendKeysToElement on session 04479f662f981a76e2b11487d03fdf2d to remote] DEBUG org.asynchttpclient.netty.request.NettyRequestSender - Using open Channel [id: 0x772df639, L:/127.0.0.1:52766 - R:localhost/127.0.0.1:62725] for POST '/session/04479f662f981a76e2b11487d03fdf2d/element/53403fe1-9992-4716-8e2e-76bfd5d2d1e9/value'
19:02:35.873 [AsyncHttpClient-1-6] DEBUG org.asynchttpclient.netty.handler.HttpHandler - 

Request DefaultHttpRequest(decodeResult: success, version: HTTP/1.1)
POST /session/04479f662f981a76e2b11487d03fdf2d/element/53403fe1-9992-4716-8e2e-76bfd5d2d1e9/value HTTP/1.1
User-Agent: selenium/4.1.2 (java windows)
Content-Length: 161
Content-Type: application/json; charset=utf-8
host: localhost:62725
accept: */*

Response DefaultHttpResponse(decodeResult: success, version: HTTP/1.1)
HTTP/1.1 200 OK
Content-Type: application/json; charset=utf-8
cache-control: no-cache
content-length: 14

19:02:35.873 [AsyncHttpClient-1-6] DEBUG org.asynchttpclient.netty.channel.ChannelManager - Adding key: http://localhost:62725 for channel [id: 0x772df639, L:/127.0.0.1:52766 - R:localhost/127.0.0.1:62725]
19:02:35.881 [Forwarding screenshot on session 04479f662f981a76e2b11487d03fdf2d to remote] DEBUG org.asynchttpclient.netty.request.NettyRequestSender - Using pooled Channel '[id: 0x772df639, L:/127.0.0.1:52766 - R:localhost/127.0.0.1:62725]' for 'GET' to 'http://localhost:62725/session/04479f662f981a76e2b11487d03fdf2d/screenshot'
19:02:35.881 [Forwarding screenshot on session 04479f662f981a76e2b11487d03fdf2d to remote] DEBUG org.asynchttpclient.netty.request.NettyRequestSender - Using open Channel [id: 0x772df639, L:/127.0.0.1:52766 - R:localhost/127.0.0.1:62725] for GET '/session/04479f662f981a76e2b11487d03fdf2d/screenshot'
19:02:36.026 [AsyncHttpClient-1-6] DEBUG org.asynchttpclient.netty.handler.HttpHandler - 

Request DefaultFullHttpRequest(decodeResult: success, version: HTTP/1.1, content: EmptyByteBufBE)
GET /session/04479f662f981a76e2b11487d03fdf2d/screenshot HTTP/1.1
User-Agent: selenium/4.1.2 (java windows)
Cache-Control: no-cache
Content-Type: application/json; charset=utf-8
host: localhost:62725
accept: */*

Response DefaultHttpResponse(decodeResult: success, version: HTTP/1.1)
HTTP/1.1 200 OK
Content-Type: application/json; charset=utf-8
cache-control: no-cache
content-length: 48640

19:02:36.026 [AsyncHttpClient-1-6] DEBUG org.asynchttpclient.netty.channel.ChannelManager - Adding key: http://localhost:62725 for channel [id: 0x772df639, L:/127.0.0.1:52766 - R:localhost/127.0.0.1:62725]
19:02:36.030 [main] DEBUG net.serenitybdd.core.photography.Darkroom - Send negative for processing for target\site\serenity\fdd983c187cc3068159267d9979bb3952977fdf1f562930599bfe10e00c3112a.png
19:02:36.030 [main] DEBUG net.thucydides.core.steps.StepInterceptor - STEP DONE: inputPassword
  &amp#27;[32mAnd &amp#27;[0m&amp#27;[32mI input invalid password with space&amp#27;[0m                                  &amp#27;[90m# starter.stepdefinitions.RegisterSteps.inputInvalidPasswordWithSpace()&amp#27;[0m
19:02:36.032 [Darkroom Processing Line] DEBUG net.serenitybdd.core.photography.DarkroomProcessingLine - Processing screenshot image in /var/screenshots/screenshot-10926085342024266122
19:02:36.032 [Darkroom Processing Line] DEBUG net.serenitybdd.core.photography.DarkroomProcessingLine - Saving screenshot to target\site\serenity\fdd983c187cc3068159267d9979bb3952977fdf1f562930599bfe10e00c3112a.png
19:02:36.054 [main] DEBUG net.thucydides.core.steps.StepInterceptor - STARTING STEP: RegisterSteps.clickRegisterButton - clickRegisterButton
19:02:36.062 [Forwarding findElement on session 04479f662f981a76e2b11487d03fdf2d to remote] DEBUG org.asynchttpclient.netty.request.NettyRequestSender - Using pooled Channel '[id: 0x772df639, L:/127.0.0.1:52766 - R:localhost/127.0.0.1:62725]' for 'POST' to 'http://localhost:62725/session/04479f662f981a76e2b11487d03fdf2d/element'
19:02:36.062 [Forwarding findElement on session 04479f662f981a76e2b11487d03fdf2d to remote] DEBUG org.asynchttpclient.netty.request.NettyRequestSender - Using open Channel [id: 0x772df639, L:/127.0.0.1:52766 - R:localhost/127.0.0.1:62725] for POST '/session/04479f662f981a76e2b11487d03fdf2d/element'
19:02:36.074 [AsyncHttpClient-1-6] DEBUG org.asynchttpclient.netty.handler.HttpHandler - 

Request DefaultHttpRequest(decodeResult: success, version: HTTP/1.1)
POST /session/04479f662f981a76e2b11487d03fdf2d/element HTTP/1.1
User-Agent: selenium/4.1.2 (java windows)
Content-Length: 155
Content-Type: application/json; charset=utf-8
host: localhost:62725
accept: */*

Response DefaultHttpResponse(decodeResult: success, version: HTTP/1.1)
HTTP/1.1 200 OK
Content-Type: application/json; charset=utf-8
cache-control: no-cache
content-length: 88

19:02:36.075 [AsyncHttpClient-1-6] DEBUG org.asynchttpclient.netty.channel.ChannelManager - Adding key: http://localhost:62725 for channel [id: 0x772df639, L:/127.0.0.1:52766 - R:localhost/127.0.0.1:62725]
19:02:36.081 [Forwarding getElementTagName on session 04479f662f981a76e2b11487d03fdf2d to remote] DEBUG org.asynchttpclient.netty.request.NettyRequestSender - Using pooled Channel '[id: 0x772df639, L:/127.0.0.1:52766 - R:localhost/127.0.0.1:62725]' for 'GET' to 'http://localhost:62725/session/04479f662f981a76e2b11487d03fdf2d/element/0d9380e6-5a31-4d1b-8122-1cecf1ec73cd/name'
19:02:36.081 [Forwarding getElementTagName on session 04479f662f981a76e2b11487d03fdf2d to remote] DEBUG org.asynchttpclient.netty.request.NettyRequestSender - Using open Channel [id: 0x772df639, L:/127.0.0.1:52766 - R:localhost/127.0.0.1:62725] for GET '/session/04479f662f981a76e2b11487d03fdf2d/element/0d9380e6-5a31-4d1b-8122-1cecf1ec73cd/name'
19:02:36.089 [AsyncHttpClient-1-6] DEBUG org.asynchttpclient.netty.handler.HttpHandler - 

Request DefaultFullHttpRequest(decodeResult: success, version: HTTP/1.1, content: EmptyByteBufBE)
GET /session/04479f662f981a76e2b11487d03fdf2d/element/0d9380e6-5a31-4d1b-8122-1cecf1ec73cd/name HTTP/1.1
User-Agent: selenium/4.1.2 (java windows)
Cache-Control: no-cache
Content-Type: application/json; charset=utf-8
host: localhost:62725
accept: */*

Response DefaultHttpResponse(decodeResult: success, version: HTTP/1.1)
HTTP/1.1 200 OK
Content-Type: application/json; charset=utf-8
cache-control: no-cache
content-length: 18

19:02:36.089 [AsyncHttpClient-1-6] DEBUG org.asynchttpclient.netty.channel.ChannelManager - Adding key: http://localhost:62725 for channel [id: 0x772df639, L:/127.0.0.1:52766 - R:localhost/127.0.0.1:62725]
19:02:36.092 [Forwarding getElementTagName on session 04479f662f981a76e2b11487d03fdf2d to remote] DEBUG org.asynchttpclient.netty.request.NettyRequestSender - Using pooled Channel '[id: 0x772df639, L:/127.0.0.1:52766 - R:localhost/127.0.0.1:62725]' for 'GET' to 'http://localhost:62725/session/04479f662f981a76e2b11487d03fdf2d/element/0d9380e6-5a31-4d1b-8122-1cecf1ec73cd/name'
19:02:36.092 [Forwarding getElementTagName on session 04479f662f981a76e2b11487d03fdf2d to remote] DEBUG org.asynchttpclient.netty.request.NettyRequestSender - Using open Channel [id: 0x772df639, L:/127.0.0.1:52766 - R:localhost/127.0.0.1:62725] for GET '/session/04479f662f981a76e2b11487d03fdf2d/element/0d9380e6-5a31-4d1b-8122-1cecf1ec73cd/name'
19:02:36.096 [AsyncHttpClient-1-6] DEBUG org.asynchttpclient.netty.handler.HttpHandler - 

Request DefaultFullHttpRequest(decodeResult: success, version: HTTP/1.1, content: EmptyByteBufBE)
GET /session/04479f662f981a76e2b11487d03fdf2d/element/0d9380e6-5a31-4d1b-8122-1cecf1ec73cd/name HTTP/1.1
User-Agent: selenium/4.1.2 (java windows)
Cache-Control: no-cache
Content-Type: application/json; charset=utf-8
host: localhost:62725
accept: */*

Response DefaultHttpResponse(decodeResult: success, version: HTTP/1.1)
HTTP/1.1 200 OK
Content-Type: application/json; charset=utf-8
cache-control: no-cache
content-length: 18

19:02:36.096 [AsyncHttpClient-1-6] DEBUG org.asynchttpclient.netty.channel.ChannelManager - Adding key: http://localhost:62725 for channel [id: 0x772df639, L:/127.0.0.1:52766 - R:localhost/127.0.0.1:62725]
19:02:36.108 [Forwarding isElementEnabled on session 04479f662f981a76e2b11487d03fdf2d to remote] DEBUG org.asynchttpclient.netty.request.NettyRequestSender - Using pooled Channel '[id: 0x772df639, L:/127.0.0.1:52766 - R:localhost/127.0.0.1:62725]' for 'GET' to 'http://localhost:62725/session/04479f662f981a76e2b11487d03fdf2d/element/0d9380e6-5a31-4d1b-8122-1cecf1ec73cd/enabled'
19:02:36.108 [Forwarding isElementEnabled on session 04479f662f981a76e2b11487d03fdf2d to remote] DEBUG org.asynchttpclient.netty.request.NettyRequestSender - Using open Channel [id: 0x772df639, L:/127.0.0.1:52766 - R:localhost/127.0.0.1:62725] for GET '/session/04479f662f981a76e2b11487d03fdf2d/element/0d9380e6-5a31-4d1b-8122-1cecf1ec73cd/enabled'
19:02:36.123 [AsyncHttpClient-1-6] DEBUG org.asynchttpclient.netty.handler.HttpHandler - 

Request DefaultFullHttpRequest(decodeResult: success, version: HTTP/1.1, content: EmptyByteBufBE)
GET /session/04479f662f981a76e2b11487d03fdf2d/element/0d9380e6-5a31-4d1b-8122-1cecf1ec73cd/enabled HTTP/1.1
User-Agent: selenium/4.1.2 (java windows)
Cache-Control: no-cache
Content-Type: application/json; charset=utf-8
host: localhost:62725
accept: */*

Response DefaultHttpResponse(decodeResult: success, version: HTTP/1.1)
HTTP/1.1 200 OK
Content-Type: application/json; charset=utf-8
cache-control: no-cache
content-length: 14

19:02:36.123 [AsyncHttpClient-1-6] DEBUG org.asynchttpclient.netty.channel.ChannelManager - Adding key: http://localhost:62725 for channel [id: 0x772df639, L:/127.0.0.1:52766 - R:localhost/127.0.0.1:62725]
19:02:36.125 [Forwarding isElementEnabled on session 04479f662f981a76e2b11487d03fdf2d to remote] DEBUG org.asynchttpclient.netty.request.NettyRequestSender - Using pooled Channel '[id: 0x772df639, L:/127.0.0.1:52766 - R:localhost/127.0.0.1:62725]' for 'GET' to 'http://localhost:62725/session/04479f662f981a76e2b11487d03fdf2d/element/0d9380e6-5a31-4d1b-8122-1cecf1ec73cd/enabled'
19:02:36.126 [Forwarding isElementEnabled on session 04479f662f981a76e2b11487d03fdf2d to remote] DEBUG org.asynchttpclient.netty.request.NettyRequestSender - Using open Channel [id: 0x772df639, L:/127.0.0.1:52766 - R:localhost/127.0.0.1:62725] for GET '/session/04479f662f981a76e2b11487d03fdf2d/element/0d9380e6-5a31-4d1b-8122-1cecf1ec73cd/enabled'
19:02:36.136 [AsyncHttpClient-1-6] DEBUG org.asynchttpclient.netty.handler.HttpHandler - 

Request DefaultFullHttpRequest(decodeResult: success, version: HTTP/1.1, content: EmptyByteBufBE)
GET /session/04479f662f981a76e2b11487d03fdf2d/element/0d9380e6-5a31-4d1b-8122-1cecf1ec73cd/enabled HTTP/1.1
User-Agent: selenium/4.1.2 (java windows)
Cache-Control: no-cache
Content-Type: application/json; charset=utf-8
host: localhost:62725
accept: */*

Response DefaultHttpResponse(decodeResult: success, version: HTTP/1.1)
HTTP/1.1 200 OK
Content-Type: application/json; charset=utf-8
cache-control: no-cache
content-length: 14

19:02:36.136 [AsyncHttpClient-1-6] DEBUG org.asynchttpclient.netty.channel.ChannelManager - Adding key: http://localhost:62725 for channel [id: 0x772df639, L:/127.0.0.1:52766 - R:localhost/127.0.0.1:62725]
19:02:36.139 [Forwarding findElement on session 04479f662f981a76e2b11487d03fdf2d to remote] DEBUG org.asynchttpclient.netty.request.NettyRequestSender - Using pooled Channel '[id: 0x772df639, L:/127.0.0.1:52766 - R:localhost/127.0.0.1:62725]' for 'POST' to 'http://localhost:62725/session/04479f662f981a76e2b11487d03fdf2d/element'
19:02:36.139 [Forwarding findElement on session 04479f662f981a76e2b11487d03fdf2d to remote] DEBUG org.asynchttpclient.netty.request.NettyRequestSender - Using open Channel [id: 0x772df639, L:/127.0.0.1:52766 - R:localhost/127.0.0.1:62725] for POST '/session/04479f662f981a76e2b11487d03fdf2d/element'
19:02:36.148 [AsyncHttpClient-1-6] DEBUG org.asynchttpclient.netty.handler.HttpHandler - 

Request DefaultHttpRequest(decodeResult: success, version: HTTP/1.1)
POST /session/04479f662f981a76e2b11487d03fdf2d/element HTTP/1.1
User-Agent: selenium/4.1.2 (java windows)
Content-Length: 155
Content-Type: application/json; charset=utf-8
host: localhost:62725
accept: */*

Response DefaultHttpResponse(decodeResult: success, version: HTTP/1.1)
HTTP/1.1 200 OK
Content-Type: application/json; charset=utf-8
cache-control: no-cache
content-length: 88

19:02:36.148 [AsyncHttpClient-1-6] DEBUG org.asynchttpclient.netty.channel.ChannelManager - Adding key: http://localhost:62725 for channel [id: 0x772df639, L:/127.0.0.1:52766 - R:localhost/127.0.0.1:62725]
19:02:36.151 [Forwarding clickElement on session 04479f662f981a76e2b11487d03fdf2d to remote] DEBUG org.asynchttpclient.netty.request.NettyRequestSender - Using pooled Channel '[id: 0x772df639, L:/127.0.0.1:52766 - R:localhost/127.0.0.1:62725]' for 'POST' to 'http://localhost:62725/session/04479f662f981a76e2b11487d03fdf2d/element/0d9380e6-5a31-4d1b-8122-1cecf1ec73cd/click'
19:02:36.151 [Forwarding clickElement on session 04479f662f981a76e2b11487d03fdf2d to remote] DEBUG org.asynchttpclient.netty.request.NettyRequestSender - Using open Channel [id: 0x772df639, L:/127.0.0.1:52766 - R:localhost/127.0.0.1:62725] for POST '/session/04479f662f981a76e2b11487d03fdf2d/element/0d9380e6-5a31-4d1b-8122-1cecf1ec73cd/click'
19:02:36.208 [AsyncHttpClient-1-6] DEBUG org.asynchttpclient.netty.handler.HttpHandler - 

Request DefaultHttpRequest(decodeResult: success, version: HTTP/1.1)
POST /session/04479f662f981a76e2b11487d03fdf2d/element/0d9380e6-5a31-4d1b-8122-1cecf1ec73cd/click HTTP/1.1
User-Agent: selenium/4.1.2 (java windows)
Content-Length: 50
Content-Type: application/json; charset=utf-8
host: localhost:62725
accept: */*

Response DefaultHttpResponse(decodeResult: success, version: HTTP/1.1)
HTTP/1.1 200 OK
Content-Type: application/json; charset=utf-8
cache-control: no-cache
content-length: 14

19:02:36.209 [AsyncHttpClient-1-6] DEBUG org.asynchttpclient.netty.channel.ChannelManager - Adding key: http://localhost:62725 for channel [id: 0x772df639, L:/127.0.0.1:52766 - R:localhost/127.0.0.1:62725]
19:02:36.218 [Forwarding screenshot on session 04479f662f981a76e2b11487d03fdf2d to remote] DEBUG org.asynchttpclient.netty.request.NettyRequestSender - Using pooled Channel '[id: 0x772df639, L:/127.0.0.1:52766 - R:localhost/127.0.0.1:62725]' for 'GET' to 'http://localhost:62725/session/04479f662f981a76e2b11487d03fdf2d/screenshot'
19:02:36.218 [Forwarding screenshot on session 04479f662f981a76e2b11487d03fdf2d to remote] DEBUG org.asynchttpclient.netty.request.NettyRequestSender - Using open Channel [id: 0x772df639, L:/127.0.0.1:52766 - R:localhost/127.0.0.1:62725] for GET '/session/04479f662f981a76e2b11487d03fdf2d/screenshot'
19:02:36.262 [AsyncHttpClient-1-1] DEBUG org.asynchttpclient.netty.channel.DefaultChannelPool - Entry count for : http://localhost:52767 : 1
19:02:36.367 [AsyncHttpClient-1-6] DEBUG org.asynchttpclient.netty.handler.HttpHandler - 

Request DefaultFullHttpRequest(decodeResult: success, version: HTTP/1.1, content: EmptyByteBufBE)
GET /session/04479f662f981a76e2b11487d03fdf2d/screenshot HTTP/1.1
User-Agent: selenium/4.1.2 (java windows)
Cache-Control: no-cache
Content-Type: application/json; charset=utf-8
host: localhost:62725
accept: */*

Response DefaultHttpResponse(decodeResult: success, version: HTTP/1.1)
HTTP/1.1 200 OK
Content-Type: application/json; charset=utf-8
cache-control: no-cache
content-length: 47912

19:02:36.367 [AsyncHttpClient-1-6] DEBUG org.asynchttpclient.netty.channel.ChannelManager - Adding key: http://localhost:62725 for channel [id: 0x772df639, L:/127.0.0.1:52766 - R:localhost/127.0.0.1:62725]
19:02:36.369 [main] DEBUG net.serenitybdd.core.photography.Darkroom - Send negative for processing for target\site\serenity\e47c4510b80802a01f404175dbd5d08cf032100b92fb5047300bd7471f5c7e45.png
19:02:36.369 [main] DEBUG net.thucydides.core.steps.StepInterceptor - STEP DONE: clickRegisterButton
  &amp#27;[32mAnd &amp#27;[0m&amp#27;[32mI click on register button&amp#27;[0m                                           &amp#27;[90m# starter.stepdefinitions.RegisterSteps.clickRegisterButton()&amp#27;[0m
19:02:36.369 [Darkroom Processing Line] DEBUG net.serenitybdd.core.photography.DarkroomProcessingLine - Processing screenshot image in /var/screenshots/screenshot-7488377084964296951
19:02:36.369 [Darkroom Processing Line] DEBUG net.serenitybdd.core.photography.DarkroomProcessingLine - Saving screenshot to target\site\serenity\e47c4510b80802a01f404175dbd5d08cf032100b92fb5047300bd7471f5c7e45.png
19:02:36.392 [main] DEBUG net.thucydides.core.steps.StepInterceptor - STARTING STEP: RegisterSteps.stillOnTheRegisterPage - registerPage
19:02:36.393 [Forwarding get on session 04479f662f981a76e2b11487d03fdf2d to remote] DEBUG org.asynchttpclient.netty.request.NettyRequestSender - Using pooled Channel '[id: 0x772df639, L:/127.0.0.1:52766 - R:localhost/127.0.0.1:62725]' for 'POST' to 'http://localhost:62725/session/04479f662f981a76e2b11487d03fdf2d/url'
19:02:36.393 [Forwarding get on session 04479f662f981a76e2b11487d03fdf2d to remote] DEBUG org.asynchttpclient.netty.request.NettyRequestSender - Using open Channel [id: 0x772df639, L:/127.0.0.1:52766 - R:localhost/127.0.0.1:62725] for POST '/session/04479f662f981a76e2b11487d03fdf2d/url'
19:02:36.608 [AsyncHttpClient-1-6] DEBUG org.asynchttpclient.netty.handler.HttpHandler - 

Request DefaultHttpRequest(decodeResult: success, version: HTTP/1.1)
POST /session/04479f662f981a76e2b11487d03fdf2d/url HTTP/1.1
User-Agent: selenium/4.1.2 (java windows)
Content-Length: 67
Content-Type: application/json; charset=utf-8
host: localhost:62725
accept: */*

Response DefaultHttpResponse(decodeResult: success, version: HTTP/1.1)
HTTP/1.1 200 OK
Content-Type: application/json; charset=utf-8
cache-control: no-cache
content-length: 14

19:02:36.609 [AsyncHttpClient-1-6] DEBUG org.asynchttpclient.netty.channel.ChannelManager - Adding key: http://localhost:62725 for channel [id: 0x772df639, L:/127.0.0.1:52766 - R:localhost/127.0.0.1:62725]
19:02:36.611 [Forwarding getCurrentUrl on session 04479f662f981a76e2b11487d03fdf2d to remote] DEBUG org.asynchttpclient.netty.request.NettyRequestSender - Using pooled Channel '[id: 0x772df639, L:/127.0.0.1:52766 - R:localhost/127.0.0.1:62725]' for 'GET' to 'http://localhost:62725/session/04479f662f981a76e2b11487d03fdf2d/url'
19:02:36.611 [Forwarding getCurrentUrl on session 04479f662f981a76e2b11487d03fdf2d to remote] DEBUG org.asynchttpclient.netty.request.NettyRequestSender - Using open Channel [id: 0x772df639, L:/127.0.0.1:52766 - R:localhost/127.0.0.1:62725] for GET '/session/04479f662f981a76e2b11487d03fdf2d/url'
19:02:36.616 [AsyncHttpClient-1-6] DEBUG org.asynchttpclient.netty.handler.HttpHandler - 

Request DefaultFullHttpRequest(decodeResult: success, version: HTTP/1.1, content: EmptyByteBufBE)
GET /session/04479f662f981a76e2b11487d03fdf2d/url HTTP/1.1
User-Agent: selenium/4.1.2 (java windows)
Cache-Control: no-cache
Content-Type: application/json; charset=utf-8
host: localhost:62725
accept: */*

Response DefaultHttpResponse(decodeResult: success, version: HTTP/1.1)
HTTP/1.1 200 OK
Content-Type: application/json; charset=utf-8
cache-control: no-cache
content-length: 44

19:02:36.616 [AsyncHttpClient-1-6] DEBUG org.asynchttpclient.netty.channel.ChannelManager - Adding key: http://localhost:62725 for channel [id: 0x772df639, L:/127.0.0.1:52766 - R:localhost/127.0.0.1:62725]
19:02:36.621 [Forwarding screenshot on session 04479f662f981a76e2b11487d03fdf2d to remote] DEBUG org.asynchttpclient.netty.request.NettyRequestSender - Using pooled Channel '[id: 0x772df639, L:/127.0.0.1:52766 - R:localhost/127.0.0.1:62725]' for 'GET' to 'http://localhost:62725/session/04479f662f981a76e2b11487d03fdf2d/screenshot'
19:02:36.622 [Forwarding screenshot on session 04479f662f981a76e2b11487d03fdf2d to remote] DEBUG org.asynchttpclient.netty.request.NettyRequestSender - Using open Channel [id: 0x772df639, L:/127.0.0.1:52766 - R:localhost/127.0.0.1:62725] for GET '/session/04479f662f981a76e2b11487d03fdf2d/screenshot'
19:02:36.711 [AsyncHttpClient-1-6] DEBUG org.asynchttpclient.netty.handler.HttpHandler - 

Request DefaultFullHttpRequest(decodeResult: success, version: HTTP/1.1, content: EmptyByteBufBE)
GET /session/04479f662f981a76e2b11487d03fdf2d/screenshot HTTP/1.1
User-Agent: selenium/4.1.2 (java windows)
Cache-Control: no-cache
Content-Type: application/json; charset=utf-8
host: localhost:62725
accept: */*

Response DefaultHttpResponse(decodeResult: success, version: HTTP/1.1)
HTTP/1.1 200 OK
Content-Type: application/json; charset=utf-8
cache-control: no-cache
content-length: 37576

19:02:36.712 [AsyncHttpClient-1-6] DEBUG org.asynchttpclient.netty.channel.ChannelManager - Adding key: http://localhost:62725 for channel [id: 0x772df639, L:/127.0.0.1:52766 - R:localhost/127.0.0.1:62725]
19:02:36.714 [main] DEBUG net.serenitybdd.core.photography.Darkroom - Send negative for processing for target\site\serenity\a7ccf41b77a9a7a591db44ebecd123572974338bd60237eef6c71f2062964664.png
19:02:36.714 [main] DEBUG net.thucydides.core.steps.StepInterceptor - STEP DONE: registerPage
19:02:36.722 [main] DEBUG net.thucydides.core.steps.StepInterceptor - STARTING STEP: RegisterSteps.stillOnTheRegisterPage - validateStillOnRegisterPage
19:02:36.723 [Forwarding findElement on session 04479f662f981a76e2b11487d03fdf2d to remote] DEBUG org.asynchttpclient.netty.request.NettyRequestSender - Using pooled Channel '[id: 0x772df639, L:/127.0.0.1:52766 - R:localhost/127.0.0.1:62725]' for 'POST' to 'http://localhost:62725/session/04479f662f981a76e2b11487d03fdf2d/element'
19:02:36.723 [Forwarding findElement on session 04479f662f981a76e2b11487d03fdf2d to remote] DEBUG org.asynchttpclient.netty.request.NettyRequestSender - Using open Channel [id: 0x772df639, L:/127.0.0.1:52766 - R:localhost/127.0.0.1:62725] for POST '/session/04479f662f981a76e2b11487d03fdf2d/element'
19:02:36.736 [AsyncHttpClient-1-6] DEBUG org.asynchttpclient.netty.handler.HttpHandler - 

Request DefaultHttpRequest(decodeResult: success, version: HTTP/1.1)
POST /session/04479f662f981a76e2b11487d03fdf2d/element HTTP/1.1
User-Agent: selenium/4.1.2 (java windows)
Content-Length: 155
Content-Type: application/json; charset=utf-8
host: localhost:62725
accept: */*

Response DefaultHttpResponse(decodeResult: success, version: HTTP/1.1)
HTTP/1.1 200 OK
Content-Type: application/json; charset=utf-8
cache-control: no-cache
content-length: 88

19:02:36.736 [AsyncHttpClient-1-6] DEBUG org.asynchttpclient.netty.channel.ChannelManager - Adding key: http://localhost:62725 for channel [id: 0x772df639, L:/127.0.0.1:52766 - R:localhost/127.0.0.1:62725]
19:02:36.741 [Forwarding isElementDisplayed on session 04479f662f981a76e2b11487d03fdf2d to remote] DEBUG org.asynchttpclient.netty.request.NettyRequestSender - Using pooled Channel '[id: 0x772df639, L:/127.0.0.1:52766 - R:localhost/127.0.0.1:62725]' for 'POST' to 'http://localhost:62725/session/04479f662f981a76e2b11487d03fdf2d/execute/sync'
19:02:36.741 [Forwarding isElementDisplayed on session 04479f662f981a76e2b11487d03fdf2d to remote] DEBUG org.asynchttpclient.netty.request.NettyRequestSender - Using open Channel [id: 0x772df639, L:/127.0.0.1:52766 - R:localhost/127.0.0.1:62725] for POST '/session/04479f662f981a76e2b11487d03fdf2d/execute/sync'
19:02:36.763 [AsyncHttpClient-1-6] DEBUG org.asynchttpclient.netty.handler.HttpHandler - 

Request DefaultHttpRequest(decodeResult: success, version: HTTP/1.1)
POST /session/04479f662f981a76e2b11487d03fdf2d/execute/sync HTTP/1.1
User-Agent: selenium/4.1.2 (java windows)
Content-Length: 48780
Content-Type: application/json; charset=utf-8
host: localhost:62725
accept: */*

Response DefaultHttpResponse(decodeResult: success, version: HTTP/1.1)
HTTP/1.1 200 OK
Content-Type: application/json; charset=utf-8
cache-control: no-cache
content-length: 14

19:02:36.763 [AsyncHttpClient-1-6] DEBUG org.asynchttpclient.netty.channel.ChannelManager - Adding key: http://localhost:62725 for channel [id: 0x772df639, L:/127.0.0.1:52766 - R:localhost/127.0.0.1:62725]
19:02:36.772 [Forwarding screenshot on session 04479f662f981a76e2b11487d03fdf2d to remote] DEBUG org.asynchttpclient.netty.request.NettyRequestSender - Using pooled Channel '[id: 0x772df639, L:/127.0.0.1:52766 - R:localhost/127.0.0.1:62725]' for 'GET' to 'http://localhost:62725/session/04479f662f981a76e2b11487d03fdf2d/screenshot'
19:02:36.772 [Forwarding screenshot on session 04479f662f981a76e2b11487d03fdf2d to remote] DEBUG org.asynchttpclient.netty.request.NettyRequestSender - Using open Channel [id: 0x772df639, L:/127.0.0.1:52766 - R:localhost/127.0.0.1:62725] for GET '/session/04479f662f981a76e2b11487d03fdf2d/screenshot'
19:02:36.865 [AsyncHttpClient-1-6] DEBUG org.asynchttpclient.netty.handler.HttpHandler - 

Request DefaultFullHttpRequest(decodeResult: success, version: HTTP/1.1, content: EmptyByteBufBE)
GET /session/04479f662f981a76e2b11487d03fdf2d/screenshot HTTP/1.1
User-Agent: selenium/4.1.2 (java windows)
Cache-Control: no-cache
Content-Type: application/json; charset=utf-8
host: localhost:62725
accept: */*

Response DefaultHttpResponse(decodeResult: success, version: HTTP/1.1)
HTTP/1.1 200 OK
Content-Type: application/json; charset=utf-8
cache-control: no-cache
content-length: 37576

19:02:36.865 [AsyncHttpClient-1-6] DEBUG org.asynchttpclient.netty.channel.ChannelManager - Adding key: http://localhost:62725 for channel [id: 0x772df639, L:/127.0.0.1:52766 - R:localhost/127.0.0.1:62725]
19:02:36.867 [main] DEBUG net.serenitybdd.core.photography.Darkroom - Send negative for processing for target\site\serenity\a7ccf41b77a9a7a591db44ebecd123572974338bd60237eef6c71f2062964664.png
19:02:36.867 [main] DEBUG net.thucydides.core.steps.StepInterceptor - STEP DONE: validateStillOnRegisterPage
  &amp#27;[32mThen &amp#27;[0m&amp#27;[32mI am still on the register page&amp#27;[0m                                     &amp#27;[90m# starter.stepdefinitions.RegisterSteps.stillOnTheRegisterPage()&amp#27;[0m
19:02:36.879 [main] INFO  - 
  _____   ___   ___   _____     ___     _     ___   ___   ___   ___  
 |_   _| | __| / __| |_   _|   | _ \   /_\   / __| / __| | __| |   \ 
   | |   | _|  \__ \   | |     |  _/  / _ \  \__ \ \__ \ | _|  | |) |
   |_|   |___| |___/   |_|     |_|   /_/ \_\ |___/ |___/ |___| |___/ 

register with different email and the password has a space on it
----------------------------------------------------------------------
19:02:36.881 [AsyncHttpClient-1-8] DEBUG org.asynchttpclient.netty.handler.WebSocketHandler - Channel Closed: [id: 0x5d24c418, L:/127.0.0.1:52774 ! R:localhost/127.0.0.1:52767] with attribute NettyResponseFuture{currentRetry=5,
	isDone=1,
	isCancelled=0,
	asyncHandler=org.asynchttpclient.ws.WebSocketUpgradeHandler@2b55ccc6,
	nettyRequest=org.asynchttpclient.netty.request.NettyRequest@4343dc91,
	future=java.util.concurrent.CompletableFuture@516f803f[Completed normally],
	uri=ws://localhost:52767/devtools/browser/628bff85-a53a-4213-b891-4c686618a54c,
	keepAlive=true,
	redirectCount=0,
	timeoutsHolder=null,
	inAuth=0,
	touch=1652875353143}
19:02:36.881 [AsyncHttpClient-1-8] DEBUG org.asynchttpclient.netty.channel.ChannelManager - Closing Channel [id: 0x5d24c418, L:/127.0.0.1:52774 ! R:localhost/127.0.0.1:52767] 
19:02:36.881 [Driver Command Executor] DEBUG org.asynchttpclient.netty.request.NettyRequestSender - Using pooled Channel '[id: 0x772df639, L:/127.0.0.1:52766 - R:localhost/127.0.0.1:62725]' for 'DELETE' to 'http://localhost:62725/session/04479f662f981a76e2b11487d03fdf2d'
19:02:36.881 [Driver Command Executor] DEBUG org.asynchttpclient.netty.request.NettyRequestSender - Using open Channel [id: 0x772df639, L:/127.0.0.1:52766 - R:localhost/127.0.0.1:62725] for DELETE '/session/04479f662f981a76e2b11487d03fdf2d'
19:02:36.963 [AsyncHttpClient-1-7] DEBUG org.asynchttpclient.netty.handler.HttpHandler - Unexpected I/O exception on channel [id: 0xc32a414a, L:/127.0.0.1:52773 - R:localhost/127.0.0.1:52767]
java.io.IOException: An existing connection was forcibly closed by the remote host
	at java.base/sun.nio.ch.SocketDispatcher.read0(Native Method)
	at java.base/sun.nio.ch.SocketDispatcher.read(SocketDispatcher.java:43)
	at java.base/sun.nio.ch.IOUtil.readIntoNativeBuffer(IOUtil.java:276)
	at java.base/sun.nio.ch.IOUtil.read(IOUtil.java:233)
	at java.base/sun.nio.ch.IOUtil.read(IOUtil.java:223)
	at java.base/sun.nio.ch.SocketChannelImpl.read(SocketChannelImpl.java:358)
	at io.netty.buffer.PooledByteBuf.setBytes(PooledByteBuf.java:258)
	at io.netty.buffer.AbstractByteBuf.writeBytes(AbstractByteBuf.java:1132)
	at io.netty.channel.socket.nio.NioSocketChannel.doReadBytes(NioSocketChannel.java:350)
	at io.netty.channel.nio.AbstractNioByteChannel$NioByteUnsafe.read(AbstractNioByteChannel.java:151)
	at io.netty.channel.nio.NioEventLoop.processSelectedKey(NioEventLoop.java:722)
	at io.netty.channel.nio.NioEventLoop.processSelectedKeysOptimized(NioEventLoop.java:658)
	at io.netty.channel.nio.NioEventLoop.processSelectedKeys(NioEventLoop.java:584)
	at io.netty.channel.nio.NioEventLoop.run(NioEventLoop.java:496)
	at io.netty.util.concurrent.SingleThreadEventExecutor$4.run(SingleThreadEventExecutor.java:986)
	at io.netty.util.internal.ThreadExecutorMap$2.run(ThreadExecutorMap.java:74)
	at io.netty.util.concurrent.FastThreadLocalRunnable.run(FastThreadLocalRunnable.java:30)
	at java.base/java.lang.Thread.run(Thread.java:834)
19:02:36.963 [AsyncHttpClient-1-7] DEBUG org.asynchttpclient.netty.channel.ChannelManager - Closing Channel [id: 0xc32a414a, L:/127.0.0.1:52773 - R:localhost/127.0.0.1:52767] 
19:02:36.963 [AsyncHttpClient-1-7] DEBUG org.asynchttpclient.netty.handler.HttpHandler - Channel Closed: [id: 0xc32a414a, L:/127.0.0.1:52773 ! R:localhost/127.0.0.1:52767] with attribute DISCARD
19:02:36.995 [AsyncHttpClient-1-6] DEBUG org.asynchttpclient.netty.handler.HttpHandler - 

Request DefaultFullHttpRequest(decodeResult: success, version: HTTP/1.1, content: EmptyByteBufBE)
DELETE /session/04479f662f981a76e2b11487d03fdf2d HTTP/1.1
User-Agent: selenium/4.1.2 (java windows)
Content-Type: application/json; charset=utf-8
host: localhost:62725
accept: */*

Response DefaultHttpResponse(decodeResult: success, version: HTTP/1.1)
HTTP/1.1 200 OK
Content-Type: application/json; charset=utf-8
cache-control: no-cache
content-length: 14

19:02:36.995 [AsyncHttpClient-1-6] DEBUG org.asynchttpclient.netty.channel.ChannelManager - Adding key: http://localhost:62725 for channel [id: 0x772df639, L:/127.0.0.1:52766 - R:localhost/127.0.0.1:62725]
19:02:37.065 [AsyncHttpClient-1-6] DEBUG org.asynchttpclient.netty.handler.HttpHandler - Channel Closed: [id: 0x772df639, L:/127.0.0.1:52766 ! R:localhost/127.0.0.1:62725] with attribute DISCARD
19:02:37.357 [AsyncHttpClient-1-1] DEBUG org.asynchttpclient.netty.channel.DefaultChannelPool - Entry count for : http://localhost:52767 : 1
19:02:37.357 [AsyncHttpClient-1-1] DEBUG org.asynchttpclient.netty.channel.DefaultChannelPool - Entry count for : http://localhost:62725 : 1
19:02:37.357 [AsyncHttpClient-1-1] DEBUG org.asynchttpclient.netty.channel.DefaultChannelPool - Adding Candidate expired Channel [id: 0xc32a414a, L:/127.0.0.1:52773 ! R:localhost/127.0.0.1:52767] isIdleTimeoutExpired=false isRemotelyClosed=true isTtlExpired=false
19:02:37.357 [AsyncHttpClient-1-1] DEBUG org.asynchttpclient.netty.channel.DefaultChannelPool - Closing Idle Channel [id: 0xc32a414a, L:/127.0.0.1:52773 ! R:localhost/127.0.0.1:52767]
19:02:37.357 [AsyncHttpClient-1-1] DEBUG org.asynchttpclient.netty.channel.DefaultChannelPool - Adding Candidate expired Channel [id: 0x772df639, L:/127.0.0.1:52766 ! R:localhost/127.0.0.1:62725] isIdleTimeoutExpired=false isRemotelyClosed=true isTtlExpired=false
19:02:37.357 [AsyncHttpClient-1-1] DEBUG org.asynchttpclient.netty.channel.DefaultChannelPool - Closing Idle Channel [id: 0x772df639, L:/127.0.0.1:52766 ! R:localhost/127.0.0.1:62725]
19:02:37.357 [AsyncHttpClient-1-1] DEBUG org.asynchttpclient.netty.channel.DefaultChannelPool - Closed 2 connections out of 2 in 0 ms
]]></system-out>
    <system-err><![CDATA[Starting ChromeDriver 101.0.4951.41 (93c720db8323b3ec10d056025ab95c23a31997c9-refs/branch-heads/4951@{#904}) on port 62725
Only local connections are allowed.
Please see https://chromedriver.chromium.org/security-considerations for suggestions on keeping ChromeDriver safe.
ChromeDriver was started successfully.
May 18, 2022 7:02:33 PM org.openqa.selenium.remote.ProtocolHandshake createSession
INFO: Detected dialect: W3C
May 18, 2022 7:02:33 PM org.openqa.selenium.devtools.CdpVersionFinder findNearestMatch
WARNING: Unable to find an exact match for CDP version 101, so returning the closest version found: 97
May 18, 2022 7:02:33 PM org.openqa.selenium.devtools.CdpVersionFinder findNearestMatch
INFO: Found CDP implementation for version 101 of 97
]]></system-err>
  </testcase>
</testsuite>